INFO - [♥] Lovely 0.7.1
INFO - [♥] Game directory is at "C:\\Program Files (x86)\\Steam\\steamapps\\common\\Balatro"
INFO - [♥] Writing logs to "C:\\Users\\Administrator\\AppData\\Roaming\\Balatro\\Mods\\lovely\\log"
INFO - [♥] Using mod directory at "C:\\Users\\Administrator\\AppData\\Roaming\\Balatro\\Mods"
INFO - [♥] Found .lovelyignore in 'SakashimaJoker', skipping it.
INFO - [♥] Cleaning up dumps directory at "C:\\Users\\Administrator\\AppData\\Roaming\\Balatro\\Mods\\lovely\\dump"
INFO - [♥] Initialization complete in 44ms
INFO - [♥] Applied 12 patches to 'main.lua'
INFO - [♥] Applied 5 patches to 'engine/controller.lua'
INFO - [♥] Applied 13 patches to 'back.lua'
INFO - [♥] Applied 6 patches to 'tag.lua'
INFO - [♥] Applied 1 patch to 'engine/moveable.lua'
INFO - [♥] Applied 2 patches to 'engine/sprite.lua'
INFO - [♥] Applied 2 patches to 'engine/animatedsprite.lua'
INFO - [♥] Applied 44 patches to 'functions/misc_functions.lua'
INFO - [♥] Applied 24 patches to 'game.lua'
INFO - [♥] Applied 1 patch to 'globals.lua'
INFO - [♥] Applied 3 patches to 'engine/ui.lua'
INFO - [♥] Applied 72 patches to 'functions/UI_definitions.lua'
INFO - [♥] Applied 39 patches to 'functions/state_events.lua'
INFO - [♥] Applied 86 patches to 'functions/common_events.lua'
INFO - [♥] Applied 38 patches to 'functions/button_callbacks.lua'
INFO - [♥] Applied 141 patches to 'card.lua'
INFO - [♥] Applied 6 patches to 'cardarea.lua'
INFO - [♥] Applied 30 patches to 'blind.lua'
INFO - [♥] Applied 2 patches to 'engine/text.lua'
INFO - [G] Failed to connect to the debug server
INFO - [G] 2025-03-04 14:33:40 :: DEBUG :: DebugConsole :: Steamodded Debug Socket started !
INFO - [♥] Applied 9 patches to 'engine/sound_manager.lua'
INFO - [♥] Applied 1 patch to 'engine/save_manager.lua'
INFO - [G] 2025-03-04 14:33:42 :: ERROR :: Loader :: Found invalid metadata JSON file at C:\Users\Administrator\AppData\Roaming\Balatro\Mods/.vscode/settings.json, ignoring: [SMODS _ "src/loader.lua"]:226: id
INFO - [G] 2025-03-04 14:33:42 :: TRACE :: Loader :: Processing Mod file (Legacy header): 0Bilitro.lua
INFO - [G] 2025-03-04 14:33:42 :: TRACE :: Loader :: Saving Mod Info: 0Bilitro
INFO - [G] 2025-03-04 14:33:42 :: ERROR :: Loader :: Found invalid metadata JSON file at C:\Users\Administrator\AppData\Roaming\Balatro\Mods/Aura/.vscode/settings.json, ignoring: [SMODS _ "src/loader.lua"]:226: id
INFO - [G] 2025-03-04 14:33:42 :: TRACE :: Loader :: Processing Mod file (Legacy header): Aura.lua
INFO - [G] 2025-03-04 14:33:42 :: TRACE :: Loader :: Saving Mod Info: Aura
INFO - [G] 2025-03-04 14:33:42 :: TRACE :: Loader :: Processing Mod file (Legacy header): PreorderCards.lua
INFO - [G] 2025-03-04 14:33:42 :: TRACE :: Loader :: Saving Mod Info: preorder_cards
INFO - [G] 2025-03-04 14:33:42 :: TRACE :: Loader :: Processing Mod file (Legacy header): SakashimaJoker.lua
INFO - [G] 2025-03-04 14:33:42 :: TRACE :: Loader :: Saving Mod Info: SakashimaJoker
INFO - [G] Picture dimensions: 138 x 186
INFO - [G] Number of animation frames: 8
INFO - [G] Comment inside this GIF: Created with Paint.NET
INFO - [G] Picture dimensions: 138 x 186
INFO - [G] Number of animation frames: 9
INFO - [G] Comment inside this GIF: Created with Paint.NET
INFO - [G] { ["Flush House"] = { ["order"] = 2,["l_mult"] = 4,["s_mult"] = 14,["evaluate"] = function: 0x33c38398,["visible"] = false,["played_this_round"] = 0,["original_key"] = Flush House,["mult"] = 14,["example"] = { [1] = { [1] = D_7,[2] = true,} ,[2] = { [1] = D_7,[2] = true,} ,[3] = { [1] = D_7,[2] = true,} ,[4] = { [1] = D_4,[2] = true,} ,[5] = { [1] = D_4,[2] = true,} ,} ,["prefix_config"] = { } ,["played"] = 0,["level"] = 1,["chips"] = 140,["l_chips"] = 40,["key"] = Flush House,["s_chips"] = 140,} ,["Full House"] = { ["order"] = 6,["l_mult"] = 2,["s_mult"] = 4,["evaluate"] = function: 0x33c890d8,["visible"] = true,["played_this_round"] = 0,["original_key"] = Full House,["mult"] = 4,["example"] = { [1] = { [1] = H_K,[2] = true,} ,[2] = { [1] = C_K,[2] = true,} ,[3] = { [1] = D_K,[2] = true,} ,[4] = { [1] = S_2,[2] = true,} ,[5] = { [1] = D_2,[2] = true,} ,} ,["prefix_config"] = { } ,["played"] = 0,["level"] = 1,["chips"] = 40,["l_chips"] = 25,["key"] = Full House,["s_chips"] = 40,} ,["Flush"] = { ["order"] = 7,["l_mult"] = 2,["s_mult"] = 4,["evaluate"] = function: 0x33c47b50,["visible"] = true,["played_this_round"] = 0,["original_key"] = Flush,["mult"] = 4,["example"] = { [1] = { [1] = H_A,[2] = true,} ,[2] = { [1] = H_K,[2] = true,} ,[3] = { [1] = H_T,[2] = true,} ,[4] = { [1] = H_5,[2] = true,} ,[5] = { [1] = H_4,[2] = true,} ,} ,["prefix_config"] = { } ,["played"] = 0,["level"] = 1,["chips"] = 35,["l_chips"] = 15,["key"] = Flush,["s_chips"] = 35,} ,["Pair"] = { ["order"] = 11,["l_mult"] = 1,["s_mult"] = 2,["evaluate"] = function: 0x33c4a3c0,["visible"] = true,["played_this_round"] = 0,["original_key"] = Pair,["mult"] = 2,["example"] = { [1] = { [1] = S_K,[2] = false,} ,[2] = { [1] = S_9,[2] = true,} ,[3] = { [1] = D_9,[2] = true,} ,[4] = { [1] = H_6,[2] = false,} ,[5] = { [1] = D_3,[2] = false,} ,} ,["prefix_config"] = { } ,["played"] = 0,["level"] = 1,["chips"] = 10,["l_chips"] = 15,["key"] = Pair,["s_chips"] = 10,} ,["High Card"] = { ["order"] = 12,["l_mult"] = 1,["s_mult"] = 1,["evaluate"] = function: 0x33caf738,["visible"] = true,["played_this_round"] = 0,["original_key"] = High Card,["mult"] = 1,["example"] = { [1] = { [1] = S_A,[2] = true,} ,[2] = { [1] = D_Q,[2] = false,} ,[3] = { [1] = D_9,[2] = false,} ,[4] = { [1] = C_4,[2] = false,} ,[5] = { [1] = D_3,[2] = false,} ,} ,["prefix_config"] = { } ,["played"] = 0,["level"] = 1,["chips"] = 5,["l_chips"] = 10,["key"] = High Card,["s_chips"] = 5,} ,["Straight Flush"] = { ["order"] = 4,["l_mult"] = 4,["s_mult"] = 8,["evaluate"] = function: 0x33c5fce0,["visible"] = true,["played_this_round"] = 0,["original_key"] = Straight Flush,["mult"] = 8,["example"] = { [1] = { [1] = S_Q,[2] = true,} ,[2] = { [1] = S_J,[2] = true,} ,[3] = { [1] = S_T,[2] = true,} ,[4] = { [1] = S_9,[2] = true,} ,[5] = { [1] = S_8,[2] = true,} ,} ,["prefix_config"] = { } ,["played"] = 0,["level"] = 1,["chips"] = 100,["l_chips"] = 40,["key"] = Straight Flush,["s_chips"] = 100,} ,["Straight"] = { ["order"] = 8,["l_mult"] = 3,["s_mult"] = 4,["evaluate"] = function: 0x33c88258,["visible"] = true,["played_this_round"] = 0,["original_key"] = Straight,["mult"] = 4,["example"] = { [1] = { [1] = D_J,[2] = true,} ,[2] = { [1] = C_T,[2] = true,} ,[3] = { [1] = C_9,[2] = true,} ,[4] = { [1] = S_8,[2] = true,} ,[5] = { [1] = H_7,[2] = true,} ,} ,["prefix_config"] = { } ,["played"] = 0,["level"] = 1,["chips"] = 30,["l_chips"] = 30,["key"] = Straight,["s_chips"] = 30,} ,["Two Pair"] = { ["order"] = 10,["l_mult"] = 1,["s_mult"] = 2,["evaluate"] = function: 0x339ee008,["visible"] = true,["played_this_round"] = 0,["original_key"] = Two Pair,["mult"] = 2,["example"] = { [1] = { [1] = H_A,[2] = true,} ,[2] = { [1] = D_A,[2] = true,} ,[3] = { [1] = C_Q,[2] = false,} ,[4] = { [1] = H_4,[2] = true,} ,[5] = { [1] = C_4,[2] = true,} ,} ,["prefix_config"] = { } ,["played"] = 0,["level"] = 1,["chips"] = 20,["l_chips"] = 20,["key"] = Two Pair,["s_chips"] = 20,} ,["Flush Five"] = { ["order"] = 1,["l_mult"] = 3,["s_mult"] = 16,["evaluate"] = function: 0x33c4c668,["visible"] = false,["played_this_round"] = 0,["original_key"] = Flush Five,["mult"] = 16,["example"] = { [1] = { [1] = S_A,[2] = true,} ,[2] = { [1] = S_A,[2] = true,} ,[3] = { [1] = S_A,[2] = true,} ,[4] = { [1] = S_A,[2] = true,} ,[5] = { [1] = S_A,[2] = true,} ,} ,["prefix_config"] = { } ,["played"] = 0,["level"] = 1,["chips"] = 160,["l_chips"] = 50,["key"] = Flush Five,["s_chips"] = 160,} ,["Five of a Kind"] = { ["order"] = 3,["l_mult"] = 3,["s_mult"] = 12,["evaluate"] = function: 0x33c90788,["visible"] = false,["played_this_round"] = 0,["original_key"] = Five of a Kind,["mult"] = 12,["example"] = { [1] = { [1] = S_A,[2] = true,} ,[2] = { [1] = H_A,[2] = true,} ,[3] = { [1] = H_A,[2] = true,} ,[4] = { [1] = C_A,[2] = true,} ,[5] = { [1] = D_A,[2] = true,} ,} ,["prefix_config"] = { } ,["played"] = 0,["level"] = 1,["chips"] = 120,["l_chips"] = 35,["key"] = Five of a Kind,["s_chips"] = 120,} ,["Three of a Kind"] = { ["order"] = 9,["l_mult"] = 2,["s_mult"] = 3,["evaluate"] = function: 0x33cb6638,["visible"] = true,["played_this_round"] = 0,["original_key"] = Three of a Kind,["mult"] = 3,["example"] = { [1] = { [1] = S_T,[2] = true,} ,[2] = { [1] = C_T,[2] = true,} ,[3] = { [1] = D_T,[2] = true,} ,[4] = { [1] = H_6,[2] = false,} ,[5] = { [1] = D_5,[2] = false,} ,} ,["prefix_config"] = { } ,["played"] = 0,["level"] = 1,["chips"] = 30,["l_chips"] = 20,["key"] = Three of a Kind,["s_chips"] = 30,} ,["Four of a Kind"] = { ["order"] = 5,["l_mult"] = 3,["s_mult"] = 7,["evaluate"] = function: 0x33d151b8,["visible"] = true,["played_this_round"] = 0,["original_key"] = Four of a Kind,["mult"] = 7,["example"] = { [1] = { [1] = S_J,[2] = true,} ,[2] = { [1] = H_J,[2] = true,} ,[3] = { [1] = C_J,[2] = true,} ,[4] = { [1] = D_J,[2] = true,} ,[5] = { [1] = C_3,[2] = false,} ,} ,["prefix_config"] = { } ,["played"] = 0,["level"] = 1,["chips"] = 60,["l_chips"] = 30,["key"] = Four of a Kind,["s_chips"] = 60,} ,} 
INFO - [G] 2025-03-04 14:33:42 :: TRACE :: Loader :: Mod SakashimaJoker was unable to load: 
INFO - [G] 2025-03-04 14:33:42 :: INFO  :: TIMER :: [0000] Injected Language in 0.001 ms
INFO - [G] 2025-03-04 14:33:42 :: INFO  :: TIMER :: [0000] Injected [INTERNAL] in 0.901 ms
INFO - [G] mod_tags
INFO - [G] achievements
INFO - [G] aura_j_joker
INFO - [G] aura_j_greedy_joker
INFO - [G] aura_j_lusty_joker
INFO - [G] aura_j_wrathful_joker
INFO - [G] aura_j_gluttenous_joker
INFO - [G] aura_j_dusk
INFO - [G] aura_j_raised_fist
INFO - [G] aura_j_hack
INFO - [G] aura_j_scholar
INFO - [G] aura_j_blackboard
INFO - [G] aura_j_sixth_sense
INFO - [G] aura_j_sixth_sense_extra
INFO - [G] aura_j_constellation
INFO - [G] aura_j_faceless
INFO - [G] aura_j_todo_list
INFO - [G] aura_j_red_card
INFO - [G] aura_j_square
INFO - [G] aura_j_riff_raff
INFO - [G] aura_j_vagabond
INFO - [G] aura_j_photograph
INFO - [G] aura_j_to_the_moon
INFO - [G] aura_j_juggler
INFO - [G] aura_j_flash
INFO - [G] aura_j_trousers
INFO - [G] aura_j_castle
INFO - [G] aura_j_castle_extra
INFO - [G] aura_j_flower_pot
INFO - [G] aura_j_blueprint
INFO - [G] aura_j_wee
INFO - [G] aura_j_brainstorm
INFO - [G] aura_j_astronomer
INFO - [G] 2025-03-04 14:33:43 :: INFO  :: TIMER :: [0033] Injected Atlas in 1288.620 ms
INFO - [G] 2025-03-04 14:33:43 :: INFO  :: TIMER :: [0053] Injected Sound in 4.718 ms
INFO - [G] 2025-03-04 14:33:43 :: INFO  :: TIMER :: [0008] Injected Stake in 0.189 ms
INFO - [G] 2025-03-04 14:33:43 :: INFO  :: TIMER :: [0004] Injected Rarity in 0.016 ms
INFO - [G] 2025-03-04 14:33:43 :: INFO  :: TIMER :: [0004] Injected ObjectType in 0.028 ms
INFO - [G] 2025-03-04 14:33:43 :: INFO  :: TIMER :: [0198] Injected Center in 2.181 ms
INFO - [G] 2025-03-04 14:33:43 :: INFO  :: TIMER :: [0007] Injected Undiscovered Sprite in 0.013 ms
INFO - [G] 2025-03-04 14:33:43 :: INFO  :: TIMER :: [0002] Injected Blind in 0.013 ms
INFO - [G] 2025-03-04 14:33:43 :: INFO  :: TIMER :: [0004] Injected Seal in 0.132 ms
INFO - [G] 2025-03-04 14:33:43 :: INFO  :: TIMER :: [0004] Injected Suit in 0.084 ms
INFO - [G] 2025-03-04 14:33:43 :: INFO  :: TIMER :: [0013] Injected Rank in 0.086 ms
INFO - [G] 2025-03-04 14:33:43 :: INFO  :: TIMER :: [0028] Injected DeckSkin in 0.329 ms
INFO - [G] 2025-03-04 14:33:43 :: INFO  :: TIMER :: [0012] Injected PokerHand in 0.062 ms
INFO - [G] 2025-03-04 14:33:43 :: INFO  :: TIMER :: [0020] Injected Challenge in 0.065 ms
INFO - [G] 2025-03-04 14:33:43 :: INFO  :: TIMER :: [0000] Injected Tag in 0.002 ms
INFO - [G] 2025-03-04 14:33:43 :: INFO  :: TIMER :: [0004] Injected Sticker in 0.411 ms
INFO - [G] 2025-03-04 14:33:43 :: INFO  :: TIMER :: [0000] Injected Shader in 0.002 ms
INFO - [G] 2025-03-04 14:33:43 :: INFO  :: TIMER :: [0001] Injected Keybind in 0.012 ms
INFO - [G] 2025-03-04 14:33:43 :: INFO  :: TIMER :: [0000] Injected Achievement in 0.038 ms
INFO - [G] 2025-03-04 14:33:43 :: INFO  :: TIMER :: [0000] Injected [INTERNAL] in 0.706 ms
