INFO - [♥] Lovely 0.7.1
INFO - [♥] Game directory is at "C:\\Program Files (x86)\\Steam\\steamapps\\common\\Balatro"
INFO - [♥] Writing logs to "C:\\Users\\Administrator\\AppData\\Roaming\\Balatro\\Mods\\lovely\\log"
INFO - [♥] Using mod directory at "C:\\Users\\Administrator\\AppData\\Roaming\\Balatro\\Mods"
INFO - [♥] Found .lovelyignore in 'Aura', skipping it.
INFO - [♥] Found .lovelyignore in 'Balustro', skipping it.
INFO - [♥] Found .lovelyignore in 'SakashimaJoker', skipping it.
INFO - [♥] Cleaning up dumps directory at "C:\\Users\\Administrator\\AppData\\Roaming\\Balatro\\Mods\\lovely\\dump"
INFO - [♥] Initialization complete in 830ms
WARN - [♥] Pattern 'ϖ' on target 'conf.lua' for pattern patch from 0Bullitro\lovely\numbers.toml resulted in no matches
INFO - [♥] Applied 0 patches to 'conf.lua'
INFO - [♥] Applied 13 patches to 'main.lua'
WARN - [♥] Pattern 'ϖ' on target 'engine/object.lua' for pattern patch from 0Bullitro\lovely\numbers.toml resulted in no matches
INFO - [♥] Applied 4 patches to 'engine/object.lua'
WARN - [♥] Pattern 'ϖ' on target 'engine/string_packer.lua' for pattern patch from 0Bullitro\lovely\numbers.toml resulted in no matches
INFO - [♥] Applied 0 patches to 'engine/string_packer.lua'
INFO - [♥] Applied 7 patches to 'engine/controller.lua'
INFO - [♥] Applied 14 patches to 'back.lua'
INFO - [♥] Applied 7 patches to 'tag.lua'
WARN - [♥] Pattern 'ϖ' on target 'engine/event.lua' for pattern patch from 0Bullitro\lovely\numbers.toml resulted in no matches
WARN - [♥] Pattern '--Class' on target 'engine/event.lua' for pattern patch from 0Bullitro\lovely\numbers.toml resulted in 2 matches, wanted 1
WARN - [♥] Ignoring excess matches
WARN - [♥] Pattern '--Class Methods' on target 'engine/event.lua' for pattern patch from 0Bullitro\lovely\numbers.toml resulted in 2 matches, wanted 1
WARN - [♥] Ignoring excess matches
INFO - [♥] Applied 3 patches to 'engine/event.lua'
WARN - [♥] Pattern 'ϖ' on target 'engine/node.lua' for pattern patch from 0Bullitro\lovely\numbers.toml resulted in no matches
INFO - [♥] Applied 2 patches to 'engine/node.lua'
INFO - [♥] Applied 5 patches to 'engine/moveable.lua'
INFO - [♥] Applied 2 patches to 'engine/sprite.lua'
INFO - [♥] Applied 2 patches to 'engine/animatedsprite.lua'
INFO - [♥] Applied 42 patches to 'functions/misc_functions.lua'
INFO - [♥] Applied 27 patches to 'game.lua'
INFO - [♥] Applied 1 patch to 'globals.lua'
WARN - [♥] Pattern '--Class' on target 'engine/ui.lua' for pattern patch from 0Bullitro\lovely\numbers.toml resulted in 2 matches, wanted 1
WARN - [♥] Ignoring excess matches
INFO - [♥] Applied 8 patches to 'engine/ui.lua'
INFO - [♥] Applied 73 patches to 'functions/UI_definitions.lua'
INFO - [♥] Applied 40 patches to 'functions/state_events.lua'
INFO - [♥] Applied 87 patches to 'functions/common_events.lua'
INFO - [♥] Applied 39 patches to 'functions/button_callbacks.lua'
WARN - [♥] Pattern 'ϖ' on target 'functions/test_functions.lua' for pattern patch from 0Bullitro\lovely\numbers.toml resulted in no matches
INFO - [♥] Applied 0 patches to 'functions/test_functions.lua'
INFO - [♥] Applied 147 patches to 'card.lua'
INFO - [♥] Applied 7 patches to 'cardarea.lua'
INFO - [♥] Applied 31 patches to 'blind.lua'
WARN - [♥] Pattern 'ϖ' on target 'card_character.lua' for pattern patch from 0Bullitro\lovely\numbers.toml resulted in no matches
INFO - [♥] Applied 0 patches to 'card_character.lua'
WARN - [♥] Pattern 'ϖ' on target 'engine/particles.lua' for pattern patch from 0Bullitro\lovely\numbers.toml resulted in no matches
INFO - [♥] Applied 0 patches to 'engine/particles.lua'
INFO - [♥] Applied 3 patches to 'engine/text.lua'
WARN - [♥] Pattern 'ϖ' on target 'challenges.lua' for pattern patch from 0Bullitro\lovely\numbers.toml resulted in no matches
WARN - [♥] Pattern 'ϖ' on target 'challenges.lua' for pattern patch from 0Bullitro\lovely\numbers.toml resulted in no matches
INFO - [♥] Applied 0 patches to 'challenges.lua'
INFO - [G] Failed to connect to the debug server
INFO - [G] 2025-03-20 12:57:13 :: DEBUG :: DebugConsole :: Steamodded Debug Socket started !
INFO - [♥] Applied 10 patches to 'engine/sound_manager.lua'
INFO - [♥] Applied 1 patch to 'engine/save_manager.lua'
WARN - [♥] Pattern 'ϖ' on target 'engine/object.lua' for pattern patch from 0Bullitro\lovely\numbers.toml resulted in no matches
INFO - [♥] Applied 4 patches to 'engine/object.lua'
WARN - [♥] Pattern 'ϖ' on target 'engine/string_packer.lua' for pattern patch from 0Bullitro\lovely\numbers.toml resulted in no matches
INFO - [♥] Applied 0 patches to 'engine/string_packer.lua'
INFO - [G] 2025-03-20 12:57:28 :: ERROR :: Loader :: Found invalid metadata JSON file at C:\Users\Administrator\AppData\Roaming\Balatro\Mods/.vscode/settings.json, ignoring: [SMODS _ "src/loader.lua"]:226: id
INFO - [G] 2025-03-20 12:57:28 :: INFO  :: DefaultLogger :: Valid JSON file found
INFO - [G] 2025-03-20 12:57:29 :: ERROR :: Loader :: Found invalid metadata JSON file at C:\Users\Administrator\AppData\Roaming\Balatro\Mods/Aura/.vscode/settings.json, ignoring: [SMODS _ "src/loader.lua"]:226: id
INFO - [G] 2025-03-20 12:57:29 :: TRACE :: Loader :: Processing Mod file (Legacy header): Aura.lua
INFO - [G] 2025-03-20 12:57:29 :: TRACE :: Loader :: Saving Mod Info: Aura
INFO - [G] 2025-03-20 12:57:29 :: TRACE :: Loader :: Processing Mod file (Legacy header): PreorderCards.lua
INFO - [G] 2025-03-20 12:57:29 :: TRACE :: Loader :: Saving Mod Info: preorder_cards
INFO - [G] 2025-03-20 12:57:29 :: INFO  :: DefaultLogger :: Valid JSON file found
INFO - [G] 2025-03-20 12:57:29 :: INFO  :: DefaultLogger :: Valid JSON file found
INFO - [G] 2025-03-20 12:57:29 :: TRACE :: Loader :: Processing Mod file (Legacy header): HentaiCards.lua
INFO - [G] 2025-03-20 12:57:29 :: WARN  :: Loader :: Duplicate Mod ID: HentaiCards
INFO - [G] 2025-03-20 12:57:29 :: TRACE :: Loader :: Processing Mod file (Legacy header): SakashimaJoker.lua
INFO - [G] 2025-03-20 12:57:29 :: TRACE :: Loader :: Saving Mod Info: SakashimaJoker
INFO - [G] 2025-03-20 12:57:29 :: INFO  :: DefaultLogger :: Valid JSON file found
INFO - [G] 2025-03-20 12:57:29 :: TRACE :: Loader :: Processing Mod file (Legacy header): VintagePinupCards.lua
INFO - [G] 2025-03-20 12:57:29 :: TRACE :: Loader :: Saving Mod Info: VintagePinupCards
INFO - [G] 2025-03-20 12:57:30 :: TRACE :: Loader :: Processing Mod file (Legacy header): keyboard_dorkdad.lua
INFO - [G] 2025-03-20 12:57:30 :: TRACE :: Loader :: Saving Mod Info: keyboard_dorkdad
INFO - [G] 2025-03-20 12:57:30 :: TRACE :: Loader :: Mod Balustro was unable to load: 
INFO - [G] 2025-03-20 12:57:30 :: TRACE :: Loader :: Mod Aura was unable to load: 
INFO - [G] soul_atlas
INFO - [G] 2025-03-20 12:57:30 :: TRACE :: Loader :: Mod SakashimaJoker was unable to load: 
INFO - [G] 2025-03-20 12:57:30 :: INFO  :: TIMER :: [0000] Injected Language in 0.001 ms
INFO - [G] 2025-03-20 12:57:30 :: INFO  :: TIMER :: [0000] Injected [INTERNAL] in 44.350 ms
INFO - [G] mod_tags
INFO - [G] achievements
INFO - [G] bull_wide_card
INFO - [G] bull_carper_card
INFO - [G] bull_Jokers-bean
INFO - [G] bull_Jokers-ice cream
INFO - [G] bull_Jokers-popcorn
INFO - [G] bull_Jokers-ramen
INFO - [G] bull_Jokers-green guy
INFO - [G] FHC_hentai_cards_deck_lc
INFO - [G] FHC_hentai_cards_deck_hc
INFO - [G] centers
INFO - [G] Tarot
INFO - [G] Planet
INFO - [G] Spectral
INFO - [G] soul_atlas
INFO - [G] StickfaceNSFW_8BitDeck_opt2
INFO - [G] StickfaceNSFW_8BitDeck
INFO - [G] StickfaceNSFW_icon_lc
INFO - [G] StickfaceNSFW_icon_hc
INFO - [G] vintage_pinup_cards
INFO - [G] 2025-03-20 12:57:31 :: INFO  :: TIMER :: [0021] Injected Atlas in 1558.019 ms
INFO - [G] 2025-03-20 12:57:31 :: INFO  :: TIMER :: [0001] Injected Sound in 35.682 ms
INFO - [G] 2025-03-20 12:57:31 :: INFO  :: TIMER :: [0008] Injected Stake in 0.138 ms
INFO - [G] 2025-03-20 12:57:31 :: INFO  :: TIMER :: [0004] Injected Rarity in 0.016 ms
INFO - [G] 2025-03-20 12:57:31 :: INFO  :: TIMER :: [0004] Injected ObjectType in 0.088 ms
INFO - [G] 2025-03-20 12:57:32 :: INFO  :: TIMER :: [0056] Injected Center in 0.605 ms
INFO - [G] 2025-03-20 12:57:32 :: INFO  :: TIMER :: [0007] Injected Undiscovered Sprite in 0.014 ms
INFO - [G] 2025-03-20 12:57:32 :: INFO  :: TIMER :: [0002] Injected Blind in 0.013 ms
INFO - [G] 2025-03-20 12:57:32 :: INFO  :: TIMER :: [0004] Injected Seal in 0.128 ms
INFO - [G] 2025-03-20 12:57:32 :: INFO  :: TIMER :: [0004] Injected Suit in 0.179 ms
INFO - [G] 2025-03-20 12:57:32 :: INFO  :: TIMER :: [0013] Injected Rank in 0.120 ms
INFO - [G] 2025-03-20 12:57:32 :: INFO  :: TIMER :: [0040] Injected DeckSkin in 0.275 ms
INFO - [G] 2025-03-20 12:57:32 :: INFO  :: TIMER :: [0012] Injected PokerHand in 0.062 ms
INFO - [G] 2025-03-20 12:57:32 :: INFO  :: TIMER :: [0020] Injected Challenge in 0.023 ms
INFO - [G] 2025-03-20 12:57:32 :: INFO  :: TIMER :: [0000] Injected Tag in 0.002 ms
INFO - [G] 2025-03-20 12:57:32 :: INFO  :: TIMER :: [0004] Injected Sticker in 0.069 ms
INFO - [G] 2025-03-20 12:57:32 :: INFO  :: TIMER :: [0000] Injected Shader in 0.001 ms
INFO - [G] 2025-03-20 12:57:32 :: INFO  :: TIMER :: [0001] Injected Keybind in 0.008 ms
INFO - [G] 2025-03-20 12:57:32 :: INFO  :: TIMER :: [0000] Injected Achievement in 0.049 ms
INFO - [G] 2025-03-20 12:57:32 :: INFO  :: TIMER :: [0000] Injected [INTERNAL] in 1.163 ms
INFO - [G] LONG DT @ 0: 0.082484412612795
INFO - [G] LONG DT @ 12: 0.069450470090236
INFO - [G] LONG DT @ 12: 0.05618455607219
INFO - [G] LONG DT @ 18: 0.05076042080034
INFO - [G] LONG DT @ 41: 0.1
INFO - [G] LONG DT @ 41: 0.081231100000001
INFO - [G] LONG DT @ 41: 0.065982159999999
INFO - [G] LONG DT @ 41: 0.055676668
INFO - [G] LONG DT @ 42: 0.1
INFO - [G] LONG DT @ 42: 0.08107404
INFO - [G] LONG DT @ 43: 0.065808591999999
INFO - [G] LONG DT @ 43: 0.055380133600001
INFO - [G] LONG DT @ 1962: 0.050536379191572
INFO - [G] LONG DT @ 2118: 0.073108171735872
INFO - [G] LONG DT @ 2118: 0.062513397388674
INFO - [G] LONG DT @ 2118: 0.05184351791095
INFO - [G] LONG DT @ 2211: 0.057754229211035
INFO - [G] LONG DT @ 2262: 0.064662156767118
INFO - [G] LONG DT @ 2262: 0.053335065413663
INFO - [G] LONG DT @ 2338: 0.051388127723982
INFO - [G] LONG DT @ 2384: 0.053500497076055
INFO - [G] LONG DT @ 2393: 0.053617083841701
INFO - [G] LONG DT @ 2400: 0.052149916212667
INFO - [G] LONG DT @ 2403: 0.052064222632732
INFO - [G] LONG DT @ 2462: 0.055561395570997
INFO - [G] LONG DT @ 2465: 0.05070997923465
INFO - [G] LONG DT @ 2516: 0.054475738670887
INFO - [G] LONG DT @ 2520: 0.057335779914837
INFO - [G] LONG DT @ 2523: 0.050753202485055
INFO - [G] LONG DT @ 2526: 0.052556622897174
INFO - [G] LONG DT @ 2529: 0.050865897528756
INFO - [G] LONG DT @ 2533: 0.052187569185973
INFO - [G] LONG DT @ 2536: 0.052694634524967
INFO - [G] LONG DT @ 2588: 0.053406472952474
INFO - [G] LONG DT @ 2588: 0.052515718361974
INFO - [G] LONG DT @ 2591: 0.060177668975831
INFO - [G] LONG DT @ 2591: 0.050229655180651
INFO - [G] LONG DT @ 2595: 0.054054805224562
INFO - [G] LONG DT @ 2598: 0.052913307993276
INFO - [G] LONG DT @ 2602: 0.051307782342968
INFO - [G] LONG DT @ 2605: 0.051484864098505
INFO - [G] LONG DT @ 2626: 0.050101418837779
INFO - [G] LONG DT @ 2645: 0.051135211450124
INFO - [G] LONG DT @ 2649: 0.060198091191947
INFO - [G] LONG DT @ 2649: 0.050137252953548
INFO - [G] LONG DT @ 2652: 0.057125343192584
INFO - [G] LONG DT @ 2656: 0.056238723368546
INFO - [G] LONG DT @ 2656: 0.05440067869476
INFO - [G] LONG DT @ 2663: 0.058466873761201
INFO - [G] LONG DT @ 2663: 0.05062643900903
INFO - [G] LONG DT @ 2666: 0.057676098295584
INFO - [G] LONG DT @ 2669: 0.053608409097172
INFO - [G] LONG DT @ 2673: 0.051561992093297
INFO - [G] LONG DT @ 2676: 0.052593875772871
INFO - [G] LONG DT @ 2685: 0.052208055218432
INFO - [G] LONG DT @ 2689: 0.050940939277193
INFO - [G] LONG DT @ 2695: 0.050843028617055
INFO - [G] LONG DT @ 2702: 0.053195156381262
INFO - [G] LONG DT @ 2705: 0.05257528153048
INFO - [G] LONG DT @ 2708: 0.052258399694409
INFO - [G] LONG DT @ 2712: 0.051429803931658
INFO - [G] LONG DT @ 2725: 0.053324975460861
INFO - [G] LONG DT @ 2728: 0.051143273784125
INFO - [G] LONG DT @ 2738: 0.052877502816857
INFO - [G] LONG DT @ 2741: 0.055772107574466
INFO - [G] LONG DT @ 2745: 0.058059901446237
INFO - [G] LONG DT @ 2748: 0.054786128288107
INFO - [G] LONG DT @ 2752: 0.054709898715784
INFO - [G] LONG DT @ 2755: 0.052885028883063
INFO - [G] LONG DT @ 2758: 0.052742773479443
INFO - [G] LONG DT @ 2762: 0.057210167398392
INFO - [G] LONG DT @ 2765: 0.058513773129871
INFO - [G] LONG DT @ 2769: 0.055379811496488
INFO - [G] LONG DT @ 2772: 0.052704326307074
INFO - [G] LONG DT @ 2779: 0.050874989839458
INFO - [G] LONG DT @ 2785: 0.054275123049218
INFO - [G] LONG DT @ 2811: 0.053341465599999
INFO - [G] LONG DT @ 2815: 0.050530162797806
INFO - [G] LONG DT @ 2821: 0.052155756518699
INFO - [G] LONG DT @ 2825: 0.05090776147781
INFO - [G] LONG DT @ 2828: 0.050091193735584
INFO - [G] LONG DT @ 2831: 0.053079890678089
INFO - [G] LONG DT @ 2851: 0.055269666404673
INFO - [G] LONG DT @ 2864: 0.058495522356365
INFO - [G] LONG DT @ 2868: 0.065590303735635
INFO - [G] LONG DT @ 2868: 0.054463002988498
INFO - [G] LONG DT @ 2871: 0.054270355939611
INFO - [G] LONG DT @ 2875: 0.061716036665224
INFO - [G] LONG DT @ 2875: 0.051922849332214
INFO - [G] LONG DT @ 2879: 0.062709201353467
INFO - [G] LONG DT @ 2879: 0.052454721082765
INFO - [G] LONG DT @ 2882: 0.069908419674249
INFO - [G] LONG DT @ 2882: 0.058242215739415
INFO - [G] LONG DT @ 2886: 0.066505729314145
INFO - [G] LONG DT @ 2886: 0.05542688345131
INFO - [G] LONG DT @ 2890: 0.063440901116094
INFO - [G] LONG DT @ 2890: 0.05300820089286
INFO - [G] LONG DT @ 2891: 0.070006047902982
INFO - [G] LONG DT @ 2891: 0.057828358322402
INFO - [G] LONG DT @ 2894: 0.066896426080856
INFO - [G] LONG DT @ 2894: 0.055724060864711
INFO - [G] LONG DT @ 2898: 0.066102679812925
INFO - [G] LONG DT @ 2898: 0.054688963850341
INFO - [G] LONG DT @ 2902: 0.061902876185227
INFO - [G] LONG DT @ 2902: 0.05158760094814
INFO - [G] LONG DT @ 2905: 0.056902733091728
INFO - [G] LONG DT @ 2909: 0.064041486395259
INFO - [G] LONG DT @ 2909: 0.053442989116244
INFO - [G] LONG DT @ 2913: 0.066717626519492
INFO - [G] LONG DT @ 2913: 0.057555301215542
INFO - [G] LONG DT @ 2914: 0.069724391173421
INFO - [G] LONG DT @ 2914: 0.057509952938765
INFO - [G] LONG DT @ 2917: 0.065165395848021
INFO - [G] LONG DT @ 2917: 0.05457513667845
INFO - [G] LONG DT @ 2921: 0.06228275931453
INFO - [G] LONG DT @ 2921: 0.051591027451595
INFO - [G] LONG DT @ 2925: 0.064516013137653
INFO - [G] LONG DT @ 2925: 0.053259410510126
INFO - [G] LONG DT @ 2929: 0.056801929711673
INFO - [G] LONG DT @ 2933: 0.058394304892724
INFO - [G] LONG DT @ 2937: 0.058883480270291
INFO - [G] LONG DT @ 2941: 0.060401845768272
INFO - [G] LONG DT @ 2941: 0.051099316614617
INFO - [G] LONG DT @ 2945: 0.057793758384514
INFO - [G] LONG DT @ 2949: 0.061255401490226
INFO - [G] LONG DT @ 2949: 0.051842021192144
INFO - [G] LONG DT @ 2953: 0.056991474619259
INFO - [G] LONG DT @ 2957: 0.058482151623124
INFO - [G] LONG DT @ 2961: 0.058138469707163
INFO - [G] LONG DT @ 2966: 0.058785046183791
INFO - [G] LONG DT @ 2970: 0.061217670473992
INFO - [G] LONG DT @ 2970: 0.052118956379228
INFO - [G] LONG DT @ 2974: 0.057485232351624
INFO - [G] LONG DT @ 2978: 0.056022587316379
INFO - [G] LONG DT @ 2982: 0.057757889600065
INFO - [G] LONG DT @ 2985: 0.060218562278343
INFO - [G] LONG DT @ 2985: 0.052014169822626
INFO - [G] LONG DT @ 2989: 0.068334130283734
INFO - [G] LONG DT @ 2989: 0.056830464227042
INFO - [G] LONG DT @ 2993: 0.068742008750054
INFO - [G] LONG DT @ 2993: 0.05771024700006
INFO - [G] LONG DT @ 2997: 0.06871386734986
INFO - [G] LONG DT @ 2997: 0.057604553879813
INFO - [G] LONG DT @ 3000: 0.070494954165635
INFO - [G] LONG DT @ 3001: 0.060434923332488
INFO - [G] LONG DT @ 3001: 0.05107665866604
INFO - [G] LONG DT @ 3004: 0.065422480176994
INFO - [G] LONG DT @ 3005: 0.055132924141562
INFO - [G] LONG DT @ 3008: 0.06855191375995
INFO - [G] LONG DT @ 3009: 0.057219011007955
INFO - [G] LONG DT @ 3012: 0.067717140009529
INFO - [G] LONG DT @ 3012: 0.056317092007584
INFO - [G] LONG DT @ 3016: 0.067430798670345
INFO - [G] LONG DT @ 3016: 0.056118398936281
INFO - [G] LONG DT @ 3020: 0.072028278036381
INFO - [G] LONG DT @ 3020: 0.062621642429028
INFO - [G] LONG DT @ 3021: 0.052219933943268
INFO - [G] LONG DT @ 3025: 0.066829715849902
INFO - [G] LONG DT @ 3025: 0.055889692679872
INFO - [G] LONG DT @ 3029: 0.067573234131802
INFO - [G] LONG DT @ 3029: 0.056416387305469
INFO - [G] LONG DT @ 3033: 0.063731615735904
INFO - [G] LONG DT @ 3033: 0.053239192588774
INFO - [G] LONG DT @ 3037: 0.067320858574355
INFO - [G] LONG DT @ 3037: 0.056545226859447
INFO - [G] LONG DT @ 3041: 0.065528416474416
INFO - [G] LONG DT @ 3041: 0.054331873179485
INFO - [G] LONG DT @ 3046: 0.066818211592234
INFO - [G] LONG DT @ 3046: 0.056456689273716
INFO - [G] LONG DT @ 3050: 0.064872933909819
INFO - [G] LONG DT @ 3050: 0.05376526712783
INFO - [G] LONG DT @ 3054: 0.063992066188924
INFO - [G] LONG DT @ 3054: 0.053593732951146
INFO - [G] LONG DT @ 3058: 0.066590996329328
INFO - [G] LONG DT @ 3058: 0.055213717063478
INFO - [G] LONG DT @ 3062: 0.064907452693284
INFO - [G] LONG DT @ 3062: 0.054735762154605
INFO - [G] LONG DT @ 3066: 0.068492747066977
INFO - [G] LONG DT @ 3067: 0.058559177653541
INFO - [G] LONG DT @ 3071: 0.066526986881324
INFO - [G] LONG DT @ 3071: 0.055173829505142
INFO - [G] LONG DT @ 3075: 0.065431708057497
INFO - [G] LONG DT @ 3075: 0.05416792644598
INFO - [G] LONG DT @ 3079: 0.067914302893565
INFO - [G] LONG DT @ 3079: 0.056643982314855
INFO - [G] LONG DT @ 3084: 0.064011692822969
INFO - [G] LONG DT @ 3084: 0.053121394258309
INFO - [G] LONG DT @ 3088: 0.061716706078098
INFO - [G] LONG DT @ 3088: 0.051293284862478
INFO - [G] LONG DT @ 3092: 0.074754029222928
INFO - [G] LONG DT @ 3092: 0.064876943378361
INFO - [G] LONG DT @ 3092: 0.054235074702645
INFO - [G] LONG DT @ 3096: 0.066985003263959
INFO - [G] LONG DT @ 3096: 0.055374622611152
INFO - [G] LONG DT @ 3101: 0.059902444487827
INFO - [G] LONG DT @ 3105: 0.062323942851244
INFO - [G] LONG DT @ 3105: 0.052238574281029
INFO - [G] LONG DT @ 3109: 0.073791005911263
INFO - [G] LONG DT @ 3109: 0.063330024729
INFO - [G] LONG DT @ 3109: 0.053860559783244
INFO - [G] LONG DT @ 3113: 0.07130119644287
INFO - [G] LONG DT @ 3113: 0.05978693715435
INFO - [G] LONG DT @ 3117: 0.068118969537787
INFO - [G] LONG DT @ 3117: 0.056380655630194
INFO - [G] LONG DT @ 3121: 0.061465192876971
INFO - [G] LONG DT @ 3121: 0.051798634301557
INFO - [G] LONG DT @ 3125: 0.066908531535682
INFO - [G] LONG DT @ 3125: 0.055458925228522
INFO - [G] LONG DT @ 3129: 0.06845673591922
INFO - [G] LONG DT @ 3129: 0.057489448735412
INFO - [G] LONG DT @ 3133: 0.077520235315846
INFO - [G] LONG DT @ 3133: 0.065136948252678
INFO - [G] LONG DT @ 3133: 0.055031878602068
INFO - [G] LONG DT @ 3137: 0.077555075656447
INFO - [G] LONG DT @ 3137: 0.066118040525133
INFO - [G] LONG DT @ 3137: 0.055872752420072
INFO - [G] LONG DT @ 3141: 0.079516584864027
INFO - [G] LONG DT @ 3141: 0.067321207891226
INFO - [G] LONG DT @ 3141: 0.057087886312968
INFO - [G] LONG DT @ 3145: 0.073291574892016
INFO - [G] LONG DT @ 3145: 0.064147379913656
INFO - [G] LONG DT @ 3145: 0.053974423930907
INFO - [G] LONG DT @ 3150: 0.072632181510594
INFO - [G] LONG DT @ 3150: 0.060305685208557
INFO - [G] LONG DT @ 3150: 0.050285968166778
INFO - [G] LONG DT @ 3154: 0.07316837462941
INFO - [G] LONG DT @ 3154: 0.062832639703543
INFO - [G] LONG DT @ 3154: 0.05252189176283
INFO - [G] LONG DT @ 3158: 0.069523344493195
INFO - [G] LONG DT @ 3158: 0.057819695594585
INFO - [G] LONG DT @ 3162: 0.074215281689024
INFO - [G] LONG DT @ 3162: 0.063602745351184
INFO - [G] LONG DT @ 3162: 0.053792936281008
INFO - [G] LONG DT @ 3166: 0.073679900565079
INFO - [G] LONG DT @ 3167: 0.063337240452026
INFO - [G] LONG DT @ 3167: 0.052739992361692
INFO - [G] LONG DT @ 3171: 0.075826834374181
INFO - [G] LONG DT @ 3171: 0.064806607499291
INFO - [G] LONG DT @ 3171: 0.054190565999442
INFO - [G] LONG DT @ 3175: 0.069941170119038
INFO - [G] LONG DT @ 3175: 0.058993456095243
INFO - [G] LONG DT @ 3179: 0.071573938604713
INFO - [G] LONG DT @ 3179: 0.059244030883825
INFO - [G] LONG DT @ 3183: 0.075072127595506
INFO - [G] LONG DT @ 3183: 0.064248162076377
INFO - [G] LONG DT @ 3183: 0.053504309661067
INFO - [G] LONG DT @ 3188: 0.063995818097047
INFO - [G] LONG DT @ 3188: 0.053355394477596
INFO - [G] LONG DT @ 3192: 0.071404631099882
INFO - [G] LONG DT @ 3192: 0.059644724879946
INFO - [G] LONG DT @ 3196: 0.075648837657238
INFO - [G] LONG DT @ 3196: 0.063145010125843
INFO - [G] LONG DT @ 3196: 0.053433268100633
INFO - [G] LONG DT @ 3200: 0.078570818976509
INFO - [G] LONG DT @ 3200: 0.065438955181202
INFO - [G] LONG DT @ 3201: 0.054480224145022
INFO - [G] LONG DT @ 3205: 0.074820482461359
INFO - [G] LONG DT @ 3205: 0.064259825969074
INFO - [G] LONG DT @ 3205: 0.05328206077528
INFO - [G] LONG DT @ 3209: 0.064374126893593
INFO - [G] LONG DT @ 3209: 0.053849101514831
INFO - [G] LONG DT @ 3213: 0.066286751568495
INFO - [G] LONG DT @ 3213: 0.055164901254782
INFO - [G] LONG DT @ 3217: 0.078782228458376
INFO - [G] LONG DT @ 3217: 0.065230962766665
INFO - [G] LONG DT @ 3217: 0.054526010213319
INFO - [G] LONG DT @ 3221: 0.078575564203104
INFO - [G] LONG DT @ 3221: 0.06509139136251
INFO - [G] LONG DT @ 3221: 0.054153813089996
INFO - [G] LONG DT @ 3224: 0.077399313284085
INFO - [G] LONG DT @ 3224: 0.064101350627228
INFO - [G] LONG DT @ 3224: 0.053354560501818
INFO - [G] LONG DT @ 3228: 0.079039557667405
INFO - [G] LONG DT @ 3228: 0.065679006133966
INFO - [G] LONG DT @ 3228: 0.055276564907175
INFO - [G] LONG DT @ 3232: 0.078334551347784
INFO - [G] LONG DT @ 3232: 0.064827161078214
INFO - [G] LONG DT @ 3232: 0.053952268862543
INFO - [G] LONG DT @ 3236: 0.074338579338173
INFO - [G] LONG DT @ 3236: 0.06373126347056
INFO - [G] LONG DT @ 3236: 0.053382210776443
INFO - [G] LONG DT @ 3240: 0.070254225149506
INFO - [G] LONG DT @ 3240: 0.058334800119628
INFO - [G] LONG DT @ 3244: 0.071899835279232
INFO - [G] LONG DT @ 3244: 0.060539428223415
INFO - [G] LONG DT @ 3244: 0.05158076257871
INFO - [G] LONG DT @ 3248: 0.071441363940592
INFO - [G] LONG DT @ 3249: 0.059254211152517
INFO - [G] LONG DT @ 3253: 0.086646929506192
INFO - [G] LONG DT @ 3253: 0.071807603604899
INFO - [G] LONG DT @ 3253: 0.06055682288393
INFO - [G] LONG DT @ 3253: 0.050532818307186
INFO - [G] LONG DT @ 3257: 0.072682912689107
INFO - [G] LONG DT @ 3257: 0.062932270151251
INFO - [G] LONG DT @ 3257: 0.05259653612103
INFO - [G] LONG DT @ 3261: 0.077311071402769
INFO - [G] LONG DT @ 3261: 0.065437617122217
INFO - [G] LONG DT @ 3261: 0.054480273697723
INFO - [G] LONG DT @ 3265: 0.079658913036384
INFO - [G] LONG DT @ 3265: 0.06653307042916
INFO - [G] LONG DT @ 3265: 0.055637636343273
INFO - [G] LONG DT @ 3269: 0.074373381201922
INFO - [G] LONG DT @ 3269: 0.064317944961498
INFO - [G] LONG DT @ 3269: 0.055105975969272
INFO - [G] LONG DT @ 3273: 0.071062552704394
INFO - [G] LONG DT @ 3274: 0.059182282163548
INFO - [G] LONG DT @ 3278: 0.073625339539284
INFO - [G] LONG DT @ 3278: 0.06309843163146
INFO - [G] LONG DT @ 3278: 0.052657225305188
INFO - [G] LONG DT @ 3282: 0.072843282821019
INFO - [G] LONG DT @ 3282: 0.062580686256814
INFO - [G] LONG DT @ 3282: 0.05280578900552
INFO - [G] LONG DT @ 3286: 0.074970591354735
INFO - [G] LONG DT @ 3286: 0.064351113083848
INFO - [G] LONG DT @ 3286: 0.053612110467034
INFO - [G] LONG DT @ 3290: 0.078063401220878
INFO - [G] LONG DT @ 3290: 0.066061660976701
INFO - [G] LONG DT @ 3290: 0.055066268781378
INFO - [G] LONG DT @ 3294: 0.075548276430368
INFO - [G] LONG DT @ 3295: 0.064332681144242
INFO - [G] LONG DT @ 3295: 0.053493184915423
INFO - [G] LONG DT @ 3299: 0.068906806218029
INFO - [G] LONG DT @ 3299: 0.057382424974462
INFO - [G] LONG DT @ 3303: 0.072956611333976
INFO - [G] LONG DT @ 3303: 0.062794889067184
INFO - [G] LONG DT @ 3303: 0.054537891253783
INFO - [G] LONG DT @ 3307: 0.079484173636794
INFO - [G] LONG DT @ 3307: 0.067578478909452
INFO - [G] LONG DT @ 3307: 0.056532603127549
INFO - [G] LONG DT @ 3311: 0.074680656259884
INFO - [G] LONG DT @ 3312: 0.063936045007857
INFO - [G] LONG DT @ 3312: 0.05371941600635
INFO - [G] LONG DT @ 3316: 0.070946688401898
INFO - [G] LONG DT @ 3316: 0.059520810721524
INFO - [G] LONG DT @ 3320: 0.074832938591086
INFO - [G] LONG DT @ 3320: 0.064770810872812
INFO - [G] LONG DT @ 3320: 0.053925508698294
INFO - [G] LONG DT @ 3324: 0.076836390349316
INFO - [G] LONG DT @ 3324: 0.064555832279463
INFO - [G] LONG DT @ 3324: 0.054214225823599
INFO - [G] LONG DT @ 3328: 0.075514253731641
INFO - [G] LONG DT @ 3328: 0.06329320298529
INFO - [G] LONG DT @ 3328: 0.052620162388221
INFO - [G] LONG DT @ 3332: 0.069765745633189
INFO - [G] LONG DT @ 3332: 0.059171716506556
INFO - [G] LONG DT @ 3336: 0.074818974394
INFO - [G] LONG DT @ 3337: 0.062989419515163
INFO - [G] LONG DT @ 3337: 0.052329755612141
INFO - [G] LONG DT @ 3341: 0.068625635761966
INFO - [G] LONG DT @ 3341: 0.057159728609569
INFO - [G] LONG DT @ 3345: 0.065862546041409
INFO - [G] LONG DT @ 3345: 0.054738116833113
INFO - [G] LONG DT @ 3349: 0.078648654843177
INFO - [G] LONG DT @ 3349: 0.065194703874578
INFO - [G] LONG DT @ 3349: 0.054329223099657
INFO - [G] LONG DT @ 3352: 0.085413021072719
INFO - [G] LONG DT @ 3352: 0.070760536858184
INFO - [G] LONG DT @ 3352: 0.058879369486564
INFO - [G] LONG DT @ 3356: 0.080354286295491
INFO - [G] LONG DT @ 3356: 0.066510309036337
INFO - [G] LONG DT @ 3356: 0.055529547229109
INFO - [G] LONG DT @ 3359: 0.082650164237838
INFO - [G] LONG DT @ 3359: 0.068287811390273
INFO - [G] LONG DT @ 3359: 0.056729449112193
INFO - [G] LONG DT @ 3363: 0.075438826111059
INFO - [G] LONG DT @ 3363: 0.062744420888889
INFO - [G] LONG DT @ 3363: 0.053098716711087
INFO - [G] LONG DT @ 3366: 0.08092818934102
INFO - [G] LONG DT @ 3366: 0.067548191472859
INFO - [G] LONG DT @ 3366: 0.056567573178216
INFO - [G] LONG DT @ 3370: 0.08049616385152
INFO - [G] LONG DT @ 3370: 0.066620131081151
INFO - [G] LONG DT @ 3370: 0.055408604864942
INFO - [G] LONG DT @ 3374: 0.076446386188031
INFO - [G] LONG DT @ 3374: 0.064195728950432
INFO - [G] LONG DT @ 3374: 0.05401544316041
INFO - [G] LONG DT @ 3378: 0.07816660624356
INFO - [G] LONG DT @ 3378: 0.065445924994825
INFO - [G] LONG DT @ 3378: 0.055032399995882
INFO - [G] LONG DT @ 3382: 0.080254650493026
INFO - [G] LONG DT @ 3382: 0.067270060394407
INFO - [G] LONG DT @ 3382: 0.055894468315524
INFO - [G] LONG DT @ 3386: 0.079885924919282
INFO - [G] LONG DT @ 3386: 0.066081699935432
INFO - [G] LONG DT @ 3386: 0.055171499948274
INFO - [G] LONG DT @ 3390: 0.080013328769699
INFO - [G] LONG DT @ 3390: 0.06658916301574
INFO - [G] LONG DT @ 3390: 0.056555630412588
INFO - [G] LONG DT @ 3394: 0.078370533090471
INFO - [G] LONG DT @ 3394: 0.065464906472408
INFO - [G] LONG DT @ 3394: 0.054972625177875
INFO - [G] LONG DT @ 3398: 0.077907898918447
INFO - [G] LONG DT @ 3398: 0.064559179134762
INFO - [G] LONG DT @ 3398: 0.05358130330776
INFO - [G] LONG DT @ 3402: 0.079056278006841
INFO - [G] LONG DT @ 3402: 0.065596782405529
INFO - [G] LONG DT @ 3402: 0.054788065924419
INFO - [G] LONG DT @ 3406: 0.077345496703506
INFO - [G] LONG DT @ 3406: 0.065676177362814
INFO - [G] LONG DT @ 3406: 0.054783781890304
INFO - [G] LONG DT @ 3411: 0.080091720388845
INFO - [G] LONG DT @ 3411: 0.066264656311064
INFO - [G] LONG DT @ 3411: 0.055052085048807
INFO - [G] LONG DT @ 3415: 0.078237833477498
INFO - [G] LONG DT @ 3415: 0.064833606781949
INFO - [G] LONG DT @ 3415: 0.053972345425543
INFO - [G] LONG DT @ 3419: 0.078910641624612
INFO - [G] LONG DT @ 3419: 0.065281433299716
INFO - [G] LONG DT @ 3419: 0.054876246639775
INFO - [G] LONG DT @ 3423: 0.077110519381834
INFO - [G] LONG DT @ 3423: 0.065060775505425
INFO - [G] LONG DT @ 3423: 0.053996400404295
INFO - [G] LONG DT @ 3427: 0.077478435758073
INFO - [G] LONG DT @ 3427: 0.064973708606447
INFO - [G] LONG DT @ 3427: 0.054046046885118
INFO - [G] LONG DT @ 3431: 0.080813491488444
INFO - [G] LONG DT @ 3431: 0.066765853190806
INFO - [G] LONG DT @ 3431: 0.055491922552611
INFO - [G] LONG DT @ 3436: 0.075499131271995
INFO - [G] LONG DT @ 3436: 0.064325325017522
INFO - [G] LONG DT @ 3436: 0.053535980014011
INFO - [G] LONG DT @ 3440: 0.068770398588113
INFO - [G] LONG DT @ 3440: 0.057039478870535
INFO - [G] LONG DT @ 3443: 0.081435416058039
INFO - [G] LONG DT @ 3443: 0.06765221284638
INFO - [G] LONG DT @ 3443: 0.05646011027711
INFO - [G] LONG DT @ 3447: 0.085747307710075
INFO - [G] LONG DT @ 3447: 0.071844706168096
INFO - [G] LONG DT @ 3447: 0.060255604934516
INFO - [G] LONG DT @ 3447: 0.050869523947623
INFO - [G] LONG DT @ 3450: 0.080582612110332
INFO - [G] LONG DT @ 3451: 0.067231709688257
INFO - [G] LONG DT @ 3451: 0.056385807750575
INFO - [G] LONG DT @ 3454: 0.082183103990641
INFO - [G] LONG DT @ 3454: 0.068397063192467
INFO - [G] LONG DT @ 3454: 0.057333670553979
INFO - [G] LONG DT @ 3458: 0.087433347071132
INFO - [G] LONG DT @ 3458: 0.073051557656861
INFO - [G] LONG DT @ 3458: 0.060557966125538
INFO - [G] LONG DT @ 3458: 0.050516192900427
INFO - [G] LONG DT @ 3462: 0.077882700917881
INFO - [G] LONG DT @ 3462: 0.064306120734317
INFO - [G] LONG DT @ 3462: 0.053345616587502
INFO - [G] LONG DT @ 3466: 0.076354863857627
INFO - [G] LONG DT @ 3466: 0.063754191086147
INFO - [G] LONG DT @ 3466: 0.052992032868894
INFO - [G] LONG DT @ 3469: 0.078828039652801
INFO - [G] LONG DT @ 3470: 0.065506631722231
INFO - [G] LONG DT @ 3470: 0.054982225377741
INFO - [G] LONG DT @ 3473: 0.080470161123342
INFO - [G] LONG DT @ 3473: 0.067410068898606
INFO - [G] LONG DT @ 3474: 0.056349015118902
INFO - [G] LONG DT @ 3478: 0.076616228757464
INFO - [G] LONG DT @ 3478: 0.06454424300595
INFO - [G] LONG DT @ 3478: 0.053845094404763
INFO - [G] LONG DT @ 3482: 0.077289121592962
INFO - [G] LONG DT @ 3482: 0.065442637274322
INFO - [G] LONG DT @ 3482: 0.054454749819483
INFO - [G] LONG DT @ 3486: 0.077951762777054
INFO - [G] LONG DT @ 3486: 0.064501050221684
INFO - [G] LONG DT @ 3486: 0.05367740017728
INFO - [G] LONG DT @ 3490: 0.07632347295346
INFO - [G] LONG DT @ 3490: 0.065569798362741
INFO - [G] LONG DT @ 3490: 0.05492991869024
INFO - [G] LONG DT @ 3494: 0.07953378678315
INFO - [G] LONG DT @ 3494: 0.06600748942656
INFO - [G] LONG DT @ 3494: 0.056198251541212
INFO - [G] LONG DT @ 3498: 0.078969339343316
INFO - [G] LONG DT @ 3498: 0.066541551474722
INFO - [G] LONG DT @ 3498: 0.055291081179775
INFO - [G] LONG DT @ 3501: 0.080700982399989
INFO - [G] LONG DT @ 3501: 0.06713378591993
INFO - [G] LONG DT @ 3502: 0.055898068736014
INFO - [G] LONG DT @ 3506: 0.07448011383743
INFO - [G] LONG DT @ 3506: 0.064185791070001
INFO - [G] LONG DT @ 3506: 0.053501192856014
INFO - [G] LONG DT @ 3510: 0.077291969255204
INFO - [G] LONG DT @ 3510: 0.066025035404201
INFO - [G] LONG DT @ 3510: 0.054928588323394
INFO - [G] LONG DT @ 3514: 0.078881831374947
INFO - [G] LONG DT @ 3514: 0.065357585099915
INFO - [G] LONG DT @ 3514: 0.054316608079964
INFO - [G] LONG DT @ 3518: 0.073826841458245
INFO - [G] LONG DT @ 3518: 0.063397733166633
INFO - [G] LONG DT @ 3518: 0.052749986533292
INFO - [G] LONG DT @ 3522: 0.078576084180643
INFO - [G] LONG DT @ 3522: 0.065360587344529
INFO - [G] LONG DT @ 3522: 0.054666649875583
INFO - [G] LONG DT @ 3526: 0.075340437451108
INFO - [G] LONG DT @ 3526: 0.064307149960841
INFO - [G] LONG DT @ 3526: 0.054024239968715
INFO - [G] LONG DT @ 3530: 0.079152348165909
INFO - [G] LONG DT @ 3530: 0.067135978532727
INFO - [G] LONG DT @ 3530: 0.056283702826188
INFO - [G] LONG DT @ 3534: 0.077772778395509
INFO - [G] LONG DT @ 3534: 0.06450848271638
INFO - [G] LONG DT @ 3534: 0.053698426173084
INFO - [G] LONG DT @ 3538: 0.07965671175752
INFO - [G] LONG DT @ 3538: 0.065893849406016
INFO - [G] LONG DT @ 3538: 0.054817919524856
INFO - [G] LONG DT @ 3541: 0.081588196327098
INFO - [G] LONG DT @ 3541: 0.067586037061603
INFO - [G] LONG DT @ 3541: 0.056246189649324
INFO - [G] LONG DT @ 3545: 0.078797570677456
INFO - [G] LONG DT @ 3545: 0.065239296541941
INFO - [G] LONG DT @ 3545: 0.05436095723356
INFO - [G] LONG DT @ 3549: 0.083486851151049
INFO - [G] LONG DT @ 3549: 0.069127400920921
INFO - [G] LONG DT @ 3549: 0.057715660736711
INFO - [G] LONG DT @ 3552: 0.083524996975998
INFO - [G] LONG DT @ 3552: 0.069125577580827
INFO - [G] LONG DT @ 3552: 0.057759662064638
INFO - [G] LONG DT @ 3556: 0.084072473776878
INFO - [G] LONG DT @ 3556: 0.069703739021549
INFO - [G] LONG DT @ 3556: 0.058073991217248
INFO - [G] LONG DT @ 3559: 0.083974954906825
INFO - [G] LONG DT @ 3559: 0.069665263925449
INFO - [G] LONG DT @ 3559: 0.058108571140376
INFO - [G] LONG DT @ 3563: 0.082077726830569
INFO - [G] LONG DT @ 3563: 0.068845061464441
INFO - [G] LONG DT @ 3563: 0.058067009171541
INFO - [G] LONG DT @ 3566: 0.084154611747566
INFO - [G] LONG DT @ 3566: 0.06997006939804
INFO - [G] LONG DT @ 3566: 0.059160075518458
INFO - [G] LONG DT @ 3566: 0.050612180414756
INFO - [G] LONG DT @ 3570: 0.081269888031565
INFO - [G] LONG DT @ 3570: 0.067558350425231
INFO - [G] LONG DT @ 3570: 0.056619580340181
INFO - [G] LONG DT @ 3573: 0.084246044464777
INFO - [G] LONG DT @ 3573: 0.070056815571774
INFO - [G] LONG DT @ 3573: 0.058748012457454
INFO - [G] LONG DT @ 3574: 0.050214429965908
INFO - [G] LONG DT @ 3577: 0.083320648234515
INFO - [G] LONG DT @ 3577: 0.069974838587629
INFO - [G] LONG DT @ 3577: 0.058511190870083
INFO - [G] LONG DT @ 3580: 0.081864083827186
INFO - [G] LONG DT @ 3581: 0.067869827061783
INFO - [G] LONG DT @ 3581: 0.056650341649366
INFO - [G] LONG DT @ 3584: 0.083106951578234
INFO - [G] LONG DT @ 3584: 0.068875541262631
INFO - [G] LONG DT @ 3584: 0.057460053010075
INFO - [G] LONG DT @ 3588: 0.081542634892115
INFO - [G] LONG DT @ 3588: 0.067513287913697
INFO - [G] LONG DT @ 3588: 0.056361190330971
INFO - [G] LONG DT @ 3591: 0.083360419701155
INFO - [G] LONG DT @ 3591: 0.06918983576085
INFO - [G] LONG DT @ 3591: 0.057707948608707
INFO - [G] LONG DT @ 3595: 0.081128286087856
INFO - [G] LONG DT @ 3595: 0.067282628870278
INFO - [G] LONG DT @ 3595: 0.056228603096194
INFO - [G] LONG DT @ 3599: 0.089555407876427
INFO - [G] LONG DT @ 3599: 0.074922926301209
INFO - [G] LONG DT @ 3599: 0.062076021040909
INFO - [G] LONG DT @ 3599: 0.051783636832749
INFO - [G] LONG DT @ 3603: 0.079729707320472
INFO - [G] LONG DT @ 3603: 0.066320945856322
INFO - [G] LONG DT @ 3603: 0.05624321668511
INFO - [G] LONG DT @ 3607: 0.08254250637458
INFO - [G] LONG DT @ 3607: 0.06960542509969
INFO - [G] LONG DT @ 3607: 0.058985520079769
INFO - [G] LONG DT @ 3611: 0.080439056379665
INFO - [G] LONG DT @ 3611: 0.06674364510374
INFO - [G] LONG DT @ 3611: 0.055893816082947
INFO - [G] LONG DT @ 3615: 0.080718591874855
INFO - [G] LONG DT @ 3615: 0.067856453499905
INFO - [G] LONG DT @ 3615: 0.056880002799907
INFO - [G] LONG DT @ 3618: 0.08173265134149
INFO - [G] LONG DT @ 3619: 0.067596861073202
INFO - [G] LONG DT @ 3619: 0.05610848885855
INFO - [G] LONG DT @ 3622: 0.08008128840145
INFO - [G] LONG DT @ 3622: 0.067550330721172
INFO - [G] LONG DT @ 3622: 0.056488664576895
INFO - [G] LONG DT @ 3626: 0.080267152083259
INFO - [G] LONG DT @ 3626: 0.067729141666593
INFO - [G] LONG DT @ 3626: 0.057018873333314
INFO - [G] LONG DT @ 3630: 0.081904191866695
INFO - [G] LONG DT @ 3630: 0.068331653493372
INFO - [G] LONG DT @ 3630: 0.0573378627947
INFO - [G] LONG DT @ 3634: 0.078517855810377
INFO - [G] LONG DT @ 3635: 0.065917764648238
INFO - [G] LONG DT @ 3635: 0.0547503917186
INFO - [G] LONG DT @ 3638: 0.079997647933986
INFO - [G] LONG DT @ 3638: 0.067349018347266
INFO - [G] LONG DT @ 3639: 0.05802981467777
INFO - [G] LONG DT @ 3643: 0.08110846241034
INFO - [G] LONG DT @ 3643: 0.06698486992833
INFO - [G] LONG DT @ 3643: 0.055599555942635
INFO - [G] LONG DT @ 3647: 0.081956325017847
INFO - [G] LONG DT @ 3647: 0.068540740014241
INFO - [G] LONG DT @ 3647: 0.057276752011443
INFO - [G] LONG DT @ 3651: 0.078862966638267
INFO - [G] LONG DT @ 3651: 0.065620133310629
INFO - [G] LONG DT @ 3651: 0.054722306648453
INFO - [G] LONG DT @ 3655: 0.081783537713556
INFO - [G] LONG DT @ 3655: 0.068711510170824
INFO - [G] LONG DT @ 3655: 0.057425868136666
INFO - [G] LONG DT @ 3659: 0.080953823480803
INFO - [G] LONG DT @ 3659: 0.066849538784622
INFO - [G] LONG DT @ 3659: 0.055514511027762
INFO - [G] LONG DT @ 3663: 0.075037919751835
INFO - [G] LONG DT @ 3663: 0.063145155801441
INFO - [G] LONG DT @ 3663: 0.053123724641163
INFO - [G] LONG DT @ 3667: 0.080634948829182
INFO - [G] LONG DT @ 3667: 0.066955519063364
INFO - [G] LONG DT @ 3667: 0.055760075250652
INFO - [G] LONG DT @ 3670: 0.083066363496591
INFO - [G] LONG DT @ 3670: 0.06902717079734
INFO - [G] LONG DT @ 3670: 0.058121896637862
INFO - [G] LONG DT @ 3674: 0.083975268713839
INFO - [G] LONG DT @ 3674: 0.069464714971113
INFO - [G] LONG DT @ 3674: 0.057818151976887
INFO - [G] LONG DT @ 3677: 0.083583942820145
INFO - [G] LONG DT @ 3677: 0.069148554256109
INFO - [G] LONG DT @ 3677: 0.057611003404866
INFO - [G] LONG DT @ 3680: 0.08670636633395
INFO - [G] LONG DT @ 3680: 0.073169173067169
INFO - [G] LONG DT @ 3680: 0.062815818453769
INFO - [G] LONG DT @ 3680: 0.053148634763009
INFO - [G] LONG DT @ 3683: 0.082086157026089
INFO - [G] LONG DT @ 3683: 0.067997645620931
INFO - [G] LONG DT @ 3683: 0.056635136496683
INFO - [G] LONG DT @ 3686: 0.08246516634995
INFO - [G] LONG DT @ 3686: 0.06867029307996
INFO - [G] LONG DT @ 3687: 0.057754254463963
INFO - [G] LONG DT @ 3690: 0.081442028894812
INFO - [G] LONG DT @ 3690: 0.067673063115864
INFO - [G] LONG DT @ 3690: 0.056825950492738
INFO - [G] LONG DT @ 3693: 0.081582946683024
INFO - [G] LONG DT @ 3693: 0.067719177346472
INFO - [G] LONG DT @ 3693: 0.057268961877159
INFO - [G] LONG DT @ 3697: 0.082051924602112
INFO - [G] LONG DT @ 3697: 0.06968135968167
INFO - [G] LONG DT @ 3697: 0.058428547745362
INFO - [G] LONG DT @ 3700: 0.085627678769082
INFO - [G] LONG DT @ 3700: 0.070958183015281
INFO - [G] LONG DT @ 3700: 0.059510886412161
INFO - [G] LONG DT @ 3701: 0.050359489129771
INFO - [G] LONG DT @ 3704: 0.080312959920004
INFO - [G] LONG DT @ 3704: 0.066395607936031
INFO - [G] LONG DT @ 3704: 0.05523684634876
INFO - [G] LONG DT @ 3708: 0.080209711846541
INFO - [G] LONG DT @ 3708: 0.067258049477248
INFO - [G] LONG DT @ 3708: 0.055954079581819
INFO - [G] LONG DT @ 3712: 0.085929109093036
INFO - [G] LONG DT @ 3712: 0.071306847274427
INFO - [G] LONG DT @ 3712: 0.059820097819578
INFO - [G] LONG DT @ 3712: 0.050392638255616
INFO - [G] LONG DT @ 3716: 0.081890266878632
INFO - [G] LONG DT @ 3716: 0.067578793502879
INFO - [G] LONG DT @ 3716: 0.056219174802291
INFO - [G] LONG DT @ 3720: 0.079644940556093
INFO - [G] LONG DT @ 3720: 0.066268412444844
INFO - [G] LONG DT @ 3720: 0.055667889955829
INFO - [G] LONG DT @ 3724: 0.08348499973955
INFO - [G] LONG DT @ 3724: 0.070076059791617
INFO - [G] LONG DT @ 3724: 0.058480987833252
INFO - [G] LONG DT @ 3728: 0.083194526922855
INFO - [G] LONG DT @ 3728: 0.068832521538209
INFO - [G] LONG DT @ 3728: 0.057242657230583
INFO - [G] LONG DT @ 3732: 0.083019613718747
INFO - [G] LONG DT @ 3732: 0.068615530974955
INFO - [G] LONG DT @ 3732: 0.056960804780001
INFO - [G] LONG DT @ 3736: 0.080374596808709
INFO - [G] LONG DT @ 3736: 0.066541737446993
INFO - [G] LONG DT @ 3736: 0.0554251499576
INFO - [G] LONG DT @ 3740: 0.083350635479586
INFO - [G] LONG DT @ 3740: 0.069011088383612
INFO - [G] LONG DT @ 3740: 0.057453590706888
INFO - [G] LONG DT @ 3743: 0.082589685323911
INFO - [G] LONG DT @ 3743: 0.069294328259094
INFO - [G] LONG DT @ 3743: 0.057693582607354
INFO - [G] LONG DT @ 3747: 0.083885956589171
INFO - [G] LONG DT @ 3747: 0.070387505271287
INFO - [G] LONG DT @ 3747: 0.058509784217076
INFO - [G] LONG DT @ 3751: 0.082872108514324
INFO - [G] LONG DT @ 3751: 0.068538366811437
INFO - [G] LONG DT @ 3751: 0.057067313449225
INFO - [G] LONG DT @ 3755: 0.081261127211089
INFO - [G] LONG DT @ 3755: 0.06732678176888
INFO - [G] LONG DT @ 3755: 0.055868485415064
INFO - [G] LONG DT @ 3759: 0.082752813707268
INFO - [G] LONG DT @ 3759: 0.069444770965818
INFO - [G] LONG DT @ 3759: 0.057908456772681
INFO - [G] LONG DT @ 3763: 0.088650789639123
INFO - [G] LONG DT @ 3763: 0.073719891711236
INFO - [G] LONG DT @ 3763: 0.061864313369018
INFO - [G] LONG DT @ 3763: 0.051654330695229
INFO - [G] LONG DT @ 3767: 0.079751947970875
INFO - [G] LONG DT @ 3767: 0.06704399837664
INFO - [G] LONG DT @ 3767: 0.055662298701344
INFO - [G] LONG DT @ 3771: 0.080573127634267
INFO - [G] LONG DT @ 3771: 0.066045722107378
INFO - [G] LONG DT @ 3771: 0.05443899768592
INFO - [G] LONG DT @ 3775: 0.086470392470156
INFO - [G] LONG DT @ 12: 0.070259233976078
INFO - [G] LONG DT @ 12: 0.056490607180845
INFO - [G] LONG DT @ 14: 0.055419841237302
INFO - [G] LONG DT @ 13258: 0.1
INFO - [G] LONG DT @ 13258: 0.1
INFO - [G] LONG DT @ 13258: 0.080737460000528
INFO - [G] LONG DT @ 13258: 0.065399147999909
INFO - [G] LONG DT @ 13258: 0.054208538400085
INFO - [G] LONG DT @ 14110: 0.058598039089203
INFO - [G] normal
INFO - [G] normal
INFO - [G] normal
INFO - [G] normal
INFO - [G] normal
INFO - [G] normal
INFO - [G] normal
INFO - [G] normal
INFO - [G] normal
INFO - [G] normal
INFO - [G] normal
INFO - [G] normal
INFO - [G] normal
INFO - [G] normal
INFO - [G] normal
INFO - [G] normal
INFO - [G] normal
INFO - [G] normal
INFO - [G] normal
INFO - [G] normal
INFO - [G] normal
INFO - [G] normal
INFO - [G] normal
INFO - [G] normal
INFO - [G] normal
INFO - [G] normal
INFO - [G] normal
INFO - [G] normal
INFO - [G] normal
INFO - [G] normal
INFO - [G] normal
INFO - [G] normal
INFO - [G] normal
INFO - [G] normal
INFO - [G] normal
INFO - [G] normal
INFO - [G] normal
INFO - [G] normal
INFO - [G] normal
INFO - [G] normal
INFO - [G] normal
INFO - [G] normal
INFO - [G] normal
INFO - [G] normal
INFO - [G] normal
INFO - [G] normal
INFO - [G] normal
INFO - [G] normal
INFO - [G] normal
INFO - [G] normal
INFO - [G] normal
INFO - [G] normal
INFO - [G] normal
INFO - [G] normal
INFO - [G] normal
INFO - [G] normal
INFO - [G] normal
INFO - [G] normal
INFO - [G] normal
INFO - [G] normal
INFO - [G] normal
INFO - [G] normal
INFO - [G] normal
INFO - [G] normal
INFO - [G] normal
INFO - [G] normal
INFO - [G] normal
INFO - [G] normal
INFO - [G] normal
INFO - [G] normal
INFO - [G] normal
INFO - [G] normal
INFO - [G] normal
INFO - [G] normal
INFO - [G] normal
INFO - [G] normal
INFO - [G] normal
INFO - [G] normal
INFO - [G] normal
INFO - [G] normal
INFO - [G] normal
INFO - [G] normal
INFO - [G] normal
INFO - [G] normal
INFO - [G] normal
INFO - [G] normal
INFO - [G] normal
INFO - [G] normal
INFO - [G] normal
INFO - [G] normal
INFO - [G] normal
INFO - [G] normal
INFO - [G] normal
INFO - [G] normal
INFO - [G] normal
INFO - [G] normal
INFO - [G] normal
INFO - [G] normal
INFO - [G] normal
INFO - [G] normal
INFO - [G] normal
INFO - [G] normal
INFO - [G] normal
INFO - [G] normal
INFO - [G] normal
INFO - [G] normal
INFO - [G] normal
INFO - [G] normal
INFO - [G] normal
INFO - [G] normal
INFO - [G] normal
INFO - [G] normal
INFO - [G] normal
INFO - [G] normal
INFO - [G] normal
INFO - [G] normal
INFO - [G] normal
INFO - [G] normal
INFO - [G] normal
INFO - [G] normal
INFO - [G] normal
INFO - [G] normal
INFO - [G] normal
INFO - [G] normal
INFO - [G] normal
INFO - [G] normal
INFO - [G] normal
INFO - [G] normal
INFO - [G] normal
INFO - [G] normal
INFO - [G] normal
INFO - [G] normal
INFO - [G] normal
INFO - [G] normal
INFO - [G] normal
INFO - [G] normal
INFO - [G] normal
INFO - [G] normal
INFO - [G] normal
INFO - [G] normal
INFO - [G] normal
INFO - [G] normal
INFO - [G] normal
INFO - [G] normal
INFO - [G] normal
INFO - [G] normal
INFO - [G] normal
INFO - [G] normal
INFO - [G] normal
INFO - [G] normal
INFO - [G] normal
INFO - [G] normal
INFO - [G] normal
INFO - [G] normal
INFO - [G] normal
INFO - [G] normal
INFO - [G] normal
INFO - [G] normal
INFO - [G] normal
INFO - [G] normal
INFO - [G] normal
INFO - [G] normal
INFO - [G] normal
INFO - [G] normal
INFO - [G] normal
INFO - [G] normal
INFO - [G] normal
INFO - [G] normal
INFO - [G] normal
INFO - [G] normal
INFO - [G] normal
INFO - [G] normal
INFO - [G] normal
INFO - [G] normal
INFO - [G] normal
INFO - [G] normal
INFO - [G] normal
INFO - [G] normal
INFO - [G] normal
INFO - [G] normal
INFO - [G] normal
INFO - [G] normal
INFO - [G] normal
INFO - [G] normal
INFO - [G] normal
INFO - [G] normal
INFO - [G] normal
INFO - [G] normal
INFO - [G] normal
INFO - [G] normal
INFO - [G] normal
INFO - [G] normal
INFO - [G] normal
INFO - [G] normal
INFO - [G] normal
INFO - [G] normal
INFO - [G] normal
INFO - [G] normal
INFO - [G] normal
INFO - [G] normal
INFO - [G] normal
INFO - [G] normal
INFO - [G] normal
INFO - [G] normal
INFO - [G] normal
INFO - [G] normal
INFO - [G] normal
INFO - [G] normal
INFO - [G] normal
INFO - [G] normal
INFO - [G] normal
INFO - [G] normal
INFO - [G] LONG DT @ 15601: 0.057070421108629
INFO - [G] LONG DT @ 15603: 0.055001973126906
INFO - [G] LONG DT @ 15797: 0.051298493100997
INFO - [G] LONG DT @ 15801: 0.055082712642423
INFO - [G] LONG DT @ 15867: 0.050337354675563
INFO - [G] LONG DT @ 15888: 0.051188667875303
INFO - [G] LONG DT @ 15891: 0.062065241315837
INFO - [G] LONG DT @ 15891: 0.051525193053011
INFO - [G] LONG DT @ 15901: 0.050970891939927
INFO - [G] LONG DT @ 15910: 0.062597231626909
INFO - [G] LONG DT @ 15910: 0.051542245301515
INFO - [G] LONG DT @ 15914: 0.065764246109462
INFO - [G] LONG DT @ 15914: 0.091979196887606
INFO - [G] LONG DT @ 15914: 0.077435797509985
INFO - [G] LONG DT @ 15914: 0.064045258007781
INFO - [G] LONG DT @ 15914: 0.053205306406358
INFO - [G] LONG DT @ 15918: 0.058750431118682
INFO - [G] LONG DT @ 15920: 0.067559659364017
INFO - [G] LONG DT @ 15920: 0.055755287490554
INFO - [G] LONG DT @ 15922: 0.057283944741244
INFO - [G] LONG DT @ 15926: 0.057061855017412
INFO - [G] LONG DT @ 15930: 0.058332849531768
INFO - [G] LONG DT @ 15934: 0.05897338679875
INFO - [G] LONG DT @ 15938: 0.060680685582107
INFO - [G] LONG DT @ 15938: 0.050460408465694
INFO - [G] LONG DT @ 15942: 0.060747126650852
INFO - [G] LONG DT @ 15942: 0.050345941320552
INFO - [G] LONG DT @ 15946: 0.053379165693554
INFO - [G] LONG DT @ 15950: 0.053793067810028
INFO - [G] LONG DT @ 15954: 0.055591613047489
INFO - [G] LONG DT @ 15958: 0.058391282222318
INFO - [G] LONG DT @ 15962: 0.056819964514896
INFO - [G] LONG DT @ 15966: 0.053414163675384
INFO - [G] LONG DT @ 15970: 0.051433045309916
INFO - [G] LONG DT @ 15974: 0.05460256557452
INFO - [G] LONG DT @ 15978: 0.05799263736597
INFO - [G] LONG DT @ 15981: 0.054186621624885
INFO - [G] LONG DT @ 15985: 0.052432390583158
INFO - [G] LONG DT @ 15989: 0.054847721563596
INFO - [G] LONG DT @ 15993: 0.053036630362444
INFO - [G] LONG DT @ 15997: 0.058217154981057
INFO - [G] LONG DT @ 16001: 0.068130700812207
INFO - [G] LONG DT @ 16001: 0.057455460649762
INFO - [G] LONG DT @ 16004: 0.063942622786865
INFO - [G] LONG DT @ 16005: 0.053311058229631
INFO - [G] LONG DT @ 16008: 0.064429809446859
INFO - [G] LONG DT @ 16009: 0.05377774755777
INFO - [G] LONG DT @ 16013: 0.063701661981466
INFO - [G] LONG DT @ 16013: 0.05305562958549
INFO - [G] LONG DT @ 16017: 0.061359487498091
INFO - [G] LONG DT @ 16017: 0.050864869998278
INFO - [G] LONG DT @ 16021: 0.058936049804888
INFO - [G] LONG DT @ 16025: 0.063304294388413
INFO - [G] LONG DT @ 16025: 0.052584535510843
INFO - [G] LONG DT @ 16029: 0.058420169846528
INFO - [G] LONG DT @ 16029: 0.050829675877253
INFO - [G] LONG DT @ 16033: 0.06027597592245
INFO - [G] LONG DT @ 16037: 0.061996877801888
INFO - [G] LONG DT @ 16037: 0.051540102242131
INFO - [G] LONG DT @ 16041: 0.058037541171735
INFO - [G] LONG DT @ 16041: 0.050251832937539
INFO - [G] LONG DT @ 16045: 0.059713151632787
INFO - [G] LONG DT @ 16049: 0.068290261299189
INFO - [G] LONG DT @ 16049: 0.056324369039299
INFO - [G] LONG DT @ 16053: 0.060877457155547
INFO - [G] LONG DT @ 16053: 0.050708565724169
INFO - [G] LONG DT @ 16057: 0.058373991891459
INFO - [G] LONG DT @ 16061: 0.057449221708377
INFO - [G] LONG DT @ 16064: 0.053462144981114
INFO - [G] LONG DT @ 16068: 0.051888236279897
INFO - [G] LONG DT @ 16072: 0.053346769749139
INFO - [G] LONG DT @ 16076: 0.054331405519019
INFO - [G] LONG DT @ 16079: 0.052045509866351
INFO - [G] LONG DT @ 16083: 0.0578232401268
INFO - [G] LONG DT @ 16087: 0.053287611547628
INFO - [G] LONG DT @ 16095: 0.058850390369729
INFO - [G] LONG DT @ 16099: 0.061352697583384
INFO - [G] LONG DT @ 16099: 0.051657998066625
INFO - [G] LONG DT @ 16103: 0.065001834281553
INFO - [G] LONG DT @ 16103: 0.05372712742489
INFO - [G] LONG DT @ 16107: 0.063839874689298
INFO - [G] LONG DT @ 16107: 0.054611459751065
INFO - [G] LONG DT @ 16110: 0.064798727068214
INFO - [G] LONG DT @ 16111: 0.053721081654356
INFO - [G] LONG DT @ 16115: 0.066092788529977
INFO - [G] LONG DT @ 16115: 0.056041570824055
INFO - [G] LONG DT @ 16119: 0.057140930284713
INFO - [G] LONG DT @ 16122: 0.050020468770315
INFO - [G] LONG DT @ 16126: 0.05701755694004
INFO - [G] LONG DT @ 16130: 0.055689939911407
INFO - [G] LONG DT @ 16133: 0.055730153455305
INFO - [G] LONG DT @ 16137: 0.053371921039147
INFO - [G] LONG DT @ 16141: 0.051278281551018
INFO - [G] LONG DT @ 16145: 0.05204954958576
INFO - [G] LONG DT @ 16152: 0.05678034664399
INFO - [G] LONG DT @ 16156: 0.064341994039587
INFO - [G] LONG DT @ 16156: 0.053205075231978
INFO - [G] LONG DT @ 16159: 0.062815760284539
INFO - [G] LONG DT @ 16160: 0.052149388227874
INFO - [G] LONG DT @ 16163: 0.061550708921853
INFO - [G] LONG DT @ 16163: 0.05154114713691
INFO - [G] LONG DT @ 16167: 0.068151733088194
INFO - [G] LONG DT @ 16167: 0.057963606470407
INFO - [G] LONG DT @ 16171: 0.059368003838498
INFO - [G] LONG DT @ 16175: 0.061241804439928
INFO - [G] LONG DT @ 16175: 0.050812443552193
INFO - [G] LONG DT @ 16179: 0.059594138777075
INFO - [G] LONG DT @ 16183: 0.065011327273608
INFO - [G] LONG DT @ 16183: 0.05400458181865
INFO - [G] LONG DT @ 16187: 0.059407334048043
INFO - [G] LONG DT @ 16191: 0.062635816792199
INFO - [G] LONG DT @ 16191: 0.053161233433835
INFO - [G] LONG DT @ 16196: 0.064282071976241
INFO - [G] LONG DT @ 16196: 0.053785637580885
INFO - [G] LONG DT @ 16199: 0.057125499764448
INFO - [G] LONG DT @ 16203: 0.056196316352879
INFO - [G] LONG DT @ 16207: 0.055385672796859
INFO - [G] LONG DT @ 16211: 0.056284873276875
INFO - [G] LONG DT @ 16215: 0.061915935476041
INFO - [G] LONG DT @ 16215: 0.051622368380438
INFO - [G] LONG DT @ 16219: 0.057792874804062
INFO - [G] LONG DT @ 16223: 0.057599080117921
INFO - [G] LONG DT @ 16227: 0.063053571649294
INFO - [G] LONG DT @ 16227: 0.052131757319298
INFO - [G] LONG DT @ 16231: 0.059694633123192
INFO - [G] LONG DT @ 16235: 0.056680844238011
INFO - [G] LONG DT @ 16239: 0.054882560590755
INFO - [G] LONG DT @ 16243: 0.058726951866567
INFO - [G] LONG DT @ 16247: 0.057205743743564
INFO - [G] LONG DT @ 16251: 0.059171427008199
INFO - [G] LONG DT @ 16255: 0.056888875642503
INFO - [G] LONG DT @ 16259: 0.061093277711866
INFO - [G] LONG DT @ 16259: 0.050968382169336
INFO - [G] LONG DT @ 16263: 0.056469653138831
INFO - [G] LONG DT @ 16267: 0.0508917478482
INFO - [G] LONG DT @ 16271: 0.058106580672814
INFO - [G] LONG DT @ 16274: 0.067012251035391
INFO - [G] LONG DT @ 16275: 0.055429080828513
INFO - [G] LONG DT @ 16278: 0.069763530863049
INFO - [G] LONG DT @ 16278: 0.058315004690399
INFO - [G] LONG DT @ 16282: 0.067541379326169
INFO - [G] LONG DT @ 16282: 0.056015343460714
INFO - [G] LONG DT @ 16286: 0.065275623769506
INFO - [G] LONG DT @ 16286: 0.054105579015525
INFO - [G] LONG DT @ 16290: 0.065622958949468
INFO - [G] LONG DT @ 16290: 0.054902027159556
INFO - [G] LONG DT @ 16294: 0.065829040866322
INFO - [G] LONG DT @ 16294: 0.055084152693498
INFO - [G] LONG DT @ 16298: 0.066019023228499
INFO - [G] LONG DT @ 16298: 0.055193238582541
INFO - [G] LONG DT @ 16302: 0.066610525071821
INFO - [G] LONG DT @ 16302: 0.055620180057109
INFO - [G] LONG DT @ 16306: 0.063042119029359
INFO - [G] LONG DT @ 16306: 0.052510675223616
INFO - [G] LONG DT @ 16310: 0.065346011342067
INFO - [G] LONG DT @ 16310: 0.055035389073881
INFO - [G] LONG DT @ 16314: 0.06467418328444
INFO - [G] LONG DT @ 16314: 0.053864566627568
INFO - [G] LONG DT @ 16318: 0.062874982155114
INFO - [G] LONG DT @ 16318: 0.052218745724353
INFO - [G] LONG DT @ 16321: 0.064679549939774
INFO - [G] LONG DT @ 16322: 0.053736179952175
INFO - [G] LONG DT @ 16325: 0.066759926060635
INFO - [G] LONG DT @ 16325: 0.056170360848143
INFO - [G] LONG DT @ 16329: 0.063468577979757
INFO - [G] LONG DT @ 16329: 0.052561302383511
INFO - [G] LONG DT @ 16333: 0.062829469483805
INFO - [G] LONG DT @ 16333: 0.053454435586494
INFO - [G] LONG DT @ 16337: 0.060649967322945
INFO - [G] LONG DT @ 16337: 0.050469793857929
INFO - [G] LONG DT @ 16341: 0.058281951658081
INFO - [G] LONG DT @ 16345: 0.058308549962715
INFO - [G] LONG DT @ 16349: 0.053575059555849
INFO - [G] LONG DT @ 16353: 0.058532317850952
INFO - [G] LONG DT @ 16353: 0.050932334280371
INFO - [G] LONG DT @ 16357: 0.060906294830382
INFO - [G] LONG DT @ 16357: 0.050578795864391
INFO - [G] LONG DT @ 16361: 0.067457465139065
INFO - [G] LONG DT @ 16361: 0.05577999211069
INFO - [G] LONG DT @ 16364: 0.068722389536455
INFO - [G] LONG DT @ 16364: 0.05694739162928
INFO - [G] LONG DT @ 16368: 0.067510443227616
INFO - [G] LONG DT @ 16368: 0.05618699458215
INFO - [G] LONG DT @ 16372: 0.067307026250307
INFO - [G] LONG DT @ 16372: 0.056127480999739
INFO - [G] LONG DT @ 16376: 0.071513496174725
INFO - [G] LONG DT @ 16376: 0.06181945693972
INFO - [G] LONG DT @ 16376: 0.05218010555183
INFO - [G] LONG DT @ 16380: 0.076604135527626
INFO - [G] LONG DT @ 16380: 0.064459328422783
INFO - [G] LONG DT @ 16380: 0.05377414273788
INFO - [G] LONG DT @ 16383: 0.072432430879617
INFO - [G] LONG DT @ 16384: 0.059921424703658
INFO - [G] LONG DT @ 16387: 0.075529869478507
INFO - [G] LONG DT @ 16387: 0.064793395582107
INFO - [G] LONG DT @ 16387: 0.05375899646578
INFO - [G] LONG DT @ 16391: 0.07549430320773
INFO - [G] LONG DT @ 16391: 0.064285322566681
INFO - [G] LONG DT @ 16391: 0.054180318053402
INFO - [G] LONG DT @ 16395: 0.076171537540218
INFO - [G] LONG DT @ 16395: 0.063384490032364
INFO - [G] LONG DT @ 16395: 0.052687892026178
INFO - [G] LONG DT @ 16399: 0.072159586114565
INFO - [G] LONG DT @ 16399: 0.059745068892129
INFO - [G] LONG DT @ 16399: 0.050026035113241
INFO - [G] LONG DT @ 16403: 0.079166807961546
INFO - [G] LONG DT @ 16403: 0.065543826369415
INFO - [G] LONG DT @ 16403: 0.054688341095682
INFO - [G] LONG DT @ 16407: 0.069549749035662
INFO - [G] LONG DT @ 16407: 0.058907099227954
INFO - [G] LONG DT @ 16411: 0.069154116576727
INFO - [G] LONG DT @ 16411: 0.05795949326107
INFO - [G] LONG DT @ 16416: 0.064028793364078
INFO - [G] LONG DT @ 16416: 0.054071514691365
INFO - [G] LONG DT @ 16420: 0.067554167552743
INFO - [G] LONG DT @ 16420: 0.05785793404209
INFO - [G] LONG DT @ 16420: 0.050067327233682
INFO - [G] LONG DT @ 16424: 0.059152926213203
INFO - [G] LONG DT @ 16428: 0.061174705879421
INFO - [G] LONG DT @ 16428: 0.050732364703581
INFO - [G] LONG DT @ 16432: 0.069206667014846
INFO - [G] LONG DT @ 16432: 0.058850313611362
INFO - [G] LONG DT @ 16432: 0.050900890889138
INFO - [G] LONG DT @ 16436: 0.077222783981692
INFO - [G] LONG DT @ 16436: 0.064412967185566
INFO - [G] LONG DT @ 16436: 0.05390593374838
INFO - [G] LONG DT @ 16440: 0.074520968720835
INFO - [G] LONG DT @ 16440: 0.0638586149767
INFO - [G] LONG DT @ 16440: 0.053389431981888
INFO - [G] LONG DT @ 16443: 0.077719457407197
INFO - [G] LONG DT @ 16443: 0.064098125925851
INFO - [G] LONG DT @ 16443: 0.052996220740259
INFO - [G] LONG DT @ 16447: 0.069769694208124
INFO - [G] LONG DT @ 16447: 0.058661755366635
INFO - [G] LONG DT @ 16451: 0.074261237279006
INFO - [G] LONG DT @ 16451: 0.063539349823477
INFO - [G] LONG DT @ 16451: 0.05300705985882
INFO - [G] LONG DT @ 16454: 0.073906111002983
INFO - [G] LONG DT @ 16454: 0.061577648802255
INFO - [G] LONG DT @ 16454: 0.051579099041691
INFO - [G] LONG DT @ 16458: 0.072048425696067
INFO - [G] LONG DT @ 16458: 0.061831060557438
INFO - [G] LONG DT @ 16458: 0.051569268445473
INFO - [G] LONG DT @ 16463: 0.064960505224827
INFO - [G] LONG DT @ 16463: 0.054062224179434
INFO - [G] LONG DT @ 16466: 0.075740256408212
INFO - [G] LONG DT @ 16466: 0.063742745126776
INFO - [G] LONG DT @ 16466: 0.052884016101053
INFO - [G] LONG DT @ 16471: 0.068908705151212
INFO - [G] LONG DT @ 16471: 0.058454924120994
INFO - [G] LONG DT @ 16475: 0.073382313582706
INFO - [G] LONG DT @ 16475: 0.06307253086655
INFO - [G] LONG DT @ 16475: 0.052343304693227
INFO - [G] LONG DT @ 16479: 0.064849481609464
INFO - [G] LONG DT @ 16479: 0.053579345287909
INFO - [G] LONG DT @ 16483: 0.062531701499935
INFO - [G] LONG DT @ 16483: 0.051716521199557
INFO - [G] LONG DT @ 16487: 0.073096986271431
INFO - [G] LONG DT @ 16487: 0.062316009017247
INFO - [G] LONG DT @ 16487: 0.05264134721369
INFO - [G] LONG DT @ 16491: 0.076473325305533
INFO - [G] LONG DT @ 16491: 0.063206220244414
INFO - [G] LONG DT @ 16491: 0.052647616195103
INFO - [G] LONG DT @ 16495: 0.077460241324013
INFO - [G] LONG DT @ 16495: 0.06453301305889
INFO - [G] LONG DT @ 16495: 0.054203390446979
INFO - [G] LONG DT @ 16499: 0.074021281453568
INFO - [G] LONG DT @ 16499: 0.063404745162609
INFO - [G] LONG DT @ 16499: 0.053573316130105
INFO - [G] LONG DT @ 16502: 0.076250932342875
INFO - [G] LONG DT @ 16502: 0.062913725874206
INFO - [G] LONG DT @ 16502: 0.052282940699225
INFO - [G] LONG DT @ 16506: 0.075748051083816
INFO - [G] LONG DT @ 16506: 0.064570860867408
INFO - [G] LONG DT @ 16506: 0.053779608693891
INFO - [G] LONG DT @ 16510: 0.073202414187088
INFO - [G] LONG DT @ 16510: 0.062752951349815
INFO - [G] LONG DT @ 16510: 0.052077581079635
INFO - [G] LONG DT @ 16514: 0.073198332151036
INFO - [G] LONG DT @ 16514: 0.062690945720441
INFO - [G] LONG DT @ 16514: 0.05237565657655
INFO - [G] LONG DT @ 16518: 0.070574859498437
INFO - [G] LONG DT @ 16518: 0.058348767598501
INFO - [G] LONG DT @ 16522: 0.077538971378282
INFO - [G] LONG DT @ 16522: 0.065195697103054
INFO - [G] LONG DT @ 16522: 0.054086897682114
INFO - [G] LONG DT @ 16526: 0.067322324728155
INFO - [G] LONG DT @ 16526: 0.055804459782316
INFO - [G] LONG DT @ 16530: 0.063747926769502
INFO - [G] LONG DT @ 16530: 0.053032681415557
INFO - [G] LONG DT @ 16534: 0.059794236422716
INFO - [G] LONG DT @ 16539: 0.065658465139409
INFO - [G] LONG DT @ 16539: 0.054403972111108
INFO - [G] LONG DT @ 16543: 0.061614818030255
INFO - [G] LONG DT @ 16543: 0.050989514424559
INFO - [G] LONG DT @ 16546: 0.075398842374243
INFO - [G] LONG DT @ 16547: 0.063834313899373
INFO - [G] LONG DT @ 16547: 0.053505611119518
INFO - [G] LONG DT @ 16550: 0.078558162918878
INFO - [G] LONG DT @ 16550: 0.065275670335561
INFO - [G] LONG DT @ 16550: 0.054369496268061
INFO - [G] LONG DT @ 16554: 0.080085269442372
INFO - [G] LONG DT @ 16554: 0.066788215553579
INFO - [G] LONG DT @ 16554: 0.055508992443043
INFO - [G] LONG DT @ 16558: 0.07818493696458
INFO - [G] LONG DT @ 16558: 0.064769589571726
INFO - [G] LONG DT @ 16558: 0.054124231657182
INFO - [G] LONG DT @ 16562: 0.074345400073681
INFO - [G] LONG DT @ 16562: 0.061663420058664
INFO - [G] LONG DT @ 16562: 0.051234856047039
INFO - [G] LONG DT @ 16566: 0.072427020185886
INFO - [G] LONG DT @ 16566: 0.06193389614822
INFO - [G] LONG DT @ 16566: 0.051539436918712
INFO - [G] LONG DT @ 16569: 0.074303927238397
INFO - [G] LONG DT @ 16569: 0.063594101790687
INFO - [G] LONG DT @ 16569: 0.052900761431979
INFO - [G] LONG DT @ 16573: 0.069586248281951
INFO - [G] LONG DT @ 16573: 0.057805538625916
INFO - [G] LONG DT @ 16577: 0.072672565980755
INFO - [G] LONG DT @ 16577: 0.060388772784906
INFO - [G] LONG DT @ 16577: 0.050283738227974
INFO - [G] LONG DT @ 16581: 0.066781057001677
INFO - [G] LONG DT @ 16581: 0.056230265601709
INFO - [G] LONG DT @ 16585: 0.065597880127511
INFO - [G] LONG DT @ 16585: 0.054331784102145
INFO - [G] LONG DT @ 16589: 0.06748383215247
INFO - [G] LONG DT @ 16589: 0.055774845721698
INFO - [G] LONG DT @ 16593: 0.065215667895274
INFO - [G] LONG DT @ 16594: 0.055248974316078
INFO - [G] LONG DT @ 16598: 0.068155439260076
INFO - [G] LONG DT @ 16598: 0.056388911408165
INFO - [G] LONG DT @ 16602: 0.066589070976045
INFO - [G] LONG DT @ 16602: 0.055106556780784
INFO - [G] LONG DT @ 16606: 0.062158865680423
INFO - [G] LONG DT @ 16606: 0.051520232544129
INFO - [G] LONG DT @ 16610: 0.062955420249412
INFO - [G] LONG DT @ 16610: 0.052557576200163
INFO - [G] LONG DT @ 16614: 0.064054877846373
INFO - [G] LONG DT @ 16614: 0.052985582277221
INFO - [G] LONG DT @ 16618: 0.068232656181946
INFO - [G] LONG DT @ 16618: 0.056677024945451
INFO - [G] LONG DT @ 16622: 0.0750064301063
INFO - [G] LONG DT @ 16622: 0.064596484085519
INFO - [G] LONG DT @ 16622: 0.053713507268167
INFO - [G] LONG DT @ 16625: 0.078441413223061
INFO - [G] LONG DT @ 16626: 0.064909010578367
INFO - [G] LONG DT @ 16626: 0.053960428462851
INFO - [G] LONG DT @ 16629: 0.070334993088875
INFO - [G] LONG DT @ 16629: 0.058212654471399
INFO - [G] LONG DT @ 16633: 0.071160477569506
INFO - [G] LONG DT @ 16633: 0.060741822055399
INFO - [G] LONG DT @ 16633: 0.052406177644452
INFO - [G] LONG DT @ 16637: 0.070669089292904
INFO - [G] LONG DT @ 16637: 0.058768731434166
INFO - [G] LONG DT @ 16641: 0.070804648352998
INFO - [G] LONG DT @ 16641: 0.060624138682551
INFO - [G] LONG DT @ 16642: 0.051574490945764
INFO - [G] LONG DT @ 16646: 0.070598195362838
INFO - [G] LONG DT @ 16646: 0.061281316290437
INFO - [G] LONG DT @ 16646: 0.051294633032197
INFO - [G] LONG DT @ 16650: 0.074441817074649
INFO - [G] LONG DT @ 16650: 0.062192593659239
INFO - [G] LONG DT @ 16650: 0.051631674927834
INFO - [G] LONG DT @ 16654: 0.070061496797977
INFO - [G] LONG DT @ 16654: 0.058109797438932
INFO - [G] LONG DT @ 16658: 0.06749711862487
INFO - [G] LONG DT @ 16658: 0.056052274899718
INFO - [G] LONG DT @ 16662: 0.067879758739306
INFO - [G] LONG DT @ 16662: 0.056321166991618
INFO - [G] LONG DT @ 16667: 0.062222026872665
INFO - [G] LONG DT @ 16667: 0.051339321497861
INFO - [G] LONG DT @ 12: 0.059789132651182
