INFO - [♥] Lovely 0.7.1
INFO - [♥] Game directory is at "C:\\Program Files (x86)\\Steam\\steamapps\\common\\Balatro"
INFO - [♥] Writing logs to "C:\\Users\\Administrator\\AppData\\Roaming\\Balatro\\Mods\\lovely\\log"
INFO - [♥] Using mod directory at "C:\\Users\\Administrator\\AppData\\Roaming\\Balatro\\Mods"
INFO - [♥] Found .lovelyignore in 'SakashimaJoker', skipping it.
INFO - [♥] Cleaning up dumps directory at "C:\\Users\\Administrator\\AppData\\Roaming\\Balatro\\Mods\\lovely\\dump"
INFO - [♥] Initialization complete in 24ms
WARN - [♥] Pattern 'ϖ' on target 'conf.lua' for pattern patch from 0Bullitro\lovely\numbers.toml resulted in no matches
INFO - [♥] Applied 0 patches to 'conf.lua'
INFO - [♥] Applied 13 patches to 'main.lua'
WARN - [♥] Pattern 'ϖ' on target 'engine/object.lua' for pattern patch from 0Bullitro\lovely\numbers.toml resulted in no matches
INFO - [♥] Applied 4 patches to 'engine/object.lua'
WARN - [♥] Pattern 'ϖ' on target 'engine/string_packer.lua' for pattern patch from 0Bullitro\lovely\numbers.toml resulted in no matches
INFO - [♥] Applied 0 patches to 'engine/string_packer.lua'
INFO - [♥] Applied 7 patches to 'engine/controller.lua'
INFO - [♥] Applied 14 patches to 'back.lua'
INFO - [♥] Applied 7 patches to 'tag.lua'
WARN - [♥] Pattern 'ϖ' on target 'engine/event.lua' for pattern patch from 0Bullitro\lovely\numbers.toml resulted in no matches
WARN - [♥] Pattern '--Class' on target 'engine/event.lua' for pattern patch from 0Bullitro\lovely\numbers.toml resulted in 2 matches, wanted 1
WARN - [♥] Ignoring excess matches
WARN - [♥] Pattern '--Class Methods' on target 'engine/event.lua' for pattern patch from 0Bullitro\lovely\numbers.toml resulted in 2 matches, wanted 1
WARN - [♥] Ignoring excess matches
INFO - [♥] Applied 3 patches to 'engine/event.lua'
WARN - [♥] Pattern 'ϖ' on target 'engine/node.lua' for pattern patch from 0Bullitro\lovely\numbers.toml resulted in no matches
INFO - [♥] Applied 2 patches to 'engine/node.lua'
INFO - [♥] Applied 5 patches to 'engine/moveable.lua'
INFO - [♥] Applied 2 patches to 'engine/sprite.lua'
INFO - [♥] Applied 2 patches to 'engine/animatedsprite.lua'
INFO - [♥] Applied 45 patches to 'functions/misc_functions.lua'
INFO - [♥] Applied 30 patches to 'game.lua'
INFO - [♥] Applied 1 patch to 'globals.lua'
WARN - [♥] Pattern '--Class' on target 'engine/ui.lua' for pattern patch from 0Bullitro\lovely\numbers.toml resulted in 2 matches, wanted 1
WARN - [♥] Ignoring excess matches
INFO - [♥] Applied 8 patches to 'engine/ui.lua'
INFO - [♥] Applied 73 patches to 'functions/UI_definitions.lua'
INFO - [♥] Applied 40 patches to 'functions/state_events.lua'
INFO - [♥] Applied 88 patches to 'functions/common_events.lua'
INFO - [♥] Applied 39 patches to 'functions/button_callbacks.lua'
WARN - [♥] Pattern 'ϖ' on target 'functions/test_functions.lua' for pattern patch from 0Bullitro\lovely\numbers.toml resulted in no matches
INFO - [♥] Applied 0 patches to 'functions/test_functions.lua'
INFO - [♥] Applied 144 patches to 'card.lua'
INFO - [♥] Applied 7 patches to 'cardarea.lua'
INFO - [♥] Applied 31 patches to 'blind.lua'
WARN - [♥] Pattern 'ϖ' on target 'card_character.lua' for pattern patch from 0Bullitro\lovely\numbers.toml resulted in no matches
INFO - [♥] Applied 0 patches to 'card_character.lua'
WARN - [♥] Pattern 'ϖ' on target 'engine/particles.lua' for pattern patch from 0Bullitro\lovely\numbers.toml resulted in no matches
INFO - [♥] Applied 0 patches to 'engine/particles.lua'
INFO - [♥] Applied 3 patches to 'engine/text.lua'
WARN - [♥] Pattern 'ϖ' on target 'challenges.lua' for pattern patch from 0Bullitro\lovely\numbers.toml resulted in no matches
WARN - [♥] Pattern 'ϖ' on target 'challenges.lua' for pattern patch from 0Bullitro\lovely\numbers.toml resulted in no matches
INFO - [♥] Applied 0 patches to 'challenges.lua'
INFO - [G] Failed to connect to the debug server
INFO - [G] 2025-03-09 21:21:04 :: DEBUG :: DebugConsole :: Steamodded Debug Socket started !
INFO - [♥] Applied 10 patches to 'engine/sound_manager.lua'
INFO - [♥] Applied 1 patch to 'engine/save_manager.lua'
WARN - [♥] Pattern 'ϖ' on target 'engine/object.lua' for pattern patch from 0Bullitro\lovely\numbers.toml resulted in no matches
INFO - [♥] Applied 4 patches to 'engine/object.lua'
WARN - [♥] Pattern 'ϖ' on target 'engine/string_packer.lua' for pattern patch from 0Bullitro\lovely\numbers.toml resulted in no matches
INFO - [♥] Applied 0 patches to 'engine/string_packer.lua'
INFO - [G] 2025-03-09 21:21:05 :: ERROR :: Loader :: Found invalid metadata JSON file at C:\Users\Administrator\AppData\Roaming\Balatro\Mods/.vscode/settings.json, ignoring: [SMODS _ "src/loader.lua"]:226: id
INFO - [G] 2025-03-09 21:21:05 :: INFO  :: DefaultLogger :: Valid JSON file found
INFO - [G] 2025-03-09 21:21:05 :: ERROR :: Loader :: Found invalid metadata JSON file at C:\Users\Administrator\AppData\Roaming\Balatro\Mods/Aura/.vscode/settings.json, ignoring: [SMODS _ "src/loader.lua"]:226: id
INFO - [G] 2025-03-09 21:21:05 :: TRACE :: Loader :: Processing Mod file (Legacy header): Aura.lua
INFO - [G] 2025-03-09 21:21:05 :: TRACE :: Loader :: Saving Mod Info: Aura
INFO - [G] 2025-03-09 21:21:05 :: TRACE :: Loader :: Processing Mod file (Legacy header): PreorderCards.lua
INFO - [G] 2025-03-09 21:21:05 :: TRACE :: Loader :: Saving Mod Info: preorder_cards
INFO - [G] 2025-03-09 21:21:05 :: INFO  :: DefaultLogger :: Valid JSON file found
INFO - [G] 2025-03-09 21:21:05 :: INFO  :: DefaultLogger :: Valid JSON file found
INFO - [G] 2025-03-09 21:21:05 :: TRACE :: Loader :: Processing Mod file (Legacy header): HentaiCards.lua
INFO - [G] 2025-03-09 21:21:05 :: WARN  :: Loader :: Duplicate Mod ID: HentaiCards
INFO - [G] 2025-03-09 21:21:05 :: TRACE :: Loader :: Processing Mod file (Legacy header): SakashimaJoker.lua
INFO - [G] 2025-03-09 21:21:05 :: TRACE :: Loader :: Saving Mod Info: SakashimaJoker
INFO - [G] 2025-03-09 21:21:05 :: INFO  :: DefaultLogger :: Valid JSON file found
INFO - [G] 2025-03-09 21:21:05 :: TRACE :: Loader :: Processing Mod file (Legacy header): VintagePinupCards.lua
INFO - [G] 2025-03-09 21:21:05 :: TRACE :: Loader :: Saving Mod Info: VintagePinupCards
INFO - [G] 2025-03-09 21:21:06 :: WARN  :: DeckSkin :: Old DeckSkin formatting detected on DeckSkin lust_LuckHearts!
INFO - [G] 2025-03-09 21:21:06 :: WARN  :: DeckSkin :: Old DeckSkin formatting detected on DeckSkin lust_LuckClubs!
INFO - [G] 2025-03-09 21:21:06 :: WARN  :: DeckSkin :: Old DeckSkin formatting detected on DeckSkin lust_LuckDiamonds!
INFO - [G] 2025-03-09 21:21:06 :: WARN  :: DeckSkin :: Old DeckSkin formatting detected on DeckSkin lust_LuckSpades!
INFO - [G] Picture dimensions: 138 x 186
INFO - [G] Number of animation frames: 8
INFO - [G] Comment inside this GIF: Created with Paint.NET
INFO - [G] Picture dimensions: 138 x 186
INFO - [G] Number of animation frames: 1
INFO - [G] Comment inside this GIF: NO_COMMENT
INFO - [G] Picture dimensions: 138 x 186
INFO - [G] Number of animation frames: 9
INFO - [G] Comment inside this GIF: Created with Paint.NET
INFO - [G] 2025-03-09 21:21:06 :: WARN  :: Atlas :: Object centers has the same key as an existing object, not registering.
INFO - [G] 2025-03-09 21:21:06 :: WARN  :: Atlas :: If you want to modify an existing object, use take_ownership()
INFO - [G] soul_atlas
INFO - [G] 2025-03-09 21:21:06 :: TRACE :: Loader :: Mod SakashimaJoker was unable to load: 
INFO - [G] 2025-03-09 21:21:06 :: INFO  :: TIMER :: [0000] Injected Language in 0.001 ms
INFO - [G] 2025-03-09 21:21:06 :: INFO  :: TIMER :: [0000] Injected [INTERNAL] in 1.219 ms
INFO - [G] mod_tags
INFO - [G] achievements
INFO - [G] lust_AltVersions
INFO - [G] Joker
INFO - [G] centers
INFO - [G] lust_editions
INFO - [G] lust_LustTarot
INFO - [G] Booster
INFO - [G] stickers
INFO - [G] shop_sign
INFO - [G] balatro
INFO - [G] lust_modicon
INFO - [G] BalustroIcons
INFO - [G] lust_BalustroPlayingCards
INFO - [G] lust_LuckPlayingCardsLC
INFO - [G] lust_LuckPlayingCardsHC
INFO - [G] bull_wide_card
INFO - [G] bull_carper_card
INFO - [G] aura_j_faceless
INFO - [G] aura_j_seance
INFO - [G] aura_j_juggler
INFO - [G] aura_c_hearts
INFO - [G] aura_c_diamonds
INFO - [G] aura_c_clubs
INFO - [G] aura_c_spades
INFO - [G] aura_goon_icon_heart
INFO - [G] aura_goon_icon_diamond
INFO - [G] aura_goon_icon_club
INFO - [G] aura_goon_icon_spade
INFO - [G] aura_Jokers-Matoi Ryuuko
INFO - [G] FHC_hentai_cards_deck_lc
INFO - [G] FHC_hentai_cards_deck_hc
INFO - [G] Tarot
INFO - [G] Planet
INFO - [G] Spectral
INFO - [G] soul_atlas
INFO - [G] StickfaceNSFW_8BitDeck_opt2
INFO - [G] StickfaceNSFW_8BitDeck
INFO - [G] StickfaceNSFW_icon_lc
INFO - [G] StickfaceNSFW_icon_hc
INFO - [G] vintage_pinup_cards
INFO - [G] 2025-03-09 21:21:07 :: INFO  :: TIMER :: [0041] Injected Atlas in 1120.426 ms
INFO - [G] 2025-03-09 21:21:07 :: INFO  :: TIMER :: [0053] Injected Sound in 4.712 ms
INFO - [G] 2025-03-09 21:21:07 :: INFO  :: TIMER :: [0008] Injected Stake in 0.312 ms
INFO - [G] 2025-03-09 21:21:07 :: INFO  :: TIMER :: [0004] Injected Rarity in 0.023 ms
INFO - [G] 2025-03-09 21:21:07 :: INFO  :: TIMER :: [0004] Injected ObjectType in 0.035 ms
INFO - [G] 2025-03-09 21:21:07 :: INFO  :: TIMER :: [0214] Injected Center in 2.406 ms
INFO - [G] 2025-03-09 21:21:07 :: INFO  :: TIMER :: [0007] Injected Undiscovered Sprite in 0.039 ms
INFO - [G] 2025-03-09 21:21:07 :: INFO  :: TIMER :: [0002] Injected Blind in 0.018 ms
INFO - [G] 2025-03-09 21:21:07 :: INFO  :: TIMER :: [0004] Injected Seal in 0.119 ms
INFO - [G] 2025-03-09 21:21:07 :: INFO  :: TIMER :: [0004] Injected Suit in 0.061 ms
INFO - [G] 2025-03-09 21:21:07 :: INFO  :: TIMER :: [0013] Injected Rank in 0.071 ms
INFO - [G] 2025-03-09 21:21:07 :: INFO  :: TIMER :: [0052] Injected DeckSkin in 0.483 ms
INFO - [G] 2025-03-09 21:21:07 :: INFO  :: TIMER :: [0012] Injected PokerHand in 0.041 ms
INFO - [G] 2025-03-09 21:21:07 :: INFO  :: TIMER :: [0020] Injected Challenge in 0.027 ms
INFO - [G] 2025-03-09 21:21:07 :: INFO  :: TIMER :: [0000] Injected Tag in 0.001 ms
INFO - [G] 2025-03-09 21:21:07 :: INFO  :: TIMER :: [0004] Injected Sticker in 0.074 ms
INFO - [G] 2025-03-09 21:21:07 :: INFO  :: TIMER :: [0000] Injected Shader in 0.001 ms
INFO - [G] 2025-03-09 21:21:07 :: INFO  :: TIMER :: [0001] Injected Keybind in 0.012 ms
INFO - [G] 2025-03-09 21:21:07 :: INFO  :: TIMER :: [0000] Injected Achievement in 0.027 ms
INFO - [G] 2025-03-09 21:21:07 :: INFO  :: TIMER :: [0000] Injected [INTERNAL] in 1.863 ms
INFO - [G] ERROR LOADING GAME: Card area 'shop_booster' not instantiated before load
INFO - [G] ERROR LOADING GAME: Card area 'shop_vouchers' not instantiated before load
INFO - [G] ERROR LOADING GAME: Card area 'shop_jokers' not instantiated before load
INFO - [G] line not found
INFO - [G] file not found: main.lua: No such file or directory
INFO - [G] file not found: main.lua: No such file or directory
INFO - [G] file not found: main.lua: No such file or directory
INFO - [G] file not found: main.lua: No such file or directory
INFO - [G] 2025-03-09 21:21:38 :: ERROR :: StackTrace :: Oops! The game crashed
[SMODS 0Bullitro "0Bullitro.lua"]:1280: attempt to perform arithmetic on field 'interest_amount' (a nil value)
Stack Traceback
===============
(1) Lua local 'handler' at file 'main.lua:612'
	Local variables:
	 msg = string: "[SMODS 0Bullitro \"0Bullitro.lua\"]:1280: attempt to perform arithmetic on field 'interest_amount' (a nil value)"
	 (*temporary) = Lua function '?' (defined at line 31 of chunk [SMODS _ "src/logging.lua"])
	 (*temporary) = string: "Oops! The game crashed\
"
(2) LÖVE metamethod at file 'boot.lua:352'
	Local variables:
	 errhand = Lua function '?' (defined at line 598 of chunk main.lua)
	 handler = Lua function '?' (defined at line 598 of chunk main.lua)
(3) Lua upvalue 'callback' at file '0Bullitro.lua:1280' (from mod with id 0Bullitro)
	Local variables:
	 contextObject = table: 0x35953d70  {self:table: 0x306a0e48, areaType:any, cardType:self, cardObject:table: 0x31e96a90 (more...)}
	 card = table: 0x31e96a90  {layered_parallax:table: 0x35953d48, click_offset:table: 0x31e96e60, VT:table: 0x31e97360 (more...)}
	 (*temporary) = table: 0x3195b478  {tarot_rate:4, pack_size:2, round_bonus:table: 0x3195c0a8, tag_tally:6, common_mod:1 (more...)}
	 (*temporary) = number: 1
	 (*temporary) = nil
	 (*temporary) = string: "attempt to perform arithmetic on field 'interest_amount' (a nil value)"
(4) Lua method 'remove_from_deck' at file 'engine/object.lua:387'
	Local variables:
	 _self = table: 0x306a0e48  {display_size:table: 0x306884c8, loc_vars:function: 0x30669e10, calc_dollar_bonus:function: 0x306a0f90 (more...)}
	 card = table: 0x31e96a90  {layered_parallax:table: 0x35953d48, click_offset:table: 0x31e96e60, VT:table: 0x31e97360 (more...)}
	 context = nil
(5) Lua method 'remove_from_deck' at file 'card.lua:762'
	Local variables:
	 self = table: 0x31e96a90  {layered_parallax:table: 0x35953d48, click_offset:table: 0x31e96e60, VT:table: 0x31e97360 (more...)}
	 from_debuff = nil
	 obj = table: 0x306a0e48  {display_size:table: 0x306884c8, loc_vars:function: 0x30669e10, calc_dollar_bonus:function: 0x306a0f90 (more...)}
(6) Lua method 'remove' at file 'card.lua:4994'
	Local variables:
	 self = table: 0x31e96a90  {layered_parallax:table: 0x35953d48, click_offset:table: 0x31e96e60, VT:table: 0x31e97360 (more...)}
(7) Lua global 'remove_all' at file 'functions/misc_functions.lua:153'
	Local variables:
	 t = table: 0x2ff55bb0  {1:table: 0x31919e88, 2:table: 0x3191a728, 3:table: 0x31f00028, 4:table: 0x31f01308 (more...)}
	 (for index) = number: 11
	 (for limit) = number: 1
	 (for step) = number: -1
	 i = number: 11
	 v = table: 0x31e96a90  {layered_parallax:table: 0x35953d48, click_offset:table: 0x31e96e60, VT:table: 0x31e97360 (more...)}
(8) Lua method 'delete_run' at file 'game.lua:1164'
	Local variables:
	 self = table: 0x2ff51438  {F_GUIDE:false, F_CRASH_REPORTS:false, F_QUIT_BUTTON:true, HUD_tags:table: 0x321682a0 (more...)}
(9) Lua field 'func' at file 'functions/button_callbacks.lua:3029'
(10) Lua method 'handle' at file 'engine/event.lua:121'
	Local variables:
	 self = table: 0x33cd6be0  {start_timer:true, timer:REAL, func:function: 0x33cd6bc0, blockable:true (more...)}
	 _results = table: 0x313980d0  {blocking:true, pause_skip:false, time_done:false, completed:false}
(11) Lua method 'update' at file 'engine/event.lua:206'
	Local variables:
	 self = table: 0x307d3ac8  {queue_last_processed:30.066666666666, queues:table: 0x307d3af0, queue_dt:0.016666666666667 (more...)}
	 dt = number: 0.0166442
	 forced = nil
	 (for generator) = C function: next
	 (for state) = table: 0x307d3af0  {unlock:table: 0x307b5f20, other:table: 0x307d3b18, tutorial:table: 0x307b5f70 (more...)}
	 (for control) = number: nan
	 k = string: "base"
	 v = table: 0x307b5f48  {1:table: 0x33cd6be0, 2:table: 0x33cd6c50, 3:table: 0x33cd6fe8, 4:table: 0x33cd7410 (more...)}
	 blocked = boolean: false
	 i = number: 1
	 results = table: 0x313980d0  {blocking:true, pause_skip:false, time_done:false, completed:false}
(12) Lua upvalue 'gameUpdateRef' at file 'game.lua:2542'
	Local variables:
	 self = table: 0x2ff51438  {F_GUIDE:false, F_CRASH_REPORTS:false, F_QUIT_BUTTON:true, HUD_tags:table: 0x321682a0 (more...)}
	 dt = number: 0
	 http_resp = nil
(13) Lua upvalue 'old_update' at Steamodded file 'src/ui.lua:84' 
	Local variables:
	 self = table: 0x2ff51438  {F_GUIDE:false, F_CRASH_REPORTS:false, F_QUIT_BUTTON:true, HUD_tags:table: 0x321682a0 (more...)}
	 dt = number: 0.0166442
(14) Lua method 'update' at file 'Aura.lua:203' (from mod with id Aura)
	Local variables:
	 self = table: 0x2ff51438  {F_GUIDE:false, F_CRASH_REPORTS:false, F_QUIT_BUTTON:true, HUD_tags:table: 0x321682a0 (more...)}
	 dt = number: 0.0166442
(15) Lua field 'update' at file 'main.lua:992'
	Local variables:
	 dt = number: 0.0166442
(16) Lua function '?' at file 'main.lua:931' (best guess)
(17) global C function 'xpcall'
(18) LÖVE function at file 'boot.lua:377' (best guess)
	Local variables:
	 func = Lua function '?' (defined at line 902 of chunk main.lua)
	 inerror = boolean: true
	 deferErrhand = Lua function '(LÖVE Function)' (defined at line 348 of chunk [love "boot.lua"])
	 earlyinit = Lua function '(LÖVE Function)' (defined at line 355 of chunk [love "boot.lua"])

INFO - [G] file not found: main.lua: No such file or directory
INFO - [G] file not found: main.lua: No such file or directory
INFO - [G] 2025-03-09 21:21:38 :: INFO  :: StackTrace :: Additional Context:
Balatro Version: 1.0.1o-FULL
Modded Version: 1.0.0~ALPHA-1409a-STEAMODDED
LÖVE Version: 11.5.0
Lovely Version: 0.7.1
Platform: Windows
Steamodded Mods:
    1: Zero Bullitro by BitBites [ID: 0Bullitro, Version: 1.0, Uses Lovely]
    2: Preorder Cards by asd123cqp [ID: preorder_cards]
    3: Aura by MathIsFun_, ChromaPIE, Bard, Grassy311, RattlingSnow353, Solace, RadicaAprils, chloe_cromslor [ID: Aura, Version: 0.023, Uses Lovely]
    4: Hentai Cards by Makubex77, Pheubel (Code) [ID: HentaiCards, Version: 1.1]
    5: Vintage Pinup Cards by NoScope1080 [ID: VintagePinupCards]
    6: Stickface Deck by Stickface [ID: StickfaceNSFWDeck, Version: 1.0.0]
    7: Balustro by someone23832 [ID: Balustro, Priority: -20, Version: 0.12, Uses Lovely]
Lovely Mods:
