INFO - [♥] Lovely 0.7.1
INFO - [♥] Game directory is at "C:\\Program Files (x86)\\Steam\\steamapps\\common\\Balatro"
INFO - [♥] Writing logs to "C:\\Users\\Administrator\\AppData\\Roaming\\Balatro\\Mods\\lovely\\log"
INFO - [♥] Using mod directory at "C:\\Users\\Administrator\\AppData\\Roaming\\Balatro\\Mods"
INFO - [♥] Found .lovelyignore in 'SakashimaJoker', skipping it.
INFO - [♥] Cleaning up dumps directory at "C:\\Users\\Administrator\\AppData\\Roaming\\Balatro\\Mods\\lovely\\dump"
INFO - [♥] Initialization complete in 21ms
INFO - [♥] Applied 12 patches to 'main.lua'
INFO - [♥] Applied 5 patches to 'engine/controller.lua'
INFO - [♥] Applied 13 patches to 'back.lua'
INFO - [♥] Applied 6 patches to 'tag.lua'
INFO - [♥] Applied 1 patch to 'engine/moveable.lua'
INFO - [♥] Applied 2 patches to 'engine/sprite.lua'
INFO - [♥] Applied 2 patches to 'engine/animatedsprite.lua'
INFO - [♥] Applied 44 patches to 'functions/misc_functions.lua'
INFO - [♥] Applied 24 patches to 'game.lua'
INFO - [♥] Applied 1 patch to 'globals.lua'
INFO - [♥] Applied 3 patches to 'engine/ui.lua'
INFO - [♥] Applied 72 patches to 'functions/UI_definitions.lua'
INFO - [♥] Applied 39 patches to 'functions/state_events.lua'
INFO - [♥] Applied 86 patches to 'functions/common_events.lua'
INFO - [♥] Applied 38 patches to 'functions/button_callbacks.lua'
INFO - [♥] Applied 141 patches to 'card.lua'
INFO - [♥] Applied 6 patches to 'cardarea.lua'
INFO - [♥] Applied 30 patches to 'blind.lua'
INFO - [♥] Applied 2 patches to 'engine/text.lua'
INFO - [G] Failed to connect to the debug server
INFO - [G] 2025-03-02 05:03:19 :: DEBUG :: DebugConsole :: Steamodded Debug Socket started !
INFO - [♥] Applied 9 patches to 'engine/sound_manager.lua'
INFO - [♥] Applied 1 patch to 'engine/save_manager.lua'
INFO - [G] 2025-03-02 05:03:20 :: ERROR :: Loader :: Found invalid metadata JSON file at C:\Users\Administrator\AppData\Roaming\Balatro\Mods/.vscode/settings.json, ignoring: [SMODS _ "src/loader.lua"]:226: id
INFO - [G] 2025-03-02 05:03:20 :: TRACE :: Loader :: Processing Mod file (Legacy header): 0Bilitro.lua
INFO - [G] 2025-03-02 05:03:20 :: TRACE :: Loader :: Saving Mod Info: 0Bilitro
INFO - [G] 2025-03-02 05:03:20 :: ERROR :: Loader :: Found invalid metadata JSON file at C:\Users\Administrator\AppData\Roaming\Balatro\Mods/Aura/.vscode/settings.json, ignoring: [SMODS _ "src/loader.lua"]:226: id
INFO - [G] 2025-03-02 05:03:20 :: TRACE :: Loader :: Processing Mod file (Legacy header): Aura.lua
INFO - [G] 2025-03-02 05:03:20 :: TRACE :: Loader :: Saving Mod Info: Aura
INFO - [G] 2025-03-02 05:03:20 :: TRACE :: Loader :: Processing Mod file (Legacy header): PreorderCards.lua
INFO - [G] 2025-03-02 05:03:20 :: TRACE :: Loader :: Saving Mod Info: preorder_cards
INFO - [G] 2025-03-02 05:03:20 :: TRACE :: Loader :: Processing Mod file (Legacy header): SakashimaJoker.lua
INFO - [G] 2025-03-02 05:03:20 :: TRACE :: Loader :: Saving Mod Info: SakashimaJoker
INFO - [G] 2025-03-02 05:03:20 :: TRACE :: Loader :: Mod SakashimaJoker was unable to load: 
INFO - [G] 2025-03-02 05:03:20 :: INFO  :: TIMER :: [0000] Injected Language in 0.001 ms
INFO - [G] 2025-03-02 05:03:20 :: INFO  :: TIMER :: [0000] Injected [INTERNAL] in 1.074 ms
INFO - [G] mod_tags
INFO - [G] 1
INFO - [G] achievements
INFO - [G] 2
INFO - [G] aura_j_joker
INFO - [G] 3
INFO - [G] aura_j_greedy_joker
INFO - [G] 4
INFO - [G] aura_j_lusty_joker
INFO - [G] 5
INFO - [G] aura_j_wrathful_joker
INFO - [G] 6
INFO - [G] aura_j_gluttenous_joker
INFO - [G] 7
INFO - [G] aura_j_dusk
INFO - [G] 8
INFO - [G] aura_j_raised_fist
INFO - [G] 9
INFO - [G] aura_j_hack
INFO - [G] 10
INFO - [G] aura_j_scholar
INFO - [G] 11
INFO - [G] aura_j_blackboard
INFO - [G] 12
INFO - [G] aura_j_sixth_sense
INFO - [G] 13
INFO - [G] aura_j_sixth_sense_extra
INFO - [G] 14
INFO - [G] aura_j_constellation
INFO - [G] 15
INFO - [G] aura_j_faceless
INFO - [G] 16
INFO - [G] aura_j_todo_list
INFO - [G] 17
INFO - [G] aura_j_red_card
INFO - [G] 18
INFO - [G] aura_j_square
INFO - [G] 19
INFO - [G] aura_j_riff_raff
INFO - [G] 20
INFO - [G] aura_j_vagabond
INFO - [G] 21
INFO - [G] aura_j_photograph
INFO - [G] 22
INFO - [G] aura_j_to_the_moon
INFO - [G] 23
INFO - [G] aura_j_flash
INFO - [G] 24
INFO - [G] aura_j_trousers
INFO - [G] 25
INFO - [G] aura_j_castle
INFO - [G] 26
INFO - [G] aura_j_castle_extra
INFO - [G] 27
INFO - [G] aura_j_flower_pot
INFO - [G] 28
INFO - [G] aura_j_blueprint
INFO - [G] 29
INFO - [G] aura_j_wee
INFO - [G] 30
INFO - [G] aura_j_brainstorm
INFO - [G] 31
INFO - [G] aura_j_astronomer
INFO - [G] 32
INFO - [G] 2025-03-02 05:03:21 :: INFO  :: TIMER :: [0032] Injected Atlas in 1302.101 ms
INFO - [G] 2025-03-02 05:03:21 :: INFO  :: TIMER :: [0053] Injected Sound in 4.406 ms
INFO - [G] 2025-03-02 05:03:21 :: INFO  :: TIMER :: [0008] Injected Stake in 0.177 ms
INFO - [G] 2025-03-02 05:03:21 :: INFO  :: TIMER :: [0004] Injected Rarity in 0.014 ms
INFO - [G] 2025-03-02 05:03:21 :: INFO  :: TIMER :: [0004] Injected ObjectType in 0.033 ms
INFO - [G] 2025-03-02 05:03:21 :: INFO  :: TIMER :: [0198] Injected Center in 2.270 ms
INFO - [G] 2025-03-02 05:03:21 :: INFO  :: TIMER :: [0007] Injected Undiscovered Sprite in 0.013 ms
INFO - [G] 2025-03-02 05:03:21 :: INFO  :: TIMER :: [0002] Injected Blind in 0.019 ms
INFO - [G] 2025-03-02 05:03:22 :: INFO  :: TIMER :: [0004] Injected Seal in 0.204 ms
INFO - [G] 2025-03-02 05:03:22 :: INFO  :: TIMER :: [0004] Injected Suit in 0.105 ms
INFO - [G] 2025-03-02 05:03:22 :: INFO  :: TIMER :: [0013] Injected Rank in 0.124 ms
INFO - [G] 2025-03-02 05:03:22 :: INFO  :: TIMER :: [0028] Injected DeckSkin in 0.268 ms
INFO - [G] 2025-03-02 05:03:22 :: INFO  :: TIMER :: [0012] Injected PokerHand in 0.065 ms
INFO - [G] 2025-03-02 05:03:22 :: INFO  :: TIMER :: [0020] Injected Challenge in 0.026 ms
INFO - [G] 2025-03-02 05:03:22 :: INFO  :: TIMER :: [0000] Injected Tag in 0.002 ms
INFO - [G] 2025-03-02 05:03:22 :: INFO  :: TIMER :: [0004] Injected Sticker in 0.105 ms
INFO - [G] 2025-03-02 05:03:22 :: INFO  :: TIMER :: [0000] Injected Shader in 0.002 ms
INFO - [G] 2025-03-02 05:03:22 :: INFO  :: TIMER :: [0001] Injected Keybind in 0.014 ms
INFO - [G] 2025-03-02 05:03:22 :: INFO  :: TIMER :: [0000] Injected Achievement in 0.050 ms
INFO - [G] 2025-03-02 05:03:22 :: INFO  :: TIMER :: [0000] Injected [INTERNAL] in 0.705 ms
