INFO - [♥] Lovely 0.7.1
INFO - [♥] Game directory is at "C:\\Program Files (x86)\\Steam\\steamapps\\common\\Balatro"
INFO - [♥] Writing logs to "C:\\Users\\Administrator\\AppData\\Roaming\\Balatro\\Mods\\lovely\\log"
INFO - [♥] Using mod directory at "C:\\Users\\Administrator\\AppData\\Roaming\\Balatro\\Mods"
INFO - [♥] Found .lovelyignore in 'SakashimaJoker', skipping it.
INFO - [♥] Cleaning up dumps directory at "C:\\Users\\Administrator\\AppData\\Roaming\\Balatro\\Mods\\lovely\\dump"
INFO - [♥] Initialization complete in 20ms
INFO - [♥] Applied 12 patches to 'main.lua'
INFO - [♥] Applied 5 patches to 'engine/controller.lua'
INFO - [♥] Applied 13 patches to 'back.lua'
INFO - [♥] Applied 6 patches to 'tag.lua'
INFO - [♥] Applied 1 patch to 'engine/moveable.lua'
INFO - [♥] Applied 2 patches to 'engine/sprite.lua'
INFO - [♥] Applied 2 patches to 'engine/animatedsprite.lua'
INFO - [♥] Applied 44 patches to 'functions/misc_functions.lua'
INFO - [♥] Applied 24 patches to 'game.lua'
INFO - [♥] Applied 1 patch to 'globals.lua'
INFO - [♥] Applied 3 patches to 'engine/ui.lua'
INFO - [♥] Applied 72 patches to 'functions/UI_definitions.lua'
INFO - [♥] Applied 39 patches to 'functions/state_events.lua'
INFO - [♥] Applied 86 patches to 'functions/common_events.lua'
INFO - [♥] Applied 38 patches to 'functions/button_callbacks.lua'
INFO - [♥] Applied 141 patches to 'card.lua'
INFO - [♥] Applied 6 patches to 'cardarea.lua'
INFO - [♥] Applied 30 patches to 'blind.lua'
INFO - [♥] Applied 2 patches to 'engine/text.lua'
INFO - [G] Failed to connect to the debug server
INFO - [G] 2025-02-27 23:45:00 :: DEBUG :: DebugConsole :: Steamodded Debug Socket started !
INFO - [♥] Applied 9 patches to 'engine/sound_manager.lua'
INFO - [♥] Applied 1 patch to 'engine/save_manager.lua'
INFO - [G] 2025-02-27 23:45:01 :: ERROR :: Loader :: Found invalid metadata JSON file at C:\Users\Administrator\AppData\Roaming\Balatro\Mods/.vscode/settings.json, ignoring: [SMODS _ "src/loader.lua"]:226: id
INFO - [G] 2025-02-27 23:45:01 :: ERROR :: Loader :: Found invalid metadata JSON file at C:\Users\Administrator\AppData\Roaming\Balatro\Mods/Aura/.vscode/settings.json, ignoring: [SMODS _ "src/loader.lua"]:226: id
INFO - [G] 2025-02-27 23:45:01 :: TRACE :: Loader :: Processing Mod file (Legacy header): Aura.lua
INFO - [G] 2025-02-27 23:45:01 :: TRACE :: Loader :: Saving Mod Info: Aura
INFO - [G] 2025-02-27 23:45:01 :: TRACE :: Loader :: Processing Mod file (Legacy header): PreorderCards.lua
INFO - [G] 2025-02-27 23:45:01 :: TRACE :: Loader :: Saving Mod Info: preorder_cards
INFO - [G] 2025-02-27 23:45:01 :: TRACE :: Loader :: Processing Mod file (Legacy header): SakashimaJoker.lua
INFO - [G] 2025-02-27 23:45:01 :: TRACE :: Loader :: Saving Mod Info: SakashimaJoker
INFO - [G] 2025-02-27 23:45:01 :: TRACE :: Loader :: Mod SakashimaJoker was unable to load: 
INFO - [G] 2025-02-27 23:45:01 :: INFO  :: TIMER :: [0000] Injected Language in 0.001 ms
INFO - [G] 2025-02-27 23:45:01 :: INFO  :: TIMER :: [0000] Injected [INTERNAL] in 1.230 ms
INFO - [G] 2025-02-27 23:45:02 :: INFO  :: TIMER :: [0032] Injected Atlas in 1289.825 ms
INFO - [G] 2025-02-27 23:45:02 :: INFO  :: TIMER :: [0053] Injected Sound in 4.904 ms
INFO - [G] 2025-02-27 23:45:02 :: INFO  :: TIMER :: [0008] Injected Stake in 0.118 ms
INFO - [G] 2025-02-27 23:45:02 :: INFO  :: TIMER :: [0004] Injected Rarity in 0.019 ms
INFO - [G] 2025-02-27 23:45:02 :: INFO  :: TIMER :: [0004] Injected ObjectType in 0.029 ms
INFO - [G] 2025-02-27 23:45:02 :: INFO  :: TIMER :: [0198] Injected Center in 2.206 ms
INFO - [G] 2025-02-27 23:45:02 :: INFO  :: TIMER :: [0007] Injected Undiscovered Sprite in 0.040 ms
INFO - [G] 2025-02-27 23:45:02 :: INFO  :: TIMER :: [0002] Injected Blind in 0.014 ms
INFO - [G] 2025-02-27 23:45:03 :: INFO  :: TIMER :: [0004] Injected Seal in 0.140 ms
INFO - [G] 2025-02-27 23:45:03 :: INFO  :: TIMER :: [0004] Injected Suit in 0.074 ms
INFO - [G] 2025-02-27 23:45:03 :: INFO  :: TIMER :: [0013] Injected Rank in 0.069 ms
INFO - [G] 2025-02-27 23:45:03 :: INFO  :: TIMER :: [0028] Injected DeckSkin in 0.196 ms
INFO - [G] 2025-02-27 23:45:03 :: INFO  :: TIMER :: [0012] Injected PokerHand in 0.113 ms
INFO - [G] 2025-02-27 23:45:03 :: INFO  :: TIMER :: [0020] Injected Challenge in 0.028 ms
INFO - [G] 2025-02-27 23:45:03 :: INFO  :: TIMER :: [0000] Injected Tag in 0.002 ms
INFO - [G] 2025-02-27 23:45:03 :: INFO  :: TIMER :: [0004] Injected Sticker in 0.096 ms
INFO - [G] 2025-02-27 23:45:03 :: INFO  :: TIMER :: [0000] Injected Shader in 0.002 ms
INFO - [G] 2025-02-27 23:45:03 :: INFO  :: TIMER :: [0001] Injected Keybind in 0.014 ms
INFO - [G] 2025-02-27 23:45:03 :: INFO  :: TIMER :: [0000] Injected Achievement in 0.041 ms
INFO - [G] 2025-02-27 23:45:03 :: INFO  :: TIMER :: [0000] Injected [INTERNAL] in 0.444 ms
INFO - [G] line not found
INFO - [G] file not found: main.lua: No such file or directory
INFO - [G] file not found: main.lua: No such file or directory
INFO - [G] file not found: main.lua: No such file or directory
INFO - [G] file not found: main.lua: No such file or directory
INFO - [G] 2025-02-27 23:45:13 :: ERROR :: StackTrace :: Oops! The game crashed
[SMODS Aura "Aura.lua"]:352: attempt to index local 'sound_effects_schedule' (a nil value)
Stack Traceback
===============
(1) Lua local 'handler' at file 'main.lua:612'
	Local variables:
	 msg = string: "[SMODS Aura \"Aura.lua\"]:352: attempt to index local 'sound_effects_schedule' (a nil value)"
	 (*temporary) = Lua function '?' (defined at line 31 of chunk [SMODS _ "src/logging.lua"])
	 (*temporary) = string: "Oops! The game crashed\
"
(2) LÖVE metamethod at file 'boot.lua:352'
	Local variables:
	 errhand = Lua function '?' (defined at line 598 of chunk main.lua)
	 handler = Lua function '?' (defined at line 598 of chunk main.lua)
(3) Lua upvalue 'adv_anim_obj_pos' at file 'Aura.lua:352' (from mod with id Aura)
	Local variables:
	 anim_obj = table: 0x3294db20  {animation:table: 0x32657e98, joker:table: 0x3299cd48}
	 obj_pos = table: 0x32a13100  {y:0, x:0}
	 target = number: 9
	 anim = table: 0x32657e98  {frames:26, frames_per_row:13, individual:true, immediate:true}
	 jkr = table: 0x3299cd48  {click_offset:table: 0x3296ee18, STATIONARY:false, children:table: 0x32a4f668 (more...)}
	 loc = number: 9
	 frame_number = number: 10
	 sound_effects_schedule = nil
	 (*temporary) = table: 0x32de7b88  {y:5.0328214482952, x:8.5221540043056}
	 (*temporary) = table: 0x329f6610  {sin:0.99160295588222, cos:-0.12931967323517}
	 (*temporary) = number: 0
	 (*temporary) = number: 12.7208
	 (*temporary) = number: 11.3522
	 (*temporary) = number: 2.70439
	 (*temporary) = number: 1.37561
	 (*temporary) = number: 1800
	 (*temporary) = table: 0x3263ab20  {W_offset:0, letters:table: 0x32679988, W:1.98, H:0.415, H_offset:0, string:Page 7/10 (more...)}
	 (*temporary) = string: "attempt to index local 'sound_effects_schedule' (a nil value)"
(4) Lua field 'update_frame' at file 'Aura.lua:399' (from mod with id Aura)
	Local variables:
	 dt = number: 0.0165919
	 k = string: "j_flash"
	 obj = table: 0x32a130d8  {alerted:true, _saved_d_u:true, original_key:j_flash, mod:table: 0x327ddf88 (more...)}
	 jkr = table: 0x3299cd48  {click_offset:table: 0x3296ee18, STATIONARY:false, children:table: 0x32a4f668 (more...)}
	 next_frame = boolean: true
	 next_frame_extra = boolean: false
	 anim = table: 0x32657e98  {frames:26, frames_per_row:13, individual:true, immediate:true}
	 obj_pos = table: 0x32a13100  {y:0, x:0}
(5) Lua method 'update' at file 'Aura.lua:412' (from mod with id Aura)
	Local variables:
	 self = table: 0x32490660  {F_GUIDE:false, F_CRASH_REPORTS:false, F_QUIT_BUTTON:true, F_ENGLISH_ONLY:false (more...)}
	 dt = number: 0.0165919
	 (for generator) = C function: next
	 (for state) = table: 0x3269bb50  {1:table: 0x3299cd48}
	 (for control) = number: nan
	 _ = number: 1
	 v = table: 0x3299cd48  {click_offset:table: 0x3296ee18, STATIONARY:false, children:table: 0x32a4f668 (more...)}
(6) Lua field 'update' at file 'main.lua:992'
	Local variables:
	 dt = number: 0.0165919
(7) Lua function '?' at file 'main.lua:931' (best guess)
(8) global C function 'xpcall'
(9) LÖVE function at file 'boot.lua:377' (best guess)
	Local variables:
	 func = Lua function '?' (defined at line 902 of chunk main.lua)
	 inerror = boolean: true
	 deferErrhand = Lua function '(LÖVE Function)' (defined at line 348 of chunk [love "boot.lua"])
	 earlyinit = Lua function '(LÖVE Function)' (defined at line 355 of chunk [love "boot.lua"])

INFO - [G] file not found: main.lua: No such file or directory
INFO - [G] file not found: main.lua: No such file or directory
INFO - [G] 2025-02-27 23:45:13 :: INFO  :: StackTrace :: Additional Context:
Balatro Version: 1.0.1o-FULL
Modded Version: 1.0.0~ALPHA-1409a-STEAMODDED
LÖVE Version: 11.5.0
Lovely Version: 0.7.1
Platform: Windows
Steamodded Mods:
    1: Aura by MathIsFun_, ChromaPIE, Bard, Grassy311, RattlingSnow353, Solace, RadicaAprils, chloe_cromslor [ID: Aura, Version: 0.023, Uses Lovely]
    2: Preorder Cards by asd123cqp [ID: preorder_cards]
Lovely Mods:
