INFO - [♥] Lovely 0.7.1
INFO - [♥] Game directory is at "C:\\Program Files (x86)\\Steam\\steamapps\\common\\Balatro"
INFO - [♥] Writing logs to "C:\\Users\\Administrator\\AppData\\Roaming\\Balatro\\Mods\\lovely\\log"
INFO - [♥] Using mod directory at "C:\\Users\\Administrator\\AppData\\Roaming\\Balatro\\Mods"
INFO - [♥] Found .lovelyignore in 'SakashimaJoker', skipping it.
INFO - [♥] Cleaning up dumps directory at "C:\\Users\\Administrator\\AppData\\Roaming\\Balatro\\Mods\\lovely\\dump"
INFO - [♥] Initialization complete in 22ms
INFO - [♥] Applied 12 patches to 'main.lua'
INFO - [♥] Applied 5 patches to 'engine/controller.lua'
INFO - [♥] Applied 13 patches to 'back.lua'
INFO - [♥] Applied 6 patches to 'tag.lua'
INFO - [♥] Applied 1 patch to 'engine/moveable.lua'
INFO - [♥] Applied 2 patches to 'engine/sprite.lua'
INFO - [♥] Applied 2 patches to 'engine/animatedsprite.lua'
INFO - [♥] Applied 44 patches to 'functions/misc_functions.lua'
INFO - [♥] Applied 24 patches to 'game.lua'
INFO - [♥] Applied 1 patch to 'globals.lua'
INFO - [♥] Applied 3 patches to 'engine/ui.lua'
INFO - [♥] Applied 72 patches to 'functions/UI_definitions.lua'
INFO - [♥] Applied 39 patches to 'functions/state_events.lua'
INFO - [♥] Applied 86 patches to 'functions/common_events.lua'
INFO - [♥] Applied 38 patches to 'functions/button_callbacks.lua'
INFO - [♥] Applied 141 patches to 'card.lua'
INFO - [♥] Applied 6 patches to 'cardarea.lua'
INFO - [♥] Applied 30 patches to 'blind.lua'
INFO - [♥] Applied 2 patches to 'engine/text.lua'
INFO - [G] Failed to connect to the debug server
INFO - [G] 2025-02-27 16:27:23 :: DEBUG :: DebugConsole :: Steamodded Debug Socket started !
INFO - [♥] Applied 9 patches to 'engine/sound_manager.lua'
INFO - [♥] Applied 1 patch to 'engine/save_manager.lua'
INFO - [G] 2025-02-27 16:27:25 :: ERROR :: Loader :: Found invalid metadata JSON file at C:\Users\Administrator\AppData\Roaming\Balatro\Mods/.vscode/settings.json, ignoring: [SMODS _ "src/loader.lua"]:226: id
INFO - [G] 2025-02-27 16:27:25 :: ERROR :: Loader :: Found invalid metadata JSON file at C:\Users\Administrator\AppData\Roaming\Balatro\Mods/Aura-main/.vscode/settings.json, ignoring: [SMODS _ "src/loader.lua"]:226: id
INFO - [G] 2025-02-27 16:27:25 :: TRACE :: Loader :: Processing Mod file (Legacy header): Aura.lua
INFO - [G] 2025-02-27 16:27:25 :: TRACE :: Loader :: Saving Mod Info: Aura
INFO - [G] 2025-02-27 16:27:25 :: TRACE :: Loader :: Processing Mod file (Legacy header): PreorderCards.lua
INFO - [G] 2025-02-27 16:27:25 :: TRACE :: Loader :: Saving Mod Info: preorder_cards
INFO - [G] 2025-02-27 16:27:25 :: TRACE :: Loader :: Processing Mod file (Legacy header): SakashimaJoker.lua
INFO - [G] 2025-02-27 16:27:25 :: TRACE :: Loader :: Saving Mod Info: SakashimaJoker
INFO - [G] 2025-02-27 16:27:25 :: TRACE :: Loader :: Mod SakashimaJoker was unable to load: 
INFO - [G] 2025-02-27 16:27:25 :: INFO  :: TIMER :: [0000] Injected Language in 0.002 ms
INFO - [G] 2025-02-27 16:27:25 :: INFO  :: TIMER :: [0000] Injected [INTERNAL] in 0.925 ms
INFO - [G] 2025-02-27 16:27:26 :: INFO  :: TIMER :: [0032] Injected Atlas in 1289.930 ms
INFO - [G] 2025-02-27 16:27:26 :: INFO  :: TIMER :: [0001] Injected Sound in 0.245 ms
INFO - [G] 2025-02-27 16:27:26 :: INFO  :: TIMER :: [0008] Injected Stake in 0.143 ms
INFO - [G] 2025-02-27 16:27:26 :: INFO  :: TIMER :: [0004] Injected Rarity in 0.017 ms
INFO - [G] 2025-02-27 16:27:26 :: INFO  :: TIMER :: [0004] Injected ObjectType in 0.028 ms
INFO - [G] 2025-02-27 16:27:26 :: INFO  :: TIMER :: [0198] Injected Center in 2.202 ms
INFO - [G] 2025-02-27 16:27:26 :: INFO  :: TIMER :: [0007] Injected Undiscovered Sprite in 0.013 ms
INFO - [G] 2025-02-27 16:27:26 :: INFO  :: TIMER :: [0002] Injected Blind in 0.016 ms
INFO - [G] 2025-02-27 16:27:26 :: INFO  :: TIMER :: [0004] Injected Seal in 0.128 ms
INFO - [G] 2025-02-27 16:27:26 :: INFO  :: TIMER :: [0004] Injected Suit in 0.117 ms
INFO - [G] 2025-02-27 16:27:26 :: INFO  :: TIMER :: [0013] Injected Rank in 0.148 ms
INFO - [G] 2025-02-27 16:27:26 :: INFO  :: TIMER :: [0028] Injected DeckSkin in 0.182 ms
INFO - [G] 2025-02-27 16:27:26 :: INFO  :: TIMER :: [0012] Injected PokerHand in 0.102 ms
INFO - [G] 2025-02-27 16:27:26 :: INFO  :: TIMER :: [0020] Injected Challenge in 0.120 ms
INFO - [G] 2025-02-27 16:27:26 :: INFO  :: TIMER :: [0000] Injected Tag in 0.002 ms
INFO - [G] 2025-02-27 16:27:26 :: INFO  :: TIMER :: [0004] Injected Sticker in 0.085 ms
INFO - [G] 2025-02-27 16:27:26 :: INFO  :: TIMER :: [0000] Injected Shader in 0.002 ms
INFO - [G] 2025-02-27 16:27:26 :: INFO  :: TIMER :: [0001] Injected Keybind in 0.023 ms
INFO - [G] 2025-02-27 16:27:26 :: INFO  :: TIMER :: [0000] Injected Achievement in 0.045 ms
INFO - [G] 2025-02-27 16:27:26 :: INFO  :: TIMER :: [0000] Injected [INTERNAL] in 0.486 ms
INFO - [G] line not found
INFO - [G] file not found: main.lua: No such file or directory
INFO - [G] file not found: main.lua: No such file or directory
INFO - [G] file not found: main.lua: No such file or directory
INFO - [G] file not found: main.lua: No such file or directory
INFO - [G] 2025-02-27 16:27:27 :: ERROR :: StackTrace :: Oops! The game crashed
[SMODS Aura "Aura.lua"]:280: attempt to index local 'anim' (a nil value)
Stack Traceback
===============
(1) Lua local 'handler' at file 'main.lua:612'
	Local variables:
	 msg = string: "[SMODS Aura \"Aura.lua\"]:280: attempt to index local 'anim' (a nil value)"
	 (*temporary) = Lua function '?' (defined at line 31 of chunk [SMODS _ "src/logging.lua"])
	 (*temporary) = string: "Oops! The game crashed\
"
(2) LÖVE metamethod at file 'boot.lua:352'
	Local variables:
	 errhand = Lua function '?' (defined at line 598 of chunk main.lua)
	 handler = Lua function '?' (defined at line 598 of chunk main.lua)
(3) Lua upvalue 'adv_anim_obj_pos' at file 'Aura.lua:280' (from mod with id Aura)
	Local variables:
	 anim_obj = table: 0x288e6708  {frames:69, frames_per_row:9, start_frame:0, extra:table: 0x2880f018, t:0.010043565594027 (more...)}
	 obj_pos = table: 0x285505a0  {y:0, x:0, extra:table: 0x287d9210}
	 target = nil
	 anim = nil
	 (*temporary) = number: 0
	 (*temporary) = boolean: true
	 (*temporary) = boolean: false
	 (*temporary) = string: "attempt to index local 'anim' (a nil value)"
(4) Lua field 'update_frame' at file 'Aura.lua:306' (from mod with id Aura)
	Local variables:
	 dt = number: 0.0143058
	 k = string: "j_castle"
	 obj = table: 0x2881c730  {alerted:true, _saved_d_u:true, original_key:j_castle, mod:table: 0x284d0770 (more...)}
	 jkr = nil
	 next_frame = boolean: true
	 next_frame_extra = boolean: false
	 anim = table: 0x288e6708  {frames:69, frames_per_row:9, start_frame:0, extra:table: 0x2880f018, t:0.010043565594027 (more...)}
	 obj_pos = table: 0x285505a0  {y:0, x:0, extra:table: 0x287d9210}
(5) Lua method 'update' at file 'Aura.lua:316' (from mod with id Aura)
	Local variables:
	 self = table: 0x28240410  {F_GUIDE:false, F_CRASH_REPORTS:false, F_QUIT_BUTTON:true, F_ENGLISH_ONLY:false (more...)}
	 dt = number: 0.0143058
	 (for generator) = C function: next
	 (for state) = table: 0x28551690  {j_mime:table: 0x283df740, j_sly:table: 0x284452c8, j_ceremonial:table: 0x2825c908 (more...)}
	 (for control) = number: nan
	 k = string: "j_castle"
	 v = table: 0x288e6708  {frames:69, frames_per_row:9, start_frame:0, extra:table: 0x2880f018, t:0.010043565594027 (more...)}
(6) Lua field 'update' at file 'main.lua:992'
	Local variables:
	 dt = number: 0.0143058
(7) Lua function '?' at file 'main.lua:931' (best guess)
(8) global C function 'xpcall'
(9) LÖVE function at file 'boot.lua:377' (best guess)
	Local variables:
	 func = Lua function '?' (defined at line 902 of chunk main.lua)
	 inerror = boolean: true
	 deferErrhand = Lua function '(LÖVE Function)' (defined at line 348 of chunk [love "boot.lua"])
	 earlyinit = Lua function '(LÖVE Function)' (defined at line 355 of chunk [love "boot.lua"])

INFO - [G] file not found: main.lua: No such file or directory
INFO - [G] file not found: main.lua: No such file or directory
INFO - [G] 2025-02-27 16:27:27 :: INFO  :: StackTrace :: Additional Context:
Balatro Version: 1.0.1o-FULL
Modded Version: 1.0.0~ALPHA-1409a-STEAMODDED
LÖVE Version: 11.5.0
Lovely Version: 0.7.1
Platform: Windows
Steamodded Mods:
    1: Aura by MathIsFun_, ChromaPIE, Bard, Grassy311, RattlingSnow353, Solace, RadicaAprils, chloe_cromslor [ID: Aura, Version: 0.023, Uses Lovely]
    2: Preorder Cards by asd123cqp [ID: preorder_cards]
Lovely Mods:
