INFO - [♥] Lovely 0.7.1
INFO - [♥] Game directory is at "C:\\Program Files (x86)\\Steam\\steamapps\\common\\Balatro"
INFO - [♥] Writing logs to "C:\\Users\\Administrator\\AppData\\Roaming\\Balatro\\Mods\\lovely\\log"
INFO - [♥] Using mod directory at "C:\\Users\\Administrator\\AppData\\Roaming\\Balatro\\Mods"
INFO - [♥] Found .lovelyignore in 'SakashimaJoker', skipping it.
INFO - [♥] Cleaning up dumps directory at "C:\\Users\\Administrator\\AppData\\Roaming\\Balatro\\Mods\\lovely\\dump"
INFO - [♥] Initialization complete in 40ms
INFO - [♥] Applied 12 patches to 'main.lua'
INFO - [♥] Applied 5 patches to 'engine/controller.lua'
INFO - [♥] Applied 13 patches to 'back.lua'
INFO - [♥] Applied 6 patches to 'tag.lua'
INFO - [♥] Applied 1 patch to 'engine/moveable.lua'
INFO - [♥] Applied 2 patches to 'engine/sprite.lua'
INFO - [♥] Applied 2 patches to 'engine/animatedsprite.lua'
INFO - [♥] Applied 44 patches to 'functions/misc_functions.lua'
INFO - [♥] Applied 24 patches to 'game.lua'
INFO - [♥] Applied 1 patch to 'globals.lua'
INFO - [♥] Applied 3 patches to 'engine/ui.lua'
INFO - [♥] Applied 72 patches to 'functions/UI_definitions.lua'
INFO - [♥] Applied 39 patches to 'functions/state_events.lua'
INFO - [♥] Applied 86 patches to 'functions/common_events.lua'
INFO - [♥] Applied 38 patches to 'functions/button_callbacks.lua'
INFO - [♥] Applied 141 patches to 'card.lua'
INFO - [♥] Applied 6 patches to 'cardarea.lua'
INFO - [♥] Applied 30 patches to 'blind.lua'
INFO - [♥] Applied 2 patches to 'engine/text.lua'
INFO - [G] Failed to connect to the debug server
INFO - [G] 2025-03-02 05:58:28 :: DEBUG :: DebugConsole :: Steamodded Debug Socket started !
INFO - [♥] Applied 9 patches to 'engine/sound_manager.lua'
INFO - [♥] Applied 1 patch to 'engine/save_manager.lua'
INFO - [G] 2025-03-02 05:58:30 :: ERROR :: Loader :: Found invalid metadata JSON file at C:\Users\Administrator\AppData\Roaming\Balatro\Mods/.vscode/settings.json, ignoring: [SMODS _ "src/loader.lua"]:226: id
INFO - [G] 2025-03-02 05:58:30 :: TRACE :: Loader :: Processing Mod file (Legacy header): 0Bilitro.lua
INFO - [G] 2025-03-02 05:58:30 :: TRACE :: Loader :: Saving Mod Info: 0Bilitro
INFO - [G] 2025-03-02 05:58:30 :: ERROR :: Loader :: Found invalid metadata JSON file at C:\Users\Administrator\AppData\Roaming\Balatro\Mods/Aura/.vscode/settings.json, ignoring: [SMODS _ "src/loader.lua"]:226: id
INFO - [G] 2025-03-02 05:58:30 :: TRACE :: Loader :: Processing Mod file (Legacy header): Aura.lua
INFO - [G] 2025-03-02 05:58:30 :: TRACE :: Loader :: Saving Mod Info: Aura
INFO - [G] 2025-03-02 05:58:30 :: TRACE :: Loader :: Processing Mod file (Legacy header): PreorderCards.lua
INFO - [G] 2025-03-02 05:58:30 :: TRACE :: Loader :: Saving Mod Info: preorder_cards
INFO - [G] 2025-03-02 05:58:30 :: TRACE :: Loader :: Processing Mod file (Legacy header): SakashimaJoker.lua
INFO - [G] 2025-03-02 05:58:30 :: TRACE :: Loader :: Saving Mod Info: SakashimaJoker
INFO - [G] Picture dimensions: 138 x 186
INFO - [G] Number of animation frames: 8
INFO - [G] Comment inside this GIF: Created with Paint.NET
INFO - [G] line not found
INFO - [G] file not found: main.lua: No such file or directory
INFO - [G] file not found: main.lua: No such file or directory
INFO - [G] line not found
INFO - [G] line not found
INFO - [G] file not found: main.lua: No such file or directory
INFO - [G] 2025-03-02 05:58:30 :: ERROR :: StackTrace :: Oops! The game crashed
[SMODS Aura "Aura.lua"]:424: attempt to call a table value
Stack Traceback
===============
(1) Lua local 'handler' at file 'main.lua:612'
	Local variables:
	 msg = string: "[SMODS Aura \"Aura.lua\"]:424: attempt to call a table value"
	 (*temporary) = Lua function '?' (defined at line 31 of chunk [SMODS _ "src/logging.lua"])
	 (*temporary) = string: "Oops! The game crashed\
"
(2) LÖVE local at file 'boot.lua:352'
	Local variables:
	 errhand = Lua function '?' (defined at line 598 of chunk main.lua)
	 handler = Lua function '?' (defined at line 598 of chunk main.lua)
(3) main chunk of file 'Aura.lua' at line 424 (from mod with id Aura)
(4) Lua global 'loadMods' at Steamodded file 'src/loader.lua:571' 
	Local variables:
	 modsDirectory = string: "C:\\Users\\Administrator\\AppData\\Roaming\\Balatro\\Mods"
	 header_components = table: 0x344ee418  {version:table: 0x3450ab20, id:table: 0x34026c98, conflicts:table: 0x3448c6e8 (more...)}
	 json_spec = table: 0x34560828  {version:table: 0x34075768, id:table: 0x344bec40, main_file:table: 0x340d9878 (more...)}
	 used_prefixes = table: 0x34057a78  {0bil:0Bilitro, saka:SakashimaJoker, aura:Aura, preo:preorder_cards}
	 lovely_directories = table: 0x34057aa0  {1:C:\Users\Administrator\AppData\Roaming\Balatro\Mods/Aura/}
	 processDirectory = Lua function '?' (defined at line 185 of chunk [SMODS _ "src/loader.lua"])
	 keyset = table: 0x3477ea20  {1:0}
	 check_dependencies = Lua function '?' (defined at line 419 of chunk [SMODS _ "src/loader.lua"])
	 (for generator) = C function: builtin#6
	 (for state) = table: 0x3477ea20  {1:0}
	 (for control) = number: 1
	 _ = number: 1
	 priority = number: 0
	 (for generator) = C function: builtin#6
	 (for state) = table: 0x3411e6e8  {1:table: 0x342332b8, 2:table: 0x34224338, 3:table: 0x33f35de8, 4:table: 0x34449308 (more...)}
	 (for control) = number: 2
	 _ = number: 2
	 mod = table: 0x34224338  {version:0.023, id:Aura, main_file:Aura.lua, lovely:true, can_load:true (more...)}
(5) Lua global 'initSteamodded' at Steamodded file 'src/loader.lua:654' 
(6) Lua method 'start_up' at file 'game.lua:211'
	Local variables:
	 self = table: 0x33f25218  {SPEEDFACTOR:1, F_GUIDE:false, keybind_mapping:table: 0x33f30218, F_CRASH_REPORTS:false (more...)}
	 settings = string: "return {[\"version\"]=\"1.0.1o-FULL\",[\"reduced_motion\"]=false,[\"paused\"]=false,[\"QUEUED_CHANGE\"]={},[\"COMP\"]={[\"prev_name\"]=\"\",[\"name\"]=\"\",[\"score\"]=899712,},[\"colourblind_option\"]=false,[\"play_button_pos\"]=2,[\"CUSTOM_DECK\"]={[\"Collabs\"]={[\"Spades\"]=\"default_Spades\",[\"Hearts\"]=\"default_Hearts\",[\"Diamonds\"]=\"default_Diamonds\",[\"Clubs\"]=\"default_Clubs\",},},[\"colour_palettes\"]={[\"Spades\"]=\"lc\",[\"Hearts\"]=\"lc\",[\"Diamonds\"]=\"lc\",[\"Clubs\"]=\"lc\",},[\"crashreports\"]=false,[\"tutorial_progress\"]={[\"hold_parts\"]={[\"first_hand_3\"]=true,[\"small_blind\"]=true,[\"big_blind\"]=true,[\"first_hand_4\"]=true,[\"second_hand\"]=true,[\"shop_1\"]=true,[\"first_hand_2\"]=true,[\"first_hand\"]=true,},[\"section\"]=\"second_hand\",[\"completed_parts\"]={[\"first_hand\"]=true,[\"first_hand_3\"]=true,[\"small_blind\"]=true,[\"big_blind\"]=true,[\"first_hand_4\"]=true,[\"shop_1\"]=true,[\"first_hand_section\"]=true,[\"first_hand_2\"]=true,[\"second_hand\"]=true,},},[\"language\"]=\"en-us\",[\"profile\"]=1,[\"WINDOW\"]={[\"vsync\"]=1,[\"display_names\"]={[1]=\"1\",},[\"screenmode\"]=\"Borderless\",[\"DISPLAYS\"]={[1]={[\"screen_resolutions\"]={[\"strings\"]={[1]=\"1920 X 1080\",},[\"values\"]={[1]={[\"w\"]=1920,[\"h\"]=1080,},},},[\"screen_res\"]={[\"w\"]=1920,[\"h\"]=1080,},[\"DPI_scale\"]=1,[\"MONITOR_DIMS\"]={[\"height\"]=1080,[\"width\"]=1920,},},},[\"selected_display\"]=1,},[\"run_stake_stickers\"]=true,[\"GAMESPEED\"]=4,[\"SOUND\"]={[\"volume\"]=50,[\"music_volume\"]=0,[\"game_sounds_volume\"]=100,},[\"music_control\"]={[\"current_track\"]=\"\",[\"desired_track\"]=\"\",[\"lerp\"]=1,},[\"ACHIEVEMENTS_EARNED\"]={[\"card_discarder\"]=true,[\"heads_up\"]=true,[\"retrograde\"]=true,[\"roi\"]=true,[\"_100000k\"]=true,[\"cartomancy\"]=true,[\"flushed\"]=true,[\"mid_stakes\"]=true,[\"_10k\"]=true,[\"low_stakes\"]=true,[\"nest_egg\"]=true,[\"ante_upper\"]=true,[\"rule_bender\"]=true,[\"_1000k\"]=true,[\"astronomy\"]=true,[\"big_hands\"]=true,[\"legendary\"]=true,[\"royale\"]=true,[\"extreme_couponer\"]=true,[\"speedrunner\"]=true,[\"clairvoyance\"]=true,[\"ante_up\"]=true,[\"card_player\"]=true,},[\"screenshake\"]=50.3125,[\"current_setup\"]=\"New Run\",[\"tutorial_complete\"]=true,[\"ambient_control\"]={[\"ambientFire1\"]={[\"per\"]=1.1,[\"vol\"]=0,},[\"ambientOrgan1\"]={[\"per\"]=0.7,[\"vol\"]=0,},[\"ambientFire2\"]={[\"per\"]=1.05,[\"vol\"]=0,},[\"ambientFire3\"]={[\"per\"]=1,[\"vol\"]=0,},},[\"DEMO\"]={[\"win_CTA_shown\"]=true,[\"quit_CTA_shown\"]=true,[\"timed_CTA_shown\"]=true,[\"total_uptime\"]=5.0116270364768,},[\"GRAPHICS\"]={[\"texture_scaling\"]=2,[\"crt\"]=0,[\"shadows\"]=\"On\",[\"bloom\"]=1,},}"
	 settings_ver = nil
	 new_colour_proto = table: 0x33f2d738  {Spades:table: 0x33f2d9c0, Hearts:table: 0x33f2d830, Diamonds:table: 0x33f2d8e8 (more...)}
	 sound_files = table: 0x3411b040  {1:ambientFire1.ogg, 2:ambientFire2.ogg, 3:ambientFire3.ogg, 4:ambientOrgan1.ogg (more...)}
	 shader_files = table: 0x3409d668  {1:CRT.fs, 2:background.fs, 3:booster.fs, 4:debuff.fs, 5:dissolve.fs, 6:flame.fs (more...)}
(7) Lua field 'load' at file 'main.lua:945'
(8) Lua function '?' at file 'main.lua:892' (best guess)
(9) global C function 'xpcall'
(10) LÖVE function at file 'boot.lua:368' (best guess)
	Local variables:
	 result = boolean: true
	 main = nil
(11) global C function 'xpcall'
(12) LÖVE function at file 'boot.lua:377' (best guess)
	Local variables:
	 func = Lua function '(LÖVE Function)' (defined at line 355 of chunk [love "boot.lua"])
	 inerror = boolean: true
	 deferErrhand = Lua function '(LÖVE Function)' (defined at line 348 of chunk [love "boot.lua"])
	 earlyinit = Lua function '(LÖVE Function)' (defined at line 355 of chunk [love "boot.lua"])

INFO - [G] line not found
INFO - [G] line not found
INFO - [G] file not found: main.lua: No such file or directory
INFO - [G] 2025-03-02 05:58:30 :: INFO  :: StackTrace :: Additional Context:
Balatro Version: 1.0.1o-FULL
Modded Version: 1.0.0~ALPHA-1409a-STEAMODDED
LÖVE Version: 11.5.0
Lovely Version: 0.7.1
Platform: Windows
Steamodded Mods:
    1: Aura by MathIsFun_, ChromaPIE, Bard, Grassy311, RattlingSnow353, Solace, RadicaAprils, chloe_cromslor [ID: Aura, Version: 0.023, Uses Lovely]
    2: Preorder Cards by asd123cqp [ID: preorder_cards]
    3: 0Bilitro by BitBites [ID: 0Bilitro]
Lovely Mods:
