INFO - [♥] Lovely 0.7.1
INFO - [♥] Game directory is at "C:\\Program Files (x86)\\Steam\\steamapps\\common\\Balatro"
INFO - [♥] Writing logs to "C:\\Users\\Administrator\\AppData\\Roaming\\Balatro\\Mods\\lovely\\log"
INFO - [♥] Using mod directory at "C:\\Users\\Administrator\\AppData\\Roaming\\Balatro\\Mods"
INFO - [♥] Cleaning up dumps directory at "C:\\Users\\Administrator\\AppData\\Roaming\\Balatro\\Mods\\lovely\\dump"
INFO - [♥] Initialization complete in 147ms
INFO - [♥] Applied 12 patches to 'main.lua'
INFO - [♥] Applied 5 patches to 'engine/controller.lua'
INFO - [♥] Applied 13 patches to 'back.lua'
INFO - [♥] Applied 6 patches to 'tag.lua'
INFO - [♥] Applied 1 patch to 'engine/moveable.lua'
INFO - [♥] Applied 2 patches to 'engine/sprite.lua'
INFO - [♥] Applied 2 patches to 'engine/animatedsprite.lua'
INFO - [♥] Applied 41 patches to 'functions/misc_functions.lua'
INFO - [♥] Applied 24 patches to 'game.lua'
INFO - [♥] Applied 1 patch to 'globals.lua'
INFO - [♥] Applied 3 patches to 'engine/ui.lua'
INFO - [♥] Applied 72 patches to 'functions/UI_definitions.lua'
INFO - [♥] Applied 39 patches to 'functions/state_events.lua'
INFO - [♥] Applied 86 patches to 'functions/common_events.lua'
INFO - [♥] Applied 38 patches to 'functions/button_callbacks.lua'
INFO - [♥] Applied 139 patches to 'card.lua'
INFO - [♥] Applied 6 patches to 'cardarea.lua'
INFO - [♥] Applied 30 patches to 'blind.lua'
INFO - [♥] Applied 2 patches to 'engine/text.lua'
INFO - [G] Failed to connect to the debug server
INFO - [G] 2025-02-11 16:55:43 :: DEBUG :: DebugConsole :: Steamodded Debug Socket started !
INFO - [♥] Applied 9 patches to 'engine/sound_manager.lua'
INFO - [♥] Applied 1 patch to 'engine/save_manager.lua'
INFO - [G] 2025-02-11 16:55:58 :: ERROR :: Loader :: Found invalid metadata JSON file at C:\Users\Administrator\AppData\Roaming\Balatro\Mods/.vscode/settings.json, ignoring: [SMODS _ "src/loader.lua"]:226: id
INFO - [G] 2025-02-11 16:55:58 :: TRACE :: Loader :: Processing Mod file (Legacy header): PreorderCards.lua
INFO - [G] 2025-02-11 16:55:59 :: TRACE :: Loader :: Saving Mod Info: preorder_cards
INFO - [G] 2025-02-11 16:55:59 :: TRACE :: Loader :: Processing Mod file (Legacy header): SakashimaJoker.lua
INFO - [G] 2025-02-11 16:55:59 :: TRACE :: Loader :: Saving Mod Info: SakashimaJoker
INFO - [G] 2025-02-11 16:55:59 :: INFO  :: TIMER :: [0000] Injected Language in 0.001 ms
INFO - [G] 2025-02-11 16:55:59 :: INFO  :: TIMER :: [0000] Injected [INTERNAL] in 0.952 ms
INFO - [G] 2025-02-11 16:55:59 :: INFO  :: TIMER :: [0004] Injected Atlas in 503.154 ms
INFO - [G] 2025-02-11 16:55:59 :: INFO  :: TIMER :: [0001] Injected Sound in 0.176 ms
INFO - [G] 2025-02-11 16:55:59 :: INFO  :: TIMER :: [0008] Injected Stake in 0.130 ms
INFO - [G] 2025-02-11 16:55:59 :: INFO  :: TIMER :: [0004] Injected Rarity in 0.015 ms
INFO - [G] 2025-02-11 16:55:59 :: INFO  :: TIMER :: [0004] Injected ObjectType in 0.032 ms
INFO - [G] 2025-02-11 16:55:59 :: INFO  :: TIMER :: [0049] Injected Center in 0.342 ms
INFO - [G] 2025-02-11 16:55:59 :: INFO  :: TIMER :: [0007] Injected Undiscovered Sprite in 0.013 ms
INFO - [G] 2025-02-11 16:55:59 :: INFO  :: TIMER :: [0002] Injected Blind in 0.011 ms
INFO - [G] 2025-02-11 16:55:59 :: INFO  :: TIMER :: [0004] Injected Seal in 0.127 ms
INFO - [G] 2025-02-11 16:55:59 :: INFO  :: TIMER :: [0004] Injected Suit in 0.094 ms
INFO - [G] 2025-02-11 16:55:59 :: INFO  :: TIMER :: [0013] Injected Rank in 0.151 ms
INFO - [G] 2025-02-11 16:55:59 :: INFO  :: TIMER :: [0020] Injected DeckSkin in 0.179 ms
INFO - [G] 2025-02-11 16:55:59 :: INFO  :: TIMER :: [0012] Injected PokerHand in 0.068 ms
INFO - [G] 2025-02-11 16:55:59 :: INFO  :: TIMER :: [0020] Injected Challenge in 0.025 ms
INFO - [G] 2025-02-11 16:55:59 :: INFO  :: TIMER :: [0000] Injected Tag in 0.015 ms
INFO - [G] 2025-02-11 16:55:59 :: INFO  :: TIMER :: [0004] Injected Sticker in 0.079 ms
INFO - [G] 2025-02-11 16:55:59 :: INFO  :: TIMER :: [0000] Injected Shader in 0.002 ms
INFO - [G] 2025-02-11 16:55:59 :: INFO  :: TIMER :: [0001] Injected Keybind in 0.009 ms
INFO - [G] 2025-02-11 16:55:59 :: INFO  :: TIMER :: [0000] Injected Achievement in 0.045 ms
INFO - [G] 2025-02-11 16:55:59 :: INFO  :: TIMER :: [0000] Injected [INTERNAL] in 0.480 ms
INFO - [G] ERROR LOADING GAME: Card area 'shop_booster' not instantiated before load
INFO - [G] ERROR LOADING GAME: Card area 'shop_jokers' not instantiated before load
INFO - [G] ERROR LOADING GAME: Card area 'shop_vouchers' not instantiated before load
INFO - [G] line not found
INFO - [G] file not found: main.lua: No such file or directory
INFO - [G] file not found: main.lua: No such file or directory
INFO - [G] line not found
INFO - [G] line not found
INFO - [G] line not found
INFO - [G] file not found: main.lua: No such file or directory
INFO - [G] file not found: main.lua: No such file or directory
INFO - [G] 2025-02-11 16:56:07 :: ERROR :: StackTrace :: Oops! The game crashed
[SMODS SakashimaJoker "SakashimaJoker.lua"]:1587: attempt to index local 'destroyed_joker' (a nil value)
Stack Traceback
===============
(1) Lua local 'handler' at file 'main.lua:612'
	Local variables:
	 msg = string: "[SMODS SakashimaJoker \"SakashimaJoker.lua\"]:1587: attempt to index local 'destroyed_joker' (a nil value)"
	 (*temporary) = Lua function '?' (defined at line 31 of chunk [SMODS _ "src/logging.lua"])
	 (*temporary) = string: "Oops! The game crashed\
"
(2) LÖVE metamethod at file 'boot.lua:352'
	Local variables:
	 errhand = Lua function '?' (defined at line 598 of chunk main.lua)
	 handler = Lua function '?' (defined at line 598 of chunk main.lua)
(3) Lua local 'value' at file 'SakashimaJoker.lua:1587' (from mod with id SakashimaJoker)
	Local variables:
	 e = table: 0x1d631d80  {destroyed_card:table: 0x1ccd1f18, context:table: 0x1cdd00e8, card:table: 0x1cfd6c28 (more...)}
	 destroyed_joker = nil
	 (*temporary) = C function: builtin#96
	 (*temporary) = table: 0x1d098458  {1:Scary Face}
	 (*temporary) = table: 0x1ca46100  {handle:function: 0x1ca0d7e8, __index:table: 0x1ca46100, init:function: 0x1ca65418 (more...)}
	 (*temporary) = string: "attempt to index local 'destroyed_joker' (a nil value)"
(4) Lua function '?' at file 'SakashimaJoker.lua:403' (from mod with id SakashimaJoker) (best guess)
	Local variables:
	 value = Lua function '?' (defined at line 1585 of chunk [SMODS SakashimaJoker "SakashimaJoker.lua"])
	 eventTable = table: 0x1d631d80  {destroyed_card:table: 0x1ccd1f18, context:table: 0x1cdd00e8, card:table: 0x1cfd6c28 (more...)}
	 (*temporary) = Lua function '?' (defined at line 401 of chunk [SMODS SakashimaJoker "SakashimaJoker.lua"])
(5) Lua field 'func' at file 'SakashimaJoker.lua:1155' (from mod with id SakashimaJoker)
(6) Lua method 'handle' at file 'engine/event.lua:99'
	Local variables:
	 self = table: 0x1cfc63d0  {start_timer:true, timer:TOTAL, blockable:true, trigger:immediate, func:function: 0x1cfc63a0 (more...)}
	 _results = table: 0x1d0ef4d8  {blocking:true, pause_skip:false, time_done:false, completed:false}
(7) Lua method 'update' at file 'engine/event.lua:182'
	Local variables:
	 self = table: 0x1d160318  {queue_last_processed:7.5333333333333, queues:table: 0x1d160340, queue_dt:0.016666666666667 (more...)}
	 dt = number: 0.0166467
	 forced = nil
	 (for generator) = C function: next
	 (for state) = table: 0x1d160340  {unlock:table: 0x1d160368, other:table: 0x1d1607e0, tutorial:table: 0x1d1603b8 (more...)}
	 (for control) = number: nan
	 k = string: "base"
	 v = table: 0x1d160390  {1:table: 0x1cec88a0, 2:table: 0x1cfc63d0, 3:table: 0x1cfb1498, 4:table: 0x1d114010 (more...)}
	 blocked = boolean: false
	 i = number: 2
	 results = table: 0x1d0ef4d8  {blocking:true, pause_skip:false, time_done:false, completed:false}
(8) Lua upvalue 'gameUpdateRef' at file 'game.lua:2524'
	Local variables:
	 self = table: 0x1cb201a8  {F_GUIDE:false, F_CRASH_REPORTS:false, F_QUIT_BUTTON:true, HUD_tags:table: 0x1d611478 (more...)}
	 dt = number: 0.0166467
	 http_resp = nil
(9) Lua method 'update' at Steamodded file 'src/ui.lua:84' 
	Local variables:
	 self = table: 0x1cb201a8  {F_GUIDE:false, F_CRASH_REPORTS:false, F_QUIT_BUTTON:true, HUD_tags:table: 0x1d611478 (more...)}
	 dt = number: 0.0166467
(10) Lua field 'update' at file 'main.lua:992'
	Local variables:
	 dt = number: 0.0166467
(11) Lua function '?' at file 'main.lua:931' (best guess)
(12) global C function 'xpcall'
(13) LÖVE function at file 'boot.lua:377' (best guess)
	Local variables:
	 func = Lua function '?' (defined at line 902 of chunk main.lua)
	 inerror = boolean: true
	 deferErrhand = Lua function '(LÖVE Function)' (defined at line 348 of chunk [love "boot.lua"])
	 earlyinit = Lua function '(LÖVE Function)' (defined at line 355 of chunk [love "boot.lua"])

INFO - [G] line not found
INFO - [G] line not found
INFO - [G] line not found
INFO - [G] file not found: main.lua: No such file or directory
INFO - [G] file not found: main.lua: No such file or directory
INFO - [G] 2025-02-11 16:56:07 :: INFO  :: StackTrace :: Additional Context:
Balatro Version: 1.0.1n-FULL
Modded Version: 1.0.0~ALPHA-1409a-STEAMODDED
LÖVE Version: 11.5.0
Lovely Version: 0.7.1
Platform: Windows
Steamodded Mods:
    1: Sakashima Joker by BitBites [ID: SakashimaJoker]
    2: Preorder Cards by asd123cqp [ID: preorder_cards]
Lovely Mods:
