INFO - [♥] Lovely 0.7.1
INFO - [♥] Game directory is at "C:\\Program Files (x86)\\Steam\\steamapps\\common\\Balatro"
INFO - [♥] Writing logs to "C:\\Users\\Administrator\\AppData\\Roaming\\Balatro\\Mods\\lovely\\log"
INFO - [♥] Using mod directory at "C:\\Users\\Administrator\\AppData\\Roaming\\Balatro\\Mods"
INFO - [♥] Found .lovelyignore in 'SakashimaJoker', skipping it.
INFO - [♥] Cleaning up dumps directory at "C:\\Users\\Administrator\\AppData\\Roaming\\Balatro\\Mods\\lovely\\dump"
INFO - [♥] Initialization complete in 21ms
INFO - [♥] Applied 12 patches to 'main.lua'
INFO - [♥] Applied 5 patches to 'engine/controller.lua'
INFO - [♥] Applied 13 patches to 'back.lua'
INFO - [♥] Applied 6 patches to 'tag.lua'
INFO - [♥] Applied 1 patch to 'engine/moveable.lua'
INFO - [♥] Applied 2 patches to 'engine/sprite.lua'
INFO - [♥] Applied 2 patches to 'engine/animatedsprite.lua'
INFO - [♥] Applied 44 patches to 'functions/misc_functions.lua'
INFO - [♥] Applied 29 patches to 'game.lua'
INFO - [♥] Applied 1 patch to 'globals.lua'
INFO - [♥] Applied 3 patches to 'engine/ui.lua'
INFO - [♥] Applied 72 patches to 'functions/UI_definitions.lua'
INFO - [♥] Applied 39 patches to 'functions/state_events.lua'
INFO - [♥] Applied 87 patches to 'functions/common_events.lua'
INFO - [♥] Applied 38 patches to 'functions/button_callbacks.lua'
INFO - [♥] Applied 143 patches to 'card.lua'
INFO - [♥] Applied 6 patches to 'cardarea.lua'
INFO - [♥] Applied 30 patches to 'blind.lua'
INFO - [♥] Applied 2 patches to 'engine/text.lua'
INFO - [G] Failed to connect to the debug server
INFO - [G] 2025-03-07 01:38:21 :: DEBUG :: DebugConsole :: Steamodded Debug Socket started !
INFO - [♥] Applied 9 patches to 'engine/sound_manager.lua'
INFO - [♥] Applied 1 patch to 'engine/save_manager.lua'
INFO - [G] 2025-03-07 01:38:22 :: ERROR :: Loader :: Found invalid metadata JSON file at C:\Users\Administrator\AppData\Roaming\Balatro\Mods/.vscode/settings.json, ignoring: [SMODS _ "src/loader.lua"]:226: id
INFO - [G] 2025-03-07 01:38:23 :: INFO  :: DefaultLogger :: Valid JSON file found
INFO - [G] 2025-03-07 01:38:23 :: ERROR :: Loader :: Found invalid metadata JSON file at C:\Users\Administrator\AppData\Roaming\Balatro\Mods/Aura/.vscode/settings.json, ignoring: [SMODS _ "src/loader.lua"]:226: id
INFO - [G] 2025-03-07 01:38:23 :: TRACE :: Loader :: Processing Mod file (Legacy header): Aura.lua
INFO - [G] 2025-03-07 01:38:23 :: TRACE :: Loader :: Saving Mod Info: Aura
INFO - [G] 2025-03-07 01:38:23 :: TRACE :: Loader :: Processing Mod file (Legacy header): PreorderCards.lua
INFO - [G] 2025-03-07 01:38:23 :: TRACE :: Loader :: Saving Mod Info: preorder_cards
INFO - [G] 2025-03-07 01:38:23 :: INFO  :: DefaultLogger :: Valid JSON file found
INFO - [G] 2025-03-07 01:38:23 :: INFO  :: DefaultLogger :: Valid JSON file found
INFO - [G] 2025-03-07 01:38:23 :: TRACE :: Loader :: Processing Mod file (Legacy header): HentaiCards.lua
INFO - [G] 2025-03-07 01:38:23 :: WARN  :: Loader :: Duplicate Mod ID: HentaiCards
INFO - [G] 2025-03-07 01:38:23 :: TRACE :: Loader :: Processing Mod file (Legacy header): SakashimaJoker.lua
INFO - [G] 2025-03-07 01:38:23 :: TRACE :: Loader :: Saving Mod Info: SakashimaJoker
INFO - [G] 2025-03-07 01:38:23 :: INFO  :: DefaultLogger :: Valid JSON file found
INFO - [G] 2025-03-07 01:38:23 :: TRACE :: Loader :: Processing Mod file (Legacy header): VintagePinupCards.lua
INFO - [G] 2025-03-07 01:38:23 :: TRACE :: Loader :: Saving Mod Info: VintagePinupCards
INFO - [G] 2025-03-07 01:38:23 :: WARN  :: DeckSkin :: Old DeckSkin formatting detected on DeckSkin lust_LuckHearts!
INFO - [G] 2025-03-07 01:38:23 :: WARN  :: DeckSkin :: Old DeckSkin formatting detected on DeckSkin lust_LuckClubs!
INFO - [G] 2025-03-07 01:38:23 :: WARN  :: DeckSkin :: Old DeckSkin formatting detected on DeckSkin lust_LuckDiamonds!
INFO - [G] 2025-03-07 01:38:23 :: WARN  :: DeckSkin :: Old DeckSkin formatting detected on DeckSkin lust_LuckSpades!
INFO - [G] true
INFO - [G] Picture dimensions: 138 x 186
INFO - [G] Number of animation frames: 8
INFO - [G] Comment inside this GIF: Created with Paint.NET
INFO - [G] Picture dimensions: 138 x 186
INFO - [G] Number of animation frames: 1
INFO - [G] Comment inside this GIF: NO_COMMENT
INFO - [G] Picture dimensions: 138 x 186
INFO - [G] Number of animation frames: 9
INFO - [G] Comment inside this GIF: Created with Paint.NET
INFO - [G] 2025-03-07 01:38:23 :: WARN  :: Atlas :: Object centers has the same key as an existing object, not registering.
INFO - [G] 2025-03-07 01:38:23 :: WARN  :: Atlas :: If you want to modify an existing object, use take_ownership()
INFO - [G] soul_atlas
INFO - [G] 2025-03-07 01:38:23 :: TRACE :: Loader :: Mod SakashimaJoker was unable to load: 
INFO - [G] 2025-03-07 01:38:23 :: INFO  :: TIMER :: [0000] Injected Language in 0.002 ms
INFO - [G] 2025-03-07 01:38:23 :: INFO  :: TIMER :: [0000] Injected [INTERNAL] in 1.335 ms
INFO - [G] mod_tags
INFO - [G] achievements
INFO - [G] lust_AltVersions
INFO - [G] Joker
INFO - [G] centers
INFO - [G] lust_editions
INFO - [G] lust_LustTarot
INFO - [G] Booster
INFO - [G] stickers
INFO - [G] shop_sign
INFO - [G] balatro
INFO - [G] lust_modicon
INFO - [G] BalustroIcons
INFO - [G] lust_BalustroPlayingCards
INFO - [G] lust_LuckPlayingCardsLC
INFO - [G] lust_LuckPlayingCardsHC
INFO - [G] bull_wide_card
INFO - [G] aura_j_faceless
INFO - [G] aura_j_seance
INFO - [G] aura_j_juggler
INFO - [G] aura_c_hearts
INFO - [G] aura_c_diamonds
INFO - [G] aura_c_clubs
INFO - [G] aura_c_spades
INFO - [G] aura_goon_icon_heart
INFO - [G] aura_goon_icon_diamond
INFO - [G] aura_goon_icon_club
INFO - [G] aura_goon_icon_spade
INFO - [G] FHC_hentai_cards_deck_lc
INFO - [G] FHC_hentai_cards_deck_hc
INFO - [G] Tarot
INFO - [G] Planet
INFO - [G] Spectral
INFO - [G] soul_atlas
INFO - [G] StickfaceNSFW_8BitDeck_opt2
INFO - [G] StickfaceNSFW_8BitDeck
INFO - [G] StickfaceNSFW_icon_lc
INFO - [G] StickfaceNSFW_icon_hc
INFO - [G] vintage_pinup_cards
INFO - [G] 2025-03-07 01:38:24 :: INFO  :: TIMER :: [0039] Injected Atlas in 1131.956 ms
INFO - [G] 2025-03-07 01:38:24 :: INFO  :: TIMER :: [0053] Injected Sound in 3.886 ms
INFO - [G] 2025-03-07 01:38:24 :: INFO  :: TIMER :: [0008] Injected Stake in 0.147 ms
INFO - [G] 2025-03-07 01:38:24 :: INFO  :: TIMER :: [0004] Injected Rarity in 0.016 ms
INFO - [G] 2025-03-07 01:38:24 :: INFO  :: TIMER :: [0004] Injected ObjectType in 0.029 ms
INFO - [G] 2025-03-07 01:38:24 :: INFO  :: TIMER :: [0212] Injected Center in 2.346 ms
INFO - [G] 2025-03-07 01:38:24 :: INFO  :: TIMER :: [0007] Injected Undiscovered Sprite in 0.011 ms
INFO - [G] 2025-03-07 01:38:24 :: INFO  :: TIMER :: [0002] Injected Blind in 0.015 ms
INFO - [G] 2025-03-07 01:38:24 :: INFO  :: TIMER :: [0004] Injected Seal in 0.100 ms
INFO - [G] 2025-03-07 01:38:24 :: INFO  :: TIMER :: [0004] Injected Suit in 0.084 ms
INFO - [G] 2025-03-07 01:38:24 :: INFO  :: TIMER :: [0013] Injected Rank in 0.061 ms
INFO - [G] 2025-03-07 01:38:24 :: INFO  :: TIMER :: [0052] Injected DeckSkin in 0.363 ms
INFO - [G] 2025-03-07 01:38:24 :: INFO  :: TIMER :: [0012] Injected PokerHand in 0.070 ms
INFO - [G] 2025-03-07 01:38:24 :: INFO  :: TIMER :: [0020] Injected Challenge in 0.039 ms
INFO - [G] 2025-03-07 01:38:24 :: INFO  :: TIMER :: [0000] Injected Tag in 0.001 ms
INFO - [G] 2025-03-07 01:38:24 :: INFO  :: TIMER :: [0004] Injected Sticker in 0.064 ms
INFO - [G] 2025-03-07 01:38:24 :: INFO  :: TIMER :: [0000] Injected Shader in 0.015 ms
INFO - [G] 2025-03-07 01:38:24 :: INFO  :: TIMER :: [0001] Injected Keybind in 0.011 ms
INFO - [G] 2025-03-07 01:38:24 :: INFO  :: TIMER :: [0000] Injected Achievement in 0.023 ms
INFO - [G] 2025-03-07 01:38:24 :: INFO  :: TIMER :: [0000] Injected [INTERNAL] in 1.854 ms
INFO - [G] line not found
INFO - [G] file not found: main.lua: No such file or directory
INFO - [G] file not found: main.lua: No such file or directory
INFO - [G] file not found: main.lua: No such file or directory
INFO - [G] file not found: main.lua: No such file or directory
INFO - [G] 2025-03-07 01:38:51 :: ERROR :: StackTrace :: Oops! The game crashed
engine/text.lua:137: attempt to compare number with table
Stack Traceback
===============
(1) Lua local 'handler' at file 'main.lua:612'
	Local variables:
	 msg = string: "engine/text.lua:137: attempt to compare number with table"
	 (*temporary) = Lua function '?' (defined at line 31 of chunk [SMODS _ "src/logging.lua"])
	 (*temporary) = string: "Oops! The game crashed\
"
(2) LÖVE metamethod at file 'boot.lua:352'
	Local variables:
	 errhand = Lua function '?' (defined at line 598 of chunk main.lua)
	 handler = Lua function '?' (defined at line 598 of chunk main.lua)
(3) Lua method 'update_text' at file 'engine/text.lua:137'
	Local variables:
	 self = table: 0x1d46c250  {bump_rate:2.666, text_offset:table: 0x1d46c340, strings:table: 0x1d46c820 (more...)}
	 first_pass = boolean: true
	 (for generator) = C function: builtin#6
	 (for state) = table: 0x1d46bf08  {1:?????}
	 (for control) = number: 1
	 k = number: 1
	 v = string: "?????"
	 (*temporary) = 0.9152  {value:0.9152}
	 (*temporary) = number: 0
	 (*temporary) = string: "?????"
	 (*temporary) = nil
	 (*temporary) = nil
	 (*temporary) = number: 1
	 (*temporary) = nil
	 (*temporary) = nil
	 (*temporary) = 0.9152  {value:0.9152}
	 (*temporary) = number: 0.34528
	 (*temporary) = number: 6
	 (*temporary) = table: 0x1d46c848  {W:0.9152, H:0.34528, letters:table: 0x1d46c8c8, string:?????}
	 (*temporary) = nil
	 (*temporary) = number: 5
	 (*temporary) = nil
	 (*temporary) = nil
	 (*temporary) = number: 5
	 (*temporary) = table: 0x1d472108  {letter:Text: 0x0225ab7c3ac0, scale:1, pop_in:0, char:?, dims:table: 0x1d472d28 (more...)}
	 (*temporary) = 15.324279069767  {value:15.324279069767}
	 (*temporary) = 28.907162790698  {value:28.907162790698}
	 (*temporary) = number: 0.34528
	 (*temporary) = number: 0.34528
	 (*temporary) = number: 0.34528
	 (*temporary) = string: "attempt to compare number with table"
(4) Lua method 'init' at file 'engine/text.lua:34'
	Local variables:
	 self = table: 0x1d46c250  {bump_rate:2.666, text_offset:table: 0x1d46c340, strings:table: 0x1d46c820 (more...)}
	 config = table: 0x1d46be18  {float:true, scale:0.416, W:0, string:table: 0x1d46bf08, colours:table: 0x1d46bf48 (more...)}
(5) Lua global 'DynaText' at file 'engine/object.lua:35'
	Local variables:
	 self = table: 0x1b1a16e0  {pop_out:function: 0x1b19f378, draw:function: 0x1b19f5a0, pulse:function: 0x1b19f580 (more...)}
	 obj = table: 0x1d46c250  {bump_rate:2.666, text_offset:table: 0x1d46c340, strings:table: 0x1d46c820 (more...)}
(6) Lua global 'localize' at file 'functions/misc_functions.lua:1918'
	Local variables:
	 args = table: 0x1d46bc78  {vars:table: 0x1d46bc28, set:Joker, type:unlocks, nodes:table: 0x1d4686f8 (more...)}
	 misc_cat = nil
	 loc_target = table: 0x1b4433c8  {unlock:table: 0x1b443498, text_parsed:table: 0x1b645b08, name_parsed:table: 0x1c6697d8 (more...)}
	 ret_string = nil
	 (for generator) = C function: builtin#6
	 (for state) = table: 0x1c6699b8  {1:table: 0x1c6699e0}
	 (for control) = number: 1
	 _ = number: 1
	 lines = table: 0x1c6699e0  {1:table: 0x1c669b00}
	 final_line = table: 0x1d46bd68  {}
	 (for generator) = C function: builtin#6
	 (for state) = table: 0x1c6699e0  {1:table: 0x1c669b00}
	 (for control) = number: 1
	 _ = number: 1
	 part = table: 0x1c669b00  {strings:table: 0x1c669a58, control:table: 0x1c669a80}
	 assembled_string = string: "?????"
	 desc_scale = number: 1
	 _float = boolean: true
	 _silent = boolean: true
	 _pop_in = number: 0
	 _bump = nil
	 _spacing = nil
	 (*temporary) = number: 1
	 (*temporary) = table: 0x1d46bd90  {n:5}
	 (*temporary) = table: 0x1d46bdb8  {}
(7) Lua upvalue 'Card_generate_UIBox_ability_table_ref' at file 'functions/common_events.lua:2748'
	Local variables:
	 _c = table: 0x1b1b1d48  {_saved_d_u:true, original_key:j_chicot, atlas:Joker, registered:true, _discovered_unlocked_overwritten:true (more...)}
	 full_UI_table = table: 0x1d468668  {badges:table: 0x1d468640, info:table: 0x1d468720, main:table: 0x1d4686f8 (more...)}
	 specific_vars = nil
	 card_type = string: "Locked"
	 badges = table: 0x1d468640  {}
	 hide_desc = nil
	 main_start = nil
	 main_end = nil
	 card = table: 0x1bf7b728  {click_offset:table: 0x1bf7baf8, children:table: 0x1bf7ca10, ambient_tilt:0.2 (more...)}
	 first_pass = boolean: true
	 desc_nodes = table: 0x1d4686f8  {}
	 name_override = nil
	 info_queue = table: 0x1d468770  {}
	 loc_vars = table: 0x1d46bc28  {}
	 cfg = table: 0x1bbbfee0  {bonus:0, h_mult:0, hands_played_at_create:0, mult:0, effect:, t_mult:0 (more...)}
	 res = table: 0x1d46bc50  {}
(8) Lua method 'generate_UIBox_ability_table' at Steamodded file 'src/loader.lua:594' 
	Local variables:
	 self = table: 0x1bf7b728  {click_offset:table: 0x1bf7baf8, children:table: 0x1bf7ca10, ambient_tilt:0.2 (more...)}
(9) Lua method 'hover' at file 'card.lua:4502'
	Local variables:
	 self = table: 0x1bf7b728  {click_offset:table: 0x1bf7baf8, children:table: 0x1bf7ca10, ambient_tilt:0.2 (more...)}
(10) Lua method 'update' at file 'engine/controller.lua:399'
	Local variables:
	 self = table: 0x1b35f9d8  {held_button_times:table: 0x1b38e8b8, focus_cursor_stack_level:1, snap_cursor_to:table: 0x1b1e8598 (more...)}
	 dt = number: 0.0167604
(11) Lua upvalue 'gameUpdateRef' at file 'game.lua:2675'
	Local variables:
	 self = table: 0x1af16478  {F_GUIDE:false, F_CRASH_REPORTS:false, F_QUIT_BUTTON:true, F_ENGLISH_ONLY:false (more...)}
	 dt = number: 0.0167604
(12) Lua upvalue 'old_update' at Steamodded file 'src/ui.lua:84' 
	Local variables:
	 self = table: 0x1af16478  {F_GUIDE:false, F_CRASH_REPORTS:false, F_QUIT_BUTTON:true, F_ENGLISH_ONLY:false (more...)}
	 dt = number: 0.0167604
(13) Lua method 'update' at file 'Aura.lua:203' (from mod with id Aura)
	Local variables:
	 self = table: 0x1af16478  {F_GUIDE:false, F_CRASH_REPORTS:false, F_QUIT_BUTTON:true, F_ENGLISH_ONLY:false (more...)}
	 dt = number: 0.0167604
(14) Lua field 'update' at file 'main.lua:992'
	Local variables:
	 dt = number: 0.0167604
(15) Lua function '?' at file 'main.lua:931' (best guess)
(16) global C function 'xpcall'
(17) LÖVE function at file 'boot.lua:377' (best guess)
	Local variables:
	 func = Lua function '?' (defined at line 902 of chunk main.lua)
	 inerror = boolean: true
	 deferErrhand = Lua function '(LÖVE Function)' (defined at line 348 of chunk [love "boot.lua"])
	 earlyinit = Lua function '(LÖVE Function)' (defined at line 355 of chunk [love "boot.lua"])

INFO - [G] file not found: main.lua: No such file or directory
INFO - [G] file not found: main.lua: No such file or directory
INFO - [G] 2025-03-07 01:38:51 :: INFO  :: StackTrace :: Additional Context:
Balatro Version: 1.0.1o-FULL
Modded Version: 1.0.0~ALPHA-1409a-STEAMODDED
LÖVE Version: 11.5.0
Lovely Version: 0.7.1
Platform: Windows
Steamodded Mods:
    1: Zero Bullitro by BitBites [ID: 0Bullitro, Version: 1.0]
    2: Preorder Cards by asd123cqp [ID: preorder_cards]
    3: Aura by MathIsFun_, ChromaPIE, Bard, Grassy311, RattlingSnow353, Solace, RadicaAprils, chloe_cromslor [ID: Aura, Version: 0.023, Uses Lovely]
    4: Hentai Cards by Makubex77, Pheubel (Code) [ID: HentaiCards, Version: 1.1]
    5: Vintage Pinup Cards by NoScope1080 [ID: VintagePinupCards]
    6: Stickface Deck by Stickface [ID: StickfaceNSFWDeck, Version: 1.0.0]
    7: Balustro by someone23832 [ID: Balustro, Priority: -20, Version: 0.12, Uses Lovely]
Lovely Mods:
