INFO - [♥] Lovely 0.7.1
INFO - [♥] Game directory is at "C:\\Program Files (x86)\\Steam\\steamapps\\common\\Balatro"
INFO - [♥] Writing logs to "C:\\Users\\Administrator\\AppData\\Roaming\\Balatro\\Mods\\lovely\\log"
INFO - [♥] Using mod directory at "C:\\Users\\Administrator\\AppData\\Roaming\\Balatro\\Mods"
INFO - [♥] Found .lovelyignore in 'SakashimaJoker', skipping it.
INFO - [♥] Cleaning up dumps directory at "C:\\Users\\Administrator\\AppData\\Roaming\\Balatro\\Mods\\lovely\\dump"
INFO - [♥] Initialization complete in 108ms
INFO - [♥] Applied 12 patches to 'main.lua'
INFO - [♥] Applied 5 patches to 'engine/controller.lua'
INFO - [♥] Applied 13 patches to 'back.lua'
INFO - [♥] Applied 6 patches to 'tag.lua'
INFO - [♥] Applied 1 patch to 'engine/moveable.lua'
INFO - [♥] Applied 2 patches to 'engine/sprite.lua'
INFO - [♥] Applied 2 patches to 'engine/animatedsprite.lua'
INFO - [♥] Applied 44 patches to 'functions/misc_functions.lua'
INFO - [♥] Applied 29 patches to 'game.lua'
INFO - [♥] Applied 1 patch to 'globals.lua'
INFO - [♥] Applied 3 patches to 'engine/ui.lua'
INFO - [♥] Applied 72 patches to 'functions/UI_definitions.lua'
INFO - [♥] Applied 39 patches to 'functions/state_events.lua'
INFO - [♥] Applied 87 patches to 'functions/common_events.lua'
INFO - [♥] Applied 38 patches to 'functions/button_callbacks.lua'
INFO - [♥] Applied 143 patches to 'card.lua'
INFO - [♥] Applied 6 patches to 'cardarea.lua'
INFO - [♥] Applied 30 patches to 'blind.lua'
INFO - [♥] Applied 2 patches to 'engine/text.lua'
INFO - [G] Failed to connect to the debug server
INFO - [G] 2025-03-07 00:29:05 :: DEBUG :: DebugConsole :: Steamodded Debug Socket started !
INFO - [♥] Applied 9 patches to 'engine/sound_manager.lua'
INFO - [♥] Applied 1 patch to 'engine/save_manager.lua'
INFO - [G] 2025-03-07 00:29:06 :: ERROR :: Loader :: Found invalid metadata JSON file at C:\Users\Administrator\AppData\Roaming\Balatro\Mods/.vscode/settings.json, ignoring: [SMODS _ "src/loader.lua"]:226: id
INFO - [G] 2025-03-07 00:29:06 :: INFO  :: DefaultLogger :: Valid JSON file found
INFO - [G] 2025-03-07 00:29:06 :: ERROR :: Loader :: Found invalid metadata JSON file at C:\Users\Administrator\AppData\Roaming\Balatro\Mods/Aura/.vscode/settings.json, ignoring: [SMODS _ "src/loader.lua"]:226: id
INFO - [G] 2025-03-07 00:29:06 :: TRACE :: Loader :: Processing Mod file (Legacy header): Aura.lua
INFO - [G] 2025-03-07 00:29:06 :: TRACE :: Loader :: Saving Mod Info: Aura
INFO - [G] 2025-03-07 00:29:06 :: TRACE :: Loader :: Processing Mod file (Legacy header): PreorderCards.lua
INFO - [G] 2025-03-07 00:29:06 :: TRACE :: Loader :: Saving Mod Info: preorder_cards
INFO - [G] 2025-03-07 00:29:06 :: INFO  :: DefaultLogger :: Valid JSON file found
INFO - [G] 2025-03-07 00:29:07 :: INFO  :: DefaultLogger :: Valid JSON file found
INFO - [G] 2025-03-07 00:29:07 :: TRACE :: Loader :: Processing Mod file (Legacy header): HentaiCards.lua
INFO - [G] 2025-03-07 00:29:07 :: WARN  :: Loader :: Duplicate Mod ID: HentaiCards
INFO - [G] 2025-03-07 00:29:07 :: TRACE :: Loader :: Processing Mod file (Legacy header): SakashimaJoker.lua
INFO - [G] 2025-03-07 00:29:07 :: TRACE :: Loader :: Saving Mod Info: SakashimaJoker
INFO - [G] 2025-03-07 00:29:07 :: INFO  :: DefaultLogger :: Valid JSON file found
INFO - [G] 2025-03-07 00:29:07 :: TRACE :: Loader :: Processing Mod file (Legacy header): VintagePinupCards.lua
INFO - [G] 2025-03-07 00:29:07 :: TRACE :: Loader :: Saving Mod Info: VintagePinupCards
INFO - [G] 2025-03-07 00:29:07 :: WARN  :: DeckSkin :: Old DeckSkin formatting detected on DeckSkin lust_LuckHearts!
INFO - [G] 2025-03-07 00:29:07 :: WARN  :: DeckSkin :: Old DeckSkin formatting detected on DeckSkin lust_LuckClubs!
INFO - [G] 2025-03-07 00:29:07 :: WARN  :: DeckSkin :: Old DeckSkin formatting detected on DeckSkin lust_LuckDiamonds!
INFO - [G] 2025-03-07 00:29:07 :: WARN  :: DeckSkin :: Old DeckSkin formatting detected on DeckSkin lust_LuckSpades!
INFO - [G] true
INFO - [G] Picture dimensions: 138 x 186
INFO - [G] Number of animation frames: 8
INFO - [G] Comment inside this GIF: Created with Paint.NET
INFO - [G] Picture dimensions: 138 x 186
INFO - [G] Number of animation frames: 1
INFO - [G] Comment inside this GIF: NO_COMMENT
INFO - [G] Picture dimensions: 138 x 186
INFO - [G] Number of animation frames: 9
INFO - [G] Comment inside this GIF: Created with Paint.NET
INFO - [G] 2025-03-07 00:29:07 :: WARN  :: Atlas :: Object centers has the same key as an existing object, not registering.
INFO - [G] 2025-03-07 00:29:07 :: WARN  :: Atlas :: If you want to modify an existing object, use take_ownership()
INFO - [G] soul_atlas
INFO - [G] 2025-03-07 00:29:07 :: TRACE :: Loader :: Mod SakashimaJoker was unable to load: 
INFO - [G] 2025-03-07 00:29:07 :: INFO  :: TIMER :: [0000] Injected Language in 0.001 ms
INFO - [G] 2025-03-07 00:29:07 :: INFO  :: TIMER :: [0000] Injected [INTERNAL] in 1.204 ms
INFO - [G] mod_tags
INFO - [G] achievements
INFO - [G] lust_AltVersions
INFO - [G] Joker
INFO - [G] centers
INFO - [G] lust_editions
INFO - [G] lust_LustTarot
INFO - [G] Booster
INFO - [G] stickers
INFO - [G] shop_sign
INFO - [G] balatro
INFO - [G] lust_modicon
INFO - [G] BalustroIcons
INFO - [G] lust_BalustroPlayingCards
INFO - [G] lust_LuckPlayingCardsLC
INFO - [G] lust_LuckPlayingCardsHC
INFO - [G] bull_wide_card
INFO - [G] aura_j_faceless
INFO - [G] aura_j_seance
INFO - [G] aura_j_juggler
INFO - [G] aura_c_hearts
INFO - [G] aura_c_diamonds
INFO - [G] aura_c_clubs
INFO - [G] aura_c_spades
INFO - [G] aura_goon_icon_heart
INFO - [G] aura_goon_icon_diamond
INFO - [G] aura_goon_icon_club
INFO - [G] aura_goon_icon_spade
INFO - [G] FHC_hentai_cards_deck_lc
INFO - [G] FHC_hentai_cards_deck_hc
INFO - [G] Tarot
INFO - [G] Planet
INFO - [G] Spectral
INFO - [G] soul_atlas
INFO - [G] StickfaceNSFW_8BitDeck_opt2
INFO - [G] StickfaceNSFW_8BitDeck
INFO - [G] StickfaceNSFW_icon_lc
INFO - [G] StickfaceNSFW_icon_hc
INFO - [G] vintage_pinup_cards
INFO - [G] 2025-03-07 00:29:08 :: INFO  :: TIMER :: [0039] Injected Atlas in 1113.738 ms
INFO - [G] 2025-03-07 00:29:08 :: INFO  :: TIMER :: [0053] Injected Sound in 4.821 ms
INFO - [G] 2025-03-07 00:29:08 :: INFO  :: TIMER :: [0008] Injected Stake in 0.164 ms
INFO - [G] 2025-03-07 00:29:08 :: INFO  :: TIMER :: [0004] Injected Rarity in 0.016 ms
INFO - [G] 2025-03-07 00:29:08 :: INFO  :: TIMER :: [0004] Injected ObjectType in 0.027 ms
INFO - [G] 2025-03-07 00:29:08 :: INFO  :: TIMER :: [0212] Injected Center in 3.556 ms
INFO - [G] 2025-03-07 00:29:08 :: INFO  :: TIMER :: [0007] Injected Undiscovered Sprite in 0.011 ms
INFO - [G] 2025-03-07 00:29:08 :: INFO  :: TIMER :: [0002] Injected Blind in 0.015 ms
INFO - [G] 2025-03-07 00:29:08 :: INFO  :: TIMER :: [0004] Injected Seal in 0.290 ms
INFO - [G] 2025-03-07 00:29:08 :: INFO  :: TIMER :: [0004] Injected Suit in 0.108 ms
INFO - [G] 2025-03-07 00:29:08 :: INFO  :: TIMER :: [0013] Injected Rank in 0.064 ms
INFO - [G] 2025-03-07 00:29:08 :: INFO  :: TIMER :: [0052] Injected DeckSkin in 0.300 ms
INFO - [G] 2025-03-07 00:29:08 :: INFO  :: TIMER :: [0012] Injected PokerHand in 0.085 ms
INFO - [G] 2025-03-07 00:29:08 :: INFO  :: TIMER :: [0020] Injected Challenge in 0.027 ms
INFO - [G] 2025-03-07 00:29:08 :: INFO  :: TIMER :: [0000] Injected Tag in 0.001 ms
INFO - [G] 2025-03-07 00:29:08 :: INFO  :: TIMER :: [0004] Injected Sticker in 0.065 ms
INFO - [G] 2025-03-07 00:29:08 :: INFO  :: TIMER :: [0000] Injected Shader in 0.001 ms
INFO - [G] 2025-03-07 00:29:08 :: INFO  :: TIMER :: [0001] Injected Keybind in 0.013 ms
INFO - [G] 2025-03-07 00:29:08 :: INFO  :: TIMER :: [0000] Injected Achievement in 0.024 ms
INFO - [G] 2025-03-07 00:29:08 :: INFO  :: TIMER :: [0000] Injected [INTERNAL] in 1.891 ms
INFO - [G] line not found
INFO - [G] file not found: main.lua: No such file or directory
INFO - [G] file not found: main.lua: No such file or directory
INFO - [G] file not found: engine/moveable.lua: No such file or directory
INFO - [G] file not found: main.lua: No such file or directory
INFO - [G] file not found: main.lua: No such file or directory
INFO - [G] 2025-03-07 00:29:08 :: ERROR :: StackTrace :: Oops! The game crashed
[SMODS 0Bullitro "0Bullitro.lua"]:35: loop in gettable
Stack Traceback
===============
(1) Lua local 'handler' at file 'main.lua:612'
	Local variables:
	 msg = string: "[SMODS 0Bullitro \"0Bullitro.lua\"]:35: loop in gettable"
	 (*temporary) = Lua function '?' (defined at line 31 of chunk [SMODS _ "src/logging.lua"])
	 (*temporary) = string: "Oops! The game crashed\
"
(2) LÖVE metamethod at file 'boot.lua:352'
	Local variables:
	 errhand = Lua function '?' (defined at line 598 of chunk main.lua)
	 handler = Lua function '?' (defined at line 598 of chunk main.lua)
(3) Lua global 'return_to_monkey' at file '0Bullitro.lua:35' (from mod with id 0Bullitro)
	Local variables:
	 args = table: 0x276d63e0  {1:table: 0x267b9d10}
	 (for generator) = C function: builtin#6
	 (for state) = table: 0x276d63e0  {1:table: 0x267b9d10}
	 (for control) = number: 1
	 i = number: 1
	 obj = table: 0x267b9d10  {op:function: 0x2698af50, Returned to monkey!:true, ver:table: 0x26844a00 (more...)}
	 (for generator) = C function: next
	 (for state) = table: 0x267b9d10  {op:function: 0x2698af50, Returned to monkey!:true, ver:table: 0x26844a00 (more...)}
	 (for control) = number: nan
	 k = string: "ver"
	 v = table: 0x26844a00  {patch:0, minor:0, major:1, rev:~ALPHA-1408a, beta:-1}
	 (*temporary) = string: "table"
	 (*temporary) = table: 0x26844a00  {patch:0, minor:0, major:1, rev:~ALPHA-1408a, beta:-1}
	 (*temporary) = string: "loop in gettable"
(4) Lua global 'return_to_monkey' at file '0Bullitro.lua:39' (from mod with id 0Bullitro)
	Local variables:
	 args = table: 0x276d6338  {1:table: 0x2698afb8}
	 (for generator) = C function: builtin#6
	 (for state) = table: 0x276d6338  {1:table: 0x2698afb8}
	 (for control) = number: 1
	 i = number: 1
	 obj = table: 0x2698afb8  {1:table: 0x267b9d10, id:Steamodded, Returned to monkey!:true, fulfilled:true (more...)}
	 (for generator) = C function: next
	 (for state) = table: 0x2698afb8  {1:table: 0x267b9d10, id:Steamodded, Returned to monkey!:true, fulfilled:true (more...)}
	 (for control) = number: nan
	 k = number: 1
	 v = table: 0x267b9d10  {op:function: 0x2698af50, Returned to monkey!:true, ver:table: 0x26844a00 (more...)}
(5) Lua global 'return_to_monkey' at file '0Bullitro.lua:39' (from mod with id 0Bullitro)
	Local variables:
	 args = table: 0x276d6290  {1:table: 0x2698af90}
	 (for generator) = C function: builtin#6
	 (for state) = table: 0x276d6290  {1:table: 0x2698af90}
	 (for control) = number: 1
	 i = number: 1
	 obj = table: 0x2698af90  {1:table: 0x2698afb8, Returned to monkey!:true, str:Steamodded (>=1.0.0~ALPHA-1408a) (more...)}
	 (for generator) = C function: next
	 (for state) = table: 0x2698af90  {1:table: 0x2698afb8, Returned to monkey!:true, str:Steamodded (>=1.0.0~ALPHA-1408a) (more...)}
	 (for control) = number: nan
	 k = number: 1
	 v = table: 0x2698afb8  {1:table: 0x267b9d10, id:Steamodded, Returned to monkey!:true, fulfilled:true (more...)}
(6) Lua global 'return_to_monkey' at file '0Bullitro.lua:39' (from mod with id 0Bullitro)
	Local variables:
	 args = table: 0x276d6218  {1:table: 0x26998560}
	 (for generator) = C function: builtin#6
	 (for state) = table: 0x276d6218  {1:table: 0x26998560}
	 (for control) = number: 1
	 i = number: 1
	 obj = table: 0x26998560  {1:table: 0x2698af90, Returned to monkey!:true}
	 (for generator) = C function: next
	 (for state) = table: 0x26998560  {1:table: 0x2698af90, Returned to monkey!:true}
	 (for control) = number: nan
	 k = number: 1
	 v = table: 0x2698af90  {1:table: 0x2698afb8, Returned to monkey!:true, str:Steamodded (>=1.0.0~ALPHA-1408a) (more...)}
(7) Lua global 'return_to_monkey' at file '0Bullitro.lua:39' (from mod with id 0Bullitro)
	Local variables:
	 args = table: 0x276d5aa8  {1:table: 0x269984e0}
	 (for generator) = C function: builtin#6
	 (for state) = table: 0x276d5aa8  {1:table: 0x269984e0}
	 (for control) = number: 1
	 i = number: 1
	 obj = table: 0x269984e0  {version:0.12, id:Balustro, config_tab:function: 0x26921a58, main_file:Balustro.lua (more...)}
	 (for generator) = C function: next
	 (for state) = table: 0x269984e0  {version:0.12, id:Balustro, config_tab:function: 0x26921a58, main_file:Balustro.lua (more...)}
	 (for control) = number: nan
	 k = string: "dependencies"
	 v = table: 0x26998560  {1:table: 0x2698af90, Returned to monkey!:true}
(8) Lua global 'return_to_monkey' at file '0Bullitro.lua:39' (from mod with id 0Bullitro)
	Local variables:
	 args = table: 0x276d5968  {1:table: 0x26a89dd8}
	 (for generator) = C function: builtin#6
	 (for state) = table: 0x276d5968  {1:table: 0x26a89dd8}
	 (for control) = number: 1
	 i = number: 1
	 obj = table: 0x26a89dd8  {Returned to monkey!:true, atlas:Atlas, image_data:ImageData: 0x02e3f9269130 (more...)}
	 (for generator) = C function: next
	 (for state) = table: 0x26a89dd8  {Returned to monkey!:true, atlas:Atlas, image_data:ImageData: 0x02e3f9269130 (more...)}
	 (for control) = number: nan
	 k = string: "mod"
	 v = table: 0x269984e0  {version:0.12, id:Balustro, config_tab:function: 0x26921a58, main_file:Balustro.lua (more...)}
(9) Lua global 'return_to_monkey' at file '0Bullitro.lua:39' (from mod with id 0Bullitro)
	Local variables:
	 args = table: 0x276d3f18  {1:table: 0x26fce9a0, 2:0.0091894400000003}
	 (for generator) = C function: builtin#6
	 (for state) = table: 0x276d3f18  {1:table: 0x26fce9a0, 2:0.0091894400000003}
	 (for control) = number: 1
	 i = number: 1
	 obj = table: 0x26fce9a0  {click_offset:table: 0x26fcf430, children:table: 0x2691cb68, sprite_pos:table: 0x26b4ca60 (more...)}
	 (for generator) = C function: next
	 (for state) = table: 0x26fce9a0  {click_offset:table: 0x26fcf430, children:table: 0x2691cb68, sprite_pos:table: 0x26b4ca60 (more...)}
	 (for control) = number: nan
	 k = string: "atlas"
	 v = table: 0x26a89dd8  {Returned to monkey!:true, atlas:Atlas, image_data:ImageData: 0x02e3f9269130 (more...)}
(10) Lua method 'move_wh' at file '0Bullitro.lua:1153' (from mod with id 0Bullitro)
	Local variables:
	 self = table: 0x26fce9a0  {click_offset:table: 0x26fcf430, children:table: 0x2691cb68, sprite_pos:table: 0x26b4ca60 (more...)}
	 dt = number: 0.00918944
	 (*temporary) = Lua function '?' (defined at line 433 of chunk engine/moveable.lua)
(11) Lua method 'move' at file 'engine/moveable.lua:311'
	Local variables:
	 self = table: 0x26fce9a0  {click_offset:table: 0x26fcf430, children:table: 0x2691cb68, sprite_pos:table: 0x26b4ca60 (more...)}
	 dt = number: 0.00918944
(12) Lua upvalue 'gameUpdateRef' at file 'game.lua:2664'
	Local variables:
	 self = table: 0x26746320  {F_GUIDE:false, F_CRASH_REPORTS:false, F_QUIT_BUTTON:true, F_ENGLISH_ONLY:false (more...)}
	 dt = number: 0.00918944
	 http_resp = nil
	 move_dt = number: 0.00918944
	 (for generator) = C function: next
	 (for state) = table: 0x2674adc0  {1:table: 0x268f6318, 2:table: 0x26b3ffc8, 3:table: 0x26b40918, 4:table: 0x26b412d8 (more...)}
	 (for control) = number: nan
	 k = number: 22
	 v = table: 0x26fce9a0  {click_offset:table: 0x26fcf430, children:table: 0x2691cb68, sprite_pos:table: 0x26b4ca60 (more...)}
(13) Lua upvalue 'old_update' at Steamodded file 'src/ui.lua:84' 
	Local variables:
	 self = table: 0x26746320  {F_GUIDE:false, F_CRASH_REPORTS:false, F_QUIT_BUTTON:true, F_ENGLISH_ONLY:false (more...)}
	 dt = number: 0.00918944
(14) Lua method 'update' at file 'Aura.lua:203' (from mod with id Aura)
	Local variables:
	 self = table: 0x26746320  {F_GUIDE:false, F_CRASH_REPORTS:false, F_QUIT_BUTTON:true, F_ENGLISH_ONLY:false (more...)}
	 dt = number: 0.00918944
(15) Lua field 'update' at file 'main.lua:992'
	Local variables:
	 dt = number: 0.00918944
(16) Lua function '?' at file 'main.lua:931' (best guess)
(17) global C function 'xpcall'
(18) LÖVE function at file 'boot.lua:377' (best guess)
	Local variables:
	 func = Lua function '?' (defined at line 902 of chunk main.lua)
	 inerror = boolean: true
	 deferErrhand = Lua function '(LÖVE Function)' (defined at line 348 of chunk [love "boot.lua"])
	 earlyinit = Lua function '(LÖVE Function)' (defined at line 355 of chunk [love "boot.lua"])

INFO - [G] file not found: engine/moveable.lua: No such file or directory
INFO - [G] file not found: main.lua: No such file or directory
INFO - [G] file not found: main.lua: No such file or directory
INFO - [G] 2025-03-07 00:29:08 :: INFO  :: StackTrace :: Additional Context:
Balatro Version: 1.0.1o-FULL
Modded Version: 1.0.0~ALPHA-1409a-STEAMODDED
LÖVE Version: 11.5.0
Lovely Version: 0.7.1
Platform: Windows
Steamodded Mods:
    1: Zero Bullitro by BitBites [ID: 0Bullitro, Version: 1.0]
    2: Preorder Cards by asd123cqp [ID: preorder_cards]
    3: Aura by MathIsFun_, ChromaPIE, Bard, Grassy311, RattlingSnow353, Solace, RadicaAprils, chloe_cromslor [ID: Aura, Version: 0.023, Uses Lovely]
    4: Hentai Cards by Makubex77, Pheubel (Code) [ID: HentaiCards, Version: 1.1]
    5: Vintage Pinup Cards by NoScope1080 [ID: VintagePinupCards]
    6: Stickface Deck by Stickface [ID: StickfaceNSFWDeck, Version: 1.0.0]
    7: Balustro by someone23832 [ID: Balustro, Priority: -20, Version: 0.12, Uses Lovely]
Lovely Mods:
