INFO - [♥] Lovely 0.7.1
INFO - [♥] Game directory is at "C:\\Program Files (x86)\\Steam\\steamapps\\common\\Balatro"
INFO - [♥] Writing logs to "C:\\Users\\Administrator\\AppData\\Roaming\\Balatro\\Mods\\lovely\\log"
INFO - [♥] Using mod directory at "C:\\Users\\Administrator\\AppData\\Roaming\\Balatro\\Mods"
INFO - [♥] Found .lovelyignore in 'SakashimaJoker', skipping it.
INFO - [♥] Cleaning up dumps directory at "C:\\Users\\Administrator\\AppData\\Roaming\\Balatro\\Mods\\lovely\\dump"
INFO - [♥] Initialization complete in 61ms
INFO - [♥] Applied 12 patches to 'main.lua'
INFO - [♥] Applied 5 patches to 'engine/controller.lua'
INFO - [♥] Applied 13 patches to 'back.lua'
INFO - [♥] Applied 6 patches to 'tag.lua'
INFO - [♥] Applied 1 patch to 'engine/moveable.lua'
INFO - [♥] Applied 2 patches to 'engine/sprite.lua'
INFO - [♥] Applied 2 patches to 'engine/animatedsprite.lua'
INFO - [♥] Applied 44 patches to 'functions/misc_functions.lua'
INFO - [♥] Applied 29 patches to 'game.lua'
INFO - [♥] Applied 1 patch to 'globals.lua'
INFO - [♥] Applied 3 patches to 'engine/ui.lua'
INFO - [♥] Applied 72 patches to 'functions/UI_definitions.lua'
INFO - [♥] Applied 39 patches to 'functions/state_events.lua'
INFO - [♥] Applied 87 patches to 'functions/common_events.lua'
INFO - [♥] Applied 38 patches to 'functions/button_callbacks.lua'
INFO - [♥] Applied 143 patches to 'card.lua'
INFO - [♥] Applied 6 patches to 'cardarea.lua'
INFO - [♥] Applied 30 patches to 'blind.lua'
INFO - [♥] Applied 2 patches to 'engine/text.lua'
INFO - [G] Failed to connect to the debug server
INFO - [G] 2025-03-07 00:33:27 :: DEBUG :: DebugConsole :: Steamodded Debug Socket started !
INFO - [♥] Applied 9 patches to 'engine/sound_manager.lua'
INFO - [♥] Applied 1 patch to 'engine/save_manager.lua'
INFO - [G] 2025-03-07 00:33:28 :: ERROR :: Loader :: Found invalid metadata JSON file at C:\Users\Administrator\AppData\Roaming\Balatro\Mods/.vscode/settings.json, ignoring: [SMODS _ "src/loader.lua"]:226: id
INFO - [G] 2025-03-07 00:33:28 :: INFO  :: DefaultLogger :: Valid JSON file found
INFO - [G] 2025-03-07 00:33:28 :: ERROR :: Loader :: Found invalid metadata JSON file at C:\Users\Administrator\AppData\Roaming\Balatro\Mods/Aura/.vscode/settings.json, ignoring: [SMODS _ "src/loader.lua"]:226: id
INFO - [G] 2025-03-07 00:33:28 :: TRACE :: Loader :: Processing Mod file (Legacy header): Aura.lua
INFO - [G] 2025-03-07 00:33:28 :: TRACE :: Loader :: Saving Mod Info: Aura
INFO - [G] 2025-03-07 00:33:28 :: TRACE :: Loader :: Processing Mod file (Legacy header): PreorderCards.lua
INFO - [G] 2025-03-07 00:33:28 :: TRACE :: Loader :: Saving Mod Info: preorder_cards
INFO - [G] 2025-03-07 00:33:28 :: INFO  :: DefaultLogger :: Valid JSON file found
INFO - [G] 2025-03-07 00:33:28 :: INFO  :: DefaultLogger :: Valid JSON file found
INFO - [G] 2025-03-07 00:33:28 :: TRACE :: Loader :: Processing Mod file (Legacy header): HentaiCards.lua
INFO - [G] 2025-03-07 00:33:28 :: WARN  :: Loader :: Duplicate Mod ID: HentaiCards
INFO - [G] 2025-03-07 00:33:28 :: TRACE :: Loader :: Processing Mod file (Legacy header): SakashimaJoker.lua
INFO - [G] 2025-03-07 00:33:28 :: TRACE :: Loader :: Saving Mod Info: SakashimaJoker
INFO - [G] 2025-03-07 00:33:28 :: INFO  :: DefaultLogger :: Valid JSON file found
INFO - [G] 2025-03-07 00:33:28 :: TRACE :: Loader :: Processing Mod file (Legacy header): VintagePinupCards.lua
INFO - [G] 2025-03-07 00:33:28 :: TRACE :: Loader :: Saving Mod Info: VintagePinupCards
INFO - [G] 2025-03-07 00:33:28 :: WARN  :: DeckSkin :: Old DeckSkin formatting detected on DeckSkin lust_LuckHearts!
INFO - [G] 2025-03-07 00:33:28 :: WARN  :: DeckSkin :: Old DeckSkin formatting detected on DeckSkin lust_LuckClubs!
INFO - [G] 2025-03-07 00:33:28 :: WARN  :: DeckSkin :: Old DeckSkin formatting detected on DeckSkin lust_LuckDiamonds!
INFO - [G] 2025-03-07 00:33:28 :: WARN  :: DeckSkin :: Old DeckSkin formatting detected on DeckSkin lust_LuckSpades!
INFO - [G] true
INFO - [G] Picture dimensions: 138 x 186
INFO - [G] Number of animation frames: 8
INFO - [G] Comment inside this GIF: Created with Paint.NET
INFO - [G] Picture dimensions: 138 x 186
INFO - [G] Number of animation frames: 1
INFO - [G] Comment inside this GIF: NO_COMMENT
INFO - [G] Picture dimensions: 138 x 186
INFO - [G] Number of animation frames: 9
INFO - [G] Comment inside this GIF: Created with Paint.NET
INFO - [G] 2025-03-07 00:33:28 :: WARN  :: Atlas :: Object centers has the same key as an existing object, not registering.
INFO - [G] 2025-03-07 00:33:28 :: WARN  :: Atlas :: If you want to modify an existing object, use take_ownership()
INFO - [G] soul_atlas
INFO - [G] 2025-03-07 00:33:28 :: TRACE :: Loader :: Mod SakashimaJoker was unable to load: 
INFO - [G] 2025-03-07 00:33:28 :: INFO  :: TIMER :: [0000] Injected Language in 0.002 ms
INFO - [G] 2025-03-07 00:33:28 :: INFO  :: TIMER :: [0000] Injected [INTERNAL] in 1.014 ms
INFO - [G] mod_tags
INFO - [G] achievements
INFO - [G] lust_AltVersions
INFO - [G] Joker
INFO - [G] centers
INFO - [G] lust_editions
INFO - [G] lust_LustTarot
INFO - [G] Booster
INFO - [G] stickers
INFO - [G] shop_sign
INFO - [G] balatro
INFO - [G] lust_modicon
INFO - [G] BalustroIcons
INFO - [G] lust_BalustroPlayingCards
INFO - [G] lust_LuckPlayingCardsLC
INFO - [G] lust_LuckPlayingCardsHC
INFO - [G] bull_wide_card
INFO - [G] aura_j_faceless
INFO - [G] aura_j_seance
INFO - [G] aura_j_juggler
INFO - [G] aura_c_hearts
INFO - [G] aura_c_diamonds
INFO - [G] aura_c_clubs
INFO - [G] aura_c_spades
INFO - [G] aura_goon_icon_heart
INFO - [G] aura_goon_icon_diamond
INFO - [G] aura_goon_icon_club
INFO - [G] aura_goon_icon_spade
INFO - [G] FHC_hentai_cards_deck_lc
INFO - [G] FHC_hentai_cards_deck_hc
INFO - [G] Tarot
INFO - [G] Planet
INFO - [G] Spectral
INFO - [G] soul_atlas
INFO - [G] StickfaceNSFW_8BitDeck_opt2
INFO - [G] StickfaceNSFW_8BitDeck
INFO - [G] StickfaceNSFW_icon_lc
INFO - [G] StickfaceNSFW_icon_hc
INFO - [G] vintage_pinup_cards
INFO - [G] 2025-03-07 00:33:29 :: INFO  :: TIMER :: [0039] Injected Atlas in 1142.788 ms
INFO - [G] 2025-03-07 00:33:29 :: INFO  :: TIMER :: [0053] Injected Sound in 4.335 ms
INFO - [G] 2025-03-07 00:33:29 :: INFO  :: TIMER :: [0008] Injected Stake in 0.136 ms
INFO - [G] 2025-03-07 00:33:29 :: INFO  :: TIMER :: [0004] Injected Rarity in 0.015 ms
INFO - [G] 2025-03-07 00:33:29 :: INFO  :: TIMER :: [0004] Injected ObjectType in 0.033 ms
INFO - [G] 2025-03-07 00:33:29 :: INFO  :: TIMER :: [0212] Injected Center in 2.387 ms
INFO - [G] 2025-03-07 00:33:29 :: INFO  :: TIMER :: [0007] Injected Undiscovered Sprite in 0.013 ms
INFO - [G] 2025-03-07 00:33:29 :: INFO  :: TIMER :: [0002] Injected Blind in 0.016 ms
INFO - [G] 2025-03-07 00:33:30 :: INFO  :: TIMER :: [0004] Injected Seal in 0.096 ms
INFO - [G] 2025-03-07 00:33:30 :: INFO  :: TIMER :: [0004] Injected Suit in 0.072 ms
INFO - [G] 2025-03-07 00:33:30 :: INFO  :: TIMER :: [0013] Injected Rank in 0.063 ms
INFO - [G] 2025-03-07 00:33:30 :: INFO  :: TIMER :: [0052] Injected DeckSkin in 0.256 ms
INFO - [G] 2025-03-07 00:33:30 :: INFO  :: TIMER :: [0012] Injected PokerHand in 0.040 ms
INFO - [G] 2025-03-07 00:33:30 :: INFO  :: TIMER :: [0020] Injected Challenge in 0.029 ms
INFO - [G] 2025-03-07 00:33:30 :: INFO  :: TIMER :: [0000] Injected Tag in 0.001 ms
INFO - [G] 2025-03-07 00:33:30 :: INFO  :: TIMER :: [0004] Injected Sticker in 0.074 ms
INFO - [G] 2025-03-07 00:33:30 :: INFO  :: TIMER :: [0000] Injected Shader in 0.002 ms
INFO - [G] 2025-03-07 00:33:30 :: INFO  :: TIMER :: [0001] Injected Keybind in 0.013 ms
INFO - [G] 2025-03-07 00:33:30 :: INFO  :: TIMER :: [0000] Injected Achievement in 0.025 ms
INFO - [G] 2025-03-07 00:33:30 :: INFO  :: TIMER :: [0000] Injected [INTERNAL] in 1.870 ms
INFO - [G] line not found
INFO - [G] file not found: main.lua: No such file or directory
INFO - [G] file not found: main.lua: No such file or directory
INFO - [G] file not found: engine/moveable.lua: No such file or directory
INFO - [G] file not found: main.lua: No such file or directory
INFO - [G] file not found: main.lua: No such file or directory
INFO - [G] 2025-03-07 00:33:30 :: ERROR :: StackTrace :: Oops! The game crashed
[SMODS 0Bullitro "0Bullitro.lua"]:35: loop in gettable
Stack Traceback
===============
(1) Lua local 'handler' at file 'main.lua:612'
	Local variables:
	 msg = string: "[SMODS 0Bullitro \"0Bullitro.lua\"]:35: loop in gettable"
	 (*temporary) = Lua function '?' (defined at line 31 of chunk [SMODS _ "src/logging.lua"])
	 (*temporary) = string: "Oops! The game crashed\
"
(2) LÖVE metamethod at file 'boot.lua:352'
	Local variables:
	 errhand = Lua function '?' (defined at line 598 of chunk main.lua)
	 handler = Lua function '?' (defined at line 598 of chunk main.lua)
(3) Lua global 'return_to_monkey' at file '0Bullitro.lua:35' (from mod with id 0Bullitro)
	Local variables:
	 args = table: 0x36098228  {1:table: 0x35438088}
	 (for generator) = C function: builtin#6
	 (for state) = table: 0x36098228  {1:table: 0x35438088}
	 (for control) = number: 1
	 i = number: 1
	 obj = table: 0x35438088  {op:function: 0x35501cc8, Returned to monkey!:true, ver:table: 0x35437d50 (more...)}
	 (for generator) = C function: next
	 (for state) = table: 0x35438088  {op:function: 0x35501cc8, Returned to monkey!:true, ver:table: 0x35437d50 (more...)}
	 (for control) = number: nan
	 k = string: "ver"
	 v = table: 0x35437d50  {patch:0, minor:0, major:1, rev:~ALPHA-1408a, beta:-1}
	 (*temporary) = string: "table"
	 (*temporary) = table: 0x35437d50  {patch:0, minor:0, major:1, rev:~ALPHA-1408a, beta:-1}
	 (*temporary) = string: "loop in gettable"
(4) Lua global 'return_to_monkey' at file '0Bullitro.lua:39' (from mod with id 0Bullitro)
	Local variables:
	 args = table: 0x36098180  {1:table: 0x3569bdc0}
	 (for generator) = C function: builtin#6
	 (for state) = table: 0x36098180  {1:table: 0x3569bdc0}
	 (for control) = number: 1
	 i = number: 1
	 obj = table: 0x3569bdc0  {1:table: 0x35438088, id:Steamodded, Returned to monkey!:true, fulfilled:true (more...)}
	 (for generator) = C function: next
	 (for state) = table: 0x3569bdc0  {1:table: 0x35438088, id:Steamodded, Returned to monkey!:true, fulfilled:true (more...)}
	 (for control) = number: nan
	 k = number: 1
	 v = table: 0x35438088  {op:function: 0x35501cc8, Returned to monkey!:true, ver:table: 0x35437d50 (more...)}
(5) Lua global 'return_to_monkey' at file '0Bullitro.lua:39' (from mod with id 0Bullitro)
	Local variables:
	 args = table: 0x360980d8  {1:table: 0x35501d08}
	 (for generator) = C function: builtin#6
	 (for state) = table: 0x360980d8  {1:table: 0x35501d08}
	 (for control) = number: 1
	 i = number: 1
	 obj = table: 0x35501d08  {1:table: 0x3569bdc0, Returned to monkey!:true, str:Steamodded (>=1.0.0~ALPHA-1408a) (more...)}
	 (for generator) = C function: next
	 (for state) = table: 0x35501d08  {1:table: 0x3569bdc0, Returned to monkey!:true, str:Steamodded (>=1.0.0~ALPHA-1408a) (more...)}
	 (for control) = number: nan
	 k = number: 1
	 v = table: 0x3569bdc0  {1:table: 0x35438088, id:Steamodded, Returned to monkey!:true, fulfilled:true (more...)}
(6) Lua global 'return_to_monkey' at file '0Bullitro.lua:39' (from mod with id 0Bullitro)
	Local variables:
	 args = table: 0x36098060  {1:table: 0x3562b7b0}
	 (for generator) = C function: builtin#6
	 (for state) = table: 0x36098060  {1:table: 0x3562b7b0}
	 (for control) = number: 1
	 i = number: 1
	 obj = table: 0x3562b7b0  {1:table: 0x35501d08, Returned to monkey!:true}
	 (for generator) = C function: next
	 (for state) = table: 0x3562b7b0  {1:table: 0x35501d08, Returned to monkey!:true}
	 (for control) = number: nan
	 k = number: 1
	 v = table: 0x35501d08  {1:table: 0x3569bdc0, Returned to monkey!:true, str:Steamodded (>=1.0.0~ALPHA-1408a) (more...)}
(7) Lua global 'return_to_monkey' at file '0Bullitro.lua:39' (from mod with id 0Bullitro)
	Local variables:
	 args = table: 0x360978f0  {1:table: 0x354e9750}
	 (for generator) = C function: builtin#6
	 (for state) = table: 0x360978f0  {1:table: 0x354e9750}
	 (for control) = number: 1
	 i = number: 1
	 obj = table: 0x354e9750  {version:0.12, id:Balustro, config_tab:function: 0x3589eb50, main_file:Balustro.lua (more...)}
	 (for generator) = C function: next
	 (for state) = table: 0x354e9750  {version:0.12, id:Balustro, config_tab:function: 0x3589eb50, main_file:Balustro.lua (more...)}
	 (for control) = number: nan
	 k = string: "dependencies"
	 v = table: 0x3562b7b0  {1:table: 0x35501d08, Returned to monkey!:true}
(8) Lua global 'return_to_monkey' at file '0Bullitro.lua:39' (from mod with id 0Bullitro)
	Local variables:
	 args = table: 0x360977b0  {1:table: 0x35825330}
	 (for generator) = C function: builtin#6
	 (for state) = table: 0x360977b0  {1:table: 0x35825330}
	 (for control) = number: 1
	 i = number: 1
	 obj = table: 0x35825330  {Returned to monkey!:true, atlas:Atlas, image_data:ImageData: 0x01a5d16d1dc0 (more...)}
	 (for generator) = C function: next
	 (for state) = table: 0x35825330  {Returned to monkey!:true, atlas:Atlas, image_data:ImageData: 0x01a5d16d1dc0 (more...)}
	 (for control) = number: nan
	 k = string: "mod"
	 v = table: 0x354e9750  {version:0.12, id:Balustro, config_tab:function: 0x3589eb50, main_file:Balustro.lua (more...)}
(9) Lua global 'return_to_monkey' at file '0Bullitro.lua:39' (from mod with id 0Bullitro)
	Local variables:
	 args = table: 0x36097288  {1:table: 0x35438688}
	 (for generator) = C function: builtin#6
	 (for state) = table: 0x36097288  {1:table: 0x35438688}
	 (for control) = number: 1
	 i = number: 1
	 obj = table: 0x35438688  {click_offset:table: 0x35838c98, children:table: 0x354d7d20, Returned to monkey!:true (more...)}
	 (for generator) = C function: next
	 (for state) = table: 0x35438688  {click_offset:table: 0x35838c98, children:table: 0x354d7d20, Returned to monkey!:true (more...)}
	 (for control) = number: nan
	 k = string: "atlas"
	 v = table: 0x35825330  {Returned to monkey!:true, atlas:Atlas, image_data:ImageData: 0x01a5d16d1dc0 (more...)}
(10) Lua global 'return_to_monkey' at file '0Bullitro.lua:39' (from mod with id 0Bullitro)
	Local variables:
	 args = table: 0x36097118  {1:table: 0x35680b50}
	 (for generator) = C function: builtin#6
	 (for state) = table: 0x36097118  {1:table: 0x35680b50}
	 (for control) = number: 1
	 i = number: 1
	 obj = table: 0x35680b50  {xy_bond:Strong, offset:table: 0x35300708, Returned to monkey!:true, role_type:Major (more...)}
	 (for generator) = C function: next
	 (for state) = table: 0x35680b50  {xy_bond:Strong, offset:table: 0x35300708, Returned to monkey!:true, role_type:Major (more...)}
	 (for control) = number: nan
	 k = string: "draw_major"
	 v = table: 0x35438688  {click_offset:table: 0x35838c98, children:table: 0x354d7d20, Returned to monkey!:true (more...)}
(11) Lua global 'return_to_monkey' at file '0Bullitro.lua:39' (from mod with id 0Bullitro)
	Local variables:
	 args = table: 0x36096ab8  {1:table: 0x35438688, 2:0.0090269000000001}
	 (for generator) = C function: builtin#6
	 (for state) = table: 0x36096ab8  {1:table: 0x35438688, 2:0.0090269000000001}
	 (for control) = number: 1
	 i = number: 1
	 obj = table: 0x35438688  {click_offset:table: 0x35838c98, children:table: 0x354d7d20, Returned to monkey!:true (more...)}
	 (for generator) = C function: next
	 (for state) = table: 0x35438688  {click_offset:table: 0x35838c98, children:table: 0x354d7d20, Returned to monkey!:true (more...)}
	 (for control) = number: nan
	 k = string: "role"
	 v = table: 0x35680b50  {xy_bond:Strong, offset:table: 0x35300708, Returned to monkey!:true, role_type:Major (more...)}
(12) Lua method 'move_wh' at file '0Bullitro.lua:1152' (from mod with id 0Bullitro)
	Local variables:
	 self = table: 0x35438688  {click_offset:table: 0x35838c98, children:table: 0x354d7d20, Returned to monkey!:true (more...)}
	 dt = number: 0.0090269
	 (*temporary) = Lua function '?' (defined at line 433 of chunk engine/moveable.lua)
(13) Lua method 'move' at file 'engine/moveable.lua:311'
	Local variables:
	 self = table: 0x35438688  {click_offset:table: 0x35838c98, children:table: 0x354d7d20, Returned to monkey!:true (more...)}
	 dt = number: 0.0090269
(14) Lua upvalue 'gameUpdateRef' at file 'game.lua:2664'
	Local variables:
	 self = table: 0x35336388  {F_GUIDE:false, F_CRASH_REPORTS:false, F_QUIT_BUTTON:true, F_ENGLISH_ONLY:false (more...)}
	 dt = number: 0.0090269
	 http_resp = nil
	 move_dt = number: 0.0090269
	 (for generator) = C function: next
	 (for state) = table: 0x3533ae20  {1:table: 0x35732590, 2:table: 0x358f44e8, 3:table: 0x35901f28, 4:table: 0x3590e728 (more...)}
	 (for control) = number: nan
	 k = number: 22
	 v = table: 0x35438688  {click_offset:table: 0x35838c98, children:table: 0x354d7d20, Returned to monkey!:true (more...)}
(15) Lua upvalue 'old_update' at Steamodded file 'src/ui.lua:84' 
	Local variables:
	 self = table: 0x35336388  {F_GUIDE:false, F_CRASH_REPORTS:false, F_QUIT_BUTTON:true, F_ENGLISH_ONLY:false (more...)}
	 dt = number: 0.0090269
(16) Lua method 'update' at file 'Aura.lua:203' (from mod with id Aura)
	Local variables:
	 self = table: 0x35336388  {F_GUIDE:false, F_CRASH_REPORTS:false, F_QUIT_BUTTON:true, F_ENGLISH_ONLY:false (more...)}
	 dt = number: 0.0090269
(17) Lua field 'update' at file 'main.lua:992'
	Local variables:
	 dt = number: 0.0090269
(18) Lua function '?' at file 'main.lua:931' (best guess)
(19) global C function 'xpcall'
(20) LÖVE function at file 'boot.lua:377' (best guess)
	Local variables:
	 func = Lua function '?' (defined at line 902 of chunk main.lua)
	 inerror = boolean: true
	 deferErrhand = Lua function '(LÖVE Function)' (defined at line 348 of chunk [love "boot.lua"])
	 earlyinit = Lua function '(LÖVE Function)' (defined at line 355 of chunk [love "boot.lua"])

INFO - [G] file not found: engine/moveable.lua: No such file or directory
INFO - [G] file not found: main.lua: No such file or directory
INFO - [G] file not found: main.lua: No such file or directory
INFO - [G] 2025-03-07 00:33:30 :: INFO  :: StackTrace :: Additional Context:
Balatro Version: 1.0.1o-FULL
Modded Version: 1.0.0~ALPHA-1409a-STEAMODDED
LÖVE Version: 11.5.0
Lovely Version: 0.7.1
Platform: Windows
Steamodded Mods:
    1: Zero Bullitro by BitBites [ID: 0Bullitro, Version: 1.0]
    2: Preorder Cards by asd123cqp [ID: preorder_cards]
    3: Aura by MathIsFun_, ChromaPIE, Bard, Grassy311, RattlingSnow353, Solace, RadicaAprils, chloe_cromslor [ID: Aura, Version: 0.023, Uses Lovely]
    4: Hentai Cards by Makubex77, Pheubel (Code) [ID: HentaiCards, Version: 1.1]
    5: Vintage Pinup Cards by NoScope1080 [ID: VintagePinupCards]
    6: Stickface Deck by Stickface [ID: StickfaceNSFWDeck, Version: 1.0.0]
    7: Balustro by someone23832 [ID: Balustro, Priority: -20, Version: 0.12, Uses Lovely]
Lovely Mods:
