INFO - [♥] Lovely 0.7.1
INFO - [♥] Game directory is at "C:\\Program Files (x86)\\Steam\\steamapps\\common\\Balatro"
INFO - [♥] Writing logs to "C:\\Users\\Administrator\\AppData\\Roaming\\Balatro\\Mods\\lovely\\log"
INFO - [♥] Using mod directory at "C:\\Users\\Administrator\\AppData\\Roaming\\Balatro\\Mods"
INFO - [♥] Found .lovelyignore in 'SakashimaJoker', skipping it.
INFO - [♥] Cleaning up dumps directory at "C:\\Users\\Administrator\\AppData\\Roaming\\Balatro\\Mods\\lovely\\dump"
INFO - [♥] Initialization complete in 20ms
INFO - [♥] Applied 12 patches to 'main.lua'
INFO - [♥] Applied 5 patches to 'engine/controller.lua'
INFO - [♥] Applied 13 patches to 'back.lua'
INFO - [♥] Applied 6 patches to 'tag.lua'
INFO - [♥] Applied 1 patch to 'engine/moveable.lua'
INFO - [♥] Applied 2 patches to 'engine/sprite.lua'
INFO - [♥] Applied 2 patches to 'engine/animatedsprite.lua'
INFO - [♥] Applied 44 patches to 'functions/misc_functions.lua'
INFO - [♥] Applied 29 patches to 'game.lua'
INFO - [♥] Applied 1 patch to 'globals.lua'
INFO - [♥] Applied 3 patches to 'engine/ui.lua'
INFO - [♥] Applied 72 patches to 'functions/UI_definitions.lua'
INFO - [♥] Applied 39 patches to 'functions/state_events.lua'
INFO - [♥] Applied 87 patches to 'functions/common_events.lua'
INFO - [♥] Applied 38 patches to 'functions/button_callbacks.lua'
INFO - [♥] Applied 143 patches to 'card.lua'
INFO - [♥] Applied 6 patches to 'cardarea.lua'
INFO - [♥] Applied 30 patches to 'blind.lua'
INFO - [♥] Applied 2 patches to 'engine/text.lua'
INFO - [G] Failed to connect to the debug server
INFO - [G] 2025-03-07 00:36:21 :: DEBUG :: DebugConsole :: Steamodded Debug Socket started !
INFO - [♥] Applied 9 patches to 'engine/sound_manager.lua'
INFO - [♥] Applied 1 patch to 'engine/save_manager.lua'
INFO - [G] 2025-03-07 00:36:23 :: ERROR :: Loader :: Found invalid metadata JSON file at C:\Users\Administrator\AppData\Roaming\Balatro\Mods/.vscode/settings.json, ignoring: [SMODS _ "src/loader.lua"]:226: id
INFO - [G] 2025-03-07 00:36:23 :: INFO  :: DefaultLogger :: Valid JSON file found
INFO - [G] 2025-03-07 00:36:23 :: ERROR :: Loader :: Found invalid metadata JSON file at C:\Users\Administrator\AppData\Roaming\Balatro\Mods/Aura/.vscode/settings.json, ignoring: [SMODS _ "src/loader.lua"]:226: id
INFO - [G] 2025-03-07 00:36:23 :: TRACE :: Loader :: Processing Mod file (Legacy header): Aura.lua
INFO - [G] 2025-03-07 00:36:23 :: TRACE :: Loader :: Saving Mod Info: Aura
INFO - [G] 2025-03-07 00:36:23 :: TRACE :: Loader :: Processing Mod file (Legacy header): PreorderCards.lua
INFO - [G] 2025-03-07 00:36:23 :: TRACE :: Loader :: Saving Mod Info: preorder_cards
INFO - [G] 2025-03-07 00:36:23 :: INFO  :: DefaultLogger :: Valid JSON file found
INFO - [G] 2025-03-07 00:36:23 :: INFO  :: DefaultLogger :: Valid JSON file found
INFO - [G] 2025-03-07 00:36:23 :: TRACE :: Loader :: Processing Mod file (Legacy header): HentaiCards.lua
INFO - [G] 2025-03-07 00:36:23 :: WARN  :: Loader :: Duplicate Mod ID: HentaiCards
INFO - [G] 2025-03-07 00:36:23 :: TRACE :: Loader :: Processing Mod file (Legacy header): SakashimaJoker.lua
INFO - [G] 2025-03-07 00:36:23 :: TRACE :: Loader :: Saving Mod Info: SakashimaJoker
INFO - [G] 2025-03-07 00:36:23 :: INFO  :: DefaultLogger :: Valid JSON file found
INFO - [G] 2025-03-07 00:36:23 :: TRACE :: Loader :: Processing Mod file (Legacy header): VintagePinupCards.lua
INFO - [G] 2025-03-07 00:36:23 :: TRACE :: Loader :: Saving Mod Info: VintagePinupCards
INFO - [G] 2025-03-07 00:36:23 :: WARN  :: DeckSkin :: Old DeckSkin formatting detected on DeckSkin lust_LuckHearts!
INFO - [G] 2025-03-07 00:36:23 :: WARN  :: DeckSkin :: Old DeckSkin formatting detected on DeckSkin lust_LuckClubs!
INFO - [G] 2025-03-07 00:36:23 :: WARN  :: DeckSkin :: Old DeckSkin formatting detected on DeckSkin lust_LuckDiamonds!
INFO - [G] 2025-03-07 00:36:23 :: WARN  :: DeckSkin :: Old DeckSkin formatting detected on DeckSkin lust_LuckSpades!
INFO - [G] true
INFO - [G] Picture dimensions: 138 x 186
INFO - [G] Number of animation frames: 8
INFO - [G] Comment inside this GIF: Created with Paint.NET
INFO - [G] Picture dimensions: 138 x 186
INFO - [G] Number of animation frames: 1
INFO - [G] Comment inside this GIF: NO_COMMENT
INFO - [G] Picture dimensions: 138 x 186
INFO - [G] Number of animation frames: 9
INFO - [G] Comment inside this GIF: Created with Paint.NET
INFO - [G] 2025-03-07 00:36:23 :: WARN  :: Atlas :: Object centers has the same key as an existing object, not registering.
INFO - [G] 2025-03-07 00:36:23 :: WARN  :: Atlas :: If you want to modify an existing object, use take_ownership()
INFO - [G] soul_atlas
INFO - [G] 2025-03-07 00:36:23 :: TRACE :: Loader :: Mod SakashimaJoker was unable to load: 
INFO - [G] 2025-03-07 00:36:23 :: INFO  :: TIMER :: [0000] Injected Language in 0.002 ms
INFO - [G] 2025-03-07 00:36:23 :: INFO  :: TIMER :: [0000] Injected [INTERNAL] in 1.309 ms
INFO - [G] mod_tags
INFO - [G] achievements
INFO - [G] lust_AltVersions
INFO - [G] Joker
INFO - [G] centers
INFO - [G] lust_editions
INFO - [G] lust_LustTarot
INFO - [G] Booster
INFO - [G] stickers
INFO - [G] shop_sign
INFO - [G] balatro
INFO - [G] lust_modicon
INFO - [G] BalustroIcons
INFO - [G] lust_BalustroPlayingCards
INFO - [G] lust_LuckPlayingCardsLC
INFO - [G] lust_LuckPlayingCardsHC
INFO - [G] bull_wide_card
INFO - [G] aura_j_faceless
INFO - [G] aura_j_seance
INFO - [G] aura_j_juggler
INFO - [G] aura_c_hearts
INFO - [G] aura_c_diamonds
INFO - [G] aura_c_clubs
INFO - [G] aura_c_spades
INFO - [G] aura_goon_icon_heart
INFO - [G] aura_goon_icon_diamond
INFO - [G] aura_goon_icon_club
INFO - [G] aura_goon_icon_spade
INFO - [G] FHC_hentai_cards_deck_lc
INFO - [G] FHC_hentai_cards_deck_hc
INFO - [G] Tarot
INFO - [G] Planet
INFO - [G] Spectral
INFO - [G] soul_atlas
INFO - [G] StickfaceNSFW_8BitDeck_opt2
INFO - [G] StickfaceNSFW_8BitDeck
INFO - [G] StickfaceNSFW_icon_lc
INFO - [G] StickfaceNSFW_icon_hc
INFO - [G] vintage_pinup_cards
INFO - [G] 2025-03-07 00:36:24 :: INFO  :: TIMER :: [0039] Injected Atlas in 1110.088 ms
INFO - [G] 2025-03-07 00:36:24 :: INFO  :: TIMER :: [0053] Injected Sound in 4.129 ms
INFO - [G] 2025-03-07 00:36:24 :: INFO  :: TIMER :: [0008] Injected Stake in 0.155 ms
INFO - [G] 2025-03-07 00:36:24 :: INFO  :: TIMER :: [0004] Injected Rarity in 0.016 ms
INFO - [G] 2025-03-07 00:36:24 :: INFO  :: TIMER :: [0004] Injected ObjectType in 0.038 ms
INFO - [G] 2025-03-07 00:36:24 :: INFO  :: TIMER :: [0212] Injected Center in 2.616 ms
INFO - [G] 2025-03-07 00:36:24 :: INFO  :: TIMER :: [0007] Injected Undiscovered Sprite in 0.047 ms
INFO - [G] 2025-03-07 00:36:24 :: INFO  :: TIMER :: [0002] Injected Blind in 0.019 ms
INFO - [G] 2025-03-07 00:36:24 :: INFO  :: TIMER :: [0004] Injected Seal in 0.131 ms
INFO - [G] 2025-03-07 00:36:24 :: INFO  :: TIMER :: [0004] Injected Suit in 0.056 ms
INFO - [G] 2025-03-07 00:36:24 :: INFO  :: TIMER :: [0013] Injected Rank in 0.100 ms
INFO - [G] 2025-03-07 00:36:24 :: INFO  :: TIMER :: [0052] Injected DeckSkin in 0.502 ms
INFO - [G] 2025-03-07 00:36:24 :: INFO  :: TIMER :: [0012] Injected PokerHand in 0.068 ms
INFO - [G] 2025-03-07 00:36:24 :: INFO  :: TIMER :: [0020] Injected Challenge in 0.045 ms
INFO - [G] 2025-03-07 00:36:24 :: INFO  :: TIMER :: [0000] Injected Tag in 0.001 ms
INFO - [G] 2025-03-07 00:36:24 :: INFO  :: TIMER :: [0004] Injected Sticker in 0.065 ms
INFO - [G] 2025-03-07 00:36:24 :: INFO  :: TIMER :: [0000] Injected Shader in 0.002 ms
INFO - [G] 2025-03-07 00:36:24 :: INFO  :: TIMER :: [0001] Injected Keybind in 0.016 ms
INFO - [G] 2025-03-07 00:36:24 :: INFO  :: TIMER :: [0000] Injected Achievement in 0.025 ms
INFO - [G] 2025-03-07 00:36:24 :: INFO  :: TIMER :: [0000] Injected [INTERNAL] in 1.957 ms
INFO - [G] LONG DT @ 12: 0.050931348776258
INFO - [G] LONG DT @ 12: 0.053920439021006
INFO - [G] LONG DT @ 12: 0.054991591216805
INFO - [G] LONG DT @ 12: 0.057617972973444
INFO - [G] LONG DT @ 12: 0.078878058378755
INFO - [G] LONG DT @ 12: 0.074896606703004
INFO - [G] LONG DT @ 12: 0.072010425362403
INFO - [G] LONG DT @ 12: 0.066308360289923
INFO - [G] LONG DT @ 12: 0.061555928231938
INFO - [G] LONG DT @ 12: 0.05777664258555
INFO - [G] LONG DT @ 13: 0.05467687406844
INFO - [G] LONG DT @ 13: 0.052177319254752
INFO - [G] LONG DT @ 13: 0.050096875403802
