INFO - [♥] Lovely 0.7.1
INFO - [♥] Game directory is at "C:\\Program Files (x86)\\Steam\\steamapps\\common\\Balatro"
INFO - [♥] Writing logs to "C:\\Users\\Administrator\\AppData\\Roaming\\Balatro\\Mods\\lovely\\log"
INFO - [♥] Using mod directory at "C:\\Users\\Administrator\\AppData\\Roaming\\Balatro\\Mods"
INFO - [♥] Found .lovelyignore in 'SakashimaJoker', skipping it.
INFO - [♥] Cleaning up dumps directory at "C:\\Users\\Administrator\\AppData\\Roaming\\Balatro\\Mods\\lovely\\dump"
INFO - [♥] Initialization complete in 24ms
INFO - [♥] Applied 12 patches to 'main.lua'
INFO - [♥] Applied 5 patches to 'engine/controller.lua'
INFO - [♥] Applied 13 patches to 'back.lua'
INFO - [♥] Applied 6 patches to 'tag.lua'
INFO - [♥] Applied 1 patch to 'engine/moveable.lua'
INFO - [♥] Applied 2 patches to 'engine/sprite.lua'
INFO - [♥] Applied 2 patches to 'engine/animatedsprite.lua'
INFO - [♥] Applied 44 patches to 'functions/misc_functions.lua'
INFO - [♥] Applied 29 patches to 'game.lua'
INFO - [♥] Applied 1 patch to 'globals.lua'
INFO - [♥] Applied 3 patches to 'engine/ui.lua'
INFO - [♥] Applied 72 patches to 'functions/UI_definitions.lua'
INFO - [♥] Applied 39 patches to 'functions/state_events.lua'
INFO - [♥] Applied 87 patches to 'functions/common_events.lua'
INFO - [♥] Applied 38 patches to 'functions/button_callbacks.lua'
INFO - [♥] Applied 143 patches to 'card.lua'
INFO - [♥] Applied 6 patches to 'cardarea.lua'
INFO - [♥] Applied 30 patches to 'blind.lua'
INFO - [♥] Applied 2 patches to 'engine/text.lua'
INFO - [G] Failed to connect to the debug server
INFO - [G] 2025-03-07 01:18:37 :: DEBUG :: DebugConsole :: Steamodded Debug Socket started !
INFO - [♥] Applied 9 patches to 'engine/sound_manager.lua'
INFO - [♥] Applied 1 patch to 'engine/save_manager.lua'
INFO - [G] 2025-03-07 01:18:39 :: ERROR :: Loader :: Found invalid metadata JSON file at C:\Users\Administrator\AppData\Roaming\Balatro\Mods/.vscode/settings.json, ignoring: [SMODS _ "src/loader.lua"]:226: id
INFO - [G] 2025-03-07 01:18:39 :: INFO  :: DefaultLogger :: Valid JSON file found
INFO - [G] 2025-03-07 01:18:39 :: ERROR :: Loader :: Found invalid metadata JSON file at C:\Users\Administrator\AppData\Roaming\Balatro\Mods/Aura/.vscode/settings.json, ignoring: [SMODS _ "src/loader.lua"]:226: id
INFO - [G] 2025-03-07 01:18:39 :: TRACE :: Loader :: Processing Mod file (Legacy header): Aura.lua
INFO - [G] 2025-03-07 01:18:39 :: TRACE :: Loader :: Saving Mod Info: Aura
INFO - [G] 2025-03-07 01:18:39 :: TRACE :: Loader :: Processing Mod file (Legacy header): PreorderCards.lua
INFO - [G] 2025-03-07 01:18:39 :: TRACE :: Loader :: Saving Mod Info: preorder_cards
INFO - [G] 2025-03-07 01:18:39 :: INFO  :: DefaultLogger :: Valid JSON file found
INFO - [G] 2025-03-07 01:18:39 :: INFO  :: DefaultLogger :: Valid JSON file found
INFO - [G] 2025-03-07 01:18:39 :: TRACE :: Loader :: Processing Mod file (Legacy header): HentaiCards.lua
INFO - [G] 2025-03-07 01:18:39 :: WARN  :: Loader :: Duplicate Mod ID: HentaiCards
INFO - [G] 2025-03-07 01:18:39 :: TRACE :: Loader :: Processing Mod file (Legacy header): SakashimaJoker.lua
INFO - [G] 2025-03-07 01:18:39 :: TRACE :: Loader :: Saving Mod Info: SakashimaJoker
INFO - [G] 2025-03-07 01:18:39 :: INFO  :: DefaultLogger :: Valid JSON file found
INFO - [G] 2025-03-07 01:18:39 :: TRACE :: Loader :: Processing Mod file (Legacy header): VintagePinupCards.lua
INFO - [G] 2025-03-07 01:18:39 :: TRACE :: Loader :: Saving Mod Info: VintagePinupCards
INFO - [G] 2025-03-07 01:18:39 :: WARN  :: DeckSkin :: Old DeckSkin formatting detected on DeckSkin lust_LuckHearts!
INFO - [G] 2025-03-07 01:18:39 :: WARN  :: DeckSkin :: Old DeckSkin formatting detected on DeckSkin lust_LuckClubs!
INFO - [G] 2025-03-07 01:18:39 :: WARN  :: DeckSkin :: Old DeckSkin formatting detected on DeckSkin lust_LuckDiamonds!
INFO - [G] 2025-03-07 01:18:39 :: WARN  :: DeckSkin :: Old DeckSkin formatting detected on DeckSkin lust_LuckSpades!
INFO - [G] true
INFO - [G] Picture dimensions: 138 x 186
INFO - [G] Number of animation frames: 8
INFO - [G] Comment inside this GIF: Created with Paint.NET
INFO - [G] Picture dimensions: 138 x 186
INFO - [G] Number of animation frames: 1
INFO - [G] Comment inside this GIF: NO_COMMENT
INFO - [G] Picture dimensions: 138 x 186
INFO - [G] Number of animation frames: 9
INFO - [G] Comment inside this GIF: Created with Paint.NET
INFO - [G] 2025-03-07 01:18:39 :: WARN  :: Atlas :: Object centers has the same key as an existing object, not registering.
INFO - [G] 2025-03-07 01:18:39 :: WARN  :: Atlas :: If you want to modify an existing object, use take_ownership()
INFO - [G] soul_atlas
INFO - [G] 2025-03-07 01:18:39 :: TRACE :: Loader :: Mod SakashimaJoker was unable to load: 
INFO - [G] 2025-03-07 01:18:39 :: INFO  :: TIMER :: [0000] Injected Language in 0.002 ms
INFO - [G] 2025-03-07 01:18:39 :: INFO  :: TIMER :: [0000] Injected [INTERNAL] in 1.075 ms
INFO - [G] mod_tags
INFO - [G] achievements
INFO - [G] lust_AltVersions
INFO - [G] Joker
INFO - [G] centers
INFO - [G] lust_editions
INFO - [G] lust_LustTarot
INFO - [G] Booster
INFO - [G] stickers
INFO - [G] shop_sign
INFO - [G] balatro
INFO - [G] lust_modicon
INFO - [G] BalustroIcons
INFO - [G] lust_BalustroPlayingCards
INFO - [G] lust_LuckPlayingCardsLC
INFO - [G] lust_LuckPlayingCardsHC
INFO - [G] bull_wide_card
INFO - [G] aura_j_faceless
INFO - [G] aura_j_seance
INFO - [G] aura_j_juggler
INFO - [G] aura_c_hearts
INFO - [G] aura_c_diamonds
INFO - [G] aura_c_clubs
INFO - [G] aura_c_spades
INFO - [G] aura_goon_icon_heart
INFO - [G] aura_goon_icon_diamond
INFO - [G] aura_goon_icon_club
INFO - [G] aura_goon_icon_spade
INFO - [G] FHC_hentai_cards_deck_lc
INFO - [G] FHC_hentai_cards_deck_hc
INFO - [G] Tarot
INFO - [G] Planet
INFO - [G] Spectral
INFO - [G] soul_atlas
INFO - [G] StickfaceNSFW_8BitDeck_opt2
INFO - [G] StickfaceNSFW_8BitDeck
INFO - [G] StickfaceNSFW_icon_lc
INFO - [G] StickfaceNSFW_icon_hc
INFO - [G] vintage_pinup_cards
INFO - [G] 2025-03-07 01:18:40 :: INFO  :: TIMER :: [0039] Injected Atlas in 1135.708 ms
INFO - [G] 2025-03-07 01:18:40 :: INFO  :: TIMER :: [0053] Injected Sound in 4.194 ms
INFO - [G] 2025-03-07 01:18:40 :: INFO  :: TIMER :: [0008] Injected Stake in 0.112 ms
INFO - [G] 2025-03-07 01:18:40 :: INFO  :: TIMER :: [0004] Injected Rarity in 0.015 ms
INFO - [G] 2025-03-07 01:18:40 :: INFO  :: TIMER :: [0004] Injected ObjectType in 0.029 ms
INFO - [G] 2025-03-07 01:18:40 :: INFO  :: TIMER :: [0212] Injected Center in 2.529 ms
INFO - [G] 2025-03-07 01:18:40 :: INFO  :: TIMER :: [0007] Injected Undiscovered Sprite in 0.010 ms
INFO - [G] 2025-03-07 01:18:40 :: INFO  :: TIMER :: [0002] Injected Blind in 0.017 ms
INFO - [G] 2025-03-07 01:18:40 :: INFO  :: TIMER :: [0004] Injected Seal in 0.545 ms
INFO - [G] 2025-03-07 01:18:40 :: INFO  :: TIMER :: [0004] Injected Suit in 0.052 ms
INFO - [G] 2025-03-07 01:18:40 :: INFO  :: TIMER :: [0013] Injected Rank in 0.099 ms
INFO - [G] 2025-03-07 01:18:40 :: INFO  :: TIMER :: [0052] Injected DeckSkin in 0.263 ms
INFO - [G] 2025-03-07 01:18:40 :: INFO  :: TIMER :: [0012] Injected PokerHand in 0.067 ms
INFO - [G] 2025-03-07 01:18:40 :: INFO  :: TIMER :: [0020] Injected Challenge in 0.025 ms
INFO - [G] 2025-03-07 01:18:40 :: INFO  :: TIMER :: [0000] Injected Tag in 0.002 ms
INFO - [G] 2025-03-07 01:18:40 :: INFO  :: TIMER :: [0004] Injected Sticker in 0.089 ms
INFO - [G] 2025-03-07 01:18:40 :: INFO  :: TIMER :: [0000] Injected Shader in 0.001 ms
INFO - [G] 2025-03-07 01:18:40 :: INFO  :: TIMER :: [0001] Injected Keybind in 0.012 ms
INFO - [G] 2025-03-07 01:18:40 :: INFO  :: TIMER :: [0000] Injected Achievement in 0.023 ms
INFO - [G] 2025-03-07 01:18:40 :: INFO  :: TIMER :: [0000] Injected [INTERNAL] in 1.957 ms
INFO - [G] line not found
INFO - [G] file not found: main.lua: No such file or directory
INFO - [G] file not found: main.lua: No such file or directory
INFO - [G] file not found: main.lua: No such file or directory
INFO - [G] file not found: main.lua: No such file or directory
INFO - [G] 2025-03-07 01:18:43 :: ERROR :: StackTrace :: Oops! The game crashed
functions/misc_functions.lua:890: bad argument #1 to 'translate' (number expected, got table)
Stack Traceback
===============
(1) Lua local 'handler' at file 'main.lua:612'
	Local variables:
	 msg = string: "functions/misc_functions.lua:890: bad argument #1 to 'translate' (number expected, got table)"
	 (*temporary) = Lua function '?' (defined at line 31 of chunk [SMODS _ "src/logging.lua"])
	 (*temporary) = string: "Oops! The game crashed\
"
(2) LÖVE function at file 'boot.lua:352' (best guess)
	Local variables:
	 errhand = Lua function '?' (defined at line 598 of chunk main.lua)
	 handler = Lua function '?' (defined at line 598 of chunk main.lua)
(3) field C function 'translate'
(4) Lua global 'prep_draw' at file 'functions/misc_functions.lua:890'
	Local variables:
	 moveable = table: 0x195b5de0  {velocity:table: 0x195c5b50, click_offset:table: 0x195c53d0, UIT:1, children:table: 0x195b5e08 (more...)}
	 scale = number: 1
	 rotate = nil
	 offset = nil
(5) Lua method 'draw_self' at file 'engine/ui.lua:716'
	Local variables:
	 self = table: 0x195b5de0  {velocity:table: 0x195c5b50, click_offset:table: 0x195c53d0, UIT:1, children:table: 0x195b5e08 (more...)}
	 button_active = boolean: true
	 parallax_dist = number: 1.5
	 button_being_pressed = boolean: false
(6) Lua method 'draw_children' at file 'engine/ui.lua:541'
	Local variables:
	 self = table: 0x195b5c40  {click_offset:table: 0x195c6b48, children:table: 0x195b5c68, parent:table: 0x195b5220 (more...)}
	 layer = nil
	 (for generator) = C function: next
	 (for state) = table: 0x195b5c68  {1:table: 0x195b5de0}
	 (for control) = number: nan
	 k = number: 1
	 v = table: 0x195b5de0  {velocity:table: 0x195c5b50, click_offset:table: 0x195c53d0, UIT:1, children:table: 0x195b5e08 (more...)}
(7) Lua method 'draw_children' at file 'engine/ui.lua:542'
	Local variables:
	 self = table: 0x195b5220  {velocity:table: 0x195c8590, under_overlay:false, click_offset:table: 0x195c7e10 (more...)}
	 layer = nil
	 (for generator) = C function: next
	 (for state) = table: 0x195b5248  {1:table: 0x195b53c0, 2:table: 0x195b5740, 3:table: 0x195b5c40}
	 (for control) = number: nan
	 k = number: 3
	 v = table: 0x195b5c40  {click_offset:table: 0x195c6b48, children:table: 0x195b5c68, parent:table: 0x195b5220 (more...)}
(8) Lua method 'draw_children' at file 'engine/ui.lua:542'
	Local variables:
	 self = table: 0x195b4d00  {pixellated_rect:table: 0x18f44e68, click_offset:table: 0x195c90a8, children:table: 0x195b4d28 (more...)}
	 layer = nil
	 (for generator) = C function: next
	 (for state) = table: 0x195b4d28  {1:table: 0x195b4ea0, 2:table: 0x195b5220}
	 (for control) = number: nan
	 k = number: 2
	 v = table: 0x195b5220  {velocity:table: 0x195c8590, under_overlay:false, click_offset:table: 0x195c7e10 (more...)}
(9) Lua method 'draw_children' at file 'engine/ui.lua:542'
	Local variables:
	 self = table: 0x195b47e0  {velocity:table: 0x195cab88, click_offset:table: 0x195ca408, UIT:3, children:table: 0x195b4808 (more...)}
	 layer = nil
	 (for generator) = C function: next
	 (for state) = table: 0x195b4808  {1:table: 0x195b4980, 2:table: 0x195b4d00}
	 (for control) = number: nan
	 k = number: 2
	 v = table: 0x195b4d00  {pixellated_rect:table: 0x18f44e68, click_offset:table: 0x195c90a8, children:table: 0x195b4d28 (more...)}
(10) Lua method 'draw_children' at file 'engine/ui.lua:542'
	Local variables:
	 self = table: 0x195b42c0  {velocity:table: 0x195cbde8, under_overlay:false, click_offset:table: 0x195cb668 (more...)}
	 layer = nil
	 (for generator) = C function: next
	 (for state) = table: 0x195b42e8  {1:table: 0x195b4460, 2:table: 0x195b47e0}
	 (for control) = number: nan
	 k = number: 2
	 v = table: 0x195b47e0  {velocity:table: 0x195cab88, click_offset:table: 0x195ca408, UIT:3, children:table: 0x195b4808 (more...)}
(11) Lua method 'draw' at file 'engine/ui.lua:296'
	Local variables:
	 self = table: 0x195b2dd0  {click_offset:table: 0x195b3168, static_rotation:false, parent:table: 0x196cef78 (more...)}
(12) Lua method 'draw_self' at file 'engine/ui.lua:796'
	Local variables:
	 self = table: 0x196cef78  {click_offset:table: 0x196cfa88, children:table: 0x196cefa0, parent:table: 0x196cedd8 (more...)}
	 button_active = boolean: true
	 parallax_dist = number: 1.5
	 button_being_pressed = boolean: false
(13) Lua method 'draw_children' at file 'engine/ui.lua:541'
	Local variables:
	 self = table: 0x196cedd8  {click_offset:table: 0x196d0f30, children:table: 0x196cee00, parent:table: 0x196cec38 (more...)}
	 layer = nil
	 (for generator) = C function: next
	 (for state) = table: 0x196cee00  {1:table: 0x196cef78}
	 (for control) = number: nan
	 k = number: 1
	 v = table: 0x196cef78  {click_offset:table: 0x196cfa88, children:table: 0x196cefa0, parent:table: 0x196cedd8 (more...)}
(14) Lua method 'draw_children' at file 'engine/ui.lua:542'
	Local variables:
	 self = table: 0x196cec38  {click_offset:table: 0x196d2290, children:table: 0x196cec60, parent:table: 0x196cd748 (more...)}
	 layer = nil
	 (for generator) = C function: next
	 (for state) = table: 0x196cec60  {1:table: 0x196cedd8}
	 (for control) = number: nan
	 k = number: 1
	 v = table: 0x196cedd8  {click_offset:table: 0x196d0f30, children:table: 0x196cee00, parent:table: 0x196cec38 (more...)}
(15) Lua method 'draw' at file 'engine/ui.lua:296'
	Local variables:
	 self = table: 0x196cd748  {click_offset:table: 0x196cdae0, static_rotation:false, parent:table: 0x18d3ef40 (more...)}
(16) Lua method 'draw_self' at file 'engine/ui.lua:796'
	Local variables:
	 self = table: 0x18d3ef40  {click_offset:table: 0x196cb190, children:table: 0x18d3ef68, parent:table: 0x18d3eda0 (more...)}
	 button_active = boolean: true
	 parallax_dist = number: 1.5
	 button_being_pressed = boolean: false
(17) Lua method 'draw_children' at file 'engine/ui.lua:541'
	Local variables:
	 self = table: 0x18d3eda0  {click_offset:table: 0x196d46d8, children:table: 0x18d3edc8, parent:table: 0x18d3ea40 (more...)}
	 layer = nil
	 (for generator) = C function: next
	 (for state) = table: 0x18d3edc8  {1:table: 0x18d3ef40}
	 (for control) = number: nan
	 k = number: 1
	 v = table: 0x18d3ef40  {click_offset:table: 0x196cb190, children:table: 0x18d3ef68, parent:table: 0x18d3eda0 (more...)}
(18) Lua method 'draw_children' at file 'engine/ui.lua:542'
	Local variables:
	 self = table: 0x18d3ea40  {click_offset:table: 0x196d58d0, children:table: 0x18d3ea68, parent:table: 0x18d3e8a0 (more...)}
	 layer = nil
	 (for generator) = C function: next
	 (for state) = table: 0x18d3ea68  {1:table: 0x18d3ebe0, 2:table: 0x18d3eda0}
	 (for control) = number: nan
	 k = number: 2
	 v = table: 0x18d3eda0  {click_offset:table: 0x196d46d8, children:table: 0x18d3edc8, parent:table: 0x18d3ea40 (more...)}
(19) Lua method 'draw_children' at file 'engine/ui.lua:542'
	Local variables:
	 self = table: 0x18d3e8a0  {click_offset:table: 0x196d6db8, children:table: 0x18d3e8c8, parent:table: 0x18d3a260 (more...)}
	 layer = nil
	 (for generator) = C function: next
	 (for state) = table: 0x18d3e8c8  {1:table: 0x18d3ea40}
	 (for control) = number: nan
	 k = number: 1
	 v = table: 0x18d3ea40  {click_offset:table: 0x196d58d0, children:table: 0x18d3ea68, parent:table: 0x18d3e8a0 (more...)}
(20) Lua method 'draw_children' at file 'engine/ui.lua:542'
	Local variables:
	 self = table: 0x18d3a260  {click_offset:table: 0x196e20e8, children:table: 0x18d3a288, parent:table: 0x18d38be8 (more...)}
	 layer = nil
	 (for generator) = C function: next
	 (for state) = table: 0x18d3a288  {1:table: 0x18d3a400, 2:table: 0x18d3e8a0, 3:table: 0x18d3f120, 4:table: 0x18d3f4b0 (more...)}
	 (for control) = number: nan
	 k = number: 2
	 v = table: 0x18d3e8a0  {click_offset:table: 0x196d6db8, children:table: 0x18d3e8c8, parent:table: 0x18d3a260 (more...)}
(21) Lua method 'draw' at file 'engine/ui.lua:296'
	Local variables:
	 self = table: 0x18d38be8  {click_offset:table: 0x18d38f80, children:table: 0x18d39458, parent:table: 0x190a01a0 (more...)}
(22) Lua method 'draw_self' at file 'engine/ui.lua:796'
	Local variables:
	 self = table: 0x190a01a0  {click_offset:table: 0x190b6840, children:table: 0x190a01c8, parent:table: 0x190a0000 (more...)}
	 button_active = boolean: true
	 parallax_dist = number: 1.5
	 button_being_pressed = boolean: false
(23) Lua method 'draw_children' at file 'engine/ui.lua:541'
	Local variables:
	 self = table: 0x190a0000  {click_offset:table: 0x190b7ce8, children:table: 0x190a0028, parent:table: 0x1909e048 (more...)}
	 layer = nil
	 (for generator) = C function: next
	 (for state) = table: 0x190a0028  {1:table: 0x190a01a0}
	 (for control) = number: nan
	 k = number: 1
	 v = table: 0x190a01a0  {click_offset:table: 0x190b6840, children:table: 0x190a01c8, parent:table: 0x190a0000 (more...)}
(24) Lua method 'draw_children' at file 'engine/ui.lua:542'
	Local variables:
	 self = table: 0x1909e048  {click_offset:table: 0x190b8f80, children:table: 0x1909e070, parent:table: 0x1909dea8 (more...)}
	 layer = nil
	 (for generator) = C function: next
	 (for state) = table: 0x1909e070  {1:table: 0x1909e1e8, 2:table: 0x190a0000}
	 (for control) = number: nan
	 k = number: 2
	 v = table: 0x190a0000  {click_offset:table: 0x190b7ce8, children:table: 0x190a0028, parent:table: 0x1909e048 (more...)}
(25) Lua method 'draw_children' at file 'engine/ui.lua:542'
	Local variables:
	 self = table: 0x1909dea8  {click_offset:table: 0x190ba218, children:table: 0x1909ded0, parent:table: 0x1909dd08 (more...)}
	 layer = nil
	 (for generator) = C function: next
	 (for state) = table: 0x1909ded0  {1:table: 0x1909e048}
	 (for control) = number: nan
	 k = number: 1
	 v = table: 0x1909e048  {click_offset:table: 0x190b8f80, children:table: 0x1909e070, parent:table: 0x1909dea8 (more...)}
(26) Lua method 'draw' at file 'engine/ui.lua:299'
	Local variables:
	 self = table: 0x1909c1b0  {click_offset:table: 0x1909c548, children:table: 0x1909ca20, CALCING:true (more...)}
	 (for generator) = C function: builtin#6
	 (for state) = table: 0x1909d2e8  {1:table: 0x1909dea8}
	 (for control) = number: 1
	 k = number: 1
	 v = table: 0x1909dea8  {click_offset:table: 0x190ba218, children:table: 0x1909ded0, parent:table: 0x1909dd08 (more...)}
(27) Lua method 'draw' at file 'game.lua:2900'
	Local variables:
	 self = table: 0x18596338  {F_GUIDE:false, F_CRASH_REPORTS:false, F_QUIT_BUTTON:true, F_ENGLISH_ONLY:false (more...)}
(28) Lua field 'draw' at file 'main.lua:998'
(29) Lua function '?' at file 'main.lua:934' (best guess)
(30) global C function 'xpcall'
(31) LÖVE function at file 'boot.lua:377' (best guess)
	Local variables:
	 func = Lua function '?' (defined at line 902 of chunk main.lua)
	 inerror = boolean: true
	 deferErrhand = Lua function '(LÖVE Function)' (defined at line 348 of chunk [love "boot.lua"])
	 earlyinit = Lua function '(LÖVE Function)' (defined at line 355 of chunk [love "boot.lua"])

INFO - [G] file not found: main.lua: No such file or directory
INFO - [G] file not found: main.lua: No such file or directory
INFO - [G] 2025-03-07 01:18:43 :: INFO  :: StackTrace :: Additional Context:
Balatro Version: 1.0.1o-FULL
Modded Version: 1.0.0~ALPHA-1409a-STEAMODDED
LÖVE Version: 11.5.0
Lovely Version: 0.7.1
Platform: Windows
Steamodded Mods:
    1: Zero Bullitro by BitBites [ID: 0Bullitro, Version: 1.0]
    2: Preorder Cards by asd123cqp [ID: preorder_cards]
    3: Aura by MathIsFun_, ChromaPIE, Bard, Grassy311, RattlingSnow353, Solace, RadicaAprils, chloe_cromslor [ID: Aura, Version: 0.023, Uses Lovely]
    4: Hentai Cards by Makubex77, Pheubel (Code) [ID: HentaiCards, Version: 1.1]
    5: Vintage Pinup Cards by NoScope1080 [ID: VintagePinupCards]
    6: Stickface Deck by Stickface [ID: StickfaceNSFWDeck, Version: 1.0.0]
    7: Balustro by someone23832 [ID: Balustro, Priority: -20, Version: 0.12, Uses Lovely]
Lovely Mods:
