INFO - [♥] Lovely 0.7.1
INFO - [♥] Game directory is at "C:\\Program Files (x86)\\Steam\\steamapps\\common\\Balatro"
INFO - [♥] Writing logs to "C:\\Users\\Administrator\\AppData\\Roaming\\Balatro\\Mods\\lovely\\log"
INFO - [♥] Using mod directory at "C:\\Users\\Administrator\\AppData\\Roaming\\Balatro\\Mods"
INFO - [♥] Cleaning up dumps directory at "C:\\Users\\Administrator\\AppData\\Roaming\\Balatro\\Mods\\lovely\\dump"
INFO - [♥] Initialization complete in 20ms
INFO - [♥] Applied 12 patches to 'main.lua'
INFO - [♥] Applied 5 patches to 'engine/controller.lua'
INFO - [♥] Applied 13 patches to 'back.lua'
INFO - [♥] Applied 6 patches to 'tag.lua'
INFO - [♥] Applied 1 patch to 'engine/moveable.lua'
INFO - [♥] Applied 2 patches to 'engine/sprite.lua'
INFO - [♥] Applied 2 patches to 'engine/animatedsprite.lua'
INFO - [♥] Applied 41 patches to 'functions/misc_functions.lua'
INFO - [♥] Applied 24 patches to 'game.lua'
INFO - [♥] Applied 1 patch to 'globals.lua'
INFO - [♥] Applied 3 patches to 'engine/ui.lua'
INFO - [♥] Applied 72 patches to 'functions/UI_definitions.lua'
INFO - [♥] Applied 39 patches to 'functions/state_events.lua'
INFO - [♥] Applied 86 patches to 'functions/common_events.lua'
INFO - [♥] Applied 38 patches to 'functions/button_callbacks.lua'
INFO - [♥] Applied 139 patches to 'card.lua'
INFO - [♥] Applied 6 patches to 'cardarea.lua'
INFO - [♥] Applied 30 patches to 'blind.lua'
INFO - [♥] Applied 2 patches to 'engine/text.lua'
INFO - [G] Failed to connect to the debug server
INFO - [G] 2025-02-10 06:36:32 :: DEBUG :: DebugConsole :: Steamodded Debug Socket started !
INFO - [♥] Applied 9 patches to 'engine/sound_manager.lua'
INFO - [♥] Applied 1 patch to 'engine/save_manager.lua'
INFO - [G] 2025-02-10 06:36:34 :: ERROR :: Loader :: Found invalid metadata JSON file at C:\Users\Administrator\AppData\Roaming\Balatro\Mods/.vscode/settings.json, ignoring: [SMODS _ "src/loader.lua"]:226: id
INFO - [G] 2025-02-10 06:36:34 :: TRACE :: Loader :: Processing Mod file (Legacy header): PreorderCards.lua
INFO - [G] 2025-02-10 06:36:34 :: TRACE :: Loader :: Saving Mod Info: preorder_cards
INFO - [G] 2025-02-10 06:36:34 :: TRACE :: Loader :: Processing Mod file (Legacy header): SakashimaJoker.lua
INFO - [G] 2025-02-10 06:36:34 :: TRACE :: Loader :: Saving Mod Info: SakashimaJoker
INFO - [G] 2025-02-10 06:36:34 :: INFO  :: TIMER :: [0000] Injected Language in 0.002 ms
INFO - [G] 2025-02-10 06:36:34 :: INFO  :: TIMER :: [0000] Injected [INTERNAL] in 1.834 ms
INFO - [G] 2025-02-10 06:36:35 :: INFO  :: TIMER :: [0004] Injected Atlas in 752.493 ms
INFO - [G] 2025-02-10 06:36:35 :: INFO  :: TIMER :: [0001] Injected Sound in 0.232 ms
INFO - [G] 2025-02-10 06:36:35 :: INFO  :: TIMER :: [0008] Injected Stake in 0.634 ms
INFO - [G] 2025-02-10 06:36:35 :: INFO  :: TIMER :: [0004] Injected Rarity in 0.033 ms
INFO - [G] 2025-02-10 06:36:35 :: INFO  :: TIMER :: [0004] Injected ObjectType in 0.047 ms
INFO - [G] 2025-02-10 06:36:35 :: INFO  :: TIMER :: [0049] Injected Center in 0.648 ms
INFO - [G] 2025-02-10 06:36:35 :: INFO  :: TIMER :: [0007] Injected Undiscovered Sprite in 0.021 ms
INFO - [G] 2025-02-10 06:36:35 :: INFO  :: TIMER :: [0002] Injected Blind in 0.020 ms
INFO - [G] 2025-02-10 06:36:35 :: INFO  :: TIMER :: [0004] Injected Seal in 0.149 ms
INFO - [G] 2025-02-10 06:36:35 :: INFO  :: TIMER :: [0004] Injected Suit in 0.100 ms
INFO - [G] 2025-02-10 06:36:35 :: INFO  :: TIMER :: [0013] Injected Rank in 0.096 ms
INFO - [G] 2025-02-10 06:36:35 :: INFO  :: TIMER :: [0020] Injected DeckSkin in 0.217 ms
INFO - [G] 2025-02-10 06:36:35 :: INFO  :: TIMER :: [0012] Injected PokerHand in 0.083 ms
INFO - [G] 2025-02-10 06:36:35 :: INFO  :: TIMER :: [0020] Injected Challenge in 0.031 ms
INFO - [G] 2025-02-10 06:36:35 :: INFO  :: TIMER :: [0000] Injected Tag in 0.003 ms
INFO - [G] 2025-02-10 06:36:35 :: INFO  :: TIMER :: [0004] Injected Sticker in 0.126 ms
INFO - [G] 2025-02-10 06:36:35 :: INFO  :: TIMER :: [0000] Injected Shader in 0.003 ms
INFO - [G] 2025-02-10 06:36:35 :: INFO  :: TIMER :: [0001] Injected Keybind in 0.022 ms
INFO - [G] 2025-02-10 06:36:35 :: INFO  :: TIMER :: [0000] Injected Achievement in 0.071 ms
INFO - [G] 2025-02-10 06:36:35 :: INFO  :: TIMER :: [0000] Injected [INTERNAL] in 0.955 ms
INFO - [G] ERROR LOADING GAME: Card area 'shop_booster' not instantiated before load
INFO - [G] ERROR LOADING GAME: Card area 'shop_jokers' not instantiated before load
INFO - [G] ERROR LOADING GAME: Card area 'shop_vouchers' not instantiated before load
INFO - [G] line not found
INFO - [G] file not found: main.lua: No such file or directory
INFO - [G] file not found: main.lua: No such file or directory
INFO - [G] line not found
INFO - [G] line not found
INFO - [G] line not found
INFO - [G] line not found
INFO - [G] line not found
INFO - [G] line not found
INFO - [G] line not found
INFO - [G] file not found: main.lua: No such file or directory
INFO - [G] file not found: main.lua: No such file or directory
INFO - [G] 2025-02-10 06:36:55 :: ERROR :: StackTrace :: Oops! The game crashed
[SMODS SakashimaJoker "SakashimaJoker.lua"]:631: attempt to perform arithmetic on field 'chips' (a nil value)
Stack Traceback
===============
(1) Lua local 'handler' at file 'main.lua:612'
	Local variables:
	 msg = string: "[SMODS SakashimaJoker \"SakashimaJoker.lua\"]:631: attempt to perform arithmetic on field 'chips' (a nil value)"
	 (*temporary) = Lua function '?' (defined at line 31 of chunk [SMODS _ "src/logging.lua"])
	 (*temporary) = string: "Oops! The game crashed\
"
(2) LÖVE metamethod at file 'boot.lua:352'
	Local variables:
	 errhand = Lua function '?' (defined at line 598 of chunk main.lua)
	 handler = Lua function '?' (defined at line 598 of chunk main.lua)
(3) Lua local 'value' at file 'SakashimaJoker.lua:631' (from mod with id SakashimaJoker)
	Local variables:
	 card = table: 0x36d07330  {VT:table: 0x36b2b3b8, tilt_var:table: 0x36b09e70, click_offset:table: 0x36b129e0 (more...)}
	 context = table: 0x36c96b98  {main_eval:true, before:true, scoring_name:Pair, scoring_hand:table: 0x370d8760 (more...)}
	 total = number: 4
	 (*temporary) = table: 0x36abc210  {bonus:0, h_mult:0, couponed:true, extra:table: 0x36abc238, hands_played_at_create:1 (more...)}
	 (*temporary) = nil
	 (*temporary) = C function: tonumber
	 (*temporary) = number: 4
	 (*temporary) = number: 4
	 (*temporary) = string: "number"
	 (*temporary) = number: 4
	 (*temporary) = table: 0x3708cdf8  {click_offset:table: 0x3708d018, static_rotation:false, CALCING:true, T:table: 0x3708cf90 (more...)}
	 (*temporary) = table: 0x37090290  {click_offset:table: 0x37090358, children:table: 0x370902b8, parent:table: 0x3708f5e8 (more...)}
	 (*temporary) = table: 0x36b8f328  {y:2.549, h:1.449, x:1.9, w:2.0185}
	 (*temporary) = string: "attempt to perform arithmetic on field 'chips' (a nil value)"
(4) Lua function '?' at file 'SakashimaJoker.lua:349' (from mod with id SakashimaJoker) (best guess)
	Local variables:
	 value = Lua function '?' (defined at line 622 of chunk [SMODS SakashimaJoker "SakashimaJoker.lua"])
	 (*temporary) = Lua function '?' (defined at line 347 of chunk [SMODS SakashimaJoker "SakashimaJoker.lua"])
(5) Lua local 'value' at file 'SakashimaJoker.lua:884' (from mod with id SakashimaJoker)
	Local variables:
	 card = table: 0x36d07330  {VT:table: 0x36b2b3b8, tilt_var:table: 0x36b09e70, click_offset:table: 0x36b129e0 (more...)}
	 context = table: 0x36c96b98  {main_eval:true, before:true, scoring_name:Pair, scoring_hand:table: 0x370d8760 (more...)}
	 fm = nil
	 jokerGainMode = string: "gain"
	 upgradeGainMode = string: "upgrade"
	 (for generator) = C function: builtin#6
	 (for state) = table: 0x37039290  {1:gain +function*4 Chips, 2:function: 0x368297d0}
	 (for control) = number: 1
	 i = number: 1
	 modTxt = string: "+function*4 Chips"
	 gainMode = string: "joker"
	 loud = boolean: true
	 amount = number: 4
	 (*temporary) = Lua function '?' (defined at line 34 of chunk [SMODS SakashimaJoker "SakashimaJoker.lua"])
	 (*temporary) = nil
(6) Lua function '?' at file 'SakashimaJoker.lua:349' (from mod with id SakashimaJoker) (best guess)
	Local variables:
	 value = Lua function '?' (defined at line 799 of chunk [SMODS SakashimaJoker "SakashimaJoker.lua"])
	 (*temporary) = Lua function '?' (defined at line 347 of chunk [SMODS SakashimaJoker "SakashimaJoker.lua"])
(7) Lua method 'calculate' at file 'SakashimaJoker.lua:1169' (from mod with id SakashimaJoker)
	Local variables:
	 self = table: 0x36758978  {alerted:true, loc_vars:function: 0x36bf05c0, remove_from_deck:function: 0x36b283f0 (more...)}
	 card = table: 0x36d07330  {VT:table: 0x36b2b3b8, tilt_var:table: 0x36b09e70, click_offset:table: 0x36b129e0 (more...)}
	 context = table: 0x36c96b98  {main_eval:true, before:true, scoring_name:Pair, scoring_hand:table: 0x370d8760 (more...)}
	 fr = nil
	 (for index) = number: 7
	 (for limit) = number: 7
	 (for step) = number: 1
	 j = number: 7
	 name = string: "Square Joker"
	 status_text = nil
(8) Lua method 'calculate_joker' at file 'card.lua:2457'
	Local variables:
	 self = table: 0x36d07330  {VT:table: 0x36b2b3b8, tilt_var:table: 0x36b09e70, click_offset:table: 0x36b129e0 (more...)}
	 context = table: 0x36c96b98  {main_eval:true, before:true, scoring_name:Pair, scoring_hand:table: 0x370d8760 (more...)}
	 obj = table: 0x36758978  {alerted:true, loc_vars:function: 0x36bf05c0, remove_from_deck:function: 0x36b283f0 (more...)}
(9) Lua global 'eval_card' at file 'functions/common_events.lua:707'
	Local variables:
	 card = table: 0x36d07330  {VT:table: 0x36b2b3b8, tilt_var:table: 0x36b09e70, click_offset:table: 0x36b129e0 (more...)}
	 context = table: 0x36c96b98  {main_eval:true, before:true, scoring_name:Pair, scoring_hand:table: 0x370d8760 (more...)}
	 ret = table: 0x371817c8  {}
	 post_trig = table: 0x371817f0  {}
	 areas = table: 0x37181818  {1:table: 0x36a69038, 2:table: 0x36cffd10, 3:table: 0x36a692d0}
	 area_set = table: 0x37181860  {table: 0x36a692d0:true, table: 0x36a69038:true, table: 0x36cffd10:true (more...)}
(10) Lua field 'calculate_context' at Steamodded file 'src/utils.lua:1337' 
	Local variables:
	 context = table: 0x36c96b98  {main_eval:true, before:true, scoring_name:Pair, scoring_hand:table: 0x370d8760 (more...)}
	 return_table = nil
	 (for generator) = C function: builtin#6
	 (for state) = table: 0x36ab6738  {1:table: 0x36a69038, 2:table: 0x36cffd10, 3:table: 0x36a692d0}
	 (for control) = number: 1
	 _ = number: 1
	 area = table: 0x36a69038  {click_offset:table: 0x36a9e168, children:table: 0x36d07308, shuffle_amt:0 (more...)}
	 (for generator) = C function: builtin#6
	 (for state) = table: 0x36d072e0  {1:table: 0x36d07330}
	 (for control) = number: 1
	 _ = number: 1
	 _card = table: 0x36d07330  {VT:table: 0x36b2b3b8, tilt_var:table: 0x36b09e70, click_offset:table: 0x36b129e0 (more...)}
(11) Lua field 'evaluate_play' at file 'functions/state_events.lua:581'
	Local variables:
	 e = nil
	 text = string: "Pair"
	 disp_text = string: "Pair"
	 poker_hands = table: 0x36af88f0  {Flush House:table: 0x36ae6fc8, Full House:table: 0x36ae7028, top:table: 0x36b28858 (more...)}
	 scoring_hand = table: 0x370d8760  {1:table: 0x36e396d8, 2:table: 0x36aa01b8}
	 non_loc_disp_text = string: "Pair"
	 pures = table: 0x36cbd6a8  {}
	 hand_text_set = boolean: false
(12) Lua field 'func' at file 'functions/state_events.lua:464'
(13) Lua method 'handle' at file 'engine/event.lua:99'
	Local variables:
	 self = table: 0x36e1af38  {start_timer:true, timer:TOTAL, blockable:true, trigger:immediate, func:function: 0x370aabc0 (more...)}
	 _results = table: 0x368cdd18  {blocking:true, pause_skip:false, time_done:false, completed:false}
(14) Lua method 'update' at file 'engine/event.lua:182'
	Local variables:
	 self = table: 0x36bef6b8  {queue_last_processed:19.183333333334, queues:table: 0x36bef6e0, queue_dt:0.016666666666667 (more...)}
	 dt = number: 0.0166793
	 forced = nil
	 (for generator) = C function: next
	 (for state) = table: 0x36bef6e0  {unlock:table: 0x36bef708, other:table: 0x36befb80, tutorial:table: 0x36bef758 (more...)}
	 (for control) = number: nan
	 k = string: "base"
	 v = table: 0x36bef730  {1:table: 0x36a33998, 2:table: 0x366db078, 3:table: 0x36e1af38, 4:table: 0x36e1b1e8 (more...)}
	 blocked = boolean: false
	 i = number: 3
	 results = table: 0x368cdd18  {blocking:true, pause_skip:false, time_done:false, completed:false}
(15) Lua upvalue 'gameUpdateRef' at file 'game.lua:2524'
	Local variables:
	 self = table: 0x365b0160  {F_GUIDE:false, F_CRASH_REPORTS:false, F_QUIT_BUTTON:true, HUD_tags:table: 0x3708c5c8 (more...)}
	 dt = number: 0.0166793
	 http_resp = nil
(16) Lua method 'update' at Steamodded file 'src/ui.lua:84' 
	Local variables:
	 self = table: 0x365b0160  {F_GUIDE:false, F_CRASH_REPORTS:false, F_QUIT_BUTTON:true, HUD_tags:table: 0x3708c5c8 (more...)}
	 dt = number: 0.0166793
(17) Lua field 'update' at file 'main.lua:992'
	Local variables:
	 dt = number: 0.0166793
(18) Lua function '?' at file 'main.lua:931' (best guess)
(19) global C function 'xpcall'
(20) LÖVE function at file 'boot.lua:377' (best guess)
	Local variables:
	 func = Lua function '?' (defined at line 902 of chunk main.lua)
	 inerror = boolean: true
	 deferErrhand = Lua function '(LÖVE Function)' (defined at line 348 of chunk [love "boot.lua"])
	 earlyinit = Lua function '(LÖVE Function)' (defined at line 355 of chunk [love "boot.lua"])

INFO - [G] line not found
INFO - [G] line not found
INFO - [G] line not found
INFO - [G] line not found
INFO - [G] line not found
INFO - [G] line not found
INFO - [G] line not found
INFO - [G] file not found: main.lua: No such file or directory
INFO - [G] file not found: main.lua: No such file or directory
INFO - [G] 2025-02-10 06:36:55 :: INFO  :: StackTrace :: Additional Context:
Balatro Version: 1.0.1n-FULL
Modded Version: 1.0.0~ALPHA-1409a-STEAMODDED
LÖVE Version: 11.5.0
Lovely Version: 0.7.1
Platform: Windows
Steamodded Mods:
    1: Sakashima Joker by BitBites [ID: SakashimaJoker]
    2: Preorder Cards by asd123cqp [ID: preorder_cards]
Lovely Mods:
