INFO - [♥] Lovely 0.7.1
INFO - [♥] Game directory is at "C:\\Program Files (x86)\\Steam\\steamapps\\common\\Balatro"
INFO - [♥] Writing logs to "C:\\Users\\Administrator\\AppData\\Roaming\\Balatro\\Mods\\lovely\\log"
INFO - [♥] Using mod directory at "C:\\Users\\Administrator\\AppData\\Roaming\\Balatro\\Mods"
INFO - [♥] Found .lovelyignore in 'SakashimaJoker', skipping it.
INFO - [♥] Cleaning up dumps directory at "C:\\Users\\Administrator\\AppData\\Roaming\\Balatro\\Mods\\lovely\\dump"
INFO - [♥] Initialization complete in 21ms
INFO - [♥] Applied 12 patches to 'main.lua'
INFO - [♥] Applied 5 patches to 'engine/controller.lua'
INFO - [♥] Applied 13 patches to 'back.lua'
INFO - [♥] Applied 6 patches to 'tag.lua'
INFO - [♥] Applied 1 patch to 'engine/moveable.lua'
INFO - [♥] Applied 2 patches to 'engine/sprite.lua'
INFO - [♥] Applied 2 patches to 'engine/animatedsprite.lua'
INFO - [♥] Applied 44 patches to 'functions/misc_functions.lua'
INFO - [♥] Applied 24 patches to 'game.lua'
INFO - [♥] Applied 1 patch to 'globals.lua'
INFO - [♥] Applied 3 patches to 'engine/ui.lua'
INFO - [♥] Applied 72 patches to 'functions/UI_definitions.lua'
INFO - [♥] Applied 39 patches to 'functions/state_events.lua'
INFO - [♥] Applied 86 patches to 'functions/common_events.lua'
INFO - [♥] Applied 38 patches to 'functions/button_callbacks.lua'
INFO - [♥] Applied 141 patches to 'card.lua'
INFO - [♥] Applied 6 patches to 'cardarea.lua'
INFO - [♥] Applied 30 patches to 'blind.lua'
INFO - [♥] Applied 2 patches to 'engine/text.lua'
INFO - [G] Failed to connect to the debug server
INFO - [G] 2025-03-01 01:56:10 :: DEBUG :: DebugConsole :: Steamodded Debug Socket started !
INFO - [♥] Applied 9 patches to 'engine/sound_manager.lua'
INFO - [♥] Applied 1 patch to 'engine/save_manager.lua'
INFO - [G] 2025-03-01 01:56:11 :: ERROR :: Loader :: Found invalid metadata JSON file at C:\Users\Administrator\AppData\Roaming\Balatro\Mods/.vscode/settings.json, ignoring: [SMODS _ "src/loader.lua"]:226: id
INFO - [G] 2025-03-01 01:56:11 :: ERROR :: Loader :: Found invalid metadata JSON file at C:\Users\Administrator\AppData\Roaming\Balatro\Mods/Aura/.vscode/settings.json, ignoring: [SMODS _ "src/loader.lua"]:226: id
INFO - [G] 2025-03-01 01:56:11 :: TRACE :: Loader :: Processing Mod file (Legacy header): Aura.lua
INFO - [G] 2025-03-01 01:56:11 :: TRACE :: Loader :: Saving Mod Info: Aura
INFO - [G] 2025-03-01 01:56:11 :: TRACE :: Loader :: Processing Mod file (Legacy header): PreorderCards.lua
INFO - [G] 2025-03-01 01:56:11 :: TRACE :: Loader :: Saving Mod Info: preorder_cards
INFO - [G] 2025-03-01 01:56:11 :: TRACE :: Loader :: Processing Mod file (Legacy header): SakashimaJoker.lua
INFO - [G] 2025-03-01 01:56:11 :: TRACE :: Loader :: Saving Mod Info: SakashimaJoker
INFO - [G] 2025-03-01 01:56:11 :: TRACE :: Loader :: Mod SakashimaJoker was unable to load: 
INFO - [G] 2025-03-01 01:56:11 :: INFO  :: TIMER :: [0000] Injected Language in 0.001 ms
INFO - [G] 2025-03-01 01:56:11 :: INFO  :: TIMER :: [0000] Injected [INTERNAL] in 0.850 ms
INFO - [G] 2025-03-01 01:56:12 :: INFO  :: TIMER :: [0032] Injected Atlas in 1284.236 ms
INFO - [G] 2025-03-01 01:56:12 :: INFO  :: TIMER :: [0053] Injected Sound in 4.244 ms
INFO - [G] 2025-03-01 01:56:12 :: INFO  :: TIMER :: [0008] Injected Stake in 0.124 ms
INFO - [G] 2025-03-01 01:56:12 :: INFO  :: TIMER :: [0004] Injected Rarity in 0.014 ms
INFO - [G] 2025-03-01 01:56:12 :: INFO  :: TIMER :: [0004] Injected ObjectType in 0.029 ms
INFO - [G] 2025-03-01 01:56:12 :: INFO  :: TIMER :: [0198] Injected Center in 2.117 ms
INFO - [G] 2025-03-01 01:56:12 :: INFO  :: TIMER :: [0007] Injected Undiscovered Sprite in 0.012 ms
INFO - [G] 2025-03-01 01:56:12 :: INFO  :: TIMER :: [0002] Injected Blind in 0.015 ms
INFO - [G] 2025-03-01 01:56:12 :: INFO  :: TIMER :: [0004] Injected Seal in 0.130 ms
INFO - [G] 2025-03-01 01:56:12 :: INFO  :: TIMER :: [0004] Injected Suit in 0.105 ms
INFO - [G] 2025-03-01 01:56:12 :: INFO  :: TIMER :: [0013] Injected Rank in 0.129 ms
INFO - [G] 2025-03-01 01:56:12 :: INFO  :: TIMER :: [0028] Injected DeckSkin in 0.203 ms
INFO - [G] 2025-03-01 01:56:12 :: INFO  :: TIMER :: [0012] Injected PokerHand in 0.099 ms
INFO - [G] 2025-03-01 01:56:13 :: INFO  :: TIMER :: [0020] Injected Challenge in 0.023 ms
INFO - [G] 2025-03-01 01:56:13 :: INFO  :: TIMER :: [0000] Injected Tag in 0.002 ms
INFO - [G] 2025-03-01 01:56:13 :: INFO  :: TIMER :: [0004] Injected Sticker in 0.215 ms
INFO - [G] 2025-03-01 01:56:13 :: INFO  :: TIMER :: [0000] Injected Shader in 0.002 ms
INFO - [G] 2025-03-01 01:56:13 :: INFO  :: TIMER :: [0001] Injected Keybind in 0.011 ms
INFO - [G] 2025-03-01 01:56:13 :: INFO  :: TIMER :: [0000] Injected Achievement in 0.044 ms
INFO - [G] 2025-03-01 01:56:13 :: INFO  :: TIMER :: [0000] Injected [INTERNAL] in 0.493 ms
INFO - [G] making
INFO - [G] making
INFO - [G] making
INFO - [G] making
INFO - [G] making
INFO - [G] making
INFO - [G] making
INFO - [G] making
INFO - [G] making
INFO - [G] making
INFO - [G] making
INFO - [G] making
INFO - [G] making
INFO - [G] making
INFO - [G] making
INFO - [G] making
INFO - [G] making
INFO - [G] making
INFO - [G] making
INFO - [G] making
INFO - [G] making
INFO - [G] making
INFO - [G] making
INFO - [G] making
INFO - [G] making
INFO - [G] making
INFO - [G] making
INFO - [G] making
INFO - [G] making
INFO - [G] making
INFO - [G] making
INFO - [G] making
INFO - [G] making
INFO - [G] making
INFO - [G] making
INFO - [G] making
INFO - [G] making
INFO - [G] making
INFO - [G] making
INFO - [G] making
INFO - [G] making
INFO - [G] making
INFO - [G] making
INFO - [G] making
INFO - [G] making
INFO - [G] making
INFO - [G] making
INFO - [G] making
INFO - [G] 1010
INFO - [G] making
INFO - [G] making
INFO - [G] making
INFO - [G] making
INFO - [G] making
INFO - [G] making
INFO - [G] making
INFO - [G] making
INFO - [G] making
INFO - [G] making
INFO - [G] making
INFO - [G] making
INFO - [G] making
INFO - [G] making
INFO - [G] making
INFO - [G] making
INFO - [G] making
INFO - [G] making
INFO - [G] making
INFO - [G] making
INFO - [G] making
INFO - [G] making
INFO - [G] making
INFO - [G] making
INFO - [G] making
INFO - [G] making
INFO - [G] making
INFO - [G] making
INFO - [G] making
INFO - [G] making
INFO - [G] making
INFO - [G] making
INFO - [G] making
INFO - [G] making
INFO - [G] making
INFO - [G] making
INFO - [G] making
INFO - [G] making
INFO - [G] making
INFO - [G] making
INFO - [G] making
INFO - [G] making
INFO - [G] making
INFO - [G] making
INFO - [G] making
INFO - [G] making
INFO - [G] making
INFO - [G] making
INFO - [G] making
INFO - [G] making
INFO - [G] making
INFO - [G] making
INFO - [G] making
INFO - [G] making
INFO - [G] making
INFO - [G] making
INFO - [G] making
INFO - [G] making
INFO - [G] making
INFO - [G] making
INFO - [G] making
INFO - [G] making
INFO - [G] making
INFO - [G] making
INFO - [G] making
INFO - [G] making
INFO - [G] making
INFO - [G] making
INFO - [G] making
INFO - [G] making
INFO - [G] making
INFO - [G] making
INFO - [G] making
INFO - [G] making
INFO - [G] making
INFO - [G] making
INFO - [G] making
INFO - [G] making
INFO - [G] making
INFO - [G] making
INFO - [G] making
INFO - [G] making
INFO - [G] making
INFO - [G] making
INFO - [G] making
INFO - [G] making
INFO - [G] making
INFO - [G] making
INFO - [G] making
INFO - [G] making
INFO - [G] making
INFO - [G] making
INFO - [G] making
INFO - [G] making
INFO - [G] making
INFO - [G] making
INFO - [G] making
INFO - [G] making
INFO - [G] making
INFO - [G] making
INFO - [G] making
INFO - [G] making
INFO - [G] making
INFO - [G] making
INFO - [G] making
INFO - [G] making
INFO - [G] making
INFO - [G] making
INFO - [G] making
INFO - [G] making
INFO - [G] making
INFO - [G] making
INFO - [G] making
INFO - [G] making
INFO - [G] making
INFO - [G] making
INFO - [G] making
INFO - [G] making
INFO - [G] making
INFO - [G] making
INFO - [G] making
INFO - [G] making
INFO - [G] making
INFO - [G] making
INFO - [G] making
INFO - [G] making
INFO - [G] making
INFO - [G] making
INFO - [G] making
INFO - [G] making
INFO - [G] making
INFO - [G] making
INFO - [G] making
INFO - [G] making
INFO - [G] making
INFO - [G] making
INFO - [G] making
INFO - [G] making
INFO - [G] making
INFO - [G] making
INFO - [G] making
INFO - [G] making
INFO - [G] making
INFO - [G] making
INFO - [G] making
INFO - [G] making
INFO - [G] making
INFO - [G] making
INFO - [G] making
INFO - [G] making
INFO - [G] making
INFO - [G] making
INFO - [G] making
INFO - [G] making
INFO - [G] making
INFO - [G] making
INFO - [G] making
INFO - [G] making
INFO - [G] making
INFO - [G] making
INFO - [G] making
INFO - [G] making
INFO - [G] making
INFO - [G] making
INFO - [G] making
INFO - [G] making
INFO - [G] making
INFO - [G] making
INFO - [G] making
INFO - [G] making
INFO - [G] making
INFO - [G] making
INFO - [G] making
INFO - [G] making
INFO - [G] making
INFO - [G] making
INFO - [G] making
INFO - [G] making
INFO - [G] making
INFO - [G] making
INFO - [G] making
INFO - [G] making
INFO - [G] making
INFO - [G] making
INFO - [G] making
INFO - [G] making
INFO - [G] making
INFO - [G] making
INFO - [G] making
INFO - [G] making
INFO - [G] making
INFO - [G] making
INFO - [G] making
INFO - [G] making
INFO - [G] making
INFO - [G] making
INFO - [G] making
INFO - [G] making
INFO - [G] making
INFO - [G] making
INFO - [G] making
INFO - [G] making
INFO - [G] making
INFO - [G] making
INFO - [G] making
INFO - [G] making
INFO - [G] making
INFO - [G] making
INFO - [G] making
INFO - [G] making
INFO - [G] making
INFO - [G] making
INFO - [G] making
INFO - [G] making
INFO - [G] making
INFO - [G] making
INFO - [G] making
INFO - [G] making
INFO - [G] making
INFO - [G] making
INFO - [G] making
INFO - [G] making
INFO - [G] making
INFO - [G] making
INFO - [G] making
INFO - [G] making
INFO - [G] making
INFO - [G] making
INFO - [G] making
INFO - [G] making
INFO - [G] making
INFO - [G] making
INFO - [G] making
INFO - [G] making
INFO - [G] making
INFO - [G] making
INFO - [G] making
INFO - [G] making
INFO - [G] making
INFO - [G] making
INFO - [G] making
INFO - [G] making
INFO - [G] making
INFO - [G] making
INFO - [G] making
INFO - [G] making
INFO - [G] making
INFO - [G] making
INFO - [G] making
INFO - [G] making
INFO - [G] making
INFO - [G] making
INFO - [G] making
INFO - [G] making
INFO - [G] making
INFO - [G] making
INFO - [G] making
INFO - [G] making
INFO - [G] making
INFO - [G] making
INFO - [G] making
INFO - [G] making
INFO - [G] making
INFO - [G] making
INFO - [G] making
INFO - [G] making
INFO - [G] making
INFO - [G] making
INFO - [G] making
INFO - [G] making
INFO - [G] making
INFO - [G] making
INFO - [G] making
INFO - [G] making
INFO - [G] making
INFO - [G] making
INFO - [G] making
INFO - [G] making
INFO - [G] making
INFO - [G] making
INFO - [G] making
INFO - [G] making
INFO - [G] making
INFO - [G] making
INFO - [G] making
INFO - [G] making
INFO - [G] making
INFO - [G] making
INFO - [G] making
INFO - [G] making
INFO - [G] making
INFO - [G] making
INFO - [G] making
INFO - [G] making
INFO - [G] making
INFO - [G] making
INFO - [G] making
INFO - [G] making
INFO - [G] making
INFO - [G] making
INFO - [G] making
INFO - [G] making
INFO - [G] making
INFO - [G] making
INFO - [G] making
INFO - [G] making
INFO - [G] making
INFO - [G] making
INFO - [G] making
INFO - [G] making
INFO - [G] making
INFO - [G] making
INFO - [G] making
INFO - [G] making
INFO - [G] making
INFO - [G] making
INFO - [G] making
INFO - [G] making
INFO - [G] making
INFO - [G] making
INFO - [G] making
INFO - [G] making
INFO - [G] making
INFO - [G] making
INFO - [G] making
INFO - [G] making
INFO - [G] making
INFO - [G] making
INFO - [G] making
INFO - [G] making
INFO - [G] making
INFO - [G] making
INFO - [G] making
INFO - [G] making
INFO - [G] making
INFO - [G] making
INFO - [G] making
INFO - [G] making
INFO - [G] making
INFO - [G] making
INFO - [G] making
INFO - [G] making
INFO - [G] making
INFO - [G] making
INFO - [G] making
INFO - [G] making
INFO - [G] making
INFO - [G] making
INFO - [G] making
INFO - [G] making
INFO - [G] making
INFO - [G] making
INFO - [G] making
INFO - [G] making
INFO - [G] making
INFO - [G] making
INFO - [G] making
INFO - [G] making
INFO - [G] making
INFO - [G] making
INFO - [G] making
INFO - [G] making
INFO - [G] making
INFO - [G] making
INFO - [G] making
INFO - [G] making
INFO - [G] making
INFO - [G] making
INFO - [G] making
INFO - [G] making
INFO - [G] making
INFO - [G] making
INFO - [G] making
INFO - [G] making
INFO - [G] making
INFO - [G] making
INFO - [G] making
INFO - [G] making
INFO - [G] making
INFO - [G] making
INFO - [G] making
INFO - [G] making
INFO - [G] making
INFO - [G] making
INFO - [G] making
INFO - [G] making
INFO - [G] making
INFO - [G] making
INFO - [G] making
INFO - [G] making
INFO - [G] making
INFO - [G] making
INFO - [G] making
INFO - [G] making
INFO - [G] making
INFO - [G] making
INFO - [G] making
INFO - [G] making
INFO - [G] making
INFO - [G] making
INFO - [G] making
INFO - [G] making
INFO - [G] making
INFO - [G] making
INFO - [G] making
INFO - [G] making
INFO - [G] making
INFO - [G] making
INFO - [G] making
INFO - [G] making
INFO - [G] making
INFO - [G] making
INFO - [G] making
INFO - [G] making
INFO - [G] making
INFO - [G] making
INFO - [G] making
INFO - [G] making
INFO - [G] making
INFO - [G] making
INFO - [G] making
INFO - [G] making
INFO - [G] making
INFO - [G] making
INFO - [G] making
INFO - [G] making
INFO - [G] making
INFO - [G] making
INFO - [G] making
INFO - [G] making
INFO - [G] making
INFO - [G] making
INFO - [G] making
INFO - [G] making
INFO - [G] making
INFO - [G] making
INFO - [G] making
INFO - [G] making
INFO - [G] making
INFO - [G] making
INFO - [G] making
INFO - [G] making
INFO - [G] making
INFO - [G] making
INFO - [G] making
INFO - [G] making
INFO - [G] making
INFO - [G] making
INFO - [G] making
INFO - [G] making
INFO - [G] making
INFO - [G] making
INFO - [G] making
INFO - [G] making
INFO - [G] making
INFO - [G] making
INFO - [G] making
INFO - [G] making
INFO - [G] making
INFO - [G] making
INFO - [G] making
INFO - [G] making
INFO - [G] making
INFO - [G] making
INFO - [G] making
INFO - [G] making
INFO - [G] making
INFO - [G] making
INFO - [G] making
INFO - [G] making
INFO - [G] making
INFO - [G] making
INFO - [G] making
INFO - [G] making
INFO - [G] making
INFO - [G] making
INFO - [G] making
INFO - [G] making
INFO - [G] making
INFO - [G] making
INFO - [G] making
INFO - [G] making
INFO - [G] making
INFO - [G] making
INFO - [G] making
INFO - [G] making
INFO - [G] making
INFO - [G] making
INFO - [G] making
INFO - [G] making
INFO - [G] making
INFO - [G] making
INFO - [G] making
INFO - [G] making
INFO - [G] making
INFO - [G] making
INFO - [G] making
INFO - [G] making
INFO - [G] making
INFO - [G] making
INFO - [G] 2010
INFO - [G] making
INFO - [G] making
INFO - [G] making
INFO - [G] making
INFO - [G] making
INFO - [G] making
INFO - [G] making
INFO - [G] making
INFO - [G] 3010
INFO - [G] making
INFO - [G] making
INFO - [G] making
INFO - [G] making
INFO - [G] making
INFO - [G] making
INFO - [G] making
INFO - [G] making
INFO - [G] making
INFO - [G] 4010
INFO - [G] making
INFO - [G] making
INFO - [G] making
INFO - [G] making
INFO - [G] making
INFO - [G] making
INFO - [G] making
INFO - [G] making
INFO - [G] making
INFO - [G] 5010
INFO - [G] making
INFO - [G] making
INFO - [G] making
INFO - [G] making
INFO - [G] making
INFO - [G] making
INFO - [G] making
INFO - [G] making
INFO - [G] 6010
INFO - [G] making
INFO - [G] making
INFO - [G] making
INFO - [G] making
INFO - [G] making
INFO - [G] making
INFO - [G] making
INFO - [G] making
INFO - [G] making
INFO - [G] 7010
INFO - [G] making
INFO - [G] making
INFO - [G] making
INFO - [G] making
INFO - [G] making
INFO - [G] making
INFO - [G] making
INFO - [G] 8010
INFO - [G] making
INFO - [G] making
INFO - [G] making
INFO - [G] making
INFO - [G] making
INFO - [G] making
INFO - [G] making
INFO - [G] making
INFO - [G] 9010
INFO - [G] making
INFO - [G] making
INFO - [G] making
INFO - [G] making
INFO - [G] making
INFO - [G] making
INFO - [G] making
INFO - [G] making
INFO - [G] 10010
INFO - [G] making
INFO - [G] making
INFO - [G] making
INFO - [G] making
INFO - [G] making
INFO - [G] making
INFO - [G] making
INFO - [G] making
INFO - [G] 11010
INFO - [G] making
INFO - [G] making
INFO - [G] making
INFO - [G] making
INFO - [G] making
INFO - [G] making
INFO - [G] making
INFO - [G] making
INFO - [G] making
INFO - [G] 12010
INFO - [G] making
INFO - [G] making
INFO - [G] making
INFO - [G] making
INFO - [G] making
INFO - [G] making
INFO - [G] making
INFO - [G] making
INFO - [G] making
INFO - [G] 13010
INFO - [G] making
INFO - [G] making
INFO - [G] making
INFO - [G] making
INFO - [G] making
INFO - [G] making
INFO - [G] making
INFO - [G] making
INFO - [G] making
INFO - [G] making
INFO - [G] making
INFO - [G] making
INFO - [G] making
INFO - [G] making
INFO - [G] making
INFO - [G] making
INFO - [G] making
INFO - [G] making
INFO - [G] making
INFO - [G] making
INFO - [G] making
INFO - [G] making
INFO - [G] making
INFO - [G] making
INFO - [G] making
INFO - [G] making
INFO - [G] making
INFO - [G] making
INFO - [G] making
INFO - [G] making
INFO - [G] making
INFO - [G] making
INFO - [G] making
INFO - [G] making
INFO - [G] making
INFO - [G] making
INFO - [G] making
INFO - [G] making
INFO - [G] making
INFO - [G] making
INFO - [G] making
INFO - [G] making
INFO - [G] making
INFO - [G] making
INFO - [G] making
INFO - [G] making
INFO - [G] making
INFO - [G] making
INFO - [G] making
INFO - [G] making
INFO - [G] making
INFO - [G] making
INFO - [G] making
INFO - [G] making
INFO - [G] making
INFO - [G] making
INFO - [G] making
INFO - [G] making
INFO - [G] making
INFO - [G] making
INFO - [G] making
INFO - [G] making
INFO - [G] making
INFO - [G] making
INFO - [G] making
INFO - [G] making
INFO - [G] making
INFO - [G] making
INFO - [G] making
INFO - [G] making
INFO - [G] making
INFO - [G] making
INFO - [G] making
INFO - [G] making
INFO - [G] making
INFO - [G] making
INFO - [G] making
INFO - [G] making
INFO - [G] making
INFO - [G] making
INFO - [G] making
INFO - [G] making
INFO - [G] making
INFO - [G] making
INFO - [G] making
INFO - [G] making
INFO - [G] making
INFO - [G] making
INFO - [G] making
INFO - [G] making
INFO - [G] making
INFO - [G] making
INFO - [G] making
INFO - [G] making
INFO - [G] making
INFO - [G] making
INFO - [G] making
INFO - [G] making
INFO - [G] making
INFO - [G] making
INFO - [G] making
INFO - [G] making
INFO - [G] making
INFO - [G] making
INFO - [G] making
INFO - [G] making
INFO - [G] making
INFO - [G] making
INFO - [G] making
INFO - [G] making
INFO - [G] making
INFO - [G] making
INFO - [G] making
INFO - [G] making
INFO - [G] making
INFO - [G] making
INFO - [G] making
INFO - [G] making
INFO - [G] making
INFO - [G] making
INFO - [G] making
INFO - [G] making
INFO - [G] making
INFO - [G] making
INFO - [G] making
INFO - [G] making
INFO - [G] making
INFO - [G] making
INFO - [G] making
INFO - [G] making
INFO - [G] making
INFO - [G] making
INFO - [G] making
INFO - [G] making
INFO - [G] making
INFO - [G] making
INFO - [G] making
INFO - [G] making
INFO - [G] making
INFO - [G] making
INFO - [G] making
INFO - [G] making
INFO - [G] making
INFO - [G] making
INFO - [G] making
INFO - [G] making
INFO - [G] making
INFO - [G] making
INFO - [G] making
INFO - [G] making
INFO - [G] making
INFO - [G] making
INFO - [G] making
INFO - [G] making
INFO - [G] making
INFO - [G] making
INFO - [G] making
INFO - [G] making
INFO - [G] making
INFO - [G] making
INFO - [G] making
INFO - [G] making
INFO - [G] making
INFO - [G] making
INFO - [G] making
INFO - [G] making
INFO - [G] making
INFO - [G] making
INFO - [G] making
INFO - [G] making
INFO - [G] making
INFO - [G] making
INFO - [G] making
INFO - [G] making
INFO - [G] making
INFO - [G] making
INFO - [G] making
INFO - [G] making
INFO - [G] making
INFO - [G] making
INFO - [G] making
INFO - [G] making
INFO - [G] making
INFO - [G] making
INFO - [G] making
INFO - [G] making
INFO - [G] making
INFO - [G] making
INFO - [G] making
INFO - [G] making
INFO - [G] making
INFO - [G] making
INFO - [G] making
INFO - [G] making
INFO - [G] making
INFO - [G] making
INFO - [G] making
INFO - [G] making
INFO - [G] making
INFO - [G] making
INFO - [G] making
INFO - [G] making
INFO - [G] making
INFO - [G] making
INFO - [G] making
INFO - [G] making
INFO - [G] making
INFO - [G] making
INFO - [G] making
INFO - [G] making
INFO - [G] making
INFO - [G] making
INFO - [G] making
INFO - [G] making
INFO - [G] making
INFO - [G] making
INFO - [G] making
INFO - [G] making
INFO - [G] making
INFO - [G] making
INFO - [G] making
INFO - [G] making
INFO - [G] making
INFO - [G] making
INFO - [G] making
INFO - [G] making
INFO - [G] making
INFO - [G] making
INFO - [G] making
INFO - [G] making
INFO - [G] making
INFO - [G] making
INFO - [G] making
INFO - [G] making
INFO - [G] making
INFO - [G] making
INFO - [G] making
INFO - [G] making
INFO - [G] making
INFO - [G] making
INFO - [G] making
INFO - [G] making
INFO - [G] making
INFO - [G] making
INFO - [G] making
INFO - [G] making
INFO - [G] making
INFO - [G] making
INFO - [G] making
INFO - [G] making
INFO - [G] making
INFO - [G] making
INFO - [G] making
INFO - [G] making
INFO - [G] making
INFO - [G] making
INFO - [G] making
INFO - [G] making
INFO - [G] making
INFO - [G] making
INFO - [G] making
INFO - [G] making
INFO - [G] making
INFO - [G] making
INFO - [G] making
INFO - [G] making
INFO - [G] making
INFO - [G] making
INFO - [G] making
INFO - [G] making
INFO - [G] making
INFO - [G] making
INFO - [G] making
INFO - [G] making
INFO - [G] making
INFO - [G] making
INFO - [G] making
INFO - [G] making
INFO - [G] making
INFO - [G] 14010
INFO - [G] making
INFO - [G] making
INFO - [G] making
INFO - [G] making
INFO - [G] making
INFO - [G] making
INFO - [G] making
INFO - [G] making
INFO - [G] 15010
INFO - [G] making
INFO - [G] making
INFO - [G] making
INFO - [G] making
INFO - [G] making
INFO - [G] making
INFO - [G] making
INFO - [G] 16010
INFO - [G] making
INFO - [G] making
INFO - [G] making
INFO - [G] making
INFO - [G] making
INFO - [G] making
INFO - [G] making
INFO - [G] making
INFO - [G] making
INFO - [G] 17010
INFO - [G] making
INFO - [G] making
INFO - [G] making
INFO - [G] making
INFO - [G] making
INFO - [G] making
INFO - [G] making
INFO - [G] making
INFO - [G] 18010
INFO - [G] making
INFO - [G] making
INFO - [G] making
INFO - [G] making
INFO - [G] making
INFO - [G] making
INFO - [G] making
INFO - [G] making
INFO - [G] making
INFO - [G] 19010
INFO - [G] making
INFO - [G] making
INFO - [G] making
INFO - [G] making
INFO - [G] making
INFO - [G] making
INFO - [G] making
INFO - [G] making
INFO - [G] making
INFO - [G] 20010
INFO - [G] making
INFO - [G] making
INFO - [G] making
INFO - [G] making
INFO - [G] making
INFO - [G] making
INFO - [G] making
INFO - [G] making
INFO - [G] 21010
INFO - [G] making
INFO - [G] making
INFO - [G] making
INFO - [G] making
INFO - [G] making
INFO - [G] making
INFO - [G] making
INFO - [G] making
INFO - [G] 22010
INFO - [G] making
INFO - [G] making
INFO - [G] making
INFO - [G] making
INFO - [G] making
INFO - [G] making
INFO - [G] making
INFO - [G] making
INFO - [G] 23010
INFO - [G] making
INFO - [G] making
INFO - [G] making
INFO - [G] making
INFO - [G] making
INFO - [G] making
INFO - [G] making
INFO - [G] making
INFO - [G] 24010
INFO - [G] making
INFO - [G] making
INFO - [G] making
INFO - [G] making
INFO - [G] making
INFO - [G] making
INFO - [G] making
INFO - [G] making
INFO - [G] making
INFO - [G] 25010
INFO - [G] making
INFO - [G] making
INFO - [G] making
INFO - [G] making
INFO - [G] making
INFO - [G] making
INFO - [G] making
INFO - [G] making
INFO - [G] making
INFO - [G] 26010
INFO - [G] making
INFO - [G] making
INFO - [G] making
INFO - [G] making
INFO - [G] making
INFO - [G] making
INFO - [G] making
INFO - [G] making
INFO - [G] making
INFO - [G] making
INFO - [G] making
INFO - [G] making
INFO - [G] making
INFO - [G] making
INFO - [G] making
INFO - [G] making
INFO - [G] making
INFO - [G] making
INFO - [G] making
INFO - [G] making
INFO - [G] making
INFO - [G] making
INFO - [G] making
INFO - [G] making
INFO - [G] making
INFO - [G] making
INFO - [G] making
INFO - [G] making
INFO - [G] making
INFO - [G] making
INFO - [G] making
INFO - [G] making
INFO - [G] making
INFO - [G] making
INFO - [G] making
INFO - [G] making
INFO - [G] making
INFO - [G] making
INFO - [G] making
INFO - [G] making
INFO - [G] making
INFO - [G] making
INFO - [G] making
INFO - [G] making
INFO - [G] making
INFO - [G] making
INFO - [G] making
INFO - [G] making
INFO - [G] making
INFO - [G] making
INFO - [G] making
INFO - [G] making
INFO - [G] making
INFO - [G] making
INFO - [G] making
INFO - [G] making
INFO - [G] making
INFO - [G] making
INFO - [G] making
INFO - [G] making
INFO - [G] making
INFO - [G] making
INFO - [G] making
INFO - [G] making
INFO - [G] making
INFO - [G] making
INFO - [G] making
INFO - [G] making
INFO - [G] making
INFO - [G] making
INFO - [G] making
INFO - [G] making
INFO - [G] making
INFO - [G] making
INFO - [G] making
INFO - [G] making
INFO - [G] making
INFO - [G] making
INFO - [G] making
INFO - [G] making
INFO - [G] making
INFO - [G] making
INFO - [G] making
INFO - [G] making
INFO - [G] making
INFO - [G] making
INFO - [G] making
INFO - [G] making
INFO - [G] making
INFO - [G] making
INFO - [G] making
INFO - [G] making
INFO - [G] making
INFO - [G] making
INFO - [G] making
INFO - [G] making
INFO - [G] making
INFO - [G] making
INFO - [G] making
INFO - [G] making
INFO - [G] making
INFO - [G] making
INFO - [G] making
INFO - [G] making
INFO - [G] making
INFO - [G] making
INFO - [G] making
INFO - [G] making
INFO - [G] making
INFO - [G] making
INFO - [G] making
INFO - [G] making
INFO - [G] making
INFO - [G] making
INFO - [G] making
INFO - [G] making
INFO - [G] making
INFO - [G] making
INFO - [G] making
INFO - [G] making
INFO - [G] making
INFO - [G] making
INFO - [G] making
INFO - [G] making
INFO - [G] making
INFO - [G] making
INFO - [G] making
INFO - [G] making
INFO - [G] making
INFO - [G] making
INFO - [G] making
INFO - [G] making
INFO - [G] making
INFO - [G] making
INFO - [G] making
INFO - [G] making
INFO - [G] making
INFO - [G] making
INFO - [G] making
INFO - [G] making
INFO - [G] making
INFO - [G] making
INFO - [G] making
INFO - [G] making
INFO - [G] making
INFO - [G] making
INFO - [G] making
INFO - [G] making
INFO - [G] making
INFO - [G] making
INFO - [G] making
INFO - [G] making
INFO - [G] LONG DT @ 40: 0.057625051564728
INFO - [G] making
INFO - [G] making
INFO - [G] making
INFO - [G] making
INFO - [G] making
INFO - [G] making
INFO - [G] making
INFO - [G] making
INFO - [G] making
INFO - [G] making
INFO - [G] making
INFO - [G] making
INFO - [G] making
INFO - [G] making
INFO - [G] making
INFO - [G] making
INFO - [G] making
INFO - [G] making
INFO - [G] making
INFO - [G] making
INFO - [G] making
INFO - [G] making
INFO - [G] making
INFO - [G] making
INFO - [G] making
INFO - [G] making
INFO - [G] making
INFO - [G] making
INFO - [G] making
INFO - [G] making
INFO - [G] making
INFO - [G] making
INFO - [G] making
INFO - [G] making
INFO - [G] making
INFO - [G] making
INFO - [G] making
INFO - [G] making
INFO - [G] making
INFO - [G] making
INFO - [G] making
INFO - [G] making
INFO - [G] making
INFO - [G] making
INFO - [G] making
INFO - [G] making
INFO - [G] making
INFO - [G] making
INFO - [G] making
INFO - [G] making
INFO - [G] making
INFO - [G] making
INFO - [G] making
INFO - [G] making
INFO - [G] making
INFO - [G] making
INFO - [G] making
INFO - [G] making
INFO - [G] making
INFO - [G] making
INFO - [G] making
INFO - [G] making
INFO - [G] making
INFO - [G] making
INFO - [G] making
INFO - [G] making
INFO - [G] making
INFO - [G] making
INFO - [G] making
INFO - [G] making
INFO - [G] making
INFO - [G] making
INFO - [G] making
INFO - [G] making
INFO - [G] making
INFO - [G] making
INFO - [G] making
INFO - [G] making
INFO - [G] making
INFO - [G] making
INFO - [G] making
INFO - [G] making
INFO - [G] making
INFO - [G] making
INFO - [G] making
INFO - [G] making
INFO - [G] making
INFO - [G] making
INFO - [G] making
INFO - [G] making
INFO - [G] making
INFO - [G] making
INFO - [G] making
INFO - [G] making
INFO - [G] making
INFO - [G] making
INFO - [G] making
INFO - [G] making
INFO - [G] making
INFO - [G] making
INFO - [G] making
INFO - [G] making
INFO - [G] making
INFO - [G] making
INFO - [G] making
INFO - [G] making
INFO - [G] making
INFO - [G] making
INFO - [G] making
INFO - [G] making
INFO - [G] making
INFO - [G] making
INFO - [G] making
INFO - [G] making
INFO - [G] making
INFO - [G] making
INFO - [G] making
INFO - [G] making
INFO - [G] making
INFO - [G] making
INFO - [G] making
INFO - [G] making
INFO - [G] making
INFO - [G] making
INFO - [G] making
INFO - [G] making
INFO - [G] making
INFO - [G] making
INFO - [G] making
INFO - [G] making
INFO - [G] making
INFO - [G] making
INFO - [G] making
INFO - [G] making
INFO - [G] making
INFO - [G] making
INFO - [G] making
INFO - [G] making
INFO - [G] making
INFO - [G] making
INFO - [G] making
INFO - [G] making
INFO - [G] making
INFO - [G] making
INFO - [G] making
INFO - [G] making
INFO - [G] making
INFO - [G] making
INFO - [G] making
INFO - [G] making
INFO - [G] making
INFO - [G] making
INFO - [G] making
INFO - [G] making
INFO - [G] making
INFO - [G] making
INFO - [G] making
INFO - [G] making
INFO - [G] making
INFO - [G] making
INFO - [G] making
INFO - [G] making
INFO - [G] making
INFO - [G] making
INFO - [G] making
INFO - [G] making
INFO - [G] making
INFO - [G] making
INFO - [G] making
INFO - [G] making
INFO - [G] making
INFO - [G] making
INFO - [G] making
INFO - [G] making
INFO - [G] making
INFO - [G] making
INFO - [G] making
INFO - [G] making
INFO - [G] making
INFO - [G] making
INFO - [G] making
INFO - [G] making
INFO - [G] making
INFO - [G] making
INFO - [G] making
INFO - [G] making
INFO - [G] making
INFO - [G] making
INFO - [G] making
INFO - [G] making
INFO - [G] making
INFO - [G] making
INFO - [G] making
INFO - [G] LONG DT @ 44: 0.055554103027319
INFO - [G] making
INFO - [G] making
INFO - [G] making
INFO - [G] making
INFO - [G] making
INFO - [G] making
INFO - [G] making
INFO - [G] making
INFO - [G] making
INFO - [G] making
INFO - [G] making
INFO - [G] making
INFO - [G] making
INFO - [G] making
INFO - [G] making
INFO - [G] making
INFO - [G] making
INFO - [G] making
INFO - [G] making
INFO - [G] making
INFO - [G] making
INFO - [G] making
INFO - [G] making
INFO - [G] making
INFO - [G] making
INFO - [G] making
INFO - [G] making
INFO - [G] making
INFO - [G] making
INFO - [G] making
INFO - [G] making
INFO - [G] making
INFO - [G] making
INFO - [G] making
INFO - [G] making
INFO - [G] making
INFO - [G] making
INFO - [G] making
INFO - [G] making
INFO - [G] making
INFO - [G] making
INFO - [G] making
INFO - [G] making
INFO - [G] making
INFO - [G] making
INFO - [G] making
INFO - [G] making
INFO - [G] making
INFO - [G] making
INFO - [G] making
INFO - [G] making
INFO - [G] making
INFO - [G] making
INFO - [G] making
INFO - [G] making
INFO - [G] making
INFO - [G] making
INFO - [G] making
INFO - [G] making
INFO - [G] making
INFO - [G] making
INFO - [G] making
INFO - [G] making
INFO - [G] making
INFO - [G] making
INFO - [G] making
INFO - [G] making
INFO - [G] making
INFO - [G] making
INFO - [G] making
INFO - [G] making
INFO - [G] making
INFO - [G] making
INFO - [G] making
INFO - [G] making
INFO - [G] making
INFO - [G] making
INFO - [G] making
INFO - [G] making
INFO - [G] making
INFO - [G] LONG DT @ 45: 0.1
INFO - [G] making
INFO - [G] LONG DT @ 45: 0.08154496
INFO - [G] making
INFO - [G] LONG DT @ 45: 0.068598588
INFO - [G] making
INFO - [G] LONG DT @ 45: 0.0582025904
INFO - [G] making
INFO - [G] making
INFO - [G] making
INFO - [G] making
INFO - [G] making
INFO - [G] making
INFO - [G] making
INFO - [G] making
INFO - [G] making
INFO - [G] making
INFO - [G] making
INFO - [G] making
INFO - [G] making
INFO - [G] making
INFO - [G] making
INFO - [G] making
INFO - [G] making
INFO - [G] making
INFO - [G] making
INFO - [G] making
INFO - [G] making
INFO - [G] making
INFO - [G] making
INFO - [G] making
INFO - [G] making
INFO - [G] making
INFO - [G] making
INFO - [G] making
INFO - [G] making
INFO - [G] making
INFO - [G] making
INFO - [G] making
INFO - [G] making
INFO - [G] making
INFO - [G] making
INFO - [G] making
INFO - [G] making
INFO - [G] making
INFO - [G] making
INFO - [G] making
INFO - [G] making
INFO - [G] making
INFO - [G] making
INFO - [G] making
INFO - [G] making
INFO - [G] making
INFO - [G] making
INFO - [G] making
INFO - [G] making
INFO - [G] making
INFO - [G] making
INFO - [G] making
INFO - [G] making
INFO - [G] making
INFO - [G] making
INFO - [G] making
INFO - [G] making
INFO - [G] making
INFO - [G] making
INFO - [G] making
INFO - [G] making
INFO - [G] making
INFO - [G] making
INFO - [G] making
INFO - [G] making
INFO - [G] making
INFO - [G] making
INFO - [G] making
INFO - [G] making
INFO - [G] making
INFO - [G] making
INFO - [G] making
INFO - [G] making
INFO - [G] making
INFO - [G] making
INFO - [G] making
INFO - [G] making
INFO - [G] making
INFO - [G] making
INFO - [G] making
INFO - [G] making
INFO - [G] making
INFO - [G] making
INFO - [G] LONG DT @ 47: 0.1
INFO - [G] making
INFO - [G] LONG DT @ 47: 0.0806218
INFO - [G] making
INFO - [G] LONG DT @ 47: 0.06787318
INFO - [G] making
INFO - [G] LONG DT @ 47: 0.057627984
INFO - [G] making
INFO - [G] making
INFO - [G] making
INFO - [G] making
INFO - [G] making
INFO - [G] making
INFO - [G] making
INFO - [G] making
INFO - [G] making
INFO - [G] making
INFO - [G] making
INFO - [G] making
INFO - [G] making
INFO - [G] making
INFO - [G] making
INFO - [G] making
INFO - [G] making
INFO - [G] making
INFO - [G] making
INFO - [G] making
INFO - [G] making
INFO - [G] making
INFO - [G] making
INFO - [G] making
INFO - [G] making
INFO - [G] making
INFO - [G] making
INFO - [G] making
INFO - [G] making
INFO - [G] making
INFO - [G] making
INFO - [G] making
INFO - [G] making
INFO - [G] making
INFO - [G] making
INFO - [G] making
INFO - [G] making
INFO - [G] making
INFO - [G] making
INFO - [G] making
INFO - [G] making
INFO - [G] making
INFO - [G] making
INFO - [G] making
INFO - [G] making
INFO - [G] making
INFO - [G] making
INFO - [G] making
INFO - [G] making
INFO - [G] making
INFO - [G] making
INFO - [G] making
INFO - [G] making
INFO - [G] making
INFO - [G] making
INFO - [G] making
INFO - [G] making
INFO - [G] making
INFO - [G] making
INFO - [G] making
INFO - [G] making
INFO - [G] making
INFO - [G] making
INFO - [G] making
INFO - [G] making
INFO - [G] making
INFO - [G] making
INFO - [G] making
INFO - [G] making
INFO - [G] making
INFO - [G] making
INFO - [G] making
INFO - [G] making
INFO - [G] making
INFO - [G] making
INFO - [G] making
INFO - [G] making
INFO - [G] making
INFO - [G] making
INFO - [G] making
INFO - [G] making
INFO - [G] making
INFO - [G] making
INFO - [G] making
INFO - [G] making
INFO - [G] making
INFO - [G] making
INFO - [G] making
INFO - [G] making
INFO - [G] making
INFO - [G] making
INFO - [G] making
INFO - [G] making
INFO - [G] making
INFO - [G] making
INFO - [G] making
INFO - [G] making
INFO - [G] making
INFO - [G] making
INFO - [G] making
INFO - [G] making
INFO - [G] making
INFO - [G] making
INFO - [G] making
INFO - [G] making
INFO - [G] making
INFO - [G] making
INFO - [G] making
INFO - [G] making
INFO - [G] making
INFO - [G] making
INFO - [G] making
INFO - [G] making
INFO - [G] making
INFO - [G] making
INFO - [G] making
INFO - [G] making
INFO - [G] making
INFO - [G] making
INFO - [G] making
INFO - [G] making
INFO - [G] making
INFO - [G] making
INFO - [G] making
INFO - [G] making
INFO - [G] making
INFO - [G] making
INFO - [G] making
INFO - [G] making
INFO - [G] making
INFO - [G] making
INFO - [G] making
INFO - [G] making
INFO - [G] making
INFO - [G] making
INFO - [G] making
INFO - [G] making
INFO - [G] making
INFO - [G] making
INFO - [G] making
INFO - [G] making
INFO - [G] making
INFO - [G] making
INFO - [G] making
INFO - [G] making
INFO - [G] making
INFO - [G] making
INFO - [G] making
INFO - [G] making
INFO - [G] making
INFO - [G] making
INFO - [G] making
INFO - [G] making
INFO - [G] making
INFO - [G] making
INFO - [G] making
INFO - [G] making
INFO - [G] making
INFO - [G] making
INFO - [G] making
INFO - [G] making
INFO - [G] making
INFO - [G] making
INFO - [G] making
INFO - [G] making
INFO - [G] making
INFO - [G] making
INFO - [G] making
INFO - [G] making
INFO - [G] making
INFO - [G] making
INFO - [G] making
INFO - [G] making
INFO - [G] making
INFO - [G] making
INFO - [G] making
INFO - [G] making
INFO - [G] making
INFO - [G] making
INFO - [G] making
INFO - [G] making
INFO - [G] making
INFO - [G] making
INFO - [G] making
INFO - [G] making
INFO - [G] making
INFO - [G] making
INFO - [G] making
INFO - [G] making
INFO - [G] making
INFO - [G] making
INFO - [G] making
INFO - [G] making
INFO - [G] making
INFO - [G] making
INFO - [G] making
INFO - [G] making
INFO - [G] making
INFO - [G] making
INFO - [G] making
INFO - [G] making
INFO - [G] making
INFO - [G] making
INFO - [G] making
INFO - [G] making
INFO - [G] making
INFO - [G] making
INFO - [G] making
INFO - [G] making
INFO - [G] making
INFO - [G] making
INFO - [G] making
INFO - [G] making
INFO - [G] making
INFO - [G] making
INFO - [G] making
INFO - [G] making
INFO - [G] making
INFO - [G] making
INFO - [G] making
INFO - [G] making
INFO - [G] making
INFO - [G] making
INFO - [G] making
INFO - [G] making
INFO - [G] making
INFO - [G] making
INFO - [G] making
INFO - [G] making
INFO - [G] making
INFO - [G] making
INFO - [G] making
INFO - [G] making
INFO - [G] making
INFO - [G] making
INFO - [G] making
INFO - [G] making
INFO - [G] making
INFO - [G] making
INFO - [G] making
INFO - [G] making
INFO - [G] making
INFO - [G] making
INFO - [G] making
INFO - [G] making
INFO - [G] making
INFO - [G] making
INFO - [G] making
INFO - [G] making
INFO - [G] making
INFO - [G] making
INFO - [G] making
INFO - [G] making
INFO - [G] making
INFO - [G] making
INFO - [G] making
INFO - [G] making
INFO - [G] making
INFO - [G] making
INFO - [G] making
INFO - [G] making
INFO - [G] making
INFO - [G] making
INFO - [G] making
INFO - [G] making
INFO - [G] making
INFO - [G] making
INFO - [G] making
INFO - [G] making
INFO - [G] making
INFO - [G] making
INFO - [G] making
INFO - [G] making
INFO - [G] making
INFO - [G] making
INFO - [G] making
INFO - [G] making
INFO - [G] making
INFO - [G] making
INFO - [G] making
INFO - [G] making
INFO - [G] making
INFO - [G] making
INFO - [G] making
INFO - [G] making
INFO - [G] making
INFO - [G] making
INFO - [G] making
INFO - [G] making
INFO - [G] making
INFO - [G] making
INFO - [G] making
INFO - [G] making
INFO - [G] making
INFO - [G] making
INFO - [G] making
INFO - [G] making
INFO - [G] making
INFO - [G] making
INFO - [G] making
INFO - [G] making
INFO - [G] making
INFO - [G] making
INFO - [G] making
INFO - [G] making
INFO - [G] making
INFO - [G] making
INFO - [G] making
INFO - [G] making
INFO - [G] making
INFO - [G] making
INFO - [G] making
INFO - [G] making
INFO - [G] making
INFO - [G] making
INFO - [G] making
INFO - [G] making
INFO - [G] making
INFO - [G] making
INFO - [G] making
INFO - [G] making
INFO - [G] making
INFO - [G] making
INFO - [G] making
INFO - [G] making
INFO - [G] making
INFO - [G] making
INFO - [G] making
INFO - [G] making
INFO - [G] making
INFO - [G] making
INFO - [G] making
INFO - [G] making
INFO - [G] making
INFO - [G] making
INFO - [G] making
INFO - [G] making
INFO - [G] making
INFO - [G] making
INFO - [G] making
INFO - [G] making
INFO - [G] making
INFO - [G] making
INFO - [G] making
INFO - [G] making
INFO - [G] making
INFO - [G] making
INFO - [G] making
INFO - [G] making
INFO - [G] making
INFO - [G] making
INFO - [G] making
INFO - [G] making
INFO - [G] making
INFO - [G] making
INFO - [G] making
INFO - [G] making
INFO - [G] making
INFO - [G] making
INFO - [G] making
INFO - [G] making
INFO - [G] making
INFO - [G] making
INFO - [G] making
INFO - [G] making
INFO - [G] making
INFO - [G] making
INFO - [G] making
INFO - [G] making
INFO - [G] making
INFO - [G] making
INFO - [G] making
INFO - [G] making
INFO - [G] making
INFO - [G] making
INFO - [G] making
INFO - [G] making
INFO - [G] making
INFO - [G] making
INFO - [G] making
INFO - [G] making
INFO - [G] making
INFO - [G] making
INFO - [G] making
INFO - [G] making
INFO - [G] making
INFO - [G] making
INFO - [G] making
INFO - [G] making
INFO - [G] making
INFO - [G] making
INFO - [G] making
INFO - [G] making
INFO - [G] making
INFO - [G] making
INFO - [G] making
INFO - [G] making
INFO - [G] making
INFO - [G] making
INFO - [G] making
INFO - [G] making
INFO - [G] making
INFO - [G] making
INFO - [G] making
INFO - [G] making
INFO - [G] making
INFO - [G] making
INFO - [G] making
INFO - [G] making
INFO - [G] making
INFO - [G] making
INFO - [G] making
INFO - [G] making
INFO - [G] making
INFO - [G] making
INFO - [G] making
INFO - [G] making
INFO - [G] making
INFO - [G] making
INFO - [G] making
INFO - [G] making
INFO - [G] making
INFO - [G] making
INFO - [G] making
INFO - [G] making
INFO - [G] making
INFO - [G] making
INFO - [G] making
INFO - [G] making
INFO - [G] making
INFO - [G] making
INFO - [G] making
INFO - [G] making
INFO - [G] making
INFO - [G] making
INFO - [G] making
INFO - [G] making
INFO - [G] making
INFO - [G] making
INFO - [G] making
INFO - [G] making
INFO - [G] making
INFO - [G] making
INFO - [G] making
INFO - [G] making
INFO - [G] making
INFO - [G] making
INFO - [G] making
INFO - [G] making
INFO - [G] making
INFO - [G] making
INFO - [G] making
INFO - [G] making
INFO - [G] making
INFO - [G] making
INFO - [G] making
INFO - [G] making
INFO - [G] making
INFO - [G] making
INFO - [G] making
INFO - [G] making
INFO - [G] making
INFO - [G] making
INFO - [G] making
INFO - [G] making
INFO - [G] making
INFO - [G] making
INFO - [G] making
INFO - [G] making
INFO - [G] making
INFO - [G] making
INFO - [G] making
INFO - [G] making
INFO - [G] making
INFO - [G] making
INFO - [G] making
INFO - [G] making
INFO - [G] making
INFO - [G] making
INFO - [G] making
INFO - [G] making
INFO - [G] making
INFO - [G] making
INFO - [G] making
INFO - [G] making
INFO - [G] making
INFO - [G] making
INFO - [G] making
INFO - [G] making
INFO - [G] making
INFO - [G] making
INFO - [G] making
INFO - [G] making
INFO - [G] making
INFO - [G] making
INFO - [G] making
INFO - [G] making
INFO - [G] making
INFO - [G] making
INFO - [G] making
INFO - [G] making
INFO - [G] making
INFO - [G] making
INFO - [G] making
INFO - [G] making
INFO - [G] making
INFO - [G] making
INFO - [G] making
INFO - [G] making
INFO - [G] making
INFO - [G] making
INFO - [G] making
INFO - [G] making
INFO - [G] making
INFO - [G] making
INFO - [G] making
INFO - [G] making
INFO - [G] making
INFO - [G] making
INFO - [G] making
INFO - [G] making
INFO - [G] making
INFO - [G] making
INFO - [G] making
INFO - [G] making
INFO - [G] making
INFO - [G] making
INFO - [G] making
INFO - [G] making
INFO - [G] making
INFO - [G] making
INFO - [G] making
INFO - [G] making
INFO - [G] making
INFO - [G] making
INFO - [G] making
INFO - [G] making
INFO - [G] making
INFO - [G] making
INFO - [G] making
INFO - [G] making
INFO - [G] making
INFO - [G] making
INFO - [G] making
INFO - [G] making
INFO - [G] making
INFO - [G] making
INFO - [G] making
INFO - [G] making
INFO - [G] making
INFO - [G] making
INFO - [G] making
INFO - [G] making
INFO - [G] making
INFO - [G] making
INFO - [G] making
INFO - [G] making
INFO - [G] making
INFO - [G] making
INFO - [G] making
INFO - [G] making
INFO - [G] making
INFO - [G] making
INFO - [G] making
INFO - [G] making
INFO - [G] making
INFO - [G] making
INFO - [G] making
INFO - [G] making
INFO - [G] making
INFO - [G] making
INFO - [G] making
INFO - [G] making
INFO - [G] making
INFO - [G] making
INFO - [G] making
INFO - [G] making
INFO - [G] making
INFO - [G] making
INFO - [G] making
INFO - [G] making
INFO - [G] making
INFO - [G] making
INFO - [G] making
INFO - [G] making
INFO - [G] making
INFO - [G] making
INFO - [G] making
INFO - [G] making
INFO - [G] making
INFO - [G] making
INFO - [G] making
INFO - [G] making
INFO - [G] making
INFO - [G] making
INFO - [G] making
INFO - [G] making
INFO - [G] making
INFO - [G] making
INFO - [G] making
INFO - [G] making
INFO - [G] making
INFO - [G] making
INFO - [G] making
INFO - [G] making
INFO - [G] making
INFO - [G] making
INFO - [G] making
INFO - [G] making
INFO - [G] making
INFO - [G] making
INFO - [G] making
INFO - [G] making
INFO - [G] making
INFO - [G] making
INFO - [G] making
INFO - [G] making
INFO - [G] making
INFO - [G] making
INFO - [G] making
INFO - [G] making
INFO - [G] making
INFO - [G] making
INFO - [G] making
INFO - [G] making
INFO - [G] making
INFO - [G] making
INFO - [G] making
INFO - [G] making
INFO - [G] making
INFO - [G] making
INFO - [G] making
INFO - [G] making
INFO - [G] making
INFO - [G] making
INFO - [G] making
INFO - [G] making
INFO - [G] making
INFO - [G] making
INFO - [G] making
INFO - [G] making
INFO - [G] making
INFO - [G] making
INFO - [G] making
INFO - [G] making
INFO - [G] making
INFO - [G] making
INFO - [G] making
INFO - [G] making
INFO - [G] making
INFO - [G] making
INFO - [G] making
INFO - [G] making
INFO - [G] making
INFO - [G] making
INFO - [G] making
INFO - [G] making
INFO - [G] making
INFO - [G] making
INFO - [G] making
INFO - [G] making
INFO - [G] making
INFO - [G] making
INFO - [G] making
INFO - [G] making
INFO - [G] making
INFO - [G] making
INFO - [G] making
INFO - [G] making
INFO - [G] making
INFO - [G] making
INFO - [G] making
INFO - [G] making
INFO - [G] making
INFO - [G] making
INFO - [G] making
INFO - [G] making
INFO - [G] making
INFO - [G] making
INFO - [G] making
INFO - [G] making
INFO - [G] making
INFO - [G] making
INFO - [G] making
INFO - [G] making
INFO - [G] making
INFO - [G] making
INFO - [G] making
INFO - [G] making
INFO - [G] making
INFO - [G] making
INFO - [G] making
INFO - [G] making
INFO - [G] making
INFO - [G] making
INFO - [G] making
INFO - [G] making
INFO - [G] making
INFO - [G] making
INFO - [G] making
INFO - [G] making
INFO - [G] making
INFO - [G] making
INFO - [G] making
INFO - [G] making
INFO - [G] making
INFO - [G] making
INFO - [G] making
INFO - [G] making
INFO - [G] making
INFO - [G] making
INFO - [G] making
INFO - [G] making
INFO - [G] making
INFO - [G] making
INFO - [G] making
INFO - [G] making
INFO - [G] making
INFO - [G] making
INFO - [G] making
INFO - [G] making
INFO - [G] making
INFO - [G] making
INFO - [G] making
INFO - [G] making
INFO - [G] making
INFO - [G] making
INFO - [G] making
INFO - [G] making
INFO - [G] making
INFO - [G] making
INFO - [G] making
INFO - [G] making
INFO - [G] making
INFO - [G] making
INFO - [G] making
INFO - [G] making
INFO - [G] making
INFO - [G] making
INFO - [G] making
INFO - [G] making
INFO - [G] making
INFO - [G] making
INFO - [G] making
INFO - [G] making
INFO - [G] making
INFO - [G] making
INFO - [G] making
INFO - [G] making
INFO - [G] making
INFO - [G] making
INFO - [G] making
INFO - [G] making
INFO - [G] making
INFO - [G] making
INFO - [G] making
INFO - [G] making
INFO - [G] making
INFO - [G] making
INFO - [G] making
INFO - [G] making
INFO - [G] making
INFO - [G] making
INFO - [G] making
INFO - [G] making
INFO - [G] making
INFO - [G] making
INFO - [G] making
INFO - [G] making
INFO - [G] making
INFO - [G] making
INFO - [G] making
INFO - [G] making
INFO - [G] making
INFO - [G] making
INFO - [G] making
INFO - [G] making
INFO - [G] making
INFO - [G] making
INFO - [G] making
INFO - [G] making
INFO - [G] making
INFO - [G] making
INFO - [G] making
INFO - [G] making
INFO - [G] making
INFO - [G] making
INFO - [G] making
INFO - [G] making
INFO - [G] making
INFO - [G] making
INFO - [G] making
INFO - [G] making
INFO - [G] making
INFO - [G] making
INFO - [G] making
INFO - [G] making
INFO - [G] making
INFO - [G] making
INFO - [G] making
INFO - [G] making
INFO - [G] making
INFO - [G] making
INFO - [G] making
INFO - [G] making
INFO - [G] making
INFO - [G] making
INFO - [G] making
INFO - [G] making
INFO - [G] making
INFO - [G] making
INFO - [G] making
INFO - [G] making
INFO - [G] making
INFO - [G] making
INFO - [G] making
INFO - [G] making
INFO - [G] making
INFO - [G] making
INFO - [G] making
INFO - [G] making
INFO - [G] making
INFO - [G] making
INFO - [G] making
INFO - [G] making
INFO - [G] making
INFO - [G] making
INFO - [G] making
INFO - [G] making
INFO - [G] making
INFO - [G] making
INFO - [G] making
INFO - [G] making
INFO - [G] making
INFO - [G] making
INFO - [G] making
INFO - [G] making
INFO - [G] making
INFO - [G] making
INFO - [G] making
INFO - [G] making
INFO - [G] making
INFO - [G] making
INFO - [G] making
INFO - [G] making
INFO - [G] making
INFO - [G] making
INFO - [G] making
INFO - [G] making
INFO - [G] making
INFO - [G] making
INFO - [G] making
INFO - [G] making
INFO - [G] making
INFO - [G] making
INFO - [G] making
INFO - [G] making
INFO - [G] making
INFO - [G] making
INFO - [G] making
INFO - [G] making
INFO - [G] making
INFO - [G] making
INFO - [G] making
INFO - [G] making
INFO - [G] making
INFO - [G] making
INFO - [G] making
INFO - [G] making
INFO - [G] making
INFO - [G] making
INFO - [G] making
INFO - [G] making
INFO - [G] making
INFO - [G] making
