INFO - [♥] Lovely 0.7.1
INFO - [♥] Game directory is at "C:\\Program Files (x86)\\Steam\\steamapps\\common\\Balatro"
INFO - [♥] Writing logs to "C:\\Users\\Administrator\\AppData\\Roaming\\Balatro\\Mods\\lovely\\log"
INFO - [♥] Using mod directory at "C:\\Users\\Administrator\\AppData\\Roaming\\Balatro\\Mods"
INFO - [♥] Cleaning up dumps directory at "C:\\Users\\Administrator\\AppData\\Roaming\\Balatro\\Mods\\lovely\\dump"
INFO - [♥] Initialization complete in 171ms
INFO - [♥] Applied 12 patches to 'main.lua'
INFO - [♥] Applied 5 patches to 'engine/controller.lua'
INFO - [♥] Applied 13 patches to 'back.lua'
INFO - [♥] Applied 6 patches to 'tag.lua'
INFO - [♥] Applied 1 patch to 'engine/moveable.lua'
INFO - [♥] Applied 2 patches to 'engine/sprite.lua'
INFO - [♥] Applied 2 patches to 'engine/animatedsprite.lua'
INFO - [♥] Applied 41 patches to 'functions/misc_functions.lua'
INFO - [♥] Applied 24 patches to 'game.lua'
INFO - [♥] Applied 1 patch to 'globals.lua'
INFO - [♥] Applied 3 patches to 'engine/ui.lua'
INFO - [♥] Applied 72 patches to 'functions/UI_definitions.lua'
INFO - [♥] Applied 39 patches to 'functions/state_events.lua'
INFO - [♥] Applied 86 patches to 'functions/common_events.lua'
INFO - [♥] Applied 38 patches to 'functions/button_callbacks.lua'
INFO - [♥] Applied 139 patches to 'card.lua'
INFO - [♥] Applied 6 patches to 'cardarea.lua'
INFO - [♥] Applied 30 patches to 'blind.lua'
INFO - [♥] Applied 2 patches to 'engine/text.lua'
INFO - [G] Failed to connect to the debug server
INFO - [G] 2025-02-10 06:39:10 :: DEBUG :: DebugConsole :: Steamodded Debug Socket started !
INFO - [♥] Applied 9 patches to 'engine/sound_manager.lua'
INFO - [♥] Applied 1 patch to 'engine/save_manager.lua'
INFO - [G] 2025-02-10 06:39:12 :: ERROR :: Loader :: Found invalid metadata JSON file at C:\Users\Administrator\AppData\Roaming\Balatro\Mods/.vscode/settings.json, ignoring: [SMODS _ "src/loader.lua"]:226: id
INFO - [G] 2025-02-10 06:39:12 :: TRACE :: Loader :: Processing Mod file (Legacy header): PreorderCards.lua
INFO - [G] 2025-02-10 06:39:12 :: TRACE :: Loader :: Saving Mod Info: preorder_cards
INFO - [G] 2025-02-10 06:39:12 :: TRACE :: Loader :: Processing Mod file (Legacy header): SakashimaJoker.lua
INFO - [G] 2025-02-10 06:39:12 :: TRACE :: Loader :: Saving Mod Info: SakashimaJoker
INFO - [G] 2025-02-10 06:39:12 :: INFO  :: TIMER :: [0000] Injected Language in 0.002 ms
INFO - [G] 2025-02-10 06:39:12 :: INFO  :: TIMER :: [0000] Injected [INTERNAL] in 1.717 ms
INFO - [G] 2025-02-10 06:39:13 :: INFO  :: TIMER :: [0004] Injected Atlas in 628.040 ms
INFO - [G] 2025-02-10 06:39:13 :: INFO  :: TIMER :: [0001] Injected Sound in 0.186 ms
INFO - [G] 2025-02-10 06:39:13 :: INFO  :: TIMER :: [0008] Injected Stake in 0.294 ms
INFO - [G] 2025-02-10 06:39:13 :: INFO  :: TIMER :: [0004] Injected Rarity in 0.030 ms
INFO - [G] 2025-02-10 06:39:13 :: INFO  :: TIMER :: [0004] Injected ObjectType in 0.042 ms
INFO - [G] 2025-02-10 06:39:13 :: INFO  :: TIMER :: [0049] Injected Center in 0.500 ms
INFO - [G] 2025-02-10 06:39:13 :: INFO  :: TIMER :: [0007] Injected Undiscovered Sprite in 0.117 ms
INFO - [G] 2025-02-10 06:39:13 :: INFO  :: TIMER :: [0002] Injected Blind in 0.063 ms
INFO - [G] 2025-02-10 06:39:13 :: INFO  :: TIMER :: [0004] Injected Seal in 0.243 ms
INFO - [G] 2025-02-10 06:39:13 :: INFO  :: TIMER :: [0004] Injected Suit in 0.176 ms
INFO - [G] 2025-02-10 06:39:13 :: INFO  :: TIMER :: [0013] Injected Rank in 0.216 ms
INFO - [G] 2025-02-10 06:39:13 :: INFO  :: TIMER :: [0020] Injected DeckSkin in 0.409 ms
INFO - [G] 2025-02-10 06:39:13 :: INFO  :: TIMER :: [0012] Injected PokerHand in 0.117 ms
INFO - [G] 2025-02-10 06:39:13 :: INFO  :: TIMER :: [0020] Injected Challenge in 0.081 ms
INFO - [G] 2025-02-10 06:39:13 :: INFO  :: TIMER :: [0000] Injected Tag in 0.005 ms
INFO - [G] 2025-02-10 06:39:13 :: INFO  :: TIMER :: [0004] Injected Sticker in 0.110 ms
INFO - [G] 2025-02-10 06:39:13 :: INFO  :: TIMER :: [0000] Injected Shader in 0.003 ms
INFO - [G] 2025-02-10 06:39:13 :: INFO  :: TIMER :: [0001] Injected Keybind in 0.013 ms
INFO - [G] 2025-02-10 06:39:13 :: INFO  :: TIMER :: [0000] Injected Achievement in 0.052 ms
INFO - [G] 2025-02-10 06:39:13 :: INFO  :: TIMER :: [0000] Injected [INTERNAL] in 0.616 ms
INFO - [G] line not found
INFO - [G] file not found: main.lua: No such file or directory
INFO - [G] file not found: main.lua: No such file or directory
INFO - [G] line not found
INFO - [G] line not found
INFO - [G] line not found
INFO - [G] file not found: main.lua: No such file or directory
INFO - [G] file not found: main.lua: No such file or directory
INFO - [G] 2025-02-10 06:40:41 :: ERROR :: StackTrace :: Oops! The game crashed
[SMODS SakashimaJoker "SakashimaJoker.lua"]:1190: attempt to call a nil value
Stack Traceback
===============
(1) Lua local 'handler' at file 'main.lua:612'
	Local variables:
	 msg = string: "[SMODS SakashimaJoker \"SakashimaJoker.lua\"]:1190: attempt to call a nil value"
	 (*temporary) = Lua function '?' (defined at line 31 of chunk [SMODS _ "src/logging.lua"])
	 (*temporary) = string: "Oops! The game crashed\
"
(2) LÖVE function at file 'boot.lua:352' (best guess)
	Local variables:
	 errhand = Lua function '?' (defined at line 598 of chunk main.lua)
	 handler = Lua function '?' (defined at line 598 of chunk main.lua)
(3) Lua local 'value' at file 'SakashimaJoker.lua:1190' (from mod with id SakashimaJoker)
	Local variables:
	 destroyed_joker = table: 0x20ff5980  {getting_sliced:true, click_offset:table: 0x211d8828, static_rotation:false (more...)}
	 (*temporary) = nil
	 (*temporary) = table: 0x20ff5980  {getting_sliced:true, click_offset:table: 0x211d8828, static_rotation:false (more...)}
	 (*temporary) = table: 0x20e1a590  {ending_shop:true, cardarea:table: 0x210364c8}
	 (*temporary) = string: "attempt to call a nil value"
(4) Lua function '?' at file 'SakashimaJoker.lua:349' (from mod with id SakashimaJoker) (best guess)
	Local variables:
	 value = Lua function '?' (defined at line 1187 of chunk [SMODS SakashimaJoker "SakashimaJoker.lua"])
	 (*temporary) = Lua function '?' (defined at line 347 of chunk [SMODS SakashimaJoker "SakashimaJoker.lua"])
(5) Lua field 'func' at file 'SakashimaJoker.lua:765' (from mod with id SakashimaJoker)
(6) Lua method 'handle' at file 'engine/event.lua:99'
	Local variables:
	 self = table: 0x215b2b88  {start_timer:true, timer:TOTAL, blockable:true, trigger:immediate, func:function: 0x215b2b58 (more...)}
	 _results = table: 0x20eea750  {blocking:true, pause_skip:false, time_done:false, completed:false}
(7) Lua method 'update' at file 'engine/event.lua:182'
	Local variables:
	 self = table: 0x21193638  {queue_last_processed:87.449999999996, queues:table: 0x21193660, queue_dt:0.016666666666667 (more...)}
	 dt = number: 0.016695
	 forced = nil
	 (for generator) = C function: next
	 (for state) = table: 0x21193660  {unlock:table: 0x21193688, other:table: 0x21193b00, tutorial:table: 0x211936d8 (more...)}
	 (for control) = number: nan
	 k = string: "base"
	 v = table: 0x211936b0  {1:table: 0x2105b0b0, 2:table: 0x215b2b88, 3:table: 0x2133e678, 4:table: 0x20dfb880 (more...)}
	 blocked = boolean: false
	 i = number: 2
	 results = table: 0x20eea750  {blocking:true, pause_skip:false, time_done:false, completed:false}
(8) Lua upvalue 'gameUpdateRef' at file 'game.lua:2524'
	Local variables:
	 self = table: 0x20b502c0  {F_GUIDE:false, F_CRASH_REPORTS:false, F_QUIT_BUTTON:true, HUD_tags:table: 0x21614368 (more...)}
	 dt = number: 0.016695
	 http_resp = nil
(9) Lua method 'update' at Steamodded file 'src/ui.lua:84' 
	Local variables:
	 self = table: 0x20b502c0  {F_GUIDE:false, F_CRASH_REPORTS:false, F_QUIT_BUTTON:true, HUD_tags:table: 0x21614368 (more...)}
	 dt = number: 0.016695
(10) Lua field 'update' at file 'main.lua:992'
	Local variables:
	 dt = number: 0.016695
(11) Lua function '?' at file 'main.lua:931' (best guess)
(12) global C function 'xpcall'
(13) LÖVE function at file 'boot.lua:377' (best guess)
	Local variables:
	 func = Lua function '?' (defined at line 902 of chunk main.lua)
	 inerror = boolean: true
	 deferErrhand = Lua function '(LÖVE Function)' (defined at line 348 of chunk [love "boot.lua"])
	 earlyinit = Lua function '(LÖVE Function)' (defined at line 355 of chunk [love "boot.lua"])

INFO - [G] line not found
INFO - [G] line not found
INFO - [G] line not found
INFO - [G] file not found: main.lua: No such file or directory
INFO - [G] file not found: main.lua: No such file or directory
INFO - [G] 2025-02-10 06:40:41 :: INFO  :: StackTrace :: Additional Context:
Balatro Version: 1.0.1n-FULL
Modded Version: 1.0.0~ALPHA-1409a-STEAMODDED
LÖVE Version: 11.5.0
Lovely Version: 0.7.1
Platform: Windows
Steamodded Mods:
    1: Sakashima Joker by BitBites [ID: SakashimaJoker]
    2: Preorder Cards by asd123cqp [ID: preorder_cards]
Lovely Mods:
