INFO - [♥] Lovely 0.7.1
INFO - [♥] Game directory is at "C:\\Program Files (x86)\\Steam\\steamapps\\common\\Balatro"
INFO - [♥] Writing logs to "C:\\Users\\Administrator\\AppData\\Roaming\\Balatro\\Mods\\lovely\\log"
INFO - [♥] Using mod directory at "C:\\Users\\Administrator\\AppData\\Roaming\\Balatro\\Mods"
INFO - [♥] Found .lovelyignore in 'SakashimaJoker', skipping it.
INFO - [♥] Cleaning up dumps directory at "C:\\Users\\Administrator\\AppData\\Roaming\\Balatro\\Mods\\lovely\\dump"
INFO - [♥] Initialization complete in 20ms
INFO - [♥] Applied 12 patches to 'main.lua'
INFO - [♥] Applied 5 patches to 'engine/controller.lua'
INFO - [♥] Applied 13 patches to 'back.lua'
INFO - [♥] Applied 6 patches to 'tag.lua'
INFO - [♥] Applied 1 patch to 'engine/moveable.lua'
INFO - [♥] Applied 2 patches to 'engine/sprite.lua'
INFO - [♥] Applied 2 patches to 'engine/animatedsprite.lua'
INFO - [♥] Applied 44 patches to 'functions/misc_functions.lua'
INFO - [♥] Applied 24 patches to 'game.lua'
INFO - [♥] Applied 1 patch to 'globals.lua'
INFO - [♥] Applied 3 patches to 'engine/ui.lua'
INFO - [♥] Applied 72 patches to 'functions/UI_definitions.lua'
INFO - [♥] Applied 39 patches to 'functions/state_events.lua'
INFO - [♥] Applied 86 patches to 'functions/common_events.lua'
INFO - [♥] Applied 38 patches to 'functions/button_callbacks.lua'
INFO - [♥] Applied 141 patches to 'card.lua'
INFO - [♥] Applied 6 patches to 'cardarea.lua'
INFO - [♥] Applied 30 patches to 'blind.lua'
INFO - [♥] Applied 2 patches to 'engine/text.lua'
INFO - [G] Failed to connect to the debug server
INFO - [G] 2025-03-01 01:46:25 :: DEBUG :: DebugConsole :: Steamodded Debug Socket started !
INFO - [♥] Applied 9 patches to 'engine/sound_manager.lua'
INFO - [♥] Applied 1 patch to 'engine/save_manager.lua'
INFO - [G] 2025-03-01 01:46:26 :: ERROR :: Loader :: Found invalid metadata JSON file at C:\Users\Administrator\AppData\Roaming\Balatro\Mods/.vscode/settings.json, ignoring: [SMODS _ "src/loader.lua"]:226: id
INFO - [G] 2025-03-01 01:46:26 :: ERROR :: Loader :: Found invalid metadata JSON file at C:\Users\Administrator\AppData\Roaming\Balatro\Mods/Aura/.vscode/settings.json, ignoring: [SMODS _ "src/loader.lua"]:226: id
INFO - [G] 2025-03-01 01:46:26 :: TRACE :: Loader :: Processing Mod file (Legacy header): Aura.lua
INFO - [G] 2025-03-01 01:46:26 :: TRACE :: Loader :: Saving Mod Info: Aura
INFO - [G] 2025-03-01 01:46:26 :: TRACE :: Loader :: Processing Mod file (Legacy header): PreorderCards.lua
INFO - [G] 2025-03-01 01:46:26 :: TRACE :: Loader :: Saving Mod Info: preorder_cards
INFO - [G] 2025-03-01 01:46:26 :: TRACE :: Loader :: Processing Mod file (Legacy header): SakashimaJoker.lua
INFO - [G] 2025-03-01 01:46:26 :: TRACE :: Loader :: Saving Mod Info: SakashimaJoker
INFO - [G] 2025-03-01 01:46:26 :: TRACE :: Loader :: Mod SakashimaJoker was unable to load: 
INFO - [G] 2025-03-01 01:46:26 :: INFO  :: TIMER :: [0000] Injected Language in 0.001 ms
INFO - [G] 2025-03-01 01:46:26 :: INFO  :: TIMER :: [0000] Injected [INTERNAL] in 0.860 ms
INFO - [G] 2025-03-01 01:46:27 :: INFO  :: TIMER :: [0032] Injected Atlas in 1306.928 ms
INFO - [G] 2025-03-01 01:46:27 :: INFO  :: TIMER :: [0053] Injected Sound in 4.321 ms
INFO - [G] 2025-03-01 01:46:27 :: INFO  :: TIMER :: [0008] Injected Stake in 0.145 ms
INFO - [G] 2025-03-01 01:46:27 :: INFO  :: TIMER :: [0004] Injected Rarity in 0.020 ms
INFO - [G] 2025-03-01 01:46:27 :: INFO  :: TIMER :: [0004] Injected ObjectType in 0.036 ms
INFO - [G] 2025-03-01 01:46:27 :: INFO  :: TIMER :: [0198] Injected Center in 2.249 ms
INFO - [G] 2025-03-01 01:46:27 :: INFO  :: TIMER :: [0007] Injected Undiscovered Sprite in 0.015 ms
INFO - [G] 2025-03-01 01:46:27 :: INFO  :: TIMER :: [0002] Injected Blind in 0.020 ms
INFO - [G] 2025-03-01 01:46:28 :: INFO  :: TIMER :: [0004] Injected Seal in 0.167 ms
INFO - [G] 2025-03-01 01:46:28 :: INFO  :: TIMER :: [0004] Injected Suit in 0.080 ms
INFO - [G] 2025-03-01 01:46:28 :: INFO  :: TIMER :: [0013] Injected Rank in 0.071 ms
INFO - [G] 2025-03-01 01:46:28 :: INFO  :: TIMER :: [0028] Injected DeckSkin in 0.184 ms
INFO - [G] 2025-03-01 01:46:28 :: INFO  :: TIMER :: [0012] Injected PokerHand in 0.046 ms
INFO - [G] 2025-03-01 01:46:28 :: INFO  :: TIMER :: [0020] Injected Challenge in 0.026 ms
INFO - [G] 2025-03-01 01:46:28 :: INFO  :: TIMER :: [0000] Injected Tag in 0.002 ms
INFO - [G] 2025-03-01 01:46:28 :: INFO  :: TIMER :: [0004] Injected Sticker in 0.071 ms
INFO - [G] 2025-03-01 01:46:28 :: INFO  :: TIMER :: [0000] Injected Shader in 0.001 ms
INFO - [G] 2025-03-01 01:46:28 :: INFO  :: TIMER :: [0001] Injected Keybind in 0.011 ms
INFO - [G] 2025-03-01 01:46:28 :: INFO  :: TIMER :: [0000] Injected Achievement in 0.043 ms
INFO - [G] 2025-03-01 01:46:28 :: INFO  :: TIMER :: [0000] Injected [INTERNAL] in 0.725 ms
INFO - [G] ERROR LOADING GAME: Card area 'shop_booster' not instantiated before load
INFO - [G] ERROR LOADING GAME: Card area 'shop_jokers' not instantiated before load
INFO - [G] ERROR LOADING GAME: Card area 'shop_vouchers' not instantiated before load
INFO - [G] 11
INFO - [G] 12
INFO - [G] 13
INFO - [G] 14
INFO - [G] 15
INFO - [G] 16
INFO - [G] 17
INFO - [G] 18
INFO - [G] 19
INFO - [G] 20
INFO - [G] 21
INFO - [G] 22
INFO - [G] 23
INFO - [G] 24
INFO - [G] 25
INFO - [G] 26
INFO - [G] 27
INFO - [G] 28
INFO - [G] 29
INFO - [G] 30
INFO - [G] 31
INFO - [G] 32
INFO - [G] 33
INFO - [G] 34
INFO - [G] 35
INFO - [G] 36
INFO - [G] 37
INFO - [G] 38
INFO - [G] 39
INFO - [G] 40
INFO - [G] 41
INFO - [G] 42
INFO - [G] 43
INFO - [G] 44
INFO - [G] 45
INFO - [G] 46
INFO - [G] 47
INFO - [G] 48
INFO - [G] 49
INFO - [G] 50
INFO - [G] 51
INFO - [G] 52
