INFO - [♥] Lovely 0.7.1
INFO - [♥] Game directory is at "C:\\Program Files (x86)\\Steam\\steamapps\\common\\Balatro"
INFO - [♥] Writing logs to "C:\\Users\\Administrator\\AppData\\Roaming\\Balatro\\Mods\\lovely\\log"
INFO - [♥] Using mod directory at "C:\\Users\\Administrator\\AppData\\Roaming\\Balatro\\Mods"
INFO - [♥] Found .lovelyignore in 'SakashimaJoker', skipping it.
INFO - [♥] Cleaning up dumps directory at "C:\\Users\\Administrator\\AppData\\Roaming\\Balatro\\Mods\\lovely\\dump"
INFO - [♥] Initialization complete in 451ms
INFO - [♥] Applied 12 patches to 'main.lua'
INFO - [♥] Applied 5 patches to 'engine/controller.lua'
INFO - [♥] Applied 13 patches to 'back.lua'
INFO - [♥] Applied 6 patches to 'tag.lua'
INFO - [♥] Applied 1 patch to 'engine/moveable.lua'
INFO - [♥] Applied 2 patches to 'engine/sprite.lua'
INFO - [♥] Applied 2 patches to 'engine/animatedsprite.lua'
INFO - [♥] Applied 44 patches to 'functions/misc_functions.lua'
INFO - [♥] Applied 29 patches to 'game.lua'
INFO - [♥] Applied 1 patch to 'globals.lua'
INFO - [♥] Applied 3 patches to 'engine/ui.lua'
INFO - [♥] Applied 72 patches to 'functions/UI_definitions.lua'
INFO - [♥] Applied 39 patches to 'functions/state_events.lua'
INFO - [♥] Applied 87 patches to 'functions/common_events.lua'
INFO - [♥] Applied 38 patches to 'functions/button_callbacks.lua'
INFO - [♥] Applied 143 patches to 'card.lua'
INFO - [♥] Applied 6 patches to 'cardarea.lua'
INFO - [♥] Applied 30 patches to 'blind.lua'
INFO - [♥] Applied 2 patches to 'engine/text.lua'
INFO - [G] Failed to connect to the debug server
INFO - [G] 2025-03-06 19:35:42 :: DEBUG :: DebugConsole :: Steamodded Debug Socket started !
INFO - [♥] Applied 9 patches to 'engine/sound_manager.lua'
INFO - [♥] Applied 1 patch to 'engine/save_manager.lua'
INFO - [G] 2025-03-06 19:35:44 :: ERROR :: Loader :: Found invalid metadata JSON file at C:\Users\Administrator\AppData\Roaming\Balatro\Mods/.vscode/settings.json, ignoring: [SMODS _ "src/loader.lua"]:226: id
INFO - [G] 2025-03-06 19:35:44 :: INFO  :: DefaultLogger :: Valid JSON file found
INFO - [G] 2025-03-06 19:35:44 :: ERROR :: Loader :: Found invalid metadata JSON file at C:\Users\Administrator\AppData\Roaming\Balatro\Mods/Aura/.vscode/settings.json, ignoring: [SMODS _ "src/loader.lua"]:226: id
INFO - [G] 2025-03-06 19:35:44 :: TRACE :: Loader :: Processing Mod file (Legacy header): Aura.lua
INFO - [G] 2025-03-06 19:35:44 :: TRACE :: Loader :: Saving Mod Info: Aura
INFO - [G] 2025-03-06 19:35:44 :: TRACE :: Loader :: Processing Mod file (Legacy header): PreorderCards.lua
INFO - [G] 2025-03-06 19:35:44 :: TRACE :: Loader :: Saving Mod Info: preorder_cards
INFO - [G] 2025-03-06 19:35:44 :: INFO  :: DefaultLogger :: Valid JSON file found
INFO - [G] 2025-03-06 19:35:44 :: INFO  :: DefaultLogger :: Valid JSON file found
INFO - [G] 2025-03-06 19:35:44 :: TRACE :: Loader :: Processing Mod file (Legacy header): HentaiCards.lua
INFO - [G] 2025-03-06 19:35:44 :: WARN  :: Loader :: Duplicate Mod ID: HentaiCards
INFO - [G] 2025-03-06 19:35:44 :: TRACE :: Loader :: Processing Mod file (Legacy header): SakashimaJoker.lua
INFO - [G] 2025-03-06 19:35:44 :: TRACE :: Loader :: Saving Mod Info: SakashimaJoker
INFO - [G] 2025-03-06 19:35:44 :: INFO  :: DefaultLogger :: Valid JSON file found
INFO - [G] 2025-03-06 19:35:44 :: TRACE :: Loader :: Processing Mod file (Legacy header): VintagePinupCards.lua
INFO - [G] 2025-03-06 19:35:44 :: TRACE :: Loader :: Saving Mod Info: VintagePinupCards
INFO - [G] 2025-03-06 19:35:44 :: WARN  :: DeckSkin :: Old DeckSkin formatting detected on DeckSkin lust_LuckHearts!
INFO - [G] 2025-03-06 19:35:44 :: WARN  :: DeckSkin :: Old DeckSkin formatting detected on DeckSkin lust_LuckClubs!
INFO - [G] 2025-03-06 19:35:44 :: WARN  :: DeckSkin :: Old DeckSkin formatting detected on DeckSkin lust_LuckDiamonds!
INFO - [G] 2025-03-06 19:35:44 :: WARN  :: DeckSkin :: Old DeckSkin formatting detected on DeckSkin lust_LuckSpades!
INFO - [G] Picture dimensions: 138 x 186
INFO - [G] Number of animation frames: 8
INFO - [G] Comment inside this GIF: Created with Paint.NET
INFO - [G] Picture dimensions: 138 x 186
INFO - [G] Number of animation frames: 1
INFO - [G] Comment inside this GIF: NO_COMMENT
INFO - [G] Picture dimensions: 138 x 186
INFO - [G] Number of animation frames: 9
INFO - [G] Comment inside this GIF: Created with Paint.NET
INFO - [G] 2025-03-06 19:35:44 :: WARN  :: Atlas :: Object centers has the same key as an existing object, not registering.
INFO - [G] 2025-03-06 19:35:44 :: WARN  :: Atlas :: If you want to modify an existing object, use take_ownership()
INFO - [G] soul_atlas
INFO - [G] 2025-03-06 19:35:44 :: TRACE :: Loader :: Mod SakashimaJoker was unable to load: 
INFO - [G] 2025-03-06 19:35:44 :: INFO  :: TIMER :: [0000] Injected Language in 0.001 ms
INFO - [G] 2025-03-06 19:35:44 :: INFO  :: TIMER :: [0000] Injected [INTERNAL] in 1.047 ms
INFO - [G] mod_tags
INFO - [G] achievements
INFO - [G] lust_AltVersions
INFO - [G] Joker
INFO - [G] centers
INFO - [G] lust_editions
INFO - [G] lust_LustTarot
INFO - [G] Booster
INFO - [G] stickers
INFO - [G] shop_sign
INFO - [G] balatro
INFO - [G] lust_modicon
INFO - [G] BalustroIcons
INFO - [G] lust_BalustroPlayingCards
INFO - [G] lust_LuckPlayingCardsLC
INFO - [G] lust_LuckPlayingCardsHC
INFO - [G] bull_wide_card
INFO - [G] aura_j_faceless
INFO - [G] aura_j_seance
INFO - [G] aura_j_juggler
INFO - [G] aura_c_hearts
INFO - [G] aura_c_diamonds
INFO - [G] aura_c_clubs
INFO - [G] aura_c_spades
INFO - [G] aura_goon_icon_heart
INFO - [G] aura_goon_icon_diamond
INFO - [G] aura_goon_icon_club
INFO - [G] aura_goon_icon_spade
INFO - [G] FHC_hentai_cards_deck_lc
INFO - [G] FHC_hentai_cards_deck_hc
INFO - [G] Tarot
INFO - [G] Planet
INFO - [G] Spectral
INFO - [G] soul_atlas
INFO - [G] StickfaceNSFW_8BitDeck_opt2
INFO - [G] StickfaceNSFW_8BitDeck
INFO - [G] StickfaceNSFW_icon_lc
INFO - [G] StickfaceNSFW_icon_hc
INFO - [G] vintage_pinup_cards
INFO - [G] 2025-03-06 19:35:45 :: INFO  :: TIMER :: [0039] Injected Atlas in 1110.806 ms
INFO - [G] 2025-03-06 19:35:45 :: INFO  :: TIMER :: [0053] Injected Sound in 4.879 ms
INFO - [G] 2025-03-06 19:35:45 :: INFO  :: TIMER :: [0008] Injected Stake in 0.263 ms
INFO - [G] 2025-03-06 19:35:45 :: INFO  :: TIMER :: [0004] Injected Rarity in 0.036 ms
INFO - [G] 2025-03-06 19:35:45 :: INFO  :: TIMER :: [0004] Injected ObjectType in 0.051 ms
INFO - [G] 2025-03-06 19:35:45 :: INFO  :: TIMER :: [0212] Injected Center in 2.645 ms
INFO - [G] 2025-03-06 19:35:45 :: INFO  :: TIMER :: [0007] Injected Undiscovered Sprite in 0.017 ms
INFO - [G] 2025-03-06 19:35:45 :: INFO  :: TIMER :: [0002] Injected Blind in 0.031 ms
INFO - [G] 2025-03-06 19:35:45 :: INFO  :: TIMER :: [0004] Injected Seal in 0.133 ms
INFO - [G] 2025-03-06 19:35:45 :: INFO  :: TIMER :: [0004] Injected Suit in 0.127 ms
INFO - [G] 2025-03-06 19:35:45 :: INFO  :: TIMER :: [0013] Injected Rank in 0.091 ms
INFO - [G] 2025-03-06 19:35:45 :: INFO  :: TIMER :: [0052] Injected DeckSkin in 0.385 ms
INFO - [G] 2025-03-06 19:35:45 :: INFO  :: TIMER :: [0012] Injected PokerHand in 0.080 ms
INFO - [G] 2025-03-06 19:35:45 :: INFO  :: TIMER :: [0020] Injected Challenge in 0.033 ms
INFO - [G] 2025-03-06 19:35:45 :: INFO  :: TIMER :: [0000] Injected Tag in 0.003 ms
INFO - [G] 2025-03-06 19:35:45 :: INFO  :: TIMER :: [0004] Injected Sticker in 0.099 ms
INFO - [G] 2025-03-06 19:35:45 :: INFO  :: TIMER :: [0000] Injected Shader in 0.002 ms
INFO - [G] 2025-03-06 19:35:45 :: INFO  :: TIMER :: [0001] Injected Keybind in 0.016 ms
INFO - [G] 2025-03-06 19:35:46 :: INFO  :: TIMER :: [0000] Injected Achievement in 0.027 ms
INFO - [G] 2025-03-06 19:35:46 :: INFO  :: TIMER :: [0000] Injected [INTERNAL] in 1.924 ms
INFO - [G] LONG DT @ 0: 0.1
INFO - [G] LONG DT @ 0: 0.08163024
INFO - [G] LONG DT @ 0: 0.068640272
INFO - [G] LONG DT @ 0: 0.0582466976
INFO - [G] ERROR LOADING GAME: Card area 'shop_booster' not instantiated before load
INFO - [G] ERROR LOADING GAME: Card area 'shop_jokers' not instantiated before load
INFO - [G] ERROR LOADING GAME: Card area 'shop_vouchers' not instantiated before load
INFO - [G] LONG DT @ 29: 0.1
INFO - [G] LONG DT @ 29: 0.091717160000001
INFO - [G] LONG DT @ 29: 0.075803828
INFO - [G] LONG DT @ 29: 0.0635966424
INFO - [G] LONG DT @ 29: 0.054311233920001
INFO - [G] LONG DT @ 31: 0.1
INFO - [G] LONG DT @ 31: 0.1
INFO - [G] LONG DT @ 31: 0.1
INFO - [G] LONG DT @ 31: 0.084026339999999
INFO - [G] LONG DT @ 31: 0.071210272
INFO - [G] LONG DT @ 31: 0.060959857600001
INFO - [G] LONG DT @ 31: 0.05258524608
