INFO - [♥] Lovely 0.7.1
INFO - [♥] Game directory is at "C:\\Program Files (x86)\\Steam\\steamapps\\common\\Balatro"
INFO - [♥] Writing logs to "C:\\Users\\Administrator\\AppData\\Roaming\\Balatro\\Mods\\lovely\\log"
INFO - [♥] Using mod directory at "C:\\Users\\Administrator\\AppData\\Roaming\\Balatro\\Mods"
INFO - [♥] Found .lovelyignore in 'SakashimaJoker', skipping it.
INFO - [♥] Cleaning up dumps directory at "C:\\Users\\Administrator\\AppData\\Roaming\\Balatro\\Mods\\lovely\\dump"
INFO - [♥] Initialization complete in 22ms
INFO - [♥] Applied 12 patches to 'main.lua'
INFO - [♥] Applied 5 patches to 'engine/controller.lua'
INFO - [♥] Applied 13 patches to 'back.lua'
INFO - [♥] Applied 6 patches to 'tag.lua'
INFO - [♥] Applied 1 patch to 'engine/moveable.lua'
INFO - [♥] Applied 2 patches to 'engine/sprite.lua'
INFO - [♥] Applied 2 patches to 'engine/animatedsprite.lua'
INFO - [♥] Applied 44 patches to 'functions/misc_functions.lua'
INFO - [♥] Applied 24 patches to 'game.lua'
INFO - [♥] Applied 1 patch to 'globals.lua'
INFO - [♥] Applied 3 patches to 'engine/ui.lua'
INFO - [♥] Applied 72 patches to 'functions/UI_definitions.lua'
INFO - [♥] Applied 39 patches to 'functions/state_events.lua'
INFO - [♥] Applied 86 patches to 'functions/common_events.lua'
INFO - [♥] Applied 38 patches to 'functions/button_callbacks.lua'
INFO - [♥] Applied 141 patches to 'card.lua'
INFO - [♥] Applied 6 patches to 'cardarea.lua'
INFO - [♥] Applied 30 patches to 'blind.lua'
INFO - [♥] Applied 2 patches to 'engine/text.lua'
INFO - [G] Failed to connect to the debug server
INFO - [G] 2025-03-02 04:56:18 :: DEBUG :: DebugConsole :: Steamodded Debug Socket started !
INFO - [♥] Applied 9 patches to 'engine/sound_manager.lua'
INFO - [♥] Applied 1 patch to 'engine/save_manager.lua'
INFO - [G] 2025-03-02 04:56:20 :: ERROR :: Loader :: Found invalid metadata JSON file at C:\Users\Administrator\AppData\Roaming\Balatro\Mods/.vscode/settings.json, ignoring: [SMODS _ "src/loader.lua"]:226: id
INFO - [G] 2025-03-02 04:56:20 :: TRACE :: Loader :: Processing Mod file (Legacy header): 0Bilitro.lua
INFO - [G] 2025-03-02 04:56:20 :: TRACE :: Loader :: Saving Mod Info: 0Bilitro
INFO - [G] 2025-03-02 04:56:20 :: ERROR :: Loader :: Found invalid metadata JSON file at C:\Users\Administrator\AppData\Roaming\Balatro\Mods/Aura/.vscode/settings.json, ignoring: [SMODS _ "src/loader.lua"]:226: id
INFO - [G] 2025-03-02 04:56:20 :: TRACE :: Loader :: Processing Mod file (Legacy header): Aura.lua
INFO - [G] 2025-03-02 04:56:20 :: TRACE :: Loader :: Saving Mod Info: Aura
INFO - [G] 2025-03-02 04:56:20 :: TRACE :: Loader :: Processing Mod file (Legacy header): PreorderCards.lua
INFO - [G] 2025-03-02 04:56:20 :: TRACE :: Loader :: Saving Mod Info: preorder_cards
INFO - [G] 2025-03-02 04:56:20 :: TRACE :: Loader :: Processing Mod file (Legacy header): SakashimaJoker.lua
INFO - [G] 2025-03-02 04:56:20 :: TRACE :: Loader :: Saving Mod Info: SakashimaJoker
INFO - [G] 2025-03-02 04:56:20 :: TRACE :: Loader :: Mod SakashimaJoker was unable to load: 
INFO - [G] 2025-03-02 04:56:20 :: INFO  :: TIMER :: [0000] Injected Language in 0.001 ms
INFO - [G] 2025-03-02 04:56:20 :: INFO  :: TIMER :: [0000] Injected [INTERNAL] in 1.017 ms
INFO - [G] line not found
INFO - [G] file not found: main.lua: No such file or directory
INFO - [G] file not found: main.lua: No such file or directory
INFO - [G] file not found: main.lua: No such file or directory
INFO - [G] 2025-03-02 04:56:20 :: ERROR :: StackTrace :: Oops! The game crashed
[SMODS 0Bilitro "0Bilitro.lua"]:854: attempt to get length of local 'pixel_array' (a number value)
Stack Traceback
===============
(1) Lua local 'handler' at file 'main.lua:612'
	Local variables:
	 msg = string: "[SMODS 0Bilitro \"0Bilitro.lua\"]:854: attempt to get length of local 'pixel_array' (a number value)"
	 (*temporary) = Lua function '?' (defined at line 31 of chunk [SMODS _ "src/logging.lua"])
	 (*temporary) = string: "Oops! The game crashed\
"
(2) LÖVE metamethod at file 'boot.lua:352'
	Local variables:
	 errhand = Lua function '?' (defined at line 598 of chunk main.lua)
	 handler = Lua function '?' (defined at line 598 of chunk main.lua)
(3) Lua method 'inject' at file '0Bilitro.lua:854' (from mod with id 0Bilitro)
	Local variables:
	 self = table: 0x06253160  {_saved_d_u:true, original_key:mod_tags, px:34, path:mod_tags.png, prefix_config:table: 0x06253188 (more...)}
	 pixel_array = number: 1
	 (*temporary) = C function: 0x05bea338
	 (*temporary) = number: 0
	 (*temporary) = number: nan
	 (*temporary) = number: 20
	 (*temporary) = table: 0x061a9f60  {velocity:table: 0x06224730, scale:table: 0x06237578, click_offset:table: 0x061f7ba0 (more...)}
	 (*temporary) = number: 7.21854e-281
	 (*temporary) = table: 0x061a9f60  {velocity:table: 0x06224730, scale:table: 0x06237578, click_offset:table: 0x061f7ba0 (more...)}
	 (*temporary) = number: 6.13134e-281
	 (*temporary) = table: 0x061a9f60  {velocity:table: 0x06224730, scale:table: 0x06237578, click_offset:table: 0x061f7ba0 (more...)}
	 (*temporary) = table: 0x061a9f38  {y:0, x:18}
	 (*temporary) = table: 0x065d3438  {1:640, 2:128}
	 (*temporary) = table: 0x065d3438  {1:640, 2:128}
	 (*temporary) = number: 640
	 (*temporary) = number: 128
	 (*temporary) = number: 640
	 (*temporary) = number: 128
	 (*temporary) = number: 128
	 (*temporary) = Quad: 0x022beb6f6cc0
	 (*temporary) = Quad: 0x022beb6f6cc0
	 (*temporary) = number: 2.98457e+11
	 (*temporary) = Quad: 0x022beb6f6cc0
	 (*temporary) = table: 0x065c6860  {Other:table: 0x065c68c0, Edition:table: 0x065c77b8}
	 (*temporary) = number: 7.36242e-280
	 (*temporary) = string: "attempt to get length of local 'pixel_array' (a number value)"
(4) Lua method 'inject_class' at Steamodded file 'src/game_object.lua:182' 
	Local variables:
	 self = table: 0x06251bc0  {required_params:table: 0x06250a48, pre_inject_class:function: 0x06213c70 (more...)}
	 inject_time = number: 0.419954
	 start_time = number: 7.47814
	 end_time = number: 7.47814
	 o = table: 0x06253160  {_saved_d_u:true, original_key:mod_tags, px:34, path:mod_tags.png, prefix_config:table: 0x06253188 (more...)}
	 (for generator) = C function: builtin#6
	 (for state) = table: 0x06250490  {1:mod_tags, 2:achievements, 3:aura_j_joker, 4:aura_j_greedy_joker, 5:aura_j_lusty_joker (more...)}
	 (for control) = number: 1
	 i = number: 1
	 key = string: "mod_tags"
(5) Lua field 'injectObjects' at Steamodded file 'src/game_object.lua:256' 
	Local variables:
	 class = table: 0x06251bc0  {required_params:table: 0x06250a48, pre_inject_class:function: 0x06213c70 (more...)}
(6) Lua field 'injectObjects' at Steamodded file 'src/game_object.lua:258' 
	Local variables:
	 class = table: 0x0624c600  {check_duplicate_register:function: 0x05f983c8, check_duplicate_key:function: 0x05e564f8 (more...)}
	 (for generator) = C function: builtin#6
	 (for state) = table: 0x0624c628  {1:table: 0x0624e578, 2:table: 0x0624f560, 3:table: 0x06251bc0, 4:table: 0x0625d710 (more...)}
	 (for control) = number: 3
	 _ = number: 3
	 subclass = table: 0x06251bc0  {required_params:table: 0x06250a48, pre_inject_class:function: 0x06213c70 (more...)}
(7) Lua field 'injectItems' at Steamodded file 'src/loader.lua:608' 
(8) Lua global 'initSteamodded' at Steamodded file 'src/loader.lua:658' 
(9) Lua method 'start_up' at file 'game.lua:211'
	Local variables:
	 self = table: 0x05d153c8  {SPEEDFACTOR:1, F_GUIDE:false, keybind_mapping:table: 0x05d203c0, F_CRASH_REPORTS:false (more...)}
	 settings = string: "return {[\"version\"]=\"1.0.1o-FULL\",[\"reduced_motion\"]=false,[\"paused\"]=true,[\"QUEUED_CHANGE\"]={},[\"COMP\"]={[\"prev_name\"]=\"\",[\"name\"]=\"\",[\"score\"]=899712,},[\"colourblind_option\"]=false,[\"play_button_pos\"]=2,[\"CUSTOM_DECK\"]={[\"Collabs\"]={[\"Spades\"]=\"default_Spades\",[\"Hearts\"]=\"default_Hearts\",[\"Diamonds\"]=\"default_Diamonds\",[\"Clubs\"]=\"default_Clubs\",},},[\"colour_palettes\"]={[\"Spades\"]=\"lc\",[\"Hearts\"]=\"lc\",[\"Diamonds\"]=\"lc\",[\"Clubs\"]=\"lc\",},[\"crashreports\"]=false,[\"tutorial_progress\"]={[\"hold_parts\"]={[\"first_hand_3\"]=true,[\"small_blind\"]=true,[\"big_blind\"]=true,[\"first_hand_4\"]=true,[\"second_hand\"]=true,[\"shop_1\"]=true,[\"first_hand_2\"]=true,[\"first_hand\"]=true,},[\"section\"]=\"second_hand\",[\"completed_parts\"]={[\"first_hand\"]=true,[\"first_hand_3\"]=true,[\"small_blind\"]=true,[\"big_blind\"]=true,[\"first_hand_4\"]=true,[\"shop_1\"]=true,[\"first_hand_section\"]=true,[\"first_hand_2\"]=true,[\"second_hand\"]=true,},},[\"language\"]=\"en-us\",[\"profile\"]=1,[\"WINDOW\"]={[\"vsync\"]=1,[\"display_names\"]={[1]=\"1\",},[\"screenmode\"]=\"Borderless\",[\"DISPLAYS\"]={[1]={[\"screen_resolutions\"]={[\"strings\"]={[1]=\"1920 X 1080\",},[\"values\"]={[1]={[\"w\"]=1920,[\"h\"]=1080,},},},[\"screen_res\"]={[\"w\"]=1920,[\"h\"]=1080,},[\"DPI_scale\"]=1,[\"MONITOR_DIMS\"]={[\"height\"]=1080,[\"width\"]=1920,},},},[\"selected_display\"]=1,},[\"run_stake_stickers\"]=true,[\"GAMESPEED\"]=4,[\"SOUND\"]={[\"volume\"]=50,[\"music_volume\"]=0,[\"game_sounds_volume\"]=100,},[\"music_control\"]={[\"current_track\"]=\"\",[\"desired_track\"]=\"\",[\"lerp\"]=1,},[\"ACHIEVEMENTS_EARNED\"]={[\"card_discarder\"]=true,[\"big_hands\"]=true,[\"retrograde\"]=true,[\"roi\"]=true,[\"_100000k\"]=true,[\"cartomancy\"]=true,[\"flushed\"]=true,[\"mid_stakes\"]=true,[\"heads_up\"]=true,[\"low_stakes\"]=true,[\"nest_egg\"]=true,[\"ante_upper\"]=true,[\"rule_bender\"]=true,[\"_1000k\"]=true,[\"astronomy\"]=true,[\"_10k\"]=true,[\"legendary\"]=true,[\"royale\"]=true,[\"extreme_couponer\"]=true,[\"speedrunner\"]=true,[\"clairvoyance\"]=true,[\"ante_up\"]=true,[\"card_player\"]=true,},[\"screenshake\"]=50.3125,[\"current_setup\"]=\"New Run\",[\"tutorial_complete\"]=true,[\"ambient_control\"]={[\"ambientFire1\"]={[\"per\"]=1.1,[\"vol\"]=0,},[\"ambientOrgan1\"]={[\"per\"]=0.7,[\"vol\"]=0,},[\"ambientFire2\"]={[\"per\"]=1.05,[\"vol\"]=0,},[\"ambientFire3\"]={[\"per\"]=1,[\"vol\"]=0,},},[\"DEMO\"]={[\"win_CTA_shown\"]=true,[\"quit_CTA_shown\"]=true,[\"timed_CTA_shown\"]=true,[\"total_uptime\"]=5.0104467523422,},[\"GRAPHICS\"]={[\"texture_scaling\"]=2,[\"crt\"]=0,[\"shadows\"]=\"On\",[\"bloom\"]=1,},}"
	 settings_ver = nil
	 new_colour_proto = table: 0x05d1d8e0  {Spades:table: 0x05d1db68, Hearts:table: 0x05d1d9d8, Diamonds:table: 0x05d1da90 (more...)}
	 sound_files = table: 0x05f55380  {1:ambientFire1.ogg, 2:ambientFire2.ogg, 3:ambientFire3.ogg, 4:ambientOrgan1.ogg (more...)}
	 shader_files = table: 0x06028b20  {1:CRT.fs, 2:background.fs, 3:booster.fs, 4:debuff.fs, 5:dissolve.fs, 6:flame.fs (more...)}
(10) Lua field 'load' at file 'main.lua:945'
(11) Lua function '?' at file 'main.lua:892' (best guess)
(12) global C function 'xpcall'
(13) LÖVE function at file 'boot.lua:368' (best guess)
	Local variables:
	 result = boolean: true
	 main = nil
(14) global C function 'xpcall'
(15) LÖVE function at file 'boot.lua:377' (best guess)
	Local variables:
	 func = Lua function '(LÖVE Function)' (defined at line 355 of chunk [love "boot.lua"])
	 inerror = boolean: true
	 deferErrhand = Lua function '(LÖVE Function)' (defined at line 348 of chunk [love "boot.lua"])
	 earlyinit = Lua function '(LÖVE Function)' (defined at line 355 of chunk [love "boot.lua"])

INFO - [G] file not found: main.lua: No such file or directory
INFO - [G] 2025-03-02 04:56:20 :: INFO  :: StackTrace :: Additional Context:
Balatro Version: 1.0.1o-FULL
Modded Version: 1.0.0~ALPHA-1409a-STEAMODDED
LÖVE Version: 11.5.0
Lovely Version: 0.7.1
Platform: Windows
Steamodded Mods:
    1: Aura by MathIsFun_, ChromaPIE, Bard, Grassy311, RattlingSnow353, Solace, RadicaAprils, chloe_cromslor [ID: Aura, Version: 0.023, Uses Lovely]
    2: Preorder Cards by asd123cqp [ID: preorder_cards]
    3: 0Bilitro by BitBites [ID: 0Bilitro]
Lovely Mods:
