INFO - [♥] Lovely 0.7.1
INFO - [♥] Game directory is at "C:\\Program Files (x86)\\Steam\\steamapps\\common\\Balatro"
INFO - [♥] Writing logs to "C:\\Users\\Administrator\\AppData\\Roaming\\Balatro\\Mods\\lovely\\log"
INFO - [♥] Using mod directory at "C:\\Users\\Administrator\\AppData\\Roaming\\Balatro\\Mods"
INFO - [♥] Found .lovelyignore in 'SakashimaJoker', skipping it.
INFO - [♥] Cleaning up dumps directory at "C:\\Users\\Administrator\\AppData\\Roaming\\Balatro\\Mods\\lovely\\dump"
INFO - [♥] Initialization complete in 22ms
INFO - [♥] Applied 12 patches to 'main.lua'
INFO - [♥] Applied 5 patches to 'engine/controller.lua'
INFO - [♥] Applied 13 patches to 'back.lua'
INFO - [♥] Applied 6 patches to 'tag.lua'
INFO - [♥] Applied 1 patch to 'engine/moveable.lua'
INFO - [♥] Applied 2 patches to 'engine/sprite.lua'
INFO - [♥] Applied 2 patches to 'engine/animatedsprite.lua'
INFO - [♥] Applied 44 patches to 'functions/misc_functions.lua'
INFO - [♥] Applied 29 patches to 'game.lua'
INFO - [♥] Applied 1 patch to 'globals.lua'
INFO - [♥] Applied 3 patches to 'engine/ui.lua'
INFO - [♥] Applied 72 patches to 'functions/UI_definitions.lua'
INFO - [♥] Applied 39 patches to 'functions/state_events.lua'
INFO - [♥] Applied 87 patches to 'functions/common_events.lua'
INFO - [♥] Applied 38 patches to 'functions/button_callbacks.lua'
INFO - [♥] Applied 143 patches to 'card.lua'
INFO - [♥] Applied 6 patches to 'cardarea.lua'
INFO - [♥] Applied 30 patches to 'blind.lua'
INFO - [♥] Applied 2 patches to 'engine/text.lua'
INFO - [G] Failed to connect to the debug server
INFO - [G] 2025-03-06 22:23:05 :: DEBUG :: DebugConsole :: Steamodded Debug Socket started !
INFO - [♥] Applied 9 patches to 'engine/sound_manager.lua'
INFO - [♥] Applied 1 patch to 'engine/save_manager.lua'
INFO - [G] 2025-03-06 22:23:06 :: ERROR :: Loader :: Found invalid metadata JSON file at C:\Users\Administrator\AppData\Roaming\Balatro\Mods/.vscode/settings.json, ignoring: [SMODS _ "src/loader.lua"]:226: id
INFO - [G] 2025-03-06 22:23:06 :: INFO  :: DefaultLogger :: Valid JSON file found
INFO - [G] 2025-03-06 22:23:06 :: ERROR :: Loader :: Found invalid metadata JSON file at C:\Users\Administrator\AppData\Roaming\Balatro\Mods/Aura/.vscode/settings.json, ignoring: [SMODS _ "src/loader.lua"]:226: id
INFO - [G] 2025-03-06 22:23:06 :: TRACE :: Loader :: Processing Mod file (Legacy header): Aura.lua
INFO - [G] 2025-03-06 22:23:06 :: TRACE :: Loader :: Saving Mod Info: Aura
INFO - [G] 2025-03-06 22:23:06 :: TRACE :: Loader :: Processing Mod file (Legacy header): PreorderCards.lua
INFO - [G] 2025-03-06 22:23:06 :: TRACE :: Loader :: Saving Mod Info: preorder_cards
INFO - [G] 2025-03-06 22:23:06 :: INFO  :: DefaultLogger :: Valid JSON file found
INFO - [G] 2025-03-06 22:23:06 :: INFO  :: DefaultLogger :: Valid JSON file found
INFO - [G] 2025-03-06 22:23:06 :: TRACE :: Loader :: Processing Mod file (Legacy header): HentaiCards.lua
INFO - [G] 2025-03-06 22:23:06 :: WARN  :: Loader :: Duplicate Mod ID: HentaiCards
INFO - [G] 2025-03-06 22:23:06 :: TRACE :: Loader :: Processing Mod file (Legacy header): SakashimaJoker.lua
INFO - [G] 2025-03-06 22:23:06 :: TRACE :: Loader :: Saving Mod Info: SakashimaJoker
INFO - [G] 2025-03-06 22:23:06 :: INFO  :: DefaultLogger :: Valid JSON file found
INFO - [G] 2025-03-06 22:23:06 :: TRACE :: Loader :: Processing Mod file (Legacy header): VintagePinupCards.lua
INFO - [G] 2025-03-06 22:23:06 :: TRACE :: Loader :: Saving Mod Info: VintagePinupCards
INFO - [G] 2025-03-06 22:23:06 :: WARN  :: DeckSkin :: Old DeckSkin formatting detected on DeckSkin lust_LuckHearts!
INFO - [G] 2025-03-06 22:23:06 :: WARN  :: DeckSkin :: Old DeckSkin formatting detected on DeckSkin lust_LuckClubs!
INFO - [G] 2025-03-06 22:23:06 :: WARN  :: DeckSkin :: Old DeckSkin formatting detected on DeckSkin lust_LuckDiamonds!
INFO - [G] 2025-03-06 22:23:06 :: WARN  :: DeckSkin :: Old DeckSkin formatting detected on DeckSkin lust_LuckSpades!
INFO - [G] true
INFO - [G] line not found
INFO - [G] file not found: main.lua: No such file or directory
INFO - [G] file not found: main.lua: No such file or directory
INFO - [G] line not found
INFO - [G] line not found
INFO - [G] file not found: main.lua: No such file or directory
INFO - [G] 2025-03-06 22:23:06 :: ERROR :: StackTrace :: Oops! The game crashed
[lovely nativefs "libs/nativefs/nativefs.lua"]:191: bad argument #2 to 'fseek' (cannot convert 'table' to 'uint64_t')
Stack Traceback
===============
(1) Lua local 'handler' at file 'main.lua:612'
	Local variables:
	 msg = string: "[lovely nativefs \"libs/nativefs/nativefs.lua\"]:191: bad argument #2 to 'fseek' (cannot convert 'table' to 'uint64_t')"
	 (*temporary) = Lua function '?' (defined at line 31 of chunk [SMODS _ "src/logging.lua"])
	 (*temporary) = string: "Oops! The game crashed\
"
(2) LÖVE function at file 'boot.lua:352' (best guess)
	Local variables:
	 errhand = Lua function '?' (defined at line 598 of chunk main.lua)
	 handler = Lua function '?' (defined at line 598 of chunk main.lua)
(3) field C function 'fseek'
(4) Lua method 'seek' at file 'libs/nativefs/nativefs.lua:191' (from lovely module nativefs)
	Local variables:
	 self = table: 0x1cc35928  {_mode:r, _handle:cdata<struct FILE *>: 0x020a1e79dd40, _bufferMode:none (more...)}
	 pos = 0  {value:0}
(5) Lua method 'getSize' at file 'libs/nativefs/nativefs.lua:95' (from lovely module nativefs)
	Local variables:
	 self = table: 0x1cc35928  {_mode:r, _handle:cdata<struct FILE *>: 0x020a1e79dd40, _bufferMode:none (more...)}
	 mustOpen = boolean: false
	 pos = 0  {value:0}
	 size = 34383  {value:34383}
(6) Lua method 'read' at file 'libs/nativefs/nativefs.lua:109' (from lovely module nativefs)
	Local variables:
	 self = table: 0x1cc35928  {_mode:r, _handle:cdata<struct FILE *>: 0x020a1e79dd40, _bufferMode:none (more...)}
	 containerOrBytes = string: "string"
	 bytes = string: "all"
	 container = string: "string"
(7) Lua field 'read' at file 'libs/nativefs/nativefs.lua:275' (from lovely module nativefs)
	Local variables:
	 containerOrName = string: "C:\\Users\\Administrator\\AppData\\Roaming\\Balatro\\Mods/Aura/Aura.lua"
	 nameOrSize = nil
	 sizeOrNil = nil
	 container = string: "string"
	 name = string: "C:\\Users\\Administrator\\AppData\\Roaming\\Balatro\\Mods/Aura/Aura.lua"
	 size = string: "all"
	 file = table: 0x1cc35928  {_mode:r, _handle:cdata<struct FILE *>: 0x020a1e79dd40, _bufferMode:none (more...)}
	 ok = boolean: true
	 err = nil
(8) Lua global 'loadMods' at Steamodded file 'src/loader.lua:571' 
	Local variables:
	 modsDirectory = string: "C:\\Users\\Administrator\\AppData\\Roaming\\Balatro\\Mods"
	 header_components = table: 0x1c8f8088  {version:table: 0x1c97e498, id:table: 0x1c8f8260, conflicts:table: 0x1c97e388 (more...)}
	 json_spec = table: 0x1ca1c7d8  {version:table: 0x1c9a3b50, id:table: 0x1ca1c800, main_file:table: 0x1c9885f0 (more...)}
	 used_prefixes = table: 0x1c74ae50  {aura:Aura, saka:SakashimaJoker, preo:preorder_cards}
	 lovely_directories = table: 0x1c74ae78  {1:C:\Users\Administrator\AppData\Roaming\Balatro\Mods/Aura/, 2:C:\Users\Administrator\AppData\Roaming\Balatro\Mods/Balustro/ (more...)}
	 processDirectory = Lua function '?' (defined at line 185 of chunk [SMODS _ "src/loader.lua"])
	 keyset = table: 0x1cdaba00  {1:-20, 2:0}
	 check_dependencies = Lua function '?' (defined at line 419 of chunk [SMODS _ "src/loader.lua"])
	 (for generator) = C function: builtin#6
	 (for state) = table: 0x1cdaba00  {1:-20, 2:0}
	 (for control) = number: 2
	 _ = number: 2
	 priority = number: 0
	 (for generator) = C function: builtin#6
	 (for state) = table: 0x1c8f16e0  {1:table: 0x1c8b0ca8, 2:table: 0x1caad7f0, 3:table: 0x1ccafdb8, 4:table: 0x1cb11438 (more...)}
	 (for control) = number: 2
	 _ = number: 2
	 mod = table: 0x1caad7f0  {version:0.023, id:Aura, main_file:Aura.lua, lovely:true, can_load:true (more...)}
	 (*temporary) = C function: assert
	 (*temporary) = C function: load
(9) Lua global 'initSteamodded' at Steamodded file 'src/loader.lua:654' 
(10) Lua method 'start_up' at file 'game.lua:211'
	Local variables:
	 self = table: 0x1c7d52e8  {F_GUIDE:false, F_CRASH_REPORTS:false, F_QUIT_BUTTON:true, F_ENGLISH_ONLY:false (more...)}
	 settings = string: "return {[\"version\"]=\"1.0.1o-FULL\",[\"paused\"]=false,[\"QUEUED_CHANGE\"]={},[\"COMP\"]={[\"prev_name\"]=\"\",[\"name\"]=\"\",[\"score\"]=3060,},[\"colourblind_option\"]=false,[\"play_button_pos\"]=2,[\"CUSTOM_DECK\"]={[\"Collabs\"]={[\"Spades\"]=\"lust_BalustroSpades\",[\"Hearts\"]=\"lust_BalustroHearts\",[\"Diamonds\"]=\"lust_BalustroDiamonds\",[\"Clubs\"]=\"lust_BalustroClubs\",},},[\"colour_palettes\"]={[\"Spades\"]=\"standard\",[\"Hearts\"]=\"standard\",[\"Diamonds\"]=\"standard\",[\"Clubs\"]=\"standard\",},[\"crashreports\"]=false,[\"tutorial_progress\"]={[\"hold_parts\"]={},[\"section\"]=\"big_blind\",[\"completed_parts\"]={[\"first_hand_3\"]=true,[\"small_blind\"]=true,[\"big_blind\"]=true,[\"first_hand_4\"]=true,[\"shop_1\"]=true,[\"first_hand_section\"]=true,[\"first_hand_2\"]=true,[\"first_hand\"]=true,},},[\"language\"]=\"en-us\",[\"tutorial_complete\"]=true,[\"WINDOW\"]={[\"vsync\"]=1,[\"display_names\"]={[1]=\"1\",},[\"screenmode\"]=\"Borderless\",[\"DISPLAYS\"]={[1]={[\"screen_resolutions\"]={[\"strings\"]={[1]=\"1920 X 1080\",},[\"values\"]={[1]={[\"w\"]=1920,[\"h\"]=1080,},},},[\"screen_res\"]={[\"w\"]=1920,[\"h\"]=1080,},[\"DPI_scale\"]=1,[\"MONITOR_DIMS\"]={[\"height\"]=1080,[\"width\"]=1920,},},},[\"selected_display\"]=1,},[\"run_stake_stickers\"]=false,[\"GAMESPEED\"]=4,[\"SOUND\"]={[\"volume\"]=50,[\"music_volume\"]=0,[\"game_sounds_volume\"]=100,},[\"music_control\"]={[\"current_track\"]=\"\",[\"desired_track\"]=\"\",[\"lerp\"]=1,},[\"ACHIEVEMENTS_EARNED\"]={[\"card_discarder\"]=true,[\"astronomy\"]=true,[\"extreme_couponer\"]=true,[\"cartomancy\"]=true,[\"clairvoyance\"]=true,[\"card_player\"]=true,},[\"screenshake\"]=50,[\"current_setup\"]=\"Continue\",[\"profile\"]=1,[\"ambient_control\"]={[\"ambientFire1\"]={[\"per\"]=1.1,[\"vol\"]=0,},[\"ambientOrgan1\"]={[\"per\"]=0.7,[\"vol\"]=0,},[\"ambientFire2\"]={[\"per\"]=1.05,[\"vol\"]=0,},[\"ambientFire3\"]={[\"per\"]=1,[\"vol\"]=0,},},[\"DEMO\"]={[\"win_CTA_shown\"]=true,[\"quit_CTA_shown\"]=true,[\"timed_CTA_shown\"]=true,[\"total_uptime\"]=5.0187641737582,},[\"GRAPHICS\"]={[\"texture_scaling\"]=2,[\"crt\"]=0,[\"shadows\"]=\"On\",[\"bloom\"]=1,},}"
	 settings_ver = nil
	 new_colour_proto = table: 0x1c7dd800  {Spades:table: 0x1c7dda88, Hearts:table: 0x1c7dd8f8, Diamonds:table: 0x1c7dd9b0 (more...)}
	 sound_files = table: 0x1cb364a8  {1:ambientFire1.ogg, 2:ambientFire2.ogg, 3:ambientFire3.ogg, 4:ambientOrgan1.ogg (more...)}
	 shader_files = table: 0x1cb3a3b8  {1:CRT.fs, 2:background.fs, 3:booster.fs, 4:debuff.fs, 5:dissolve.fs, 6:flame.fs (more...)}
(11) Lua field 'load' at file 'main.lua:945'
(12) Lua function '?' at file 'main.lua:892' (best guess)
(13) global C function 'xpcall'
(14) LÖVE function at file 'boot.lua:368' (best guess)
	Local variables:
	 result = boolean: true
	 main = nil
(15) global C function 'xpcall'
(16) LÖVE function at file 'boot.lua:377' (best guess)
	Local variables:
	 func = Lua function '(LÖVE Function)' (defined at line 355 of chunk [love "boot.lua"])
	 inerror = boolean: true
	 deferErrhand = Lua function '(LÖVE Function)' (defined at line 348 of chunk [love "boot.lua"])
	 earlyinit = Lua function '(LÖVE Function)' (defined at line 355 of chunk [love "boot.lua"])

INFO - [G] line not found
INFO - [G] line not found
INFO - [G] file not found: main.lua: No such file or directory
INFO - [G] 2025-03-06 22:23:06 :: INFO  :: StackTrace :: Additional Context:
Balatro Version: 1.0.1o-FULL
Modded Version: 1.0.0~ALPHA-1409a-STEAMODDED
LÖVE Version: 11.5.0
Lovely Version: 0.7.1
Platform: Windows
Steamodded Mods:
    1: Zero Bullitro by BitBites [ID: 0Bullitro, Version: 1.0]
    2: Preorder Cards by asd123cqp [ID: preorder_cards]
    3: Aura by MathIsFun_, ChromaPIE, Bard, Grassy311, RattlingSnow353, Solace, RadicaAprils, chloe_cromslor [ID: Aura, Version: 0.023, Uses Lovely]
    4: Hentai Cards by Makubex77, Pheubel (Code) [ID: HentaiCards, Version: 1.1]
    5: Vintage Pinup Cards by NoScope1080 [ID: VintagePinupCards]
    6: Stickface Deck by Stickface [ID: StickfaceNSFWDeck, Version: 1.0.0]
    7: Balustro by someone23832 [ID: Balustro, Priority: -20, Version: 0.12, Uses Lovely]
Lovely Mods:
