INFO - [♥] Lovely 0.7.1
INFO - [♥] Game directory is at "C:\\Program Files (x86)\\Steam\\steamapps\\common\\Balatro"
INFO - [♥] Writing logs to "C:\\Users\\Administrator\\AppData\\Roaming\\Balatro\\Mods\\lovely\\log"
INFO - [♥] Using mod directory at "C:\\Users\\Administrator\\AppData\\Roaming\\Balatro\\Mods"
INFO - [♥] Found .lovelyignore in 'SakashimaJoker', skipping it.
INFO - [♥] Cleaning up dumps directory at "C:\\Users\\Administrator\\AppData\\Roaming\\Balatro\\Mods\\lovely\\dump"
INFO - [♥] Initialization complete in 46ms
INFO - [♥] Applied 12 patches to 'main.lua'
INFO - [♥] Applied 5 patches to 'engine/controller.lua'
INFO - [♥] Applied 13 patches to 'back.lua'
INFO - [♥] Applied 6 patches to 'tag.lua'
INFO - [♥] Applied 1 patch to 'engine/moveable.lua'
INFO - [♥] Applied 2 patches to 'engine/sprite.lua'
INFO - [♥] Applied 2 patches to 'engine/animatedsprite.lua'
INFO - [♥] Applied 44 patches to 'functions/misc_functions.lua'
INFO - [♥] Applied 24 patches to 'game.lua'
INFO - [♥] Applied 1 patch to 'globals.lua'
INFO - [♥] Applied 3 patches to 'engine/ui.lua'
INFO - [♥] Applied 72 patches to 'functions/UI_definitions.lua'
INFO - [♥] Applied 39 patches to 'functions/state_events.lua'
INFO - [♥] Applied 86 patches to 'functions/common_events.lua'
INFO - [♥] Applied 38 patches to 'functions/button_callbacks.lua'
INFO - [♥] Applied 141 patches to 'card.lua'
INFO - [♥] Applied 6 patches to 'cardarea.lua'
INFO - [♥] Applied 30 patches to 'blind.lua'
INFO - [♥] Applied 2 patches to 'engine/text.lua'
INFO - [G] Failed to connect to the debug server
INFO - [G] 2025-02-27 20:59:21 :: DEBUG :: DebugConsole :: Steamodded Debug Socket started !
INFO - [♥] Applied 9 patches to 'engine/sound_manager.lua'
INFO - [♥] Applied 1 patch to 'engine/save_manager.lua'
INFO - [G] 2025-02-27 20:59:22 :: ERROR :: Loader :: Found invalid metadata JSON file at C:\Users\Administrator\AppData\Roaming\Balatro\Mods/.vscode/settings.json, ignoring: [SMODS _ "src/loader.lua"]:226: id
INFO - [G] 2025-02-27 20:59:22 :: ERROR :: Loader :: Found invalid metadata JSON file at C:\Users\Administrator\AppData\Roaming\Balatro\Mods/Aura/.vscode/settings.json, ignoring: [SMODS _ "src/loader.lua"]:226: id
INFO - [G] 2025-02-27 20:59:22 :: TRACE :: Loader :: Processing Mod file (Legacy header): Aura.lua
INFO - [G] 2025-02-27 20:59:22 :: TRACE :: Loader :: Saving Mod Info: Aura
INFO - [G] 2025-02-27 20:59:22 :: TRACE :: Loader :: Processing Mod file (Legacy header): PreorderCards.lua
INFO - [G] 2025-02-27 20:59:22 :: TRACE :: Loader :: Saving Mod Info: preorder_cards
INFO - [G] 2025-02-27 20:59:22 :: TRACE :: Loader :: Processing Mod file (Legacy header): SakashimaJoker.lua
INFO - [G] 2025-02-27 20:59:22 :: TRACE :: Loader :: Saving Mod Info: SakashimaJoker
INFO - [G] 2025-02-27 20:59:22 :: INFO  :: SoundAPI :: Registered sound 'clench_1' from file clench_1.ogg
INFO - [G] 2025-02-27 20:59:22 :: INFO  :: SoundAPI :: Registered sound 'clench_10' from file clench_10.ogg
INFO - [G] 2025-02-27 20:59:22 :: INFO  :: SoundAPI :: Registered sound 'clench_11' from file clench_11.ogg
INFO - [G] 2025-02-27 20:59:22 :: INFO  :: SoundAPI :: Registered sound 'clench_12' from file clench_12.ogg
INFO - [G] 2025-02-27 20:59:22 :: INFO  :: SoundAPI :: Registered sound 'clench_13' from file clench_13.ogg
INFO - [G] 2025-02-27 20:59:22 :: INFO  :: SoundAPI :: Registered sound 'clench_14' from file clench_14.ogg
INFO - [G] 2025-02-27 20:59:22 :: INFO  :: SoundAPI :: Registered sound 'clench_15' from file clench_15.ogg
INFO - [G] 2025-02-27 20:59:22 :: INFO  :: SoundAPI :: Registered sound 'clench_2' from file clench_2.ogg
INFO - [G] 2025-02-27 20:59:22 :: INFO  :: SoundAPI :: Registered sound 'clench_3' from file clench_3.ogg
INFO - [G] 2025-02-27 20:59:22 :: INFO  :: SoundAPI :: Registered sound 'clench_4' from file clench_4.ogg
INFO - [G] 2025-02-27 20:59:22 :: INFO  :: SoundAPI :: Registered sound 'clench_5' from file clench_5.ogg
INFO - [G] 2025-02-27 20:59:22 :: INFO  :: SoundAPI :: Registered sound 'clench_6' from file clench_6.ogg
INFO - [G] 2025-02-27 20:59:22 :: INFO  :: SoundAPI :: Registered sound 'clench_7' from file clench_7.ogg
INFO - [G] 2025-02-27 20:59:22 :: INFO  :: SoundAPI :: Registered sound 'clench_8' from file clench_8.ogg
INFO - [G] 2025-02-27 20:59:22 :: INFO  :: SoundAPI :: Registered sound 'clench_9' from file clench_9.ogg
INFO - [G] 2025-02-27 20:59:22 :: INFO  :: SoundAPI :: Registered sound 'drink_1' from file drink_1.ogg
INFO - [G] 2025-02-27 20:59:22 :: INFO  :: SoundAPI :: Registered sound 'drink_10' from file drink_10.ogg
INFO - [G] 2025-02-27 20:59:22 :: INFO  :: SoundAPI :: Registered sound 'drink_11' from file drink_11.ogg
INFO - [G] 2025-02-27 20:59:22 :: INFO  :: SoundAPI :: Registered sound 'drink_2' from file drink_2.ogg
INFO - [G] 2025-02-27 20:59:22 :: INFO  :: SoundAPI :: Registered sound 'drink_3' from file drink_3.ogg
INFO - [G] 2025-02-27 20:59:22 :: INFO  :: SoundAPI :: Registered sound 'drink_4' from file drink_4.ogg
INFO - [G] 2025-02-27 20:59:22 :: INFO  :: SoundAPI :: Registered sound 'drink_5' from file drink_5.ogg
INFO - [G] 2025-02-27 20:59:22 :: INFO  :: SoundAPI :: Registered sound 'drink_6' from file drink_6.ogg
INFO - [G] 2025-02-27 20:59:22 :: INFO  :: SoundAPI :: Registered sound 'drink_7' from file drink_7.ogg
INFO - [G] 2025-02-27 20:59:22 :: INFO  :: SoundAPI :: Registered sound 'drink_8' from file drink_8.ogg
INFO - [G] 2025-02-27 20:59:22 :: INFO  :: SoundAPI :: Registered sound 'drink_9' from file drink_9.ogg
INFO - [G] 2025-02-27 20:59:22 :: INFO  :: SoundAPI :: Registered sound 'gulp_1' from file gulp_1.ogg
INFO - [G] 2025-02-27 20:59:22 :: INFO  :: SoundAPI :: Registered sound 'gulp_10' from file gulp_10.ogg
INFO - [G] 2025-02-27 20:59:22 :: INFO  :: SoundAPI :: Registered sound 'gulp_2' from file gulp_2.ogg
INFO - [G] 2025-02-27 20:59:22 :: INFO  :: SoundAPI :: Registered sound 'gulp_3' from file gulp_3.ogg
INFO - [G] 2025-02-27 20:59:22 :: INFO  :: SoundAPI :: Registered sound 'gulp_4' from file gulp_4.ogg
INFO - [G] 2025-02-27 20:59:22 :: INFO  :: SoundAPI :: Registered sound 'gulp_5' from file gulp_5.ogg
INFO - [G] 2025-02-27 20:59:22 :: INFO  :: SoundAPI :: Registered sound 'gulp_6' from file gulp_6.ogg
INFO - [G] 2025-02-27 20:59:22 :: INFO  :: SoundAPI :: Registered sound 'gulp_7' from file gulp_7.ogg
INFO - [G] 2025-02-27 20:59:22 :: INFO  :: SoundAPI :: Registered sound 'gulp_8' from file gulp_8.ogg
INFO - [G] 2025-02-27 20:59:22 :: INFO  :: SoundAPI :: Registered sound 'gulp_9' from file gulp_9.ogg
INFO - [G] 2025-02-27 20:59:22 :: INFO  :: SoundAPI :: Registered sound 'knock_1' from file knock_1.ogg
INFO - [G] 2025-02-27 20:59:22 :: INFO  :: SoundAPI :: Registered sound 'knock_2' from file knock_2.ogg
INFO - [G] 2025-02-27 20:59:22 :: INFO  :: SoundAPI :: Registered sound 'knock_3' from file knock_3.ogg
INFO - [G] 2025-02-27 20:59:22 :: INFO  :: SoundAPI :: Registered sound 'oral_base' from file oral_base.ogg
INFO - [G] 2025-02-27 20:59:22 :: INFO  :: SoundAPI :: Registered sound 'pump_1' from file pump_1.ogg
INFO - [G] 2025-02-27 20:59:22 :: INFO  :: SoundAPI :: Registered sound 'pump_10' from file pump_10.ogg
INFO - [G] 2025-02-27 20:59:22 :: INFO  :: SoundAPI :: Registered sound 'pump_11' from file pump_11.ogg
INFO - [G] 2025-02-27 20:59:22 :: INFO  :: SoundAPI :: Registered sound 'pump_12' from file pump_12.ogg
INFO - [G] 2025-02-27 20:59:22 :: INFO  :: SoundAPI :: Registered sound 'pump_2' from file pump_2.ogg
INFO - [G] 2025-02-27 20:59:22 :: INFO  :: SoundAPI :: Registered sound 'pump_3' from file pump_3.ogg
INFO - [G] 2025-02-27 20:59:22 :: INFO  :: SoundAPI :: Registered sound 'pump_4' from file pump_4.ogg
INFO - [G] 2025-02-27 20:59:22 :: INFO  :: SoundAPI :: Registered sound 'pump_5' from file pump_5.ogg
INFO - [G] 2025-02-27 20:59:22 :: INFO  :: SoundAPI :: Registered sound 'pump_6' from file pump_6.ogg
INFO - [G] 2025-02-27 20:59:22 :: INFO  :: SoundAPI :: Registered sound 'pump_7' from file pump_7.ogg
INFO - [G] 2025-02-27 20:59:22 :: INFO  :: SoundAPI :: Registered sound 'pump_8' from file pump_8.ogg
INFO - [G] 2025-02-27 20:59:22 :: INFO  :: SoundAPI :: Registered sound 'pump_9' from file pump_9.ogg
INFO - [G] line not found
INFO - [G] file not found: main.lua: No such file or directory
INFO - [G] file not found: main.lua: No such file or directory
INFO - [G] line not found
INFO - [G] line not found
INFO - [G] file not found: main.lua: No such file or directory
INFO - [G] 2025-02-27 20:59:22 :: ERROR :: StackTrace :: Oops! The game crashed
[SMODS Aura "Aura.lua"]:208: attempt to concatenate a boolean value
Stack Traceback
===============
(1) Lua local 'handler' at file 'main.lua:612'
	Local variables:
	 msg = string: "[SMODS Aura \"Aura.lua\"]:208: attempt to concatenate a boolean value"
	 (*temporary) = Lua function '?' (defined at line 31 of chunk [SMODS _ "src/logging.lua"])
	 (*temporary) = string: "Oops! The game crashed\
"
(2) LÖVE metamethod at file 'boot.lua:352'
	Local variables:
	 errhand = Lua function '?' (defined at line 598 of chunk main.lua)
	 handler = Lua function '?' (defined at line 598 of chunk main.lua)
(3) main chunk of file 'Aura.lua' at line 208 (from mod with id Aura)
(4) Lua global 'loadMods' at Steamodded file 'src/loader.lua:571' 
	Local variables:
	 modsDirectory = string: "C:\\Users\\Administrator\\AppData\\Roaming\\Balatro\\Mods"
	 header_components = table: 0x04e25778  {version:table: 0x04e25ec8, id:table: 0x04e25988, conflicts:table: 0x04e25db8 (more...)}
	 json_spec = table: 0x04e26080  {version:table: 0x04e267c0, id:table: 0x04e263b0, main_file:table: 0x04e269a0 (more...)}
	 used_prefixes = table: 0x04e26b60  {aura:Aura, saka:SakashimaJoker, preo:preorder_cards}
	 lovely_directories = table: 0x04e26b88  {1:C:\Users\Administrator\AppData\Roaming\Balatro\Mods/Aura/}
	 processDirectory = Lua function '?' (defined at line 185 of chunk [SMODS _ "src/loader.lua"])
	 keyset = table: 0x049665a0  {1:0}
	 check_dependencies = Lua function '?' (defined at line 419 of chunk [SMODS _ "src/loader.lua"])
	 (for generator) = C function: builtin#6
	 (for state) = table: 0x049665a0  {1:0}
	 (for control) = number: 1
	 _ = number: 1
	 priority = number: 0
	 (for generator) = C function: builtin#6
	 (for state) = table: 0x049e1738  {1:table: 0x049e0728, 2:table: 0x04bf2b10, 3:table: 0x049e4178}
	 (for control) = number: 1
	 _ = number: 1
	 mod = table: 0x049e0728  {version:0.023, id:Aura, main_file:Aura.lua, lovely:true, can_load:true (more...)}
(5) Lua global 'initSteamodded' at Steamodded file 'src/loader.lua:654' 
(6) Lua method 'start_up' at file 'game.lua:211'
	Local variables:
	 self = table: 0x04750428  {SPEEDFACTOR:1, F_GUIDE:false, keybind_mapping:table: 0x0475b6d0, F_CRASH_REPORTS:false (more...)}
	 settings = string: "return {[\"version\"]=\"1.0.1o-FULL\",[\"reduced_motion\"]=false,[\"paused\"]=false,[\"QUEUED_CHANGE\"]={},[\"COMP\"]={[\"prev_name\"]=\"\",[\"name\"]=\"\",[\"score\"]=45304,},[\"colourblind_option\"]=false,[\"play_button_pos\"]=2,[\"CUSTOM_DECK\"]={[\"Collabs\"]={[\"Spades\"]=\"default_Spades\",[\"Hearts\"]=\"default_Hearts\",[\"Diamonds\"]=\"default_Diamonds\",[\"Clubs\"]=\"default_Clubs\",},},[\"colour_palettes\"]={[\"Spades\"]=\"lc\",[\"Hearts\"]=\"lc\",[\"Diamonds\"]=\"lc\",[\"Clubs\"]=\"lc\",},[\"crashreports\"]=false,[\"tutorial_progress\"]={[\"hold_parts\"]={[\"first_hand_3\"]=true,[\"small_blind\"]=true,[\"big_blind\"]=true,[\"first_hand_4\"]=true,[\"second_hand\"]=true,[\"shop_1\"]=true,[\"first_hand_2\"]=true,[\"first_hand\"]=true,},[\"section\"]=\"second_hand\",[\"completed_parts\"]={[\"first_hand\"]=true,[\"first_hand_3\"]=true,[\"small_blind\"]=true,[\"big_blind\"]=true,[\"first_hand_4\"]=true,[\"shop_1\"]=true,[\"first_hand_section\"]=true,[\"first_hand_2\"]=true,[\"second_hand\"]=true,},},[\"language\"]=\"en-us\",[\"tutorial_complete\"]=true,[\"WINDOW\"]={[\"vsync\"]=1,[\"display_names\"]={[1]=\"1\",},[\"screenmode\"]=\"Borderless\",[\"DISPLAYS\"]={[1]={[\"screen_resolutions\"]={[\"strings\"]={[1]=\"1920 X 1080\",},[\"values\"]={[1]={[\"w\"]=1920,[\"h\"]=1080,},},},[\"screen_res\"]={[\"w\"]=1920,[\"h\"]=1080,},[\"DPI_scale\"]=1,[\"MONITOR_DIMS\"]={[\"height\"]=1080,[\"width\"]=1920,},},},[\"selected_display\"]=1,},[\"run_stake_stickers\"]=true,[\"GAMESPEED\"]=4,[\"SOUND\"]={[\"volume\"]=50,[\"music_volume\"]=0,[\"game_sounds_volume\"]=100,},[\"music_control\"]={[\"current_track\"]=\"\",[\"desired_track\"]=\"\",[\"lerp\"]=1,},[\"ACHIEVEMENTS_EARNED\"]={[\"card_discarder\"]=true,[\"_10k\"]=true,[\"retrograde\"]=true,[\"roi\"]=true,[\"_100000k\"]=true,[\"cartomancy\"]=true,[\"flushed\"]=true,[\"mid_stakes\"]=true,[\"big_hands\"]=true,[\"low_stakes\"]=true,[\"astronomy\"]=true,[\"ante_upper\"]=true,[\"_1000k\"]=true,[\"rule_bender\"]=true,[\"nest_egg\"]=true,[\"heads_up\"]=true,[\"extreme_couponer\"]=true,[\"royale\"]=true,[\"legendary\"]=true,[\"speedrunner\"]=true,[\"clairvoyance\"]=true,[\"ante_up\"]=true,[\"card_player\"]=true,},[\"screenshake\"]=50.3125,[\"current_setup\"]=\"Continue\",[\"profile\"]=1,[\"ambient_control\"]={[\"ambientFire1\"]={[\"per\"]=1.1,[\"vol\"]=0,},[\"ambientOrgan1\"]={[\"per\"]=0.7,[\"vol\"]=0,},[\"ambientFire2\"]={[\"per\"]=1.05,[\"vol\"]=0,},[\"ambientFire3\"]={[\"per\"]=1,[\"vol\"]=0,},},[\"DEMO\"]={[\"win_CTA_shown\"]=true,[\"quit_CTA_shown\"]=true,[\"timed_CTA_shown\"]=true,[\"total_uptime\"]=15.058121724478,},[\"GRAPHICS\"]={[\"texture_scaling\"]=2,[\"crt\"]=0,[\"shadows\"]=\"On\",[\"bloom\"]=1,},}"
	 settings_ver = nil
	 new_colour_proto = table: 0x04758970  {Spades:table: 0x04758bf8, Hearts:table: 0x04758a68, Diamonds:table: 0x04758b20 (more...)}
	 sound_files = table: 0x04a815e8  {1:ambientFire1.ogg, 2:ambientFire2.ogg, 3:ambientFire3.ogg, 4:ambientOrgan1.ogg (more...)}
	 shader_files = table: 0x048c8860  {1:CRT.fs, 2:background.fs, 3:booster.fs, 4:debuff.fs, 5:dissolve.fs, 6:flame.fs (more...)}
(7) Lua field 'load' at file 'main.lua:945'
(8) Lua function '?' at file 'main.lua:892' (best guess)
(9) global C function 'xpcall'
(10) LÖVE function at file 'boot.lua:368' (best guess)
	Local variables:
	 result = boolean: true
	 main = nil
(11) global C function 'xpcall'
(12) LÖVE function at file 'boot.lua:377' (best guess)
	Local variables:
	 func = Lua function '(LÖVE Function)' (defined at line 355 of chunk [love "boot.lua"])
	 inerror = boolean: true
	 deferErrhand = Lua function '(LÖVE Function)' (defined at line 348 of chunk [love "boot.lua"])
	 earlyinit = Lua function '(LÖVE Function)' (defined at line 355 of chunk [love "boot.lua"])

INFO - [G] line not found
INFO - [G] line not found
INFO - [G] file not found: main.lua: No such file or directory
INFO - [G] 2025-02-27 20:59:22 :: INFO  :: StackTrace :: Additional Context:
Balatro Version: 1.0.1o-FULL
Modded Version: 1.0.0~ALPHA-1409a-STEAMODDED
LÖVE Version: 11.5.0
Lovely Version: 0.7.1
Platform: Windows
Steamodded Mods:
    1: Aura by MathIsFun_, ChromaPIE, Bard, Grassy311, RattlingSnow353, Solace, RadicaAprils, chloe_cromslor [ID: Aura, Version: 0.023, Uses Lovely]
    2: Preorder Cards by asd123cqp [ID: preorder_cards]
Lovely Mods:
