INFO - [♥] Lovely 0.7.1
INFO - [♥] Game directory is at "C:\\Program Files (x86)\\Steam\\steamapps\\common\\Balatro"
INFO - [♥] Writing logs to "C:\\Users\\Administrator\\AppData\\Roaming\\Balatro\\Mods\\lovely\\log"
INFO - [♥] Using mod directory at "C:\\Users\\Administrator\\AppData\\Roaming\\Balatro\\Mods"
INFO - [♥] Cleaning up dumps directory at "C:\\Users\\Administrator\\AppData\\Roaming\\Balatro\\Mods\\lovely\\dump"
INFO - [♥] Initialization complete in 21ms
INFO - [♥] Applied 12 patches to 'main.lua'
INFO - [♥] Applied 5 patches to 'engine/controller.lua'
INFO - [♥] Applied 13 patches to 'back.lua'
INFO - [♥] Applied 6 patches to 'tag.lua'
INFO - [♥] Applied 1 patch to 'engine/moveable.lua'
INFO - [♥] Applied 2 patches to 'engine/sprite.lua'
INFO - [♥] Applied 2 patches to 'engine/animatedsprite.lua'
INFO - [♥] Applied 41 patches to 'functions/misc_functions.lua'
INFO - [♥] Applied 24 patches to 'game.lua'
INFO - [♥] Applied 1 patch to 'globals.lua'
INFO - [♥] Applied 3 patches to 'engine/ui.lua'
INFO - [♥] Applied 72 patches to 'functions/UI_definitions.lua'
INFO - [♥] Applied 39 patches to 'functions/state_events.lua'
INFO - [♥] Applied 86 patches to 'functions/common_events.lua'
INFO - [♥] Applied 38 patches to 'functions/button_callbacks.lua'
INFO - [♥] Applied 139 patches to 'card.lua'
INFO - [♥] Applied 6 patches to 'cardarea.lua'
INFO - [♥] Applied 30 patches to 'blind.lua'
INFO - [♥] Applied 2 patches to 'engine/text.lua'
INFO - [G] Failed to connect to the debug server
INFO - [G] 2025-02-09 21:14:30 :: DEBUG :: DebugConsole :: Steamodded Debug Socket started !
INFO - [♥] Applied 9 patches to 'engine/sound_manager.lua'
INFO - [♥] Applied 1 patch to 'engine/save_manager.lua'
INFO - [G] 2025-02-09 21:14:32 :: ERROR :: Loader :: Found invalid metadata JSON file at C:\Users\Administrator\AppData\Roaming\Balatro\Mods/.vscode/settings.json, ignoring: [SMODS _ "src/loader.lua"]:226: id
INFO - [G] 2025-02-09 21:14:32 :: TRACE :: Loader :: Processing Mod file (Legacy header): PesJkr.lua
INFO - [G] 2025-02-09 21:14:32 :: TRACE :: Loader :: Saving Mod Info: PesJkr
INFO - [G] 2025-02-09 21:14:32 :: INFO  :: TIMER :: [0000] Injected Language in 0.003 ms
INFO - [G] 2025-02-09 21:14:32 :: INFO  :: TIMER :: [0000] Injected [INTERNAL] in 28.036 ms
INFO - [G] 2025-02-09 21:14:33 :: INFO  :: TIMER :: [0004] Injected Atlas in 642.073 ms
INFO - [G] 2025-02-09 21:14:33 :: INFO  :: TIMER :: [0001] Injected Sound in 29.613 ms
INFO - [G] 2025-02-09 21:14:33 :: INFO  :: TIMER :: [0008] Injected Stake in 0.372 ms
INFO - [G] 2025-02-09 21:14:33 :: INFO  :: TIMER :: [0004] Injected Rarity in 0.033 ms
INFO - [G] 2025-02-09 21:14:33 :: INFO  :: TIMER :: [0004] Injected ObjectType in 0.040 ms
INFO - [G] 2025-02-09 21:14:33 :: INFO  :: TIMER :: [0049] Injected Center in 0.515 ms
INFO - [G] 2025-02-09 21:14:33 :: INFO  :: TIMER :: [0007] Injected Undiscovered Sprite in 0.023 ms
INFO - [G] 2025-02-09 21:14:33 :: INFO  :: TIMER :: [0002] Injected Blind in 0.132 ms
INFO - [G] 2025-02-09 21:14:33 :: INFO  :: TIMER :: [0004] Injected Seal in 0.170 ms
INFO - [G] 2025-02-09 21:14:33 :: INFO  :: TIMER :: [0004] Injected Suit in 0.238 ms
INFO - [G] 2025-02-09 21:14:33 :: INFO  :: TIMER :: [0013] Injected Rank in 0.265 ms
INFO - [G] 2025-02-09 21:14:33 :: INFO  :: TIMER :: [0020] Injected DeckSkin in 0.314 ms
INFO - [G] 2025-02-09 21:14:33 :: INFO  :: TIMER :: [0012] Injected PokerHand in 0.112 ms
INFO - [G] 2025-02-09 21:14:33 :: INFO  :: TIMER :: [0020] Injected Challenge in 0.092 ms
INFO - [G] 2025-02-09 21:14:33 :: INFO  :: TIMER :: [0000] Injected Tag in 0.002 ms
INFO - [G] 2025-02-09 21:14:33 :: INFO  :: TIMER :: [0004] Injected Sticker in 0.085 ms
INFO - [G] 2025-02-09 21:14:33 :: INFO  :: TIMER :: [0000] Injected Shader in 0.002 ms
INFO - [G] 2025-02-09 21:14:33 :: INFO  :: TIMER :: [0001] Injected Keybind in 0.013 ms
INFO - [G] 2025-02-09 21:14:33 :: INFO  :: TIMER :: [0000] Injected Achievement in 0.045 ms
INFO - [G] 2025-02-09 21:14:33 :: INFO  :: TIMER :: [0000] Injected [INTERNAL] in 0.300 ms
