INFO - [♥] Lovely 0.7.1
INFO - [♥] Game directory is at "C:\\Program Files (x86)\\Steam\\steamapps\\common\\Balatro"
INFO - [♥] Writing logs to "C:\\Users\\Administrator\\AppData\\Roaming\\Balatro\\Mods\\lovely\\log"
INFO - [♥] Using mod directory at "C:\\Users\\Administrator\\AppData\\Roaming\\Balatro\\Mods"
INFO - [♥] Found .lovelyignore in 'SakashimaJoker', skipping it.
INFO - [♥] Cleaning up dumps directory at "C:\\Users\\Administrator\\AppData\\Roaming\\Balatro\\Mods\\lovely\\dump"
INFO - [♥] Initialization complete in 49ms
INFO - [♥] Applied 12 patches to 'main.lua'
INFO - [♥] Applied 5 patches to 'engine/controller.lua'
INFO - [♥] Applied 13 patches to 'back.lua'
INFO - [♥] Applied 6 patches to 'tag.lua'
INFO - [♥] Applied 1 patch to 'engine/moveable.lua'
INFO - [♥] Applied 2 patches to 'engine/sprite.lua'
INFO - [♥] Applied 2 patches to 'engine/animatedsprite.lua'
INFO - [♥] Applied 44 patches to 'functions/misc_functions.lua'
INFO - [♥] Applied 29 patches to 'game.lua'
INFO - [♥] Applied 1 patch to 'globals.lua'
INFO - [♥] Applied 3 patches to 'engine/ui.lua'
INFO - [♥] Applied 72 patches to 'functions/UI_definitions.lua'
INFO - [♥] Applied 39 patches to 'functions/state_events.lua'
INFO - [♥] Applied 87 patches to 'functions/common_events.lua'
INFO - [♥] Applied 38 patches to 'functions/button_callbacks.lua'
INFO - [♥] Applied 143 patches to 'card.lua'
INFO - [♥] Applied 6 patches to 'cardarea.lua'
INFO - [♥] Applied 30 patches to 'blind.lua'
INFO - [♥] Applied 2 patches to 'engine/text.lua'
INFO - [G] Failed to connect to the debug server
INFO - [G] 2025-03-06 23:54:59 :: DEBUG :: DebugConsole :: Steamodded Debug Socket started !
INFO - [♥] Applied 9 patches to 'engine/sound_manager.lua'
INFO - [♥] Applied 1 patch to 'engine/save_manager.lua'
INFO - [G] 2025-03-06 23:55:00 :: ERROR :: Loader :: Found invalid metadata JSON file at C:\Users\Administrator\AppData\Roaming\Balatro\Mods/.vscode/settings.json, ignoring: [SMODS _ "src/loader.lua"]:226: id
INFO - [G] 2025-03-06 23:55:00 :: INFO  :: DefaultLogger :: Valid JSON file found
INFO - [G] 2025-03-06 23:55:00 :: ERROR :: Loader :: Found invalid metadata JSON file at C:\Users\Administrator\AppData\Roaming\Balatro\Mods/Aura/.vscode/settings.json, ignoring: [SMODS _ "src/loader.lua"]:226: id
INFO - [G] 2025-03-06 23:55:00 :: TRACE :: Loader :: Processing Mod file (Legacy header): Aura.lua
INFO - [G] 2025-03-06 23:55:00 :: TRACE :: Loader :: Saving Mod Info: Aura
INFO - [G] 2025-03-06 23:55:00 :: TRACE :: Loader :: Processing Mod file (Legacy header): PreorderCards.lua
INFO - [G] 2025-03-06 23:55:00 :: TRACE :: Loader :: Saving Mod Info: preorder_cards
INFO - [G] 2025-03-06 23:55:00 :: INFO  :: DefaultLogger :: Valid JSON file found
INFO - [G] 2025-03-06 23:55:00 :: INFO  :: DefaultLogger :: Valid JSON file found
INFO - [G] 2025-03-06 23:55:00 :: TRACE :: Loader :: Processing Mod file (Legacy header): HentaiCards.lua
INFO - [G] 2025-03-06 23:55:00 :: WARN  :: Loader :: Duplicate Mod ID: HentaiCards
INFO - [G] 2025-03-06 23:55:00 :: TRACE :: Loader :: Processing Mod file (Legacy header): SakashimaJoker.lua
INFO - [G] 2025-03-06 23:55:00 :: TRACE :: Loader :: Saving Mod Info: SakashimaJoker
INFO - [G] 2025-03-06 23:55:00 :: INFO  :: DefaultLogger :: Valid JSON file found
INFO - [G] 2025-03-06 23:55:00 :: TRACE :: Loader :: Processing Mod file (Legacy header): VintagePinupCards.lua
INFO - [G] 2025-03-06 23:55:00 :: TRACE :: Loader :: Saving Mod Info: VintagePinupCards
INFO - [G] 2025-03-06 23:55:01 :: WARN  :: DeckSkin :: Old DeckSkin formatting detected on DeckSkin lust_LuckHearts!
INFO - [G] 2025-03-06 23:55:01 :: WARN  :: DeckSkin :: Old DeckSkin formatting detected on DeckSkin lust_LuckClubs!
INFO - [G] 2025-03-06 23:55:01 :: WARN  :: DeckSkin :: Old DeckSkin formatting detected on DeckSkin lust_LuckDiamonds!
INFO - [G] 2025-03-06 23:55:01 :: WARN  :: DeckSkin :: Old DeckSkin formatting detected on DeckSkin lust_LuckSpades!
INFO - [G] true
INFO - [G] Picture dimensions: 138 x 186
INFO - [G] Number of animation frames: 8
INFO - [G] Comment inside this GIF: Created with Paint.NET
INFO - [G] Picture dimensions: 138 x 186
INFO - [G] Number of animation frames: 1
INFO - [G] Comment inside this GIF: NO_COMMENT
INFO - [G] Picture dimensions: 138 x 186
INFO - [G] Number of animation frames: 9
INFO - [G] Comment inside this GIF: Created with Paint.NET
INFO - [G] 2025-03-06 23:55:01 :: WARN  :: Atlas :: Object centers has the same key as an existing object, not registering.
INFO - [G] 2025-03-06 23:55:01 :: WARN  :: Atlas :: If you want to modify an existing object, use take_ownership()
INFO - [G] soul_atlas
INFO - [G] 2025-03-06 23:55:01 :: TRACE :: Loader :: Mod SakashimaJoker was unable to load: 
INFO - [G] 2025-03-06 23:55:01 :: INFO  :: TIMER :: [0000] Injected Language in 0.001 ms
INFO - [G] 2025-03-06 23:55:01 :: INFO  :: TIMER :: [0000] Injected [INTERNAL] in 1.043 ms
INFO - [G] mod_tags
INFO - [G] achievements
INFO - [G] lust_AltVersions
INFO - [G] Joker
INFO - [G] centers
INFO - [G] lust_editions
INFO - [G] lust_LustTarot
INFO - [G] Booster
INFO - [G] stickers
INFO - [G] shop_sign
INFO - [G] balatro
INFO - [G] lust_modicon
INFO - [G] BalustroIcons
INFO - [G] lust_BalustroPlayingCards
INFO - [G] lust_LuckPlayingCardsLC
INFO - [G] lust_LuckPlayingCardsHC
INFO - [G] bull_wide_card
INFO - [G] aura_j_faceless
INFO - [G] aura_j_seance
INFO - [G] aura_j_juggler
INFO - [G] aura_c_hearts
INFO - [G] aura_c_diamonds
INFO - [G] aura_c_clubs
INFO - [G] aura_c_spades
INFO - [G] aura_goon_icon_heart
INFO - [G] aura_goon_icon_diamond
INFO - [G] aura_goon_icon_club
INFO - [G] aura_goon_icon_spade
INFO - [G] FHC_hentai_cards_deck_lc
INFO - [G] FHC_hentai_cards_deck_hc
INFO - [G] Tarot
INFO - [G] Planet
INFO - [G] Spectral
INFO - [G] soul_atlas
INFO - [G] StickfaceNSFW_8BitDeck_opt2
INFO - [G] StickfaceNSFW_8BitDeck
INFO - [G] StickfaceNSFW_icon_lc
INFO - [G] StickfaceNSFW_icon_hc
INFO - [G] vintage_pinup_cards
INFO - [G] 2025-03-06 23:55:02 :: INFO  :: TIMER :: [0039] Injected Atlas in 1127.971 ms
INFO - [G] 2025-03-06 23:55:02 :: INFO  :: TIMER :: [0053] Injected Sound in 4.389 ms
INFO - [G] 2025-03-06 23:55:02 :: INFO  :: TIMER :: [0008] Injected Stake in 0.164 ms
INFO - [G] 2025-03-06 23:55:02 :: INFO  :: TIMER :: [0004] Injected Rarity in 0.017 ms
INFO - [G] 2025-03-06 23:55:02 :: INFO  :: TIMER :: [0004] Injected ObjectType in 0.086 ms
INFO - [G] 2025-03-06 23:55:02 :: INFO  :: TIMER :: [0212] Injected Center in 2.695 ms
INFO - [G] 2025-03-06 23:55:02 :: INFO  :: TIMER :: [0007] Injected Undiscovered Sprite in 0.013 ms
INFO - [G] 2025-03-06 23:55:02 :: INFO  :: TIMER :: [0002] Injected Blind in 0.017 ms
INFO - [G] 2025-03-06 23:55:02 :: INFO  :: TIMER :: [0004] Injected Seal in 0.103 ms
INFO - [G] 2025-03-06 23:55:02 :: INFO  :: TIMER :: [0004] Injected Suit in 0.056 ms
INFO - [G] 2025-03-06 23:55:02 :: INFO  :: TIMER :: [0013] Injected Rank in 0.060 ms
INFO - [G] 2025-03-06 23:55:02 :: INFO  :: TIMER :: [0052] Injected DeckSkin in 0.231 ms
INFO - [G] 2025-03-06 23:55:02 :: INFO  :: TIMER :: [0012] Injected PokerHand in 0.077 ms
INFO - [G] 2025-03-06 23:55:02 :: INFO  :: TIMER :: [0020] Injected Challenge in 0.038 ms
INFO - [G] 2025-03-06 23:55:02 :: INFO  :: TIMER :: [0000] Injected Tag in 0.003 ms
INFO - [G] 2025-03-06 23:55:02 :: INFO  :: TIMER :: [0004] Injected Sticker in 0.318 ms
INFO - [G] 2025-03-06 23:55:02 :: INFO  :: TIMER :: [0000] Injected Shader in 0.002 ms
INFO - [G] 2025-03-06 23:55:02 :: INFO  :: TIMER :: [0001] Injected Keybind in 0.011 ms
INFO - [G] 2025-03-06 23:55:02 :: INFO  :: TIMER :: [0000] Injected Achievement in 0.020 ms
INFO - [G] 2025-03-06 23:55:02 :: INFO  :: TIMER :: [0000] Injected [INTERNAL] in 1.857 ms
INFO - [G] line not found
INFO - [G] file not found: main.lua: No such file or directory
INFO - [G] file not found: main.lua: No such file or directory
INFO - [G] file not found: main.lua: No such file or directory
INFO - [G] file not found: main.lua: No such file or directory
INFO - [G] 2025-03-06 23:55:05 :: ERROR :: StackTrace :: Oops! The game crashed
engine/ui.lua:723: bad argument #2 to 'draw' (number expected, got table)
Stack Traceback
===============
(1) Lua local 'handler' at file 'main.lua:612'
	Local variables:
	 msg = string: "engine/ui.lua:723: bad argument #2 to 'draw' (number expected, got table)"
	 (*temporary) = Lua function '?' (defined at line 31 of chunk [SMODS _ "src/logging.lua"])
	 (*temporary) = string: "Oops! The game crashed\
"
(2) LÖVE function at file 'boot.lua:352' (best guess)
	Local variables:
	 errhand = Lua function '?' (defined at line 598 of chunk main.lua)
	 handler = Lua function '?' (defined at line 598 of chunk main.lua)
(3) field C function 'draw'
(4) Lua method 'draw_self' at file 'engine/ui.lua:723'
	Local variables:
	 self = table: 0x3c1fdd68  {velocity:table: 0x3c1aa738, click_offset:table: 0x3c519250, UIT:1, children:table: 0x3c1fdd90 (more...)}
	 button_active = boolean: true
	 parallax_dist = number: 1.5
	 button_being_pressed = boolean: false
(5) Lua method 'draw_children' at file 'engine/ui.lua:541'
	Local variables:
	 self = table: 0x3c1fdb28  {velocity:table: 0x3c1d5ee0, under_overlay:false, click_offset:table: 0x3c1d5fa0 (more...)}
	 layer = nil
	 (for generator) = C function: next
	 (for state) = table: 0x3c1fdbf0  {1:table: 0x3c1fdd68}
	 (for control) = number: nan
	 k = number: 1
	 v = table: 0x3c1fdd68  {velocity:table: 0x3c1aa738, click_offset:table: 0x3c519250, UIT:1, children:table: 0x3c1fdd90 (more...)}
(6) Lua method 'draw_children' at file 'engine/ui.lua:542'
	Local variables:
	 self = table: 0x3c8505c8  {velocity:table: 0x3c4f4728, under_overlay:false, click_offset:table: 0x3c4f47e8 (more...)}
	 layer = nil
	 (for generator) = C function: next
	 (for state) = table: 0x3c8503b8  {1:table: 0x3c359e00, 2:table: 0x3c2012b8, 3:table: 0x3c1fdb28}
	 (for control) = number: nan
	 k = number: 3
	 v = table: 0x3c1fdb28  {velocity:table: 0x3c1d5ee0, under_overlay:false, click_offset:table: 0x3c1d5fa0 (more...)}
(7) Lua method 'draw_children' at file 'engine/ui.lua:542'
	Local variables:
	 self = table: 0x3c850328  {velocity:table: 0x3c517f88, under_overlay:false, click_offset:table: 0x3c518048 (more...)}
	 layer = nil
	 (for generator) = C function: next
	 (for state) = table: 0x3c8503f0  {1:table: 0x3c850568, 2:table: 0x3c8505c8}
	 (for control) = number: nan
	 k = number: 2
	 v = table: 0x3c8505c8  {velocity:table: 0x3c4f4728, under_overlay:false, click_offset:table: 0x3c4f47e8 (more...)}
(8) Lua method 'draw_children' at file 'engine/ui.lua:542'
	Local variables:
	 self = table: 0x3cb50368  {velocity:table: 0x3c4ca3e8, under_overlay:false, click_offset:table: 0x3c4ca4a8 (more...)}
	 layer = nil
	 (for generator) = C function: next
	 (for state) = table: 0x3cb50390  {1:table: 0x3cb52b40, 2:table: 0x3c850328}
	 (for control) = number: nan
	 k = number: 2
	 v = table: 0x3c850328  {velocity:table: 0x3c517f88, under_overlay:false, click_offset:table: 0x3c518048 (more...)}
(9) Lua method 'draw_children' at file 'engine/ui.lua:542'
	Local variables:
	 self = table: 0x3cb7aec8  {velocity:table: 0x3c4c2b98, under_overlay:false, click_offset:table: 0x3c4c2c58 (more...)}
	 layer = nil
	 (for generator) = C function: next
	 (for state) = table: 0x3cb7aef0  {1:table: 0x3cb74920, 2:table: 0x3cb50368}
	 (for control) = number: nan
	 k = number: 2
	 v = table: 0x3cb50368  {velocity:table: 0x3c4ca3e8, under_overlay:false, click_offset:table: 0x3c4ca4a8 (more...)}
(10) Lua method 'draw' at file 'engine/ui.lua:296'
	Local variables:
	 self = table: 0x3c5ced20  {velocity:table: 0x3cb52b18, temp_offs:table: 0x3c486be0, click_offset:table: 0x3c5c88a8 (more...)}
(11) Lua method 'draw_self' at file 'engine/ui.lua:796'
	Local variables:
	 self = table: 0x3c859678  {click_offset:table: 0x3c859d28, children:table: 0x3c8596a0, parent:table: 0x3c8594d8 (more...)}
	 button_active = boolean: true
	 parallax_dist = number: 1.5
	 button_being_pressed = boolean: false
(12) Lua method 'draw_children' at file 'engine/ui.lua:541'
	Local variables:
	 self = table: 0x3c8594d8  {click_offset:table: 0x3c85b198, children:table: 0x3c859500, parent:table: 0x3c859338 (more...)}
	 layer = nil
	 (for generator) = C function: next
	 (for state) = table: 0x3c859500  {1:table: 0x3c859678}
	 (for control) = number: nan
	 k = number: 1
	 v = table: 0x3c859678  {click_offset:table: 0x3c859d28, children:table: 0x3c8596a0, parent:table: 0x3c8594d8 (more...)}
(13) Lua method 'draw_children' at file 'engine/ui.lua:542'
	Local variables:
	 self = table: 0x3c859338  {click_offset:table: 0x3c1fd740, children:table: 0x3c859360, parent:table: 0x3c857e48 (more...)}
	 layer = nil
	 (for generator) = C function: next
	 (for state) = table: 0x3c859360  {1:table: 0x3c8594d8}
	 (for control) = number: nan
	 k = number: 1
	 v = table: 0x3c8594d8  {click_offset:table: 0x3c85b198, children:table: 0x3c859500, parent:table: 0x3c859338 (more...)}
(14) Lua method 'draw' at file 'engine/ui.lua:296'
	Local variables:
	 self = table: 0x3c857e48  {click_offset:table: 0x3c8581e0, static_rotation:false, parent:table: 0x3cb6f288 (more...)}
(15) Lua method 'draw_self' at file 'engine/ui.lua:796'
	Local variables:
	 self = table: 0x3cb6f288  {click_offset:table: 0x3c853d58, children:table: 0x3cb6f350, parent:table: 0x3cb6f048 (more...)}
	 button_active = boolean: true
	 parallax_dist = number: 1.5
	 button_being_pressed = boolean: false
(16) Lua method 'draw_children' at file 'engine/ui.lua:541'
	Local variables:
	 self = table: 0x3cb6f048  {click_offset:table: 0x3c1ffb20, children:table: 0x3cb6f110, parent:table: 0x3cb6ebc8 (more...)}
	 layer = nil
	 (for generator) = C function: next
	 (for state) = table: 0x3cb6f110  {1:table: 0x3cb6f288}
	 (for control) = number: nan
	 k = number: 1
	 v = table: 0x3cb6f288  {click_offset:table: 0x3c853d58, children:table: 0x3cb6f350, parent:table: 0x3cb6f048 (more...)}
(17) Lua method 'draw_children' at file 'engine/ui.lua:542'
	Local variables:
	 self = table: 0x3cb6ebc8  {click_offset:table: 0x3c200d18, children:table: 0x3cb6ec90, parent:table: 0x3cb6e988 (more...)}
	 layer = nil
	 (for generator) = C function: next
	 (for state) = table: 0x3cb6ec90  {1:table: 0x3cb6ee08, 2:table: 0x3cb6f048}
	 (for control) = number: nan
	 k = number: 2
	 v = table: 0x3cb6f048  {click_offset:table: 0x3c1ffb20, children:table: 0x3cb6f110, parent:table: 0x3cb6ebc8 (more...)}
(18) Lua method 'draw_children' at file 'engine/ui.lua:542'
	Local variables:
	 self = table: 0x3cb6e988  {click_offset:table: 0x3c202078, children:table: 0x3cb6ea50, parent:table: 0x3c1ef9f8 (more...)}
	 layer = nil
	 (for generator) = C function: next
	 (for state) = table: 0x3cb6ea50  {1:table: 0x3cb6ebc8}
	 (for control) = number: nan
	 k = number: 1
	 v = table: 0x3cb6ebc8  {click_offset:table: 0x3c200d18, children:table: 0x3cb6ec90, parent:table: 0x3cb6e988 (more...)}
(19) Lua method 'draw_children' at file 'engine/ui.lua:542'
	Local variables:
	 self = table: 0x3c1ef9f8  {click_offset:table: 0x3c20d498, children:table: 0x3c1efa20, parent:table: 0x3d0a7a10 (more...)}
	 layer = nil
	 (for generator) = C function: next
	 (for state) = table: 0x3c1efa20  {1:table: 0x3c3d3cb0, 2:table: 0x3cb6e988, 3:table: 0x3cb6f4c8, 4:table: 0x3cafef50 (more...)}
	 (for control) = number: nan
	 k = number: 2
	 v = table: 0x3cb6e988  {click_offset:table: 0x3c202078, children:table: 0x3cb6ea50, parent:table: 0x3c1ef9f8 (more...)}
(20) Lua method 'draw' at file 'engine/ui.lua:296'
	Local variables:
	 self = table: 0x3d0a7a10  {click_offset:table: 0x3c519780, children:table: 0x3c4a4db8, parent:table: 0x3c309f60 (more...)}
(21) Lua method 'draw_self' at file 'engine/ui.lua:796'
	Local variables:
	 self = table: 0x3c309f60  {click_offset:table: 0x3c35c090, children:table: 0x3c309f88, parent:table: 0x3c309dc0 (more...)}
	 button_active = boolean: true
	 parallax_dist = number: 1.5
	 button_being_pressed = boolean: false
(22) Lua method 'draw_children' at file 'engine/ui.lua:541'
	Local variables:
	 self = table: 0x3c309dc0  {click_offset:table: 0x3c35d500, children:table: 0x3c309de8, parent:table: 0x3c307e08 (more...)}
	 layer = nil
	 (for generator) = C function: next
	 (for state) = table: 0x3c309de8  {1:table: 0x3c309f60}
	 (for control) = number: nan
	 k = number: 1
	 v = table: 0x3c309f60  {click_offset:table: 0x3c35c090, children:table: 0x3c309f88, parent:table: 0x3c309dc0 (more...)}
(23) Lua method 'draw_children' at file 'engine/ui.lua:542'
	Local variables:
	 self = table: 0x3c307e08  {click_offset:table: 0x3c35e798, children:table: 0x3c307e30, parent:table: 0x3c307c68 (more...)}
	 layer = nil
	 (for generator) = C function: next
	 (for state) = table: 0x3c307e30  {1:table: 0x3c307fa8, 2:table: 0x3c309dc0}
	 (for control) = number: nan
	 k = number: 2
	 v = table: 0x3c309dc0  {click_offset:table: 0x3c35d500, children:table: 0x3c309de8, parent:table: 0x3c307e08 (more...)}
(24) Lua method 'draw_children' at file 'engine/ui.lua:542'
	Local variables:
	 self = table: 0x3c307c68  {click_offset:table: 0x3c35fa30, children:table: 0x3c307c90, parent:table: 0x3c307ac8 (more...)}
	 layer = nil
	 (for generator) = C function: next
	 (for state) = table: 0x3c307c90  {1:table: 0x3c307e08}
	 (for control) = number: nan
	 k = number: 1
	 v = table: 0x3c307e08  {click_offset:table: 0x3c35e798, children:table: 0x3c307e30, parent:table: 0x3c307c68 (more...)}
(25) Lua method 'draw' at file 'engine/ui.lua:299'
	Local variables:
	 self = table: 0x3c305f70  {click_offset:table: 0x3c306308, children:table: 0x3c3067e0, CALCING:true (more...)}
	 (for generator) = C function: builtin#6
	 (for state) = table: 0x3c3070a8  {1:table: 0x3c307c68}
	 (for control) = number: 1
	 k = number: 1
	 v = table: 0x3c307c68  {click_offset:table: 0x3c35fa30, children:table: 0x3c307c90, parent:table: 0x3c307ac8 (more...)}
(26) Lua method 'draw' at file 'game.lua:2900'
	Local variables:
	 self = table: 0x3bf06468  {F_GUIDE:false, F_CRASH_REPORTS:false, F_QUIT_BUTTON:true, F_ENGLISH_ONLY:false (more...)}
(27) Lua field 'draw' at file 'main.lua:998'
(28) Lua function '?' at file 'main.lua:934' (best guess)
(29) global C function 'xpcall'
(30) LÖVE function at file 'boot.lua:377' (best guess)
	Local variables:
	 func = Lua function '?' (defined at line 902 of chunk main.lua)
	 inerror = boolean: true
	 deferErrhand = Lua function '(LÖVE Function)' (defined at line 348 of chunk [love "boot.lua"])
	 earlyinit = Lua function '(LÖVE Function)' (defined at line 355 of chunk [love "boot.lua"])

INFO - [G] file not found: main.lua: No such file or directory
INFO - [G] file not found: main.lua: No such file or directory
INFO - [G] 2025-03-06 23:55:05 :: INFO  :: StackTrace :: Additional Context:
Balatro Version: 1.0.1o-FULL
Modded Version: 1.0.0~ALPHA-1409a-STEAMODDED
LÖVE Version: 11.5.0
Lovely Version: 0.7.1
Platform: Windows
Steamodded Mods:
    1: Zero Bullitro by BitBites [ID: 0Bullitro, Version: 1.0]
    2: Preorder Cards by asd123cqp [ID: preorder_cards]
    3: Aura by MathIsFun_, ChromaPIE, Bard, Grassy311, RattlingSnow353, Solace, RadicaAprils, chloe_cromslor [ID: Aura, Version: 0.023, Uses Lovely]
    4: Hentai Cards by Makubex77, Pheubel (Code) [ID: HentaiCards, Version: 1.1]
    5: Vintage Pinup Cards by NoScope1080 [ID: VintagePinupCards]
    6: Stickface Deck by Stickface [ID: StickfaceNSFWDeck, Version: 1.0.0]
    7: Balustro by someone23832 [ID: Balustro, Priority: -20, Version: 0.12, Uses Lovely]
Lovely Mods:
