INFO - [♥] Lovely 0.7.1
INFO - [♥] Game directory is at "C:\\Program Files (x86)\\Steam\\steamapps\\common\\Balatro"
INFO - [♥] Writing logs to "C:\\Users\\Administrator\\AppData\\Roaming\\Balatro\\Mods\\lovely\\log"
INFO - [♥] Using mod directory at "C:\\Users\\Administrator\\AppData\\Roaming\\Balatro\\Mods"
INFO - [♥] Found .lovelyignore in 'SakashimaJoker', skipping it.
INFO - [♥] Cleaning up dumps directory at "C:\\Users\\Administrator\\AppData\\Roaming\\Balatro\\Mods\\lovely\\dump"
INFO - [♥] Initialization complete in 21ms
INFO - [♥] Applied 12 patches to 'main.lua'
INFO - [♥] Applied 5 patches to 'engine/controller.lua'
INFO - [♥] Applied 13 patches to 'back.lua'
INFO - [♥] Applied 6 patches to 'tag.lua'
INFO - [♥] Applied 1 patch to 'engine/moveable.lua'
INFO - [♥] Applied 2 patches to 'engine/sprite.lua'
INFO - [♥] Applied 2 patches to 'engine/animatedsprite.lua'
INFO - [♥] Applied 44 patches to 'functions/misc_functions.lua'
INFO - [♥] Applied 29 patches to 'game.lua'
INFO - [♥] Applied 1 patch to 'globals.lua'
INFO - [♥] Applied 3 patches to 'engine/ui.lua'
INFO - [♥] Applied 72 patches to 'functions/UI_definitions.lua'
INFO - [♥] Applied 39 patches to 'functions/state_events.lua'
INFO - [♥] Applied 87 patches to 'functions/common_events.lua'
INFO - [♥] Applied 38 patches to 'functions/button_callbacks.lua'
INFO - [♥] Applied 143 patches to 'card.lua'
INFO - [♥] Applied 6 patches to 'cardarea.lua'
INFO - [♥] Applied 30 patches to 'blind.lua'
INFO - [♥] Applied 2 patches to 'engine/text.lua'
INFO - [G] Failed to connect to the debug server
INFO - [G] 2025-03-06 23:36:41 :: DEBUG :: DebugConsole :: Steamodded Debug Socket started !
INFO - [♥] Applied 9 patches to 'engine/sound_manager.lua'
INFO - [♥] Applied 1 patch to 'engine/save_manager.lua'
INFO - [G] 2025-03-06 23:36:43 :: ERROR :: Loader :: Found invalid metadata JSON file at C:\Users\Administrator\AppData\Roaming\Balatro\Mods/.vscode/settings.json, ignoring: [SMODS _ "src/loader.lua"]:226: id
INFO - [G] 2025-03-06 23:36:43 :: INFO  :: DefaultLogger :: Valid JSON file found
INFO - [G] 2025-03-06 23:36:43 :: ERROR :: Loader :: Found invalid metadata JSON file at C:\Users\Administrator\AppData\Roaming\Balatro\Mods/Aura/.vscode/settings.json, ignoring: [SMODS _ "src/loader.lua"]:226: id
INFO - [G] 2025-03-06 23:36:43 :: TRACE :: Loader :: Processing Mod file (Legacy header): Aura.lua
INFO - [G] 2025-03-06 23:36:43 :: TRACE :: Loader :: Saving Mod Info: Aura
INFO - [G] 2025-03-06 23:36:43 :: TRACE :: Loader :: Processing Mod file (Legacy header): PreorderCards.lua
INFO - [G] 2025-03-06 23:36:43 :: TRACE :: Loader :: Saving Mod Info: preorder_cards
INFO - [G] 2025-03-06 23:36:43 :: INFO  :: DefaultLogger :: Valid JSON file found
INFO - [G] 2025-03-06 23:36:43 :: INFO  :: DefaultLogger :: Valid JSON file found
INFO - [G] 2025-03-06 23:36:43 :: TRACE :: Loader :: Processing Mod file (Legacy header): HentaiCards.lua
INFO - [G] 2025-03-06 23:36:43 :: WARN  :: Loader :: Duplicate Mod ID: HentaiCards
INFO - [G] 2025-03-06 23:36:43 :: TRACE :: Loader :: Processing Mod file (Legacy header): SakashimaJoker.lua
INFO - [G] 2025-03-06 23:36:43 :: TRACE :: Loader :: Saving Mod Info: SakashimaJoker
INFO - [G] 2025-03-06 23:36:43 :: INFO  :: DefaultLogger :: Valid JSON file found
INFO - [G] 2025-03-06 23:36:43 :: TRACE :: Loader :: Processing Mod file (Legacy header): VintagePinupCards.lua
INFO - [G] 2025-03-06 23:36:43 :: TRACE :: Loader :: Saving Mod Info: VintagePinupCards
INFO - [G] 2025-03-06 23:36:43 :: WARN  :: DeckSkin :: Old DeckSkin formatting detected on DeckSkin lust_LuckHearts!
INFO - [G] 2025-03-06 23:36:43 :: WARN  :: DeckSkin :: Old DeckSkin formatting detected on DeckSkin lust_LuckClubs!
INFO - [G] 2025-03-06 23:36:43 :: WARN  :: DeckSkin :: Old DeckSkin formatting detected on DeckSkin lust_LuckDiamonds!
INFO - [G] 2025-03-06 23:36:43 :: WARN  :: DeckSkin :: Old DeckSkin formatting detected on DeckSkin lust_LuckSpades!
INFO - [G] true
INFO - [G] Picture dimensions: 138 x 186
INFO - [G] Number of animation frames: 8
INFO - [G] Comment inside this GIF: Created with Paint.NET
INFO - [G] Picture dimensions: 138 x 186
INFO - [G] Number of animation frames: 1
INFO - [G] Comment inside this GIF: NO_COMMENT
INFO - [G] Picture dimensions: 138 x 186
INFO - [G] Number of animation frames: 9
INFO - [G] Comment inside this GIF: Created with Paint.NET
INFO - [G] 2025-03-06 23:36:43 :: WARN  :: Atlas :: Object centers has the same key as an existing object, not registering.
INFO - [G] 2025-03-06 23:36:43 :: WARN  :: Atlas :: If you want to modify an existing object, use take_ownership()
INFO - [G] soul_atlas
INFO - [G] 2025-03-06 23:36:43 :: TRACE :: Loader :: Mod SakashimaJoker was unable to load: 
INFO - [G] 2025-03-06 23:36:43 :: INFO  :: TIMER :: [0000] Injected Language in 0.001 ms
INFO - [G] 2025-03-06 23:36:43 :: INFO  :: TIMER :: [0000] Injected [INTERNAL] in 1.234 ms
INFO - [G] mod_tags
INFO - [G] achievements
INFO - [G] lust_AltVersions
INFO - [G] Joker
INFO - [G] centers
INFO - [G] lust_editions
INFO - [G] lust_LustTarot
INFO - [G] Booster
INFO - [G] stickers
INFO - [G] shop_sign
INFO - [G] balatro
INFO - [G] lust_modicon
INFO - [G] BalustroIcons
INFO - [G] lust_BalustroPlayingCards
INFO - [G] lust_LuckPlayingCardsLC
INFO - [G] lust_LuckPlayingCardsHC
INFO - [G] bull_wide_card
INFO - [G] aura_j_faceless
INFO - [G] aura_j_seance
INFO - [G] aura_j_juggler
INFO - [G] aura_c_hearts
INFO - [G] aura_c_diamonds
INFO - [G] aura_c_clubs
INFO - [G] aura_c_spades
INFO - [G] aura_goon_icon_heart
INFO - [G] aura_goon_icon_diamond
INFO - [G] aura_goon_icon_club
INFO - [G] aura_goon_icon_spade
INFO - [G] FHC_hentai_cards_deck_lc
INFO - [G] FHC_hentai_cards_deck_hc
INFO - [G] Tarot
INFO - [G] Planet
INFO - [G] Spectral
INFO - [G] soul_atlas
INFO - [G] StickfaceNSFW_8BitDeck_opt2
INFO - [G] StickfaceNSFW_8BitDeck
INFO - [G] StickfaceNSFW_icon_lc
INFO - [G] StickfaceNSFW_icon_hc
INFO - [G] vintage_pinup_cards
INFO - [G] 2025-03-06 23:36:44 :: INFO  :: TIMER :: [0039] Injected Atlas in 1093.791 ms
INFO - [G] 2025-03-06 23:36:44 :: INFO  :: TIMER :: [0053] Injected Sound in 4.857 ms
INFO - [G] 2025-03-06 23:36:44 :: INFO  :: TIMER :: [0008] Injected Stake in 0.155 ms
INFO - [G] 2025-03-06 23:36:44 :: INFO  :: TIMER :: [0004] Injected Rarity in 0.015 ms
INFO - [G] 2025-03-06 23:36:44 :: INFO  :: TIMER :: [0004] Injected ObjectType in 0.055 ms
INFO - [G] 2025-03-06 23:36:44 :: INFO  :: TIMER :: [0212] Injected Center in 2.549 ms
INFO - [G] 2025-03-06 23:36:44 :: INFO  :: TIMER :: [0007] Injected Undiscovered Sprite in 0.037 ms
INFO - [G] 2025-03-06 23:36:44 :: INFO  :: TIMER :: [0002] Injected Blind in 0.023 ms
INFO - [G] 2025-03-06 23:36:44 :: INFO  :: TIMER :: [0004] Injected Seal in 0.098 ms
INFO - [G] 2025-03-06 23:36:44 :: INFO  :: TIMER :: [0004] Injected Suit in 0.056 ms
INFO - [G] 2025-03-06 23:36:44 :: INFO  :: TIMER :: [0013] Injected Rank in 0.100 ms
INFO - [G] 2025-03-06 23:36:44 :: INFO  :: TIMER :: [0052] Injected DeckSkin in 0.252 ms
INFO - [G] 2025-03-06 23:36:44 :: INFO  :: TIMER :: [0012] Injected PokerHand in 0.037 ms
INFO - [G] 2025-03-06 23:36:44 :: INFO  :: TIMER :: [0020] Injected Challenge in 0.026 ms
INFO - [G] 2025-03-06 23:36:44 :: INFO  :: TIMER :: [0000] Injected Tag in 0.002 ms
INFO - [G] 2025-03-06 23:36:44 :: INFO  :: TIMER :: [0004] Injected Sticker in 0.061 ms
INFO - [G] 2025-03-06 23:36:44 :: INFO  :: TIMER :: [0000] Injected Shader in 0.001 ms
INFO - [G] 2025-03-06 23:36:44 :: INFO  :: TIMER :: [0001] Injected Keybind in 0.013 ms
INFO - [G] 2025-03-06 23:36:44 :: INFO  :: TIMER :: [0000] Injected Achievement in 0.020 ms
INFO - [G] 2025-03-06 23:36:44 :: INFO  :: TIMER :: [0000] Injected [INTERNAL] in 1.869 ms
INFO - [G] line not found
INFO - [G] file not found: main.lua: No such file or directory
INFO - [G] file not found: main.lua: No such file or directory
INFO - [G] file not found: functions/button_callbacks.lua: No such file or directory
INFO - [G] file not found: main.lua: No such file or directory
INFO - [G] file not found: main.lua: No such file or directory
INFO - [G] 2025-03-06 23:36:48 :: ERROR :: StackTrace :: Oops! The game crashed
engine/ui.lua:562: attempt to compare number with table
Stack Traceback
===============
(1) Lua local 'handler' at file 'main.lua:612'
	Local variables:
	 msg = string: "engine/ui.lua:562: attempt to compare number with table"
	 (*temporary) = Lua function '?' (defined at line 31 of chunk [SMODS _ "src/logging.lua"])
	 (*temporary) = string: "Oops! The game crashed\
"
(2) LÖVE metamethod at file 'boot.lua:352'
	Local variables:
	 errhand = Lua function '?' (defined at line 598 of chunk main.lua)
	 handler = Lua function '?' (defined at line 598 of chunk main.lua)
(3) Lua method 'set_wh' at file 'engine/ui.lua:562'
	Local variables:
	 self = table: 0x3fd4a118  {velocity:table: 0x3fc5e460, click_offset:table: 0x3fc5dce0, UIT:4, children:table: 0x3fd4a140 (more...)}
	 padding = number: 0
	 _max_w = number: 0
	 _max_h = number: 0
	 (for generator) = C function: next
	 (for state) = table: 0x3fd4a140  {1:table: 0x3fd4a2b8}
	 (for control) = number: nan
	 k = number: 1
	 w = table: 0x3fd4a2b8  {velocity:table: 0x3fc5c638, click_offset:table: 0x3fc5beb8, UIT:1, children:table: 0x3fd4a2e0 (more...)}
	 _cw = 2.72128  {value:2.72128}
	 _ch = 0.21248  {value:0.21248}
	 (*temporary) = string: "attempt to compare number with table"
(4) Lua method 'set_wh' at file 'engine/ui.lua:560'
	Local variables:
	 self = table: 0x3fd496f8  {velocity:table: 0x3fc5f358, click_offset:table: 0x3fc5efa8, UIT:4, children:table: 0x3fd49720 (more...)}
	 padding = number: 0.03
	 _max_w = number: 2.816
	 _max_h = number: 0.2656
	 (for generator) = C function: next
	 (for state) = table: 0x3fd49720  {1:table: 0x3fd49898, 2:table: 0x3fd49c18, 3:table: 0x3fd4a118}
	 (for control) = number: nan
	 k = number: 3
	 w = table: 0x3fd4a118  {velocity:table: 0x3fc5e460, click_offset:table: 0x3fc5dce0, UIT:4, children:table: 0x3fd4a140 (more...)}
(5) Lua method 'set_wh' at file 'engine/ui.lua:560'
	Local variables:
	 self = table: 0x3fd491d8  {velocity:table: 0x40b124e0, click_offset:table: 0x40b11d60, UIT:3, children:table: 0x3fd49200 (more...)}
	 padding = number: 0.05
	 _max_w = number: 1.694
	 _max_h = number: 0.2905
	 (for generator) = C function: next
	 (for state) = table: 0x3fd49200  {1:table: 0x3fd49378, 2:table: 0x3fd496f8}
	 (for control) = number: nan
	 k = number: 2
	 w = table: 0x3fd496f8  {velocity:table: 0x3fc5f358, click_offset:table: 0x3fc5efa8, UIT:4, children:table: 0x3fd49720 (more...)}
(6) Lua method 'set_wh' at file 'engine/ui.lua:560'
	Local variables:
	 self = table: 0x3fd48cb8  {velocity:table: 0x40b13840, click_offset:table: 0x40b130c0, UIT:3, children:table: 0x3fd48ce0 (more...)}
	 padding = number: 0.1
	 _max_w = number: 1
	 _max_h = number: 1
	 (for generator) = C function: next
	 (for state) = table: 0x3fd48ce0  {1:table: 0x3fd48e58, 2:table: 0x3fd491d8}
	 (for control) = number: nan
	 k = number: 2
	 w = table: 0x3fd491d8  {velocity:table: 0x40b124e0, click_offset:table: 0x40b11d60, UIT:3, children:table: 0x3fd49200 (more...)}
(7) Lua method 'set_wh' at file 'engine/ui.lua:560'
	Local variables:
	 self = table: 0x3fd48798  {velocity:table: 0x40b14aa0, click_offset:table: 0x40b14320, UIT:7, children:table: 0x3fd487c0 (more...)}
	 padding = number: 0
	 _max_w = number: 0.332
	 _max_h = number: 0.88
	 (for generator) = C function: next
	 (for state) = table: 0x3fd487c0  {1:table: 0x3fd48938, 2:table: 0x3fd48cb8}
	 (for control) = number: nan
	 k = number: 2
	 w = table: 0x3fd48cb8  {velocity:table: 0x40b13840, click_offset:table: 0x40b130c0, UIT:3, children:table: 0x3fd48ce0 (more...)}
(8) Lua method 'init' at file 'engine/ui.lua:75'
	Local variables:
	 self = table: 0x3fd47120  {velocity:table: 0x3fd47aa8, click_offset:table: 0x3fd474b8, children:table: 0x3fd47990 (more...)}
	 args = table: 0x40012368  {config:table: 0x3fd47030, definition:table: 0x3fc43b90}
(9) Lua global 'UIBox' at file 'engine/object.lua:35'
	Local variables:
	 self = table: 0x3f99bdc0  {remove_group:function: 0x3f985540, draw:function: 0x3f9855c0, print_topology:function: 0x3f9837b8 (more...)}
	 obj = table: 0x3fd47120  {velocity:table: 0x3fd47aa8, click_offset:table: 0x3fd474b8, children:table: 0x3fd47990 (more...)}
(10) Lua function '?' at file 'functions/button_callbacks.lua:1270' (best guess)
	Local variables:
	 e = table: 0x4006a0e0  {click_offset:table: 0x4006a7b8, children:table: 0x4006a108, parent:table: 0x40069f40 (more...)}
	 (*temporary) = table: 0x400675c8  {func:RUN_SETUP_check_stake2, colour:table: 0x3f95f708, object:table: 0x40067628 (more...)}
(11) Lua method 'update' at file 'engine/ui.lua:953'
	Local variables:
	 self = table: 0x4006a0e0  {click_offset:table: 0x4006a7b8, children:table: 0x4006a108, parent:table: 0x40069f40 (more...)}
	 dt = number: 0
(12) Lua upvalue 'gameUpdateRef' at file 'game.lua:2669'
	Local variables:
	 self = table: 0x3f9562f0  {F_GUIDE:false, F_CRASH_REPORTS:false, F_QUIT_BUTTON:true, F_ENGLISH_ONLY:false (more...)}
	 dt = number: 0
	 http_resp = nil
	 move_dt = number: 0.0165094
	 (for generator) = C function: next
	 (for state) = table: 0x3f95ad88  {1:table: 0x3fb229e8, 2:table: 0x3f8d37e0, 3:table: 0x3fad22a8, 4:table: 0x3fa75e10 (more...)}
	 (for control) = number: nan
	 k = number: 230
	 v = table: 0x4006a0e0  {click_offset:table: 0x4006a7b8, children:table: 0x4006a108, parent:table: 0x40069f40 (more...)}
(13) Lua upvalue 'old_update' at Steamodded file 'src/ui.lua:84' 
	Local variables:
	 self = table: 0x3f9562f0  {F_GUIDE:false, F_CRASH_REPORTS:false, F_QUIT_BUTTON:true, F_ENGLISH_ONLY:false (more...)}
	 dt = number: 0.0165094
(14) Lua method 'update' at file 'Aura.lua:203' (from mod with id Aura)
	Local variables:
	 self = table: 0x3f9562f0  {F_GUIDE:false, F_CRASH_REPORTS:false, F_QUIT_BUTTON:true, F_ENGLISH_ONLY:false (more...)}
	 dt = number: 0.0165094
(15) Lua field 'update' at file 'main.lua:992'
	Local variables:
	 dt = number: 0.0165094
(16) Lua function '?' at file 'main.lua:931' (best guess)
(17) global C function 'xpcall'
(18) LÖVE function at file 'boot.lua:377' (best guess)
	Local variables:
	 func = Lua function '?' (defined at line 902 of chunk main.lua)
	 inerror = boolean: true
	 deferErrhand = Lua function '(LÖVE Function)' (defined at line 348 of chunk [love "boot.lua"])
	 earlyinit = Lua function '(LÖVE Function)' (defined at line 355 of chunk [love "boot.lua"])

INFO - [G] file not found: functions/button_callbacks.lua: No such file or directory
INFO - [G] file not found: main.lua: No such file or directory
INFO - [G] file not found: main.lua: No such file or directory
INFO - [G] 2025-03-06 23:36:48 :: INFO  :: StackTrace :: Additional Context:
Balatro Version: 1.0.1o-FULL
Modded Version: 1.0.0~ALPHA-1409a-STEAMODDED
LÖVE Version: 11.5.0
Lovely Version: 0.7.1
Platform: Windows
Steamodded Mods:
    1: Zero Bullitro by BitBites [ID: 0Bullitro, Version: 1.0]
    2: Preorder Cards by asd123cqp [ID: preorder_cards]
    3: Aura by MathIsFun_, ChromaPIE, Bard, Grassy311, RattlingSnow353, Solace, RadicaAprils, chloe_cromslor [ID: Aura, Version: 0.023, Uses Lovely]
    4: Hentai Cards by Makubex77, Pheubel (Code) [ID: HentaiCards, Version: 1.1]
    5: Vintage Pinup Cards by NoScope1080 [ID: VintagePinupCards]
    6: Stickface Deck by Stickface [ID: StickfaceNSFWDeck, Version: 1.0.0]
    7: Balustro by someone23832 [ID: Balustro, Priority: -20, Version: 0.12, Uses Lovely]
Lovely Mods:
