INFO - [♥] Lovely 0.7.1
INFO - [♥] Game directory is at "C:\\Program Files (x86)\\Steam\\steamapps\\common\\Balatro"
INFO - [♥] Writing logs to "C:\\Users\\Administrator\\AppData\\Roaming\\Balatro\\Mods\\lovely\\log"
INFO - [♥] Using mod directory at "C:\\Users\\Administrator\\AppData\\Roaming\\Balatro\\Mods"
INFO - [♥] Found .lovelyignore in 'SakashimaJoker', skipping it.
INFO - [♥] Cleaning up dumps directory at "C:\\Users\\Administrator\\AppData\\Roaming\\Balatro\\Mods\\lovely\\dump"
INFO - [♥] Initialization complete in 20ms
INFO - [♥] Applied 12 patches to 'main.lua'
INFO - [♥] Applied 5 patches to 'engine/controller.lua'
INFO - [♥] Applied 13 patches to 'back.lua'
INFO - [♥] Applied 6 patches to 'tag.lua'
INFO - [♥] Applied 1 patch to 'engine/moveable.lua'
INFO - [♥] Applied 2 patches to 'engine/sprite.lua'
INFO - [♥] Applied 2 patches to 'engine/animatedsprite.lua'
INFO - [♥] Applied 44 patches to 'functions/misc_functions.lua'
INFO - [♥] Applied 29 patches to 'game.lua'
INFO - [♥] Applied 1 patch to 'globals.lua'
INFO - [♥] Applied 3 patches to 'engine/ui.lua'
INFO - [♥] Applied 72 patches to 'functions/UI_definitions.lua'
INFO - [♥] Applied 39 patches to 'functions/state_events.lua'
INFO - [♥] Applied 87 patches to 'functions/common_events.lua'
INFO - [♥] Applied 38 patches to 'functions/button_callbacks.lua'
INFO - [♥] Applied 143 patches to 'card.lua'
INFO - [♥] Applied 6 patches to 'cardarea.lua'
INFO - [♥] Applied 30 patches to 'blind.lua'
INFO - [♥] Applied 2 patches to 'engine/text.lua'
INFO - [G] Failed to connect to the debug server
INFO - [G] 2025-03-07 01:16:47 :: DEBUG :: DebugConsole :: Steamodded Debug Socket started !
INFO - [♥] Applied 9 patches to 'engine/sound_manager.lua'
INFO - [♥] Applied 1 patch to 'engine/save_manager.lua'
INFO - [G] 2025-03-07 01:16:48 :: ERROR :: Loader :: Found invalid metadata JSON file at C:\Users\Administrator\AppData\Roaming\Balatro\Mods/.vscode/settings.json, ignoring: [SMODS _ "src/loader.lua"]:226: id
INFO - [G] 2025-03-07 01:16:48 :: INFO  :: DefaultLogger :: Valid JSON file found
INFO - [G] 2025-03-07 01:16:48 :: ERROR :: Loader :: Found invalid metadata JSON file at C:\Users\Administrator\AppData\Roaming\Balatro\Mods/Aura/.vscode/settings.json, ignoring: [SMODS _ "src/loader.lua"]:226: id
INFO - [G] 2025-03-07 01:16:48 :: TRACE :: Loader :: Processing Mod file (Legacy header): Aura.lua
INFO - [G] 2025-03-07 01:16:48 :: TRACE :: Loader :: Saving Mod Info: Aura
INFO - [G] 2025-03-07 01:16:48 :: TRACE :: Loader :: Processing Mod file (Legacy header): PreorderCards.lua
INFO - [G] 2025-03-07 01:16:48 :: TRACE :: Loader :: Saving Mod Info: preorder_cards
INFO - [G] 2025-03-07 01:16:48 :: INFO  :: DefaultLogger :: Valid JSON file found
INFO - [G] 2025-03-07 01:16:48 :: INFO  :: DefaultLogger :: Valid JSON file found
INFO - [G] 2025-03-07 01:16:48 :: TRACE :: Loader :: Processing Mod file (Legacy header): HentaiCards.lua
INFO - [G] 2025-03-07 01:16:48 :: WARN  :: Loader :: Duplicate Mod ID: HentaiCards
INFO - [G] 2025-03-07 01:16:48 :: TRACE :: Loader :: Processing Mod file (Legacy header): SakashimaJoker.lua
INFO - [G] 2025-03-07 01:16:48 :: TRACE :: Loader :: Saving Mod Info: SakashimaJoker
INFO - [G] 2025-03-07 01:16:48 :: INFO  :: DefaultLogger :: Valid JSON file found
INFO - [G] 2025-03-07 01:16:48 :: TRACE :: Loader :: Processing Mod file (Legacy header): VintagePinupCards.lua
INFO - [G] 2025-03-07 01:16:48 :: TRACE :: Loader :: Saving Mod Info: VintagePinupCards
INFO - [G] 2025-03-07 01:16:48 :: WARN  :: DeckSkin :: Old DeckSkin formatting detected on DeckSkin lust_LuckHearts!
INFO - [G] 2025-03-07 01:16:48 :: WARN  :: DeckSkin :: Old DeckSkin formatting detected on DeckSkin lust_LuckClubs!
INFO - [G] 2025-03-07 01:16:48 :: WARN  :: DeckSkin :: Old DeckSkin formatting detected on DeckSkin lust_LuckDiamonds!
INFO - [G] 2025-03-07 01:16:48 :: WARN  :: DeckSkin :: Old DeckSkin formatting detected on DeckSkin lust_LuckSpades!
INFO - [G] true
INFO - [G] Picture dimensions: 138 x 186
INFO - [G] Number of animation frames: 8
INFO - [G] Comment inside this GIF: Created with Paint.NET
INFO - [G] Picture dimensions: 138 x 186
INFO - [G] Number of animation frames: 1
INFO - [G] Comment inside this GIF: NO_COMMENT
INFO - [G] Picture dimensions: 138 x 186
INFO - [G] Number of animation frames: 9
INFO - [G] Comment inside this GIF: Created with Paint.NET
INFO - [G] 2025-03-07 01:16:48 :: WARN  :: Atlas :: Object centers has the same key as an existing object, not registering.
INFO - [G] 2025-03-07 01:16:48 :: WARN  :: Atlas :: If you want to modify an existing object, use take_ownership()
INFO - [G] soul_atlas
INFO - [G] 2025-03-07 01:16:48 :: TRACE :: Loader :: Mod SakashimaJoker was unable to load: 
INFO - [G] 2025-03-07 01:16:48 :: INFO  :: TIMER :: [0000] Injected Language in 0.001 ms
INFO - [G] 2025-03-07 01:16:48 :: INFO  :: TIMER :: [0000] Injected [INTERNAL] in 0.952 ms
INFO - [G] mod_tags
INFO - [G] achievements
INFO - [G] lust_AltVersions
INFO - [G] Joker
INFO - [G] centers
INFO - [G] lust_editions
INFO - [G] lust_LustTarot
INFO - [G] Booster
INFO - [G] stickers
INFO - [G] shop_sign
INFO - [G] balatro
INFO - [G] lust_modicon
INFO - [G] BalustroIcons
INFO - [G] lust_BalustroPlayingCards
INFO - [G] lust_LuckPlayingCardsLC
INFO - [G] lust_LuckPlayingCardsHC
INFO - [G] bull_wide_card
INFO - [G] aura_j_faceless
INFO - [G] aura_j_seance
INFO - [G] aura_j_juggler
INFO - [G] aura_c_hearts
INFO - [G] aura_c_diamonds
INFO - [G] aura_c_clubs
INFO - [G] aura_c_spades
INFO - [G] aura_goon_icon_heart
INFO - [G] aura_goon_icon_diamond
INFO - [G] aura_goon_icon_club
INFO - [G] aura_goon_icon_spade
INFO - [G] FHC_hentai_cards_deck_lc
INFO - [G] FHC_hentai_cards_deck_hc
INFO - [G] Tarot
INFO - [G] Planet
INFO - [G] Spectral
INFO - [G] soul_atlas
INFO - [G] StickfaceNSFW_8BitDeck_opt2
INFO - [G] StickfaceNSFW_8BitDeck
INFO - [G] StickfaceNSFW_icon_lc
INFO - [G] StickfaceNSFW_icon_hc
INFO - [G] vintage_pinup_cards
INFO - [G] 2025-03-07 01:16:49 :: INFO  :: TIMER :: [0039] Injected Atlas in 1099.863 ms
INFO - [G] 2025-03-07 01:16:49 :: INFO  :: TIMER :: [0053] Injected Sound in 3.946 ms
INFO - [G] 2025-03-07 01:16:49 :: INFO  :: TIMER :: [0008] Injected Stake in 0.149 ms
INFO - [G] 2025-03-07 01:16:49 :: INFO  :: TIMER :: [0004] Injected Rarity in 0.015 ms
INFO - [G] 2025-03-07 01:16:49 :: INFO  :: TIMER :: [0004] Injected ObjectType in 0.034 ms
INFO - [G] 2025-03-07 01:16:49 :: INFO  :: TIMER :: [0212] Injected Center in 2.478 ms
INFO - [G] 2025-03-07 01:16:49 :: INFO  :: TIMER :: [0007] Injected Undiscovered Sprite in 0.088 ms
INFO - [G] 2025-03-07 01:16:49 :: INFO  :: TIMER :: [0002] Injected Blind in 0.016 ms
INFO - [G] 2025-03-07 01:16:49 :: INFO  :: TIMER :: [0004] Injected Seal in 0.549 ms
INFO - [G] 2025-03-07 01:16:49 :: INFO  :: TIMER :: [0004] Injected Suit in 0.141 ms
INFO - [G] 2025-03-07 01:16:50 :: INFO  :: TIMER :: [0013] Injected Rank in 0.198 ms
INFO - [G] 2025-03-07 01:16:50 :: INFO  :: TIMER :: [0052] Injected DeckSkin in 0.473 ms
INFO - [G] 2025-03-07 01:16:50 :: INFO  :: TIMER :: [0012] Injected PokerHand in 0.090 ms
INFO - [G] 2025-03-07 01:16:50 :: INFO  :: TIMER :: [0020] Injected Challenge in 0.053 ms
INFO - [G] 2025-03-07 01:16:50 :: INFO  :: TIMER :: [0000] Injected Tag in 0.001 ms
INFO - [G] 2025-03-07 01:16:50 :: INFO  :: TIMER :: [0004] Injected Sticker in 0.239 ms
INFO - [G] 2025-03-07 01:16:50 :: INFO  :: TIMER :: [0000] Injected Shader in 0.001 ms
INFO - [G] 2025-03-07 01:16:50 :: INFO  :: TIMER :: [0001] Injected Keybind in 0.015 ms
INFO - [G] 2025-03-07 01:16:50 :: INFO  :: TIMER :: [0000] Injected Achievement in 0.021 ms
INFO - [G] 2025-03-07 01:16:50 :: INFO  :: TIMER :: [0000] Injected [INTERNAL] in 1.950 ms
INFO - [G] line not found
INFO - [G] file not found: main.lua: No such file or directory
INFO - [G] file not found: main.lua: No such file or directory
INFO - [G] file not found: main.lua: No such file or directory
INFO - [G] file not found: main.lua: No such file or directory
INFO - [G] 2025-03-07 01:16:53 :: ERROR :: StackTrace :: Oops! The game crashed
functions/misc_functions.lua:890: bad argument #1 to 'translate' (number expected, got table)
Stack Traceback
===============
(1) Lua local 'handler' at file 'main.lua:612'
	Local variables:
	 msg = string: "functions/misc_functions.lua:890: bad argument #1 to 'translate' (number expected, got table)"
	 (*temporary) = Lua function '?' (defined at line 31 of chunk [SMODS _ "src/logging.lua"])
	 (*temporary) = string: "Oops! The game crashed\
"
(2) LÖVE function at file 'boot.lua:352' (best guess)
	Local variables:
	 errhand = Lua function '?' (defined at line 598 of chunk main.lua)
	 handler = Lua function '?' (defined at line 598 of chunk main.lua)
(3) field C function 'translate'
(4) Lua global 'prep_draw' at file 'functions/misc_functions.lua:890'
	Local variables:
	 moveable = table: 0x3c72aa30  {velocity:table: 0x3c739c10, click_offset:table: 0x3c739490, UIT:1, children:table: 0x3c72aa58 (more...)}
	 scale = number: 1
	 rotate = nil
	 offset = nil
(5) Lua method 'draw_self' at file 'engine/ui.lua:716'
	Local variables:
	 self = table: 0x3c72aa30  {velocity:table: 0x3c739c10, click_offset:table: 0x3c739490, UIT:1, children:table: 0x3c72aa58 (more...)}
	 button_active = boolean: true
	 parallax_dist = number: 1.5
	 button_being_pressed = boolean: false
(6) Lua method 'draw_children' at file 'engine/ui.lua:541'
	Local variables:
	 self = table: 0x3c72a890  {click_offset:table: 0x3c73aba8, children:table: 0x3c72a8b8, parent:table: 0x3c729e70 (more...)}
	 layer = nil
	 (for generator) = C function: next
	 (for state) = table: 0x3c72a8b8  {1:table: 0x3c72aa30}
	 (for control) = number: nan
	 k = number: 1
	 v = table: 0x3c72aa30  {velocity:table: 0x3c739c10, click_offset:table: 0x3c739490, UIT:1, children:table: 0x3c72aa58 (more...)}
(7) Lua method 'draw_children' at file 'engine/ui.lua:542'
	Local variables:
	 self = table: 0x3c729e70  {velocity:table: 0x3c73c4a0, under_overlay:false, click_offset:table: 0x3c73bd20 (more...)}
	 layer = nil
	 (for generator) = C function: next
	 (for state) = table: 0x3c729e98  {1:table: 0x3c72a010, 2:table: 0x3c72a390, 3:table: 0x3c72a890}
	 (for control) = number: nan
	 k = number: 3
	 v = table: 0x3c72a890  {click_offset:table: 0x3c73aba8, children:table: 0x3c72a8b8, parent:table: 0x3c729e70 (more...)}
(8) Lua method 'draw_children' at file 'engine/ui.lua:542'
	Local variables:
	 self = table: 0x3c729950  {pixellated_rect:table: 0x3c9d9a20, click_offset:table: 0x3c73cf18, children:table: 0x3c729978 (more...)}
	 layer = nil
	 (for generator) = C function: next
	 (for state) = table: 0x3c729978  {1:table: 0x3c729af0, 2:table: 0x3c729e70}
	 (for control) = number: nan
	 k = number: 2
	 v = table: 0x3c729e70  {velocity:table: 0x3c73c4a0, under_overlay:false, click_offset:table: 0x3c73bd20 (more...)}
(9) Lua method 'draw_children' at file 'engine/ui.lua:542'
	Local variables:
	 self = table: 0x3c729000  {velocity:table: 0x3c73e8a8, click_offset:table: 0x3c73e128, UIT:3, children:table: 0x3c729028 (more...)}
	 layer = nil
	 (for generator) = C function: next
	 (for state) = table: 0x3c729028  {1:table: 0x3c7291a0, 2:table: 0x3c729950}
	 (for control) = number: nan
	 k = number: 2
	 v = table: 0x3c729950  {pixellated_rect:table: 0x3c9d9a20, click_offset:table: 0x3c73cf18, children:table: 0x3c729978 (more...)}
(10) Lua method 'draw_children' at file 'engine/ui.lua:542'
	Local variables:
	 self = table: 0x3c728ae0  {velocity:table: 0x3c73f9b8, under_overlay:false, click_offset:table: 0x3c73f238 (more...)}
	 layer = nil
	 (for generator) = C function: next
	 (for state) = table: 0x3c728b08  {1:table: 0x3c728c80, 2:table: 0x3c729000}
	 (for control) = number: nan
	 k = number: 2
	 v = table: 0x3c729000  {velocity:table: 0x3c73e8a8, click_offset:table: 0x3c73e128, UIT:3, children:table: 0x3c729028 (more...)}
(11) Lua method 'draw' at file 'engine/ui.lua:296'
	Local variables:
	 self = table: 0x3c7275f0  {click_offset:table: 0x3c727988, static_rotation:false, parent:table: 0x3c5a6218 (more...)}
(12) Lua method 'draw_self' at file 'engine/ui.lua:796'
	Local variables:
	 self = table: 0x3c5a6218  {click_offset:table: 0x3c5a68c8, children:table: 0x3c5a6240, parent:table: 0x3c5a6078 (more...)}
	 button_active = boolean: true
	 parallax_dist = number: 1.5
	 button_being_pressed = boolean: false
(13) Lua method 'draw_children' at file 'engine/ui.lua:541'
	Local variables:
	 self = table: 0x3c5a6078  {click_offset:table: 0x3c5a7be8, children:table: 0x3c5a60a0, parent:table: 0x3c5a5ed8 (more...)}
	 layer = nil
	 (for generator) = C function: next
	 (for state) = table: 0x3c5a60a0  {1:table: 0x3c5a6218}
	 (for control) = number: nan
	 k = number: 1
	 v = table: 0x3c5a6218  {click_offset:table: 0x3c5a68c8, children:table: 0x3c5a6240, parent:table: 0x3c5a6078 (more...)}
(14) Lua method 'draw_children' at file 'engine/ui.lua:542'
	Local variables:
	 self = table: 0x3c5a5ed8  {click_offset:table: 0x3c5a8df8, children:table: 0x3c5a5f00, parent:table: 0x3c5a49e8 (more...)}
	 layer = nil
	 (for generator) = C function: next
	 (for state) = table: 0x3c5a5f00  {1:table: 0x3c5a6078}
	 (for control) = number: nan
	 k = number: 1
	 v = table: 0x3c5a6078  {click_offset:table: 0x3c5a7be8, children:table: 0x3c5a60a0, parent:table: 0x3c5a5ed8 (more...)}
(15) Lua method 'draw' at file 'engine/ui.lua:296'
	Local variables:
	 self = table: 0x3c5a49e8  {click_offset:table: 0x3c5a4d80, static_rotation:false, parent:table: 0x3c613d20 (more...)}
(16) Lua method 'draw_self' at file 'engine/ui.lua:796'
	Local variables:
	 self = table: 0x3c613d20  {click_offset:table: 0x3c5a2558, children:table: 0x3c613d48, parent:table: 0x3c613b80 (more...)}
	 button_active = boolean: true
	 parallax_dist = number: 1.5
	 button_being_pressed = boolean: false
(17) Lua method 'draw_children' at file 'engine/ui.lua:541'
	Local variables:
	 self = table: 0x3c613b80  {click_offset:table: 0x3c5ab0f0, children:table: 0x3c613ba8, parent:table: 0x3c613820 (more...)}
	 layer = nil
	 (for generator) = C function: next
	 (for state) = table: 0x3c613ba8  {1:table: 0x3c613d20}
	 (for control) = number: nan
	 k = number: 1
	 v = table: 0x3c613d20  {click_offset:table: 0x3c5a2558, children:table: 0x3c613d48, parent:table: 0x3c613b80 (more...)}
(18) Lua method 'draw_children' at file 'engine/ui.lua:542'
	Local variables:
	 self = table: 0x3c613820  {click_offset:table: 0x3c5ac198, children:table: 0x3c613848, parent:table: 0x3c613680 (more...)}
	 layer = nil
	 (for generator) = C function: next
	 (for state) = table: 0x3c613848  {1:table: 0x3c6139c0, 2:table: 0x3c613b80}
	 (for control) = number: nan
	 k = number: 2
	 v = table: 0x3c613b80  {click_offset:table: 0x3c5ab0f0, children:table: 0x3c613ba8, parent:table: 0x3c613820 (more...)}
(19) Lua method 'draw_children' at file 'engine/ui.lua:542'
	Local variables:
	 self = table: 0x3c613680  {click_offset:table: 0x3c5ad3a8, children:table: 0x3c6136a8, parent:table: 0x3c47bc10 (more...)}
	 layer = nil
	 (for generator) = C function: next
	 (for state) = table: 0x3c6136a8  {1:table: 0x3c613820}
	 (for control) = number: nan
	 k = number: 1
	 v = table: 0x3c613820  {click_offset:table: 0x3c5ac198, children:table: 0x3c613848, parent:table: 0x3c613680 (more...)}
(20) Lua method 'draw_children' at file 'engine/ui.lua:542'
	Local variables:
	 self = table: 0x3c47bc10  {click_offset:table: 0x3c5b7fd8, children:table: 0x3c47bc38, parent:table: 0x3c47a598 (more...)}
	 layer = nil
	 (for generator) = C function: next
	 (for state) = table: 0x3c47bc38  {1:table: 0x3c47bdb0, 2:table: 0x3c613680, 3:table: 0x3c613f00, 4:table: 0x3c614290 (more...)}
	 (for control) = number: nan
	 k = number: 2
	 v = table: 0x3c613680  {click_offset:table: 0x3c5ad3a8, children:table: 0x3c6136a8, parent:table: 0x3c47bc10 (more...)}
(21) Lua method 'draw' at file 'engine/ui.lua:296'
	Local variables:
	 self = table: 0x3c47a598  {click_offset:table: 0x3c47a930, children:table: 0x3c47ae08, parent:table: 0x3ca05e30 (more...)}
(22) Lua method 'draw_self' at file 'engine/ui.lua:796'
	Local variables:
	 self = table: 0x3ca05e30  {click_offset:table: 0x3cad5ff8, children:table: 0x3ca05e58, parent:table: 0x3ca05c90 (more...)}
	 button_active = boolean: true
	 parallax_dist = number: 1.5
	 button_being_pressed = boolean: false
(23) Lua method 'draw_children' at file 'engine/ui.lua:541'
	Local variables:
	 self = table: 0x3ca05c90  {click_offset:table: 0x3cad7318, children:table: 0x3ca05cb8, parent:table: 0x3ca03cd8 (more...)}
	 layer = nil
	 (for generator) = C function: next
	 (for state) = table: 0x3ca05cb8  {1:table: 0x3ca05e30}
	 (for control) = number: nan
	 k = number: 1
	 v = table: 0x3ca05e30  {click_offset:table: 0x3cad5ff8, children:table: 0x3ca05e58, parent:table: 0x3ca05c90 (more...)}
(24) Lua method 'draw_children' at file 'engine/ui.lua:542'
	Local variables:
	 self = table: 0x3ca03cd8  {click_offset:table: 0x3cad8460, children:table: 0x3ca03d00, parent:table: 0x3ca03b38 (more...)}
	 layer = nil
	 (for generator) = C function: next
	 (for state) = table: 0x3ca03d00  {1:table: 0x3ca03e78, 2:table: 0x3ca05c90}
	 (for control) = number: nan
	 k = number: 2
	 v = table: 0x3ca05c90  {click_offset:table: 0x3cad7318, children:table: 0x3ca05cb8, parent:table: 0x3ca03cd8 (more...)}
(25) Lua method 'draw_children' at file 'engine/ui.lua:542'
	Local variables:
	 self = table: 0x3ca03b38  {click_offset:table: 0x3cad95a8, children:table: 0x3ca03b60, parent:table: 0x3ca03998 (more...)}
	 layer = nil
	 (for generator) = C function: next
	 (for state) = table: 0x3ca03b60  {1:table: 0x3ca03cd8}
	 (for control) = number: nan
	 k = number: 1
	 v = table: 0x3ca03cd8  {click_offset:table: 0x3cad8460, children:table: 0x3ca03d00, parent:table: 0x3ca03b38 (more...)}
(26) Lua method 'draw' at file 'engine/ui.lua:299'
	Local variables:
	 self = table: 0x3ca01e40  {click_offset:table: 0x3ca021d8, children:table: 0x3ca026b0, CALCING:true (more...)}
	 (for generator) = C function: builtin#6
	 (for state) = table: 0x3ca02f78  {1:table: 0x3ca03b38}
	 (for control) = number: 1
	 k = number: 1
	 v = table: 0x3ca03b38  {click_offset:table: 0x3cad95a8, children:table: 0x3ca03b60, parent:table: 0x3ca03998 (more...)}
(27) Lua method 'draw' at file 'game.lua:2900'
	Local variables:
	 self = table: 0x3b9a64f8  {F_GUIDE:false, F_CRASH_REPORTS:false, F_QUIT_BUTTON:true, F_ENGLISH_ONLY:false (more...)}
(28) Lua field 'draw' at file 'main.lua:998'
(29) Lua function '?' at file 'main.lua:934' (best guess)
(30) global C function 'xpcall'
(31) LÖVE function at file 'boot.lua:377' (best guess)
	Local variables:
	 func = Lua function '?' (defined at line 902 of chunk main.lua)
	 inerror = boolean: true
	 deferErrhand = Lua function '(LÖVE Function)' (defined at line 348 of chunk [love "boot.lua"])
	 earlyinit = Lua function '(LÖVE Function)' (defined at line 355 of chunk [love "boot.lua"])

INFO - [G] file not found: main.lua: No such file or directory
INFO - [G] file not found: main.lua: No such file or directory
INFO - [G] 2025-03-07 01:16:53 :: INFO  :: StackTrace :: Additional Context:
Balatro Version: 1.0.1o-FULL
Modded Version: 1.0.0~ALPHA-1409a-STEAMODDED
LÖVE Version: 11.5.0
Lovely Version: 0.7.1
Platform: Windows
Steamodded Mods:
    1: Zero Bullitro by BitBites [ID: 0Bullitro, Version: 1.0]
    2: Preorder Cards by asd123cqp [ID: preorder_cards]
    3: Aura by MathIsFun_, ChromaPIE, Bard, Grassy311, RattlingSnow353, Solace, RadicaAprils, chloe_cromslor [ID: Aura, Version: 0.023, Uses Lovely]
    4: Hentai Cards by Makubex77, Pheubel (Code) [ID: HentaiCards, Version: 1.1]
    5: Vintage Pinup Cards by NoScope1080 [ID: VintagePinupCards]
    6: Stickface Deck by Stickface [ID: StickfaceNSFWDeck, Version: 1.0.0]
    7: Balustro by someone23832 [ID: Balustro, Priority: -20, Version: 0.12, Uses Lovely]
Lovely Mods:
