INFO - [♥] Lovely 0.7.1
INFO - [♥] Game directory is at "C:\\Program Files (x86)\\Steam\\steamapps\\common\\Balatro"
INFO - [♥] Writing logs to "C:\\Users\\Administrator\\AppData\\Roaming\\Balatro\\Mods\\lovely\\log"
INFO - [♥] Using mod directory at "C:\\Users\\Administrator\\AppData\\Roaming\\Balatro\\Mods"
INFO - [♥] Found .lovelyignore in 'SakashimaJoker', skipping it.
INFO - [♥] Cleaning up dumps directory at "C:\\Users\\Administrator\\AppData\\Roaming\\Balatro\\Mods\\lovely\\dump"
INFO - [♥] Initialization complete in 20ms
INFO - [♥] Applied 12 patches to 'main.lua'
INFO - [♥] Applied 5 patches to 'engine/controller.lua'
INFO - [♥] Applied 13 patches to 'back.lua'
INFO - [♥] Applied 6 patches to 'tag.lua'
INFO - [♥] Applied 1 patch to 'engine/moveable.lua'
INFO - [♥] Applied 2 patches to 'engine/sprite.lua'
INFO - [♥] Applied 2 patches to 'engine/animatedsprite.lua'
INFO - [♥] Applied 44 patches to 'functions/misc_functions.lua'
INFO - [♥] Applied 29 patches to 'game.lua'
INFO - [♥] Applied 1 patch to 'globals.lua'
INFO - [♥] Applied 3 patches to 'engine/ui.lua'
INFO - [♥] Applied 72 patches to 'functions/UI_definitions.lua'
INFO - [♥] Applied 39 patches to 'functions/state_events.lua'
INFO - [♥] Applied 87 patches to 'functions/common_events.lua'
INFO - [♥] Applied 38 patches to 'functions/button_callbacks.lua'
INFO - [♥] Applied 143 patches to 'card.lua'
INFO - [♥] Applied 6 patches to 'cardarea.lua'
INFO - [♥] Applied 30 patches to 'blind.lua'
INFO - [♥] Applied 2 patches to 'engine/text.lua'
INFO - [G] Failed to connect to the debug server
INFO - [G] 2025-03-07 15:13:11 :: DEBUG :: DebugConsole :: Steamodded Debug Socket started !
INFO - [♥] Applied 9 patches to 'engine/sound_manager.lua'
INFO - [♥] Applied 1 patch to 'engine/save_manager.lua'
INFO - [G] 2025-03-07 15:13:13 :: ERROR :: Loader :: Found invalid metadata JSON file at C:\Users\Administrator\AppData\Roaming\Balatro\Mods/.vscode/settings.json, ignoring: [SMODS _ "src/loader.lua"]:226: id
INFO - [G] 2025-03-07 15:13:13 :: INFO  :: DefaultLogger :: Valid JSON file found
INFO - [G] 2025-03-07 15:13:13 :: ERROR :: Loader :: Found invalid metadata JSON file at C:\Users\Administrator\AppData\Roaming\Balatro\Mods/Aura/.vscode/settings.json, ignoring: [SMODS _ "src/loader.lua"]:226: id
INFO - [G] 2025-03-07 15:13:13 :: TRACE :: Loader :: Processing Mod file (Legacy header): Aura.lua
INFO - [G] 2025-03-07 15:13:13 :: TRACE :: Loader :: Saving Mod Info: Aura
INFO - [G] 2025-03-07 15:13:13 :: TRACE :: Loader :: Processing Mod file (Legacy header): PreorderCards.lua
INFO - [G] 2025-03-07 15:13:13 :: TRACE :: Loader :: Saving Mod Info: preorder_cards
INFO - [G] 2025-03-07 15:13:13 :: INFO  :: DefaultLogger :: Valid JSON file found
INFO - [G] 2025-03-07 15:13:13 :: INFO  :: DefaultLogger :: Valid JSON file found
INFO - [G] 2025-03-07 15:13:13 :: TRACE :: Loader :: Processing Mod file (Legacy header): HentaiCards.lua
INFO - [G] 2025-03-07 15:13:13 :: WARN  :: Loader :: Duplicate Mod ID: HentaiCards
INFO - [G] 2025-03-07 15:13:13 :: TRACE :: Loader :: Processing Mod file (Legacy header): SakashimaJoker.lua
INFO - [G] 2025-03-07 15:13:13 :: TRACE :: Loader :: Saving Mod Info: SakashimaJoker
INFO - [G] 2025-03-07 15:13:13 :: INFO  :: DefaultLogger :: Valid JSON file found
INFO - [G] 2025-03-07 15:13:13 :: TRACE :: Loader :: Processing Mod file (Legacy header): VintagePinupCards.lua
INFO - [G] 2025-03-07 15:13:13 :: TRACE :: Loader :: Saving Mod Info: VintagePinupCards
INFO - [G] 2025-03-07 15:13:13 :: WARN  :: DeckSkin :: Old DeckSkin formatting detected on DeckSkin lust_LuckHearts!
INFO - [G] 2025-03-07 15:13:13 :: WARN  :: DeckSkin :: Old DeckSkin formatting detected on DeckSkin lust_LuckClubs!
INFO - [G] 2025-03-07 15:13:13 :: WARN  :: DeckSkin :: Old DeckSkin formatting detected on DeckSkin lust_LuckDiamonds!
INFO - [G] 2025-03-07 15:13:13 :: WARN  :: DeckSkin :: Old DeckSkin formatting detected on DeckSkin lust_LuckSpades!
INFO - [G] Picture dimensions: 138 x 186
INFO - [G] Number of animation frames: 8
INFO - [G] Comment inside this GIF: Created with Paint.NET
INFO - [G] Picture dimensions: 138 x 186
INFO - [G] Number of animation frames: 1
INFO - [G] Comment inside this GIF: NO_COMMENT
INFO - [G] Picture dimensions: 138 x 186
INFO - [G] Number of animation frames: 9
INFO - [G] Comment inside this GIF: Created with Paint.NET
INFO - [G] 2025-03-07 15:13:13 :: WARN  :: Atlas :: Object centers has the same key as an existing object, not registering.
INFO - [G] 2025-03-07 15:13:13 :: WARN  :: Atlas :: If you want to modify an existing object, use take_ownership()
INFO - [G] soul_atlas
INFO - [G] 2025-03-07 15:13:13 :: TRACE :: Loader :: Mod SakashimaJoker was unable to load: 
INFO - [G] 2025-03-07 15:13:13 :: INFO  :: TIMER :: [0000] Injected Language in 0.002 ms
INFO - [G] 2025-03-07 15:13:13 :: INFO  :: TIMER :: [0000] Injected [INTERNAL] in 1.187 ms
INFO - [G] mod_tags
INFO - [G] achievements
INFO - [G] lust_AltVersions
INFO - [G] Joker
INFO - [G] centers
INFO - [G] lust_editions
INFO - [G] lust_LustTarot
INFO - [G] Booster
INFO - [G] stickers
INFO - [G] shop_sign
INFO - [G] balatro
INFO - [G] lust_modicon
INFO - [G] BalustroIcons
INFO - [G] lust_BalustroPlayingCards
INFO - [G] lust_LuckPlayingCardsLC
INFO - [G] lust_LuckPlayingCardsHC
INFO - [G] bull_wide_card
INFO - [G] aura_j_faceless
INFO - [G] aura_j_seance
INFO - [G] aura_j_juggler
INFO - [G] aura_c_hearts
INFO - [G] aura_c_diamonds
INFO - [G] aura_c_clubs
INFO - [G] aura_c_spades
INFO - [G] aura_goon_icon_heart
INFO - [G] aura_goon_icon_diamond
INFO - [G] aura_goon_icon_club
INFO - [G] aura_goon_icon_spade
INFO - [G] FHC_hentai_cards_deck_lc
INFO - [G] FHC_hentai_cards_deck_hc
INFO - [G] Tarot
INFO - [G] Planet
INFO - [G] Spectral
INFO - [G] soul_atlas
INFO - [G] StickfaceNSFW_8BitDeck_opt2
INFO - [G] StickfaceNSFW_8BitDeck
INFO - [G] StickfaceNSFW_icon_lc
INFO - [G] StickfaceNSFW_icon_hc
INFO - [G] vintage_pinup_cards
INFO - [G] 2025-03-07 15:13:14 :: INFO  :: TIMER :: [0039] Injected Atlas in 1134.452 ms
INFO - [G] 2025-03-07 15:13:14 :: INFO  :: TIMER :: [0053] Injected Sound in 4.204 ms
INFO - [G] 2025-03-07 15:13:14 :: INFO  :: TIMER :: [0008] Injected Stake in 0.154 ms
INFO - [G] 2025-03-07 15:13:14 :: INFO  :: TIMER :: [0004] Injected Rarity in 0.016 ms
INFO - [G] 2025-03-07 15:13:14 :: INFO  :: TIMER :: [0004] Injected ObjectType in 0.031 ms
INFO - [G] 2025-03-07 15:13:14 :: INFO  :: TIMER :: [0212] Injected Center in 2.457 ms
INFO - [G] 2025-03-07 15:13:14 :: INFO  :: TIMER :: [0007] Injected Undiscovered Sprite in 0.014 ms
INFO - [G] 2025-03-07 15:13:14 :: INFO  :: TIMER :: [0002] Injected Blind in 0.018 ms
INFO - [G] 2025-03-07 15:13:14 :: INFO  :: TIMER :: [0004] Injected Seal in 0.116 ms
INFO - [G] 2025-03-07 15:13:14 :: INFO  :: TIMER :: [0004] Injected Suit in 0.081 ms
INFO - [G] 2025-03-07 15:13:14 :: INFO  :: TIMER :: [0013] Injected Rank in 0.079 ms
INFO - [G] 2025-03-07 15:13:14 :: INFO  :: TIMER :: [0052] Injected DeckSkin in 0.268 ms
INFO - [G] 2025-03-07 15:13:14 :: INFO  :: TIMER :: [0012] Injected PokerHand in 0.074 ms
INFO - [G] 2025-03-07 15:13:14 :: INFO  :: TIMER :: [0020] Injected Challenge in 0.043 ms
INFO - [G] 2025-03-07 15:13:14 :: INFO  :: TIMER :: [0000] Injected Tag in 0.002 ms
INFO - [G] 2025-03-07 15:13:14 :: INFO  :: TIMER :: [0004] Injected Sticker in 0.066 ms
INFO - [G] 2025-03-07 15:13:14 :: INFO  :: TIMER :: [0000] Injected Shader in 0.001 ms
INFO - [G] 2025-03-07 15:13:14 :: INFO  :: TIMER :: [0001] Injected Keybind in 0.013 ms
INFO - [G] 2025-03-07 15:13:14 :: INFO  :: TIMER :: [0000] Injected Achievement in 0.020 ms
INFO - [G] 2025-03-07 15:13:14 :: INFO  :: TIMER :: [0000] Injected [INTERNAL] in 1.889 ms
INFO - [G] 11
INFO - [G] line not found
INFO - [G] file not found: main.lua: No such file or directory
INFO - [G] file not found: main.lua: No such file or directory
INFO - [G] file not found: main.lua: No such file or directory
INFO - [G] file not found: main.lua: No such file or directory
INFO - [G] 2025-03-07 15:13:21 :: ERROR :: StackTrace :: Oops! The game crashed
[SMODS 0Bullitro "0Bullitro.lua"]:1102: attempt to compare table with number
Stack Traceback
===============
(1) Lua local 'handler' at file 'main.lua:612'
	Local variables:
	 msg = string: "[SMODS 0Bullitro \"0Bullitro.lua\"]:1102: attempt to compare table with number"
	 (*temporary) = Lua function '?' (defined at line 31 of chunk [SMODS _ "src/logging.lua"])
	 (*temporary) = string: "Oops! The game crashed\
"
(2) LÖVE metamethod at file 'boot.lua:352'
	Local variables:
	 errhand = Lua function '?' (defined at line 598 of chunk main.lua)
	 handler = Lua function '?' (defined at line 598 of chunk main.lua)
(3) Lua method 'get_id' at file '0Bullitro.lua:1102' (from mod with id 0Bullitro)
	Local variables:
	 self = table: 0x25f23a98  {click_offset:table: 0x25dc9a58, children:table: 0x25dd06d0, ambient_tilt:0.2 (more...)}
	 val = number: 11
	 (*temporary) = -wan  {value:-wan}
	 (*temporary) = number: 11
	 (*temporary) = string: "attempt to compare table with number"
(4) Lua global 'get_X_same' at file 'functions/misc_functions.lua:657'
	Local variables:
	 num = number: 2
	 hand = table: 0x2539e318  {1:table: 0x25f23a98}
	 or_more = boolean: true
	 vals = table: 0x25dd2aa0  {1:table: 0x25dc9530, 2:table: 0x25dbd5e0, 3:table: 0x25dbd608, 4:table: 0x25dd5548 (more...)}
	 (for index) = number: 1
	 (for limit) = number: 1
	 (for step) = number: -1
	 i = number: 1
	 curr = table: 0x25dea968  {1:table: 0x25f23a98}
	 (for index) = number: 1
	 (for limit) = number: 1
	 (for step) = number: 1
	 j = number: 1
(5) Lua field 'func' at Steamodded file 'src/game_object.lua:2585' 
	Local variables:
	 hand = table: 0x2539e318  {1:table: 0x25f23a98}
(6) Lua global 'evaluate_poker_hand' at Steamodded file 'src/overrides.lua:1240' 
	Local variables:
	 hand = table: 0x2539e318  {1:table: 0x25f23a98}
	 results = table: 0x25573178  {}
	 parts = table: 0x25f2e170  {_highest:table: 0x25f2e198, _flush:table: 0x25dc94e0, _straight:table: 0x25f2e1d8 (more...)}
	 (for generator) = C function: builtin#6
	 (for state) = table: 0x256bf948  {1:_highest, 2:_straight, 3:_flush, 4:_all_pairs, 5:_2, 6:_3, 7:_4, 8:_5 (more...)}
	 (for control) = number: 4
	 _ = number: 4
	 v = string: "_all_pairs"
(7) Lua field 'get_poker_hand_info' at Steamodded file 'src/overrides.lua:1090' 
	Local variables:
	 _cards = table: 0x2539e318  {1:table: 0x25f23a98}
(8) Lua method 'parse_highlighted' at file 'cardarea.lua:174'
	Local variables:
	 self = table: 0x254ec578  {click_offset:table: 0x25e73b10, children:table: 0x25eff878, shuffle_amt:0 (more...)}
(9) Lua method 'add_to_highlighted' at file 'cardarea.lua:167'
	Local variables:
	 self = table: 0x254ec578  {click_offset:table: 0x25e73b10, children:table: 0x25eff878, shuffle_amt:0 (more...)}
	 card = table: 0x25f23a98  {click_offset:table: 0x25dc9a58, children:table: 0x25dd06d0, ambient_tilt:0.2 (more...)}
	 silent = nil
(10) Lua method 'click' at file 'card.lua:4848'
	Local variables:
	 self = table: 0x25f23a98  {click_offset:table: 0x25dc9a58, children:table: 0x25dd06d0, ambient_tilt:0.2 (more...)}
(11) Lua method 'update' at file 'engine/controller.lua:375'
	Local variables:
	 self = table: 0x25605ac8  {held_button_times:table: 0x25606398, focus_cursor_stack_level:1, snap_cursor_to:table: 0x261292c0 (more...)}
	 dt = number: 0.0168814
(12) Lua upvalue 'gameUpdateRef' at file 'game.lua:2675'
	Local variables:
	 self = table: 0x251852e0  {F_GUIDE:false, F_CRASH_REPORTS:false, F_QUIT_BUTTON:true, HUD_tags:table: 0x261bf4e0 (more...)}
	 dt = number: 0.0168814
(13) Lua upvalue 'old_update' at Steamodded file 'src/ui.lua:84' 
	Local variables:
	 self = table: 0x251852e0  {F_GUIDE:false, F_CRASH_REPORTS:false, F_QUIT_BUTTON:true, HUD_tags:table: 0x261bf4e0 (more...)}
	 dt = number: 0.0168814
(14) Lua method 'update' at file 'Aura.lua:203' (from mod with id Aura)
	Local variables:
	 self = table: 0x251852e0  {F_GUIDE:false, F_CRASH_REPORTS:false, F_QUIT_BUTTON:true, HUD_tags:table: 0x261bf4e0 (more...)}
	 dt = number: 0.0168814
(15) Lua field 'update' at file 'main.lua:992'
	Local variables:
	 dt = number: 0.0168814
(16) Lua function '?' at file 'main.lua:931' (best guess)
(17) global C function 'xpcall'
(18) LÖVE function at file 'boot.lua:377' (best guess)
	Local variables:
	 func = Lua function '?' (defined at line 902 of chunk main.lua)
	 inerror = boolean: true
	 deferErrhand = Lua function '(LÖVE Function)' (defined at line 348 of chunk [love "boot.lua"])
	 earlyinit = Lua function '(LÖVE Function)' (defined at line 355 of chunk [love "boot.lua"])

INFO - [G] file not found: main.lua: No such file or directory
INFO - [G] file not found: main.lua: No such file or directory
INFO - [G] 2025-03-07 15:13:21 :: INFO  :: StackTrace :: Additional Context:
Balatro Version: 1.0.1o-FULL
Modded Version: 1.0.0~ALPHA-1409a-STEAMODDED
LÖVE Version: 11.5.0
Lovely Version: 0.7.1
Platform: Windows
Steamodded Mods:
    1: Zero Bullitro by BitBites [ID: 0Bullitro, Version: 1.0]
    2: Preorder Cards by asd123cqp [ID: preorder_cards]
    3: Aura by MathIsFun_, ChromaPIE, Bard, Grassy311, RattlingSnow353, Solace, RadicaAprils, chloe_cromslor [ID: Aura, Version: 0.023, Uses Lovely]
    4: Hentai Cards by Makubex77, Pheubel (Code) [ID: HentaiCards, Version: 1.1]
    5: Vintage Pinup Cards by NoScope1080 [ID: VintagePinupCards]
    6: Stickface Deck by Stickface [ID: StickfaceNSFWDeck, Version: 1.0.0]
    7: Balustro by someone23832 [ID: Balustro, Priority: -20, Version: 0.12, Uses Lovely]
Lovely Mods:
