INFO - [♥] Lovely 0.7.1
INFO - [♥] Game directory is at "C:\\Program Files (x86)\\Steam\\steamapps\\common\\Balatro"
INFO - [♥] Writing logs to "C:\\Users\\Administrator\\AppData\\Roaming\\Balatro\\Mods\\lovely\\log"
INFO - [♥] Using mod directory at "C:\\Users\\Administrator\\AppData\\Roaming\\Balatro\\Mods"
INFO - [♥] Cleaning up dumps directory at "C:\\Users\\Administrator\\AppData\\Roaming\\Balatro\\Mods\\lovely\\dump"
INFO - [♥] Initialization complete in 20ms
INFO - [♥] Applied 12 patches to 'main.lua'
INFO - [♥] Applied 5 patches to 'engine/controller.lua'
INFO - [♥] Applied 13 patches to 'back.lua'
INFO - [♥] Applied 6 patches to 'tag.lua'
INFO - [♥] Applied 1 patch to 'engine/moveable.lua'
INFO - [♥] Applied 2 patches to 'engine/sprite.lua'
INFO - [♥] Applied 2 patches to 'engine/animatedsprite.lua'
INFO - [♥] Applied 41 patches to 'functions/misc_functions.lua'
INFO - [♥] Applied 24 patches to 'game.lua'
INFO - [♥] Applied 1 patch to 'globals.lua'
INFO - [♥] Applied 3 patches to 'engine/ui.lua'
INFO - [♥] Applied 72 patches to 'functions/UI_definitions.lua'
INFO - [♥] Applied 39 patches to 'functions/state_events.lua'
INFO - [♥] Applied 86 patches to 'functions/common_events.lua'
INFO - [♥] Applied 38 patches to 'functions/button_callbacks.lua'
INFO - [♥] Applied 139 patches to 'card.lua'
INFO - [♥] Applied 6 patches to 'cardarea.lua'
INFO - [♥] Applied 30 patches to 'blind.lua'
INFO - [♥] Applied 2 patches to 'engine/text.lua'
INFO - [G] Failed to connect to the debug server
INFO - [G] 2025-02-11 16:59:21 :: DEBUG :: DebugConsole :: Steamodded Debug Socket started !
INFO - [♥] Applied 9 patches to 'engine/sound_manager.lua'
INFO - [♥] Applied 1 patch to 'engine/save_manager.lua'
INFO - [G] 2025-02-11 16:59:27 :: ERROR :: Loader :: Found invalid metadata JSON file at C:\Users\Administrator\AppData\Roaming\Balatro\Mods/.vscode/settings.json, ignoring: [SMODS _ "src/loader.lua"]:226: id
INFO - [G] 2025-02-11 16:59:27 :: TRACE :: Loader :: Processing Mod file (Legacy header): PreorderCards.lua
INFO - [G] 2025-02-11 16:59:27 :: TRACE :: Loader :: Saving Mod Info: preorder_cards
INFO - [G] 2025-02-11 16:59:27 :: TRACE :: Loader :: Processing Mod file (Legacy header): SakashimaJoker.lua
INFO - [G] 2025-02-11 16:59:27 :: TRACE :: Loader :: Saving Mod Info: SakashimaJoker
INFO - [G] 2025-02-11 16:59:27 :: INFO  :: TIMER :: [0000] Injected Language in 0.001 ms
INFO - [G] 2025-02-11 16:59:27 :: INFO  :: TIMER :: [0000] Injected [INTERNAL] in 0.943 ms
INFO - [G] 2025-02-11 16:59:28 :: INFO  :: TIMER :: [0004] Injected Atlas in 438.795 ms
INFO - [G] 2025-02-11 16:59:28 :: INFO  :: TIMER :: [0001] Injected Sound in 0.117 ms
INFO - [G] 2025-02-11 16:59:28 :: INFO  :: TIMER :: [0008] Injected Stake in 0.261 ms
INFO - [G] 2025-02-11 16:59:28 :: INFO  :: TIMER :: [0004] Injected Rarity in 0.013 ms
INFO - [G] 2025-02-11 16:59:28 :: INFO  :: TIMER :: [0004] Injected ObjectType in 0.045 ms
INFO - [G] 2025-02-11 16:59:28 :: INFO  :: TIMER :: [0049] Injected Center in 0.494 ms
INFO - [G] 2025-02-11 16:59:28 :: INFO  :: TIMER :: [0007] Injected Undiscovered Sprite in 0.042 ms
INFO - [G] 2025-02-11 16:59:28 :: INFO  :: TIMER :: [0002] Injected Blind in 0.013 ms
INFO - [G] 2025-02-11 16:59:28 :: INFO  :: TIMER :: [0004] Injected Seal in 0.275 ms
INFO - [G] 2025-02-11 16:59:28 :: INFO  :: TIMER :: [0004] Injected Suit in 0.053 ms
INFO - [G] 2025-02-11 16:59:28 :: INFO  :: TIMER :: [0013] Injected Rank in 0.084 ms
INFO - [G] 2025-02-11 16:59:28 :: INFO  :: TIMER :: [0020] Injected DeckSkin in 0.157 ms
INFO - [G] 2025-02-11 16:59:28 :: INFO  :: TIMER :: [0012] Injected PokerHand in 0.088 ms
INFO - [G] 2025-02-11 16:59:28 :: INFO  :: TIMER :: [0020] Injected Challenge in 0.113 ms
INFO - [G] 2025-02-11 16:59:28 :: INFO  :: TIMER :: [0000] Injected Tag in 0.002 ms
INFO - [G] 2025-02-11 16:59:28 :: INFO  :: TIMER :: [0004] Injected Sticker in 0.086 ms
INFO - [G] 2025-02-11 16:59:28 :: INFO  :: TIMER :: [0000] Injected Shader in 0.001 ms
INFO - [G] 2025-02-11 16:59:28 :: INFO  :: TIMER :: [0001] Injected Keybind in 0.012 ms
INFO - [G] 2025-02-11 16:59:28 :: INFO  :: TIMER :: [0000] Injected Achievement in 0.055 ms
INFO - [G] 2025-02-11 16:59:28 :: INFO  :: TIMER :: [0000] Injected [INTERNAL] in 0.467 ms
INFO - [G] ERROR LOADING GAME: Card area 'shop_booster' not instantiated before load
INFO - [G] ERROR LOADING GAME: Card area 'shop_jokers' not instantiated before load
INFO - [G] ERROR LOADING GAME: Card area 'shop_vouchers' not instantiated before load
INFO - [G] LONG DT @ 17: 0.1
INFO - [G] LONG DT @ 17: 0.08083332
INFO - [G] LONG DT @ 17: 0.065531056
INFO - [G] LONG DT @ 17: 0.0551486448
INFO - [G] LONG DT @ 24: 0.1
INFO - [G] LONG DT @ 24: 0.08125468
INFO - [G] LONG DT @ 24: 0.065927163999999
INFO - [G] LONG DT @ 24: 0.0541549312
INFO - [G] LONG DT @ 13: 0.1
INFO - [G] LONG DT @ 13: 0.080305739999999
INFO - [G] LONG DT @ 13: 0.065032531999986
INFO - [G] LONG DT @ 13: 0.054371005599987
