INFO - [♥] Lovely 0.7.1
INFO - [♥] Game directory is at "C:\\Program Files (x86)\\Steam\\steamapps\\common\\Balatro"
INFO - [♥] Writing logs to "C:\\Users\\Administrator\\AppData\\Roaming\\Balatro\\Mods\\lovely\\log"
INFO - [♥] Using mod directory at "C:\\Users\\Administrator\\AppData\\Roaming\\Balatro\\Mods"
INFO - [♥] Found .lovelyignore in '0Bullitro', skipping it.
INFO - [♥] Found .lovelyignore in 'Aura', skipping it.
INFO - [♥] Found .lovelyignore in 'BalatroPreorderCards-69-0-5-1-1735086456', skipping it.
INFO - [♥] Found .lovelyignore in 'Balustro', skipping it.
INFO - [♥] Found .lovelyignore in 'dist', skipping it.
INFO - [♥] Found .lovelyignore in 'HentaiCards', skipping it.
INFO - [♥] Found .lovelyignore in 'SakashimaJoker', skipping it.
INFO - [♥] Found .lovelyignore in 'shortcuts_fork', skipping it.
INFO - [♥] Found .lovelyignore in 'StickfaceNSFWDeck', skipping it.
INFO - [♥] Found .lovelyignore in 'Vintage Pinup Cards', skipping it.
INFO - [♥] Cleaning up dumps directory at "C:\\Users\\Administrator\\AppData\\Roaming\\Balatro\\Mods\\lovely\\dump"
INFO - [♥] Initialization complete in 44ms
INFO - [♥] Applied 12 patches to 'main.lua'
INFO - [♥] Applied 5 patches to 'engine/controller.lua'
INFO - [♥] Applied 13 patches to 'back.lua'
INFO - [♥] Applied 6 patches to 'tag.lua'
INFO - [♥] Applied 1 patch to 'engine/moveable.lua'
INFO - [♥] Applied 2 patches to 'engine/sprite.lua'
INFO - [♥] Applied 2 patches to 'engine/animatedsprite.lua'
INFO - [♥] Applied 41 patches to 'functions/misc_functions.lua'
INFO - [♥] Applied 24 patches to 'game.lua'
INFO - [♥] Applied 1 patch to 'globals.lua'
INFO - [♥] Applied 3 patches to 'engine/ui.lua'
INFO - [♥] Applied 72 patches to 'functions/UI_definitions.lua'
INFO - [♥] Applied 39 patches to 'functions/state_events.lua'
INFO - [♥] Applied 86 patches to 'functions/common_events.lua'
INFO - [♥] Applied 38 patches to 'functions/button_callbacks.lua'
INFO - [♥] Applied 139 patches to 'card.lua'
INFO - [♥] Applied 6 patches to 'cardarea.lua'
INFO - [♥] Applied 30 patches to 'blind.lua'
INFO - [♥] Applied 2 patches to 'engine/text.lua'
INFO - [G] Failed to connect to the debug server
INFO - [G] 2025-03-27 19:20:20 :: DEBUG :: DebugConsole :: Steamodded Debug Socket started !
INFO - [♥] Applied 9 patches to 'engine/sound_manager.lua'
INFO - [♥] Applied 1 patch to 'engine/save_manager.lua'
INFO - [G] 2025-03-27 19:20:21 :: ERROR :: Loader :: Found invalid metadata JSON file at C:\Users\Administrator\AppData\Roaming\Balatro\Mods/.vscode/settings.json, ignoring: [SMODS _ "src/loader.lua"]:226: id
INFO - [G] 2025-03-27 19:20:21 :: INFO  :: DefaultLogger :: Valid JSON file found
INFO - [G] 2025-03-27 19:20:21 :: ERROR :: Loader :: Found invalid metadata JSON file at C:\Users\Administrator\AppData\Roaming\Balatro\Mods/Aura/.vscode/settings.json, ignoring: [SMODS _ "src/loader.lua"]:226: id
INFO - [G] 2025-03-27 19:20:21 :: TRACE :: Loader :: Processing Mod file (Legacy header): Aura.lua
INFO - [G] 2025-03-27 19:20:21 :: TRACE :: Loader :: Saving Mod Info: Aura
INFO - [G] 2025-03-27 19:20:21 :: TRACE :: Loader :: Processing Mod file (Legacy header): PreorderCards.lua
INFO - [G] 2025-03-27 19:20:21 :: TRACE :: Loader :: Saving Mod Info: preorder_cards
INFO - [G] 2025-03-27 19:20:21 :: INFO  :: DefaultLogger :: Valid JSON file found
INFO - [G] 2025-03-27 19:20:21 :: INFO  :: DefaultLogger :: Valid JSON file found
INFO - [G] 2025-03-27 19:20:21 :: TRACE :: Loader :: Processing Mod file (Legacy header): HentaiCards.lua
INFO - [G] 2025-03-27 19:20:21 :: WARN  :: Loader :: Duplicate Mod ID: HentaiCards
INFO - [G] 2025-03-27 19:20:21 :: TRACE :: Loader :: Processing Mod file (Legacy header): SakashimaJoker.lua
INFO - [G] 2025-03-27 19:20:21 :: TRACE :: Loader :: Saving Mod Info: SakashimaJoker
INFO - [G] 2025-03-27 19:20:21 :: INFO  :: DefaultLogger :: Valid JSON file found
INFO - [G] 2025-03-27 19:20:21 :: TRACE :: Loader :: Processing Mod file (Legacy header): VintagePinupCards.lua
INFO - [G] 2025-03-27 19:20:21 :: TRACE :: Loader :: Saving Mod Info: VintagePinupCards
INFO - [G] 2025-03-27 19:20:22 :: ERROR :: Loader :: Found invalid metadata JSON file at C:\Users\Administrator\AppData\Roaming\Balatro\Mods/node_modules/.package-lock.json, ignoring: [SMODS _ "src/loader.lua"]:226: id
INFO - [G] 2025-03-27 19:20:22 :: ERROR :: Loader :: Found invalid metadata JSON file at C:\Users\Administrator\AppData\Roaming\Balatro\Mods/node_modules/enhanced-resolve/package.json, ignoring: [SMODS _ "src/loader.lua"]:226: id
INFO - [G] 2025-03-27 19:20:22 :: ERROR :: Loader :: Found invalid metadata JSON file at C:\Users\Administrator\AppData\Roaming\Balatro\Mods/node_modules/function-bind/package.json, ignoring: [SMODS _ "src/loader.lua"]:226: id
INFO - [G] 2025-03-27 19:20:22 :: ERROR :: Loader :: Found invalid metadata JSON file at C:\Users\Administrator\AppData\Roaming\Balatro\Mods/node_modules/graceful-fs/package.json, ignoring: [SMODS _ "src/loader.lua"]:226: id
INFO - [G] 2025-03-27 19:20:22 :: ERROR :: Loader :: Found invalid metadata JSON file at C:\Users\Administrator\AppData\Roaming\Balatro\Mods/node_modules/hasown/package.json, ignoring: [SMODS _ "src/loader.lua"]:226: id
INFO - [G] 2025-03-27 19:20:22 :: ERROR :: Loader :: Found invalid metadata JSON file at C:\Users\Administrator\AppData\Roaming\Balatro\Mods/node_modules/hasown/tsconfig.json, ignoring: [SMODS _ "src/loader.lua"]:226: id
INFO - [G] 2025-03-27 19:20:22 :: ERROR :: Loader :: Found invalid metadata JSON file at C:\Users\Administrator\AppData\Roaming\Balatro\Mods/node_modules/is-core-module/core.json, ignoring: [SMODS _ "src/loader.lua"]:226: id
INFO - [G] 2025-03-27 19:20:22 :: ERROR :: Loader :: Found invalid metadata JSON file at C:\Users\Administrator\AppData\Roaming\Balatro\Mods/node_modules/is-core-module/package.json, ignoring: [SMODS _ "src/loader.lua"]:226: id
INFO - [G] 2025-03-27 19:20:22 :: ERROR :: Loader :: Found invalid metadata JSON file at C:\Users\Administrator\AppData\Roaming\Balatro\Mods/node_modules/love-typescript-definitions/package.json, ignoring: [SMODS _ "src/loader.lua"]:226: id
INFO - [G] 2025-03-27 19:20:22 :: ERROR :: Loader :: Found invalid metadata JSON file at C:\Users\Administrator\AppData\Roaming\Balatro\Mods/node_modules/path-parse/package.json, ignoring: [SMODS _ "src/loader.lua"]:226: id
INFO - [G] 2025-03-27 19:20:22 :: ERROR :: Loader :: Found invalid metadata JSON file at C:\Users\Administrator\AppData\Roaming\Balatro\Mods/node_modules/picomatch/package.json, ignoring: [SMODS _ "src/loader.lua"]:226: id
INFO - [G] 2025-03-27 19:20:22 :: ERROR :: Loader :: Found invalid metadata JSON file at C:\Users\Administrator\AppData\Roaming\Balatro\Mods/node_modules/resolve/package.json, ignoring: [SMODS _ "src/loader.lua"]:226: id
INFO - [G] 2025-03-27 19:20:22 :: ERROR :: Loader :: Found invalid metadata JSON file at C:\Users\Administrator\AppData\Roaming\Balatro\Mods/node_modules/source-map/package.json, ignoring: [SMODS _ "src/loader.lua"]:226: id
INFO - [G] 2025-03-27 19:20:22 :: ERROR :: Loader :: Found invalid metadata JSON file at C:\Users\Administrator\AppData\Roaming\Balatro\Mods/node_modules/supports-preserve-symlinks-flag/package.json, ignoring: [SMODS _ "src/loader.lua"]:226: id
INFO - [G] 2025-03-27 19:20:22 :: ERROR :: Loader :: Found invalid metadata JSON file at C:\Users\Administrator\AppData\Roaming\Balatro\Mods/node_modules/tapable/package.json, ignoring: [SMODS _ "src/loader.lua"]:226: id
INFO - [G] 2025-03-27 19:20:22 :: ERROR :: Loader :: Found invalid metadata JSON file at C:\Users\Administrator\AppData\Roaming\Balatro\Mods/node_modules/typescript/package.json, ignoring: [SMODS _ "src/loader.lua"]:226: id
INFO - [G] 2025-03-27 19:20:22 :: ERROR :: Loader :: Found invalid metadata JSON file at C:\Users\Administrator\AppData\Roaming\Balatro\Mods/node_modules/typescript-to-lua/package.json, ignoring: [SMODS _ "src/loader.lua"]:226: id
INFO - [G] 2025-03-27 19:20:22 :: TRACE :: Loader :: Processing Mod file (Legacy header): keyboard_dorkdad.lua
INFO - [G] 2025-03-27 19:20:22 :: TRACE :: Loader :: Saving Mod Info: keyboard_dorkdad
INFO - [G] 2025-03-27 19:20:22 :: TRACE :: Loader :: Mod Balustro was unable to load: 
INFO - [G] 2025-03-27 19:20:22 :: TRACE :: Loader :: Mod 0Bullitro was unable to load: 
INFO - [G] 2025-03-27 19:20:22 :: TRACE :: Loader :: Mod Aura was unable to load: 
INFO - [G] 2025-03-27 19:20:22 :: TRACE :: Loader :: Mod HentaiCards was unable to load: 
INFO - [G] 2025-03-27 19:20:22 :: TRACE :: Loader :: Mod SakashimaJoker was unable to load: 
INFO - [G] 2025-03-27 19:20:22 :: TRACE :: Loader :: Mod StickfaceNSFWDeck was unable to load: 
INFO - [G] 2025-03-27 19:20:22 :: TRACE :: Loader :: Mod VintagePinupCards was unable to load: 
INFO - [G] 2025-03-27 19:20:22 :: TRACE :: Loader :: Mod keyboard_dorkdad was unable to load: 
INFO - [G] 2025-03-27 19:20:22 :: TRACE :: Loader :: Mod preorder_cards was unable to load: 
INFO - [G] 2025-03-27 19:20:22 :: INFO  :: TIMER :: [0000] Injected Language in 0.002 ms
INFO - [G] 2025-03-27 19:20:22 :: INFO  :: TIMER :: [0000] Injected [INTERNAL] in 1.034 ms
INFO - [G] 2025-03-27 19:20:22 :: INFO  :: TIMER :: [0002] Injected Atlas in 494.006 ms
INFO - [G] 2025-03-27 19:20:22 :: INFO  :: TIMER :: [0001] Injected Sound in 0.155 ms
INFO - [G] 2025-03-27 19:20:22 :: INFO  :: TIMER :: [0008] Injected Stake in 0.097 ms
INFO - [G] 2025-03-27 19:20:22 :: INFO  :: TIMER :: [0004] Injected Rarity in 0.015 ms
INFO - [G] 2025-03-27 19:20:22 :: INFO  :: TIMER :: [0004] Injected ObjectType in 0.037 ms
INFO - [G] 2025-03-27 19:20:22 :: INFO  :: TIMER :: [0048] Injected Center in 0.407 ms
INFO - [G] 2025-03-27 19:20:22 :: INFO  :: TIMER :: [0007] Injected Undiscovered Sprite in 0.026 ms
INFO - [G] 2025-03-27 19:20:22 :: INFO  :: TIMER :: [0002] Injected Blind in 0.017 ms
INFO - [G] 2025-03-27 19:20:22 :: INFO  :: TIMER :: [0004] Injected Seal in 0.120 ms
INFO - [G] 2025-03-27 19:20:22 :: INFO  :: TIMER :: [0004] Injected Suit in 0.160 ms
INFO - [G] 2025-03-27 19:20:22 :: INFO  :: TIMER :: [0013] Injected Rank in 0.148 ms
INFO - [G] 2025-03-27 19:20:22 :: INFO  :: TIMER :: [0028] Injected DeckSkin in 0.154 ms
INFO - [G] 2025-03-27 19:20:22 :: INFO  :: TIMER :: [0012] Injected PokerHand in 0.067 ms
INFO - [G] 2025-03-27 19:20:22 :: INFO  :: TIMER :: [0020] Injected Challenge in 0.061 ms
INFO - [G] 2025-03-27 19:20:22 :: INFO  :: TIMER :: [0000] Injected Tag in 0.001 ms
INFO - [G] 2025-03-27 19:20:22 :: INFO  :: TIMER :: [0004] Injected Sticker in 0.175 ms
INFO - [G] 2025-03-27 19:20:22 :: INFO  :: TIMER :: [0000] Injected Shader in 0.001 ms
INFO - [G] 2025-03-27 19:20:22 :: INFO  :: TIMER :: [0001] Injected Keybind in 0.008 ms
INFO - [G] 2025-03-27 19:20:22 :: INFO  :: TIMER :: [0000] Injected Achievement in 0.035 ms
INFO - [G] 2025-03-27 19:20:23 :: INFO  :: TIMER :: [0000] Injected [INTERNAL] in 0.004 ms
