INFO - [♥] Lovely 0.7.1
INFO - [♥] Game directory is at "C:\\Program Files (x86)\\Steam\\steamapps\\common\\Balatro"
INFO - [♥] Writing logs to "C:\\Users\\Administrator\\AppData\\Roaming\\Balatro\\Mods\\lovely\\log"
INFO - [♥] Using mod directory at "C:\\Users\\Administrator\\AppData\\Roaming\\Balatro\\Mods"
INFO - [♥] Found .lovelyignore in 'SakashimaJoker', skipping it.
INFO - [♥] Cleaning up dumps directory at "C:\\Users\\Administrator\\AppData\\Roaming\\Balatro\\Mods\\lovely\\dump"
INFO - [♥] Initialization complete in 21ms
INFO - [♥] Applied 13 patches to 'main.lua'
INFO - [♥] Applied 6 patches to 'engine/controller.lua'
INFO - [♥] Applied 14 patches to 'back.lua'
INFO - [♥] Applied 7 patches to 'tag.lua'
INFO - [♥] Applied 2 patches to 'engine/moveable.lua'
INFO - [♥] Applied 2 patches to 'engine/sprite.lua'
INFO - [♥] Applied 2 patches to 'engine/animatedsprite.lua'
INFO - [♥] Applied 45 patches to 'functions/misc_functions.lua'
INFO - [♥] Applied 30 patches to 'game.lua'
INFO - [♥] Applied 1 patch to 'globals.lua'
INFO - [♥] Applied 4 patches to 'engine/ui.lua'
INFO - [♥] Applied 73 patches to 'functions/UI_definitions.lua'
INFO - [♥] Applied 40 patches to 'functions/state_events.lua'
INFO - [♥] Applied 88 patches to 'functions/common_events.lua'
INFO - [♥] Applied 39 patches to 'functions/button_callbacks.lua'
INFO - [♥] Applied 144 patches to 'card.lua'
INFO - [♥] Applied 7 patches to 'cardarea.lua'
INFO - [♥] Applied 31 patches to 'blind.lua'
INFO - [♥] Applied 3 patches to 'engine/text.lua'
INFO - [G] Failed to connect to the debug server
INFO - [G] 2025-03-07 23:54:46 :: DEBUG :: DebugConsole :: Steamodded Debug Socket started !
INFO - [♥] Applied 10 patches to 'engine/sound_manager.lua'
INFO - [♥] Applied 1 patch to 'engine/save_manager.lua'
INFO - [G] 2025-03-07 23:54:48 :: ERROR :: Loader :: Found invalid metadata JSON file at C:\Users\Administrator\AppData\Roaming\Balatro\Mods/.vscode/settings.json, ignoring: [SMODS _ "src/loader.lua"]:226: id
INFO - [G] 2025-03-07 23:54:48 :: INFO  :: DefaultLogger :: Valid JSON file found
INFO - [G] 2025-03-07 23:54:48 :: ERROR :: Loader :: Found invalid metadata JSON file at C:\Users\Administrator\AppData\Roaming\Balatro\Mods/Aura/.vscode/settings.json, ignoring: [SMODS _ "src/loader.lua"]:226: id
INFO - [G] 2025-03-07 23:54:48 :: TRACE :: Loader :: Processing Mod file (Legacy header): Aura.lua
INFO - [G] 2025-03-07 23:54:48 :: TRACE :: Loader :: Saving Mod Info: Aura
INFO - [G] 2025-03-07 23:54:48 :: TRACE :: Loader :: Processing Mod file (Legacy header): PreorderCards.lua
INFO - [G] 2025-03-07 23:54:48 :: TRACE :: Loader :: Saving Mod Info: preorder_cards
INFO - [G] 2025-03-07 23:54:48 :: INFO  :: DefaultLogger :: Valid JSON file found
INFO - [G] 2025-03-07 23:54:48 :: INFO  :: DefaultLogger :: Valid JSON file found
INFO - [G] 2025-03-07 23:54:48 :: TRACE :: Loader :: Processing Mod file (Legacy header): HentaiCards.lua
INFO - [G] 2025-03-07 23:54:48 :: WARN  :: Loader :: Duplicate Mod ID: HentaiCards
INFO - [G] 2025-03-07 23:54:48 :: TRACE :: Loader :: Processing Mod file (Legacy header): SakashimaJoker.lua
INFO - [G] 2025-03-07 23:54:48 :: TRACE :: Loader :: Saving Mod Info: SakashimaJoker
INFO - [G] 2025-03-07 23:54:48 :: INFO  :: DefaultLogger :: Valid JSON file found
INFO - [G] 2025-03-07 23:54:48 :: TRACE :: Loader :: Processing Mod file (Legacy header): VintagePinupCards.lua
INFO - [G] 2025-03-07 23:54:48 :: TRACE :: Loader :: Saving Mod Info: VintagePinupCards
INFO - [G] 2025-03-07 23:54:48 :: WARN  :: DeckSkin :: Old DeckSkin formatting detected on DeckSkin lust_LuckHearts!
INFO - [G] 2025-03-07 23:54:48 :: WARN  :: DeckSkin :: Old DeckSkin formatting detected on DeckSkin lust_LuckClubs!
INFO - [G] 2025-03-07 23:54:48 :: WARN  :: DeckSkin :: Old DeckSkin formatting detected on DeckSkin lust_LuckDiamonds!
INFO - [G] 2025-03-07 23:54:48 :: WARN  :: DeckSkin :: Old DeckSkin formatting detected on DeckSkin lust_LuckSpades!
INFO - [G] Picture dimensions: 138 x 186
INFO - [G] Number of animation frames: 8
INFO - [G] Comment inside this GIF: Created with Paint.NET
INFO - [G] Picture dimensions: 138 x 186
INFO - [G] Number of animation frames: 1
INFO - [G] Comment inside this GIF: NO_COMMENT
INFO - [G] Picture dimensions: 138 x 186
INFO - [G] Number of animation frames: 9
INFO - [G] Comment inside this GIF: Created with Paint.NET
INFO - [G] 2025-03-07 23:54:48 :: WARN  :: Atlas :: Object centers has the same key as an existing object, not registering.
INFO - [G] 2025-03-07 23:54:48 :: WARN  :: Atlas :: If you want to modify an existing object, use take_ownership()
INFO - [G] soul_atlas
INFO - [G] 2025-03-07 23:54:48 :: TRACE :: Loader :: Mod SakashimaJoker was unable to load: 
INFO - [G] 2025-03-07 23:54:48 :: INFO  :: TIMER :: [0000] Injected Language in 0.001 ms
INFO - [G] 2025-03-07 23:54:48 :: INFO  :: TIMER :: [0000] Injected [INTERNAL] in 1.084 ms
INFO - [G] mod_tags
INFO - [G] achievements
INFO - [G] lust_AltVersions
INFO - [G] Joker
INFO - [G] centers
INFO - [G] lust_editions
INFO - [G] lust_LustTarot
INFO - [G] Booster
INFO - [G] stickers
INFO - [G] shop_sign
INFO - [G] balatro
INFO - [G] lust_modicon
INFO - [G] BalustroIcons
INFO - [G] lust_BalustroPlayingCards
INFO - [G] lust_LuckPlayingCardsLC
INFO - [G] lust_LuckPlayingCardsHC
INFO - [G] bull_wide_card
INFO - [G] bull_carper_card
INFO - [G] aura_j_faceless
INFO - [G] aura_j_seance
INFO - [G] aura_j_juggler
INFO - [G] aura_c_hearts
INFO - [G] aura_c_diamonds
INFO - [G] aura_c_clubs
INFO - [G] aura_c_spades
INFO - [G] aura_goon_icon_heart
INFO - [G] aura_goon_icon_diamond
INFO - [G] aura_goon_icon_club
INFO - [G] aura_goon_icon_spade
INFO - [G] FHC_hentai_cards_deck_lc
INFO - [G] FHC_hentai_cards_deck_hc
INFO - [G] Tarot
INFO - [G] Planet
INFO - [G] Spectral
INFO - [G] soul_atlas
INFO - [G] StickfaceNSFW_8BitDeck_opt2
INFO - [G] StickfaceNSFW_8BitDeck
INFO - [G] StickfaceNSFW_icon_lc
INFO - [G] StickfaceNSFW_icon_hc
INFO - [G] vintage_pinup_cards
INFO - [G] 2025-03-07 23:54:49 :: INFO  :: TIMER :: [0040] Injected Atlas in 1075.545 ms
INFO - [G] 2025-03-07 23:54:49 :: INFO  :: TIMER :: [0053] Injected Sound in 3.924 ms
INFO - [G] 2025-03-07 23:54:49 :: INFO  :: TIMER :: [0008] Injected Stake in 0.323 ms
INFO - [G] 2025-03-07 23:54:49 :: INFO  :: TIMER :: [0004] Injected Rarity in 0.014 ms
INFO - [G] 2025-03-07 23:54:49 :: INFO  :: TIMER :: [0004] Injected ObjectType in 0.039 ms
INFO - [G] 2025-03-07 23:54:49 :: INFO  :: TIMER :: [0213] Injected Center in 2.282 ms
INFO - [G] 2025-03-07 23:54:49 :: INFO  :: TIMER :: [0007] Injected Undiscovered Sprite in 0.025 ms
INFO - [G] 2025-03-07 23:54:49 :: INFO  :: TIMER :: [0002] Injected Blind in 0.014 ms
INFO - [G] 2025-03-07 23:54:49 :: INFO  :: TIMER :: [0004] Injected Seal in 0.639 ms
INFO - [G] 2025-03-07 23:54:49 :: INFO  :: TIMER :: [0004] Injected Suit in 0.075 ms
INFO - [G] 2025-03-07 23:54:49 :: INFO  :: TIMER :: [0013] Injected Rank in 0.065 ms
INFO - [G] 2025-03-07 23:54:49 :: INFO  :: TIMER :: [0052] Injected DeckSkin in 0.230 ms
INFO - [G] 2025-03-07 23:54:49 :: INFO  :: TIMER :: [0012] Injected PokerHand in 0.040 ms
INFO - [G] 2025-03-07 23:54:49 :: INFO  :: TIMER :: [0020] Injected Challenge in 0.024 ms
INFO - [G] 2025-03-07 23:54:49 :: INFO  :: TIMER :: [0000] Injected Tag in 0.002 ms
INFO - [G] 2025-03-07 23:54:49 :: INFO  :: TIMER :: [0004] Injected Sticker in 0.338 ms
INFO - [G] 2025-03-07 23:54:49 :: INFO  :: TIMER :: [0000] Injected Shader in 0.001 ms
INFO - [G] 2025-03-07 23:54:49 :: INFO  :: TIMER :: [0001] Injected Keybind in 0.010 ms
INFO - [G] 2025-03-07 23:54:49 :: INFO  :: TIMER :: [0000] Injected Achievement in 0.022 ms
INFO - [G] 2025-03-07 23:54:49 :: INFO  :: TIMER :: [0000] Injected [INTERNAL] in 1.881 ms
