INFO - [♥] Lovely 0.7.1
INFO - [♥] Game directory is at "C:\\Program Files (x86)\\Steam\\steamapps\\common\\Balatro"
INFO - [♥] Writing logs to "C:\\Users\\Administrator\\AppData\\Roaming\\Balatro\\Mods\\lovely\\log"
INFO - [♥] Using mod directory at "C:\\Users\\Administrator\\AppData\\Roaming\\Balatro\\Mods"
INFO - [♥] Found .lovelyignore in 'SakashimaJoker', skipping it.
INFO - [♥] Cleaning up dumps directory at "C:\\Users\\Administrator\\AppData\\Roaming\\Balatro\\Mods\\lovely\\dump"
INFO - [♥] Initialization complete in 26ms
INFO - [♥] Applied 13 patches to 'main.lua'
INFO - [♥] Applied 6 patches to 'engine/controller.lua'
INFO - [♥] Applied 14 patches to 'back.lua'
INFO - [♥] Applied 7 patches to 'tag.lua'
INFO - [♥] Applied 2 patches to 'engine/moveable.lua'
INFO - [♥] Applied 2 patches to 'engine/sprite.lua'
INFO - [♥] Applied 2 patches to 'engine/animatedsprite.lua'
INFO - [♥] Applied 45 patches to 'functions/misc_functions.lua'
INFO - [♥] Applied 30 patches to 'game.lua'
INFO - [♥] Applied 1 patch to 'globals.lua'
INFO - [♥] Applied 4 patches to 'engine/ui.lua'
INFO - [♥] Applied 73 patches to 'functions/UI_definitions.lua'
INFO - [♥] Applied 40 patches to 'functions/state_events.lua'
INFO - [♥] Applied 88 patches to 'functions/common_events.lua'
INFO - [♥] Applied 39 patches to 'functions/button_callbacks.lua'
INFO - [♥] Applied 144 patches to 'card.lua'
INFO - [♥] Applied 7 patches to 'cardarea.lua'
INFO - [♥] Applied 31 patches to 'blind.lua'
INFO - [♥] Applied 3 patches to 'engine/text.lua'
INFO - [G] Failed to connect to the debug server
INFO - [G] 2025-03-08 13:06:08 :: DEBUG :: DebugConsole :: Steamodded Debug Socket started !
INFO - [♥] Applied 10 patches to 'engine/sound_manager.lua'
INFO - [♥] Applied 1 patch to 'engine/save_manager.lua'
INFO - [G] 2025-03-08 13:06:09 :: ERROR :: Loader :: Found invalid metadata JSON file at C:\Users\Administrator\AppData\Roaming\Balatro\Mods/.vscode/settings.json, ignoring: [SMODS _ "src/loader.lua"]:226: id
INFO - [G] 2025-03-08 13:06:09 :: INFO  :: DefaultLogger :: Valid JSON file found
INFO - [G] 2025-03-08 13:06:09 :: ERROR :: Loader :: Found invalid metadata JSON file at C:\Users\Administrator\AppData\Roaming\Balatro\Mods/Aura/.vscode/settings.json, ignoring: [SMODS _ "src/loader.lua"]:226: id
INFO - [G] 2025-03-08 13:06:09 :: TRACE :: Loader :: Processing Mod file (Legacy header): Aura.lua
INFO - [G] 2025-03-08 13:06:09 :: TRACE :: Loader :: Saving Mod Info: Aura
INFO - [G] 2025-03-08 13:06:09 :: TRACE :: Loader :: Processing Mod file (Legacy header): PreorderCards.lua
INFO - [G] 2025-03-08 13:06:09 :: TRACE :: Loader :: Saving Mod Info: preorder_cards
INFO - [G] 2025-03-08 13:06:09 :: INFO  :: DefaultLogger :: Valid JSON file found
INFO - [G] 2025-03-08 13:06:09 :: INFO  :: DefaultLogger :: Valid JSON file found
INFO - [G] 2025-03-08 13:06:09 :: TRACE :: Loader :: Processing Mod file (Legacy header): HentaiCards.lua
INFO - [G] 2025-03-08 13:06:09 :: WARN  :: Loader :: Duplicate Mod ID: HentaiCards
INFO - [G] 2025-03-08 13:06:09 :: TRACE :: Loader :: Processing Mod file (Legacy header): SakashimaJoker.lua
INFO - [G] 2025-03-08 13:06:09 :: TRACE :: Loader :: Saving Mod Info: SakashimaJoker
INFO - [G] 2025-03-08 13:06:09 :: INFO  :: DefaultLogger :: Valid JSON file found
INFO - [G] 2025-03-08 13:06:09 :: TRACE :: Loader :: Processing Mod file (Legacy header): VintagePinupCards.lua
INFO - [G] 2025-03-08 13:06:09 :: TRACE :: Loader :: Saving Mod Info: VintagePinupCards
INFO - [G] 2025-03-08 13:06:09 :: WARN  :: DeckSkin :: Old DeckSkin formatting detected on DeckSkin lust_LuckHearts!
INFO - [G] 2025-03-08 13:06:09 :: WARN  :: DeckSkin :: Old DeckSkin formatting detected on DeckSkin lust_LuckClubs!
INFO - [G] 2025-03-08 13:06:09 :: WARN  :: DeckSkin :: Old DeckSkin formatting detected on DeckSkin lust_LuckDiamonds!
INFO - [G] 2025-03-08 13:06:09 :: WARN  :: DeckSkin :: Old DeckSkin formatting detected on DeckSkin lust_LuckSpades!
INFO - [G] Picture dimensions: 138 x 186
INFO - [G] Number of animation frames: 8
INFO - [G] Comment inside this GIF: Created with Paint.NET
INFO - [G] Picture dimensions: 138 x 186
INFO - [G] Number of animation frames: 1
INFO - [G] Comment inside this GIF: NO_COMMENT
INFO - [G] Picture dimensions: 138 x 186
INFO - [G] Number of animation frames: 9
INFO - [G] Comment inside this GIF: Created with Paint.NET
INFO - [G] 2025-03-08 13:06:09 :: WARN  :: Atlas :: Object centers has the same key as an existing object, not registering.
INFO - [G] 2025-03-08 13:06:09 :: WARN  :: Atlas :: If you want to modify an existing object, use take_ownership()
INFO - [G] soul_atlas
INFO - [G] 2025-03-08 13:06:09 :: TRACE :: Loader :: Mod SakashimaJoker was unable to load: 
INFO - [G] 2025-03-08 13:06:09 :: INFO  :: TIMER :: [0000] Injected Language in 0.002 ms
INFO - [G] 2025-03-08 13:06:09 :: INFO  :: TIMER :: [0000] Injected [INTERNAL] in 1.488 ms
INFO - [G] mod_tags
INFO - [G] achievements
INFO - [G] lust_AltVersions
INFO - [G] Joker
INFO - [G] centers
INFO - [G] lust_editions
INFO - [G] lust_LustTarot
INFO - [G] Booster
INFO - [G] stickers
INFO - [G] shop_sign
INFO - [G] balatro
INFO - [G] lust_modicon
INFO - [G] BalustroIcons
INFO - [G] lust_BalustroPlayingCards
INFO - [G] lust_LuckPlayingCardsLC
INFO - [G] lust_LuckPlayingCardsHC
INFO - [G] bull_wide_card
INFO - [G] bull_carper_card
INFO - [G] aura_j_faceless
INFO - [G] aura_j_seance
INFO - [G] aura_j_juggler
INFO - [G] aura_c_hearts
INFO - [G] aura_c_diamonds
INFO - [G] aura_c_clubs
INFO - [G] aura_c_spades
INFO - [G] aura_goon_icon_heart
INFO - [G] aura_goon_icon_diamond
INFO - [G] aura_goon_icon_club
INFO - [G] aura_goon_icon_spade
INFO - [G] FHC_hentai_cards_deck_lc
INFO - [G] FHC_hentai_cards_deck_hc
INFO - [G] Tarot
INFO - [G] Planet
INFO - [G] Spectral
INFO - [G] soul_atlas
INFO - [G] StickfaceNSFW_8BitDeck_opt2
INFO - [G] StickfaceNSFW_8BitDeck
INFO - [G] StickfaceNSFW_icon_lc
INFO - [G] StickfaceNSFW_icon_hc
INFO - [G] vintage_pinup_cards
INFO - [G] 2025-03-08 13:06:10 :: INFO  :: TIMER :: [0040] Injected Atlas in 1116.755 ms
INFO - [G] 2025-03-08 13:06:10 :: INFO  :: TIMER :: [0053] Injected Sound in 5.078 ms
INFO - [G] 2025-03-08 13:06:10 :: INFO  :: TIMER :: [0008] Injected Stake in 0.273 ms
INFO - [G] 2025-03-08 13:06:10 :: INFO  :: TIMER :: [0004] Injected Rarity in 0.014 ms
INFO - [G] 2025-03-08 13:06:10 :: INFO  :: TIMER :: [0004] Injected ObjectType in 0.068 ms
INFO - [G] 2025-03-08 13:06:10 :: INFO  :: TIMER :: [0213] Injected Center in 2.273 ms
INFO - [G] 2025-03-08 13:06:10 :: INFO  :: TIMER :: [0007] Injected Undiscovered Sprite in 0.012 ms
INFO - [G] 2025-03-08 13:06:10 :: INFO  :: TIMER :: [0002] Injected Blind in 0.015 ms
INFO - [G] 2025-03-08 13:06:10 :: INFO  :: TIMER :: [0004] Injected Seal in 0.175 ms
INFO - [G] 2025-03-08 13:06:10 :: INFO  :: TIMER :: [0004] Injected Suit in 0.085 ms
INFO - [G] 2025-03-08 13:06:10 :: INFO  :: TIMER :: [0013] Injected Rank in 0.098 ms
INFO - [G] 2025-03-08 13:06:10 :: INFO  :: TIMER :: [0052] Injected DeckSkin in 0.281 ms
INFO - [G] 2025-03-08 13:06:10 :: INFO  :: TIMER :: [0012] Injected PokerHand in 0.043 ms
INFO - [G] 2025-03-08 13:06:11 :: INFO  :: TIMER :: [0020] Injected Challenge in 0.023 ms
INFO - [G] 2025-03-08 13:06:11 :: INFO  :: TIMER :: [0000] Injected Tag in 0.002 ms
INFO - [G] 2025-03-08 13:06:11 :: INFO  :: TIMER :: [0004] Injected Sticker in 0.093 ms
INFO - [G] 2025-03-08 13:06:11 :: INFO  :: TIMER :: [0000] Injected Shader in 0.002 ms
INFO - [G] 2025-03-08 13:06:11 :: INFO  :: TIMER :: [0001] Injected Keybind in 0.011 ms
INFO - [G] 2025-03-08 13:06:11 :: INFO  :: TIMER :: [0000] Injected Achievement in 0.025 ms
INFO - [G] 2025-03-08 13:06:11 :: INFO  :: TIMER :: [0000] Injected [INTERNAL] in 2.058 ms
INFO - [G] ERROR LOADING GAME: Card area 'shop_booster' not instantiated before load
INFO - [G] ERROR LOADING GAME: Card area 'shop_vouchers' not instantiated before load
INFO - [G] ERROR LOADING GAME: Card area 'shop_jokers' not instantiated before load
INFO - [G] LONG DT @ 20: 0.051951256773988
INFO - [G] LONG DT @ 30: 0.050987752365242
INFO - [G] LONG DT @ 32: 0.052103654089815
INFO - [G] LONG DT @ 33: 0.055838350165568
INFO - [G] LONG DT @ 34: 0.062268112623033
INFO - [G] LONG DT @ 34: 0.051162470098426
INFO - [G] LONG DT @ 36: 0.057175769278359
INFO - [G] line not found
INFO - [G] file not found: main.lua: No such file or directory
INFO - [G] file not found: main.lua: No such file or directory
INFO - [G] file not found: main.lua: No such file or directory
INFO - [G] file not found: main.lua: No such file or directory
INFO - [G] 2025-03-08 13:11:45 :: ERROR :: StackTrace :: Oops! The game crashed
card.lua:262: attempt to index local 'center' (a nil value)
Stack Traceback
===============
(1) Lua local 'handler' at file 'main.lua:612'
	Local variables:
	 msg = string: "card.lua:262: attempt to index local 'center' (a nil value)"
	 (*temporary) = Lua function '?' (defined at line 31 of chunk [SMODS _ "src/logging.lua"])
	 (*temporary) = string: "Oops! The game crashed\
"
(2) LÖVE metamethod at file 'boot.lua:352'
	Local variables:
	 errhand = Lua function '?' (defined at line 598 of chunk main.lua)
	 handler = Lua function '?' (defined at line 598 of chunk main.lua)
(3) Lua method 'set_ability' at file 'card.lua:262'
	Local variables:
	 self = table: 0x35df0f18  {sprite_facing:front, children:table: 0x35ad1c20, ambient_tilt:0.2, parent:table: 0x35732fd8 (more...)}
	 center = nil
	 initial = nil
	 delay_sprites = boolean: true
	 X = number: 7.41047
	 Y = number: 3.09397
	 W = number: 2.04878
	 H = number: 2.75122
	 old_center = table: 0x346689c8  {max:500, key:c_base, set:Default, config:table: 0x34668a50, _saved_d_u:true (more...)}
	 (*temporary) = nil
	 (*temporary) = table: 0x346689a0  {j_mime:table: 0x347101c0, j_ring_master:table: 0x34660f40, b_challenge:table: 0x34715cc0 (more...)}
	 (*temporary) = number: nan
	 (*temporary) = string: "b_zodiac"
	 (*temporary) = table: 0x346d3498  {alerted:true, _saved_d_u:true, original_key:zodiac, inject:function: 0x344d0080 (more...)}
	 (*temporary) = nil
	 (*temporary) = table: 0x346d3498  {alerted:true, _saved_d_u:true, original_key:zodiac, inject:function: 0x344d0080 (more...)}
	 (*temporary) = table: 0x34993f80  {__le:function: 0x34994198, __unm:function: 0x34994038, new:function: 0x34993fe0 (more...)}
	 (*temporary) = table: 0x346d3498  {alerted:true, _saved_d_u:true, original_key:zodiac, inject:function: 0x344d0080 (more...)}
	 (*temporary) = nil
	 (*temporary) = table: 0x346d3498  {alerted:true, _saved_d_u:true, original_key:zodiac, inject:function: 0x344d0080 (more...)}
	 (*temporary) = string: "table"
	 (*temporary) = table: 0x34624c80  {required_params:table: 0x34624c48, __call:function: 0x34719a78, config:table: 0x3460a948 (more...)}
	 (*temporary) = table: 0x34993f80  {__le:function: 0x34994198, __unm:function: 0x34994038, new:function: 0x34993fe0 (more...)}
	 (*temporary) = table: 0x38dbfb58  {click_offset:table: 0x38dbff00, children:table: 0x38dc0e18, ambient_tilt:0.2 (more...)}
	 (*temporary) = string: "v_paint_brush"
	 (*temporary) = string: "attempt to index local 'center' (a nil value)"
(4) Lua field 'func' at file '0Bullitro.lua:1133' (from mod with id 0Bullitro)
(5) Lua method 'handle' at file 'engine/event.lua:55'
	Local variables:
	 self = table: 0x3676d858  {start_timer:true, timer:TOTAL, blockable:true, trigger:after, func:function: 0x3676d810 (more...)}
	 _results = table: 0x35a94fd8  {blocking:true, pause_skip:false, time_done:true, completed:false}
(6) Lua method 'update' at file 'engine/event.lua:182'
	Local variables:
	 self = table: 0x346f2e50  {queue_last_processed:325.4666666667, queues:table: 0x346f2e78, queue_dt:0.016666666666667 (more...)}
	 dt = number: 0.0166389
	 forced = nil
	 (for generator) = C function: next
	 (for state) = table: 0x346f2e78  {unlock:table: 0x3476f660, other:table: 0x3476f700, tutorial:table: 0x3476f6b0 (more...)}
	 (for control) = number: nan
	 k = string: "base"
	 v = table: 0x3476f688  {1:table: 0x34a87b40, 2:table: 0x3676d858, 3:table: 0x3676dab8, 4:table: 0x3676dd18 (more...)}
	 blocked = boolean: false
	 i = number: 2
	 results = table: 0x35a94fd8  {blocking:true, pause_skip:false, time_done:true, completed:false}
(7) Lua upvalue 'gameUpdateRef' at file 'game.lua:2542'
	Local variables:
	 self = table: 0x344f6558  {F_GUIDE:false, F_CRASH_REPORTS:false, booster_pack_sparkles:table: 0x3b3ef148 (more...)}
	 dt = number: 0.0166389
	 http_resp = nil
(8) Lua upvalue 'old_update' at Steamodded file 'src/ui.lua:84' 
	Local variables:
	 self = table: 0x344f6558  {F_GUIDE:false, F_CRASH_REPORTS:false, booster_pack_sparkles:table: 0x3b3ef148 (more...)}
	 dt = number: 0.0166389
(9) Lua method 'update' at file 'Aura.lua:203' (from mod with id Aura)
	Local variables:
	 self = table: 0x344f6558  {F_GUIDE:false, F_CRASH_REPORTS:false, booster_pack_sparkles:table: 0x3b3ef148 (more...)}
	 dt = number: 0.0166389
(10) Lua field 'update' at file 'main.lua:992'
	Local variables:
	 dt = number: 0.0166389
(11) Lua function '?' at file 'main.lua:931' (best guess)
(12) global C function 'xpcall'
(13) LÖVE function at file 'boot.lua:377' (best guess)
	Local variables:
	 func = Lua function '?' (defined at line 902 of chunk main.lua)
	 inerror = boolean: true
	 deferErrhand = Lua function '(LÖVE Function)' (defined at line 348 of chunk [love "boot.lua"])
	 earlyinit = Lua function '(LÖVE Function)' (defined at line 355 of chunk [love "boot.lua"])

INFO - [G] file not found: main.lua: No such file or directory
INFO - [G] file not found: main.lua: No such file or directory
INFO - [G] 2025-03-08 13:11:45 :: INFO  :: StackTrace :: Additional Context:
Balatro Version: 1.0.1o-FULL
Modded Version: 1.0.0~ALPHA-1409a-STEAMODDED
LÖVE Version: 11.5.0
Lovely Version: 0.7.1
Platform: Windows
Steamodded Mods:
    1: Zero Bullitro by BitBites [ID: 0Bullitro, Version: 1.0, Uses Lovely]
    2: Preorder Cards by asd123cqp [ID: preorder_cards]
    3: Aura by MathIsFun_, ChromaPIE, Bard, Grassy311, RattlingSnow353, Solace, RadicaAprils, chloe_cromslor [ID: Aura, Version: 0.023, Uses Lovely]
    4: Hentai Cards by Makubex77, Pheubel (Code) [ID: HentaiCards, Version: 1.1]
    5: Vintage Pinup Cards by NoScope1080 [ID: VintagePinupCards]
    6: Stickface Deck by Stickface [ID: StickfaceNSFWDeck, Version: 1.0.0]
    7: Balustro by someone23832 [ID: Balustro, Priority: -20, Version: 0.12, Uses Lovely]
Lovely Mods:
