INFO - [♥] Lovely 0.7.1
INFO - [♥] Game directory is at "C:\\Program Files (x86)\\Steam\\steamapps\\common\\Balatro"
INFO - [♥] Writing logs to "C:\\Users\\Administrator\\AppData\\Roaming\\Balatro\\Mods\\lovely\\log"
INFO - [♥] Using mod directory at "C:\\Users\\Administrator\\AppData\\Roaming\\Balatro\\Mods"
INFO - [♥] Found .lovelyignore in 'SakashimaJoker', skipping it.
INFO - [♥] Cleaning up dumps directory at "C:\\Users\\Administrator\\AppData\\Roaming\\Balatro\\Mods\\lovely\\dump"
INFO - [♥] Initialization complete in 22ms
INFO - [♥] Applied 13 patches to 'main.lua'
INFO - [♥] Applied 6 patches to 'engine/controller.lua'
INFO - [♥] Applied 14 patches to 'back.lua'
INFO - [♥] Applied 7 patches to 'tag.lua'
INFO - [♥] Applied 2 patches to 'engine/moveable.lua'
INFO - [♥] Applied 2 patches to 'engine/sprite.lua'
INFO - [♥] Applied 2 patches to 'engine/animatedsprite.lua'
INFO - [♥] Applied 45 patches to 'functions/misc_functions.lua'
INFO - [♥] Applied 30 patches to 'game.lua'
INFO - [♥] Applied 1 patch to 'globals.lua'
INFO - [♥] Applied 4 patches to 'engine/ui.lua'
INFO - [♥] Applied 73 patches to 'functions/UI_definitions.lua'
INFO - [♥] Applied 40 patches to 'functions/state_events.lua'
INFO - [♥] Applied 88 patches to 'functions/common_events.lua'
INFO - [♥] Applied 39 patches to 'functions/button_callbacks.lua'
INFO - [♥] Applied 144 patches to 'card.lua'
INFO - [♥] Applied 7 patches to 'cardarea.lua'
INFO - [♥] Applied 31 patches to 'blind.lua'
INFO - [♥] Applied 3 patches to 'engine/text.lua'
INFO - [G] Failed to connect to the debug server
INFO - [G] 2025-03-07 23:57:30 :: DEBUG :: DebugConsole :: Steamodded Debug Socket started !
INFO - [♥] Applied 10 patches to 'engine/sound_manager.lua'
INFO - [♥] Applied 1 patch to 'engine/save_manager.lua'
INFO - [G] 2025-03-07 23:57:31 :: ERROR :: Loader :: Found invalid metadata JSON file at C:\Users\Administrator\AppData\Roaming\Balatro\Mods/.vscode/settings.json, ignoring: [SMODS _ "src/loader.lua"]:226: id
INFO - [G] 2025-03-07 23:57:31 :: INFO  :: DefaultLogger :: Valid JSON file found
INFO - [G] 2025-03-07 23:57:31 :: ERROR :: Loader :: Found invalid metadata JSON file at C:\Users\Administrator\AppData\Roaming\Balatro\Mods/Aura/.vscode/settings.json, ignoring: [SMODS _ "src/loader.lua"]:226: id
INFO - [G] 2025-03-07 23:57:31 :: TRACE :: Loader :: Processing Mod file (Legacy header): Aura.lua
INFO - [G] 2025-03-07 23:57:31 :: TRACE :: Loader :: Saving Mod Info: Aura
INFO - [G] 2025-03-07 23:57:31 :: TRACE :: Loader :: Processing Mod file (Legacy header): PreorderCards.lua
INFO - [G] 2025-03-07 23:57:31 :: TRACE :: Loader :: Saving Mod Info: preorder_cards
INFO - [G] 2025-03-07 23:57:31 :: INFO  :: DefaultLogger :: Valid JSON file found
INFO - [G] 2025-03-07 23:57:31 :: INFO  :: DefaultLogger :: Valid JSON file found
INFO - [G] 2025-03-07 23:57:31 :: TRACE :: Loader :: Processing Mod file (Legacy header): HentaiCards.lua
INFO - [G] 2025-03-07 23:57:31 :: WARN  :: Loader :: Duplicate Mod ID: HentaiCards
INFO - [G] 2025-03-07 23:57:31 :: TRACE :: Loader :: Processing Mod file (Legacy header): SakashimaJoker.lua
INFO - [G] 2025-03-07 23:57:31 :: TRACE :: Loader :: Saving Mod Info: SakashimaJoker
INFO - [G] 2025-03-07 23:57:31 :: INFO  :: DefaultLogger :: Valid JSON file found
INFO - [G] 2025-03-07 23:57:31 :: TRACE :: Loader :: Processing Mod file (Legacy header): VintagePinupCards.lua
INFO - [G] 2025-03-07 23:57:31 :: TRACE :: Loader :: Saving Mod Info: VintagePinupCards
INFO - [G] 2025-03-07 23:57:31 :: WARN  :: DeckSkin :: Old DeckSkin formatting detected on DeckSkin lust_LuckHearts!
INFO - [G] 2025-03-07 23:57:31 :: WARN  :: DeckSkin :: Old DeckSkin formatting detected on DeckSkin lust_LuckClubs!
INFO - [G] 2025-03-07 23:57:31 :: WARN  :: DeckSkin :: Old DeckSkin formatting detected on DeckSkin lust_LuckDiamonds!
INFO - [G] 2025-03-07 23:57:31 :: WARN  :: DeckSkin :: Old DeckSkin formatting detected on DeckSkin lust_LuckSpades!
INFO - [G] Picture dimensions: 138 x 186
INFO - [G] Number of animation frames: 8
INFO - [G] Comment inside this GIF: Created with Paint.NET
INFO - [G] Picture dimensions: 138 x 186
INFO - [G] Number of animation frames: 1
INFO - [G] Comment inside this GIF: NO_COMMENT
INFO - [G] Picture dimensions: 138 x 186
INFO - [G] Number of animation frames: 9
INFO - [G] Comment inside this GIF: Created with Paint.NET
INFO - [G] 2025-03-07 23:57:32 :: WARN  :: Atlas :: Object centers has the same key as an existing object, not registering.
INFO - [G] 2025-03-07 23:57:32 :: WARN  :: Atlas :: If you want to modify an existing object, use take_ownership()
INFO - [G] soul_atlas
INFO - [G] 2025-03-07 23:57:32 :: TRACE :: Loader :: Mod SakashimaJoker was unable to load: 
INFO - [G] 2025-03-07 23:57:32 :: INFO  :: TIMER :: [0000] Injected Language in 0.001 ms
INFO - [G] 2025-03-07 23:57:32 :: INFO  :: TIMER :: [0000] Injected [INTERNAL] in 1.099 ms
INFO - [G] mod_tags
INFO - [G] achievements
INFO - [G] lust_AltVersions
INFO - [G] Joker
INFO - [G] centers
INFO - [G] lust_editions
INFO - [G] lust_LustTarot
INFO - [G] Booster
INFO - [G] stickers
INFO - [G] shop_sign
INFO - [G] balatro
INFO - [G] lust_modicon
INFO - [G] BalustroIcons
INFO - [G] lust_BalustroPlayingCards
INFO - [G] lust_LuckPlayingCardsLC
INFO - [G] lust_LuckPlayingCardsHC
INFO - [G] bull_wide_card
INFO - [G] bull_carper_card
INFO - [G] aura_j_faceless
INFO - [G] aura_j_seance
INFO - [G] aura_j_juggler
INFO - [G] aura_c_hearts
INFO - [G] aura_c_diamonds
INFO - [G] aura_c_clubs
INFO - [G] aura_c_spades
INFO - [G] aura_goon_icon_heart
INFO - [G] aura_goon_icon_diamond
INFO - [G] aura_goon_icon_club
INFO - [G] aura_goon_icon_spade
INFO - [G] FHC_hentai_cards_deck_lc
INFO - [G] FHC_hentai_cards_deck_hc
INFO - [G] Tarot
INFO - [G] Planet
INFO - [G] Spectral
INFO - [G] soul_atlas
INFO - [G] StickfaceNSFW_8BitDeck_opt2
INFO - [G] StickfaceNSFW_8BitDeck
INFO - [G] StickfaceNSFW_icon_lc
INFO - [G] StickfaceNSFW_icon_hc
INFO - [G] vintage_pinup_cards
INFO - [G] 2025-03-07 23:57:33 :: INFO  :: TIMER :: [0040] Injected Atlas in 1080.159 ms
INFO - [G] 2025-03-07 23:57:33 :: INFO  :: TIMER :: [0053] Injected Sound in 3.965 ms
INFO - [G] 2025-03-07 23:57:33 :: INFO  :: TIMER :: [0008] Injected Stake in 0.295 ms
INFO - [G] 2025-03-07 23:57:33 :: INFO  :: TIMER :: [0004] Injected Rarity in 0.015 ms
INFO - [G] 2025-03-07 23:57:33 :: INFO  :: TIMER :: [0004] Injected ObjectType in 0.033 ms
INFO - [G] 2025-03-07 23:57:33 :: INFO  :: TIMER :: [0213] Injected Center in 2.640 ms
INFO - [G] 2025-03-07 23:57:33 :: INFO  :: TIMER :: [0007] Injected Undiscovered Sprite in 0.011 ms
INFO - [G] 2025-03-07 23:57:33 :: INFO  :: TIMER :: [0002] Injected Blind in 0.018 ms
INFO - [G] 2025-03-07 23:57:33 :: INFO  :: TIMER :: [0004] Injected Seal in 0.317 ms
INFO - [G] 2025-03-07 23:57:33 :: INFO  :: TIMER :: [0004] Injected Suit in 0.064 ms
INFO - [G] 2025-03-07 23:57:33 :: INFO  :: TIMER :: [0013] Injected Rank in 0.083 ms
INFO - [G] 2025-03-07 23:57:33 :: INFO  :: TIMER :: [0052] Injected DeckSkin in 0.277 ms
INFO - [G] 2025-03-07 23:57:33 :: INFO  :: TIMER :: [0012] Injected PokerHand in 0.045 ms
INFO - [G] 2025-03-07 23:57:33 :: INFO  :: TIMER :: [0020] Injected Challenge in 0.026 ms
INFO - [G] 2025-03-07 23:57:33 :: INFO  :: TIMER :: [0000] Injected Tag in 0.002 ms
INFO - [G] 2025-03-07 23:57:33 :: INFO  :: TIMER :: [0004] Injected Sticker in 0.188 ms
INFO - [G] 2025-03-07 23:57:33 :: INFO  :: TIMER :: [0000] Injected Shader in 0.002 ms
INFO - [G] 2025-03-07 23:57:33 :: INFO  :: TIMER :: [0001] Injected Keybind in 0.011 ms
INFO - [G] 2025-03-07 23:57:33 :: INFO  :: TIMER :: [0000] Injected Achievement in 0.040 ms
INFO - [G] 2025-03-07 23:57:33 :: INFO  :: TIMER :: [0000] Injected [INTERNAL] in 1.912 ms
INFO - [G] line not found
INFO - [G] file not found: main.lua: No such file or directory
INFO - [G] file not found: main.lua: No such file or directory
INFO - [G] file not found: main.lua: No such file or directory
INFO - [G] file not found: main.lua: No such file or directory
INFO - [G] 2025-03-07 23:58:01 :: ERROR :: StackTrace :: Oops! The game crashed
card.lua:4910: attempt to index local 'obj' (a nil value)
Stack Traceback
===============
(1) Lua local 'handler' at file 'main.lua:612'
	Local variables:
	 msg = string: "card.lua:4910: attempt to index local 'obj' (a nil value)"
	 (*temporary) = Lua function '?' (defined at line 31 of chunk [SMODS _ "src/logging.lua"])
	 (*temporary) = string: "Oops! The game crashed\
"
(2) LÖVE metamethod at file 'boot.lua:352'
	Local variables:
	 errhand = Lua function '?' (defined at line 598 of chunk main.lua)
	 handler = Lua function '?' (defined at line 598 of chunk main.lua)
(3) Lua upvalue 'smods_card_load' at file 'card.lua:4910'
	Local variables:
	 self = table: 0x10650940  {click_offset:table: 0x10932bb0, children:table: 0x10932d00, ambient_tilt:0.2 (more...)}
	 cardTable = table: 0x103f6bc0  {sprite_facing:back, facing:back, rank:50, save_fields:table: 0x0f6e6db8 (more...)}
	 other_card = nil
	 scale = number: 1
	 H = number: 2.75122
	 W = number: 2.04878
	 obj = nil
	 (*temporary) = number: 0
	 (*temporary) = number: 0
	 (*temporary) = number: 2.04878
	 (*temporary) = number: 2.75122
	 (*temporary) = table: 0x0f7ac248  {alerted:true, _saved_d_u:true, original_key:j_joker, atlas:Joker, registered:true (more...)}
	 (*temporary) = table: 0x0f7ac198  {max:500, key:c_base, set:Default, config:table: 0x0f7ac220, _saved_d_u:true (more...)}
	 (*temporary) = string: "attempt to index local 'obj' (a nil value)"
(4) Lua method 'load' at Steamodded file 'src/overrides.lua:1281' 
	Local variables:
	 self = table: 0x10650940  {click_offset:table: 0x10932bb0, children:table: 0x10932d00, ambient_tilt:0.2 (more...)}
	 cardTable = table: 0x103f6bc0  {sprite_facing:back, facing:back, rank:50, save_fields:table: 0x0f6e6db8 (more...)}
	 other_card = nil
(5) Lua method 'load' at file 'cardarea.lua:656'
	Local variables:
	 self = table: 0x0feea390  {velocity:table: 0x10217418, click_offset:table: 0x10942b88, children:table: 0x101b8f20 (more...)}
	 cardAreaTable = table: 0x0f447db0  {cards:table: 0x0f447e10, config:table: 0x0f86e8b0}
	 (for index) = number: 50
	 (for limit) = number: 65
	 (for step) = number: 1
	 i = number: 50
	 card = table: 0x10650940  {click_offset:table: 0x10932bb0, children:table: 0x10932d00, ambient_tilt:0.2 (more...)}
(6) Lua upvalue 'old_start_run' at file 'game.lua:2330'
	Local variables:
	 self = table: 0x0f3e57c0  {F_GUIDE:false, F_CRASH_REPORTS:false, F_QUIT_BUTTON:true, F_ENGLISH_ONLY:false (more...)}
	 args = table: 0x1008f298  {savetext:table: 0x10f2b0c0}
	 saveTable = table: 0x10f2b0c0  {STATE:1, BLIND:table: 0x10f2b0e8, BACK:table: 0x11183c08, tags:table: 0x102637f8 (more...)}
	 selected_back = table: 0x0f53f6c8  {order:3, set:Back, key:b_yellow, stake:1, alerted:true, discovered:true (more...)}
	 CAI = table: 0x102a7668  {hand_W:12.292682926829, joker_H:2.6136585365854, joker_W:10.039024390244 (more...)}
	 cardAreas = table: 0x10263820  {jokers:table: 0x10263910, deck:table: 0x0f447db0, consumeables:table: 0x10956530 (more...)}
	 (for generator) = C function: next
	 (for state) = table: 0x10263820  {jokers:table: 0x10263910, deck:table: 0x0f447db0, consumeables:table: 0x10956530 (more...)}
	 (for control) = number: nan
	 k = string: "deck"
	 v = table: 0x0f447db0  {cards:table: 0x0f447e10, config:table: 0x0f86e8b0}
(7) Lua upvalue 'Original_Game_start_run' at file 'Aura.lua:215' (from mod with id Aura)
	Local variables:
	 self = table: 0x0f3e57c0  {F_GUIDE:false, F_CRASH_REPORTS:false, F_QUIT_BUTTON:true, F_ENGLISH_ONLY:false (more...)}
	 args = table: 0x1008f298  {savetext:table: 0x10f2b0c0}
(8) Lua method 'start_run' at file 'PreorderCards.lua:23' (from mod with id preorder_cards)
	Local variables:
	 self = table: 0x0f3e57c0  {F_GUIDE:false, F_CRASH_REPORTS:false, F_QUIT_BUTTON:true, F_ENGLISH_ONLY:false (more...)}
	 args = table: 0x1008f298  {savetext:table: 0x10f2b0c0}
(9) Lua field 'func' at file 'functions/button_callbacks.lua:3015'
(10) Lua method 'handle' at file 'engine/event.lua:99'
	Local variables:
	 self = table: 0x11ce7c50  {start_timer:true, timer:REAL, func:function: 0x11ce7c10, blockable:true (more...)}
	 _results = table: 0x10716a80  {blocking:true, pause_skip:false, time_done:false, completed:false}
(11) Lua method 'update' at file 'engine/event.lua:182'
	Local variables:
	 self = table: 0x0f607f68  {queue_last_processed:27.533333333333, queues:table: 0x0f607f90, queue_dt:0.016666666666667 (more...)}
	 dt = number: 0.0165693
	 forced = nil
	 (for generator) = C function: next
	 (for state) = table: 0x0f607f90  {unlock:table: 0x0f5c3770, other:table: 0x0f6242f0, tutorial:table: 0x0f5c37c0 (more...)}
	 (for control) = number: nan
	 k = string: "base"
	 v = table: 0x0f5c3798  {1:table: 0x11ce7c50, 2:table: 0x11ce7618, 3:table: 0x11ce7cc0, 4:table: 0x11ce8950 (more...)}
	 blocked = boolean: false
	 i = number: 1
	 results = table: 0x10716a80  {blocking:true, pause_skip:false, time_done:false, completed:false}
(12) Lua upvalue 'gameUpdateRef' at file 'game.lua:2542'
	Local variables:
	 self = table: 0x0f3e57c0  {F_GUIDE:false, F_CRASH_REPORTS:false, F_QUIT_BUTTON:true, F_ENGLISH_ONLY:false (more...)}
	 dt = number: 0
	 http_resp = nil
(13) Lua upvalue 'old_update' at Steamodded file 'src/ui.lua:84' 
	Local variables:
	 self = table: 0x0f3e57c0  {F_GUIDE:false, F_CRASH_REPORTS:false, F_QUIT_BUTTON:true, F_ENGLISH_ONLY:false (more...)}
	 dt = number: 0.0165693
(14) Lua method 'update' at file 'Aura.lua:203' (from mod with id Aura)
	Local variables:
	 self = table: 0x0f3e57c0  {F_GUIDE:false, F_CRASH_REPORTS:false, F_QUIT_BUTTON:true, F_ENGLISH_ONLY:false (more...)}
	 dt = number: 0.0165693
(15) Lua field 'update' at file 'main.lua:992'
	Local variables:
	 dt = number: 0.0165693
(16) Lua function '?' at file 'main.lua:931' (best guess)
(17) global C function 'xpcall'
(18) LÖVE function at file 'boot.lua:377' (best guess)
	Local variables:
	 func = Lua function '?' (defined at line 902 of chunk main.lua)
	 inerror = boolean: true
	 deferErrhand = Lua function '(LÖVE Function)' (defined at line 348 of chunk [love "boot.lua"])
	 earlyinit = Lua function '(LÖVE Function)' (defined at line 355 of chunk [love "boot.lua"])

INFO - [G] file not found: main.lua: No such file or directory
INFO - [G] file not found: main.lua: No such file or directory
INFO - [G] 2025-03-07 23:58:01 :: INFO  :: StackTrace :: Additional Context:
Balatro Version: 1.0.1o-FULL
Modded Version: 1.0.0~ALPHA-1409a-STEAMODDED
LÖVE Version: 11.5.0
Lovely Version: 0.7.1
Platform: Windows
Steamodded Mods:
    1: Zero Bullitro by BitBites [ID: 0Bullitro, Version: 1.0, Uses Lovely]
    2: Preorder Cards by asd123cqp [ID: preorder_cards]
    3: Aura by MathIsFun_, ChromaPIE, Bard, Grassy311, RattlingSnow353, Solace, RadicaAprils, chloe_cromslor [ID: Aura, Version: 0.023, Uses Lovely]
    4: Hentai Cards by Makubex77, Pheubel (Code) [ID: HentaiCards, Version: 1.1]
    5: Vintage Pinup Cards by NoScope1080 [ID: VintagePinupCards]
    6: Stickface Deck by Stickface [ID: StickfaceNSFWDeck, Version: 1.0.0]
    7: Balustro by someone23832 [ID: Balustro, Priority: -20, Version: 0.12, Uses Lovely]
Lovely Mods:
