INFO - [♥] Lovely 0.7.1
INFO - [♥] Game directory is at "C:\\Program Files (x86)\\Steam\\steamapps\\common\\Balatro"
INFO - [♥] Writing logs to "C:\\Users\\Administrator\\AppData\\Roaming\\Balatro\\Mods\\lovely\\log"
INFO - [♥] Using mod directory at "C:\\Users\\Administrator\\AppData\\Roaming\\Balatro\\Mods"
INFO - [♥] Found .lovelyignore in 'Aura', skipping it.
INFO - [♥] Found .lovelyignore in 'Balustro', skipping it.
INFO - [♥] Found .lovelyignore in 'HentaiCards', skipping it.
INFO - [♥] Found .lovelyignore in 'SakashimaJoker', skipping it.
INFO - [♥] Cleaning up dumps directory at "C:\\Users\\Administrator\\AppData\\Roaming\\Balatro\\Mods\\lovely\\dump"
INFO - [♥] Initialization complete in 477ms
WARN - [♥] Pattern 'ϖ' on target 'conf.lua' for pattern patch from 0Bullitro\lovely\numbers.toml resulted in no matches
INFO - [♥] Applied 0 patches to 'conf.lua'
INFO - [♥] Applied 13 patches to 'main.lua'
WARN - [♥] Pattern 'ϖ' on target 'engine/object.lua' for pattern patch from 0Bullitro\lovely\numbers.toml resulted in no matches
INFO - [♥] Applied 4 patches to 'engine/object.lua'
WARN - [♥] Pattern 'ϖ' on target 'engine/string_packer.lua' for pattern patch from 0Bullitro\lovely\numbers.toml resulted in no matches
INFO - [♥] Applied 0 patches to 'engine/string_packer.lua'
INFO - [♥] Applied 7 patches to 'engine/controller.lua'
INFO - [♥] Applied 14 patches to 'back.lua'
INFO - [♥] Applied 7 patches to 'tag.lua'
WARN - [♥] Pattern 'ϖ' on target 'engine/event.lua' for pattern patch from 0Bullitro\lovely\numbers.toml resulted in no matches
WARN - [♥] Pattern '--Class' on target 'engine/event.lua' for pattern patch from 0Bullitro\lovely\numbers.toml resulted in 2 matches, wanted 1
WARN - [♥] Ignoring excess matches
WARN - [♥] Pattern '--Class Methods' on target 'engine/event.lua' for pattern patch from 0Bullitro\lovely\numbers.toml resulted in 2 matches, wanted 1
WARN - [♥] Ignoring excess matches
INFO - [♥] Applied 3 patches to 'engine/event.lua'
WARN - [♥] Pattern 'ϖ' on target 'engine/node.lua' for pattern patch from 0Bullitro\lovely\numbers.toml resulted in no matches
INFO - [♥] Applied 2 patches to 'engine/node.lua'
INFO - [♥] Applied 5 patches to 'engine/moveable.lua'
INFO - [♥] Applied 2 patches to 'engine/sprite.lua'
INFO - [♥] Applied 2 patches to 'engine/animatedsprite.lua'
INFO - [♥] Applied 42 patches to 'functions/misc_functions.lua'
INFO - [♥] Applied 27 patches to 'game.lua'
INFO - [♥] Applied 1 patch to 'globals.lua'
WARN - [♥] Pattern '--Class' on target 'engine/ui.lua' for pattern patch from 0Bullitro\lovely\numbers.toml resulted in 2 matches, wanted 1
WARN - [♥] Ignoring excess matches
INFO - [♥] Applied 8 patches to 'engine/ui.lua'
INFO - [♥] Applied 73 patches to 'functions/UI_definitions.lua'
INFO - [♥] Applied 40 patches to 'functions/state_events.lua'
INFO - [♥] Applied 87 patches to 'functions/common_events.lua'
INFO - [♥] Applied 39 patches to 'functions/button_callbacks.lua'
WARN - [♥] Pattern 'ϖ' on target 'functions/test_functions.lua' for pattern patch from 0Bullitro\lovely\numbers.toml resulted in no matches
INFO - [♥] Applied 0 patches to 'functions/test_functions.lua'
INFO - [♥] Applied 147 patches to 'card.lua'
INFO - [♥] Applied 7 patches to 'cardarea.lua'
INFO - [♥] Applied 31 patches to 'blind.lua'
WARN - [♥] Pattern 'ϖ' on target 'card_character.lua' for pattern patch from 0Bullitro\lovely\numbers.toml resulted in no matches
INFO - [♥] Applied 0 patches to 'card_character.lua'
WARN - [♥] Pattern 'ϖ' on target 'engine/particles.lua' for pattern patch from 0Bullitro\lovely\numbers.toml resulted in no matches
INFO - [♥] Applied 0 patches to 'engine/particles.lua'
INFO - [♥] Applied 3 patches to 'engine/text.lua'
WARN - [♥] Pattern 'ϖ' on target 'challenges.lua' for pattern patch from 0Bullitro\lovely\numbers.toml resulted in no matches
WARN - [♥] Pattern 'ϖ' on target 'challenges.lua' for pattern patch from 0Bullitro\lovely\numbers.toml resulted in no matches
INFO - [♥] Applied 0 patches to 'challenges.lua'
INFO - [G] Failed to connect to the debug server
INFO - [G] 2025-03-21 09:26:20 :: DEBUG :: DebugConsole :: Steamodded Debug Socket started !
INFO - [♥] Applied 10 patches to 'engine/sound_manager.lua'
INFO - [♥] Applied 1 patch to 'engine/save_manager.lua'
WARN - [♥] Pattern 'ϖ' on target 'engine/object.lua' for pattern patch from 0Bullitro\lovely\numbers.toml resulted in no matches
INFO - [♥] Applied 4 patches to 'engine/object.lua'
WARN - [♥] Pattern 'ϖ' on target 'engine/string_packer.lua' for pattern patch from 0Bullitro\lovely\numbers.toml resulted in no matches
INFO - [♥] Applied 0 patches to 'engine/string_packer.lua'
INFO - [G] 2025-03-21 09:26:38 :: ERROR :: Loader :: Found invalid metadata JSON file at C:\Users\Administrator\AppData\Roaming\Balatro\Mods/.vscode/settings.json, ignoring: [SMODS _ "src/loader.lua"]:226: id
INFO - [G] 2025-03-21 09:26:38 :: INFO  :: DefaultLogger :: Valid JSON file found
INFO - [G] 2025-03-21 09:26:38 :: ERROR :: Loader :: Found invalid metadata JSON file at C:\Users\Administrator\AppData\Roaming\Balatro\Mods/Aura/.vscode/settings.json, ignoring: [SMODS _ "src/loader.lua"]:226: id
INFO - [G] 2025-03-21 09:26:38 :: TRACE :: Loader :: Processing Mod file (Legacy header): Aura.lua
INFO - [G] 2025-03-21 09:26:38 :: TRACE :: Loader :: Saving Mod Info: Aura
INFO - [G] 2025-03-21 09:26:39 :: TRACE :: Loader :: Processing Mod file (Legacy header): PreorderCards.lua
INFO - [G] 2025-03-21 09:26:39 :: TRACE :: Loader :: Saving Mod Info: preorder_cards
INFO - [G] 2025-03-21 09:26:39 :: INFO  :: DefaultLogger :: Valid JSON file found
INFO - [G] 2025-03-21 09:26:39 :: INFO  :: DefaultLogger :: Valid JSON file found
INFO - [G] 2025-03-21 09:26:39 :: TRACE :: Loader :: Processing Mod file (Legacy header): HentaiCards.lua
INFO - [G] 2025-03-21 09:26:39 :: WARN  :: Loader :: Duplicate Mod ID: HentaiCards
INFO - [G] 2025-03-21 09:26:39 :: TRACE :: Loader :: Processing Mod file (Legacy header): SakashimaJoker.lua
INFO - [G] 2025-03-21 09:26:39 :: TRACE :: Loader :: Saving Mod Info: SakashimaJoker
INFO - [G] 2025-03-21 09:26:39 :: INFO  :: DefaultLogger :: Valid JSON file found
INFO - [G] 2025-03-21 09:26:40 :: TRACE :: Loader :: Processing Mod file (Legacy header): VintagePinupCards.lua
INFO - [G] 2025-03-21 09:26:40 :: TRACE :: Loader :: Saving Mod Info: VintagePinupCards
INFO - [G] 2025-03-21 09:26:40 :: TRACE :: Loader :: Processing Mod file (Legacy header): keyboard_dorkdad.lua
INFO - [G] 2025-03-21 09:26:40 :: TRACE :: Loader :: Saving Mod Info: keyboard_dorkdad
INFO - [G] 2025-03-21 09:26:40 :: TRACE :: Loader :: Mod Balustro was unable to load: 
INFO - [G] 2025-03-21 09:26:40 :: TRACE :: Loader :: Mod Aura was unable to load: 
INFO - [G] 2025-03-21 09:26:40 :: TRACE :: Loader :: Mod HentaiCards was unable to load: 
INFO - [G] 2025-03-21 09:26:40 :: TRACE :: Loader :: Mod SakashimaJoker was unable to load: 
INFO - [G] 2025-03-21 09:26:40 :: INFO  :: TIMER :: [0000] Injected Language in 0.001 ms
INFO - [G] 2025-03-21 09:26:40 :: INFO  :: TIMER :: [0000] Injected [INTERNAL] in 74.130 ms
INFO - [G] mod_tags
INFO - [G] achievements
INFO - [G] bull_wide_card
INFO - [G] bull_carper_card
INFO - [G] bull_Jokers-bean
INFO - [G] bull_Jokers-ice cream
INFO - [G] bull_Jokers-popcorn
INFO - [G] bull_Jokers-ramen
INFO - [G] bull_Jokers-green guy
INFO - [G] StickfaceNSFW_8BitDeck_opt2
INFO - [G] StickfaceNSFW_8BitDeck
INFO - [G] StickfaceNSFW_icon_lc
INFO - [G] StickfaceNSFW_icon_hc
INFO - [G] vintage_pinup_cards
INFO - [G] 2025-03-21 09:26:41 :: INFO  :: TIMER :: [0014] Injected Atlas in 1561.306 ms
INFO - [G] 2025-03-21 09:26:41 :: INFO  :: TIMER :: [0001] Injected Sound in 34.455 ms
INFO - [G] 2025-03-21 09:26:41 :: INFO  :: TIMER :: [0008] Injected Stake in 0.240 ms
INFO - [G] 2025-03-21 09:26:41 :: INFO  :: TIMER :: [0004] Injected Rarity in 0.015 ms
INFO - [G] 2025-03-21 09:26:41 :: INFO  :: TIMER :: [0004] Injected ObjectType in 0.024 ms
INFO - [G] 2025-03-21 09:26:41 :: INFO  :: TIMER :: [0056] Injected Center in 0.583 ms
INFO - [G] 2025-03-21 09:26:41 :: INFO  :: TIMER :: [0007] Injected Undiscovered Sprite in 0.015 ms
INFO - [G] 2025-03-21 09:26:41 :: INFO  :: TIMER :: [0002] Injected Blind in 0.015 ms
INFO - [G] 2025-03-21 09:26:42 :: INFO  :: TIMER :: [0004] Injected Seal in 0.123 ms
INFO - [G] 2025-03-21 09:26:42 :: INFO  :: TIMER :: [0004] Injected Suit in 0.150 ms
INFO - [G] 2025-03-21 09:26:42 :: INFO  :: TIMER :: [0013] Injected Rank in 0.139 ms
INFO - [G] 2025-03-21 09:26:42 :: INFO  :: TIMER :: [0036] Injected DeckSkin in 0.367 ms
INFO - [G] 2025-03-21 09:26:42 :: INFO  :: TIMER :: [0012] Injected PokerHand in 0.077 ms
INFO - [G] 2025-03-21 09:26:42 :: INFO  :: TIMER :: [0020] Injected Challenge in 0.024 ms
INFO - [G] 2025-03-21 09:26:42 :: INFO  :: TIMER :: [0000] Injected Tag in 0.001 ms
INFO - [G] 2025-03-21 09:26:42 :: INFO  :: TIMER :: [0004] Injected Sticker in 0.071 ms
INFO - [G] 2025-03-21 09:26:42 :: INFO  :: TIMER :: [0000] Injected Shader in 0.001 ms
INFO - [G] 2025-03-21 09:26:42 :: INFO  :: TIMER :: [0001] Injected Keybind in 0.012 ms
INFO - [G] 2025-03-21 09:26:42 :: INFO  :: TIMER :: [0000] Injected Achievement in 0.051 ms
INFO - [G] 2025-03-21 09:26:42 :: INFO  :: TIMER :: [0000] Injected [INTERNAL] in 1.022 ms
INFO - [G] LONG DT @ 1009: 0.050542403639117
INFO - [G] LONG DT @ 2798: 0.051480456222354
INFO - [G] LONG DT @ 2850: 0.051132013785202
INFO - [G] LONG DT @ 2854: 0.056409061413934
INFO - [G] LONG DT @ 2858: 0.061319306198982
INFO - [G] LONG DT @ 2858: 0.05095460495918
INFO - [G] LONG DT @ 2862: 0.056787600683046
INFO - [G] LONG DT @ 2866: 0.0579221419822
INFO - [G] LONG DT @ 2870: 0.059648935038177
INFO - [G] LONG DT @ 2870: 0.050586148030602
INFO - [G] LONG DT @ 2874: 0.056954782249793
INFO - [G] LONG DT @ 2878: 0.058494508376384
INFO - [G] LONG DT @ 2883: 0.063568348078237
INFO - [G] LONG DT @ 2883: 0.053351038462576
INFO - [G] LONG DT @ 2887: 0.057019371385132
INFO - [G] LONG DT @ 2891: 0.062212487822907
INFO - [G] LONG DT @ 2891: 0.052898850258341
INFO - [G] LONG DT @ 2896: 0.061618061013687
INFO - [G] LONG DT @ 2896: 0.053087068810917
INFO - [G] LONG DT @ 2900: 0.062870443927214
INFO - [G] LONG DT @ 2900: 0.05268961514178
INFO - [G] LONG DT @ 2904: 0.058936305341252
INFO - [G] LONG DT @ 2909: 0.055023764724591
INFO - [G] LONG DT @ 2913: 0.053201539607042
INFO - [G] LONG DT @ 2917: 0.059578399107116
INFO - [G] LONG DT @ 2917: 0.05044821928572
INFO - [G] LONG DT @ 2921: 0.057825866896096
INFO - [G] LONG DT @ 2925: 0.061460382807548
INFO - [G] LONG DT @ 2926: 0.051540426246057
INFO - [G] LONG DT @ 2930: 0.061618575209986
INFO - [G] LONG DT @ 2930: 0.051414500167989
INFO - [G] LONG DT @ 2934: 0.06290208775631
INFO - [G] LONG DT @ 2934: 0.052148830205041
INFO - [G] LONG DT @ 2938: 0.066618185454473
INFO - [G] LONG DT @ 2938: 0.055939208363565
INFO - [G] LONG DT @ 2943: 0.066359728145656
INFO - [G] LONG DT @ 2943: 0.055599102516555
INFO - [G] LONG DT @ 2947: 0.066110015602891
INFO - [G] LONG DT @ 2947: 0.054908852482335
INFO - [G] LONG DT @ 2952: 0.066012197129987
INFO - [G] LONG DT @ 2952: 0.055103737704003
INFO - [G] LONG DT @ 2957: 0.058373185114395
INFO - [G] LONG DT @ 2962: 0.061331244998537
INFO - [G] LONG DT @ 2962: 0.05065407599886
INFO - [G] LONG DT @ 2967: 0.059175412294663
INFO - [G] LONG DT @ 2972: 0.070804253482072
INFO - [G] LONG DT @ 2972: 0.059115222785595
INFO - [G] LONG DT @ 2977: 0.060470894014933
INFO - [G] LONG DT @ 2977: 0.050134355211907
INFO - [G] LONG DT @ 2982: 0.063305045168705
INFO - [G] LONG DT @ 2982: 0.052149816134989
INFO - [G] LONG DT @ 2987: 0.059834816151416
INFO - [G] LONG DT @ 2991: 0.057241562457006
INFO - [G] LONG DT @ 2996: 0.067306340271983
INFO - [G] LONG DT @ 2996: 0.055963172217593
INFO - [G] LONG DT @ 3001: 0.060104195004
INFO - [G] LONG DT @ 3006: 0.061456923414543
INFO - [G] LONG DT @ 3006: 0.051230238731662
INFO - [G] LONG DT @ 3011: 0.065038868942002
INFO - [G] LONG DT @ 3011: 0.054071195153578
INFO - [G] LONG DT @ 3016: 0.065446461975312
INFO - [G] LONG DT @ 3016: 0.053808189580308
INFO - [G] LONG DT @ 3021: 0.057461011412126
INFO - [G] LONG DT @ 3026: 0.059585804871397
INFO - [G] LONG DT @ 3026: 0.055302023897088
INFO - [G] LONG DT @ 3030: 0.074232411278571
INFO - [G] LONG DT @ 3030: 0.061925109022842
INFO - [G] LONG DT @ 3030: 0.051932287218305
INFO - [G] LONG DT @ 3034: 0.074014427659674
INFO - [G] LONG DT @ 3034: 0.061712502127737
INFO - [G] LONG DT @ 3034: 0.052270121702239
INFO - [G] LONG DT @ 3038: 0.079707046258384
INFO - [G] LONG DT @ 3038: 0.065828417006759
INFO - [G] LONG DT @ 3038: 0.055765553605411
INFO - [G] LONG DT @ 3042: 0.07645808078393
INFO - [G] LONG DT @ 3042: 0.064686264627103
INFO - [G] LONG DT @ 3042: 0.054142751701707
INFO - [G] LONG DT @ 3046: 0.071649390564299
INFO - [G] LONG DT @ 3047: 0.06308241245143
INFO - [G] LONG DT @ 3047: 0.05253456996116
INFO - [G] LONG DT @ 3051: 0.071103020900988
INFO - [G] LONG DT @ 3051: 0.05897857672081
INFO - [G] LONG DT @ 3055: 0.076609152208035
INFO - [G] LONG DT @ 3055: 0.065216041766358
INFO - [G] LONG DT @ 3055: 0.054078293413121
INFO - [G] LONG DT @ 3059: 0.070688316042069
INFO - [G] LONG DT @ 3059: 0.059105712833687
INFO - [G] LONG DT @ 3064: 0.077704560133994
INFO - [G] LONG DT @ 3064: 0.065536148107128
INFO - [G] LONG DT @ 3064: 0.05558527848575
INFO - [G] LONG DT @ 3068: 0.090217997993449
INFO - [G] LONG DT @ 3068: 0.075930478394708
INFO - [G] LONG DT @ 3068: 0.063186522715805
INFO - [G] LONG DT @ 3068: 0.05268329817264
INFO - [G] LONG DT @ 3073: 0.086330497093996
INFO - [G] LONG DT @ 3073: 0.071414197675244
INFO - [G] LONG DT @ 3073: 0.059170678140144
INFO - [G] LONG DT @ 3077: 0.075395876325546
INFO - [G] LONG DT @ 3077: 0.065438041060442
INFO - [G] LONG DT @ 3077: 0.054880772848329
INFO - [G] LONG DT @ 3081: 0.074846057368509
INFO - [G] LONG DT @ 3081: 0.064574485894802
INFO - [G] LONG DT @ 3081: 0.05421600871577
INFO - [G] LONG DT @ 3086: 0.069829147603687
INFO - [G] LONG DT @ 3086: 0.058742058083001
INFO - [G] LONG DT @ 3090: 0.067401776990941
INFO - [G] LONG DT @ 3090: 0.057661541592773
INFO - [G] LONG DT @ 3094: 0.074535468061404
INFO - [G] LONG DT @ 3094: 0.063873714449157
INFO - [G] LONG DT @ 3095: 0.053049231559247
INFO - [G] LONG DT @ 3099: 0.076370327674422
INFO - [G] LONG DT @ 3099: 0.063236122139526
INFO - [G] LONG DT @ 3099: 0.05257447771164
INFO - [G] LONG DT @ 3103: 0.069239878417031
INFO - [G] LONG DT @ 3103: 0.057485842733657
INFO - [G] LONG DT @ 3108: 0.075265467309464
INFO - [G] LONG DT @ 3108: 0.066353893847554
INFO - [G] LONG DT @ 3108: 0.055344175078044
INFO - [G] LONG DT @ 3112: 0.079885470757859
INFO - [G] LONG DT @ 3112: 0.066049096606276
INFO - [G] LONG DT @ 3112: 0.054837037285016
INFO - [G] LONG DT @ 3117: 0.073022712893188
INFO - [G] LONG DT @ 3117: 0.062834390314535
INFO - [G] LONG DT @ 3117: 0.052587212251672
INFO - [G] LONG DT @ 3121: 0.075635074389432
INFO - [G] LONG DT @ 3121: 0.0645239995115
INFO - [G] LONG DT @ 3121: 0.054073319609238
INFO - [G] LONG DT @ 3125: 0.077730469990947
INFO - [G] LONG DT @ 3125: 0.064452055992781
INFO - [G] LONG DT @ 3125: 0.053411004794276
INFO - [G] LONG DT @ 3130: 0.078395759823114
INFO - [G] LONG DT @ 3130: 0.06478278785842
INFO - [G] LONG DT @ 3130: 0.054090090286775
INFO - [G] LONG DT @ 3134: 0.076252726704853
INFO - [G] LONG DT @ 3134: 0.062872301363849
INFO - [G] LONG DT @ 3134: 0.052662821091118
INFO - [G] LONG DT @ 3139: 0.080310860441179
INFO - [G] LONG DT @ 3139: 0.066326088352996
INFO - [G] LONG DT @ 3139: 0.055297190682371
INFO - [G] LONG DT @ 3144: 0.076132442881814
INFO - [G] LONG DT @ 3144: 0.064731594305465
INFO - [G] LONG DT @ 3144: 0.053533575444335
INFO - [G] LONG DT @ 3149: 0.068788247273081
INFO - [G] LONG DT @ 3149: 0.057559077818466
INFO - [G] LONG DT @ 3154: 0.077944140145898
INFO - [G] LONG DT @ 3154: 0.066465792116773
INFO - [G] LONG DT @ 3154: 0.055039493693391
INFO - [G] LONG DT @ 3159: 0.070473534868668
INFO - [G] LONG DT @ 3159: 0.058450987894923
INFO - [G] LONG DT @ 3164: 0.06775504996777
INFO - [G] LONG DT @ 3164: 0.055687259974171
INFO - [G] LONG DT @ 3169: 0.068509278045668
INFO - [G] LONG DT @ 3169: 0.057050842436457
INFO - [G] LONG DT @ 3174: 0.072671191283259
INFO - [G] LONG DT @ 3174: 0.062250633026562
INFO - [G] LONG DT @ 3174: 0.052031846421321
INFO - [G] LONG DT @ 3179: 0.060360106568023
INFO - [G] LONG DT @ 3179: 0.050077945254426
INFO - [G] LONG DT @ 3184: 0.070715808708053
INFO - [G] LONG DT @ 3184: 0.058759706966402
INFO - [G] LONG DT @ 3189: 0.065509167686251
INFO - [G] LONG DT @ 3189: 0.05382467414899
INFO - [G] LONG DT @ 3194: 0.06088990275295
INFO - [G] LONG DT @ 3194: 0.050574302202417
INFO - [G] LONG DT @ 3199: 0.063069329775596
INFO - [G] LONG DT @ 3199: 0.052048763820445
INFO - [G] LONG DT @ 3204: 0.063565416438259
INFO - [G] LONG DT @ 3204: 0.052641393150617
INFO - [G] LONG DT @ 3209: 0.061255411780466
INFO - [G] LONG DT @ 3209: 0.050960069424366
INFO - [G] LONG DT @ 3213: 0.06697372986858
INFO - [G] LONG DT @ 3213: 0.056873563894829
INFO - [G] LONG DT @ 3217: 0.080145430767797
INFO - [G] LONG DT @ 3217: 0.066085984614299
INFO - [G] LONG DT @ 3217: 0.0548673076914
INFO - [G] LONG DT @ 3221: 0.077770984756781
INFO - [G] LONG DT @ 3221: 0.064771907805458
INFO - [G] LONG DT @ 3222: 0.053956026244367
INFO - [G] LONG DT @ 3226: 0.086151643372163
INFO - [G] LONG DT @ 3226: 0.073699074697709
INFO - [G] LONG DT @ 3226: 0.061119419758207
INFO - [G] LONG DT @ 3226: 0.051020455806571
INFO - [G] LONG DT @ 3230: 0.085095213927016
INFO - [G] LONG DT @ 3230: 0.070411231141563
INFO - [G] LONG DT @ 3230: 0.058403664913329
INFO - [G] LONG DT @ 3234: 0.085967505568903
INFO - [G] LONG DT @ 3234: 0.070946484455113
INFO - [G] LONG DT @ 3235: 0.059069687564061
INFO - [G] LONG DT @ 3235: 0.052287410051235
INFO - [G] LONG DT @ 3239: 0.078308878826661
INFO - [G] LONG DT @ 3239: 0.065192943061368
INFO - [G] LONG DT @ 3239: 0.054192334449117
INFO - [G] LONG DT @ 3243: 0.074478588075147
INFO - [G] LONG DT @ 3243: 0.069205890460098
INFO - [G] LONG DT @ 3243: 0.057110532368166
INFO - [G] LONG DT @ 3248: 0.079274208057965
INFO - [G] LONG DT @ 3248: 0.066970146446395
INFO - [G] LONG DT @ 3248: 0.05583955715714
INFO - [G] LONG DT @ 3253: 0.071921538546597
INFO - [G] LONG DT @ 3253: 0.061914030837232
INFO - [G] LONG DT @ 3253: 0.051570424669821
INFO - [G] LONG DT @ 3257: 0.072889745942168
INFO - [G] LONG DT @ 3257: 0.061434016753757
INFO - [G] LONG DT @ 3257: 0.050944153402991
INFO - [G] LONG DT @ 3262: 0.066104320313918
INFO - [G] LONG DT @ 3262: 0.05454983625114
INFO - [G] LONG DT @ 3267: 0.071285498095141
INFO - [G] LONG DT @ 3267: 0.060372398476128
INFO - [G] LONG DT @ 3267: 0.050260218780916
INFO - [G] LONG DT @ 3272: 0.068798834200983
INFO - [G] LONG DT @ 3272: 0.056794947360805
INFO - [G] LONG DT @ 3276: 0.065275427923296
INFO - [G] LONG DT @ 3276: 0.054363082338636
INFO - [G] LONG DT @ 3281: 0.073813764445511
INFO - [G] LONG DT @ 3281: 0.064332631556414
INFO - [G] LONG DT @ 3281: 0.053352785245047
INFO - [G] LONG DT @ 3284: 0.071425497865467
INFO - [G] LONG DT @ 3285: 0.061549918292455
INFO - [G] LONG DT @ 3285: 0.05139859463395
INFO - [G] LONG DT @ 3285: 0.07876006030379
INFO - [G] LONG DT @ 3285: 0.065546968243038
INFO - [G] LONG DT @ 3285: 0.055087594594486
INFO - [G] LONG DT @ 3289: 0.07247007764551
INFO - [G] LONG DT @ 3289: 0.06150940211642
INFO - [G] LONG DT @ 3289: 0.05227606169314
INFO - [G] LONG DT @ 3290: 0.075428438742647
INFO - [G] LONG DT @ 3290: 0.062194130994088
INFO - [G] LONG DT @ 3290: 0.051710644795311
INFO - [G] LONG DT @ 3294: 0.076028108784485
INFO - [G] LONG DT @ 3294: 0.065226867027639
INFO - [G] LONG DT @ 3294: 0.054102173622078
INFO - [G] LONG DT @ 3299: 0.071763875326839
INFO - [G] LONG DT @ 3299: 0.061187480261471
INFO - [G] LONG DT @ 3299: 0.051938124209247
INFO - [G] LONG DT @ 3304: 0.071296380813194
INFO - [G] LONG DT @ 3304: 0.060963344650519
INFO - [G] LONG DT @ 3304: 0.05044873572041
INFO - [G] LONG DT @ 3308: 0.076083220529891
INFO - [G] LONG DT @ 3308: 0.063098256423844
INFO - [G] LONG DT @ 3308: 0.052245145139138
INFO - [G] LONG DT @ 3313: 0.083515378618193
INFO - [G] LONG DT @ 3313: 0.068617122894515
INFO - [G] LONG DT @ 3313: 0.05674411831564
INFO - [G] LONG DT @ 3317: 0.08141898050453
INFO - [G] LONG DT @ 3317: 0.067565424403636
INFO - [G] LONG DT @ 3317: 0.056289959522869
INFO - [G] LONG DT @ 3318: 0.076151717852472
INFO - [G] LONG DT @ 3318: 0.063267714281963
INFO - [G] LONG DT @ 3318: 0.053285751425631
INFO - [G] LONG DT @ 3319: 0.075505563030906
INFO - [G] LONG DT @ 3319: 0.064749350424703
INFO - [G] LONG DT @ 3319: 0.053614020339795
INFO - [G] LONG DT @ 3321: 0.08333559602895
INFO - [G] LONG DT @ 3321: 0.068736016823167
INFO - [G] LONG DT @ 3321: 0.057141113458477
INFO - [G] LONG DT @ 3326: 0.08121983352182
INFO - [G] LONG DT @ 3326: 0.06912606681746
INFO - [G] LONG DT @ 3326: 0.057273213454004
INFO - [G] LONG DT @ 3330: 0.087141224982506
INFO - [G] LONG DT @ 3330: 0.072206859985934
INFO - [G] LONG DT @ 3330: 0.06052858798874
INFO - [G] LONG DT @ 3330: 0.050651470391027
INFO - [G] LONG DT @ 3335: 0.084517055213119
INFO - [G] LONG DT @ 3335: 0.072069184170476
INFO - [G] LONG DT @ 3335: 0.06023804733642
INFO - [G] LONG DT @ 3335: 0.050254537869143
INFO - [G] LONG DT @ 3339: 0.078204269171967
INFO - [G] LONG DT @ 3339: 0.066213595337596
INFO - [G] LONG DT @ 3339: 0.055391476270082
INFO - [G] LONG DT @ 3344: 0.079398689375408
INFO - [G] LONG DT @ 3344: 0.067873271500274
INFO - [G] LONG DT @ 3344: 0.057212057200285
INFO - [G] LONG DT @ 3348: 0.077290325846452
INFO - [G] LONG DT @ 3348: 0.063763320677131
INFO - [G] LONG DT @ 3348: 0.052769276541669
INFO - [G] LONG DT @ 3350: 0.081005771580131
INFO - [G] LONG DT @ 3351: 0.067239977264086
INFO - [G] LONG DT @ 3351: 0.056274221811332
INFO - [G] LONG DT @ 3352: 0.078247592851724
INFO - [G] LONG DT @ 3352: 0.1
INFO - [G] LONG DT @ 3352: 0.08200961999999
INFO - [G] LONG DT @ 3352: 0.067420096000009
INFO - [G] LONG DT @ 3352: 0.05577293680001
INFO - [G] LONG DT @ 3356: 0.0816058006223
INFO - [G] LONG DT @ 3356: 0.067291280497785
INFO - [G] LONG DT @ 3356: 0.05582670439826
INFO - [G] LONG DT @ 3360: 0.093417759608996
INFO - [G] LONG DT @ 3361: 0.079056407687221
INFO - [G] LONG DT @ 3361: 0.067247506149706
INFO - [G] LONG DT @ 3361: 0.055636464919764
INFO - [G] LONG DT @ 3365: 0.081414307117187
INFO - [G] LONG DT @ 3365: 0.066982205693729
INFO - [G] LONG DT @ 3365: 0.055492124554958
INFO - [G] LONG DT @ 3370: 0.086725027872699
INFO - [G] LONG DT @ 3370: 0.071838122298217
INFO - [G] LONG DT @ 3370: 0.059641657838517
INFO - [G] LONG DT @ 3374: 0.082733820821102
INFO - [G] LONG DT @ 3374: 0.068241896656864
INFO - [G] LONG DT @ 3374: 0.056479457325503
INFO - [G] LONG DT @ 3378: 0.081782717048364
INFO - [G] LONG DT @ 3379: 0.067388333638639
INFO - [G] LONG DT @ 3379: 0.055931466910902
INFO - [G] LONG DT @ 3383: 0.08260726493154
INFO - [G] LONG DT @ 3383: 0.068360431945258
INFO - [G] LONG DT @ 3383: 0.057147405556207
INFO - [G] LONG DT @ 3387: 0.081836410514835
INFO - [G] LONG DT @ 3387: 0.068955348411882
INFO - [G] LONG DT @ 3388: 0.05715517872947
INFO - [G] LONG DT @ 3392: 0.086470300338031
INFO - [G] LONG DT @ 3392: 0.073162180270409
INFO - [G] LONG DT @ 3392: 0.064036724216391
INFO - [G] LONG DT @ 3392: 0.053547639373106
INFO - [G] LONG DT @ 3396: 0.084499709423906
INFO - [G] LONG DT @ 3396: 0.069632547539115
INFO - [G] LONG DT @ 3397: 0.058289018031281
INFO - [G] LONG DT @ 3401: 0.089180569198671
INFO - [G] LONG DT @ 3401: 0.076146875358879
INFO - [G] LONG DT @ 3401: 0.063329220287158
INFO - [G] LONG DT @ 3401: 0.055423076229703
INFO - [G] LONG DT @ 3405: 0.090526693194403
INFO - [G] LONG DT @ 3405: 0.074226534555496
INFO - [G] LONG DT @ 3405: 0.061501167644408
INFO - [G] LONG DT @ 3406: 0.051529074115535
INFO - [G] LONG DT @ 3410: 0.081269153292256
INFO - [G] LONG DT @ 3410: 0.066925502633764
INFO - [G] LONG DT @ 3410: 0.056094322107002
INFO - [G] LONG DT @ 3414: 0.085273400498071
INFO - [G] LONG DT @ 3414: 0.070090240398442
INFO - [G] LONG DT @ 3414: 0.057838772318757
INFO - [G] LONG DT @ 3419: 0.080460562048153
INFO - [G] LONG DT @ 3419: 0.066275809638473
INFO - [G] LONG DT @ 3419: 0.054930447710845
INFO - [G] LONG DT @ 3423: 0.079983421186007
INFO - [G] LONG DT @ 3424: 0.0688977969488
INFO - [G] LONG DT @ 3424: 0.057402817559054
INFO - [G] LONG DT @ 3428: 0.084428296509165
INFO - [G] LONG DT @ 3428: 0.069548177207268
INFO - [G] LONG DT @ 3428: 0.058063261765814
INFO - [G] LONG DT @ 3433: 0.079303572765349
INFO - [G] LONG DT @ 3433: 0.066721918212302
INFO - [G] LONG DT @ 3433: 0.055107534569885
INFO - [G] LONG DT @ 3437: 0.078222941197798
INFO - [G] LONG DT @ 3437: 0.066148732958258
INFO - [G] LONG DT @ 3437: 0.054887306366621
INFO - [G] LONG DT @ 3442: 0.085939383064022
INFO - [G] LONG DT @ 3442: 0.071136686451183
INFO - [G] LONG DT @ 3442: 0.059143769161005
INFO - [G] LONG DT @ 3447: 0.083627270246579
INFO - [G] LONG DT @ 3447: 0.06909417619729
INFO - [G] LONG DT @ 3447: 0.05837600095785
INFO - [G] LONG DT @ 3451: 0.084298386034702
INFO - [G] LONG DT @ 3451: 0.071201208827755
INFO - [G] LONG DT @ 3451: 0.058967787062156
INFO - [G] LONG DT @ 3456: 0.085859844025367
INFO - [G] LONG DT @ 3456: 0.073756915220329
INFO - [G] LONG DT @ 3456: 0.061054452176188
INFO - [G] LONG DT @ 3456: 0.050924561740948
INFO - [G] LONG DT @ 3460: 0.092420186728809
INFO - [G] LONG DT @ 3460: 0.078202089383052
INFO - [G] LONG DT @ 3460: 0.064991091506394
INFO - [G] LONG DT @ 3460: 0.054102493205126
INFO - [G] LONG DT @ 3464: 0.095514131038542
INFO - [G] LONG DT @ 3465: 0.080808324830867
INFO - [G] LONG DT @ 3465: 0.068995159864708
INFO - [G] LONG DT @ 3465: 0.059739967891718
INFO - [G] LONG DT @ 3465: 0.052608274313413
INFO - [G] LONG DT @ 3469: 0.086300751827453
INFO - [G] LONG DT @ 3469: 0.073904821461998
INFO - [G] LONG DT @ 3469: 0.061410997169552
INFO - [G] LONG DT @ 3469: 0.050988197735653
INFO - [G] LONG DT @ 3474: 0.090586779269254
INFO - [G] LONG DT @ 3474: 0.074331343415414
INFO - [G] LONG DT @ 3474: 0.061610294732388
INFO - [G] LONG DT @ 3474: 0.051701035785912
INFO - [G] LONG DT @ 3479: 0.07994563047342
INFO - [G] LONG DT @ 3479: 0.06582308437876
INFO - [G] LONG DT @ 3479: 0.05456672750299
INFO - [G] LONG DT @ 3482: 0.069728429679454
INFO - [G] LONG DT @ 3482: 0.061111643743513
INFO - [G] LONG DT @ 3485: 0.084524882189857
INFO - [G] LONG DT @ 3485: 0.068418145751926
INFO - [G] LONG DT @ 3486: 0.055703676601563
