INFO - [♥] Lovely 0.7.1
INFO - [♥] Game directory is at "C:\\Program Files (x86)\\Steam\\steamapps\\common\\Balatro"
INFO - [♥] Writing logs to "C:\\Users\\Administrator\\AppData\\Roaming\\Balatro\\Mods\\lovely\\log"
INFO - [♥] Using mod directory at "C:\\Users\\Administrator\\AppData\\Roaming\\Balatro\\Mods"
INFO - [♥] Found .lovelyignore in 'SakashimaJoker', skipping it.
INFO - [♥] Cleaning up dumps directory at "C:\\Users\\Administrator\\AppData\\Roaming\\Balatro\\Mods\\lovely\\dump"
INFO - [♥] Initialization complete in 19ms
INFO - [♥] Applied 12 patches to 'main.lua'
INFO - [♥] Applied 5 patches to 'engine/controller.lua'
INFO - [♥] Applied 13 patches to 'back.lua'
INFO - [♥] Applied 6 patches to 'tag.lua'
INFO - [♥] Applied 1 patch to 'engine/moveable.lua'
INFO - [♥] Applied 2 patches to 'engine/sprite.lua'
INFO - [♥] Applied 2 patches to 'engine/animatedsprite.lua'
INFO - [♥] Applied 44 patches to 'functions/misc_functions.lua'
INFO - [♥] Applied 29 patches to 'game.lua'
INFO - [♥] Applied 1 patch to 'globals.lua'
INFO - [♥] Applied 3 patches to 'engine/ui.lua'
INFO - [♥] Applied 72 patches to 'functions/UI_definitions.lua'
INFO - [♥] Applied 39 patches to 'functions/state_events.lua'
INFO - [♥] Applied 87 patches to 'functions/common_events.lua'
INFO - [♥] Applied 38 patches to 'functions/button_callbacks.lua'
INFO - [♥] Applied 143 patches to 'card.lua'
INFO - [♥] Applied 6 patches to 'cardarea.lua'
INFO - [♥] Applied 30 patches to 'blind.lua'
INFO - [♥] Applied 2 patches to 'engine/text.lua'
INFO - [G] Failed to connect to the debug server
INFO - [G] 2025-03-06 22:49:48 :: DEBUG :: DebugConsole :: Steamodded Debug Socket started !
INFO - [♥] Applied 9 patches to 'engine/sound_manager.lua'
INFO - [♥] Applied 1 patch to 'engine/save_manager.lua'
INFO - [G] 2025-03-06 22:49:50 :: ERROR :: Loader :: Found invalid metadata JSON file at C:\Users\Administrator\AppData\Roaming\Balatro\Mods/.vscode/settings.json, ignoring: [SMODS _ "src/loader.lua"]:226: id
INFO - [G] 2025-03-06 22:49:50 :: INFO  :: DefaultLogger :: Valid JSON file found
INFO - [G] 2025-03-06 22:49:50 :: ERROR :: Loader :: Found invalid metadata JSON file at C:\Users\Administrator\AppData\Roaming\Balatro\Mods/Aura/.vscode/settings.json, ignoring: [SMODS _ "src/loader.lua"]:226: id
INFO - [G] 2025-03-06 22:49:50 :: TRACE :: Loader :: Processing Mod file (Legacy header): Aura.lua
INFO - [G] 2025-03-06 22:49:50 :: TRACE :: Loader :: Saving Mod Info: Aura
INFO - [G] 2025-03-06 22:49:50 :: TRACE :: Loader :: Processing Mod file (Legacy header): PreorderCards.lua
INFO - [G] 2025-03-06 22:49:50 :: TRACE :: Loader :: Saving Mod Info: preorder_cards
INFO - [G] 2025-03-06 22:49:50 :: INFO  :: DefaultLogger :: Valid JSON file found
INFO - [G] 2025-03-06 22:49:50 :: INFO  :: DefaultLogger :: Valid JSON file found
INFO - [G] 2025-03-06 22:49:50 :: TRACE :: Loader :: Processing Mod file (Legacy header): HentaiCards.lua
INFO - [G] 2025-03-06 22:49:50 :: WARN  :: Loader :: Duplicate Mod ID: HentaiCards
INFO - [G] 2025-03-06 22:49:50 :: TRACE :: Loader :: Processing Mod file (Legacy header): SakashimaJoker.lua
INFO - [G] 2025-03-06 22:49:50 :: TRACE :: Loader :: Saving Mod Info: SakashimaJoker
INFO - [G] 2025-03-06 22:49:50 :: INFO  :: DefaultLogger :: Valid JSON file found
INFO - [G] 2025-03-06 22:49:50 :: TRACE :: Loader :: Processing Mod file (Legacy header): VintagePinupCards.lua
INFO - [G] 2025-03-06 22:49:50 :: TRACE :: Loader :: Saving Mod Info: VintagePinupCards
INFO - [G] 2025-03-06 22:49:50 :: WARN  :: DeckSkin :: Old DeckSkin formatting detected on DeckSkin lust_LuckHearts!
INFO - [G] 2025-03-06 22:49:50 :: WARN  :: DeckSkin :: Old DeckSkin formatting detected on DeckSkin lust_LuckClubs!
INFO - [G] 2025-03-06 22:49:50 :: WARN  :: DeckSkin :: Old DeckSkin formatting detected on DeckSkin lust_LuckDiamonds!
INFO - [G] 2025-03-06 22:49:50 :: WARN  :: DeckSkin :: Old DeckSkin formatting detected on DeckSkin lust_LuckSpades!
INFO - [G] true
INFO - [G] Picture dimensions: 138 x 186
INFO - [G] Number of animation frames: 8
INFO - [G] Comment inside this GIF: Created with Paint.NET
INFO - [G] Picture dimensions: 138 x 186
INFO - [G] Number of animation frames: 1
INFO - [G] Comment inside this GIF: NO_COMMENT
INFO - [G] Picture dimensions: 138 x 186
INFO - [G] Number of animation frames: 9
INFO - [G] Comment inside this GIF: Created with Paint.NET
INFO - [G] 2025-03-06 22:49:50 :: WARN  :: Atlas :: Object centers has the same key as an existing object, not registering.
INFO - [G] 2025-03-06 22:49:50 :: WARN  :: Atlas :: If you want to modify an existing object, use take_ownership()
INFO - [G] soul_atlas
INFO - [G] 2025-03-06 22:49:50 :: TRACE :: Loader :: Mod SakashimaJoker was unable to load: 
INFO - [G] 2025-03-06 22:49:50 :: INFO  :: TIMER :: [0000] Injected Language in 0.001 ms
INFO - [G] 2025-03-06 22:49:50 :: INFO  :: TIMER :: [0000] Injected [INTERNAL] in 1.118 ms
INFO - [G] mod_tags
INFO - [G] achievements
INFO - [G] lust_AltVersions
INFO - [G] Joker
INFO - [G] centers
INFO - [G] lust_editions
INFO - [G] lust_LustTarot
INFO - [G] Booster
INFO - [G] stickers
INFO - [G] shop_sign
INFO - [G] balatro
INFO - [G] lust_modicon
INFO - [G] BalustroIcons
INFO - [G] lust_BalustroPlayingCards
INFO - [G] lust_LuckPlayingCardsLC
INFO - [G] lust_LuckPlayingCardsHC
INFO - [G] bull_wide_card
INFO - [G] aura_j_faceless
INFO - [G] aura_j_seance
INFO - [G] aura_j_juggler
INFO - [G] aura_c_hearts
INFO - [G] aura_c_diamonds
INFO - [G] aura_c_clubs
INFO - [G] aura_c_spades
INFO - [G] aura_goon_icon_heart
INFO - [G] aura_goon_icon_diamond
INFO - [G] aura_goon_icon_club
INFO - [G] aura_goon_icon_spade
INFO - [G] FHC_hentai_cards_deck_lc
INFO - [G] FHC_hentai_cards_deck_hc
INFO - [G] Tarot
INFO - [G] Planet
INFO - [G] Spectral
INFO - [G] soul_atlas
INFO - [G] StickfaceNSFW_8BitDeck_opt2
INFO - [G] StickfaceNSFW_8BitDeck
INFO - [G] StickfaceNSFW_icon_lc
INFO - [G] StickfaceNSFW_icon_hc
INFO - [G] vintage_pinup_cards
INFO - [G] 2025-03-06 22:49:51 :: INFO  :: TIMER :: [0039] Injected Atlas in 1121.628 ms
INFO - [G] 2025-03-06 22:49:52 :: INFO  :: TIMER :: [0053] Injected Sound in 199.083 ms
INFO - [G] 2025-03-06 22:49:52 :: INFO  :: TIMER :: [0008] Injected Stake in 0.122 ms
INFO - [G] 2025-03-06 22:49:52 :: INFO  :: TIMER :: [0004] Injected Rarity in 0.016 ms
INFO - [G] 2025-03-06 22:49:52 :: INFO  :: TIMER :: [0004] Injected ObjectType in 0.024 ms
INFO - [G] 2025-03-06 22:49:52 :: INFO  :: TIMER :: [0212] Injected Center in 2.581 ms
INFO - [G] 2025-03-06 22:49:52 :: INFO  :: TIMER :: [0007] Injected Undiscovered Sprite in 0.012 ms
INFO - [G] 2025-03-06 22:49:52 :: INFO  :: TIMER :: [0002] Injected Blind in 0.017 ms
INFO - [G] 2025-03-06 22:49:52 :: INFO  :: TIMER :: [0004] Injected Seal in 0.110 ms
INFO - [G] 2025-03-06 22:49:52 :: INFO  :: TIMER :: [0004] Injected Suit in 0.054 ms
INFO - [G] 2025-03-06 22:49:52 :: INFO  :: TIMER :: [0013] Injected Rank in 0.084 ms
INFO - [G] 2025-03-06 22:49:52 :: INFO  :: TIMER :: [0052] Injected DeckSkin in 0.447 ms
INFO - [G] 2025-03-06 22:49:52 :: INFO  :: TIMER :: [0012] Injected PokerHand in 0.039 ms
INFO - [G] 2025-03-06 22:49:52 :: INFO  :: TIMER :: [0020] Injected Challenge in 0.029 ms
INFO - [G] 2025-03-06 22:49:52 :: INFO  :: TIMER :: [0000] Injected Tag in 0.001 ms
INFO - [G] 2025-03-06 22:49:52 :: INFO  :: TIMER :: [0004] Injected Sticker in 0.064 ms
INFO - [G] 2025-03-06 22:49:52 :: INFO  :: TIMER :: [0000] Injected Shader in 0.002 ms
INFO - [G] 2025-03-06 22:49:52 :: INFO  :: TIMER :: [0001] Injected Keybind in 0.011 ms
INFO - [G] 2025-03-06 22:49:52 :: INFO  :: TIMER :: [0000] Injected Achievement in 0.023 ms
INFO - [G] 2025-03-06 22:49:52 :: INFO  :: TIMER :: [0000] Injected [INTERNAL] in 14.779 ms
INFO - [G] line not found
INFO - [G] file not found: main.lua: No such file or directory
INFO - [G] file not found: main.lua: No such file or directory
INFO - [G] file not found: functions/misc_functions.lua: No such file or directory
INFO - [G] line not found
INFO - [G] file not found: functions/button_callbacks.lua: No such file or directory
INFO - [G] file not found: main.lua: No such file or directory
INFO - [G] file not found: main.lua: No such file or directory
INFO - [G] 2025-03-06 22:49:59 :: ERROR :: StackTrace :: Oops! The game crashed
functions/misc_functions.lua:343: bad argument #1 to 'abs' (number expected, got table)
Stack Traceback
===============
(1) Lua local 'handler' at file 'main.lua:612'
	Local variables:
	 msg = string: "functions/misc_functions.lua:343: bad argument #1 to 'abs' (number expected, got table)"
	 (*temporary) = Lua function '?' (defined at line 31 of chunk [SMODS _ "src/logging.lua"])
	 (*temporary) = string: "Oops! The game crashed\
"
(2) LÖVE function at file 'boot.lua:352' (best guess)
	Local variables:
	 errhand = Lua function '?' (defined at line 598 of chunk main.lua)
	 handler = Lua function '?' (defined at line 598 of chunk main.lua)
(3) field C function 'abs'
(4) Lua global 'pseudoseed' at file 'functions/misc_functions.lua:343'
	Local variables:
	 key = string: "to_do"
	 predict_seed = nil
	 (*temporary) = table: 0x0fdf52f8  {to_do:0.77874070395694}
(5) Lua method 'set_ability' at file 'card.lua:385'
	Local variables:
	 self = table: 0x1033d2d8  {click_offset:table: 0x104d8fa8, children:table: 0x104ccea8, ambient_tilt:0.2 (more...)}
	 center = table: 0x1034d3d0  {alerted:true, _saved_d_u:true, original_key:j_todo_list, unlocked:true (more...)}
	 initial = boolean: true
	 delay_sprites = nil
	 X = number: 10
	 Y = number: 5.91433
	 W = number: 2.04878
	 H = number: 2.75122
	 old_center = table: 0x1034d3d0  {alerted:true, _saved_d_u:true, original_key:j_todo_list, unlocked:true (more...)}
	 new_ability = table: 0x10f1f9f0  {h_mult:0, extra:table: 0x10f1fa18, mult:0, t_mult:0, h_dollars:0, set:Joker (more...)}
	 reset_keys = table: 0x10f1efa8  {1:name, 2:effect, 3:set, 4:extra, 5:played_this_ante}
	 _poker_hands = table: 0x10f1f078  {1:Full House, 2:Flush, 3:Pair, 4:High Card, 5:Straight Flush, 6:Straight (more...)}
	 old_hand = nil
	 (*temporary) = table: 0x10f1fa40  {bonus:0, h_mult:0, extra:table: 0x10f1f018, mult:0, t_mult:0, h_dollars:0 (more...)}
	 (*temporary) = Lua function '?' (defined at line 257 of chunk functions/misc_functions.lua)
	 (*temporary) = table: 0x10f1f078  {1:Full House, 2:Flush, 3:Pair, 4:High Card, 5:Straight Flush, 6:Straight (more...)}
(6) Lua upvalue 'card_init' at file 'card.lua:45'
	Local variables:
	 self = table: 0x1033d2d8  {click_offset:table: 0x104d8fa8, children:table: 0x104ccea8, ambient_tilt:0.2 (more...)}
	 X = number: 10
	 Y = number: 5.91433
	 W = number: 2.04878
	 H = number: 2.75122
	 card = nil
	 center = table: 0x1034d3d0  {alerted:true, _saved_d_u:true, original_key:j_todo_list, unlocked:true (more...)}
	 params = nil
(7) Lua upvalue 'old_init' at Steamodded file 'src/overrides.lua:1258' 
	Local variables:
	 self = table: 0x1033d2d8  {click_offset:table: 0x104d8fa8, children:table: 0x104ccea8, ambient_tilt:0.2 (more...)}
	 X = number: 10
	 Y = number: 5.91433
	 W = number: 2.04878
	 H = number: 2.75122
	 card = nil
	 center = table: 0x1034d3d0  {alerted:true, _saved_d_u:true, original_key:j_todo_list, unlocked:true (more...)}
	 params = nil
(8) Lua method 'init' at file 'Aura.lua:261' (from mod with id Aura)
	Local variables:
	 self = table: 0x1033d2d8  {click_offset:table: 0x104d8fa8, children:table: 0x104ccea8, ambient_tilt:0.2 (more...)}
	 x = number: 10
	 y = number: 5.91433
	 w = number: 2.04878
	 h = number: 2.75122
	 card = nil
	 center = table: 0x1034d3d0  {alerted:true, _saved_d_u:true, original_key:j_todo_list, unlocked:true (more...)}
	 params = nil
(9) Lua global 'Card' at file 'engine/object.lua:35'
	Local variables:
	 self = table: 0x0ffff6b8  {set_base:function: 0x0ffff788, set_card_area:function: 0x0fffa188, generate_UIBox_unlock_table:function: 0x0ffb5430 (more...)}
	 obj = table: 0x1033d2d8  {click_offset:table: 0x104d8fa8, children:table: 0x104ccea8, ambient_tilt:0.2 (more...)}
(10) Lua function '?' at Steamodded file 'src/ui.lua:1723'  (best guess)
	Local variables:
	 e = table: 0x114d3988  {to_val:Page 4/10, cycle_config:table: 0x103a0b68, from_key:3, to_key:4 (more...)}
	 (for index) = number: 3
	 (for limit) = number: 3
	 (for step) = number: 1
	 j = number: 3
	 (for index) = number: 5
	 (for limit) = number: 5
	 (for step) = number: 1
	 i = number: 5
	 center = table: 0x1034d3d0  {alerted:true, _saved_d_u:true, original_key:j_todo_list, unlocked:true (more...)}
(11) Lua function '?' at file 'functions/button_callbacks.lua:579' (best guess)
	Local variables:
	 e = table: 0x1036f758  {pixellated_rect:table: 0x106055a0, click_offset:table: 0x100f9820, children:table: 0x1036f780 (more...)}
	 from_val = string: "Page 3/10"
	 from_key = number: 3
	 old_pip = nil
	 cycle_main = table: 0x100b5598  {pixellated_rect:table: 0x103d5708, click_offset:table: 0x103c4748, children:table: 0x100b55c0 (more...)}
	 to_val = string: "Page 4/10"
	 to_key = number: 4
	 new_pip = nil
(12) Lua method 'click' at file 'engine/ui.lua:981'
	Local variables:
	 self = table: 0x1036f758  {pixellated_rect:table: 0x106055a0, click_offset:table: 0x100f9820, children:table: 0x1036f780 (more...)}
(13) Lua method 'update' at file 'engine/controller.lua:375'
	Local variables:
	 self = table: 0x1024db60  {held_button_times:table: 0x1024e430, focus_cursor_stack_level:1, snap_cursor_to:table: 0x10335138 (more...)}
	 dt = number: 0.0170221
(14) Lua upvalue 'gameUpdateRef' at file 'game.lua:2675'
	Local variables:
	 self = table: 0x0fdb54e8  {F_GUIDE:false, F_CRASH_REPORTS:false, F_QUIT_BUTTON:true, F_ENGLISH_ONLY:false (more...)}
	 dt = number: 0
(15) Lua upvalue 'old_update' at Steamodded file 'src/ui.lua:84' 
	Local variables:
	 self = table: 0x0fdb54e8  {F_GUIDE:false, F_CRASH_REPORTS:false, F_QUIT_BUTTON:true, F_ENGLISH_ONLY:false (more...)}
	 dt = number: 0.0170221
(16) Lua method 'update' at file 'Aura.lua:203' (from mod with id Aura)
	Local variables:
	 self = table: 0x0fdb54e8  {F_GUIDE:false, F_CRASH_REPORTS:false, F_QUIT_BUTTON:true, F_ENGLISH_ONLY:false (more...)}
	 dt = number: 0.0170221
(17) Lua field 'update' at file 'main.lua:992'
	Local variables:
	 dt = number: 0.0170221
(18) Lua function '?' at file 'main.lua:931' (best guess)
(19) global C function 'xpcall'
(20) LÖVE function at file 'boot.lua:377' (best guess)
	Local variables:
	 func = Lua function '?' (defined at line 902 of chunk main.lua)
	 inerror = boolean: true
	 deferErrhand = Lua function '(LÖVE Function)' (defined at line 348 of chunk [love "boot.lua"])
	 earlyinit = Lua function '(LÖVE Function)' (defined at line 355 of chunk [love "boot.lua"])

INFO - [G] file not found: functions/misc_functions.lua: No such file or directory
INFO - [G] line not found
INFO - [G] file not found: functions/button_callbacks.lua: No such file or directory
INFO - [G] file not found: main.lua: No such file or directory
INFO - [G] file not found: main.lua: No such file or directory
INFO - [G] 2025-03-06 22:49:59 :: INFO  :: StackTrace :: Additional Context:
Balatro Version: 1.0.1o-FULL
Modded Version: 1.0.0~ALPHA-1409a-STEAMODDED
LÖVE Version: 11.5.0
Lovely Version: 0.7.1
Platform: Windows
Steamodded Mods:
    1: Zero Bullitro by BitBites [ID: 0Bullitro, Version: 1.0]
    2: Preorder Cards by asd123cqp [ID: preorder_cards]
    3: Aura by MathIsFun_, ChromaPIE, Bard, Grassy311, RattlingSnow353, Solace, RadicaAprils, chloe_cromslor [ID: Aura, Version: 0.023, Uses Lovely]
    4: Hentai Cards by Makubex77, Pheubel (Code) [ID: HentaiCards, Version: 1.1]
    5: Vintage Pinup Cards by NoScope1080 [ID: VintagePinupCards]
    6: Stickface Deck by Stickface [ID: StickfaceNSFWDeck, Version: 1.0.0]
    7: Balustro by someone23832 [ID: Balustro, Priority: -20, Version: 0.12, Uses Lovely]
Lovely Mods:
