INFO - [♥] Lovely 0.7.1
INFO - [♥] Game directory is at "C:\\Program Files (x86)\\Steam\\steamapps\\common\\Balatro"
INFO - [♥] Writing logs to "C:\\Users\\Administrator\\AppData\\Roaming\\Balatro\\Mods\\lovely\\log"
INFO - [♥] Using mod directory at "C:\\Users\\Administrator\\AppData\\Roaming\\Balatro\\Mods"
INFO - [♥] Found .lovelyignore in 'SakashimaJoker', skipping it.
INFO - [♥] Cleaning up dumps directory at "C:\\Users\\Administrator\\AppData\\Roaming\\Balatro\\Mods\\lovely\\dump"
INFO - [♥] Initialization complete in 20ms
INFO - [♥] Applied 12 patches to 'main.lua'
INFO - [♥] Applied 5 patches to 'engine/controller.lua'
INFO - [♥] Applied 13 patches to 'back.lua'
INFO - [♥] Applied 6 patches to 'tag.lua'
INFO - [♥] Applied 1 patch to 'engine/moveable.lua'
INFO - [♥] Applied 2 patches to 'engine/sprite.lua'
INFO - [♥] Applied 2 patches to 'engine/animatedsprite.lua'
INFO - [♥] Applied 44 patches to 'functions/misc_functions.lua'
INFO - [♥] Applied 24 patches to 'game.lua'
INFO - [♥] Applied 1 patch to 'globals.lua'
INFO - [♥] Applied 3 patches to 'engine/ui.lua'
INFO - [♥] Applied 72 patches to 'functions/UI_definitions.lua'
INFO - [♥] Applied 39 patches to 'functions/state_events.lua'
INFO - [♥] Applied 86 patches to 'functions/common_events.lua'
INFO - [♥] Applied 38 patches to 'functions/button_callbacks.lua'
INFO - [♥] Applied 141 patches to 'card.lua'
INFO - [♥] Applied 6 patches to 'cardarea.lua'
INFO - [♥] Applied 30 patches to 'blind.lua'
INFO - [♥] Applied 2 patches to 'engine/text.lua'
INFO - [G] Failed to connect to the debug server
INFO - [G] 2025-02-28 20:21:20 :: DEBUG :: DebugConsole :: Steamodded Debug Socket started !
INFO - [♥] Applied 9 patches to 'engine/sound_manager.lua'
INFO - [♥] Applied 1 patch to 'engine/save_manager.lua'
INFO - [G] 2025-02-28 20:21:22 :: ERROR :: Loader :: Found invalid metadata JSON file at C:\Users\Administrator\AppData\Roaming\Balatro\Mods/.vscode/settings.json, ignoring: [SMODS _ "src/loader.lua"]:226: id
INFO - [G] 2025-02-28 20:21:22 :: ERROR :: Loader :: Found invalid metadata JSON file at C:\Users\Administrator\AppData\Roaming\Balatro\Mods/Aura/.vscode/settings.json, ignoring: [SMODS _ "src/loader.lua"]:226: id
INFO - [G] 2025-02-28 20:21:22 :: TRACE :: Loader :: Processing Mod file (Legacy header): Aura.lua
INFO - [G] 2025-02-28 20:21:22 :: TRACE :: Loader :: Saving Mod Info: Aura
INFO - [G] 2025-02-28 20:21:22 :: TRACE :: Loader :: Processing Mod file (Legacy header): PreorderCards.lua
INFO - [G] 2025-02-28 20:21:22 :: TRACE :: Loader :: Saving Mod Info: preorder_cards
INFO - [G] 2025-02-28 20:21:22 :: TRACE :: Loader :: Processing Mod file (Legacy header): SakashimaJoker.lua
INFO - [G] 2025-02-28 20:21:22 :: TRACE :: Loader :: Saving Mod Info: SakashimaJoker
INFO - [G] 2025-02-28 20:21:22 :: TRACE :: Loader :: Mod SakashimaJoker was unable to load: 
INFO - [G] 2025-02-28 20:21:22 :: INFO  :: TIMER :: [0000] Injected Language in 0.001 ms
INFO - [G] 2025-02-28 20:21:22 :: INFO  :: TIMER :: [0000] Injected [INTERNAL] in 1.035 ms
INFO - [G] 2025-02-28 20:21:23 :: INFO  :: TIMER :: [0032] Injected Atlas in 1258.393 ms
INFO - [G] 2025-02-28 20:21:23 :: INFO  :: TIMER :: [0053] Injected Sound in 4.840 ms
INFO - [G] 2025-02-28 20:21:23 :: INFO  :: TIMER :: [0008] Injected Stake in 0.318 ms
INFO - [G] 2025-02-28 20:21:23 :: INFO  :: TIMER :: [0004] Injected Rarity in 0.017 ms
INFO - [G] 2025-02-28 20:21:23 :: INFO  :: TIMER :: [0004] Injected ObjectType in 0.031 ms
INFO - [G] 2025-02-28 20:21:23 :: INFO  :: TIMER :: [0198] Injected Center in 2.201 ms
INFO - [G] 2025-02-28 20:21:23 :: INFO  :: TIMER :: [0007] Injected Undiscovered Sprite in 0.016 ms
INFO - [G] 2025-02-28 20:21:23 :: INFO  :: TIMER :: [0002] Injected Blind in 0.023 ms
INFO - [G] 2025-02-28 20:21:23 :: INFO  :: TIMER :: [0004] Injected Seal in 0.172 ms
INFO - [G] 2025-02-28 20:21:23 :: INFO  :: TIMER :: [0004] Injected Suit in 0.075 ms
INFO - [G] 2025-02-28 20:21:23 :: INFO  :: TIMER :: [0013] Injected Rank in 0.084 ms
INFO - [G] 2025-02-28 20:21:23 :: INFO  :: TIMER :: [0028] Injected DeckSkin in 0.263 ms
INFO - [G] 2025-02-28 20:21:23 :: INFO  :: TIMER :: [0012] Injected PokerHand in 0.039 ms
INFO - [G] 2025-02-28 20:21:23 :: INFO  :: TIMER :: [0020] Injected Challenge in 0.024 ms
INFO - [G] 2025-02-28 20:21:23 :: INFO  :: TIMER :: [0000] Injected Tag in 0.002 ms
INFO - [G] 2025-02-28 20:21:23 :: INFO  :: TIMER :: [0004] Injected Sticker in 0.263 ms
INFO - [G] 2025-02-28 20:21:23 :: INFO  :: TIMER :: [0000] Injected Shader in 0.001 ms
INFO - [G] 2025-02-28 20:21:23 :: INFO  :: TIMER :: [0001] Injected Keybind in 0.012 ms
INFO - [G] 2025-02-28 20:21:23 :: INFO  :: TIMER :: [0000] Injected Achievement in 0.044 ms
INFO - [G] 2025-02-28 20:21:23 :: INFO  :: TIMER :: [0000] Injected [INTERNAL] in 0.469 ms
INFO - [G] ERROR LOADING GAME: Card area 'shop_booster' not instantiated before load
INFO - [G] ERROR LOADING GAME: Card area 'shop_vouchers' not instantiated before load
INFO - [G] ERROR LOADING GAME: Card area 'shop_jokers' not instantiated before load
INFO - [G] line not found
INFO - [G] file not found: main.lua: No such file or directory
INFO - [G] file not found: main.lua: No such file or directory
INFO - [G] file not found: main.lua: No such file or directory
INFO - [G] file not found: main.lua: No such file or directory
INFO - [G] 2025-02-28 20:21:29 :: ERROR :: StackTrace :: Oops! The game crashed
[SMODS Aura "Aura.lua"]:644: attempt to call field 'get_active' (a nil value)
Stack Traceback
===============
(1) Lua local 'handler' at file 'main.lua:612'
	Local variables:
	 msg = string: "[SMODS Aura \"Aura.lua\"]:644: attempt to call field 'get_active' (a nil value)"
	 (*temporary) = Lua function '?' (defined at line 31 of chunk [SMODS _ "src/logging.lua"])
	 (*temporary) = string: "Oops! The game crashed\
"
(2) LÖVE field at file 'boot.lua:352'
	Local variables:
	 errhand = Lua function '?' (defined at line 598 of chunk main.lua)
	 handler = Lua function '?' (defined at line 598 of chunk main.lua)
(3) Lua upvalue 'adv_anim_obj_pos' at file 'Aura.lua:644' (from mod with id Aura)
	Local variables:
	 anim_obj = table: 0x26eb79d0  {animation:table: 0x273497c0, joker:table: 0x274108b0}
	 obj_pos = table: 0x2776b8a0  {y:1, x:3}
	 target = number: -1
	 jkr = table: 0x274108b0  {click_offset:table: 0x27aab898, children:table: 0x272f5650, ambient_tilt:0.2 (more...)}
	 anim = table: 0x273497c0  {frames:24, frames_per_row:4, individual:true, fps:10, t:0, animation:table: 0x273497e8 (more...)}
	 loc = number: 8
	 frame_number = number: 9
	 sound_effects_schedule = table: 0x2739bb50  {14:table: 0x278bddf8, 22:table: 0x277ac008, 6:table: 0x277d9500}
	 (*temporary) = nil
	 (*temporary) = table: 0x274108b0  {click_offset:table: 0x27aab898, children:table: 0x272f5650, ambient_tilt:0.2 (more...)}
	 (*temporary) = nil
	 (*temporary) = number: 8.65159
	 (*temporary) = number: 8.27866
	 (*temporary) = number: 2.8
	 (*temporary) = number: 1
	 (*temporary) = table: 0x26ea5c78  {1:0.3921568627451, 2:0.43137254901961, 3:0.71764705882353, 4:1}
	 (*temporary) = boolean: true
	 (*temporary) = boolean: false
	 (*temporary) = number: 1
	 (*temporary) = string: "attempt to call field 'get_active' (a nil value)"
(4) Lua field 'update_frame' at file 'Aura.lua:681' (from mod with id Aura)
	Local variables:
	 dt = number: 0.0167216
	 k = string: "j_faceless"
	 obj = table: 0x27765630  {alerted:true, _saved_d_u:true, original_key:j_faceless, mod:table: 0x27765658 (more...)}
	 jkr = table: 0x274108b0  {click_offset:table: 0x27aab898, children:table: 0x272f5650, ambient_tilt:0.2 (more...)}
	 next_frame = boolean: true
	 next_frame_extra = boolean: false
	 anim = table: 0x273497c0  {frames:24, frames_per_row:4, individual:true, fps:10, t:0, animation:table: 0x273497e8 (more...)}
	 obj_pos = table: 0x2776b8a0  {y:1, x:3}
(5) Lua method 'update' at file 'Aura.lua:272' (from mod with id Aura)
	Local variables:
	 self = table: 0x26ea0340  {F_GUIDE:false, F_CRASH_REPORTS:false, F_QUIT_BUTTON:true, HUD_tags:table: 0x275faf38 (more...)}
	 dt = number: 0.0167216
	 (for generator) = C function: next
	 (for state) = table: 0x274605a0  {1:table: 0x274108b0}
	 (for control) = number: nan
	 _ = number: 1
	 v = table: 0x274108b0  {click_offset:table: 0x27aab898, children:table: 0x272f5650, ambient_tilt:0.2 (more...)}
(6) Lua field 'update' at file 'main.lua:992'
	Local variables:
	 dt = number: 0.0167216
(7) Lua function '?' at file 'main.lua:931' (best guess)
(8) global C function 'xpcall'
(9) LÖVE function at file 'boot.lua:377' (best guess)
	Local variables:
	 func = Lua function '?' (defined at line 902 of chunk main.lua)
	 inerror = boolean: true
	 deferErrhand = Lua function '(LÖVE Function)' (defined at line 348 of chunk [love "boot.lua"])
	 earlyinit = Lua function '(LÖVE Function)' (defined at line 355 of chunk [love "boot.lua"])

INFO - [G] file not found: main.lua: No such file or directory
INFO - [G] file not found: main.lua: No such file or directory
INFO - [G] 2025-02-28 20:21:29 :: INFO  :: StackTrace :: Additional Context:
Balatro Version: 1.0.1o-FULL
Modded Version: 1.0.0~ALPHA-1409a-STEAMODDED
LÖVE Version: 11.5.0
Lovely Version: 0.7.1
Platform: Windows
Steamodded Mods:
    1: Aura by MathIsFun_, ChromaPIE, Bard, Grassy311, RattlingSnow353, Solace, RadicaAprils, chloe_cromslor [ID: Aura, Version: 0.023, Uses Lovely]
    2: Preorder Cards by asd123cqp [ID: preorder_cards]
Lovely Mods:
