INFO - [♥] Lovely 0.7.1
INFO - [♥] Game directory is at "C:\\Program Files (x86)\\Steam\\steamapps\\common\\Balatro"
INFO - [♥] Writing logs to "C:\\Users\\Administrator\\AppData\\Roaming\\Balatro\\Mods\\lovely\\log"
INFO - [♥] Using mod directory at "C:\\Users\\Administrator\\AppData\\Roaming\\Balatro\\Mods"
INFO - [♥] Found .lovelyignore in 'Aura', skipping it.
INFO - [♥] Found .lovelyignore in 'Balustro', skipping it.
INFO - [♥] Found .lovelyignore in 'HentaiCards', skipping it.
INFO - [♥] Found .lovelyignore in 'SakashimaJoker', skipping it.
INFO - [♥] Cleaning up dumps directory at "C:\\Users\\Administrator\\AppData\\Roaming\\Balatro\\Mods\\lovely\\dump"
INFO - [♥] Initialization complete in 214ms
WARN - [♥] Pattern 'ϖ' on target 'conf.lua' for pattern patch from 0Bullitro\lovely\files.toml resulted in no matches
INFO - [♥] Applied 0 patches to 'conf.lua'
INFO - [♥] Applied 13 patches to 'main.lua'
WARN - [♥] Pattern 'ϖ' on target 'engine/object.lua' for pattern patch from 0Bullitro\lovely\files.toml resulted in no matches
INFO - [♥] Applied 10 patches to 'engine/object.lua'
WARN - [♥] Pattern 'ϖ' on target 'engine/string_packer.lua' for pattern patch from 0Bullitro\lovely\files.toml resulted in no matches
INFO - [♥] Applied 0 patches to 'engine/string_packer.lua'
INFO - [♥] Applied 7 patches to 'engine/controller.lua'
INFO - [♥] Applied 14 patches to 'back.lua'
INFO - [♥] Applied 7 patches to 'tag.lua'
WARN - [♥] Pattern '--Class' on target 'engine/event.lua' for pattern patch from 0Bullitro\lovely\event.toml resulted in 2 matches, wanted 1
WARN - [♥] Ignoring excess matches
WARN - [♥] Pattern '--Class Methods' on target 'engine/event.lua' for pattern patch from 0Bullitro\lovely\event.toml resulted in 2 matches, wanted 1
WARN - [♥] Ignoring excess matches
WARN - [♥] Pattern 'ϖ' on target 'engine/event.lua' for pattern patch from 0Bullitro\lovely\files.toml resulted in no matches
INFO - [♥] Applied 3 patches to 'engine/event.lua'
WARN - [♥] Pattern 'ϖ' on target 'engine/node.lua' for pattern patch from 0Bullitro\lovely\files.toml resulted in no matches
INFO - [♥] Applied 2 patches to 'engine/node.lua'
INFO - [♥] Applied 5 patches to 'engine/moveable.lua'
INFO - [♥] Applied 2 patches to 'engine/sprite.lua'
INFO - [♥] Applied 2 patches to 'engine/animatedsprite.lua'
INFO - [♥] Applied 42 patches to 'functions/misc_functions.lua'
INFO - [♥] Applied 28 patches to 'game.lua'
INFO - [♥] Applied 1 patch to 'globals.lua'
WARN - [♥] Pattern '--Class' on target 'engine/ui.lua' for pattern patch from 0Bullitro\lovely\ui.toml resulted in 2 matches, wanted 1
WARN - [♥] Ignoring excess matches
INFO - [♥] Applied 8 patches to 'engine/ui.lua'
INFO - [♥] Applied 73 patches to 'functions/UI_definitions.lua'
INFO - [♥] Applied 40 patches to 'functions/state_events.lua'
INFO - [♥] Applied 87 patches to 'functions/common_events.lua'
INFO - [♥] Applied 39 patches to 'functions/button_callbacks.lua'
WARN - [♥] Pattern 'ϖ' on target 'functions/test_functions.lua' for pattern patch from 0Bullitro\lovely\files.toml resulted in no matches
INFO - [♥] Applied 0 patches to 'functions/test_functions.lua'
INFO - [♥] Applied 147 patches to 'card.lua'
INFO - [♥] Applied 7 patches to 'cardarea.lua'
INFO - [♥] Applied 31 patches to 'blind.lua'
WARN - [♥] Pattern 'ϖ' on target 'card_character.lua' for pattern patch from 0Bullitro\lovely\files.toml resulted in no matches
INFO - [♥] Applied 0 patches to 'card_character.lua'
WARN - [♥] Pattern 'ϖ' on target 'engine/particles.lua' for pattern patch from 0Bullitro\lovely\files.toml resulted in no matches
INFO - [♥] Applied 0 patches to 'engine/particles.lua'
INFO - [♥] Applied 3 patches to 'engine/text.lua'
WARN - [♥] Pattern 'ϖ' on target 'challenges.lua' for pattern patch from 0Bullitro\lovely\files.toml resulted in no matches
WARN - [♥] Pattern 'ϖ' on target 'challenges.lua' for pattern patch from 0Bullitro\lovely\files.toml resulted in no matches
INFO - [♥] Applied 0 patches to 'challenges.lua'
INFO - [G] Failed to connect to the debug server
INFO - [G] 2025-03-23 21:18:49 :: DEBUG :: DebugConsole :: Steamodded Debug Socket started !
INFO - [♥] Applied 10 patches to 'engine/sound_manager.lua'
INFO - [♥] Applied 1 patch to 'engine/save_manager.lua'
WARN - [♥] Pattern 'ϖ' on target 'engine/object.lua' for pattern patch from 0Bullitro\lovely\files.toml resulted in no matches
INFO - [♥] Applied 10 patches to 'engine/object.lua'
WARN - [♥] Pattern 'ϖ' on target 'engine/string_packer.lua' for pattern patch from 0Bullitro\lovely\files.toml resulted in no matches
INFO - [♥] Applied 0 patches to 'engine/string_packer.lua'
INFO - [G] 2025-03-23 21:18:51 :: ERROR :: Loader :: Found invalid metadata JSON file at C:\Users\Administrator\AppData\Roaming\Balatro\Mods/.vscode/settings.json, ignoring: [SMODS _ "src/loader.lua"]:226: id
INFO - [G] 2025-03-23 21:18:51 :: INFO  :: DefaultLogger :: Valid JSON file found
INFO - [G] 2025-03-23 21:18:51 :: ERROR :: Loader :: Found invalid metadata JSON file at C:\Users\Administrator\AppData\Roaming\Balatro\Mods/Aura/.vscode/settings.json, ignoring: [SMODS _ "src/loader.lua"]:226: id
INFO - [G] 2025-03-23 21:18:51 :: TRACE :: Loader :: Processing Mod file (Legacy header): Aura.lua
INFO - [G] 2025-03-23 21:18:51 :: TRACE :: Loader :: Saving Mod Info: Aura
INFO - [G] 2025-03-23 21:18:51 :: TRACE :: Loader :: Processing Mod file (Legacy header): PreorderCards.lua
INFO - [G] 2025-03-23 21:18:51 :: TRACE :: Loader :: Saving Mod Info: preorder_cards
INFO - [G] 2025-03-23 21:18:51 :: INFO  :: DefaultLogger :: Valid JSON file found
INFO - [G] 2025-03-23 21:18:51 :: INFO  :: DefaultLogger :: Valid JSON file found
INFO - [G] 2025-03-23 21:18:51 :: TRACE :: Loader :: Processing Mod file (Legacy header): HentaiCards.lua
INFO - [G] 2025-03-23 21:18:51 :: WARN  :: Loader :: Duplicate Mod ID: HentaiCards
INFO - [G] 2025-03-23 21:18:51 :: TRACE :: Loader :: Processing Mod file (Legacy header): SakashimaJoker.lua
INFO - [G] 2025-03-23 21:18:51 :: TRACE :: Loader :: Saving Mod Info: SakashimaJoker
INFO - [G] 2025-03-23 21:18:51 :: INFO  :: DefaultLogger :: Valid JSON file found
INFO - [G] 2025-03-23 21:18:51 :: TRACE :: Loader :: Processing Mod file (Legacy header): VintagePinupCards.lua
INFO - [G] 2025-03-23 21:18:51 :: TRACE :: Loader :: Saving Mod Info: VintagePinupCards
INFO - [G] 2025-03-23 21:18:51 :: TRACE :: Loader :: Processing Mod file (Legacy header): keyboard_dorkdad.lua
INFO - [G] 2025-03-23 21:18:51 :: TRACE :: Loader :: Saving Mod Info: keyboard_dorkdad
INFO - [G] 2025-03-23 21:18:51 :: TRACE :: Loader :: Mod Balustro was unable to load: 
INFO - [G] 2025-03-23 21:18:51 :: TRACE :: Loader :: Mod Aura was unable to load: 
INFO - [G] 2025-03-23 21:18:51 :: TRACE :: Loader :: Mod HentaiCards was unable to load: 
INFO - [G] 2025-03-23 21:18:51 :: TRACE :: Loader :: Mod SakashimaJoker was unable to load: 
INFO - [G] 2025-03-23 21:18:51 :: INFO  :: TIMER :: [0000] Injected Language in 0.001 ms
INFO - [G] 2025-03-23 21:18:51 :: INFO  :: TIMER :: [0000] Injected [INTERNAL] in 1.166 ms
INFO - [G] mod_tags
INFO - [G] achievements
INFO - [G] bull_wide_card
INFO - [G] bull_carper_card
INFO - [G] bull_Jokers-Turtle Bean
INFO - [G] bull_Jokers-ice cream
INFO - [G] bull_Jokers-popcorn
INFO - [G] bull_Jokers-ramen
INFO - [G] bull_Jokers-green guy
INFO - [G] StickfaceNSFW_8BitDeck_opt2
INFO - [G] StickfaceNSFW_8BitDeck
INFO - [G] StickfaceNSFW_icon_lc
INFO - [G] StickfaceNSFW_icon_hc
INFO - [G] vintage_pinup_cards
INFO - [G] 2025-03-23 21:18:52 :: INFO  :: TIMER :: [0014] Injected Atlas in 709.528 ms
INFO - [G] 2025-03-23 21:18:52 :: INFO  :: TIMER :: [0001] Injected Sound in 0.288 ms
INFO - [G] 2025-03-23 21:18:52 :: INFO  :: TIMER :: [0008] Injected Stake in 0.406 ms
INFO - [G] 2025-03-23 21:18:52 :: INFO  :: TIMER :: [0004] Injected Rarity in 0.099 ms
INFO - [G] 2025-03-23 21:18:52 :: INFO  :: TIMER :: [0004] Injected ObjectType in 0.035 ms
INFO - [G] 2025-03-23 21:18:52 :: INFO  :: TIMER :: [0058] Injected Center in 0.741 ms
INFO - [G] 2025-03-23 21:18:52 :: INFO  :: TIMER :: [0007] Injected Undiscovered Sprite in 0.017 ms
INFO - [G] 2025-03-23 21:18:52 :: INFO  :: TIMER :: [0002] Injected Blind in 0.127 ms
INFO - [G] 2025-03-23 21:18:52 :: INFO  :: TIMER :: [0004] Injected Seal in 0.134 ms
INFO - [G] 2025-03-23 21:18:52 :: INFO  :: TIMER :: [0004] Injected Suit in 0.144 ms
INFO - [G] 2025-03-23 21:18:52 :: INFO  :: TIMER :: [0013] Injected Rank in 0.212 ms
INFO - [G] 2025-03-23 21:18:52 :: INFO  :: TIMER :: [0036] Injected DeckSkin in 0.387 ms
INFO - [G] 2025-03-23 21:18:52 :: INFO  :: TIMER :: [0012] Injected PokerHand in 0.099 ms
INFO - [G] 2025-03-23 21:18:52 :: INFO  :: TIMER :: [0020] Injected Challenge in 0.074 ms
INFO - [G] 2025-03-23 21:18:52 :: INFO  :: TIMER :: [0000] Injected Tag in 0.003 ms
INFO - [G] 2025-03-23 21:18:52 :: INFO  :: TIMER :: [0004] Injected Sticker in 0.100 ms
INFO - [G] 2025-03-23 21:18:52 :: INFO  :: TIMER :: [0000] Injected Shader in 0.001 ms
INFO - [G] 2025-03-23 21:18:52 :: INFO  :: TIMER :: [0001] Injected Keybind in 0.016 ms
INFO - [G] 2025-03-23 21:18:52 :: INFO  :: TIMER :: [0000] Injected Achievement in 0.058 ms
INFO - [G] 2025-03-23 21:18:52 :: INFO  :: TIMER :: [0000] Injected [INTERNAL] in 1.091 ms
INFO - [G] ERROR LOADING GAME: Card area 'shop_booster' not instantiated before load
INFO - [G] ERROR LOADING GAME: Card area 'shop_jokers' not instantiated before load
INFO - [G] ERROR LOADING GAME: Card area 'shop_vouchers' not instantiated before load
INFO - [G] line not found
INFO - [G] file not found: main.lua: No such file or directory
INFO - [G] file not found: main.lua: No such file or directory
INFO - [G] file not found: main.lua: No such file or directory
INFO - [G] file not found: main.lua: No such file or directory
INFO - [G] 2025-03-23 21:18:59 :: ERROR :: StackTrace :: Oops! The game crashed
[SMODS 0Bullitro "0Bullitro.lua"]:1623: something went terribly wrong
Stack Traceback
===============
(1) Lua local 'handler' at file 'main.lua:612'
	Local variables:
	 msg = string: "[SMODS 0Bullitro \"0Bullitro.lua\"]:1623: something went terribly wrong"
	 (*temporary) = Lua function '?' (defined at line 31 of chunk [SMODS _ "src/logging.lua"])
	 (*temporary) = string: "Oops! The game crashed\
"
(2) LÖVE function at file 'boot.lua:352' (best guess)
	Local variables:
	 errhand = Lua function '?' (defined at line 598 of chunk main.lua)
	 handler = Lua function '?' (defined at line 598 of chunk main.lua)
(3) global C function 'error'
(4) Lua method 'loc_vars' at file '0Bullitro.lua:1623' (from mod with id 0Bullitro)
	Local variables:
	 this = table: 0x233d1ea0  {display_size:table: 0x232ff608, loc_vars:function: 0x2370ab50, calc_dollar_bonus:false (more...)}
	 info_queue = table: 0x24129738  {}
	 card = table: 0x23c9fbf8  {click_offset:table: 0x23c2b418, zoom:true, children:table: 0x23755e08, ambient_tilt:0.2 (more...)}
	 new_data = table: 0x2412dd08  {1:table: 0x2412f6e8, 2:table: 0x2412f728, 3:table: 0x2412f768, 4:table: 0x2412f7d8 (more...)}
	 new_vars = table: 0x2412b968  {1:table: 0x238a5a58, 2:1, 3:0, 4:0, 5:table: 0x238a5ae0, 6:Ice Cream, 7:on_play_discard_end (more...)}
	 vars = table: 0x24131300  {1:table: 0x238a5a58, 2:1}
	 (for generator) = C function: builtin#6
	 (for state) = table: 0x23274ab8  {1:table: 0x23274b98, 2:table: 0x233d2298, 3:table: 0x233d22d8, 4:table: 0x232ff698 (more...)}
	 (for control) = number: 3
	 _ = number: 3
	 v = table: 0x233d22d8  {1:mult_mod_minus, 2:3}
	 key = string: "mult_mod_minus"
	 index = number: 3
	 new_index = number: 0
(5) Lua method 'generate_ui' at Steamodded file 'src/game_object.lua:1065' 
	Local variables:
	 self = table: 0x233d1ea0  {display_size:table: 0x232ff608, loc_vars:function: 0x2370ab50, calc_dollar_bonus:false (more...)}
	 info_queue = table: 0x24129738  {}
	 card = table: 0x23c9fbf8  {click_offset:table: 0x23c2b418, zoom:true, children:table: 0x23755e08, ambient_tilt:0.2 (more...)}
	 desc_nodes = table: 0x241296c0  {}
	 specific_vars = nil
	 full_UI_table = table: 0x24129630  {badges:table: 0x24126f38, info:table: 0x241296e8, main:table: 0x241296c0 (more...)}
	 target = table: 0x2412b940  {vars:table: 0x2412dcb8, set:Joker, type:descriptions, nodes:table: 0x241296c0 (more...)}
	 res = table: 0x2412dce0  {}
(6) Lua upvalue 'Card_generate_UIBox_ability_table_ref' at file 'functions/common_events.lua:2754'
	Local variables:
	 _c = table: 0x233d1ea0  {display_size:table: 0x232ff608, loc_vars:function: 0x2370ab50, calc_dollar_bonus:false (more...)}
	 full_UI_table = table: 0x24129630  {badges:table: 0x24126f38, info:table: 0x241296e8, main:table: 0x241296c0 (more...)}
	 specific_vars = nil
	 card_type = string: "Joker"
	 badges = table: 0x24126f38  {force_rarity:true, card_type:Joker}
	 hide_desc = nil
	 main_start = nil
	 main_end = nil
	 card = table: 0x23c9fbf8  {click_offset:table: 0x23c2b418, zoom:true, children:table: 0x23755e08, ambient_tilt:0.2 (more...)}
	 first_pass = boolean: true
	 desc_nodes = table: 0x241296c0  {}
	 name_override = nil
	 info_queue = table: 0x24129738  {}
	 loc_vars = table: 0x2412b918  {}
	 cfg = table: 0x238a5a08  {extra:table: 0x238a5a30, s_x_mult:1, x_chips:1, x_chip_mod:0, dollars:0 (more...)}
(7) Lua method 'generate_UIBox_ability_table' at Steamodded file 'src/loader.lua:594' 
	Local variables:
	 self = table: 0x23c9fbf8  {click_offset:table: 0x23c2b418, zoom:true, children:table: 0x23755e08, ambient_tilt:0.2 (more...)}
(8) Lua method 'hover' at file 'card.lua:4579'
	Local variables:
	 self = table: 0x23c9fbf8  {click_offset:table: 0x23c2b418, zoom:true, children:table: 0x23755e08, ambient_tilt:0.2 (more...)}
(9) Lua method 'update' at file 'engine/controller.lua:416'
	Local variables:
	 self = table: 0x236a6008  {held_button_times:table: 0x236a68d8, focus_cursor_stack_level:1, snap_cursor_to:table: 0x25495428 (more...)}
	 dt = number: 0.0290437
(10) Lua upvalue 'gameUpdateRef' at file 'game.lua:2679'
	Local variables:
	 self = table: 0x230a3958  {F_GUIDE:false, F_CRASH_REPORTS:false, F_QUIT_BUTTON:true, HUD_tags:table: 0x24817fa0 (more...)}
	 dt = number: 0.0290437
(11) Lua method 'update' at Steamodded file 'src/ui.lua:84' 
	Local variables:
	 self = table: 0x230a3958  {F_GUIDE:false, F_CRASH_REPORTS:false, F_QUIT_BUTTON:true, HUD_tags:table: 0x24817fa0 (more...)}
	 dt = number: 0.0290437
(12) Lua field 'update' at file 'main.lua:992'
	Local variables:
	 dt = number: 0.0290437
(13) Lua function '?' at file 'main.lua:931' (best guess)
(14) global C function 'xpcall'
(15) LÖVE function at file 'boot.lua:377' (best guess)
	Local variables:
	 func = Lua function '?' (defined at line 902 of chunk main.lua)
	 inerror = boolean: true
	 deferErrhand = Lua function '(LÖVE Function)' (defined at line 348 of chunk [love "boot.lua"])
	 earlyinit = Lua function '(LÖVE Function)' (defined at line 355 of chunk [love "boot.lua"])

INFO - [G] file not found: main.lua: No such file or directory
INFO - [G] file not found: main.lua: No such file or directory
INFO - [G] 2025-03-23 21:18:59 :: INFO  :: StackTrace :: Additional Context:
Balatro Version: 1.0.1o-FULL
Modded Version: 1.0.0~ALPHA-1409a-STEAMODDED
LÖVE Version: 11.5.0
Lovely Version: 0.7.1
Platform: Windows
Steamodded Mods:
    1: Zero Bullitro by BitBites [ID: 0Bullitro, Version: 1.0, Uses Lovely]
    2: Preorder Cards by asd123cqp [ID: preorder_cards]
    3: Keyboard Shortcuts DorkDad by DorkDad141 [ID: keyboard_dorkdad]
    4: Vintage Pinup Cards by NoScope1080 [ID: VintagePinupCards]
    5: Stickface Deck by Stickface [ID: StickfaceNSFWDeck, Version: 1.0.0]
Lovely Mods:
