INFO - [♥] Lovely 0.7.1
INFO - [♥] Game directory is at "C:\\Program Files (x86)\\Steam\\steamapps\\common\\Balatro"
INFO - [♥] Writing logs to "C:\\Users\\Administrator\\AppData\\Roaming\\Balatro\\Mods\\lovely\\log"
INFO - [♥] Using mod directory at "C:\\Users\\Administrator\\AppData\\Roaming\\Balatro\\Mods"
INFO - [♥] Found .lovelyignore in 'SakashimaJoker', skipping it.
INFO - [♥] Cleaning up dumps directory at "C:\\Users\\Administrator\\AppData\\Roaming\\Balatro\\Mods\\lovely\\dump"
INFO - [♥] Initialization complete in 27ms
WARN - [♥] Pattern 'ϖ' on target 'conf.lua' for pattern patch from 0Bullitro\lovely\numbers.toml resulted in no matches
INFO - [♥] Applied 0 patches to 'conf.lua'
INFO - [♥] Applied 13 patches to 'main.lua'
WARN - [♥] Pattern 'ϖ' on target 'engine/object.lua' for pattern patch from 0Bullitro\lovely\numbers.toml resulted in no matches
INFO - [♥] Applied 4 patches to 'engine/object.lua'
WARN - [♥] Pattern 'ϖ' on target 'engine/string_packer.lua' for pattern patch from 0Bullitro\lovely\numbers.toml resulted in no matches
INFO - [♥] Applied 0 patches to 'engine/string_packer.lua'
INFO - [♥] Applied 7 patches to 'engine/controller.lua'
INFO - [♥] Applied 14 patches to 'back.lua'
INFO - [♥] Applied 7 patches to 'tag.lua'
WARN - [♥] Pattern 'ϖ' on target 'engine/event.lua' for pattern patch from 0Bullitro\lovely\numbers.toml resulted in no matches
WARN - [♥] Pattern '--Class' on target 'engine/event.lua' for pattern patch from 0Bullitro\lovely\numbers.toml resulted in 2 matches, wanted 1
WARN - [♥] Ignoring excess matches
WARN - [♥] Pattern '--Class Methods' on target 'engine/event.lua' for pattern patch from 0Bullitro\lovely\numbers.toml resulted in 2 matches, wanted 1
WARN - [♥] Ignoring excess matches
INFO - [♥] Applied 3 patches to 'engine/event.lua'
WARN - [♥] Pattern 'ϖ' on target 'engine/node.lua' for pattern patch from 0Bullitro\lovely\numbers.toml resulted in no matches
INFO - [♥] Applied 2 patches to 'engine/node.lua'
INFO - [♥] Applied 5 patches to 'engine/moveable.lua'
INFO - [♥] Applied 2 patches to 'engine/sprite.lua'
INFO - [♥] Applied 2 patches to 'engine/animatedsprite.lua'
INFO - [♥] Applied 45 patches to 'functions/misc_functions.lua'
INFO - [♥] Applied 32 patches to 'game.lua'
INFO - [♥] Applied 1 patch to 'globals.lua'
WARN - [♥] Pattern '--Class' on target 'engine/ui.lua' for pattern patch from 0Bullitro\lovely\numbers.toml resulted in 2 matches, wanted 1
WARN - [♥] Ignoring excess matches
INFO - [♥] Applied 8 patches to 'engine/ui.lua'
INFO - [♥] Applied 73 patches to 'functions/UI_definitions.lua'
INFO - [♥] Applied 40 patches to 'functions/state_events.lua'
INFO - [♥] Applied 88 patches to 'functions/common_events.lua'
INFO - [♥] Applied 39 patches to 'functions/button_callbacks.lua'
WARN - [♥] Pattern 'ϖ' on target 'functions/test_functions.lua' for pattern patch from 0Bullitro\lovely\numbers.toml resulted in no matches
INFO - [♥] Applied 0 patches to 'functions/test_functions.lua'
INFO - [♥] Applied 151 patches to 'card.lua'
INFO - [♥] Applied 7 patches to 'cardarea.lua'
INFO - [♥] Applied 31 patches to 'blind.lua'
WARN - [♥] Pattern 'ϖ' on target 'card_character.lua' for pattern patch from 0Bullitro\lovely\numbers.toml resulted in no matches
INFO - [♥] Applied 0 patches to 'card_character.lua'
WARN - [♥] Pattern 'ϖ' on target 'engine/particles.lua' for pattern patch from 0Bullitro\lovely\numbers.toml resulted in no matches
INFO - [♥] Applied 0 patches to 'engine/particles.lua'
INFO - [♥] Applied 3 patches to 'engine/text.lua'
WARN - [♥] Pattern 'ϖ' on target 'challenges.lua' for pattern patch from 0Bullitro\lovely\numbers.toml resulted in no matches
WARN - [♥] Pattern 'ϖ' on target 'challenges.lua' for pattern patch from 0Bullitro\lovely\numbers.toml resulted in no matches
INFO - [♥] Applied 0 patches to 'challenges.lua'
INFO - [G] Failed to connect to the debug server
INFO - [G] 2025-03-17 21:11:55 :: DEBUG :: DebugConsole :: Steamodded Debug Socket started !
INFO - [♥] Applied 10 patches to 'engine/sound_manager.lua'
INFO - [♥] Applied 1 patch to 'engine/save_manager.lua'
WARN - [♥] Pattern 'ϖ' on target 'engine/object.lua' for pattern patch from 0Bullitro\lovely\numbers.toml resulted in no matches
INFO - [♥] Applied 4 patches to 'engine/object.lua'
WARN - [♥] Pattern 'ϖ' on target 'engine/string_packer.lua' for pattern patch from 0Bullitro\lovely\numbers.toml resulted in no matches
INFO - [♥] Applied 0 patches to 'engine/string_packer.lua'
INFO - [G] 2025-03-17 21:11:57 :: ERROR :: Loader :: Found invalid metadata JSON file at C:\Users\Administrator\AppData\Roaming\Balatro\Mods/.vscode/settings.json, ignoring: [SMODS _ "src/loader.lua"]:226: id
INFO - [G] 2025-03-17 21:11:57 :: INFO  :: DefaultLogger :: Valid JSON file found
INFO - [G] 2025-03-17 21:11:57 :: ERROR :: Loader :: Found invalid metadata JSON file at C:\Users\Administrator\AppData\Roaming\Balatro\Mods/Aura/.vscode/settings.json, ignoring: [SMODS _ "src/loader.lua"]:226: id
INFO - [G] 2025-03-17 21:11:57 :: TRACE :: Loader :: Processing Mod file (Legacy header): Aura.lua
INFO - [G] 2025-03-17 21:11:57 :: TRACE :: Loader :: Saving Mod Info: Aura
INFO - [G] 2025-03-17 21:11:57 :: TRACE :: Loader :: Processing Mod file (Legacy header): PreorderCards.lua
INFO - [G] 2025-03-17 21:11:57 :: TRACE :: Loader :: Saving Mod Info: preorder_cards
INFO - [G] 2025-03-17 21:11:57 :: INFO  :: DefaultLogger :: Valid JSON file found
INFO - [G] 2025-03-17 21:11:57 :: INFO  :: DefaultLogger :: Valid JSON file found
INFO - [G] 2025-03-17 21:11:57 :: TRACE :: Loader :: Processing Mod file (Legacy header): HentaiCards.lua
INFO - [G] 2025-03-17 21:11:57 :: WARN  :: Loader :: Duplicate Mod ID: HentaiCards
INFO - [G] 2025-03-17 21:11:57 :: TRACE :: Loader :: Processing Mod file (Legacy header): SakashimaJoker.lua
INFO - [G] 2025-03-17 21:11:57 :: TRACE :: Loader :: Saving Mod Info: SakashimaJoker
INFO - [G] 2025-03-17 21:11:57 :: INFO  :: DefaultLogger :: Valid JSON file found
INFO - [G] 2025-03-17 21:11:57 :: TRACE :: Loader :: Processing Mod file (Legacy header): VintagePinupCards.lua
INFO - [G] 2025-03-17 21:11:57 :: TRACE :: Loader :: Saving Mod Info: VintagePinupCards
INFO - [G] 2025-03-17 21:11:57 :: WARN  :: DeckSkin :: Old DeckSkin formatting detected on DeckSkin lust_LuckHearts!
INFO - [G] 2025-03-17 21:11:57 :: WARN  :: DeckSkin :: Old DeckSkin formatting detected on DeckSkin lust_LuckClubs!
INFO - [G] 2025-03-17 21:11:57 :: WARN  :: DeckSkin :: Old DeckSkin formatting detected on DeckSkin lust_LuckDiamonds!
INFO - [G] 2025-03-17 21:11:57 :: WARN  :: DeckSkin :: Old DeckSkin formatting detected on DeckSkin lust_LuckSpades!
INFO - [G] Picture dimensions: 138 x 186
INFO - [G] Number of animation frames: 8
INFO - [G] Comment inside this GIF: Created with Paint.NET
INFO - [G] Picture dimensions: 138 x 186
INFO - [G] Number of animation frames: 1
INFO - [G] Comment inside this GIF: NO_COMMENT
INFO - [G] Picture dimensions: 138 x 186
INFO - [G] Number of animation frames: 9
INFO - [G] Comment inside this GIF: Created with Paint.NET
INFO - [G] 2025-03-17 21:11:57 :: WARN  :: Atlas :: Object centers has the same key as an existing object, not registering.
INFO - [G] 2025-03-17 21:11:57 :: WARN  :: Atlas :: If you want to modify an existing object, use take_ownership()
INFO - [G] soul_atlas
INFO - [G] 2025-03-17 21:11:57 :: TRACE :: Loader :: Mod SakashimaJoker was unable to load: 
INFO - [G] 2025-03-17 21:11:57 :: INFO  :: TIMER :: [0000] Injected Language in 0.001 ms
INFO - [G] 2025-03-17 21:11:57 :: INFO  :: TIMER :: [0000] Injected [INTERNAL] in 1.148 ms
INFO - [G] mod_tags
INFO - [G] achievements
INFO - [G] lust_AltVersions
INFO - [G] Joker
INFO - [G] centers
INFO - [G] lust_editions
INFO - [G] lust_LustTarot
INFO - [G] Booster
INFO - [G] stickers
INFO - [G] shop_sign
INFO - [G] balatro
INFO - [G] lust_modicon
INFO - [G] BalustroIcons
INFO - [G] lust_BalustroPlayingCards
INFO - [G] lust_LuckPlayingCardsLC
INFO - [G] lust_LuckPlayingCardsHC
INFO - [G] bull_wide_card
INFO - [G] bull_carper_card
INFO - [G] bull_Jokers-bean
INFO - [G] bull_Jokers-ice cream
INFO - [G] bull_Jokers-popcorn
INFO - [G] bull_Jokers-ramen
INFO - [G] bull_Jokers-green guy
INFO - [G] aura_j_faceless
INFO - [G] aura_j_seance
INFO - [G] aura_j_juggler
INFO - [G] aura_c_hearts
INFO - [G] aura_c_diamonds
INFO - [G] aura_c_clubs
INFO - [G] aura_c_spades
INFO - [G] aura_goon_icon_heart
INFO - [G] aura_goon_icon_diamond
INFO - [G] aura_goon_icon_club
INFO - [G] aura_goon_icon_spade
INFO - [G] aura_Jokers-Matoi Ryuuko
INFO - [G] FHC_hentai_cards_deck_lc
INFO - [G] FHC_hentai_cards_deck_hc
INFO - [G] Tarot
INFO - [G] Planet
INFO - [G] Spectral
INFO - [G] soul_atlas
INFO - [G] StickfaceNSFW_8BitDeck_opt2
INFO - [G] StickfaceNSFW_8BitDeck
INFO - [G] StickfaceNSFW_icon_lc
INFO - [G] StickfaceNSFW_icon_hc
INFO - [G] vintage_pinup_cards
INFO - [G] 2025-03-17 21:11:58 :: INFO  :: TIMER :: [0046] Injected Atlas in 1162.541 ms
INFO - [G] 2025-03-17 21:11:58 :: INFO  :: TIMER :: [0053] Injected Sound in 4.639 ms
INFO - [G] 2025-03-17 21:11:58 :: INFO  :: TIMER :: [0008] Injected Stake in 0.189 ms
INFO - [G] 2025-03-17 21:11:58 :: INFO  :: TIMER :: [0004] Injected Rarity in 0.015 ms
INFO - [G] 2025-03-17 21:11:58 :: INFO  :: TIMER :: [0004] Injected ObjectType in 0.024 ms
INFO - [G] 2025-03-17 21:11:58 :: INFO  :: TIMER :: [0220] Injected Center in 2.655 ms
INFO - [G] 2025-03-17 21:11:58 :: INFO  :: TIMER :: [0007] Injected Undiscovered Sprite in 0.014 ms
INFO - [G] 2025-03-17 21:11:58 :: INFO  :: TIMER :: [0002] Injected Blind in 0.019 ms
INFO - [G] 2025-03-17 21:11:58 :: INFO  :: TIMER :: [0004] Injected Seal in 0.099 ms
INFO - [G] 2025-03-17 21:11:58 :: INFO  :: TIMER :: [0004] Injected Suit in 0.063 ms
INFO - [G] 2025-03-17 21:11:58 :: INFO  :: TIMER :: [0013] Injected Rank in 0.074 ms
INFO - [G] 2025-03-17 21:11:58 :: INFO  :: TIMER :: [0052] Injected DeckSkin in 0.293 ms
INFO - [G] 2025-03-17 21:11:58 :: INFO  :: TIMER :: [0012] Injected PokerHand in 0.068 ms
INFO - [G] 2025-03-17 21:11:59 :: INFO  :: TIMER :: [0020] Injected Challenge in 0.024 ms
INFO - [G] 2025-03-17 21:11:59 :: INFO  :: TIMER :: [0000] Injected Tag in 0.002 ms
INFO - [G] 2025-03-17 21:11:59 :: INFO  :: TIMER :: [0004] Injected Sticker in 0.087 ms
INFO - [G] 2025-03-17 21:11:59 :: INFO  :: TIMER :: [0000] Injected Shader in 0.001 ms
INFO - [G] 2025-03-17 21:11:59 :: INFO  :: TIMER :: [0001] Injected Keybind in 0.013 ms
INFO - [G] 2025-03-17 21:11:59 :: INFO  :: TIMER :: [0000] Injected Achievement in 0.032 ms
INFO - [G] 2025-03-17 21:11:59 :: INFO  :: TIMER :: [0000] Injected [INTERNAL] in 1.999 ms
INFO - [G] LONG DT @ 955: 0.050257538790222
INFO - [G] LONG DT @ 958: 0.050573636014004
INFO - [G] LONG DT @ 1127: 0.051244014641258
INFO - [G] LONG DT @ 1136: 0.05124255394166
INFO - [G] LONG DT @ 1139: 0.050204247086223
INFO - [G] LONG DT @ 1145: 0.052144096272622
INFO - [G] LONG DT @ 1213: 0.051045513422346
INFO - [G] LONG DT @ 1219: 0.053294118629472
INFO - [G] LONG DT @ 1223: 0.052851866921018
INFO - [G] LONG DT @ 1226: 0.053548736636323
INFO - [G] LONG DT @ 1229: 0.050539646049455
INFO - [G] LONG DT @ 1232: 0.05123295745776
INFO - [G] LONG DT @ 1242: 0.050567839419021
INFO - [G] LONG DT @ 1245: 0.05348309767593
INFO - [G] LONG DT @ 1248: 0.051280515655167
INFO - [G] LONG DT @ 1252: 0.054680822772407
INFO - [G] LONG DT @ 1255: 0.057070152405045
INFO - [G] LONG DT @ 1259: 0.054878489585729
INFO - [G] LONG DT @ 1262: 0.054940050419432
INFO - [G] LONG DT @ 1266: 0.056187225149875
INFO - [G] LONG DT @ 1269: 0.050116081120376
INFO - [G] LONG DT @ 397: 0.051423653525932
INFO - [G] LONG DT @ 490: 0.051752055592274
INFO - [G] LONG DT @ 551: 0.051013559078318
INFO - [G] LONG DT @ 570: 0.053111470089171
INFO - [G] LONG DT @ 576: 0.05013634775152
INFO - [G] LONG DT @ 579: 0.05352135471384
INFO - [G] LONG DT @ 585: 0.054226981679403
INFO - [G] LONG DT @ 625: 0.052833681110728
INFO - [G] LONG DT @ 629: 0.053671064759983
INFO - [G] LONG DT @ 632: 0.053789514044878
INFO - [G] LONG DT @ 669: 0.052397735424859
INFO - [G] LONG DT @ 673: 0.05356444380442
INFO - [G] LONG DT @ 676: 0.051014225269182
INFO - [G] LONG DT @ 678: 0.057488880313768
INFO - [G] LONG DT @ 679: 0.05431195762566
INFO - [G] LONG DT @ 683: 0.058850065805927
INFO - [G] LONG DT @ 683: 0.053677132644771
INFO - [G] LONG DT @ 686: 0.055158955281275
INFO - [G] LONG DT @ 690: 0.050497534289534
INFO - [G] LONG DT @ 693: 0.053199378599183
INFO - [G] LONG DT @ 700: 0.050001442849209
INFO - [G] LONG DT @ 778: 0.068928727203371
INFO - [G] LONG DT @ 778: 0.063516281762645
INFO - [G] LONG DT @ 778: 0.053381885410181
INFO - [G] LONG DT @ 1384: 0.065272458473124
INFO - [G] LONG DT @ 1384: 0.053764086778465
INFO - [G] LONG DT @ 1387: 0.057599345139086
INFO - [G] LONG DT @ 1387: 0.0765778161113
INFO - [G] LONG DT @ 1387: 0.062632392888966
INFO - [G] LONG DT @ 1387: 0.051547934311186
INFO - [G] LONG DT @ 1388: 0.062188924566637
INFO - [G] LONG DT @ 1388: 0.051277599653369
INFO - [G] LONG DT @ 1392: 0.064192267868055
INFO - [G] LONG DT @ 1393: 0.052963994294433
INFO - [G] LONG DT @ 1400: 0.052484996019927
INFO - [G] LONG DT @ 1413: 0.053285592744783
INFO - [G] LONG DT @ 1417: 0.051910354014294
INFO - [G] LONG DT @ 1434: 0.052967649383562
INFO - [G] LONG DT @ 1455: 0.051254475321642
INFO - [G] LONG DT @ 1458: 0.065302848412786
INFO - [G] LONG DT @ 1458: 0.054339958730272
INFO - [G] LONG DT @ 1459: 0.055788399340491
INFO - [G] LONG DT @ 1461: 0.064140142711049
INFO - [G] LONG DT @ 1461: 0.052703374168876
INFO - [G] LONG DT @ 1464: 0.059466578935208
INFO - [G] LONG DT @ 1465: 0.070148857321607
INFO - [G] LONG DT @ 1465: 0.058273085857258
INFO - [G] LONG DT @ 1466: 0.069242437983812
INFO - [G] LONG DT @ 1466: 0.056897010387008
INFO - [G] LONG DT @ 1468: 0.062467561260563
INFO - [G] LONG DT @ 1468: 0.051595429008411
INFO - [G] LONG DT @ 1472: 0.056700292145466
INFO - [G] LONG DT @ 1476: 0.053802008655306
INFO - [G] LONG DT @ 1480: 0.052350266898905
INFO - [G] LONG DT @ 1484: 0.056098785506364
INFO - [G] LONG DT @ 1492: 0.056211483950045
INFO - [G] LONG DT @ 1496: 0.056464466403475
INFO - [G] LONG DT @ 1507: 0.059731696535393
INFO - [G] LONG DT @ 1511: 0.066939472517397
INFO - [G] LONG DT @ 1511: 0.055653958013914
INFO - [G] LONG DT @ 1515: 0.065510945299215
INFO - [G] LONG DT @ 1515: 0.054837956239378
INFO - [G] LONG DT @ 1519: 0.063589843125349
INFO - [G] LONG DT @ 1519: 0.05263725450024
INFO - [G] LONG DT @ 1523: 0.064385748883853
INFO - [G] LONG DT @ 1523: 0.056818899107102
INFO - [G] LONG DT @ 1526: 0.065689665998046
INFO - [G] LONG DT @ 1526: 0.054322812798417
INFO - [G] LONG DT @ 1531: 0.061863633244817
INFO - [G] LONG DT @ 1531: 0.051280726595921
INFO - [G] LONG DT @ 1535: 0.068398413769868
INFO - [G] LONG DT @ 1535: 0.056932831015841
INFO - [G] LONG DT @ 1539: 0.067925019943418
INFO - [G] LONG DT @ 1539: 0.059617335954739
INFO - [G] LONG DT @ 1543: 0.06438777816419
INFO - [G] LONG DT @ 1543: 0.05359806253141
INFO - [G] LONG DT @ 1546: 0.063668724796373
INFO - [G] LONG DT @ 1546: 0.052738059837089
INFO - [G] LONG DT @ 1550: 0.068862140366808
INFO - [G] LONG DT @ 1550: 0.057114052293472
INFO - [G] LONG DT @ 1554: 0.072397440284086
INFO - [G] LONG DT @ 1554: 0.064684912227273
INFO - [G] LONG DT @ 1554: 0.053626129781829
INFO - [G] LONG DT @ 1558: 0.065423051921091
INFO - [G] LONG DT @ 1558: 0.054190701536814
INFO - [G] LONG DT @ 1562: 0.067742089237443
INFO - [G] LONG DT @ 1562: 0.055871551389943
INFO - [G] LONG DT @ 1566: 0.067688274780136
INFO - [G] LONG DT @ 1566: 0.05917699982409
INFO - [G] LONG DT @ 1570: 0.065259105194677
INFO - [G] LONG DT @ 1570: 0.053985104155748
INFO - [G] LONG DT @ 1574: 0.064378317748388
INFO - [G] LONG DT @ 1574: 0.054260894198713
INFO - [G] LONG DT @ 1578: 0.063737785954248
INFO - [G] LONG DT @ 1578: 0.053001248763408
INFO - [G] LONG DT @ 1582: 0.065834980043342
INFO - [G] LONG DT @ 1582: 0.054526004034728
INFO - [G] LONG DT @ 1586: 0.065728077130506
INFO - [G] LONG DT @ 1586: 0.054345401704339
INFO - [G] LONG DT @ 1589: 0.064981667656026
INFO - [G] LONG DT @ 1589: 0.05379121412485
INFO - [G] LONG DT @ 1593: 0.065700516568434
INFO - [G] LONG DT @ 1593: 0.054851613254783
INFO - [G] LONG DT @ 1597: 0.064058696035407
INFO - [G] LONG DT @ 1598: 0.055591576828355
INFO - [G] LONG DT @ 1602: 0.062302061181084
INFO - [G] LONG DT @ 1602: 0.051765008944868
INFO - [G] LONG DT @ 1606: 0.060678358104216
INFO - [G] LONG DT @ 1606: 0.050139886483387
INFO - [G] LONG DT @ 1610: 0.065021018965956
INFO - [G] LONG DT @ 1610: 0.056895735172775
INFO - [G] LONG DT @ 1611: 0.078095175074104
INFO - [G] LONG DT @ 1611: 0.06486078005932
INFO - [G] LONG DT @ 1611: 0.054130224047435
INFO - [G] LONG DT @ 1614: 0.070850295814763
INFO - [G] LONG DT @ 1614: 0.060616396651823
INFO - [G] LONG DT @ 1614: 0.051634197321481
INFO - [G] LONG DT @ 1617: 0.07350851598553
INFO - [G] LONG DT @ 1617: 0.062377772788494
INFO - [G] LONG DT @ 1617: 0.051944938230804
INFO - [G] LONG DT @ 1619: 0.071615874098863
INFO - [G] LONG DT @ 1619: 0.062304139279089
INFO - [G] LONG DT @ 1619: 0.051854731423233
INFO - [G] LONG DT @ 1623: 0.065767414310318
INFO - [G] LONG DT @ 1623: 0.05459315144823
INFO - [G] LONG DT @ 1627: 0.063291787764153
INFO - [G] LONG DT @ 1627: 0.052443990211335
INFO - [G] LONG DT @ 1632: 0.062015137882242
INFO - [G] LONG DT @ 1632: 0.051321330305769
INFO - [G] LONG DT @ 1636: 0.064694382226538
INFO - [G] LONG DT @ 1636: 0.053699385781229
INFO - [G] LONG DT @ 1640: 0.058880094674697
INFO - [G] LONG DT @ 1645: 0.061006083554193
INFO - [G] LONG DT @ 1645: 0.050426406843351
INFO - [G] LONG DT @ 1648: 0.067514548378197
INFO - [G] LONG DT @ 1648: 0.05623073870256
INFO - [G] LONG DT @ 1652: 0.069920350965103
INFO - [G] LONG DT @ 1652: 0.058064280772167
INFO - [G] LONG DT @ 1655: 0.07148544299369
INFO - [G] LONG DT @ 1655: 0.058984034394984
INFO - [G] LONG DT @ 1659: 0.069651225594361
INFO - [G] LONG DT @ 1659: 0.058935280475433
INFO - [G] LONG DT @ 1663: 0.069659221105822
INFO - [G] LONG DT @ 1663: 0.057640336884594
INFO - [G] LONG DT @ 1667: 0.071984674258719
INFO - [G] LONG DT @ 1667: 0.061543279406945
INFO - [G] LONG DT @ 1667: 0.051594683525603
INFO - [G] LONG DT @ 1670: 0.070815529797091
INFO - [G] LONG DT @ 1670: 0.058610563837661
INFO - [G] LONG DT @ 1674: 0.074591909391636
INFO - [G] LONG DT @ 1674: 0.06514932751333
INFO - [G] LONG DT @ 1674: 0.053894622010698
INFO - [G] LONG DT @ 1677: 0.07093431205133
INFO - [G] LONG DT @ 1678: 0.0586692496411
INFO - [G] LONG DT @ 1681: 0.072928197697223
INFO - [G] LONG DT @ 1681: 0.062629038157751
INFO - [G] LONG DT @ 1681: 0.053059310526259
INFO - [G] LONG DT @ 1685: 0.072669043712689
INFO - [G] LONG DT @ 1685: 0.062112474970191
INFO - [G] LONG DT @ 1685: 0.052263979976157
INFO - [G] LONG DT @ 1689: 0.069483208712548
INFO - [G] LONG DT @ 1689: 0.060020266969974
INFO - [G] LONG DT @ 1689: 0.05016183357599
INFO - [G] LONG DT @ 1692: 0.076186082074918
INFO - [G] LONG DT @ 1692: 0.065278805659869
INFO - [G] LONG DT @ 1692: 0.054446704527876
INFO - [G] LONG DT @ 1696: 0.075073986610254
INFO - [G] LONG DT @ 1696: 0.064052749288184
INFO - [G] LONG DT @ 1696: 0.053191479430555
INFO - [G] LONG DT @ 1700: 0.069452576226119
INFO - [G] LONG DT @ 1700: 0.060029180980922
INFO - [G] LONG DT @ 1700: 0.050336524784702
INFO - [G] LONG DT @ 1704: 0.068581901520308
INFO - [G] LONG DT @ 1704: 0.056885901216222
INFO - [G] LONG DT @ 1708: 0.066018329463849
INFO - [G] LONG DT @ 1708: 0.054767163571141
INFO - [G] LONG DT @ 1713: 0.065846270234215
INFO - [G] LONG DT @ 1713: 0.054563596187345
INFO - [G] LONG DT @ 1717: 0.062232272371215
INFO - [G] LONG DT @ 1717: 0.051510877896962
INFO - [G] LONG DT @ 1721: 0.066968533111793
INFO - [G] LONG DT @ 1721: 0.0551672064894
INFO - [G] LONG DT @ 1725: 0.067900684763878
INFO - [G] LONG DT @ 1725: 0.056017827811019
INFO - [G] LONG DT @ 1730: 0.062797222139961
INFO - [G] LONG DT @ 1730: 0.05221201771195
INFO - [G] LONG DT @ 1733: 0.075288351418846
INFO - [G] LONG DT @ 1733: 0.065410321135082
INFO - [G] LONG DT @ 1733: 0.05423173690803
INFO - [G] LONG DT @ 1737: 0.074755079514057
INFO - [G] LONG DT @ 1737: 0.063676963611233
INFO - [G] LONG DT @ 1737: 0.052808550889054
INFO - [G] LONG DT @ 1741: 0.072458937507929
INFO - [G] LONG DT @ 1741: 0.065080290006344
INFO - [G] LONG DT @ 1741: 0.054293272005096
INFO - [G] LONG DT @ 1744: 0.081780455564873
INFO - [G] LONG DT @ 1744: 0.067956964451894
INFO - [G] LONG DT @ 1744: 0.056790291561514
INFO - [G] LONG DT @ 1748: 0.07596453329262
INFO - [G] LONG DT @ 1748: 0.065984566634097
INFO - [G] LONG DT @ 1748: 0.054872553307232
INFO - [G] LONG DT @ 1751: 0.074204417671859
INFO - [G] LONG DT @ 1751: 0.064589134137481
INFO - [G] LONG DT @ 1751: 0.053927227309955
INFO - [G] LONG DT @ 1755: 0.075793332414528
INFO - [G] LONG DT @ 1755: 0.064763325931683
INFO - [G] LONG DT @ 1755: 0.053815340745283
INFO - [G] LONG DT @ 1759: 0.072797486748901
INFO - [G] LONG DT @ 1759: 0.062225449399128
INFO - [G] LONG DT @ 1759: 0.052505759519266
INFO - [G] LONG DT @ 1763: 0.079309777283975
INFO - [G] LONG DT @ 1763: 0.065387241827142
INFO - [G] LONG DT @ 1763: 0.054029053461741
INFO - [G] LONG DT @ 1767: 0.068781194319695
INFO - [G] LONG DT @ 1767: 0.056936855455806
INFO - [G] LONG DT @ 1771: 0.072263114843619
INFO - [G] LONG DT @ 1771: 0.061715611874931
INFO - [G] LONG DT @ 1771: 0.051267549499915
INFO - [G] LONG DT @ 1775: 0.070210836228432
INFO - [G] LONG DT @ 1775: 0.058109208982687
INFO - [G] LONG DT @ 1779: 0.067902107628156
INFO - [G] LONG DT @ 1779: 0.056091206102541
INFO - [G] LONG DT @ 1783: 0.064362638145426
INFO - [G] LONG DT @ 1784: 0.054751190516334
INFO - [G] LONG DT @ 1787: 0.070702193861561
INFO - [G] LONG DT @ 1787: 0.058829095089229
INFO - [G] LONG DT @ 1788: 0.08041729965543
INFO - [G] LONG DT @ 1788: 0.066031579724307
INFO - [G] LONG DT @ 1788: 0.05443844377945
INFO - [G] LONG DT @ 1792: 0.074049779458536
INFO - [G] LONG DT @ 1792: 0.063128063566753
INFO - [G] LONG DT @ 1792: 0.052285310853405
INFO - [G] LONG DT @ 1796: 0.072526348136924
INFO - [G] LONG DT @ 1796: 0.062035318509554
INFO - [G] LONG DT @ 1796: 0.051928374807661
INFO - [G] LONG DT @ 1800: 0.070838905359393
INFO - [G] LONG DT @ 1800: 0.060988924287504
INFO - [G] LONG DT @ 1800: 0.050523919430024
INFO - [G] LONG DT @ 1805: 0.067253211278642
INFO - [G] LONG DT @ 1805: 0.057017009022924
INFO - [G] LONG DT @ 1809: 0.069978651116164
INFO - [G] LONG DT @ 1809: 0.057815920892919
INFO - [G] LONG DT @ 1813: 0.070728091171412
INFO - [G] LONG DT @ 1813: 0.058670892937057
INFO - [G] LONG DT @ 1818: 0.065567720035363
INFO - [G] LONG DT @ 1818: 0.056255816028274
INFO - [G] LONG DT @ 1822: 0.070551079280372
INFO - [G] LONG DT @ 1822: 0.0582905634243
INFO - [G] LONG DT @ 1826: 0.067703696563555
INFO - [G] LONG DT @ 1826: 0.05595933725084
INFO - [G] LONG DT @ 1830: 0.06798531881009
INFO - [G] LONG DT @ 1830: 0.05766437504799
INFO - [G] LONG DT @ 1835: 0.071773250882559
INFO - [G] LONG DT @ 1835: 0.059184380706052
INFO - [G] LONG DT @ 1839: 0.071441749370613
INFO - [G] LONG DT @ 1839: 0.063345019496517
INFO - [G] LONG DT @ 1839: 0.052614015597186
INFO - [G] LONG DT @ 1843: 0.07444983888974
INFO - [G] LONG DT @ 1843: 0.064171131111793
INFO - [G] LONG DT @ 1843: 0.053331464889437
INFO - [G] LONG DT @ 1847: 0.074810977802504
INFO - [G] LONG DT @ 1847: 0.065034062242027
INFO - [G] LONG DT @ 1848: 0.054312649793604
INFO - [G] LONG DT @ 1852: 0.071969521557805
INFO - [G] LONG DT @ 1852: 0.064937377246247
INFO - [G] LONG DT @ 1852: 0.053807921796961
INFO - [G] LONG DT @ 1856: 0.073597412445543
INFO - [G] LONG DT @ 1856: 0.064468749956432
INFO - [G] LONG DT @ 1856: 0.053387939965182
INFO - [G] LONG DT @ 1860: 0.074298428448621
INFO - [G] LONG DT @ 1860: 0.063605462758909
INFO - [G] LONG DT @ 1860: 0.052782190207103
INFO - [G] LONG DT @ 1864: 0.071084886053645
INFO - [G] LONG DT @ 1864: 0.060935968842925
INFO - [G] LONG DT @ 1864: 0.052168595074339
INFO - [G] LONG DT @ 1869: 0.073739256401275
INFO - [G] LONG DT @ 1869: 0.062975565121002
INFO - [G] LONG DT @ 1869: 0.052910992096754
INFO - [G] LONG DT @ 1873: 0.074483565165382
INFO - [G] LONG DT @ 1873: 0.062516012132291
INFO - [G] LONG DT @ 1873: 0.051789609705894
INFO - [G] LONG DT @ 1877: 0.068327628458128
INFO - [G] LONG DT @ 1877: 0.056956562766442
INFO - [G] LONG DT @ 1880: 0.078287415170088
INFO - [G] LONG DT @ 1881: 0.065724632135999
INFO - [G] LONG DT @ 1881: 0.055180585708844
INFO - [G] LONG DT @ 1884: 0.079283856093765
INFO - [G] LONG DT @ 1884: 0.066450744874975
INFO - [G] LONG DT @ 1884: 0.055166275899982
INFO - [G] LONG DT @ 1888: 0.077689361730112
INFO - [G] LONG DT @ 1888: 0.068544369384111
INFO - [G] LONG DT @ 1888: 0.0571328555073
INFO - [G] LONG DT @ 1891: 0.077802393190995
INFO - [G] LONG DT @ 1891: 0.064510614552764
INFO - [G] LONG DT @ 1891: 0.053632451642162
INFO - [G] LONG DT @ 1895: 0.076526603888532
INFO - [G] LONG DT @ 1895: 0.066602023110881
INFO - [G] LONG DT @ 1895: 0.055717458488703
INFO - [G] LONG DT @ 1899: 0.076805582519308
INFO - [G] LONG DT @ 1899: 0.06377530601546
INFO - [G] LONG DT @ 1899: 0.053107964812331
INFO - [G] LONG DT @ 1903: 0.076164849283741
INFO - [G] LONG DT @ 1903: 0.064961839427018
INFO - [G] LONG DT @ 1903: 0.054225731541628
INFO - [G] LONG DT @ 1907: 0.077895907801215
INFO - [G] LONG DT @ 1907: 0.064843306240966
INFO - [G] LONG DT @ 1907: 0.053953524992817
INFO - [G] LONG DT @ 1911: 0.074470578619808
INFO - [G] LONG DT @ 1911: 0.063247602895853
INFO - [G] LONG DT @ 1911: 0.056205902316614
INFO - [G] LONG DT @ 1914: 0.076764078907469
INFO - [G] LONG DT @ 1914: 0.06391442312599
INFO - [G] LONG DT @ 1914: 0.053395518500745
INFO - [G] LONG DT @ 1918: 0.073616318102139
INFO - [G] LONG DT @ 1918: 0.06289083448172
INFO - [G] LONG DT @ 1918: 0.053140147585372
INFO - [G] LONG DT @ 1922: 0.073530827044899
INFO - [G] LONG DT @ 1922: 0.062816341635864
INFO - [G] LONG DT @ 1922: 0.052254613308729
INFO - [G] LONG DT @ 1925: 0.076163583730771
INFO - [G] LONG DT @ 1925: 0.063084986984594
INFO - [G] LONG DT @ 1925: 0.052501629587666
INFO - [G] LONG DT @ 1929: 0.071929385977568
INFO - [G] LONG DT @ 1929: 0.059773208782007
INFO - [G] LONG DT @ 1929: 0.050111327025606
INFO - [G] LONG DT @ 1933: 0.079890461928874
INFO - [G] LONG DT @ 1933: 0.06608198954314
INFO - [G] LONG DT @ 1933: 0.057398691634538
INFO - [G] LONG DT @ 1937: 0.07835882649707
INFO - [G] LONG DT @ 1937: 0.064695461197633
INFO - [G] LONG DT @ 1937: 0.05358040895808
INFO - [G] LONG DT @ 1941: 0.074430873231636
INFO - [G] LONG DT @ 1941: 0.063632998585366
INFO - [G] LONG DT @ 1941: 0.052831618868268
INFO - [G] LONG DT @ 1945: 0.072678310477697
INFO - [G] LONG DT @ 1945: 0.062053248382175
INFO - [G] LONG DT @ 1945: 0.052719718705684
INFO - [G] LONG DT @ 1948: 0.074290130510505
INFO - [G] LONG DT @ 1948: 0.063756324408348
INFO - [G] LONG DT @ 1948: 0.052931159526715
INFO - [G] LONG DT @ 1952: 0.075452571142279
INFO - [G] LONG DT @ 1952: 0.064377376913785
INFO - [G] LONG DT @ 1952: 0.053434741531
INFO - [G] LONG DT @ 1956: 0.075758279874837
INFO - [G] LONG DT @ 1956: 0.063500363899906
INFO - [G] LONG DT @ 1956: 0.053067671119846
INFO - [G] LONG DT @ 1960: 0.07432546240954
INFO - [G] LONG DT @ 1960: 0.065980689927613
INFO - [G] LONG DT @ 1960: 0.054978451942111
INFO - [G] LONG DT @ 1964: 0.075111909436135
INFO - [G] LONG DT @ 1964: 0.064066027548952
INFO - [G] LONG DT @ 1964: 0.053120662039139
INFO - [G] LONG DT @ 1968: 0.071367170581815
INFO - [G] LONG DT @ 1968: 0.062456036465431
INFO - [G] LONG DT @ 1968: 0.051988969172393
INFO - [G] LONG DT @ 1972: 0.076391102458313
INFO - [G] LONG DT @ 1972: 0.064310541966673
INFO - [G] LONG DT @ 1972: 0.053229333573333
INFO - [G] LONG DT @ 1976: 0.068892171974704
INFO - [G] LONG DT @ 1976: 0.056922197579792
INFO - [G] LONG DT @ 1980: 0.075816658367688
INFO - [G] LONG DT @ 1980: 0.065732786694129
INFO - [G] LONG DT @ 1980: 0.056081449355362
INFO - [G] LONG DT @ 1983: 0.085104209961965
INFO - [G] LONG DT @ 1983: 0.07057664796957
INFO - [G] LONG DT @ 1983: 0.058929638375591
INFO - [G] LONG DT @ 1984: 0.077994259721659
INFO - [G] LONG DT @ 1984: 0.064957007777318
INFO - [G] LONG DT @ 1984: 0.054590266221892
INFO - [G] LONG DT @ 1986: 0.088029430281216
INFO - [G] LONG DT @ 1986: 0.072816984224987
INFO - [G] LONG DT @ 1986: 0.060424787379965
INFO - [G] LONG DT @ 1986: 0.050429209904024
INFO - [G] LONG DT @ 1987: 0.081808685729384
INFO - [G] LONG DT @ 1988: 0.067758728583453
INFO - [G] LONG DT @ 1988: 0.056508062866814
INFO - [G] LONG DT @ 1991: 0.080820630529174
INFO - [G] LONG DT @ 1991: 0.067185244423319
INFO - [G] LONG DT @ 1991: 0.056308915538674
INFO - [G] LONG DT @ 1994: 0.080528508968535
INFO - [G] LONG DT @ 1994: 0.068044527174784
INFO - [G] LONG DT @ 1994: 0.057022381739858
INFO - [G] LONG DT @ 1996: 0.087423868228193
INFO - [G] LONG DT @ 1996: 0.071735674582618
INFO - [G] LONG DT @ 1996: 0.059036039666039
INFO - [G] LONG DT @ 1998: 0.082413703058122
INFO - [G] LONG DT @ 1998: 0.071335662446461
INFO - [G] LONG DT @ 1998: 0.061023969957196
INFO - [G] LONG DT @ 1998: 0.051171255965793
INFO - [G] LONG DT @ 2002: 0.081527968131327
INFO - [G] LONG DT @ 2002: 0.067373494505024
INFO - [G] LONG DT @ 2002: 0.056132575604025
INFO - [G] LONG DT @ 2006: 0.078585779800538
INFO - [G] LONG DT @ 2006: 0.064781383840481
INFO - [G] LONG DT @ 2006: 0.053561127072337
INFO - [G] LONG DT @ 2010: 0.078987458523985
INFO - [G] LONG DT @ 2010: 0.065198906819184
INFO - [G] LONG DT @ 2010: 0.054374485455339
INFO - [G] LONG DT @ 2014: 0.081963482251267
INFO - [G] LONG DT @ 2014: 0.06765518580098
INFO - [G] LONG DT @ 2014: 0.055928908640834
INFO - [G] LONG DT @ 2018: 0.076021971749947
INFO - [G] LONG DT @ 2018: 0.062721177400017
INFO - [G] LONG DT @ 2018: 0.051955681920023
INFO - [G] LONG DT @ 2022: 0.078019595038768
INFO - [G] LONG DT @ 2022: 0.065844616031063
INFO - [G] LONG DT @ 2022: 0.056197172824868
INFO - [G] LONG DT @ 2026: 0.08037977849147
INFO - [G] LONG DT @ 2026: 0.069296722793155
INFO - [G] LONG DT @ 2026: 0.061440098234539
INFO - [G] LONG DT @ 2026: 0.051515118587632
INFO - [G] LONG DT @ 2030: 0.081011762481473
INFO - [G] LONG DT @ 2030: 0.067134309985163
INFO - [G] LONG DT @ 2030: 0.055873267988158
INFO - [G] LONG DT @ 2034: 0.080345781866223
INFO - [G] LONG DT @ 2034: 0.069068085492957
INFO - [G] LONG DT @ 2034: 0.059833008394332
INFO - [G] LONG DT @ 2034: 0.05208174671553
INFO - [G] LONG DT @ 2038: 0.082174151756896
INFO - [G] LONG DT @ 2038: 0.069385361405484
INFO - [G] LONG DT @ 2038: 0.057861349124428
INFO - [G] LONG DT @ 2042: 0.082677119015758
INFO - [G] LONG DT @ 2042: 0.06904079521262
INFO - [G] LONG DT @ 2042: 0.057805716170098
INFO - [G] LONG DT @ 2046: 0.081505200958078
INFO - [G] LONG DT @ 2046: 0.07455280076647
INFO - [G] LONG DT @ 2046: 0.068375600613218
INFO - [G] LONG DT @ 2046: 0.056611340490527
INFO - [G] LONG DT @ 2050: 0.079344552697297
INFO - [G] LONG DT @ 2050: 0.067025802157778
INFO - [G] LONG DT @ 2050: 0.055817841726268
INFO - [G] LONG DT @ 2054: 0.079202063254501
INFO - [G] LONG DT @ 2054: 0.065483190603608
INFO - [G] LONG DT @ 2054: 0.054302872482851
INFO - [G] LONG DT @ 2058: 0.078543421563177
INFO - [G] LONG DT @ 2058: 0.064771017250514
INFO - [G] LONG DT @ 2058: 0.053586953800419
INFO - [G] LONG DT @ 2062: 0.079382338143439
INFO - [G] LONG DT @ 2062: 0.065407050514756
INFO - [G] LONG DT @ 2062: 0.054087520411763
INFO - [G] LONG DT @ 2065: 0.08026881188362
INFO - [G] LONG DT @ 2066: 0.066594809506881
INFO - [G] LONG DT @ 2066: 0.055525087605542
INFO - [G] LONG DT @ 2069: 0.080640890646312
INFO - [G] LONG DT @ 2069: 0.06667579251704
INFO - [G] LONG DT @ 2069: 0.055522214013611
INFO - [G] LONG DT @ 2072: 0.080696102232692
INFO - [G] LONG DT @ 2072: 0.06667726178615
INFO - [G] LONG DT @ 2072: 0.055320069428862
INFO - [G] LONG DT @ 2075: 0.079238018664185
INFO - [G] LONG DT @ 2075: 0.065586414931352
INFO - [G] LONG DT @ 2075: 0.054533471945097
INFO - [G] LONG DT @ 2078: 0.079673821514501
INFO - [G] LONG DT @ 2078: 0.070452317211616
INFO - [G] LONG DT @ 2078: 0.058618073769365
INFO - [G] LONG DT @ 2081: 0.082299643621465
INFO - [G] LONG DT @ 2081: 0.068092334897116
INFO - [G] LONG DT @ 2081: 0.058598867917715
INFO - [G] LONG DT @ 2084: 0.08284296353889
INFO - [G] LONG DT @ 2084: 0.068774010831154
INFO - [G] LONG DT @ 2084: 0.060650008664849
INFO - [G] LONG DT @ 2084: 0.051074926931936
INFO - [G] LONG DT @ 2088: 0.085730523586946
INFO - [G] LONG DT @ 2088: 0.070929318869583
INFO - [G] LONG DT @ 2088: 0.058971135095699
INFO - [G] LONG DT @ 2091: 0.082910627419083
INFO - [G] LONG DT @ 2091: 0.068686301935293
INFO - [G] LONG DT @ 2091: 0.058885861548179
INFO - [G] LONG DT @ 2094: 0.080718719533359
INFO - [G] LONG DT @ 2094: 0.067015135626657
INFO - [G] LONG DT @ 2094: 0.055837708501345
INFO - [G] LONG DT @ 2098: 0.080126570955001
INFO - [G] LONG DT @ 2098: 0.066481976763929
INFO - [G] LONG DT @ 2098: 0.055466241411231
INFO - [G] LONG DT @ 2101: 0.081354499380734
INFO - [G] LONG DT @ 2101: 0.067349339504572
INFO - [G] LONG DT @ 2101: 0.056410271603589
INFO - [G] LONG DT @ 2105: 0.08157970897385
INFO - [G] LONG DT @ 2105: 0.067782947179116
INFO - [G] LONG DT @ 2105: 0.056775397743323
INFO - [G] LONG DT @ 2108: 0.081752462361773
INFO - [G] LONG DT @ 2108: 0.067610009889424
INFO - [G] LONG DT @ 2108: 0.056106047911614
INFO - [G] LONG DT @ 2111: 0.081204784201583
INFO - [G] LONG DT @ 2111: 0.06859318736128
INFO - [G] LONG DT @ 2111: 0.057737309888995
INFO - [G] LONG DT @ 2115: 0.088184209097347
INFO - [G] LONG DT @ 2115: 0.072940767277861
INFO - [G] LONG DT @ 2115: 0.060718153822316
INFO - [G] LONG DT @ 2115: 0.051117003057864
INFO - [G] LONG DT @ 2118: 0.082620016918338
INFO - [G] LONG DT @ 2118: 0.1
INFO - [G] LONG DT @ 2118: 0.082426899999955
INFO - [G] LONG DT @ 2118: 0.06828673999997
INFO - [G] LONG DT @ 2118: 0.056941972000011
INFO - [G] LONG DT @ 2121: 0.08120266209014
INFO - [G] LONG DT @ 2121: 0.071617709672118
INFO - [G] LONG DT @ 2121: 0.059868907737694
INFO - [G] LONG DT @ 2121: 0.050196766190106
INFO - [G] LONG DT @ 2124: 0.082326110640486
INFO - [G] LONG DT @ 2124: 0.068280128512406
INFO - [G] LONG DT @ 2124: 0.056743342809881
INFO - [G] LONG DT @ 2128: 0.082117738924609
INFO - [G] LONG DT @ 2128: 0.071872931139683
INFO - [G] LONG DT @ 2128: 0.059666044911719
INFO - [G] LONG DT @ 2128: 0.050090475929366
INFO - [G] LONG DT @ 2131: 0.085815861900994
INFO - [G] LONG DT @ 2131: 0.070758049520746
INFO - [G] LONG DT @ 2132: 0.058603459616595
INFO - [G] LONG DT @ 2135: 0.082262425889591
INFO - [G] LONG DT @ 2135: 0.070300060711664
INFO - [G] LONG DT @ 2135: 0.064243088569371
INFO - [G] LONG DT @ 2135: 0.055871930855495
INFO - [G] LONG DT @ 2138: 0.080881318478672
INFO - [G] LONG DT @ 2138: 0.069364574782887
INFO - [G] LONG DT @ 2138: 0.057419119826334
INFO - [G] LONG DT @ 2142: 0.08183576269808
INFO - [G] LONG DT @ 2142: 0.069926410158464
INFO - [G] LONG DT @ 2142: 0.057905908126843
INFO - [G] LONG DT @ 2145: 0.083162221717716
INFO - [G] LONG DT @ 2145: 0.068487477374176
INFO - [G] LONG DT @ 2145: 0.056530261899262
INFO - [G] LONG DT @ 2149: 0.078032757323624
INFO - [G] LONG DT @ 2149: 0.064525585858881
INFO - [G] LONG DT @ 2149: 0.053621048687108
INFO - [G] LONG DT @ 2152: 0.082344627679275
INFO - [G] LONG DT @ 2153: 0.06787274214339
INFO - [G] LONG DT @ 2153: 0.056180473714775
INFO - [G] LONG DT @ 2156: 0.085192334742864
INFO - [G] LONG DT @ 2156: 0.070285527794232
INFO - [G] LONG DT @ 2156: 0.058268582235456
INFO - [G] LONG DT @ 2160: 0.085049426238593
INFO - [G] LONG DT @ 2160: 0.07207840099082
INFO - [G] LONG DT @ 2160: 0.059870060792697
INFO - [G] LONG DT @ 2163: 0.083222949465737
INFO - [G] LONG DT @ 2163: 0.069331119572611
INFO - [G] LONG DT @ 2163: 0.059689095658133
INFO - [G] LONG DT @ 2163: 0.050128076526508
INFO - [G] LONG DT @ 2167: 0.085570879634113
INFO - [G] LONG DT @ 2167: 0.072374443707288
INFO - [G] LONG DT @ 2167: 0.060111434965789
INFO - [G] LONG DT @ 2167: 0.050117147972695
INFO - [G] LONG DT @ 2171: 0.087745871200006
INFO - [G] LONG DT @ 2171: 0.072512856960014
INFO - [G] LONG DT @ 2171: 0.06067814556794
INFO - [G] LONG DT @ 2171: 0.050815396454407
INFO - [G] LONG DT @ 2175: 0.083994408227466
INFO - [G] LONG DT @ 2175: 0.071108546581955
INFO - [G] LONG DT @ 2175: 0.059537837265533
INFO - [G] LONG DT @ 2175: 0.051834269812453
INFO - [G] LONG DT @ 2178: 0.082127853753835
INFO - [G] LONG DT @ 2178: 0.067878023003052
INFO - [G] LONG DT @ 2178: 0.056689338402468
INFO - [G] LONG DT @ 2182: 0.080548176351867
INFO - [G] LONG DT @ 2182: 0.066453181081509
INFO - [G] LONG DT @ 2182: 0.055076404865266
INFO - [G] LONG DT @ 2186: 0.081439563241531
INFO - [G] LONG DT @ 2186: 0.067950490593239
INFO - [G] LONG DT @ 2186: 0.056840672474645
INFO - [G] LONG DT @ 2189: 0.079476231758954
INFO - [G] LONG DT @ 2189: 0.1
INFO - [G] LONG DT @ 2189: 0.082088079999976
INFO - [G] LONG DT @ 2189: 0.067725983999957
INFO - [G] LONG DT @ 2189: 0.05630536720002
INFO - [G] LONG DT @ 2193: 0.084283764702816
INFO - [G] LONG DT @ 2193: 0.069777571762267
INFO - [G] LONG DT @ 2193: 0.058342657409748
INFO - [G] LONG DT @ 2196: 0.083375312881756
INFO - [G] LONG DT @ 2196: 0.06905115030537
INFO - [G] LONG DT @ 2196: 0.057303340244334
INFO - [G] LONG DT @ 2199: 0.086112886667123
INFO - [G] LONG DT @ 2199: 0.074573349333684
INFO - [G] LONG DT @ 2199: 0.061751679466915
INFO - [G] LONG DT @ 2199: 0.051625983573609
INFO - [G] LONG DT @ 2203: 0.084161054688758
INFO - [G] LONG DT @ 2203: 0.072258243751044
INFO - [G] LONG DT @ 2203: 0.062253595000817
INFO - [G] LONG DT @ 2203: 0.055960116000647
INFO - [G] LONG DT @ 2203: 0.051099172800536
INFO - [G] LONG DT @ 2207: 0.085350082847112
INFO - [G] LONG DT @ 2207: 0.070283246277664
INFO - [G] LONG DT @ 2207: 0.05839901702221
INFO - [G] LONG DT @ 2211: 0.08475271521622
INFO - [G] LONG DT @ 2211: 0.070350572172954
INFO - [G] LONG DT @ 2211: 0.058641317738408
INFO - [G] LONG DT @ 2215: 0.083556023740584
INFO - [G] LONG DT @ 2215: 0.06893995899245
INFO - [G] LONG DT @ 2215: 0.057315107193953
INFO - [G] LONG DT @ 2219: 0.08561014365931
INFO - [G] LONG DT @ 2219: 0.072733434927421
INFO - [G] LONG DT @ 2219: 0.060448767941971
INFO - [G] LONG DT @ 2219: 0.050542174353581
INFO - [G] LONG DT @ 2222: 0.085874436657868
INFO - [G] LONG DT @ 2222: 0.071003909326311
INFO - [G] LONG DT @ 2222: 0.059231547461027
INFO - [G] LONG DT @ 2225: 0.083505620384353
INFO - [G] LONG DT @ 2226: 0.068849396307447
INFO - [G] LONG DT @ 2226: 0.057400397045982
INFO - [G] LONG DT @ 2229: 0.083833375566714
INFO - [G] LONG DT @ 2229: 0.071330860453374
INFO - [G] LONG DT @ 2229: 0.061936328362664
INFO - [G] LONG DT @ 2229: 0.051510382690141
INFO - [G] LONG DT @ 2233: 0.085372734521041
INFO - [G] LONG DT @ 2233: 0.070378447616835
INFO - [G] LONG DT @ 2233: 0.058507458093416
INFO - [G] LONG DT @ 2237: 0.083212997603218
INFO - [G] LONG DT @ 2237: 0.069055678082594
INFO - [G] LONG DT @ 2237: 0.057262182466106
INFO - [G] LONG DT @ 2241: 0.087371547765738
INFO - [G] LONG DT @ 2241: 0.076770078212641
INFO - [G] LONG DT @ 2241: 0.062320342570054
INFO - [G] LONG DT @ 2241: 0.05082099405609
INFO - [G] LONG DT @ 2242: 0.093788976315898
INFO - [G] LONG DT @ 2242: 0.07802108105273
INFO - [G] LONG DT @ 2242: 0.06534234484216
INFO - [G] LONG DT @ 2242: 0.05320931587374
