INFO - [♥] Lovely 0.7.1
INFO - [♥] Game directory is at "C:\\Program Files (x86)\\Steam\\steamapps\\common\\Balatro"
INFO - [♥] Writing logs to "C:\\Users\\Administrator\\AppData\\Roaming\\Balatro\\Mods\\lovely\\log"
INFO - [♥] Using mod directory at "C:\\Users\\Administrator\\AppData\\Roaming\\Balatro\\Mods"
INFO - [♥] Found .lovelyignore in 'SakashimaJoker', skipping it.
INFO - [♥] Cleaning up dumps directory at "C:\\Users\\Administrator\\AppData\\Roaming\\Balatro\\Mods\\lovely\\dump"
INFO - [♥] Initialization complete in 24ms
INFO - [♥] Applied 12 patches to 'main.lua'
INFO - [♥] Applied 5 patches to 'engine/controller.lua'
INFO - [♥] Applied 13 patches to 'back.lua'
INFO - [♥] Applied 6 patches to 'tag.lua'
INFO - [♥] Applied 1 patch to 'engine/moveable.lua'
INFO - [♥] Applied 2 patches to 'engine/sprite.lua'
INFO - [♥] Applied 2 patches to 'engine/animatedsprite.lua'
INFO - [♥] Applied 44 patches to 'functions/misc_functions.lua'
INFO - [♥] Applied 24 patches to 'game.lua'
INFO - [♥] Applied 1 patch to 'globals.lua'
INFO - [♥] Applied 3 patches to 'engine/ui.lua'
INFO - [♥] Applied 72 patches to 'functions/UI_definitions.lua'
INFO - [♥] Applied 39 patches to 'functions/state_events.lua'
INFO - [♥] Applied 86 patches to 'functions/common_events.lua'
INFO - [♥] Applied 38 patches to 'functions/button_callbacks.lua'
INFO - [♥] Applied 141 patches to 'card.lua'
INFO - [♥] Applied 6 patches to 'cardarea.lua'
INFO - [♥] Applied 30 patches to 'blind.lua'
INFO - [♥] Applied 2 patches to 'engine/text.lua'
INFO - [G] Failed to connect to the debug server
INFO - [G] 2025-03-02 06:25:23 :: DEBUG :: DebugConsole :: Steamodded Debug Socket started !
INFO - [♥] Applied 9 patches to 'engine/sound_manager.lua'
INFO - [♥] Applied 1 patch to 'engine/save_manager.lua'
INFO - [G] 2025-03-02 06:25:24 :: ERROR :: Loader :: Found invalid metadata JSON file at C:\Users\Administrator\AppData\Roaming\Balatro\Mods/.vscode/settings.json, ignoring: [SMODS _ "src/loader.lua"]:226: id
INFO - [G] 2025-03-02 06:25:24 :: TRACE :: Loader :: Processing Mod file (Legacy header): 0Bilitro.lua
INFO - [G] 2025-03-02 06:25:24 :: TRACE :: Loader :: Saving Mod Info: 0Bilitro
INFO - [G] 2025-03-02 06:25:24 :: ERROR :: Loader :: Found invalid metadata JSON file at C:\Users\Administrator\AppData\Roaming\Balatro\Mods/Aura/.vscode/settings.json, ignoring: [SMODS _ "src/loader.lua"]:226: id
INFO - [G] 2025-03-02 06:25:24 :: TRACE :: Loader :: Processing Mod file (Legacy header): Aura.lua
INFO - [G] 2025-03-02 06:25:24 :: TRACE :: Loader :: Saving Mod Info: Aura
INFO - [G] 2025-03-02 06:25:24 :: TRACE :: Loader :: Processing Mod file (Legacy header): PreorderCards.lua
INFO - [G] 2025-03-02 06:25:24 :: TRACE :: Loader :: Saving Mod Info: preorder_cards
INFO - [G] 2025-03-02 06:25:24 :: TRACE :: Loader :: Processing Mod file (Legacy header): SakashimaJoker.lua
INFO - [G] 2025-03-02 06:25:24 :: TRACE :: Loader :: Saving Mod Info: SakashimaJoker
INFO - [G] Picture dimensions: 138 x 186
INFO - [G] Number of animation frames: 8
INFO - [G] Comment inside this GIF: Created with Paint.NET
INFO - [G] 2025-03-02 06:25:24 :: TRACE :: Loader :: Mod SakashimaJoker was unable to load: 
INFO - [G] 2025-03-02 06:25:24 :: INFO  :: TIMER :: [0000] Injected Language in 0.002 ms
INFO - [G] 2025-03-02 06:25:24 :: INFO  :: TIMER :: [0000] Injected [INTERNAL] in 0.935 ms
INFO - [G] mod_tags
INFO - [G] achievements
INFO - [G] aura_j_joker
INFO - [G] aura_j_greedy_joker
INFO - [G] aura_j_lusty_joker
INFO - [G] aura_j_wrathful_joker
INFO - [G] aura_j_gluttenous_joker
INFO - [G] aura_j_dusk
INFO - [G] aura_j_raised_fist
INFO - [G] aura_j_hack
INFO - [G] aura_j_scholar
INFO - [G] aura_j_blackboard
INFO - [G] aura_j_sixth_sense
INFO - [G] aura_j_sixth_sense_extra
INFO - [G] aura_j_constellation
INFO - [G] aura_j_faceless
INFO - [G] line not found
INFO - [G] file not found: main.lua: No such file or directory
INFO - [G] file not found: main.lua: No such file or directory
INFO - [G] file not found: main.lua: No such file or directory
INFO - [G] 2025-03-02 06:25:25 :: ERROR :: StackTrace :: Oops! The game crashed
[SMODS 0Bilitro "0Bilitro.lua"]:872: Could not open file C:/Users/Administrator/AppData/Roaming/Balatro/Mods/0Bilitro/aPngImage.png (filename is illegal or insecure)
Stack Traceback
===============
(1) Lua local 'handler' at file 'main.lua:612'
	Local variables:
	 msg = string: "[SMODS 0Bilitro \"0Bilitro.lua\"]:872: Could not open file C:/Users/Administrator/AppData/Roaming/Balatro/Mods/0Bilitro/aPngImage.png (filename is illegal or insecure)"
	 (*temporary) = Lua function '?' (defined at line 31 of chunk [SMODS _ "src/logging.lua"])
	 (*temporary) = string: "Oops! The game crashed\
"
(2) LÖVE function at file 'boot.lua:352' (best guess)
	Local variables:
	 errhand = Lua function '?' (defined at line 598 of chunk main.lua)
	 handler = Lua function '?' (defined at line 598 of chunk main.lua)
(3) method C function 'encode'
(4) Lua method 'inject' at file '0Bilitro.lua:872' (from mod with id 0Bilitro)
	Local variables:
	 self = table: 0x36c9a588  {pixel_map:table: 0x36b66428, _saved_d_u:true, original_key:j_faceless, px:71 (more...)}
	 pixel_array = table: 0x36b66428  {1:table: 0x36fac0a0, 2:table: 0x36fc5d10, 3:table: 0x36e59be8, 4:table: 0x36e6bdf8 (more...)}
	 image = ImageData: 0x0215522d1af0
(5) Lua method 'inject_class' at Steamodded file 'src/game_object.lua:182' 
	Local variables:
	 self = table: 0x36d4aca8  {required_params:table: 0x36bdb1c8, pre_inject_class:function: 0x36c376e0 (more...)}
	 inject_time = number: 0.426093
	 start_time = number: 7.57832
	 end_time = number: 7.57832
	 o = table: 0x36c9a588  {pixel_map:table: 0x36b66428, _saved_d_u:true, original_key:j_faceless, px:71 (more...)}
	 (for generator) = C function: builtin#6
	 (for state) = table: 0x36d4ac80  {1:mod_tags, 2:achievements, 3:aura_j_joker, 4:aura_j_greedy_joker, 5:aura_j_lusty_joker (more...)}
	 (for control) = number: 16
	 i = number: 16
	 key = string: "aura_j_faceless"
(6) Lua field 'injectObjects' at Steamodded file 'src/game_object.lua:256' 
	Local variables:
	 class = table: 0x36d4aca8  {required_params:table: 0x36bdb1c8, pre_inject_class:function: 0x36c376e0 (more...)}
(7) Lua field 'injectObjects' at Steamodded file 'src/game_object.lua:258' 
	Local variables:
	 class = table: 0x36d4aa28  {check_duplicate_register:function: 0x36a3bb30, check_duplicate_key:function: 0x36ae49c0 (more...)}
	 (for generator) = C function: builtin#6
	 (for state) = table: 0x36d4aa50  {1:table: 0x36d4ab18, 2:table: 0x36d4abe0, 3:table: 0x36d4aca8, 4:table: 0x36d4afd0 (more...)}
	 (for control) = number: 3
	 _ = number: 3
	 subclass = table: 0x36d4aca8  {required_params:table: 0x36bdb1c8, pre_inject_class:function: 0x36c376e0 (more...)}
(8) Lua field 'injectItems' at Steamodded file 'src/loader.lua:608' 
(9) Lua global 'initSteamodded' at Steamodded file 'src/loader.lua:658' 
(10) Lua method 'start_up' at file 'game.lua:211'
	Local variables:
	 self = table: 0x369b5258  {SPEEDFACTOR:1, F_GUIDE:false, keybind_mapping:table: 0x369c0250, F_CRASH_REPORTS:false (more...)}
	 settings = string: "return {[\"version\"]=\"1.0.1o-FULL\",[\"reduced_motion\"]=false,[\"paused\"]=true,[\"QUEUED_CHANGE\"]={},[\"COMP\"]={[\"prev_name\"]=\"\",[\"name\"]=\"\",[\"score\"]=899712,},[\"colourblind_option\"]=false,[\"play_button_pos\"]=2,[\"CUSTOM_DECK\"]={[\"Collabs\"]={[\"Spades\"]=\"default_Spades\",[\"Hearts\"]=\"default_Hearts\",[\"Diamonds\"]=\"default_Diamonds\",[\"Clubs\"]=\"default_Clubs\",},},[\"colour_palettes\"]={[\"Spades\"]=\"lc\",[\"Hearts\"]=\"lc\",[\"Diamonds\"]=\"lc\",[\"Clubs\"]=\"lc\",},[\"crashreports\"]=false,[\"tutorial_progress\"]={[\"hold_parts\"]={[\"first_hand_3\"]=true,[\"small_blind\"]=true,[\"big_blind\"]=true,[\"first_hand_4\"]=true,[\"second_hand\"]=true,[\"shop_1\"]=true,[\"first_hand_2\"]=true,[\"first_hand\"]=true,},[\"section\"]=\"second_hand\",[\"completed_parts\"]={[\"first_hand\"]=true,[\"first_hand_3\"]=true,[\"small_blind\"]=true,[\"big_blind\"]=true,[\"first_hand_4\"]=true,[\"shop_1\"]=true,[\"first_hand_section\"]=true,[\"first_hand_2\"]=true,[\"second_hand\"]=true,},},[\"language\"]=\"en-us\",[\"tutorial_complete\"]=true,[\"WINDOW\"]={[\"vsync\"]=1,[\"display_names\"]={[1]=\"1\",},[\"screenmode\"]=\"Borderless\",[\"DISPLAYS\"]={[1]={[\"screen_resolutions\"]={[\"strings\"]={[1]=\"1920 X 1080\",},[\"values\"]={[1]={[\"w\"]=1920,[\"h\"]=1080,},},},[\"screen_res\"]={[\"w\"]=1920,[\"h\"]=1080,},[\"DPI_scale\"]=1,[\"MONITOR_DIMS\"]={[\"height\"]=1080,[\"width\"]=1920,},},},[\"selected_display\"]=1,},[\"run_stake_stickers\"]=true,[\"GAMESPEED\"]=4,[\"SOUND\"]={[\"volume\"]=50,[\"music_volume\"]=0,[\"game_sounds_volume\"]=100,},[\"music_control\"]={[\"current_track\"]=\"\",[\"desired_track\"]=\"\",[\"lerp\"]=1,},[\"ACHIEVEMENTS_EARNED\"]={[\"card_discarder\"]=true,[\"big_hands\"]=true,[\"retrograde\"]=true,[\"roi\"]=true,[\"_100000k\"]=true,[\"cartomancy\"]=true,[\"flushed\"]=true,[\"mid_stakes\"]=true,[\"heads_up\"]=true,[\"low_stakes\"]=true,[\"astronomy\"]=true,[\"ante_upper\"]=true,[\"_1000k\"]=true,[\"rule_bender\"]=true,[\"nest_egg\"]=true,[\"_10k\"]=true,[\"extreme_couponer\"]=true,[\"royale\"]=true,[\"legendary\"]=true,[\"speedrunner\"]=true,[\"clairvoyance\"]=true,[\"ante_up\"]=true,[\"card_player\"]=true,},[\"screenshake\"]=50.3125,[\"current_setup\"]=\"New Run\",[\"profile\"]=1,[\"ambient_control\"]={[\"ambientFire1\"]={[\"per\"]=1.1,[\"vol\"]=0,},[\"ambientOrgan1\"]={[\"per\"]=0.7,[\"vol\"]=0,},[\"ambientFire2\"]={[\"per\"]=1.05,[\"vol\"]=0,},[\"ambientFire3\"]={[\"per\"]=1,[\"vol\"]=0,},},[\"DEMO\"]={[\"win_CTA_shown\"]=true,[\"quit_CTA_shown\"]=true,[\"timed_CTA_shown\"]=true,[\"total_uptime\"]=5.0226841372162,},[\"GRAPHICS\"]={[\"texture_scaling\"]=2,[\"crt\"]=0,[\"shadows\"]=\"On\",[\"bloom\"]=1,},}"
	 settings_ver = nil
	 new_colour_proto = table: 0x369bd770  {Spades:table: 0x369bd9f8, Hearts:table: 0x369bd868, Diamonds:table: 0x369bd920 (more...)}
	 sound_files = table: 0x36c50278  {1:ambientFire1.ogg, 2:ambientFire2.ogg, 3:ambientFire3.ogg, 4:ambientOrgan1.ogg (more...)}
	 shader_files = table: 0x36b2d280  {1:CRT.fs, 2:background.fs, 3:booster.fs, 4:debuff.fs, 5:dissolve.fs, 6:flame.fs (more...)}
(11) Lua field 'load' at file 'main.lua:945'
(12) Lua function '?' at file 'main.lua:892' (best guess)
(13) global C function 'xpcall'
(14) LÖVE function at file 'boot.lua:368' (best guess)
	Local variables:
	 result = boolean: true
	 main = nil
(15) global C function 'xpcall'
(16) LÖVE function at file 'boot.lua:377' (best guess)
	Local variables:
	 func = Lua function '(LÖVE Function)' (defined at line 355 of chunk [love "boot.lua"])
	 inerror = boolean: true
	 deferErrhand = Lua function '(LÖVE Function)' (defined at line 348 of chunk [love "boot.lua"])
	 earlyinit = Lua function '(LÖVE Function)' (defined at line 355 of chunk [love "boot.lua"])

INFO - [G] file not found: main.lua: No such file or directory
INFO - [G] 2025-03-02 06:25:25 :: INFO  :: StackTrace :: Additional Context:
Balatro Version: 1.0.1o-FULL
Modded Version: 1.0.0~ALPHA-1409a-STEAMODDED
LÖVE Version: 11.5.0
Lovely Version: 0.7.1
Platform: Windows
Steamodded Mods:
    1: Aura by MathIsFun_, ChromaPIE, Bard, Grassy311, RattlingSnow353, Solace, RadicaAprils, chloe_cromslor [ID: Aura, Version: 0.023, Uses Lovely]
    2: Preorder Cards by asd123cqp [ID: preorder_cards]
    3: 0Bilitro by BitBites [ID: 0Bilitro]
Lovely Mods:
