INFO - [♥] Lovely 0.7.1
INFO - [♥] Game directory is at "C:\\Program Files (x86)\\Steam\\steamapps\\common\\Balatro"
INFO - [♥] Writing logs to "C:\\Users\\Administrator\\AppData\\Roaming\\Balatro\\Mods\\lovely\\log"
INFO - [♥] Using mod directory at "C:\\Users\\Administrator\\AppData\\Roaming\\Balatro\\Mods"
INFO - [♥] Cleaning up dumps directory at "C:\\Users\\Administrator\\AppData\\Roaming\\Balatro\\Mods\\lovely\\dump"
INFO - [♥] Initialization complete in 23ms
INFO - [♥] Applied 12 patches to 'main.lua'
INFO - [♥] Applied 5 patches to 'engine/controller.lua'
INFO - [♥] Applied 13 patches to 'back.lua'
INFO - [♥] Applied 6 patches to 'tag.lua'
INFO - [♥] Applied 1 patch to 'engine/moveable.lua'
INFO - [♥] Applied 2 patches to 'engine/sprite.lua'
INFO - [♥] Applied 2 patches to 'engine/animatedsprite.lua'
INFO - [♥] Applied 41 patches to 'functions/misc_functions.lua'
INFO - [♥] Applied 24 patches to 'game.lua'
INFO - [♥] Applied 1 patch to 'globals.lua'
INFO - [♥] Applied 3 patches to 'engine/ui.lua'
INFO - [♥] Applied 72 patches to 'functions/UI_definitions.lua'
INFO - [♥] Applied 39 patches to 'functions/state_events.lua'
INFO - [♥] Applied 86 patches to 'functions/common_events.lua'
INFO - [♥] Applied 38 patches to 'functions/button_callbacks.lua'
INFO - [♥] Applied 139 patches to 'card.lua'
INFO - [♥] Applied 6 patches to 'cardarea.lua'
INFO - [♥] Applied 30 patches to 'blind.lua'
INFO - [♥] Applied 2 patches to 'engine/text.lua'
INFO - [G] Failed to connect to the debug server
INFO - [G] 2025-02-10 05:42:44 :: DEBUG :: DebugConsole :: Steamodded Debug Socket started !
INFO - [♥] Applied 9 patches to 'engine/sound_manager.lua'
INFO - [♥] Applied 1 patch to 'engine/save_manager.lua'
INFO - [G] 2025-02-10 05:42:46 :: ERROR :: Loader :: Found invalid metadata JSON file at C:\Users\Administrator\AppData\Roaming\Balatro\Mods/.vscode/settings.json, ignoring: [SMODS _ "src/loader.lua"]:226: id
INFO - [G] 2025-02-10 05:42:46 :: TRACE :: Loader :: Processing Mod file (Legacy header): PreorderCards.lua
INFO - [G] 2025-02-10 05:42:46 :: TRACE :: Loader :: Saving Mod Info: preorder_cards
INFO - [G] 2025-02-10 05:42:46 :: TRACE :: Loader :: Processing Mod file (Legacy header): SakashimaJoker.lua
INFO - [G] 2025-02-10 05:42:46 :: TRACE :: Loader :: Saving Mod Info: SakashimaJoker
INFO - [G] 2025-02-10 05:42:46 :: INFO  :: TIMER :: [0000] Injected Language in 0.001 ms
INFO - [G] 2025-02-10 05:42:46 :: INFO  :: TIMER :: [0000] Injected [INTERNAL] in 1.040 ms
INFO - [G] 2025-02-10 05:42:46 :: INFO  :: TIMER :: [0004] Injected Atlas in 533.837 ms
INFO - [G] 2025-02-10 05:42:46 :: INFO  :: TIMER :: [0001] Injected Sound in 0.246 ms
INFO - [G] 2025-02-10 05:42:46 :: INFO  :: TIMER :: [0008] Injected Stake in 0.144 ms
INFO - [G] 2025-02-10 05:42:46 :: INFO  :: TIMER :: [0004] Injected Rarity in 0.015 ms
INFO - [G] 2025-02-10 05:42:46 :: INFO  :: TIMER :: [0004] Injected ObjectType in 0.033 ms
INFO - [G] 2025-02-10 05:42:46 :: INFO  :: TIMER :: [0049] Injected Center in 0.412 ms
INFO - [G] 2025-02-10 05:42:46 :: INFO  :: TIMER :: [0007] Injected Undiscovered Sprite in 0.014 ms
INFO - [G] 2025-02-10 05:42:46 :: INFO  :: TIMER :: [0002] Injected Blind in 0.012 ms
INFO - [G] 2025-02-10 05:42:46 :: INFO  :: TIMER :: [0004] Injected Seal in 0.118 ms
INFO - [G] 2025-02-10 05:42:47 :: INFO  :: TIMER :: [0004] Injected Suit in 0.071 ms
INFO - [G] 2025-02-10 05:42:47 :: INFO  :: TIMER :: [0013] Injected Rank in 0.082 ms
INFO - [G] 2025-02-10 05:42:47 :: INFO  :: TIMER :: [0020] Injected DeckSkin in 0.158 ms
INFO - [G] 2025-02-10 05:42:47 :: INFO  :: TIMER :: [0012] Injected PokerHand in 0.143 ms
INFO - [G] 2025-02-10 05:42:47 :: INFO  :: TIMER :: [0020] Injected Challenge in 0.110 ms
INFO - [G] 2025-02-10 05:42:47 :: INFO  :: TIMER :: [0000] Injected Tag in 0.002 ms
INFO - [G] 2025-02-10 05:42:47 :: INFO  :: TIMER :: [0004] Injected Sticker in 0.303 ms
INFO - [G] 2025-02-10 05:42:47 :: INFO  :: TIMER :: [0000] Injected Shader in 0.002 ms
INFO - [G] 2025-02-10 05:42:47 :: INFO  :: TIMER :: [0001] Injected Keybind in 0.012 ms
INFO - [G] 2025-02-10 05:42:47 :: INFO  :: TIMER :: [0000] Injected Achievement in 0.039 ms
INFO - [G] 2025-02-10 05:42:47 :: INFO  :: TIMER :: [0000] Injected [INTERNAL] in 0.493 ms
INFO - [G] LONG DT @ 12: 0.064810914835219
INFO - [G] LONG DT @ 12: 0.052342771868176
INFO - [G] LONG DT @ 17: 0.068715411141604
INFO - [G] LONG DT @ 17: 0.058558048913283
INFO - [G] LONG DT @ 17: 0.061504563304501
INFO - [G] LONG DT @ 17: 0.052172970643601
INFO - [G] LONG DT @ 66: 0.076166817774077
INFO - [G] LONG DT @ 67: 0.06411205421926
INFO - [G] LONG DT @ 67: 0.052586183375409
INFO - [G] LONG DT @ 183: 0.053804498744446
INFO - [G] line not found
INFO - [G] file not found: main.lua: No such file or directory
INFO - [G] file not found: main.lua: No such file or directory
INFO - [G] line not found
INFO - [G] line not found
INFO - [G] line not found
INFO - [G] line not found
INFO - [G] file not found: main.lua: No such file or directory
INFO - [G] file not found: main.lua: No such file or directory
INFO - [G] 2025-02-10 05:46:20 :: ERROR :: StackTrace :: Oops! The game crashed
[SMODS SakashimaJoker "SakashimaJoker.lua"]:371: attempt to index local 'poker_hands' (a nil value)
Stack Traceback
===============
(1) Lua local 'handler' at file 'main.lua:612'
	Local variables:
	 msg = string: "[SMODS SakashimaJoker \"SakashimaJoker.lua\"]:371: attempt to index local 'poker_hands' (a nil value)"
	 (*temporary) = Lua function '?' (defined at line 31 of chunk [SMODS _ "src/logging.lua"])
	 (*temporary) = string: "Oops! The game crashed\
"
(2) LÖVE metamethod at file 'boot.lua:352'
	Local variables:
	 errhand = Lua function '?' (defined at line 598 of chunk main.lua)
	 handler = Lua function '?' (defined at line 598 of chunk main.lua)
(3) Lua local 'value' at file 'SakashimaJoker.lua:371' (from mod with id SakashimaJoker)
	Local variables:
	 poker_hands = nil
	 (*temporary) = C function: next
	 (*temporary) = string: "Straight"
	 (*temporary) = string: "attempt to index local 'poker_hands' (a nil value)"
(4) Lua function '?' at file 'SakashimaJoker.lua:333' (from mod with id SakashimaJoker) (best guess)
	Local variables:
	 value = Lua function '?' (defined at line 484 of chunk [SMODS SakashimaJoker "SakashimaJoker.lua"])
	 (*temporary) = Lua function '?' (defined at line 331 of chunk [SMODS SakashimaJoker "SakashimaJoker.lua"])
(5) Lua function '?' at file 'SakashimaJoker.lua:348' (from mod with id SakashimaJoker) (best guess)
(6) Lua method 'calculate' at file 'SakashimaJoker.lua:1133' (from mod with id SakashimaJoker)
	Local variables:
	 self = table: 0x1429b3c8  {alerted:true, loc_vars:function: 0x147605d8, _saved_d_u:true, original_key:Sakashima (more...)}
	 card = table: 0x144c4280  {click_offset:table: 0x144c63f8, static_rotation:false, ambient_tilt:0.2 (more...)}
	 context = table: 0x148b67f8  {main_eval:true, blind:table: 0x146b7f10, cardarea:table: 0x14406848, setting_blind:true (more...)}
	 fr = nil
	 (for index) = number: 3
	 (for limit) = number: 3
	 (for step) = number: 1
	 j = number: 3
	 name = string: "Crazy Joker"
	 status_text = nil
(7) Lua method 'calculate_joker' at file 'card.lua:2457'
	Local variables:
	 self = table: 0x144c4280  {click_offset:table: 0x144c63f8, static_rotation:false, ambient_tilt:0.2 (more...)}
	 context = table: 0x148b67f8  {main_eval:true, blind:table: 0x146b7f10, cardarea:table: 0x14406848, setting_blind:true (more...)}
	 obj = table: 0x1429b3c8  {alerted:true, loc_vars:function: 0x147605d8, _saved_d_u:true, original_key:Sakashima (more...)}
(8) Lua global 'eval_card' at file 'functions/common_events.lua:707'
	Local variables:
	 card = table: 0x144c4280  {click_offset:table: 0x144c63f8, static_rotation:false, ambient_tilt:0.2 (more...)}
	 context = table: 0x148b67f8  {main_eval:true, blind:table: 0x146b7f10, cardarea:table: 0x14406848, setting_blind:true (more...)}
	 ret = table: 0x148b6820  {}
	 post_trig = table: 0x14597bd0  {}
	 areas = table: 0x145d4468  {1:table: 0x14406848, 2:table: 0x1421a110, 3:table: 0x143d1450}
	 area_set = table: 0x14597bf8  {table: 0x1421a110:true, table: 0x14406848:true, table: 0x143d1450:true (more...)}
(9) Lua field 'calculate_context' at Steamodded file 'src/utils.lua:1337' 
	Local variables:
	 context = table: 0x148b67f8  {main_eval:true, blind:table: 0x146b7f10, cardarea:table: 0x14406848, setting_blind:true (more...)}
	 return_table = nil
	 (for generator) = C function: builtin#6
	 (for state) = table: 0x1466c5f8  {1:table: 0x14406848, 2:table: 0x1421a110, 3:table: 0x143d1450}
	 (for control) = number: 1
	 _ = number: 1
	 area = table: 0x14406848  {click_offset:table: 0x145d7760, children:table: 0x1447d8b8, shuffle_amt:0 (more...)}
	 (for generator) = C function: builtin#6
	 (for state) = table: 0x1447d890  {1:table: 0x144c4280}
	 (for control) = number: 1
	 _ = number: 1
	 _card = table: 0x144c4280  {click_offset:table: 0x144c63f8, static_rotation:false, ambient_tilt:0.2 (more...)}
(10) Lua field 'func' at file 'functions/state_events.lua:275'
	Local variables:
	 chaos = table: 0x148dff38  {}
	 blhash = string: "S"
(11) Lua method 'handle' at file 'engine/event.lua:99'
	Local variables:
	 self = table: 0x14b390d0  {start_timer:true, timer:TOTAL, blockable:true, trigger:immediate, func:function: 0x14bf7790 (more...)}
	 _results = table: 0x144b9460  {blocking:true, pause_skip:false, time_done:false, completed:false}
(12) Lua method 'update' at file 'engine/event.lua:182'
	Local variables:
	 self = table: 0x1475f6f8  {queue_last_processed:212.03333333339, queues:table: 0x1475f720, queue_dt:0.016666666666667 (more...)}
	 dt = number: 0.0165637
	 forced = nil
	 (for generator) = C function: next
	 (for state) = table: 0x1475f720  {unlock:table: 0x1475f748, other:table: 0x1475fbc0, tutorial:table: 0x1475f798 (more...)}
	 (for control) = number: nan
	 k = string: "base"
	 v = table: 0x1475f770  {1:table: 0x143ed8b8, 2:table: 0x14b390d0, 3:table: 0x1503dc78, 4:table: 0x1465a7a0 (more...)}
	 blocked = boolean: false
	 i = number: 2
	 results = table: 0x144b9460  {blocking:true, pause_skip:false, time_done:false, completed:false}
(13) Lua upvalue 'gameUpdateRef' at file 'game.lua:2524'
	Local variables:
	 self = table: 0x14123018  {F_GUIDE:false, F_CRASH_REPORTS:false, F_QUIT_BUTTON:true, HUD_tags:table: 0x14b5c8b8 (more...)}
	 dt = number: 0.0165637
	 http_resp = nil
(14) Lua method 'update' at Steamodded file 'src/ui.lua:84' 
	Local variables:
	 self = table: 0x14123018  {F_GUIDE:false, F_CRASH_REPORTS:false, F_QUIT_BUTTON:true, HUD_tags:table: 0x14b5c8b8 (more...)}
	 dt = number: 0.0165637
(15) Lua field 'update' at file 'main.lua:992'
	Local variables:
	 dt = number: 0.0165637
(16) Lua function '?' at file 'main.lua:931' (best guess)
(17) global C function 'xpcall'
(18) LÖVE function at file 'boot.lua:377' (best guess)
	Local variables:
	 func = Lua function '?' (defined at line 902 of chunk main.lua)
	 inerror = boolean: true
	 deferErrhand = Lua function '(LÖVE Function)' (defined at line 348 of chunk [love "boot.lua"])
	 earlyinit = Lua function '(LÖVE Function)' (defined at line 355 of chunk [love "boot.lua"])

INFO - [G] line not found
INFO - [G] line not found
INFO - [G] line not found
INFO - [G] line not found
INFO - [G] file not found: main.lua: No such file or directory
INFO - [G] file not found: main.lua: No such file or directory
INFO - [G] 2025-02-10 05:46:20 :: INFO  :: StackTrace :: Additional Context:
Balatro Version: 1.0.1n-FULL
Modded Version: 1.0.0~ALPHA-1409a-STEAMODDED
LÖVE Version: 11.5.0
Lovely Version: 0.7.1
Platform: Windows
Steamodded Mods:
    1: Sakashima Joker by BitBites [ID: SakashimaJoker]
    2: Preorder Cards by asd123cqp [ID: preorder_cards]
Lovely Mods:
