INFO - [♥] Lovely 0.7.1
INFO - [♥] Game directory is at "C:\\Program Files (x86)\\Steam\\steamapps\\common\\Balatro"
INFO - [♥] Writing logs to "C:\\Users\\Administrator\\AppData\\Roaming\\Balatro\\Mods\\lovely\\log"
INFO - [♥] Using mod directory at "C:\\Users\\Administrator\\AppData\\Roaming\\Balatro\\Mods"
INFO - [♥] Found .lovelyignore in 'SakashimaJoker', skipping it.
INFO - [♥] Cleaning up dumps directory at "C:\\Users\\Administrator\\AppData\\Roaming\\Balatro\\Mods\\lovely\\dump"
INFO - [♥] Initialization complete in 302ms
INFO - [♥] Applied 12 patches to 'main.lua'
INFO - [♥] Applied 5 patches to 'engine/controller.lua'
INFO - [♥] Applied 13 patches to 'back.lua'
INFO - [♥] Applied 6 patches to 'tag.lua'
INFO - [♥] Applied 1 patch to 'engine/moveable.lua'
INFO - [♥] Applied 2 patches to 'engine/sprite.lua'
INFO - [♥] Applied 2 patches to 'engine/animatedsprite.lua'
INFO - [♥] Applied 44 patches to 'functions/misc_functions.lua'
INFO - [♥] Applied 29 patches to 'game.lua'
INFO - [♥] Applied 1 patch to 'globals.lua'
INFO - [♥] Applied 3 patches to 'engine/ui.lua'
INFO - [♥] Applied 72 patches to 'functions/UI_definitions.lua'
INFO - [♥] Applied 39 patches to 'functions/state_events.lua'
INFO - [♥] Applied 87 patches to 'functions/common_events.lua'
INFO - [♥] Applied 38 patches to 'functions/button_callbacks.lua'
INFO - [♥] Applied 143 patches to 'card.lua'
INFO - [♥] Applied 6 patches to 'cardarea.lua'
INFO - [♥] Applied 30 patches to 'blind.lua'
INFO - [♥] Applied 2 patches to 'engine/text.lua'
INFO - [G] Failed to connect to the debug server
INFO - [G] 2025-03-06 19:50:16 :: DEBUG :: DebugConsole :: Steamodded Debug Socket started !
INFO - [♥] Applied 9 patches to 'engine/sound_manager.lua'
INFO - [♥] Applied 1 patch to 'engine/save_manager.lua'
INFO - [G] 2025-03-06 19:50:32 :: ERROR :: Loader :: Found invalid metadata JSON file at C:\Users\Administrator\AppData\Roaming\Balatro\Mods/.vscode/settings.json, ignoring: [SMODS _ "src/loader.lua"]:226: id
INFO - [G] 2025-03-06 19:50:32 :: INFO  :: DefaultLogger :: Valid JSON file found
INFO - [G] 2025-03-06 19:50:32 :: ERROR :: Loader :: Found invalid metadata JSON file at C:\Users\Administrator\AppData\Roaming\Balatro\Mods/Aura/.vscode/settings.json, ignoring: [SMODS _ "src/loader.lua"]:226: id
INFO - [G] 2025-03-06 19:50:32 :: TRACE :: Loader :: Processing Mod file (Legacy header): Aura.lua
INFO - [G] 2025-03-06 19:50:32 :: TRACE :: Loader :: Saving Mod Info: Aura
INFO - [G] 2025-03-06 19:50:32 :: TRACE :: Loader :: Processing Mod file (Legacy header): PreorderCards.lua
INFO - [G] 2025-03-06 19:50:32 :: TRACE :: Loader :: Saving Mod Info: preorder_cards
INFO - [G] 2025-03-06 19:50:32 :: INFO  :: DefaultLogger :: Valid JSON file found
INFO - [G] 2025-03-06 19:50:32 :: INFO  :: DefaultLogger :: Valid JSON file found
INFO - [G] 2025-03-06 19:50:32 :: TRACE :: Loader :: Processing Mod file (Legacy header): HentaiCards.lua
INFO - [G] 2025-03-06 19:50:32 :: WARN  :: Loader :: Duplicate Mod ID: HentaiCards
INFO - [G] 2025-03-06 19:50:32 :: TRACE :: Loader :: Processing Mod file (Legacy header): SakashimaJoker.lua
INFO - [G] 2025-03-06 19:50:32 :: TRACE :: Loader :: Saving Mod Info: SakashimaJoker
INFO - [G] 2025-03-06 19:50:32 :: INFO  :: DefaultLogger :: Valid JSON file found
INFO - [G] 2025-03-06 19:50:32 :: TRACE :: Loader :: Processing Mod file (Legacy header): VintagePinupCards.lua
INFO - [G] 2025-03-06 19:50:32 :: TRACE :: Loader :: Saving Mod Info: VintagePinupCards
INFO - [G] 2025-03-06 19:50:33 :: WARN  :: DeckSkin :: Old DeckSkin formatting detected on DeckSkin lust_LuckHearts!
INFO - [G] 2025-03-06 19:50:33 :: WARN  :: DeckSkin :: Old DeckSkin formatting detected on DeckSkin lust_LuckClubs!
INFO - [G] 2025-03-06 19:50:33 :: WARN  :: DeckSkin :: Old DeckSkin formatting detected on DeckSkin lust_LuckDiamonds!
INFO - [G] 2025-03-06 19:50:33 :: WARN  :: DeckSkin :: Old DeckSkin formatting detected on DeckSkin lust_LuckSpades!
INFO - [G] Picture dimensions: 138 x 186
INFO - [G] Number of animation frames: 8
INFO - [G] Comment inside this GIF: Created with Paint.NET
INFO - [G] Picture dimensions: 138 x 186
INFO - [G] Number of animation frames: 1
INFO - [G] Comment inside this GIF: NO_COMMENT
INFO - [G] Picture dimensions: 138 x 186
INFO - [G] Number of animation frames: 9
INFO - [G] Comment inside this GIF: Created with Paint.NET
INFO - [G] 2025-03-06 19:50:33 :: WARN  :: Atlas :: Object centers has the same key as an existing object, not registering.
INFO - [G] 2025-03-06 19:50:33 :: WARN  :: Atlas :: If you want to modify an existing object, use take_ownership()
INFO - [G] soul_atlas
INFO - [G] 2025-03-06 19:50:33 :: TRACE :: Loader :: Mod SakashimaJoker was unable to load: 
INFO - [G] 2025-03-06 19:50:33 :: INFO  :: TIMER :: [0000] Injected Language in 0.001 ms
INFO - [G] 2025-03-06 19:50:33 :: INFO  :: TIMER :: [0000] Injected [INTERNAL] in 1.617 ms
INFO - [G] mod_tags
INFO - [G] achievements
INFO - [G] lust_AltVersions
INFO - [G] Joker
INFO - [G] centers
INFO - [G] lust_editions
INFO - [G] lust_LustTarot
INFO - [G] Booster
INFO - [G] stickers
INFO - [G] shop_sign
INFO - [G] balatro
INFO - [G] lust_modicon
INFO - [G] BalustroIcons
INFO - [G] lust_BalustroPlayingCards
INFO - [G] lust_LuckPlayingCardsLC
INFO - [G] lust_LuckPlayingCardsHC
INFO - [G] bull_wide_card
INFO - [G] aura_j_faceless
INFO - [G] aura_j_seance
INFO - [G] aura_j_juggler
INFO - [G] aura_c_hearts
INFO - [G] aura_c_diamonds
INFO - [G] aura_c_clubs
INFO - [G] aura_c_spades
INFO - [G] aura_goon_icon_heart
INFO - [G] aura_goon_icon_diamond
INFO - [G] aura_goon_icon_club
INFO - [G] aura_goon_icon_spade
INFO - [G] FHC_hentai_cards_deck_lc
INFO - [G] FHC_hentai_cards_deck_hc
INFO - [G] Tarot
INFO - [G] Planet
INFO - [G] Spectral
INFO - [G] soul_atlas
INFO - [G] StickfaceNSFW_8BitDeck_opt2
INFO - [G] StickfaceNSFW_8BitDeck
INFO - [G] StickfaceNSFW_icon_lc
INFO - [G] StickfaceNSFW_icon_hc
INFO - [G] vintage_pinup_cards
INFO - [G] 2025-03-06 19:50:34 :: INFO  :: TIMER :: [0039] Injected Atlas in 1120.851 ms
INFO - [G] 2025-03-06 19:50:34 :: INFO  :: TIMER :: [0053] Injected Sound in 5.133 ms
INFO - [G] 2025-03-06 19:50:34 :: INFO  :: TIMER :: [0008] Injected Stake in 0.203 ms
INFO - [G] 2025-03-06 19:50:34 :: INFO  :: TIMER :: [0004] Injected Rarity in 0.025 ms
INFO - [G] 2025-03-06 19:50:34 :: INFO  :: TIMER :: [0004] Injected ObjectType in 0.111 ms
INFO - [G] 2025-03-06 19:50:34 :: INFO  :: TIMER :: [0212] Injected Center in 2.273 ms
INFO - [G] 2025-03-06 19:50:34 :: INFO  :: TIMER :: [0007] Injected Undiscovered Sprite in 0.013 ms
INFO - [G] 2025-03-06 19:50:34 :: INFO  :: TIMER :: [0002] Injected Blind in 0.018 ms
INFO - [G] 2025-03-06 19:50:34 :: INFO  :: TIMER :: [0004] Injected Seal in 0.104 ms
INFO - [G] 2025-03-06 19:50:34 :: INFO  :: TIMER :: [0004] Injected Suit in 0.058 ms
INFO - [G] 2025-03-06 19:50:34 :: INFO  :: TIMER :: [0013] Injected Rank in 0.083 ms
INFO - [G] 2025-03-06 19:50:34 :: INFO  :: TIMER :: [0052] Injected DeckSkin in 0.285 ms
INFO - [G] 2025-03-06 19:50:34 :: INFO  :: TIMER :: [0012] Injected PokerHand in 0.042 ms
INFO - [G] 2025-03-06 19:50:34 :: INFO  :: TIMER :: [0020] Injected Challenge in 0.027 ms
INFO - [G] 2025-03-06 19:50:34 :: INFO  :: TIMER :: [0000] Injected Tag in 0.002 ms
INFO - [G] 2025-03-06 19:50:34 :: INFO  :: TIMER :: [0004] Injected Sticker in 0.069 ms
INFO - [G] 2025-03-06 19:50:34 :: INFO  :: TIMER :: [0000] Injected Shader in 0.002 ms
INFO - [G] 2025-03-06 19:50:34 :: INFO  :: TIMER :: [0001] Injected Keybind in 0.012 ms
INFO - [G] 2025-03-06 19:50:34 :: INFO  :: TIMER :: [0000] Injected Achievement in 0.021 ms
INFO - [G] 2025-03-06 19:50:34 :: INFO  :: TIMER :: [0000] Injected [INTERNAL] in 1.961 ms
INFO - [G] LONG DT @ 12: 0.1
INFO - [G] LONG DT @ 12: 0.08051338
INFO - [G] LONG DT @ 12: 0.064700604
INFO - [G] LONG DT @ 12: 0.0534911432
INFO - [G] ERROR LOADING GAME: Card area 'shop_booster' not instantiated before load
INFO - [G] ERROR LOADING GAME: Card area 'shop_jokers' not instantiated before load
INFO - [G] ERROR LOADING GAME: Card area 'shop_vouchers' not instantiated before load
INFO - [G] LONG DT @ 19: 0.1
INFO - [G] LONG DT @ 19: 0.08130442
INFO - [G] LONG DT @ 19: 0.065874555999999
INFO - [G] LONG DT @ 19: 0.0536435448
INFO - [G] line not found
INFO - [G] file not found: main.lua: No such file or directory
INFO - [G] file not found: main.lua: No such file or directory
INFO - [G] file not found: main.lua: No such file or directory
INFO - [G] file not found: main.lua: No such file or directory
INFO - [G] 2025-03-06 19:51:58 :: ERROR :: StackTrace :: Oops! The game crashed
[SMODS 0Bullitro "0Bullitro.lua"]:1026: attempt to index field 'base' (a nil value)
Stack Traceback
===============
(1) Lua local 'handler' at file 'main.lua:612'
	Local variables:
	 msg = string: "[SMODS 0Bullitro \"0Bullitro.lua\"]:1026: attempt to index field 'base' (a nil value)"
	 (*temporary) = Lua function '?' (defined at line 31 of chunk [SMODS _ "src/logging.lua"])
	 (*temporary) = string: "Oops! The game crashed\
"
(2) LÖVE metamethod at file 'boot.lua:352'
	Local variables:
	 errhand = Lua function '?' (defined at line 598 of chunk main.lua)
	 handler = Lua function '?' (defined at line 598 of chunk main.lua)
(3) Lua method 'set_ability' at file '0Bullitro.lua:1026' (from mod with id 0Bullitro)
	Local variables:
	 self = table: 0x1d052598  {order:10, calculate:function: 0x1ccef788, _discovered_unlocked_overwritten:true (more...)}
	 card = table: 0x1d6ce3e0  {click_offset:table: 0x1cfae7b0, children:table: 0x1d340cd0, ambient_tilt:0.2 (more...)}
	 initial = boolean: true
	 delay_sprites = nil
	 (*temporary) = nil
	 (*temporary) = -wan  {value:-wan}
	 (*temporary) = string: "attempt to index field 'base' (a nil value)"
(4) Lua method 'set_ability' at file 'card.lua:416'
	Local variables:
	 self = table: 0x1d6ce3e0  {click_offset:table: 0x1cfae7b0, children:table: 0x1d340cd0, ambient_tilt:0.2 (more...)}
	 center = table: 0x1d052598  {order:10, calculate:function: 0x1ccef788, _discovered_unlocked_overwritten:true (more...)}
	 initial = boolean: true
	 delay_sprites = nil
	 X = number: 4.85732
	 Y = number: 8.88634
	 W = number: 2.04878
	 H = number: 2.75122
	 old_center = table: 0x1d052598  {order:10, calculate:function: 0x1ccef788, _discovered_unlocked_overwritten:true (more...)}
	 new_ability = table: 0x1cb2fcc8  {h_mult:0, mult:0, t_mult:0, h_dollars:0, set:Enhanced, x_mult:1, order:10 (more...)}
	 reset_keys = table: 0x1d75b280  {1:name, 2:effect, 3:set, 4:extra, 5:played_this_ante}
	 obj = table: 0x1d052598  {order:10, calculate:function: 0x1ccef788, _discovered_unlocked_overwritten:true (more...)}
(5) Lua upvalue 'card_init' at file 'card.lua:45'
	Local variables:
	 self = table: 0x1d6ce3e0  {click_offset:table: 0x1cfae7b0, children:table: 0x1d340cd0, ambient_tilt:0.2 (more...)}
	 X = number: 4.85732
	 Y = number: 8.88634
	 W = number: 2.04878
	 H = number: 2.75122
	 card = table: 0x1cce02c0  {lc_atlas:cards_1, pos:table: 0x1ca924b0, value:Jack, hc_atlas:cards_2, name:Jack of Clubs (more...)}
	 center = table: 0x1d052598  {order:10, calculate:function: 0x1ccef788, _discovered_unlocked_overwritten:true (more...)}
	 params = table: 0x1d6ce380  {playing_card:2}
(6) Lua upvalue 'old_init' at Steamodded file 'src/overrides.lua:1258' 
	Local variables:
	 self = table: 0x1d6ce3e0  {click_offset:table: 0x1cfae7b0, children:table: 0x1d340cd0, ambient_tilt:0.2 (more...)}
	 X = number: 4.85732
	 Y = number: 8.88634
	 W = number: 2.04878
	 H = number: 2.75122
	 card = table: 0x1cce02c0  {lc_atlas:cards_1, pos:table: 0x1ca924b0, value:Jack, hc_atlas:cards_2, name:Jack of Clubs (more...)}
	 center = table: 0x1d052598  {order:10, calculate:function: 0x1ccef788, _discovered_unlocked_overwritten:true (more...)}
	 params = table: 0x1d6ce380  {playing_card:2}
(7) Lua method 'init' at file 'Aura.lua:261' (from mod with id Aura)
	Local variables:
	 self = table: 0x1d6ce3e0  {click_offset:table: 0x1cfae7b0, children:table: 0x1d340cd0, ambient_tilt:0.2 (more...)}
	 x = number: 4.85732
	 y = number: 8.88634
	 w = number: 2.04878
	 h = number: 2.75122
	 card = table: 0x1cce02c0  {lc_atlas:cards_1, pos:table: 0x1ca924b0, value:Jack, hc_atlas:cards_2, name:Jack of Clubs (more...)}
	 center = table: 0x1d052598  {order:10, calculate:function: 0x1ccef788, _discovered_unlocked_overwritten:true (more...)}
	 params = table: 0x1d6ce380  {playing_card:2}
(8) Lua global 'Card' at file 'engine/object.lua:35'
	Local variables:
	 self = table: 0x1ca5e218  {set_base:function: 0x1ca58a10, set_card_area:function: 0x1cac9f08, generate_UIBox_unlock_table:function: 0x1ca5da10 (more...)}
	 obj = table: 0x1d6ce3e0  {click_offset:table: 0x1cfae7b0, children:table: 0x1d340cd0, ambient_tilt:0.2 (more...)}
(9) Lua global 'create_playing_card' at file 'functions/common_events.lua:2087'
	Local variables:
	 card_init = table: 0x1dac83b0  {front:table: 0x1cce02c0, center:table: 0x1d052598}
	 area = table: 0x1ca6a508  {click_offset:table: 0x1da18f08, children:table: 0x1d4528c8, shuffle_amt:0 (more...)}
	 skip_materialize = nil
	 silent = boolean: true
	 colours = table: 0x1d6ce340  {1:table: 0x1c86f3f0}
	 _area = table: 0x1ca6a508  {click_offset:table: 0x1da18f08, children:table: 0x1d4528c8, shuffle_amt:0 (more...)}
(10) Lua field 'func' at Steamodded file 'src/game_object.lua:2245' 
	Local variables:
	 cards = table: 0x1da56c30  {1:true, 2:true}
	 (for index) = number: 2
	 (for limit) = number: 3
	 (for step) = number: 1
	 i = number: 2
	 faces = table: 0x1ce42788  {1:table: 0x1ca84f10, 2:table: 0x1cd2a7b0, 3:table: 0x1cd50508}
	 _suit = string: "C"
	 _rank = string: "J"
	 cen_pool = table: 0x1dac8388  {1:table: 0x1ce3a690, 2:table: 0x1cdcc2a8, 3:table: 0x1cafd410, 4:table: 0x1ce38e20 (more...)}
(11) Lua method 'handle' at file 'engine/event.lua:55'
	Local variables:
	 self = table: 0x1d2effc8  {start_timer:true, timer:TOTAL, blockable:true, trigger:after, func:function: 0x1cfae600 (more...)}
	 _results = table: 0x1c7db348  {blocking:true, pause_skip:false, time_done:true, completed:false}
(12) Lua method 'update' at file 'engine/event.lua:182'
	Local variables:
	 self = table: 0x1cdb7d20  {queue_last_processed:74.816666666664, queues:table: 0x1cdb7d48, queue_dt:0.016666666666667 (more...)}
	 dt = number: 0.0165218
	 forced = nil
	 (for generator) = C function: next
	 (for state) = table: 0x1cdb7d48  {unlock:table: 0x1cdcd358, other:table: 0x1cbabf20, tutorial:table: 0x1cdcd3a8 (more...)}
	 (for control) = number: nan
	 k = string: "base"
	 v = table: 0x1cdcd380  {1:table: 0x1ce2e540, 2:table: 0x1d2effc8, 3:table: 0x1cfae3b0, 4:table: 0x1d5f1aa8 (more...)}
	 blocked = boolean: false
	 i = number: 2
	 results = table: 0x1c7db348  {blocking:true, pause_skip:false, time_done:true, completed:false}
(13) Lua upvalue 'gameUpdateRef' at file 'game.lua:2542'
	Local variables:
	 self = table: 0x1c8654a8  {F_GUIDE:false, F_CRASH_REPORTS:false, F_QUIT_BUTTON:true, HUD_tags:table: 0x1d603fd0 (more...)}
	 dt = number: 0.0165218
	 http_resp = nil
(14) Lua upvalue 'old_update' at Steamodded file 'src/ui.lua:84' 
	Local variables:
	 self = table: 0x1c8654a8  {F_GUIDE:false, F_CRASH_REPORTS:false, F_QUIT_BUTTON:true, HUD_tags:table: 0x1d603fd0 (more...)}
	 dt = number: 0.0165218
(15) Lua method 'update' at file 'Aura.lua:203' (from mod with id Aura)
	Local variables:
	 self = table: 0x1c8654a8  {F_GUIDE:false, F_CRASH_REPORTS:false, F_QUIT_BUTTON:true, HUD_tags:table: 0x1d603fd0 (more...)}
	 dt = number: 0.0165218
(16) Lua field 'update' at file 'main.lua:992'
	Local variables:
	 dt = number: 0.0165218
(17) Lua function '?' at file 'main.lua:931' (best guess)
(18) global C function 'xpcall'
(19) LÖVE function at file 'boot.lua:377' (best guess)
	Local variables:
	 func = Lua function '?' (defined at line 902 of chunk main.lua)
	 inerror = boolean: true
	 deferErrhand = Lua function '(LÖVE Function)' (defined at line 348 of chunk [love "boot.lua"])
	 earlyinit = Lua function '(LÖVE Function)' (defined at line 355 of chunk [love "boot.lua"])

INFO - [G] file not found: main.lua: No such file or directory
INFO - [G] file not found: main.lua: No such file or directory
INFO - [G] 2025-03-06 19:51:58 :: INFO  :: StackTrace :: Additional Context:
Balatro Version: 1.0.1o-FULL
Modded Version: 1.0.0~ALPHA-1409a-STEAMODDED
LÖVE Version: 11.5.0
Lovely Version: 0.7.1
Platform: Windows
Steamodded Mods:
    1: Zero Bullitro by BitBites [ID: 0Bullitro, Version: 1.0]
    2: Preorder Cards by asd123cqp [ID: preorder_cards]
    3: Aura by MathIsFun_, ChromaPIE, Bard, Grassy311, RattlingSnow353, Solace, RadicaAprils, chloe_cromslor [ID: Aura, Version: 0.023, Uses Lovely]
    4: Hentai Cards by Makubex77, Pheubel (Code) [ID: HentaiCards, Version: 1.1]
    5: Vintage Pinup Cards by NoScope1080 [ID: VintagePinupCards]
    6: Stickface Deck by Stickface [ID: StickfaceNSFWDeck, Version: 1.0.0]
    7: Balustro by someone23832 [ID: Balustro, Priority: -20, Version: 0.12, Uses Lovely]
Lovely Mods:
