INFO - [♥] Lovely 0.7.1
INFO - [♥] Game directory is at "C:\\Program Files (x86)\\Steam\\steamapps\\common\\Balatro"
INFO - [♥] Writing logs to "C:\\Users\\Administrator\\AppData\\Roaming\\Balatro\\Mods\\lovely\\log"
INFO - [♥] Using mod directory at "C:\\Users\\Administrator\\AppData\\Roaming\\Balatro\\Mods"
INFO - [♥] Found .lovelyignore in 'SakashimaJoker', skipping it.
INFO - [♥] Cleaning up dumps directory at "C:\\Users\\Administrator\\AppData\\Roaming\\Balatro\\Mods\\lovely\\dump"
INFO - [♥] Initialization complete in 96ms
INFO - [♥] Applied 12 patches to 'main.lua'
INFO - [♥] Applied 5 patches to 'engine/controller.lua'
INFO - [♥] Applied 13 patches to 'back.lua'
INFO - [♥] Applied 6 patches to 'tag.lua'
INFO - [♥] Applied 1 patch to 'engine/moveable.lua'
INFO - [♥] Applied 2 patches to 'engine/sprite.lua'
INFO - [♥] Applied 2 patches to 'engine/animatedsprite.lua'
INFO - [♥] Applied 44 patches to 'functions/misc_functions.lua'
INFO - [♥] Applied 29 patches to 'game.lua'
INFO - [♥] Applied 1 patch to 'globals.lua'
INFO - [♥] Applied 3 patches to 'engine/ui.lua'
INFO - [♥] Applied 72 patches to 'functions/UI_definitions.lua'
INFO - [♥] Applied 39 patches to 'functions/state_events.lua'
INFO - [♥] Applied 87 patches to 'functions/common_events.lua'
INFO - [♥] Applied 38 patches to 'functions/button_callbacks.lua'
INFO - [♥] Applied 143 patches to 'card.lua'
INFO - [♥] Applied 6 patches to 'cardarea.lua'
INFO - [♥] Applied 30 patches to 'blind.lua'
INFO - [♥] Applied 2 patches to 'engine/text.lua'
INFO - [G] Failed to connect to the debug server
INFO - [G] 2025-03-06 15:15:36 :: DEBUG :: DebugConsole :: Steamodded Debug Socket started !
INFO - [♥] Applied 9 patches to 'engine/sound_manager.lua'
INFO - [♥] Applied 1 patch to 'engine/save_manager.lua'
INFO - [G] 2025-03-06 15:15:38 :: ERROR :: Loader :: Found invalid metadata JSON file at C:\Users\Administrator\AppData\Roaming\Balatro\Mods/.vscode/settings.json, ignoring: [SMODS _ "src/loader.lua"]:226: id
INFO - [G] 2025-03-06 15:15:38 :: INFO  :: DefaultLogger :: Valid JSON file found
INFO - [G] 2025-03-06 15:15:38 :: ERROR :: Loader :: Found invalid metadata JSON file at C:\Users\Administrator\AppData\Roaming\Balatro\Mods/Aura/.vscode/settings.json, ignoring: [SMODS _ "src/loader.lua"]:226: id
INFO - [G] 2025-03-06 15:15:38 :: TRACE :: Loader :: Processing Mod file (Legacy header): Aura.lua
INFO - [G] 2025-03-06 15:15:38 :: TRACE :: Loader :: Saving Mod Info: Aura
INFO - [G] 2025-03-06 15:15:38 :: TRACE :: Loader :: Processing Mod file (Legacy header): PreorderCards.lua
INFO - [G] 2025-03-06 15:15:38 :: TRACE :: Loader :: Saving Mod Info: preorder_cards
INFO - [G] 2025-03-06 15:15:38 :: INFO  :: DefaultLogger :: Valid JSON file found
INFO - [G] 2025-03-06 15:15:38 :: INFO  :: DefaultLogger :: Valid JSON file found
INFO - [G] 2025-03-06 15:15:38 :: TRACE :: Loader :: Processing Mod file (Legacy header): HentaiCards.lua
INFO - [G] 2025-03-06 15:15:38 :: WARN  :: Loader :: Duplicate Mod ID: HentaiCards
INFO - [G] 2025-03-06 15:15:38 :: TRACE :: Loader :: Processing Mod file (Legacy header): SakashimaJoker.lua
INFO - [G] 2025-03-06 15:15:38 :: TRACE :: Loader :: Saving Mod Info: SakashimaJoker
INFO - [G] 2025-03-06 15:15:38 :: INFO  :: DefaultLogger :: Valid JSON file found
INFO - [G] 2025-03-06 15:15:38 :: WARN  :: DeckSkin :: Old DeckSkin formatting detected on DeckSkin lust_LuckHearts!
INFO - [G] 2025-03-06 15:15:38 :: WARN  :: DeckSkin :: Old DeckSkin formatting detected on DeckSkin lust_LuckClubs!
INFO - [G] 2025-03-06 15:15:38 :: WARN  :: DeckSkin :: Old DeckSkin formatting detected on DeckSkin lust_LuckDiamonds!
INFO - [G] 2025-03-06 15:15:38 :: WARN  :: DeckSkin :: Old DeckSkin formatting detected on DeckSkin lust_LuckSpades!
INFO - [G] Picture dimensions: 138 x 186
INFO - [G] Number of animation frames: 8
INFO - [G] Comment inside this GIF: Created with Paint.NET
INFO - [G] Picture dimensions: 138 x 186
INFO - [G] Number of animation frames: 1
INFO - [G] Comment inside this GIF: NO_COMMENT
INFO - [G] Picture dimensions: 138 x 186
INFO - [G] Number of animation frames: 9
INFO - [G] Comment inside this GIF: Created with Paint.NET
INFO - [G] 2025-03-06 15:15:38 :: WARN  :: Atlas :: Object centers has the same key as an existing object, not registering.
INFO - [G] 2025-03-06 15:15:38 :: WARN  :: Atlas :: If you want to modify an existing object, use take_ownership()
INFO - [G] soul_atlas
INFO - [G] 2025-03-06 15:15:38 :: TRACE :: Loader :: Mod SakashimaJoker was unable to load: 
INFO - [G] 2025-03-06 15:15:38 :: INFO  :: TIMER :: [0000] Injected Language in 0.001 ms
INFO - [G] 2025-03-06 15:15:38 :: INFO  :: TIMER :: [0000] Injected [INTERNAL] in 1.236 ms
INFO - [G] mod_tags
INFO - [G] achievements
INFO - [G] lust_AltVersions
INFO - [G] Joker
INFO - [G] centers
INFO - [G] lust_editions
INFO - [G] lust_LustTarot
INFO - [G] Booster
INFO - [G] stickers
INFO - [G] shop_sign
INFO - [G] balatro
INFO - [G] lust_modicon
INFO - [G] BalustroIcons
INFO - [G] lust_BalustroPlayingCards
INFO - [G] lust_LuckPlayingCardsLC
INFO - [G] lust_LuckPlayingCardsHC
INFO - [G] aura_j_joker
INFO - [G] aura_j_greedy_joker
INFO - [G] aura_j_lusty_joker
INFO - [G] aura_j_wrathful_joker
INFO - [G] aura_j_gluttenous_joker
INFO - [G] aura_j_dusk
INFO - [G] aura_j_raised_fist
INFO - [G] aura_j_hack
INFO - [G] aura_j_scholar
INFO - [G] aura_j_blackboard
INFO - [G] aura_j_sixth_sense
INFO - [G] aura_j_sixth_sense_extra
INFO - [G] aura_j_constellation
INFO - [G] aura_j_faceless
INFO - [G] aura_j_todo_list
INFO - [G] aura_j_red_card
INFO - [G] aura_j_square
INFO - [G] aura_j_seance
INFO - [G] aura_j_riff_raff
INFO - [G] aura_j_vagabond
INFO - [G] aura_j_photograph
INFO - [G] aura_j_to_the_moon
INFO - [G] aura_j_juggler
INFO - [G] aura_j_flash
INFO - [G] aura_j_trousers
INFO - [G] aura_j_castle
INFO - [G] aura_j_castle_extra
INFO - [G] aura_j_flower_pot
INFO - [G] aura_j_blueprint
INFO - [G] aura_j_wee
INFO - [G] aura_j_brainstorm
INFO - [G] aura_j_astronomer
INFO - [G] aura_c_hearts
INFO - [G] aura_c_diamonds
INFO - [G] aura_c_clubs
INFO - [G] aura_c_spades
INFO - [G] aura_goon_icon_heart
INFO - [G] aura_goon_icon_diamond
INFO - [G] aura_goon_icon_club
INFO - [G] aura_goon_icon_spade
INFO - [G] cards_1
INFO - [G] cards_2
INFO - [G] Tarot
INFO - [G] Planet
INFO - [G] Spectral
INFO - [G] soul_atlas
INFO - [G] StickfaceNSFW_8BitDeck_opt2
INFO - [G] StickfaceNSFW_8BitDeck
INFO - [G] StickfaceNSFW_icon_lc
INFO - [G] StickfaceNSFW_icon_hc
INFO - [G] 2025-03-06 15:15:40 :: INFO  :: TIMER :: [0066] Injected Atlas in 2327.564 ms
INFO - [G] 2025-03-06 15:15:40 :: INFO  :: TIMER :: [0053] Injected Sound in 4.550 ms
INFO - [G] 2025-03-06 15:15:40 :: INFO  :: TIMER :: [0008] Injected Stake in 0.297 ms
INFO - [G] 2025-03-06 15:15:40 :: INFO  :: TIMER :: [0004] Injected Rarity in 0.018 ms
INFO - [G] 2025-03-06 15:15:40 :: INFO  :: TIMER :: [0004] Injected ObjectType in 0.040 ms
INFO - [G] 2025-03-06 15:15:40 :: INFO  :: TIMER :: [0211] Injected Center in 2.336 ms
INFO - [G] 2025-03-06 15:15:40 :: INFO  :: TIMER :: [0007] Injected Undiscovered Sprite in 0.013 ms
INFO - [G] 2025-03-06 15:15:40 :: INFO  :: TIMER :: [0002] Injected Blind in 0.029 ms
INFO - [G] 2025-03-06 15:15:40 :: INFO  :: TIMER :: [0004] Injected Seal in 0.279 ms
INFO - [G] 2025-03-06 15:15:40 :: INFO  :: TIMER :: [0004] Injected Suit in 0.146 ms
INFO - [G] 2025-03-06 15:15:40 :: INFO  :: TIMER :: [0013] Injected Rank in 0.137 ms
INFO - [G] 2025-03-06 15:15:40 :: INFO  :: TIMER :: [0044] Injected DeckSkin in 0.275 ms
INFO - [G] 2025-03-06 15:15:40 :: INFO  :: TIMER :: [0012] Injected PokerHand in 0.081 ms
INFO - [G] 2025-03-06 15:15:40 :: INFO  :: TIMER :: [0020] Injected Challenge in 0.029 ms
INFO - [G] 2025-03-06 15:15:40 :: INFO  :: TIMER :: [0000] Injected Tag in 0.003 ms
INFO - [G] 2025-03-06 15:15:40 :: INFO  :: TIMER :: [0004] Injected Sticker in 0.604 ms
INFO - [G] 2025-03-06 15:15:40 :: INFO  :: TIMER :: [0000] Injected Shader in 0.004 ms
INFO - [G] 2025-03-06 15:15:40 :: INFO  :: TIMER :: [0001] Injected Keybind in 0.019 ms
INFO - [G] 2025-03-06 15:15:40 :: INFO  :: TIMER :: [0000] Injected Achievement in 0.049 ms
INFO - [G] 2025-03-06 15:15:41 :: INFO  :: TIMER :: [0000] Injected [INTERNAL] in 28.954 ms
INFO - [G] line not found
INFO - [G] file not found: main.lua: No such file or directory
INFO - [G] file not found: main.lua: No such file or directory
INFO - [G] line not found
INFO - [G] file not found: functions/button_callbacks.lua: No such file or directory
INFO - [G] file not found: main.lua: No such file or directory
INFO - [G] file not found: main.lua: No such file or directory
INFO - [G] 2025-03-06 15:15:46 :: ERROR :: StackTrace :: Oops! The game crashed
[SMODS _ "src/utils.lua"]:1038: attempt to get length of local 'd_ranks' (a nil value)
Stack Traceback
===============
(1) Lua local 'handler' at file 'main.lua:612'
	Local variables:
	 msg = string: "[SMODS _ \"src/utils.lua\"]:1038: attempt to get length of local 'd_ranks' (a nil value)"
	 (*temporary) = Lua function '?' (defined at line 31 of chunk [SMODS _ "src/logging.lua"])
	 (*temporary) = string: "Oops! The game crashed\
"
(2) LÖVE metamethod at file 'boot.lua:352'
	Local variables:
	 errhand = Lua function '?' (defined at line 598 of chunk main.lua)
	 handler = Lua function '?' (defined at line 598 of chunk main.lua)
(3) Lua field 'update_collab_cards' at Steamodded file 'src/utils.lua:1038' 
	Local variables:
	 key = string: "aura_goon_Spades"
	 suit = string: "Spades"
	 silent = nil
	 cards = table: 0x1cf582a8  {}
	 cards_order = table: 0x1df16ef8  {}
	 deckskin = table: 0x1df83400  {suit:Spades, _saved_d_u:true, original_key:goon_Spades, atlas:DeckSkin (more...)}
	 palette = nil
	 suit_data = table: 0x1cd5fc30  {keep_base_colours:true, suit_nominal:0.04, card_key:S, _saved_d_u:true (more...)}
	 d_ranks = nil
	 diff_order = nil
	 (*temporary) = number: 3
	 (*temporary) = table: 0x1cd79180  {1:table: 0x1cd9bee8}
	 (*temporary) = number: nan
	 (*temporary) = number: 1
	 (*temporary) = table: 0x1cd9bee8  {pixellated_rect:table: 0x1df7b210, click_offset:table: 0x1df66b10, children:table: 0x1cd9bf10 (more...)}
	 (*temporary) = table: 0x1cd6fb28  {click_offset:table: 0x1defea08, children:table: 0x1cd51430, parent:table: 0x1df3ab70 (more...)}
	 (*temporary) = table: 0x1cdfe1c0  {click_offset:table: 0x1cdecca8, children:table: 0x1cd9e750, CALCING:true (more...)}
	 (*temporary) = string: "palette_selector"
	 (*temporary) = table: 0x1cd9bee8  {pixellated_rect:table: 0x1df7b210, click_offset:table: 0x1df66b10, children:table: 0x1cd9bf10 (more...)}
	 (*temporary) = C function: next
	 (*temporary) = table: 0x1cd9bf10  {1:table: 0x1cd8dd40, 2:table: 0x1cd9f680}
	 (*temporary) = number: nan
	 (*temporary) = number: 1
	 (*temporary) = table: 0x1cd8dd40  {click_offset:table: 0x1ce35058, children:table: 0x1cd7a468, parent:table: 0x1cd9bee8 (more...)}
	 (*temporary) = string: "attempt to get length of local 'd_ranks' (a nil value)"
(4) Lua function '?' at Steamodded file 'src/overrides.lua:1724'  (best guess)
	Local variables:
	 args = table: 0x1df1dd20  {to_val:Gooner of Breasts, cycle_config:table: 0x1d00b160, from_key:11, to_key:10 (more...)}
	 deckskin_key = string: "aura_goon_Spades"
	 palette_loc_options = table: 0x1df21308  {}
	 swap_node = table: 0x1cd6fb28  {click_offset:table: 0x1defea08, children:table: 0x1cd51430, parent:table: 0x1df3ab70 (more...)}
	 selected_palette = number: 1
(5) Lua function '?' at file 'functions/button_callbacks.lua:579' (best guess)
	Local variables:
	 e = table: 0x1df51a78  {pixellated_rect:table: 0x1dfc6e18, click_offset:table: 0x1c9b33f8, children:table: 0x1df54de0 (more...)}
	 from_val = string: "Aurora"
	 from_key = number: 11
	 old_pip = table: 0x1dfaba30  {pixellated_rect:table: 0x1d95bb10, click_offset:table: 0x1ce3b200, children:table: 0x1ca09b10 (more...)}
	 cycle_main = table: 0x1cd656a0  {pixellated_rect:table: 0x1ce226c0, click_offset:table: 0x1cd8ab38, children:table: 0x1cd656c8 (more...)}
	 to_val = string: "Gooner of Breasts"
	 to_key = number: 10
	 new_pip = table: 0x1ceba830  {pixellated_rect:table: 0x1df7f228, click_offset:table: 0x1cd3eb08, children:table: 0x1dfaba60 (more...)}
(6) Lua method 'click' at file 'engine/ui.lua:981'
	Local variables:
	 self = table: 0x1df51a78  {pixellated_rect:table: 0x1dfc6e18, click_offset:table: 0x1c9b33f8, children:table: 0x1df54de0 (more...)}
(7) Lua method 'update' at file 'engine/controller.lua:375'
	Local variables:
	 self = table: 0x1cc3f6b0  {held_button_times:table: 0x1cc3ff50, focus_cursor_stack_level:1, snap_cursor_to:table: 0x1df431d0 (more...)}
	 dt = number: 0.0169156
(8) Lua upvalue 'gameUpdateRef' at file 'game.lua:2675'
	Local variables:
	 self = table: 0x1c815458  {F_GUIDE:false, F_CRASH_REPORTS:false, F_QUIT_BUTTON:true, F_ENGLISH_ONLY:false (more...)}
	 dt = number: 0
(9) Lua upvalue 'old_update' at Steamodded file 'src/ui.lua:84' 
	Local variables:
	 self = table: 0x1c815458  {F_GUIDE:false, F_CRASH_REPORTS:false, F_QUIT_BUTTON:true, F_ENGLISH_ONLY:false (more...)}
	 dt = number: 0.0169156
(10) Lua method 'update' at file 'Aura.lua:202' (from mod with id Aura)
	Local variables:
	 self = table: 0x1c815458  {F_GUIDE:false, F_CRASH_REPORTS:false, F_QUIT_BUTTON:true, F_ENGLISH_ONLY:false (more...)}
	 dt = number: 0.0169156
(11) Lua field 'update' at file 'main.lua:992'
	Local variables:
	 dt = number: 0.0169156
(12) Lua function '?' at file 'main.lua:931' (best guess)
(13) global C function 'xpcall'
(14) LÖVE function at file 'boot.lua:377' (best guess)
	Local variables:
	 func = Lua function '?' (defined at line 902 of chunk main.lua)
	 inerror = boolean: true
	 deferErrhand = Lua function '(LÖVE Function)' (defined at line 348 of chunk [love "boot.lua"])
	 earlyinit = Lua function '(LÖVE Function)' (defined at line 355 of chunk [love "boot.lua"])

INFO - [G] line not found
INFO - [G] file not found: functions/button_callbacks.lua: No such file or directory
INFO - [G] file not found: main.lua: No such file or directory
INFO - [G] file not found: main.lua: No such file or directory
INFO - [G] 2025-03-06 15:15:46 :: INFO  :: StackTrace :: Additional Context:
Balatro Version: 1.0.1o-FULL
Modded Version: 1.0.0~ALPHA-1409a-STEAMODDED
LÖVE Version: 11.5.0
Lovely Version: 0.7.1
Platform: Windows
Steamodded Mods:
    1: Zero Bullitro by BitBites [ID: 0Bullitro, Version: 1.0]
    2: Preorder Cards by asd123cqp [ID: preorder_cards]
    3: Aura by MathIsFun_, ChromaPIE, Bard, Grassy311, RattlingSnow353, Solace, RadicaAprils, chloe_cromslor [ID: Aura, Version: 0.023, Uses Lovely]
    4: Hentai Cards by Makubex77, Pheubel (Code) [ID: HentaiCards, Version: 1.1]
    5: Stickface Deck by Stickface [ID: StickfaceNSFWDeck, Version: 1.0.0]
    6: Balustro by someone23832 [ID: Balustro, Priority: -20, Version: 0.12, Uses Lovely]
Lovely Mods:
