INFO - [♥] Lovely 0.7.1
INFO - [♥] Game directory is at "C:\\Program Files (x86)\\Steam\\steamapps\\common\\Balatro"
INFO - [♥] Writing logs to "C:\\Users\\Administrator\\AppData\\Roaming\\Balatro\\Mods\\lovely\\log"
INFO - [♥] Using mod directory at "C:\\Users\\Administrator\\AppData\\Roaming\\Balatro\\Mods"
INFO - [♥] Found .lovelyignore in 'Aura', skipping it.
INFO - [♥] Found .lovelyignore in 'Balustro', skipping it.
INFO - [♥] Found .lovelyignore in 'HentaiCards', skipping it.
INFO - [♥] Found .lovelyignore in 'SakashimaJoker', skipping it.
INFO - [♥] Cleaning up dumps directory at "C:\\Users\\Administrator\\AppData\\Roaming\\Balatro\\Mods\\lovely\\dump"
INFO - [♥] Initialization complete in 30ms
WARN - [♥] Pattern 'ϖ' on target 'conf.lua' for pattern patch from 0Bullitro\lovely\files.toml resulted in no matches
INFO - [♥] Applied 0 patches to 'conf.lua'
INFO - [♥] Applied 13 patches to 'main.lua'
WARN - [♥] Pattern 'ϖ' on target 'engine/object.lua' for pattern patch from 0Bullitro\lovely\files.toml resulted in no matches
INFO - [♥] Applied 10 patches to 'engine/object.lua'
WARN - [♥] Pattern 'ϖ' on target 'engine/string_packer.lua' for pattern patch from 0Bullitro\lovely\files.toml resulted in no matches
INFO - [♥] Applied 0 patches to 'engine/string_packer.lua'
INFO - [♥] Applied 7 patches to 'engine/controller.lua'
INFO - [♥] Applied 14 patches to 'back.lua'
INFO - [♥] Applied 7 patches to 'tag.lua'
WARN - [♥] Pattern '--Class' on target 'engine/event.lua' for pattern patch from 0Bullitro\lovely\event.toml resulted in 2 matches, wanted 1
WARN - [♥] Ignoring excess matches
WARN - [♥] Pattern '--Class Methods' on target 'engine/event.lua' for pattern patch from 0Bullitro\lovely\event.toml resulted in 2 matches, wanted 1
WARN - [♥] Ignoring excess matches
WARN - [♥] Pattern 'ϖ' on target 'engine/event.lua' for pattern patch from 0Bullitro\lovely\files.toml resulted in no matches
INFO - [♥] Applied 3 patches to 'engine/event.lua'
WARN - [♥] Pattern 'ϖ' on target 'engine/node.lua' for pattern patch from 0Bullitro\lovely\files.toml resulted in no matches
INFO - [♥] Applied 2 patches to 'engine/node.lua'
INFO - [♥] Applied 5 patches to 'engine/moveable.lua'
INFO - [♥] Applied 2 patches to 'engine/sprite.lua'
INFO - [♥] Applied 2 patches to 'engine/animatedsprite.lua'
INFO - [♥] Applied 42 patches to 'functions/misc_functions.lua'
INFO - [♥] Applied 28 patches to 'game.lua'
INFO - [♥] Applied 1 patch to 'globals.lua'
WARN - [♥] Pattern '--Class' on target 'engine/ui.lua' for pattern patch from 0Bullitro\lovely\ui.toml resulted in 2 matches, wanted 1
WARN - [♥] Ignoring excess matches
INFO - [♥] Applied 8 patches to 'engine/ui.lua'
INFO - [♥] Applied 73 patches to 'functions/UI_definitions.lua'
INFO - [♥] Applied 40 patches to 'functions/state_events.lua'
INFO - [♥] Applied 87 patches to 'functions/common_events.lua'
INFO - [♥] Applied 39 patches to 'functions/button_callbacks.lua'
WARN - [♥] Pattern 'ϖ' on target 'functions/test_functions.lua' for pattern patch from 0Bullitro\lovely\files.toml resulted in no matches
INFO - [♥] Applied 0 patches to 'functions/test_functions.lua'
INFO - [♥] Applied 147 patches to 'card.lua'
INFO - [♥] Applied 7 patches to 'cardarea.lua'
INFO - [♥] Applied 31 patches to 'blind.lua'
WARN - [♥] Pattern 'ϖ' on target 'card_character.lua' for pattern patch from 0Bullitro\lovely\files.toml resulted in no matches
INFO - [♥] Applied 0 patches to 'card_character.lua'
WARN - [♥] Pattern 'ϖ' on target 'engine/particles.lua' for pattern patch from 0Bullitro\lovely\files.toml resulted in no matches
INFO - [♥] Applied 0 patches to 'engine/particles.lua'
INFO - [♥] Applied 3 patches to 'engine/text.lua'
WARN - [♥] Pattern 'ϖ' on target 'challenges.lua' for pattern patch from 0Bullitro\lovely\files.toml resulted in no matches
WARN - [♥] Pattern 'ϖ' on target 'challenges.lua' for pattern patch from 0Bullitro\lovely\files.toml resulted in no matches
INFO - [♥] Applied 0 patches to 'challenges.lua'
INFO - [G] Failed to connect to the debug server
INFO - [G] 2025-03-23 20:35:58 :: DEBUG :: DebugConsole :: Steamodded Debug Socket started !
INFO - [♥] Applied 10 patches to 'engine/sound_manager.lua'
INFO - [♥] Applied 1 patch to 'engine/save_manager.lua'
WARN - [♥] Pattern 'ϖ' on target 'engine/object.lua' for pattern patch from 0Bullitro\lovely\files.toml resulted in no matches
INFO - [♥] Applied 10 patches to 'engine/object.lua'
WARN - [♥] Pattern 'ϖ' on target 'engine/string_packer.lua' for pattern patch from 0Bullitro\lovely\files.toml resulted in no matches
INFO - [♥] Applied 0 patches to 'engine/string_packer.lua'
INFO - [G] 2025-03-23 20:36:00 :: ERROR :: Loader :: Found invalid metadata JSON file at C:\Users\Administrator\AppData\Roaming\Balatro\Mods/.vscode/settings.json, ignoring: [SMODS _ "src/loader.lua"]:226: id
INFO - [G] 2025-03-23 20:36:00 :: INFO  :: DefaultLogger :: Valid JSON file found
INFO - [G] 2025-03-23 20:36:00 :: ERROR :: Loader :: Found invalid metadata JSON file at C:\Users\Administrator\AppData\Roaming\Balatro\Mods/Aura/.vscode/settings.json, ignoring: [SMODS _ "src/loader.lua"]:226: id
INFO - [G] 2025-03-23 20:36:00 :: TRACE :: Loader :: Processing Mod file (Legacy header): Aura.lua
INFO - [G] 2025-03-23 20:36:00 :: TRACE :: Loader :: Saving Mod Info: Aura
INFO - [G] 2025-03-23 20:36:00 :: TRACE :: Loader :: Processing Mod file (Legacy header): PreorderCards.lua
INFO - [G] 2025-03-23 20:36:00 :: TRACE :: Loader :: Saving Mod Info: preorder_cards
INFO - [G] 2025-03-23 20:36:00 :: INFO  :: DefaultLogger :: Valid JSON file found
INFO - [G] 2025-03-23 20:36:00 :: INFO  :: DefaultLogger :: Valid JSON file found
INFO - [G] 2025-03-23 20:36:00 :: TRACE :: Loader :: Processing Mod file (Legacy header): HentaiCards.lua
INFO - [G] 2025-03-23 20:36:00 :: WARN  :: Loader :: Duplicate Mod ID: HentaiCards
INFO - [G] 2025-03-23 20:36:00 :: TRACE :: Loader :: Processing Mod file (Legacy header): SakashimaJoker.lua
INFO - [G] 2025-03-23 20:36:00 :: TRACE :: Loader :: Saving Mod Info: SakashimaJoker
INFO - [G] 2025-03-23 20:36:00 :: INFO  :: DefaultLogger :: Valid JSON file found
INFO - [G] 2025-03-23 20:36:00 :: TRACE :: Loader :: Processing Mod file (Legacy header): VintagePinupCards.lua
INFO - [G] 2025-03-23 20:36:00 :: TRACE :: Loader :: Saving Mod Info: VintagePinupCards
INFO - [G] 2025-03-23 20:36:00 :: TRACE :: Loader :: Processing Mod file (Legacy header): keyboard_dorkdad.lua
INFO - [G] 2025-03-23 20:36:00 :: TRACE :: Loader :: Saving Mod Info: keyboard_dorkdad
INFO - [G] 2025-03-23 20:36:00 :: TRACE :: Loader :: Mod Balustro was unable to load: 
INFO - [G] 2025-03-23 20:36:00 :: TRACE :: Loader :: Mod Aura was unable to load: 
INFO - [G] 2025-03-23 20:36:00 :: TRACE :: Loader :: Mod HentaiCards was unable to load: 
INFO - [G] 2025-03-23 20:36:00 :: TRACE :: Loader :: Mod SakashimaJoker was unable to load: 
INFO - [G] 2025-03-23 20:36:00 :: INFO  :: TIMER :: [0000] Injected Language in 0.001 ms
INFO - [G] 2025-03-23 20:36:00 :: INFO  :: TIMER :: [0000] Injected [INTERNAL] in 1.128 ms
INFO - [G] mod_tags
INFO - [G] achievements
INFO - [G] bull_wide_card
INFO - [G] bull_carper_card
INFO - [G] bull_Jokers-ice cream
INFO - [G] bull_Jokers-popcorn
INFO - [G] bull_Jokers-ramen
INFO - [G] bull_Jokers-green guy
INFO - [G] StickfaceNSFW_8BitDeck_opt2
INFO - [G] StickfaceNSFW_8BitDeck
INFO - [G] StickfaceNSFW_icon_lc
INFO - [G] StickfaceNSFW_icon_hc
INFO - [G] vintage_pinup_cards
INFO - [G] 2025-03-23 20:36:01 :: INFO  :: TIMER :: [0013] Injected Atlas in 691.995 ms
INFO - [G] 2025-03-23 20:36:01 :: INFO  :: TIMER :: [0001] Injected Sound in 0.354 ms
INFO - [G] 2025-03-23 20:36:01 :: INFO  :: TIMER :: [0008] Injected Stake in 0.221 ms
INFO - [G] 2025-03-23 20:36:01 :: INFO  :: TIMER :: [0004] Injected Rarity in 0.022 ms
INFO - [G] 2025-03-23 20:36:01 :: INFO  :: TIMER :: [0004] Injected ObjectType in 0.058 ms
INFO - [G] 2025-03-23 20:36:01 :: INFO  :: TIMER :: [0058] Injected Center in 0.968 ms
INFO - [G] 2025-03-23 20:36:01 :: INFO  :: TIMER :: [0007] Injected Undiscovered Sprite in 0.018 ms
INFO - [G] 2025-03-23 20:36:01 :: INFO  :: TIMER :: [0002] Injected Blind in 0.020 ms
INFO - [G] 2025-03-23 20:36:01 :: INFO  :: TIMER :: [0004] Injected Seal in 0.310 ms
INFO - [G] 2025-03-23 20:36:01 :: INFO  :: TIMER :: [0004] Injected Suit in 0.109 ms
INFO - [G] 2025-03-23 20:36:01 :: INFO  :: TIMER :: [0013] Injected Rank in 0.078 ms
INFO - [G] 2025-03-23 20:36:01 :: INFO  :: TIMER :: [0036] Injected DeckSkin in 0.526 ms
INFO - [G] 2025-03-23 20:36:01 :: INFO  :: TIMER :: [0012] Injected PokerHand in 0.084 ms
INFO - [G] 2025-03-23 20:36:01 :: INFO  :: TIMER :: [0020] Injected Challenge in 0.030 ms
INFO - [G] 2025-03-23 20:36:01 :: INFO  :: TIMER :: [0000] Injected Tag in 0.002 ms
INFO - [G] 2025-03-23 20:36:01 :: INFO  :: TIMER :: [0004] Injected Sticker in 0.087 ms
INFO - [G] 2025-03-23 20:36:01 :: INFO  :: TIMER :: [0000] Injected Shader in 0.001 ms
INFO - [G] 2025-03-23 20:36:01 :: INFO  :: TIMER :: [0001] Injected Keybind in 0.011 ms
INFO - [G] 2025-03-23 20:36:01 :: INFO  :: TIMER :: [0000] Injected Achievement in 0.062 ms
INFO - [G] 2025-03-23 20:36:01 :: INFO  :: TIMER :: [0000] Injected [INTERNAL] in 1.248 ms
INFO - [G] val
INFO - [G] 5
INFO - [G] field
INFO - [G] 0
INFO - [G] self
INFO - [G] 5
INFO - [G] val
INFO - [G] 0
INFO - [G] field
INFO - [G] 0
INFO - [G] self
INFO - [G] nil
INFO - [G] line not found
INFO - [G] file not found: main.lua: No such file or directory
INFO - [G] file not found: main.lua: No such file or directory
INFO - [G] file not found: engine/object.lua: No such file or directory
INFO - [G] file not found: main.lua: No such file or directory
INFO - [G] file not found: main.lua: No such file or directory
INFO - [G] 2025-03-23 20:37:00 :: ERROR :: StackTrace :: Oops! The game crashed
engine/object.lua:1563: on play click not yet implemented
Stack Traceback
===============
(1) Lua local 'handler' at file 'main.lua:612'
	Local variables:
	 msg = string: "engine/object.lua:1563: on play click not yet implemented"
	 (*temporary) = Lua function '?' (defined at line 31 of chunk [SMODS _ "src/logging.lua"])
	 (*temporary) = string: "Oops! The game crashed\
"
(2) LÖVE function at file 'boot.lua:352' (best guess)
	Local variables:
	 errhand = Lua function '?' (defined at line 598 of chunk main.lua)
	 handler = Lua function '?' (defined at line 598 of chunk main.lua)
(3) global C function 'error'
(4) Lua function '?' at file 'engine/object.lua:1563' (best guess)
	Local variables:
	 data = table: 0x19f7b498  {self:table: 0x19f7b528, SELF:table: 0x17089f18, CONTEXT:table: 0x19f78598 (more...)}
	 (*temporary) = boolean: false
(5) Lua method 'calculate' at file 'engine/object.lua:1624'
	Local variables:
	 _self = table: 0x17089f18  {alerted:true, loc_vars:function: 0x16e529e0, calc_dollar_bonus:false, atlas:Joker (more...)}
	 card = table: 0x1940a5f8  {added_to_deck:true, created_on_pause:false, click_offset:table: 0x1940a8d8 (more...)}
	 context = table: 0x19f78598  {main_eval:true, buying_card:true, cardarea:table: 0x1701cee0, card:table: 0x1940a5f8 (more...)}
	 first = nil
	 second = nil
	 gotEventData = table: 0x19f7b498  {self:table: 0x19f7b528, SELF:table: 0x17089f18, CONTEXT:table: 0x19f78598 (more...)}
(6) Lua method 'calculate_joker' at file 'card.lua:2534'
	Local variables:
	 self = table: 0x1940a5f8  {added_to_deck:true, created_on_pause:false, click_offset:table: 0x1940a8d8 (more...)}
	 context = table: 0x19f78598  {main_eval:true, buying_card:true, cardarea:table: 0x1701cee0, card:table: 0x1940a5f8 (more...)}
	 obj = table: 0x17089f18  {alerted:true, loc_vars:function: 0x16e529e0, calc_dollar_bonus:false, atlas:Joker (more...)}
(7) Lua global 'eval_card' at file 'functions/common_events.lua:707'
	Local variables:
	 card = table: 0x1940a5f8  {added_to_deck:true, created_on_pause:false, click_offset:table: 0x1940a8d8 (more...)}
	 context = table: 0x19f78598  {main_eval:true, buying_card:true, cardarea:table: 0x1701cee0, card:table: 0x1940a5f8 (more...)}
	 ret = table: 0x19f786a8  {}
	 post_trig = table: 0x19f786d0  {}
	 areas = table: 0x19f786f8  {1:table: 0x1701cee0, 2:table: 0x172e7950, 3:table: 0x1721cad8}
	 area_set = table: 0x19f78740  {table: 0x172e7950:true, table: 0x1701cee0:true, table: 0x1721cad8:true (more...)}
(8) Lua field 'calculate_context' at Steamodded file 'src/utils.lua:1337' 
	Local variables:
	 context = table: 0x19f78598  {main_eval:true, buying_card:true, cardarea:table: 0x1701cee0, card:table: 0x1940a5f8 (more...)}
	 return_table = nil
	 (for generator) = C function: builtin#6
	 (for state) = table: 0x19f78660  {1:table: 0x1701cee0, 2:table: 0x172e7950, 3:table: 0x1721cad8}
	 (for control) = number: 1
	 _ = number: 1
	 area = table: 0x1701cee0  {click_offset:table: 0x170844d8, children:table: 0x172c8618, shuffle_amt:0 (more...)}
	 (for generator) = C function: builtin#6
	 (for state) = table: 0x172c85f0  {1:table: 0x1940a5f8}
	 (for control) = number: 1
	 _ = number: 1
	 _card = table: 0x1940a5f8  {added_to_deck:true, created_on_pause:false, click_offset:table: 0x1940a8d8 (more...)}
(9) Lua field 'func' at file 'functions/button_callbacks.lua:2490'
(10) Lua method 'handle' at file 'engine/event.lua:77'
	Local variables:
	 self = table: 0x18098860  {start_timer:true, timer:TOTAL, blockable:true, trigger:after, func:function: 0x18098838 (more...)}
	 _results = table: 0x17726558  {blocking:true, pause_skip:false, time_done:true, completed:false}
(11) Lua method 'update' at file 'engine/event.lua:206'
	Local variables:
	 self = table: 0x17620be8  {queue_last_processed:58.766666666665, queues:table: 0x17620c10, queue_dt:0.016666666666667 (more...)}
	 dt = number: 0.0165647
	 forced = nil
	 (for generator) = C function: next
	 (for state) = table: 0x17620c10  {unlock:table: 0x17620c38, other:table: 0x176210b0, tutorial:table: 0x17620c88 (more...)}
	 (for control) = number: nan
	 k = string: "base"
	 v = table: 0x17620c60  {1:table: 0x179d3aa0, 2:table: 0x18098860, 3:table: 0x1aa30bc0, 4:table: 0x17dbf878 (more...)}
	 blocked = boolean: false
	 i = number: 2
	 results = table: 0x17726558  {blocking:true, pause_skip:false, time_done:true, completed:false}
(12) Lua upvalue 'gameUpdateRef' at file 'game.lua:2546'
	Local variables:
	 self = table: 0x16cb1a58  {F_GUIDE:false, F_CRASH_REPORTS:false, F_QUIT_BUTTON:true, HUD_tags:table: 0x172d54b0 (more...)}
	 dt = number: 0.0165647
	 http_resp = nil
(13) Lua method 'update' at Steamodded file 'src/ui.lua:84' 
	Local variables:
	 self = table: 0x16cb1a58  {F_GUIDE:false, F_CRASH_REPORTS:false, F_QUIT_BUTTON:true, HUD_tags:table: 0x172d54b0 (more...)}
	 dt = number: 0.0165647
(14) Lua field 'update' at file 'main.lua:992'
	Local variables:
	 dt = number: 0.0165647
(15) Lua function '?' at file 'main.lua:931' (best guess)
(16) global C function 'xpcall'
(17) LÖVE function at file 'boot.lua:377' (best guess)
	Local variables:
	 func = Lua function '?' (defined at line 902 of chunk main.lua)
	 inerror = boolean: true
	 deferErrhand = Lua function '(LÖVE Function)' (defined at line 348 of chunk [love "boot.lua"])
	 earlyinit = Lua function '(LÖVE Function)' (defined at line 355 of chunk [love "boot.lua"])

INFO - [G] file not found: engine/object.lua: No such file or directory
INFO - [G] file not found: main.lua: No such file or directory
INFO - [G] file not found: main.lua: No such file or directory
INFO - [G] 2025-03-23 20:37:00 :: INFO  :: StackTrace :: Additional Context:
Balatro Version: 1.0.1o-FULL
Modded Version: 1.0.0~ALPHA-1409a-STEAMODDED
LÖVE Version: 11.5.0
Lovely Version: 0.7.1
Platform: Windows
Steamodded Mods:
    1: Zero Bullitro by BitBites [ID: 0Bullitro, Version: 1.0, Uses Lovely]
    2: Preorder Cards by asd123cqp [ID: preorder_cards]
    3: Keyboard Shortcuts DorkDad by DorkDad141 [ID: keyboard_dorkdad]
    4: Vintage Pinup Cards by NoScope1080 [ID: VintagePinupCards]
    5: Stickface Deck by Stickface [ID: StickfaceNSFWDeck, Version: 1.0.0]
Lovely Mods:
