INFO - [♥] Lovely 0.7.1
INFO - [♥] Game directory is at "C:\\Program Files (x86)\\Steam\\steamapps\\common\\Balatro"
INFO - [♥] Writing logs to "C:\\Users\\Administrator\\AppData\\Roaming\\Balatro\\Mods\\lovely\\log"
INFO - [♥] Using mod directory at "C:\\Users\\Administrator\\AppData\\Roaming\\Balatro\\Mods"
INFO - [♥] Found .lovelyignore in 'SakashimaJoker', skipping it.
INFO - [♥] Cleaning up dumps directory at "C:\\Users\\Administrator\\AppData\\Roaming\\Balatro\\Mods\\lovely\\dump"
INFO - [♥] Initialization complete in 22ms
INFO - [♥] Applied 12 patches to 'main.lua'
INFO - [♥] Applied 5 patches to 'engine/controller.lua'
INFO - [♥] Applied 13 patches to 'back.lua'
INFO - [♥] Applied 6 patches to 'tag.lua'
INFO - [♥] Applied 1 patch to 'engine/moveable.lua'
INFO - [♥] Applied 2 patches to 'engine/sprite.lua'
INFO - [♥] Applied 2 patches to 'engine/animatedsprite.lua'
INFO - [♥] Applied 44 patches to 'functions/misc_functions.lua'
INFO - [♥] Applied 24 patches to 'game.lua'
INFO - [♥] Applied 1 patch to 'globals.lua'
INFO - [♥] Applied 3 patches to 'engine/ui.lua'
INFO - [♥] Applied 72 patches to 'functions/UI_definitions.lua'
INFO - [♥] Applied 39 patches to 'functions/state_events.lua'
INFO - [♥] Applied 86 patches to 'functions/common_events.lua'
INFO - [♥] Applied 38 patches to 'functions/button_callbacks.lua'
INFO - [♥] Applied 141 patches to 'card.lua'
INFO - [♥] Applied 6 patches to 'cardarea.lua'
INFO - [♥] Applied 30 patches to 'blind.lua'
INFO - [♥] Applied 2 patches to 'engine/text.lua'
INFO - [G] Failed to connect to the debug server
INFO - [G] 2025-02-27 20:22:00 :: DEBUG :: DebugConsole :: Steamodded Debug Socket started !
INFO - [♥] Applied 9 patches to 'engine/sound_manager.lua'
INFO - [♥] Applied 1 patch to 'engine/save_manager.lua'
INFO - [G] 2025-02-27 20:22:01 :: ERROR :: Loader :: Found invalid metadata JSON file at C:\Users\Administrator\AppData\Roaming\Balatro\Mods/.vscode/settings.json, ignoring: [SMODS _ "src/loader.lua"]:226: id
INFO - [G] 2025-02-27 20:22:01 :: ERROR :: Loader :: Found invalid metadata JSON file at C:\Users\Administrator\AppData\Roaming\Balatro\Mods/Aura-main/.vscode/settings.json, ignoring: [SMODS _ "src/loader.lua"]:226: id
INFO - [G] 2025-02-27 20:22:01 :: TRACE :: Loader :: Processing Mod file (Legacy header): Aura.lua
INFO - [G] 2025-02-27 20:22:01 :: TRACE :: Loader :: Saving Mod Info: Aura
INFO - [G] 2025-02-27 20:22:01 :: TRACE :: Loader :: Processing Mod file (Legacy header): PreorderCards.lua
INFO - [G] 2025-02-27 20:22:01 :: TRACE :: Loader :: Saving Mod Info: preorder_cards
INFO - [G] 2025-02-27 20:22:01 :: TRACE :: Loader :: Processing Mod file (Legacy header): SakashimaJoker.lua
INFO - [G] 2025-02-27 20:22:01 :: TRACE :: Loader :: Saving Mod Info: SakashimaJoker
INFO - [G] 2025-02-27 20:22:01 :: INFO  :: SoundAPI :: Loading sounds from mod path: C:\Users\Administrator\AppData\Roaming\Balatro\Mods/Aura-main/
INFO - [G] 2025-02-27 20:22:01 :: TRACE :: Loader :: Mod SakashimaJoker was unable to load: 
INFO - [G] 2025-02-27 20:22:01 :: INFO  :: TIMER :: [0000] Injected Language in 0.001 ms
INFO - [G] 2025-02-27 20:22:01 :: INFO  :: TIMER :: [0000] Injected [INTERNAL] in 0.890 ms
INFO - [G] 2025-02-27 20:22:02 :: INFO  :: TIMER :: [0032] Injected Atlas in 1326.320 ms
INFO - [G] 2025-02-27 20:22:02 :: INFO  :: TIMER :: [0001] Injected Sound in 0.206 ms
INFO - [G] 2025-02-27 20:22:02 :: INFO  :: TIMER :: [0008] Injected Stake in 0.172 ms
INFO - [G] 2025-02-27 20:22:02 :: INFO  :: TIMER :: [0004] Injected Rarity in 0.016 ms
INFO - [G] 2025-02-27 20:22:02 :: INFO  :: TIMER :: [0004] Injected ObjectType in 0.027 ms
INFO - [G] 2025-02-27 20:22:02 :: INFO  :: TIMER :: [0198] Injected Center in 2.233 ms
INFO - [G] 2025-02-27 20:22:02 :: INFO  :: TIMER :: [0007] Injected Undiscovered Sprite in 0.013 ms
INFO - [G] 2025-02-27 20:22:02 :: INFO  :: TIMER :: [0002] Injected Blind in 0.017 ms
INFO - [G] 2025-02-27 20:22:02 :: INFO  :: TIMER :: [0004] Injected Seal in 0.130 ms
INFO - [G] 2025-02-27 20:22:02 :: INFO  :: TIMER :: [0004] Injected Suit in 0.058 ms
INFO - [G] 2025-02-27 20:22:02 :: INFO  :: TIMER :: [0013] Injected Rank in 0.089 ms
INFO - [G] 2025-02-27 20:22:02 :: INFO  :: TIMER :: [0028] Injected DeckSkin in 0.187 ms
INFO - [G] 2025-02-27 20:22:02 :: INFO  :: TIMER :: [0012] Injected PokerHand in 0.071 ms
INFO - [G] 2025-02-27 20:22:03 :: INFO  :: TIMER :: [0020] Injected Challenge in 0.108 ms
INFO - [G] 2025-02-27 20:22:03 :: INFO  :: TIMER :: [0000] Injected Tag in 0.001 ms
INFO - [G] 2025-02-27 20:22:03 :: INFO  :: TIMER :: [0004] Injected Sticker in 0.075 ms
INFO - [G] 2025-02-27 20:22:03 :: INFO  :: TIMER :: [0000] Injected Shader in 0.001 ms
INFO - [G] 2025-02-27 20:22:03 :: INFO  :: TIMER :: [0001] Injected Keybind in 0.011 ms
INFO - [G] 2025-02-27 20:22:03 :: INFO  :: TIMER :: [0000] Injected Achievement in 0.042 ms
INFO - [G] 2025-02-27 20:22:03 :: INFO  :: TIMER :: [0000] Injected [INTERNAL] in 0.511 ms
INFO - [G] 2
INFO - [G] 3
INFO - [G] 4
INFO - [G] 5
INFO - [G] pump_4
INFO - [G] nil
INFO - [G] 6
INFO - [G] 7
INFO - [G] 8
INFO - [G] 9
INFO - [G] 10
INFO - [G] 11
INFO - [G] 12
INFO - [G] 13
INFO - [G] pump_4
INFO - [G] nil
INFO - [G] 14
INFO - [G] 15
INFO - [G] 16
INFO - [G] 17
INFO - [G] 18
INFO - [G] 19
INFO - [G] 20
INFO - [G] 21
INFO - [G] pump_4
INFO - [G] nil
INFO - [G] 22
INFO - [G] 23
INFO - [G] 24
INFO - [G] 1
INFO - [G] 2
INFO - [G] 3
INFO - [G] 4
INFO - [G] 5
INFO - [G] pump_4
INFO - [G] nil
INFO - [G] 6
INFO - [G] 7
INFO - [G] 8
INFO - [G] 9
INFO - [G] 10
INFO - [G] 11
INFO - [G] 12
INFO - [G] 13
INFO - [G] pump_4
INFO - [G] nil
INFO - [G] 14
INFO - [G] 15
INFO - [G] 16
INFO - [G] 17
INFO - [G] 18
INFO - [G] 19
INFO - [G] 20
INFO - [G] 21
INFO - [G] pump_4
INFO - [G] nil
INFO - [G] 22
INFO - [G] 23
INFO - [G] 24
INFO - [G] 1
INFO - [G] 2
INFO - [G] 3
INFO - [G] 4
INFO - [G] 5
INFO - [G] pump_4
INFO - [G] nil
INFO - [G] 6
INFO - [G] 7
INFO - [G] 8
INFO - [G] 9
INFO - [G] 10
INFO - [G] 11
INFO - [G] 12
INFO - [G] 13
INFO - [G] pump_4
INFO - [G] nil
INFO - [G] 14
INFO - [G] 15
INFO - [G] 16
INFO - [G] 17
INFO - [G] 18
INFO - [G] 19
INFO - [G] 20
INFO - [G] 21
INFO - [G] pump_4
INFO - [G] nil
INFO - [G] 22
INFO - [G] 23
INFO - [G] 24
INFO - [G] 1
INFO - [G] 2
INFO - [G] 3
INFO - [G] 4
INFO - [G] 5
INFO - [G] pump_4
INFO - [G] nil
INFO - [G] 6
INFO - [G] 7
INFO - [G] 8
INFO - [G] 9
INFO - [G] 10
INFO - [G] 11
INFO - [G] 12
INFO - [G] 13
INFO - [G] pump_4
INFO - [G] nil
INFO - [G] 14
INFO - [G] 15
INFO - [G] 16
INFO - [G] 17
INFO - [G] 18
INFO - [G] 19
INFO - [G] 20
INFO - [G] 21
INFO - [G] pump_4
INFO - [G] nil
INFO - [G] 22
INFO - [G] 23
INFO - [G] 24
INFO - [G] 1
INFO - [G] 2
INFO - [G] 3
INFO - [G] 4
INFO - [G] 5
INFO - [G] pump_4
INFO - [G] nil
INFO - [G] 6
INFO - [G] 7
INFO - [G] 8
INFO - [G] 9
INFO - [G] 10
INFO - [G] 11
INFO - [G] 12
INFO - [G] 13
INFO - [G] pump_4
INFO - [G] nil
INFO - [G] 14
INFO - [G] 15
INFO - [G] 16
INFO - [G] 17
INFO - [G] 18
INFO - [G] 19
INFO - [G] 20
INFO - [G] 21
INFO - [G] pump_4
INFO - [G] nil
INFO - [G] 22
INFO - [G] 23
INFO - [G] 24
INFO - [G] 1
INFO - [G] 2
INFO - [G] 3
INFO - [G] LONG DT @ 19: 0.1
INFO - [G] 4
INFO - [G] LONG DT @ 19: 0.080524920000001
INFO - [G] LONG DT @ 20: 0.067025496
INFO - [G] 5
INFO - [G] pump_4
INFO - [G] nil
INFO - [G] LONG DT @ 20: 0.0569453368
INFO - [G] 6
INFO - [G] 7
INFO - [G] 8
INFO - [G] 9
INFO - [G] 10
INFO - [G] 11
INFO - [G] 12
INFO - [G] 13
INFO - [G] pump_4
INFO - [G] nil
INFO - [G] 14
INFO - [G] 15
INFO - [G] 16
INFO - [G] 17
INFO - [G] 18
INFO - [G] 19
INFO - [G] 20
INFO - [G] 21
INFO - [G] pump_4
INFO - [G] nil
INFO - [G] 22
INFO - [G] 23
INFO - [G] 24
INFO - [G] 1
INFO - [G] 2
INFO - [G] 3
INFO - [G] 4
INFO - [G] 5
INFO - [G] pump_4
INFO - [G] nil
INFO - [G] 6
INFO - [G] 7
INFO - [G] 8
INFO - [G] 9
INFO - [G] 10
INFO - [G] 11
INFO - [G] 12
INFO - [G] LONG DT @ 23: 0.1
INFO - [G] 13
INFO - [G] pump_4
INFO - [G] nil
INFO - [G] LONG DT @ 23: 0.0809085
INFO - [G] LONG DT @ 23: 0.06750122
INFO - [G] 14
INFO - [G] LONG DT @ 23: 0.057331475999998
INFO - [G] 15
INFO - [G] 16
INFO - [G] 17
INFO - [G] 18
INFO - [G] 19
INFO - [G] 20
INFO - [G] 21
INFO - [G] pump_4
INFO - [G] nil
INFO - [G] 22
INFO - [G] 23
INFO - [G] 24
INFO - [G] 1
INFO - [G] 2
INFO - [G] 3
INFO - [G] 4
INFO - [G] 5
INFO - [G] pump_4
INFO - [G] nil
INFO - [G] 6
INFO - [G] 7
INFO - [G] 8
INFO - [G] 9
INFO - [G] 10
INFO - [G] 11
INFO - [G] 12
INFO - [G] 13
INFO - [G] pump_4
INFO - [G] nil
