INFO - [♥] Lovely 0.7.1
INFO - [♥] Game directory is at "C:\\Program Files (x86)\\Steam\\steamapps\\common\\Balatro"
INFO - [♥] Writing logs to "C:\\Users\\Administrator\\AppData\\Roaming\\Balatro\\Mods\\lovely\\log"
INFO - [♥] Using mod directory at "C:\\Users\\Administrator\\AppData\\Roaming\\Balatro\\Mods"
INFO - [♥] Cleaning up dumps directory at "C:\\Users\\Administrator\\AppData\\Roaming\\Balatro\\Mods\\lovely\\dump"
INFO - [♥] Initialization complete in 26ms
INFO - [♥] Applied 12 patches to 'main.lua'
INFO - [♥] Applied 5 patches to 'engine/controller.lua'
INFO - [♥] Applied 13 patches to 'back.lua'
INFO - [♥] Applied 6 patches to 'tag.lua'
INFO - [♥] Applied 1 patch to 'engine/moveable.lua'
INFO - [♥] Applied 2 patches to 'engine/sprite.lua'
INFO - [♥] Applied 2 patches to 'engine/animatedsprite.lua'
INFO - [♥] Applied 41 patches to 'functions/misc_functions.lua'
INFO - [♥] Applied 24 patches to 'game.lua'
INFO - [♥] Applied 1 patch to 'globals.lua'
INFO - [♥] Applied 3 patches to 'engine/ui.lua'
INFO - [♥] Applied 72 patches to 'functions/UI_definitions.lua'
INFO - [♥] Applied 39 patches to 'functions/state_events.lua'
INFO - [♥] Applied 86 patches to 'functions/common_events.lua'
INFO - [♥] Applied 38 patches to 'functions/button_callbacks.lua'
INFO - [♥] Applied 139 patches to 'card.lua'
INFO - [♥] Applied 6 patches to 'cardarea.lua'
INFO - [♥] Applied 30 patches to 'blind.lua'
INFO - [♥] Applied 2 patches to 'engine/text.lua'
INFO - [G] Failed to connect to the debug server
INFO - [G] 2025-02-11 17:12:51 :: DEBUG :: DebugConsole :: Steamodded Debug Socket started !
INFO - [♥] Applied 9 patches to 'engine/sound_manager.lua'
INFO - [♥] Applied 1 patch to 'engine/save_manager.lua'
INFO - [G] 2025-02-11 17:12:53 :: ERROR :: Loader :: Found invalid metadata JSON file at C:\Users\Administrator\AppData\Roaming\Balatro\Mods/.vscode/settings.json, ignoring: [SMODS _ "src/loader.lua"]:226: id
INFO - [G] 2025-02-11 17:12:53 :: TRACE :: Loader :: Processing Mod file (Legacy header): PreorderCards.lua
INFO - [G] 2025-02-11 17:12:53 :: TRACE :: Loader :: Saving Mod Info: preorder_cards
INFO - [G] 2025-02-11 17:12:53 :: TRACE :: Loader :: Processing Mod file (Legacy header): SakashimaJoker.lua
INFO - [G] 2025-02-11 17:12:53 :: TRACE :: Loader :: Saving Mod Info: SakashimaJoker
INFO - [G] 2025-02-11 17:12:53 :: INFO  :: TIMER :: [0000] Injected Language in 0.001 ms
INFO - [G] 2025-02-11 17:12:53 :: INFO  :: TIMER :: [0000] Injected [INTERNAL] in 0.980 ms
INFO - [G] 2025-02-11 17:12:53 :: INFO  :: TIMER :: [0004] Injected Atlas in 489.680 ms
INFO - [G] 2025-02-11 17:12:53 :: INFO  :: TIMER :: [0001] Injected Sound in 0.198 ms
INFO - [G] 2025-02-11 17:12:53 :: INFO  :: TIMER :: [0008] Injected Stake in 0.163 ms
INFO - [G] 2025-02-11 17:12:53 :: INFO  :: TIMER :: [0004] Injected Rarity in 0.016 ms
INFO - [G] 2025-02-11 17:12:53 :: INFO  :: TIMER :: [0004] Injected ObjectType in 0.040 ms
INFO - [G] 2025-02-11 17:12:53 :: INFO  :: TIMER :: [0049] Injected Center in 0.469 ms
INFO - [G] 2025-02-11 17:12:53 :: INFO  :: TIMER :: [0007] Injected Undiscovered Sprite in 0.017 ms
INFO - [G] 2025-02-11 17:12:53 :: INFO  :: TIMER :: [0002] Injected Blind in 0.013 ms
INFO - [G] 2025-02-11 17:12:53 :: INFO  :: TIMER :: [0004] Injected Seal in 0.124 ms
INFO - [G] 2025-02-11 17:12:53 :: INFO  :: TIMER :: [0004] Injected Suit in 0.056 ms
INFO - [G] 2025-02-11 17:12:53 :: INFO  :: TIMER :: [0013] Injected Rank in 0.077 ms
INFO - [G] 2025-02-11 17:12:53 :: INFO  :: TIMER :: [0020] Injected DeckSkin in 0.183 ms
INFO - [G] 2025-02-11 17:12:53 :: INFO  :: TIMER :: [0012] Injected PokerHand in 0.230 ms
INFO - [G] 2025-02-11 17:12:53 :: INFO  :: TIMER :: [0020] Injected Challenge in 0.130 ms
INFO - [G] 2025-02-11 17:12:53 :: INFO  :: TIMER :: [0000] Injected Tag in 0.002 ms
INFO - [G] 2025-02-11 17:12:53 :: INFO  :: TIMER :: [0004] Injected Sticker in 0.095 ms
INFO - [G] 2025-02-11 17:12:53 :: INFO  :: TIMER :: [0000] Injected Shader in 0.002 ms
INFO - [G] 2025-02-11 17:12:53 :: INFO  :: TIMER :: [0001] Injected Keybind in 0.012 ms
INFO - [G] 2025-02-11 17:12:53 :: INFO  :: TIMER :: [0000] Injected Achievement in 0.048 ms
INFO - [G] 2025-02-11 17:12:53 :: INFO  :: TIMER :: [0000] Injected [INTERNAL] in 0.513 ms
INFO - [G] LONG DT @ 17: 0.1
INFO - [G] LONG DT @ 17: 0.08089868
INFO - [G] LONG DT @ 17: 0.065441964
INFO - [G] LONG DT @ 17: 0.0552115912
INFO - [G] 4
INFO - [G] 0
INFO - [G] 0
INFO - [G] 1
INFO - [G] 1
INFO - [G] 0
INFO - [G] 0
INFO - [G] line not found
INFO - [G] file not found: main.lua: No such file or directory
INFO - [G] file not found: main.lua: No such file or directory
INFO - [G] file not found: engine/event.lua: No such file or directory
INFO - [G] file not found: main.lua: No such file or directory
INFO - [G] file not found: main.lua: No such file or directory
INFO - [G] 2025-02-11 17:13:09 :: ERROR :: StackTrace :: Oops! The game crashed
functions/state_events.lua:744: attempt to perform arithmetic on field 'chips' (a nil value)
Stack Traceback
===============
(1) Lua local 'handler' at file 'main.lua:612'
	Local variables:
	 msg = string: "functions/state_events.lua:744: attempt to perform arithmetic on field 'chips' (a nil value)"
	 (*temporary) = Lua function '?' (defined at line 31 of chunk [SMODS _ "src/logging.lua"])
	 (*temporary) = string: "Oops! The game crashed\
"
(2) LÖVE metamethod at file 'boot.lua:352'
	Local variables:
	 errhand = Lua function '?' (defined at line 598 of chunk main.lua)
	 handler = Lua function '?' (defined at line 598 of chunk main.lua)
(3) Lua field 'evaluate_play' at file 'functions/state_events.lua:744'
	Local variables:
	 e = nil
	 text = string: "Flush"
	 disp_text = string: "Flush"
	 poker_hands = table: 0x2db52de8  {Flush House:table: 0x2d57d7c8, Full House:table: 0x2d57d828, top:table: 0x2d57d9d0 (more...)}
	 scoring_hand = table: 0x2dc1d5d8  {1:table: 0x2df495d0, 2:table: 0x2df55930, 3:table: 0x2dca21b8, 4:table: 0x2dcae2a8 (more...)}
	 non_loc_disp_text = string: "Flush"
	 pures = table: 0x2d57d918  {}
	 (*temporary) = Lua function '?' (defined at line 122 of chunk engine/event.lua)
	 (*temporary) = table: 0x2dceffa8  {queue_last_processed:9.8500000000001, queues:table: 0x2dceffd0, queue_dt:0.016666666666667 (more...)}
	 (*temporary) = table: 0x2d5d5e80  {handle:function: 0x2d58b700, __index:table: 0x2d5d5e80, init:function: 0x2d5f5298 (more...)}
	 (*temporary) = table: 0x2e1c08b8  {ref_table:table: 0x2d924890, trigger:ease, delay:0.5, blocking:false, ref_value:chips (more...)}
	 (*temporary) = nil
	 (*temporary) = number: 640
	 (*temporary) = number: 640
	 (*temporary) = number: 8
	 (*temporary) = table: 0x2d5d5e80  {handle:function: 0x2d58b700, __index:table: 0x2d5d5e80, init:function: 0x2d5f5298 (more...)}
	 (*temporary) = boolean: true
	 (*temporary) = table: 0x2e1c0810  {func:function: 0x2e1c0870, trigger:immediate}
	 (*temporary) = number: 32.4054
	 (*temporary) = string: "TOTAL"
	 (*temporary) = table: 0x2e005270  {func:function: 0x2e005300, trigger:after, delay:0.8}
	 (*temporary) = number: 32.4054
	 (*temporary) = string: "TOTAL"
	 (*temporary) = number: nan
	 (*temporary) = string: "card_player"
	 (*temporary) = boolean: true
	 (*temporary) = nil
	 (*temporary) = number: 5
	 (*temporary) = table: 0x2e004f70  {}
	 (*temporary) = boolean: false
	 (*temporary) = number: 6.29157e-89
	 (*temporary) = table: 0x2e0050a8  {1:table: 0x2e004f70}
	 (*temporary) = table: 0x2de03be8  {click_offset:table: 0x2de03fb8, children:table: 0x2de0ac60, ambient_tilt:0.2 (more...)}
	 (*temporary) = C function: builtin#6
	 (*temporary) = table: 0x2e0050a8  {1:table: 0x2e004f70}
	 (*temporary) = number: 1
	 (*temporary) = nil
	 (*temporary) = nil
	 (*temporary) = number: 1
	 (*temporary) = table: 0x2e004f70  {}
	 (*temporary) = number: nan
	 (*temporary) = nil
	 (*temporary) = table: 0x2e00efc0  {1:table: 0x2d8f1b18}
	 (*temporary) = table: 0x2de03be8  {click_offset:table: 0x2de03fb8, children:table: 0x2de0ac60, ambient_tilt:0.2 (more...)}
	 (*temporary) = C function: builtin#6
	 (*temporary) = table: 0x2e00efc0  {1:table: 0x2d8f1b18}
	 (*temporary) = number: 1
	 (*temporary) = nil
	 (*temporary) = string: "attempt to perform arithmetic on field 'chips' (a nil value)"
(4) Lua field 'func' at file 'functions/state_events.lua:464'
(5) Lua method 'handle' at file 'engine/event.lua:99'
	Local variables:
	 self = table: 0x2ddda780  {start_timer:true, timer:TOTAL, blockable:true, trigger:immediate, func:function: 0x2df31600 (more...)}
	 _results = table: 0x2dc0a9c8  {blocking:true, pause_skip:false, time_done:false, completed:false}
(6) Lua method 'update' at file 'engine/event.lua:182'
	Local variables:
	 self = table: 0x2dceffa8  {queue_last_processed:9.8500000000001, queues:table: 0x2dceffd0, queue_dt:0.016666666666667 (more...)}
	 dt = number: 0.0168385
	 forced = nil
	 (for generator) = C function: next
	 (for state) = table: 0x2dceffd0  {unlock:table: 0x2dcefff8, other:table: 0x2dcf0470, tutorial:table: 0x2dcf0048 (more...)}
	 (for control) = number: nan
	 k = string: "base"
	 v = table: 0x2dcf0020  {1:table: 0x2db0f2f8, 2:table: 0x2ddda780, 3:table: 0x2ddda838, 4:table: 0x2da0e308 (more...)}
	 blocked = boolean: false
	 i = number: 2
	 results = table: 0x2dc0a9c8  {blocking:true, pause_skip:false, time_done:false, completed:false}
(7) Lua upvalue 'gameUpdateRef' at file 'game.lua:2524'
	Local variables:
	 self = table: 0x2d6b0230  {F_GUIDE:false, F_CRASH_REPORTS:false, F_QUIT_BUTTON:true, HUD_tags:table: 0x2dd42d18 (more...)}
	 dt = number: 0.0168385
	 http_resp = nil
(8) Lua method 'update' at Steamodded file 'src/ui.lua:84' 
	Local variables:
	 self = table: 0x2d6b0230  {F_GUIDE:false, F_CRASH_REPORTS:false, F_QUIT_BUTTON:true, HUD_tags:table: 0x2dd42d18 (more...)}
	 dt = number: 0.0168385
(9) Lua field 'update' at file 'main.lua:992'
	Local variables:
	 dt = number: 0.0168385
(10) Lua function '?' at file 'main.lua:931' (best guess)
(11) global C function 'xpcall'
(12) LÖVE function at file 'boot.lua:377' (best guess)
	Local variables:
	 func = Lua function '?' (defined at line 902 of chunk main.lua)
	 inerror = boolean: true
	 deferErrhand = Lua function '(LÖVE Function)' (defined at line 348 of chunk [love "boot.lua"])
	 earlyinit = Lua function '(LÖVE Function)' (defined at line 355 of chunk [love "boot.lua"])

INFO - [G] file not found: engine/event.lua: No such file or directory
INFO - [G] file not found: main.lua: No such file or directory
INFO - [G] file not found: main.lua: No such file or directory
INFO - [G] 2025-02-11 17:13:10 :: INFO  :: StackTrace :: Additional Context:
Balatro Version: 1.0.1n-FULL
Modded Version: 1.0.0~ALPHA-1409a-STEAMODDED
LÖVE Version: 11.5.0
Lovely Version: 0.7.1
Platform: Windows
Steamodded Mods:
    1: Sakashima Joker by BitBites [ID: SakashimaJoker]
    2: Preorder Cards by asd123cqp [ID: preorder_cards]
Lovely Mods:
