INFO - [♥] Lovely 0.7.1
INFO - [♥] Game directory is at "C:\\Program Files (x86)\\Steam\\steamapps\\common\\Balatro"
INFO - [♥] Writing logs to "C:\\Users\\Administrator\\AppData\\Roaming\\Balatro\\Mods\\lovely\\log"
INFO - [♥] Using mod directory at "C:\\Users\\Administrator\\AppData\\Roaming\\Balatro\\Mods"
INFO - [♥] Found .lovelyignore in 'Aura', skipping it.
INFO - [♥] Found .lovelyignore in 'Balustro', skipping it.
INFO - [♥] Found .lovelyignore in 'HentaiCards', skipping it.
INFO - [♥] Found .lovelyignore in 'SakashimaJoker', skipping it.
INFO - [♥] Cleaning up dumps directory at "C:\\Users\\Administrator\\AppData\\Roaming\\Balatro\\Mods\\lovely\\dump"
INFO - [♥] Initialization complete in 51ms
WARN - [♥] Pattern 'ϖ' on target 'conf.lua' for pattern patch from 0Bullitro\lovely\files.toml resulted in no matches
INFO - [♥] Applied 0 patches to 'conf.lua'
INFO - [♥] Applied 13 patches to 'main.lua'
WARN - [♥] Pattern 'ϖ' on target 'engine/object.lua' for pattern patch from 0Bullitro\lovely\files.toml resulted in no matches
INFO - [♥] Applied 10 patches to 'engine/object.lua'
WARN - [♥] Pattern 'ϖ' on target 'engine/string_packer.lua' for pattern patch from 0Bullitro\lovely\files.toml resulted in no matches
INFO - [♥] Applied 0 patches to 'engine/string_packer.lua'
INFO - [♥] Applied 7 patches to 'engine/controller.lua'
INFO - [♥] Applied 14 patches to 'back.lua'
INFO - [♥] Applied 7 patches to 'tag.lua'
WARN - [♥] Pattern '--Class' on target 'engine/event.lua' for pattern patch from 0Bullitro\lovely\event.toml resulted in 2 matches, wanted 1
WARN - [♥] Ignoring excess matches
WARN - [♥] Pattern '--Class Methods' on target 'engine/event.lua' for pattern patch from 0Bullitro\lovely\event.toml resulted in 2 matches, wanted 1
WARN - [♥] Ignoring excess matches
WARN - [♥] Pattern 'ϖ' on target 'engine/event.lua' for pattern patch from 0Bullitro\lovely\files.toml resulted in no matches
INFO - [♥] Applied 3 patches to 'engine/event.lua'
WARN - [♥] Pattern 'ϖ' on target 'engine/node.lua' for pattern patch from 0Bullitro\lovely\files.toml resulted in no matches
INFO - [♥] Applied 2 patches to 'engine/node.lua'
INFO - [♥] Applied 5 patches to 'engine/moveable.lua'
INFO - [♥] Applied 2 patches to 'engine/sprite.lua'
INFO - [♥] Applied 2 patches to 'engine/animatedsprite.lua'
INFO - [♥] Applied 42 patches to 'functions/misc_functions.lua'
INFO - [♥] Applied 28 patches to 'game.lua'
INFO - [♥] Applied 1 patch to 'globals.lua'
WARN - [♥] Pattern '--Class' on target 'engine/ui.lua' for pattern patch from 0Bullitro\lovely\ui.toml resulted in 2 matches, wanted 1
WARN - [♥] Ignoring excess matches
INFO - [♥] Applied 8 patches to 'engine/ui.lua'
INFO - [♥] Applied 73 patches to 'functions/UI_definitions.lua'
INFO - [♥] Applied 40 patches to 'functions/state_events.lua'
INFO - [♥] Applied 87 patches to 'functions/common_events.lua'
INFO - [♥] Applied 39 patches to 'functions/button_callbacks.lua'
WARN - [♥] Pattern 'ϖ' on target 'functions/test_functions.lua' for pattern patch from 0Bullitro\lovely\files.toml resulted in no matches
INFO - [♥] Applied 0 patches to 'functions/test_functions.lua'
INFO - [♥] Applied 147 patches to 'card.lua'
INFO - [♥] Applied 7 patches to 'cardarea.lua'
INFO - [♥] Applied 31 patches to 'blind.lua'
WARN - [♥] Pattern 'ϖ' on target 'card_character.lua' for pattern patch from 0Bullitro\lovely\files.toml resulted in no matches
INFO - [♥] Applied 0 patches to 'card_character.lua'
WARN - [♥] Pattern 'ϖ' on target 'engine/particles.lua' for pattern patch from 0Bullitro\lovely\files.toml resulted in no matches
INFO - [♥] Applied 0 patches to 'engine/particles.lua'
INFO - [♥] Applied 3 patches to 'engine/text.lua'
WARN - [♥] Pattern 'ϖ' on target 'challenges.lua' for pattern patch from 0Bullitro\lovely\files.toml resulted in no matches
WARN - [♥] Pattern 'ϖ' on target 'challenges.lua' for pattern patch from 0Bullitro\lovely\files.toml resulted in no matches
INFO - [♥] Applied 0 patches to 'challenges.lua'
INFO - [G] Failed to connect to the debug server
INFO - [G] 2025-03-23 21:02:45 :: DEBUG :: DebugConsole :: Steamodded Debug Socket started !
INFO - [♥] Applied 10 patches to 'engine/sound_manager.lua'
INFO - [♥] Applied 1 patch to 'engine/save_manager.lua'
WARN - [♥] Pattern 'ϖ' on target 'engine/object.lua' for pattern patch from 0Bullitro\lovely\files.toml resulted in no matches
INFO - [♥] Applied 10 patches to 'engine/object.lua'
WARN - [♥] Pattern 'ϖ' on target 'engine/string_packer.lua' for pattern patch from 0Bullitro\lovely\files.toml resulted in no matches
INFO - [♥] Applied 0 patches to 'engine/string_packer.lua'
INFO - [G] 2025-03-23 21:02:46 :: ERROR :: Loader :: Found invalid metadata JSON file at C:\Users\Administrator\AppData\Roaming\Balatro\Mods/.vscode/settings.json, ignoring: [SMODS _ "src/loader.lua"]:226: id
INFO - [G] 2025-03-23 21:02:46 :: INFO  :: DefaultLogger :: Valid JSON file found
INFO - [G] 2025-03-23 21:02:46 :: ERROR :: Loader :: Found invalid metadata JSON file at C:\Users\Administrator\AppData\Roaming\Balatro\Mods/Aura/.vscode/settings.json, ignoring: [SMODS _ "src/loader.lua"]:226: id
INFO - [G] 2025-03-23 21:02:46 :: TRACE :: Loader :: Processing Mod file (Legacy header): Aura.lua
INFO - [G] 2025-03-23 21:02:46 :: TRACE :: Loader :: Saving Mod Info: Aura
INFO - [G] 2025-03-23 21:02:46 :: TRACE :: Loader :: Processing Mod file (Legacy header): PreorderCards.lua
INFO - [G] 2025-03-23 21:02:46 :: TRACE :: Loader :: Saving Mod Info: preorder_cards
INFO - [G] 2025-03-23 21:02:46 :: INFO  :: DefaultLogger :: Valid JSON file found
INFO - [G] 2025-03-23 21:02:46 :: INFO  :: DefaultLogger :: Valid JSON file found
INFO - [G] 2025-03-23 21:02:46 :: TRACE :: Loader :: Processing Mod file (Legacy header): HentaiCards.lua
INFO - [G] 2025-03-23 21:02:46 :: WARN  :: Loader :: Duplicate Mod ID: HentaiCards
INFO - [G] 2025-03-23 21:02:46 :: TRACE :: Loader :: Processing Mod file (Legacy header): SakashimaJoker.lua
INFO - [G] 2025-03-23 21:02:46 :: TRACE :: Loader :: Saving Mod Info: SakashimaJoker
INFO - [G] 2025-03-23 21:02:46 :: INFO  :: DefaultLogger :: Valid JSON file found
INFO - [G] 2025-03-23 21:02:46 :: TRACE :: Loader :: Processing Mod file (Legacy header): VintagePinupCards.lua
INFO - [G] 2025-03-23 21:02:46 :: TRACE :: Loader :: Saving Mod Info: VintagePinupCards
INFO - [G] 2025-03-23 21:02:47 :: TRACE :: Loader :: Processing Mod file (Legacy header): keyboard_dorkdad.lua
INFO - [G] 2025-03-23 21:02:47 :: TRACE :: Loader :: Saving Mod Info: keyboard_dorkdad
INFO - [G] 2025-03-23 21:02:47 :: TRACE :: Loader :: Mod Balustro was unable to load: 
INFO - [G] 2025-03-23 21:02:47 :: TRACE :: Loader :: Mod Aura was unable to load: 
INFO - [G] 2025-03-23 21:02:47 :: TRACE :: Loader :: Mod HentaiCards was unable to load: 
INFO - [G] 2025-03-23 21:02:47 :: TRACE :: Loader :: Mod SakashimaJoker was unable to load: 
INFO - [G] 2025-03-23 21:02:47 :: INFO  :: TIMER :: [0000] Injected Language in 0.001 ms
INFO - [G] 2025-03-23 21:02:47 :: INFO  :: TIMER :: [0000] Injected [INTERNAL] in 0.990 ms
INFO - [G] mod_tags
INFO - [G] achievements
INFO - [G] bull_wide_card
INFO - [G] bull_carper_card
INFO - [G] bull_Jokers-Turtle Bean
INFO - [G] line not found
INFO - [G] file not found: main.lua: No such file or directory
INFO - [G] file not found: main.lua: No such file or directory
INFO - [G] file not found: main.lua: No such file or directory
INFO - [G] 2025-03-23 21:02:47 :: ERROR :: StackTrace :: Oops! The game crashed
[SMODS _ "src/game_object.lua"]:363: Failed to collect file data for Atlas bull_Jokers-Turtle Bean
Stack Traceback
===============
(1) Lua local 'handler' at file 'main.lua:612'
	Local variables:
	 msg = string: "[SMODS _ \"src/game_object.lua\"]:363: Failed to collect file data for Atlas bull_Jokers-Turtle Bean"
	 (*temporary) = Lua function '?' (defined at line 31 of chunk [SMODS _ "src/logging.lua"])
	 (*temporary) = string: "Oops! The game crashed\
"
(2) LÖVE function at file 'boot.lua:352' (best guess)
	Local variables:
	 errhand = Lua function '?' (defined at line 598 of chunk main.lua)
	 handler = Lua function '?' (defined at line 598 of chunk main.lua)
(3) global C function 'assert'
(4) Lua upvalue 'old_inject' at Steamodded file 'src/game_object.lua:363' 
	Local variables:
	 self = table: 0x175bce60  {full_path:C:\Users\Administrator\AppData\Roaming\Balatro\Mods/0Bullitro/assets/2x/Jokers-Turtle Bean.png (more...)}
	 file_path = string: "Jokers-Turtle Bean.png"
(5) Lua method 'inject' at file '0Bullitro.lua:652' (from mod with id 0Bullitro)
	Local variables:
	 self = table: 0x175bce60  {full_path:C:\Users\Administrator\AppData\Roaming\Balatro\Mods/0Bullitro/assets/2x/Jokers-Turtle Bean.png (more...)}
(6) Lua method 'inject_class' at Steamodded file 'src/game_object.lua:182' 
	Local variables:
	 self = table: 0x176c0dd0  {required_params:table: 0x176c09d8, pre_inject_class:function: 0x176c0db0 (more...)}
	 inject_time = number: 0.522746
	 start_time = number: 8.41019
	 end_time = number: 8.41019
	 o = table: 0x175bce60  {full_path:C:\Users\Administrator\AppData\Roaming\Balatro\Mods/0Bullitro/assets/2x/Jokers-Turtle Bean.png (more...)}
	 (for generator) = C function: builtin#6
	 (for state) = table: 0x176c09b0  {1:mod_tags, 2:achievements, 3:bull_wide_card, 4:bull_carper_card, 5:bull_Jokers-Turtle Bean (more...)}
	 (for control) = number: 5
	 i = number: 5
	 key = string: "bull_Jokers-Turtle Bean"
(7) Lua field 'injectObjects' at Steamodded file 'src/game_object.lua:256' 
	Local variables:
	 class = table: 0x176c0dd0  {required_params:table: 0x176c09d8, pre_inject_class:function: 0x176c0db0 (more...)}
(8) Lua field 'injectObjects' at Steamodded file 'src/game_object.lua:258' 
	Local variables:
	 class = table: 0x176bfca8  {check_duplicate_register:function: 0x176bfee0, check_duplicate_key:function: 0x176bff00 (more...)}
	 (for generator) = C function: builtin#6
	 (for state) = table: 0x176bfd70  {1:table: 0x176c0590, 2:table: 0x176c0910, 3:table: 0x176c0dd0, 4:table: 0x176c1948 (more...)}
	 (for control) = number: 3
	 _ = number: 3
	 subclass = table: 0x176c0dd0  {required_params:table: 0x176c09d8, pre_inject_class:function: 0x176c0db0 (more...)}
(9) Lua field 'injectItems' at Steamodded file 'src/loader.lua:608' 
(10) Lua global 'initSteamodded' at Steamodded file 'src/loader.lua:658' 
(11) Lua method 'start_up' at file 'game.lua:213'
	Local variables:
	 self = table: 0x16d41f00  {shared_soul:table: 0x176aa0c0, SPEEDFACTOR:1, F_GUIDE:false, keybind_mapping:table: 0x16db4048 (more...)}
	 settings = string: "return {[\"version\"]=\"1.0.1o-FULL\",[\"reduced_motion\"]=false,[\"paused\"]=false,[\"QUEUED_CHANGE\"]={},[\"COMP\"]={[\"prev_name\"]=\"\",[\"name\"]=\"\",[\"score\"]=377475731196.42,},[\"colourblind_option\"]=false,[\"play_button_pos\"]=2,[\"CUSTOM_DECK\"]={[\"Collabs\"]={[\"Spades\"]=\"default_Spades\",[\"Hearts\"]=\"default_Hearts\",[\"Diamonds\"]=\"default_Diamonds\",[\"Clubs\"]=\"default_Clubs\",},},[\"colour_palettes\"]={[\"Spades\"]=\"lc\",[\"Hearts\"]=\"lc\",[\"Diamonds\"]=\"lc\",[\"Clubs\"]=\"lc\",},[\"crashreports\"]=false,[\"tutorial_progress\"]={[\"hold_parts\"]={},[\"section\"]=\"big_blind\",[\"completed_parts\"]={[\"first_hand_3\"]=true,[\"small_blind\"]=true,[\"big_blind\"]=true,[\"first_hand_4\"]=true,[\"shop_1\"]=true,[\"first_hand_section\"]=true,[\"first_hand_2\"]=true,[\"first_hand\"]=true,},},[\"language\"]=\"en-us\",[\"profile\"]=1,[\"WINDOW\"]={[\"vsync\"]=1,[\"display_names\"]={[1]=\"1\",},[\"screenmode\"]=\"Borderless\",[\"DISPLAYS\"]={[1]={[\"screen_resolutions\"]={[\"strings\"]={[1]=\"1920 X 1080\",},[\"values\"]={[1]={[\"w\"]=1920,[\"h\"]=1080,},},},[\"screen_res\"]={[\"w\"]=1920,[\"h\"]=1080,},[\"DPI_scale\"]=1,[\"MONITOR_DIMS\"]={[\"height\"]=1080,[\"width\"]=1920,},},},[\"selected_display\"]=1,},[\"run_stake_stickers\"]=false,[\"GAMESPEED\"]=4,[\"SOUND\"]={[\"volume\"]=100,[\"music_volume\"]=0,[\"game_sounds_volume\"]=100,},[\"music_control\"]={[\"current_track\"]=\"\",[\"desired_track\"]=\"\",[\"lerp\"]=1,},[\"ACHIEVEMENTS_EARNED\"]={[\"card_discarder\"]=true,[\"_10k\"]=true,[\"retrograde\"]=true,[\"roi\"]=true,[\"_100000k\"]=true,[\"cartomancy\"]=true,[\"mid_stakes\"]=true,[\"completionist\"]=true,[\"low_stakes\"]=true,[\"card_player\"]=true,[\"ante_upper\"]=true,[\"_1000k\"]=true,[\"royale\"]=true,[\"speedrunner\"]=true,[\"legendary\"]=true,[\"extreme_couponer\"]=true,[\"astronomy\"]=true,[\"heads_up\"]=true,[\"high_stakes\"]=true,[\"clairvoyance\"]=true,[\"ante_up\"]=true,[\"you_get_what_you_get\"]=true,},[\"screenshake\"]=50,[\"current_setup\"]=\"New Run\",[\"tutorial_complete\"]=true,[\"ambient_control\"]={[\"ambientFire1\"]={[\"per\"]=1.1,[\"vol\"]=0,},[\"ambientOrgan1\"]={[\"per\"]=0.7,[\"vol\"]=4.919154652478e-13,},[\"ambientFire2\"]={[\"per\"]=1.05,[\"vol\"]=1.845601528628e-09,},[\"ambientFire3\"]={[\"per\"]=1,[\"vol\"]=1.8859660022486e-10,},},[\"DEMO\"]={[\"win_CTA_shown\"]=true,[\"quit_CTA_shown\"]=true,[\"timed_CTA_shown\"]=true,[\"total_uptime\"]=82.966905607776,},[\"GRAPHICS\"]={[\"texture_scaling\"]=2,[\"crt\"]=0,[\"shadows\"]=\"On\",[\"bloom\"]=1,},}"
	 settings_ver = nil
	 new_colour_proto = table: 0x16d4d1a0  {Spades:table: 0x16d4ac48, Hearts:table: 0x16d4d358, Diamonds:table: 0x16d4d4d0 (more...)}
	 sound_files = table: 0x17226028  {1:ambientFire1.ogg, 2:ambientFire2.ogg, 3:ambientFire3.ogg, 4:ambientOrgan1.ogg (more...)}
	 shader_files = table: 0x17229768  {1:CRT.fs, 2:background.fs, 3:booster.fs, 4:debuff.fs, 5:dissolve.fs, 6:flame.fs (more...)}
(12) Lua field 'load' at file 'main.lua:945'
(13) Lua function '?' at file 'main.lua:892' (best guess)
(14) global C function 'xpcall'
(15) LÖVE function at file 'boot.lua:368' (best guess)
	Local variables:
	 result = boolean: true
	 main = nil
(16) global C function 'xpcall'
(17) LÖVE function at file 'boot.lua:377' (best guess)
	Local variables:
	 func = Lua function '(LÖVE Function)' (defined at line 355 of chunk [love "boot.lua"])
	 inerror = boolean: true
	 deferErrhand = Lua function '(LÖVE Function)' (defined at line 348 of chunk [love "boot.lua"])
	 earlyinit = Lua function '(LÖVE Function)' (defined at line 355 of chunk [love "boot.lua"])

INFO - [G] file not found: main.lua: No such file or directory
INFO - [G] 2025-03-23 21:02:47 :: INFO  :: StackTrace :: Additional Context:
Balatro Version: 1.0.1o-FULL
Modded Version: 1.0.0~ALPHA-1409a-STEAMODDED
LÖVE Version: 11.5.0
Lovely Version: 0.7.1
Platform: Windows
Steamodded Mods:
    1: Zero Bullitro by BitBites [ID: 0Bullitro, Version: 1.0, Uses Lovely]
    2: Preorder Cards by asd123cqp [ID: preorder_cards]
    3: Keyboard Shortcuts DorkDad by DorkDad141 [ID: keyboard_dorkdad]
    4: Vintage Pinup Cards by NoScope1080 [ID: VintagePinupCards]
    5: Stickface Deck by Stickface [ID: StickfaceNSFWDeck, Version: 1.0.0]
Lovely Mods:
