INFO - [♥] Lovely 0.7.1
INFO - [♥] Game directory is at "C:\\Program Files (x86)\\Steam\\steamapps\\common\\Balatro"
INFO - [♥] Writing logs to "C:\\Users\\Administrator\\AppData\\Roaming\\Balatro\\Mods\\lovely\\log"
INFO - [♥] Using mod directory at "C:\\Users\\Administrator\\AppData\\Roaming\\Balatro\\Mods"
INFO - [♥] Found .lovelyignore in 'SakashimaJoker', skipping it.
INFO - [♥] Cleaning up dumps directory at "C:\\Users\\Administrator\\AppData\\Roaming\\Balatro\\Mods\\lovely\\dump"
INFO - [♥] Initialization complete in 22ms
INFO - [♥] Applied 12 patches to 'main.lua'
INFO - [♥] Applied 5 patches to 'engine/controller.lua'
INFO - [♥] Applied 13 patches to 'back.lua'
INFO - [♥] Applied 6 patches to 'tag.lua'
INFO - [♥] Applied 1 patch to 'engine/moveable.lua'
INFO - [♥] Applied 2 patches to 'engine/sprite.lua'
INFO - [♥] Applied 2 patches to 'engine/animatedsprite.lua'
INFO - [♥] Applied 44 patches to 'functions/misc_functions.lua'
INFO - [♥] Applied 29 patches to 'game.lua'
INFO - [♥] Applied 1 patch to 'globals.lua'
INFO - [♥] Applied 3 patches to 'engine/ui.lua'
INFO - [♥] Applied 72 patches to 'functions/UI_definitions.lua'
INFO - [♥] Applied 39 patches to 'functions/state_events.lua'
INFO - [♥] Applied 87 patches to 'functions/common_events.lua'
INFO - [♥] Applied 38 patches to 'functions/button_callbacks.lua'
INFO - [♥] Applied 143 patches to 'card.lua'
INFO - [♥] Applied 6 patches to 'cardarea.lua'
INFO - [♥] Applied 30 patches to 'blind.lua'
INFO - [♥] Applied 2 patches to 'engine/text.lua'
INFO - [G] Failed to connect to the debug server
INFO - [G] 2025-03-07 01:09:29 :: DEBUG :: DebugConsole :: Steamodded Debug Socket started !
INFO - [♥] Applied 9 patches to 'engine/sound_manager.lua'
INFO - [♥] Applied 1 patch to 'engine/save_manager.lua'
INFO - [G] 2025-03-07 01:09:30 :: ERROR :: Loader :: Found invalid metadata JSON file at C:\Users\Administrator\AppData\Roaming\Balatro\Mods/.vscode/settings.json, ignoring: [SMODS _ "src/loader.lua"]:226: id
INFO - [G] 2025-03-07 01:09:30 :: INFO  :: DefaultLogger :: Valid JSON file found
INFO - [G] 2025-03-07 01:09:30 :: ERROR :: Loader :: Found invalid metadata JSON file at C:\Users\Administrator\AppData\Roaming\Balatro\Mods/Aura/.vscode/settings.json, ignoring: [SMODS _ "src/loader.lua"]:226: id
INFO - [G] 2025-03-07 01:09:30 :: TRACE :: Loader :: Processing Mod file (Legacy header): Aura.lua
INFO - [G] 2025-03-07 01:09:30 :: TRACE :: Loader :: Saving Mod Info: Aura
INFO - [G] 2025-03-07 01:09:30 :: TRACE :: Loader :: Processing Mod file (Legacy header): PreorderCards.lua
INFO - [G] 2025-03-07 01:09:30 :: TRACE :: Loader :: Saving Mod Info: preorder_cards
INFO - [G] 2025-03-07 01:09:30 :: INFO  :: DefaultLogger :: Valid JSON file found
INFO - [G] 2025-03-07 01:09:30 :: INFO  :: DefaultLogger :: Valid JSON file found
INFO - [G] 2025-03-07 01:09:30 :: TRACE :: Loader :: Processing Mod file (Legacy header): HentaiCards.lua
INFO - [G] 2025-03-07 01:09:30 :: WARN  :: Loader :: Duplicate Mod ID: HentaiCards
INFO - [G] 2025-03-07 01:09:30 :: TRACE :: Loader :: Processing Mod file (Legacy header): SakashimaJoker.lua
INFO - [G] 2025-03-07 01:09:30 :: TRACE :: Loader :: Saving Mod Info: SakashimaJoker
INFO - [G] 2025-03-07 01:09:30 :: INFO  :: DefaultLogger :: Valid JSON file found
INFO - [G] 2025-03-07 01:09:30 :: TRACE :: Loader :: Processing Mod file (Legacy header): VintagePinupCards.lua
INFO - [G] 2025-03-07 01:09:30 :: TRACE :: Loader :: Saving Mod Info: VintagePinupCards
INFO - [G] 2025-03-07 01:09:31 :: WARN  :: DeckSkin :: Old DeckSkin formatting detected on DeckSkin lust_LuckHearts!
INFO - [G] 2025-03-07 01:09:31 :: WARN  :: DeckSkin :: Old DeckSkin formatting detected on DeckSkin lust_LuckClubs!
INFO - [G] 2025-03-07 01:09:31 :: WARN  :: DeckSkin :: Old DeckSkin formatting detected on DeckSkin lust_LuckDiamonds!
INFO - [G] 2025-03-07 01:09:31 :: WARN  :: DeckSkin :: Old DeckSkin formatting detected on DeckSkin lust_LuckSpades!
INFO - [G] true
INFO - [G] Picture dimensions: 138 x 186
INFO - [G] Number of animation frames: 8
INFO - [G] Comment inside this GIF: Created with Paint.NET
INFO - [G] Picture dimensions: 138 x 186
INFO - [G] Number of animation frames: 1
INFO - [G] Comment inside this GIF: NO_COMMENT
INFO - [G] Picture dimensions: 138 x 186
INFO - [G] Number of animation frames: 9
INFO - [G] Comment inside this GIF: Created with Paint.NET
INFO - [G] 2025-03-07 01:09:31 :: WARN  :: Atlas :: Object centers has the same key as an existing object, not registering.
INFO - [G] 2025-03-07 01:09:31 :: WARN  :: Atlas :: If you want to modify an existing object, use take_ownership()
INFO - [G] soul_atlas
INFO - [G] 2025-03-07 01:09:31 :: TRACE :: Loader :: Mod SakashimaJoker was unable to load: 
INFO - [G] 2025-03-07 01:09:31 :: INFO  :: TIMER :: [0000] Injected Language in 0.001 ms
INFO - [G] 2025-03-07 01:09:31 :: INFO  :: TIMER :: [0000] Injected [INTERNAL] in 1.140 ms
INFO - [G] mod_tags
INFO - [G] achievements
INFO - [G] lust_AltVersions
INFO - [G] Joker
INFO - [G] centers
INFO - [G] lust_editions
INFO - [G] lust_LustTarot
INFO - [G] Booster
INFO - [G] stickers
INFO - [G] shop_sign
INFO - [G] balatro
INFO - [G] lust_modicon
INFO - [G] BalustroIcons
INFO - [G] lust_BalustroPlayingCards
INFO - [G] lust_LuckPlayingCardsLC
INFO - [G] lust_LuckPlayingCardsHC
INFO - [G] bull_wide_card
INFO - [G] aura_j_faceless
INFO - [G] aura_j_seance
INFO - [G] aura_j_juggler
INFO - [G] aura_c_hearts
INFO - [G] aura_c_diamonds
INFO - [G] aura_c_clubs
INFO - [G] aura_c_spades
INFO - [G] aura_goon_icon_heart
INFO - [G] aura_goon_icon_diamond
INFO - [G] aura_goon_icon_club
INFO - [G] aura_goon_icon_spade
INFO - [G] FHC_hentai_cards_deck_lc
INFO - [G] FHC_hentai_cards_deck_hc
INFO - [G] Tarot
INFO - [G] Planet
INFO - [G] Spectral
INFO - [G] soul_atlas
INFO - [G] StickfaceNSFW_8BitDeck_opt2
INFO - [G] StickfaceNSFW_8BitDeck
INFO - [G] StickfaceNSFW_icon_lc
INFO - [G] StickfaceNSFW_icon_hc
INFO - [G] vintage_pinup_cards
INFO - [G] 2025-03-07 01:09:32 :: INFO  :: TIMER :: [0039] Injected Atlas in 1114.358 ms
INFO - [G] 2025-03-07 01:09:32 :: INFO  :: TIMER :: [0053] Injected Sound in 4.792 ms
INFO - [G] 2025-03-07 01:09:32 :: INFO  :: TIMER :: [0008] Injected Stake in 0.129 ms
INFO - [G] 2025-03-07 01:09:32 :: INFO  :: TIMER :: [0004] Injected Rarity in 0.023 ms
INFO - [G] 2025-03-07 01:09:32 :: INFO  :: TIMER :: [0004] Injected ObjectType in 0.032 ms
INFO - [G] 2025-03-07 01:09:32 :: INFO  :: TIMER :: [0212] Injected Center in 2.437 ms
INFO - [G] 2025-03-07 01:09:32 :: INFO  :: TIMER :: [0007] Injected Undiscovered Sprite in 0.012 ms
INFO - [G] 2025-03-07 01:09:32 :: INFO  :: TIMER :: [0002] Injected Blind in 0.017 ms
INFO - [G] 2025-03-07 01:09:32 :: INFO  :: TIMER :: [0004] Injected Seal in 0.632 ms
INFO - [G] 2025-03-07 01:09:32 :: INFO  :: TIMER :: [0004] Injected Suit in 0.055 ms
INFO - [G] 2025-03-07 01:09:32 :: INFO  :: TIMER :: [0013] Injected Rank in 0.061 ms
INFO - [G] 2025-03-07 01:09:32 :: INFO  :: TIMER :: [0052] Injected DeckSkin in 0.243 ms
INFO - [G] 2025-03-07 01:09:32 :: INFO  :: TIMER :: [0012] Injected PokerHand in 0.103 ms
INFO - [G] 2025-03-07 01:09:32 :: INFO  :: TIMER :: [0020] Injected Challenge in 0.025 ms
INFO - [G] 2025-03-07 01:09:32 :: INFO  :: TIMER :: [0000] Injected Tag in 0.002 ms
INFO - [G] 2025-03-07 01:09:32 :: INFO  :: TIMER :: [0004] Injected Sticker in 0.236 ms
INFO - [G] 2025-03-07 01:09:32 :: INFO  :: TIMER :: [0000] Injected Shader in 0.001 ms
INFO - [G] 2025-03-07 01:09:32 :: INFO  :: TIMER :: [0001] Injected Keybind in 0.013 ms
INFO - [G] 2025-03-07 01:09:32 :: INFO  :: TIMER :: [0000] Injected Achievement in 0.023 ms
INFO - [G] 2025-03-07 01:09:32 :: INFO  :: TIMER :: [0000] Injected [INTERNAL] in 1.868 ms
INFO - [G] line not found
INFO - [G] file not found: main.lua: No such file or directory
INFO - [G] file not found: main.lua: No such file or directory
INFO - [G] file not found: main.lua: No such file or directory
INFO - [G] file not found: main.lua: No such file or directory
INFO - [G] 2025-03-07 01:09:45 :: ERROR :: StackTrace :: Oops! The game crashed
functions/misc_functions.lua:890: bad argument #1 to 'translate' (number expected, got table)
Stack Traceback
===============
(1) Lua local 'handler' at file 'main.lua:612'
	Local variables:
	 msg = string: "functions/misc_functions.lua:890: bad argument #1 to 'translate' (number expected, got table)"
	 (*temporary) = Lua function '?' (defined at line 31 of chunk [SMODS _ "src/logging.lua"])
	 (*temporary) = string: "Oops! The game crashed\
"
(2) LÖVE function at file 'boot.lua:352' (best guess)
	Local variables:
	 errhand = Lua function '?' (defined at line 598 of chunk main.lua)
	 handler = Lua function '?' (defined at line 598 of chunk main.lua)
(3) field C function 'translate'
(4) Lua global 'prep_draw' at file 'functions/misc_functions.lua:890'
	Local variables:
	 moveable = table: 0x348ed2e8  {velocity:table: 0x35652570, click_offset:table: 0x35651df0, UIT:1, children:table: 0x348ed310 (more...)}
	 scale = number: 1
	 rotate = nil
	 offset = nil
(5) Lua method 'draw_self' at file 'engine/ui.lua:716'
	Local variables:
	 self = table: 0x348ed2e8  {velocity:table: 0x35652570, click_offset:table: 0x35651df0, UIT:1, children:table: 0x348ed310 (more...)}
	 button_active = boolean: true
	 parallax_dist = number: 1.5
	 button_being_pressed = boolean: false
(6) Lua method 'draw_children' at file 'engine/ui.lua:541'
	Local variables:
	 self = table: 0x348ed148  {click_offset:table: 0x356534a8, children:table: 0x348ed170, parent:table: 0x348ec788 (more...)}
	 layer = nil
	 (for generator) = C function: next
	 (for state) = table: 0x348ed170  {1:table: 0x348ed2e8}
	 (for control) = number: nan
	 k = number: 1
	 v = table: 0x348ed2e8  {velocity:table: 0x35652570, click_offset:table: 0x35651df0, UIT:1, children:table: 0x348ed310 (more...)}
(7) Lua method 'draw_children' at file 'engine/ui.lua:542'
	Local variables:
	 self = table: 0x348ec788  {velocity:table: 0x3493e780, under_overlay:false, click_offset:table: 0x3493e000 (more...)}
	 layer = nil
	 (for generator) = C function: next
	 (for state) = table: 0x348ec7b0  {1:table: 0x348ec928, 2:table: 0x348ecc68, 3:table: 0x348ed148}
	 (for control) = number: nan
	 k = number: 3
	 v = table: 0x348ed148  {click_offset:table: 0x356534a8, children:table: 0x348ed170, parent:table: 0x348ec788 (more...)}
(8) Lua method 'draw_children' at file 'engine/ui.lua:542'
	Local variables:
	 self = table: 0x348ec2a8  {pixellated_rect:table: 0x348eb138, click_offset:table: 0x3493f1d8, children:table: 0x348ec2d0 (more...)}
	 layer = nil
	 (for generator) = C function: next
	 (for state) = table: 0x348ec2d0  {1:table: 0x348ec448, 2:table: 0x348ec788}
	 (for control) = number: nan
	 k = number: 2
	 v = table: 0x348ec788  {velocity:table: 0x3493e780, under_overlay:false, click_offset:table: 0x3493e000 (more...)}
(9) Lua method 'draw_children' at file 'engine/ui.lua:542'
	Local variables:
	 self = table: 0x348ebdc8  {velocity:table: 0x349408f0, click_offset:table: 0x34940478, UIT:3, children:table: 0x348ebdf0 (more...)}
	 layer = nil
	 (for generator) = C function: next
	 (for state) = table: 0x348ebdf0  {1:table: 0x348ebf68, 2:table: 0x348ec2a8}
	 (for control) = number: nan
	 k = number: 2
	 v = table: 0x348ec2a8  {pixellated_rect:table: 0x348eb138, click_offset:table: 0x3493f1d8, children:table: 0x348ec2d0 (more...)}
(10) Lua method 'draw_children' at file 'engine/ui.lua:542'
	Local variables:
	 self = table: 0x348eb8e8  {velocity:table: 0x34c21920, under_overlay:false, click_offset:table: 0x34c211a0 (more...)}
	 layer = nil
	 (for generator) = C function: next
	 (for state) = table: 0x348eb910  {1:table: 0x348eba88, 2:table: 0x348ebdc8}
	 (for control) = number: nan
	 k = number: 2
	 v = table: 0x348ebdc8  {velocity:table: 0x349408f0, click_offset:table: 0x34940478, UIT:3, children:table: 0x348ebdf0 (more...)}
(11) Lua method 'draw' at file 'engine/ui.lua:296'
	Local variables:
	 self = table: 0x355a1de0  {click_offset:table: 0x355a2178, static_rotation:false, parent:table: 0x34f96d50 (more...)}
(12) Lua method 'draw_self' at file 'engine/ui.lua:796'
	Local variables:
	 self = table: 0x34f96d50  {click_offset:table: 0x34f97428, children:table: 0x34f96d78, parent:table: 0x34f96bb0 (more...)}
	 button_active = boolean: true
	 parallax_dist = number: 1.5
	 button_being_pressed = boolean: false
(13) Lua method 'draw_children' at file 'engine/ui.lua:541'
	Local variables:
	 self = table: 0x34f96bb0  {click_offset:table: 0x34f988d0, children:table: 0x34f96bd8, parent:table: 0x34f96a10 (more...)}
	 layer = nil
	 (for generator) = C function: next
	 (for state) = table: 0x34f96bd8  {1:table: 0x34f96d50}
	 (for control) = number: nan
	 k = number: 1
	 v = table: 0x34f96d50  {click_offset:table: 0x34f97428, children:table: 0x34f96d78, parent:table: 0x34f96bb0 (more...)}
(14) Lua method 'draw_children' at file 'engine/ui.lua:542'
	Local variables:
	 self = table: 0x34f96a10  {click_offset:table: 0x34f99c30, children:table: 0x34f96a38, parent:table: 0x34f95520 (more...)}
	 layer = nil
	 (for generator) = C function: next
	 (for state) = table: 0x34f96a38  {1:table: 0x34f96bb0}
	 (for control) = number: nan
	 k = number: 1
	 v = table: 0x34f96bb0  {click_offset:table: 0x34f988d0, children:table: 0x34f96bd8, parent:table: 0x34f96a10 (more...)}
(15) Lua method 'draw' at file 'engine/ui.lua:296'
	Local variables:
	 self = table: 0x34f95520  {click_offset:table: 0x34f958b8, static_rotation:false, parent:table: 0x354ba3d0 (more...)}
(16) Lua method 'draw_self' at file 'engine/ui.lua:796'
	Local variables:
	 self = table: 0x354ba3d0  {click_offset:table: 0x34f92f68, children:table: 0x354ba3f8, parent:table: 0x354ba230 (more...)}
	 button_active = boolean: true
	 parallax_dist = number: 1.5
	 button_being_pressed = boolean: false
(17) Lua method 'draw_children' at file 'engine/ui.lua:541'
	Local variables:
	 self = table: 0x354ba230  {click_offset:table: 0x34f9c078, children:table: 0x354ba258, parent:table: 0x354b9ed0 (more...)}
	 layer = nil
	 (for generator) = C function: next
	 (for state) = table: 0x354ba258  {1:table: 0x354ba3d0}
	 (for control) = number: nan
	 k = number: 1
	 v = table: 0x354ba3d0  {click_offset:table: 0x34f92f68, children:table: 0x354ba3f8, parent:table: 0x354ba230 (more...)}
(18) Lua method 'draw_children' at file 'engine/ui.lua:542'
	Local variables:
	 self = table: 0x354b9ed0  {click_offset:table: 0x34f9d270, children:table: 0x354b9ef8, parent:table: 0x354b9d30 (more...)}
	 layer = nil
	 (for generator) = C function: next
	 (for state) = table: 0x354b9ef8  {1:table: 0x354ba070, 2:table: 0x354ba230}
	 (for control) = number: nan
	 k = number: 2
	 v = table: 0x354ba230  {click_offset:table: 0x34f9c078, children:table: 0x354ba258, parent:table: 0x354b9ed0 (more...)}
(19) Lua method 'draw_children' at file 'engine/ui.lua:542'
	Local variables:
	 self = table: 0x354b9d30  {click_offset:table: 0x34f9e5d0, children:table: 0x354b9d58, parent:table: 0x354b56f0 (more...)}
	 layer = nil
	 (for generator) = C function: next
	 (for state) = table: 0x354b9d58  {1:table: 0x354b9ed0}
	 (for control) = number: nan
	 k = number: 1
	 v = table: 0x354b9ed0  {click_offset:table: 0x34f9d270, children:table: 0x354b9ef8, parent:table: 0x354b9d30 (more...)}
(20) Lua method 'draw_children' at file 'engine/ui.lua:542'
	Local variables:
	 self = table: 0x354b56f0  {click_offset:table: 0x34fa9900, children:table: 0x354b5718, parent:table: 0x354b4078 (more...)}
	 layer = nil
	 (for generator) = C function: next
	 (for state) = table: 0x354b5718  {1:table: 0x354b5890, 2:table: 0x354b9d30, 3:table: 0x354ba5b0, 4:table: 0x354ba940 (more...)}
	 (for control) = number: nan
	 k = number: 2
	 v = table: 0x354b9d30  {click_offset:table: 0x34f9e5d0, children:table: 0x354b9d58, parent:table: 0x354b56f0 (more...)}
(21) Lua method 'draw' at file 'engine/ui.lua:296'
	Local variables:
	 self = table: 0x354b4078  {click_offset:table: 0x354b4410, children:table: 0x354b48e8, parent:table: 0x34c8dc00 (more...)}
(22) Lua method 'draw_self' at file 'engine/ui.lua:796'
	Local variables:
	 self = table: 0x34c8dc00  {click_offset:table: 0x350d69a8, children:table: 0x34c8dc28, parent:table: 0x34c8da60 (more...)}
	 button_active = boolean: true
	 parallax_dist = number: 1.5
	 button_being_pressed = boolean: false
(23) Lua method 'draw_children' at file 'engine/ui.lua:541'
	Local variables:
	 self = table: 0x34c8da60  {click_offset:table: 0x350d7e50, children:table: 0x34c8da88, parent:table: 0x34c8baa8 (more...)}
	 layer = nil
	 (for generator) = C function: next
	 (for state) = table: 0x34c8da88  {1:table: 0x34c8dc00}
	 (for control) = number: nan
	 k = number: 1
	 v = table: 0x34c8dc00  {click_offset:table: 0x350d69a8, children:table: 0x34c8dc28, parent:table: 0x34c8da60 (more...)}
(24) Lua method 'draw_children' at file 'engine/ui.lua:542'
	Local variables:
	 self = table: 0x34c8baa8  {click_offset:table: 0x350d90e8, children:table: 0x34c8bad0, parent:table: 0x34c8b908 (more...)}
	 layer = nil
	 (for generator) = C function: next
	 (for state) = table: 0x34c8bad0  {1:table: 0x34c8bc48, 2:table: 0x34c8da60}
	 (for control) = number: nan
	 k = number: 2
	 v = table: 0x34c8da60  {click_offset:table: 0x350d7e50, children:table: 0x34c8da88, parent:table: 0x34c8baa8 (more...)}
(25) Lua method 'draw_children' at file 'engine/ui.lua:542'
	Local variables:
	 self = table: 0x34c8b908  {click_offset:table: 0x350da380, children:table: 0x34c8b930, parent:table: 0x34c8b768 (more...)}
	 layer = nil
	 (for generator) = C function: next
	 (for state) = table: 0x34c8b930  {1:table: 0x34c8baa8}
	 (for control) = number: nan
	 k = number: 1
	 v = table: 0x34c8baa8  {click_offset:table: 0x350d90e8, children:table: 0x34c8bad0, parent:table: 0x34c8b908 (more...)}
(26) Lua method 'draw' at file 'engine/ui.lua:299'
	Local variables:
	 self = table: 0x34c89c10  {click_offset:table: 0x34c89fa8, children:table: 0x34c8a480, CALCING:true (more...)}
	 (for generator) = C function: builtin#6
	 (for state) = table: 0x34c8ad48  {1:table: 0x34c8b908}
	 (for control) = number: 1
	 k = number: 1
	 v = table: 0x34c8b908  {click_offset:table: 0x350da380, children:table: 0x34c8b930, parent:table: 0x34c8b768 (more...)}
(27) Lua method 'draw' at file 'game.lua:2900'
	Local variables:
	 self = table: 0x34496820  {F_GUIDE:false, F_CRASH_REPORTS:false, F_QUIT_BUTTON:true, F_ENGLISH_ONLY:false (more...)}
(28) Lua field 'draw' at file 'main.lua:998'
(29) Lua function '?' at file 'main.lua:934' (best guess)
(30) global C function 'xpcall'
(31) LÖVE function at file 'boot.lua:377' (best guess)
	Local variables:
	 func = Lua function '?' (defined at line 902 of chunk main.lua)
	 inerror = boolean: true
	 deferErrhand = Lua function '(LÖVE Function)' (defined at line 348 of chunk [love "boot.lua"])
	 earlyinit = Lua function '(LÖVE Function)' (defined at line 355 of chunk [love "boot.lua"])

INFO - [G] file not found: main.lua: No such file or directory
INFO - [G] file not found: main.lua: No such file or directory
INFO - [G] 2025-03-07 01:09:45 :: INFO  :: StackTrace :: Additional Context:
Balatro Version: 1.0.1o-FULL
Modded Version: 1.0.0~ALPHA-1409a-STEAMODDED
LÖVE Version: 11.5.0
Lovely Version: 0.7.1
Platform: Windows
Steamodded Mods:
    1: Zero Bullitro by BitBites [ID: 0Bullitro, Version: 1.0]
    2: Preorder Cards by asd123cqp [ID: preorder_cards]
    3: Aura by MathIsFun_, ChromaPIE, Bard, Grassy311, RattlingSnow353, Solace, RadicaAprils, chloe_cromslor [ID: Aura, Version: 0.023, Uses Lovely]
    4: Hentai Cards by Makubex77, Pheubel (Code) [ID: HentaiCards, Version: 1.1]
    5: Vintage Pinup Cards by NoScope1080 [ID: VintagePinupCards]
    6: Stickface Deck by Stickface [ID: StickfaceNSFWDeck, Version: 1.0.0]
    7: Balustro by someone23832 [ID: Balustro, Priority: -20, Version: 0.12, Uses Lovely]
Lovely Mods:
