INFO - [♥] Lovely 0.7.1
INFO - [♥] Game directory is at "C:\\Program Files (x86)\\Steam\\steamapps\\common\\Balatro"
INFO - [♥] Writing logs to "C:\\Users\\Administrator\\AppData\\Roaming\\Balatro\\Mods\\lovely\\log"
INFO - [♥] Using mod directory at "C:\\Users\\Administrator\\AppData\\Roaming\\Balatro\\Mods"
INFO - [♥] Found .lovelyignore in 'SakashimaJoker', skipping it.
INFO - [♥] Cleaning up dumps directory at "C:\\Users\\Administrator\\AppData\\Roaming\\Balatro\\Mods\\lovely\\dump"
INFO - [♥] Initialization complete in 23ms
INFO - [♥] Applied 13 patches to 'main.lua'
INFO - [♥] Applied 7 patches to 'engine/controller.lua'
INFO - [♥] Applied 14 patches to 'back.lua'
INFO - [♥] Applied 7 patches to 'tag.lua'
INFO - [♥] Applied 2 patches to 'engine/moveable.lua'
INFO - [♥] Applied 2 patches to 'engine/sprite.lua'
INFO - [♥] Applied 2 patches to 'engine/animatedsprite.lua'
INFO - [♥] Applied 46 patches to 'functions/misc_functions.lua'
INFO - [♥] Applied 30 patches to 'game.lua'
INFO - [♥] Applied 1 patch to 'globals.lua'
INFO - [♥] Applied 4 patches to 'engine/ui.lua'
INFO - [♥] Applied 73 patches to 'functions/UI_definitions.lua'
INFO - [♥] Applied 40 patches to 'functions/state_events.lua'
INFO - [♥] Applied 89 patches to 'functions/common_events.lua'
INFO - [♥] Applied 39 patches to 'functions/button_callbacks.lua'
INFO - [♥] Applied 144 patches to 'card.lua'
INFO - [♥] Applied 7 patches to 'cardarea.lua'
INFO - [♥] Applied 31 patches to 'blind.lua'
INFO - [♥] Applied 3 patches to 'engine/text.lua'
INFO - [G] Failed to connect to the debug server
INFO - [G] 2025-03-08 02:31:49 :: DEBUG :: DebugConsole :: Steamodded Debug Socket started !
INFO - [♥] Applied 10 patches to 'engine/sound_manager.lua'
INFO - [♥] Applied 1 patch to 'engine/save_manager.lua'
INFO - [G] 2025-03-08 02:31:51 :: ERROR :: Loader :: Found invalid metadata JSON file at C:\Users\Administrator\AppData\Roaming\Balatro\Mods/.vscode/settings.json, ignoring: [SMODS _ "src/loader.lua"]:226: id
INFO - [G] 2025-03-08 02:31:51 :: INFO  :: DefaultLogger :: Valid JSON file found
INFO - [G] 2025-03-08 02:31:51 :: ERROR :: Loader :: Found invalid metadata JSON file at C:\Users\Administrator\AppData\Roaming\Balatro\Mods/Aura/.vscode/settings.json, ignoring: [SMODS _ "src/loader.lua"]:226: id
INFO - [G] 2025-03-08 02:31:51 :: TRACE :: Loader :: Processing Mod file (Legacy header): Aura.lua
INFO - [G] 2025-03-08 02:31:51 :: TRACE :: Loader :: Saving Mod Info: Aura
INFO - [G] 2025-03-08 02:31:51 :: TRACE :: Loader :: Processing Mod file (Legacy header): PreorderCards.lua
INFO - [G] 2025-03-08 02:31:51 :: TRACE :: Loader :: Saving Mod Info: preorder_cards
INFO - [G] 2025-03-08 02:31:51 :: INFO  :: DefaultLogger :: Valid JSON file found
INFO - [G] 2025-03-08 02:31:51 :: INFO  :: DefaultLogger :: Valid JSON file found
INFO - [G] 2025-03-08 02:31:51 :: TRACE :: Loader :: Processing Mod file (Legacy header): HentaiCards.lua
INFO - [G] 2025-03-08 02:31:51 :: WARN  :: Loader :: Duplicate Mod ID: HentaiCards
INFO - [G] 2025-03-08 02:31:51 :: TRACE :: Loader :: Processing Mod file (Legacy header): SakashimaJoker.lua
INFO - [G] 2025-03-08 02:31:51 :: TRACE :: Loader :: Saving Mod Info: SakashimaJoker
INFO - [G] 2025-03-08 02:31:51 :: INFO  :: DefaultLogger :: Valid JSON file found
INFO - [G] 2025-03-08 02:31:51 :: TRACE :: Loader :: Processing Mod file (Legacy header): VintagePinupCards.lua
INFO - [G] 2025-03-08 02:31:51 :: TRACE :: Loader :: Saving Mod Info: VintagePinupCards
INFO - [G] 2025-03-08 02:31:51 :: WARN  :: DeckSkin :: Old DeckSkin formatting detected on DeckSkin lust_LuckHearts!
INFO - [G] 2025-03-08 02:31:51 :: WARN  :: DeckSkin :: Old DeckSkin formatting detected on DeckSkin lust_LuckClubs!
INFO - [G] 2025-03-08 02:31:51 :: WARN  :: DeckSkin :: Old DeckSkin formatting detected on DeckSkin lust_LuckDiamonds!
INFO - [G] 2025-03-08 02:31:51 :: WARN  :: DeckSkin :: Old DeckSkin formatting detected on DeckSkin lust_LuckSpades!
INFO - [G] Picture dimensions: 138 x 186
INFO - [G] Number of animation frames: 8
INFO - [G] Comment inside this GIF: Created with Paint.NET
INFO - [G] Picture dimensions: 138 x 186
INFO - [G] Number of animation frames: 1
INFO - [G] Comment inside this GIF: NO_COMMENT
INFO - [G] Picture dimensions: 138 x 186
INFO - [G] Number of animation frames: 9
INFO - [G] Comment inside this GIF: Created with Paint.NET
INFO - [G] 2025-03-08 02:31:51 :: WARN  :: Atlas :: Object centers has the same key as an existing object, not registering.
INFO - [G] 2025-03-08 02:31:51 :: WARN  :: Atlas :: If you want to modify an existing object, use take_ownership()
INFO - [G] soul_atlas
INFO - [G] 2025-03-08 02:31:51 :: TRACE :: Loader :: Mod SakashimaJoker was unable to load: 
INFO - [G] 2025-03-08 02:31:51 :: INFO  :: TIMER :: [0000] Injected Language in 0.010 ms
INFO - [G] 2025-03-08 02:31:51 :: INFO  :: TIMER :: [0000] Injected [INTERNAL] in 1.002 ms
INFO - [G] mod_tags
INFO - [G] achievements
INFO - [G] lust_AltVersions
INFO - [G] Joker
INFO - [G] centers
INFO - [G] lust_editions
INFO - [G] lust_LustTarot
INFO - [G] Booster
INFO - [G] stickers
INFO - [G] shop_sign
INFO - [G] balatro
INFO - [G] lust_modicon
INFO - [G] BalustroIcons
INFO - [G] lust_BalustroPlayingCards
INFO - [G] lust_LuckPlayingCardsLC
INFO - [G] lust_LuckPlayingCardsHC
INFO - [G] bull_wide_card
INFO - [G] bull_carper_card
INFO - [G] aura_j_faceless
INFO - [G] aura_j_seance
INFO - [G] aura_j_juggler
INFO - [G] aura_c_hearts
INFO - [G] aura_c_diamonds
INFO - [G] aura_c_clubs
INFO - [G] aura_c_spades
INFO - [G] aura_goon_icon_heart
INFO - [G] aura_goon_icon_diamond
INFO - [G] aura_goon_icon_club
INFO - [G] aura_goon_icon_spade
INFO - [G] FHC_hentai_cards_deck_lc
INFO - [G] FHC_hentai_cards_deck_hc
INFO - [G] Tarot
INFO - [G] Planet
INFO - [G] Spectral
INFO - [G] soul_atlas
INFO - [G] StickfaceNSFW_8BitDeck_opt2
INFO - [G] StickfaceNSFW_8BitDeck
INFO - [G] StickfaceNSFW_icon_lc
INFO - [G] StickfaceNSFW_icon_hc
INFO - [G] vintage_pinup_cards
INFO - [G] 2025-03-08 02:31:52 :: INFO  :: TIMER :: [0040] Injected Atlas in 1084.173 ms
INFO - [G] 2025-03-08 02:31:52 :: INFO  :: TIMER :: [0053] Injected Sound in 4.398 ms
INFO - [G] 2025-03-08 02:31:52 :: INFO  :: TIMER :: [0008] Injected Stake in 0.362 ms
INFO - [G] 2025-03-08 02:31:52 :: INFO  :: TIMER :: [0004] Injected Rarity in 0.021 ms
INFO - [G] 2025-03-08 02:31:52 :: INFO  :: TIMER :: [0004] Injected ObjectType in 0.037 ms
INFO - [G] 2025-03-08 02:31:52 :: INFO  :: TIMER :: [0213] Injected Center in 2.284 ms
INFO - [G] 2025-03-08 02:31:52 :: INFO  :: TIMER :: [0007] Injected Undiscovered Sprite in 0.010 ms
INFO - [G] 2025-03-08 02:31:52 :: INFO  :: TIMER :: [0002] Injected Blind in 0.013 ms
INFO - [G] 2025-03-08 02:31:52 :: INFO  :: TIMER :: [0004] Injected Seal in 0.286 ms
INFO - [G] 2025-03-08 02:31:52 :: INFO  :: TIMER :: [0004] Injected Suit in 0.067 ms
INFO - [G] 2025-03-08 02:31:52 :: INFO  :: TIMER :: [0013] Injected Rank in 0.070 ms
INFO - [G] 2025-03-08 02:31:52 :: INFO  :: TIMER :: [0052] Injected DeckSkin in 0.509 ms
INFO - [G] 2025-03-08 02:31:52 :: INFO  :: TIMER :: [0012] Injected PokerHand in 0.089 ms
INFO - [G] 2025-03-08 02:31:52 :: INFO  :: TIMER :: [0020] Injected Challenge in 0.061 ms
INFO - [G] 2025-03-08 02:31:52 :: INFO  :: TIMER :: [0000] Injected Tag in 0.001 ms
INFO - [G] 2025-03-08 02:31:52 :: INFO  :: TIMER :: [0004] Injected Sticker in 0.098 ms
INFO - [G] 2025-03-08 02:31:52 :: INFO  :: TIMER :: [0000] Injected Shader in 0.003 ms
INFO - [G] 2025-03-08 02:31:52 :: INFO  :: TIMER :: [0001] Injected Keybind in 0.010 ms
INFO - [G] 2025-03-08 02:31:52 :: INFO  :: TIMER :: [0000] Injected Achievement in 0.022 ms
INFO - [G] 2025-03-08 02:31:52 :: INFO  :: TIMER :: [0000] Injected [INTERNAL] in 1.886 ms
INFO - [G] line not found
INFO - [G] file not found: main.lua: No such file or directory
INFO - [G] file not found: main.lua: No such file or directory
INFO - [G] file not found: main.lua: No such file or directory
INFO - [G] file not found: main.lua: No such file or directory
INFO - [G] 2025-03-08 02:31:58 :: ERROR :: StackTrace :: Oops! The game crashed
functions/misc_functions.lua:1059: attempt to compare number with table
Stack Traceback
===============
(1) Lua local 'handler' at file 'main.lua:612'
	Local variables:
	 msg = string: "functions/misc_functions.lua:1059: attempt to compare number with table"
	 (*temporary) = Lua function '?' (defined at line 31 of chunk [SMODS _ "src/logging.lua"])
	 (*temporary) = string: "Oops! The game crashed\
"
(2) LÖVE metamethod at file 'boot.lua:352'
	Local variables:
	 errhand = Lua function '?' (defined at line 598 of chunk main.lua)
	 handler = Lua function '?' (defined at line 598 of chunk main.lua)
(3) Lua global 'format_ui_value' at file 'functions/misc_functions.lua:1059'
	Local variables:
	 num = 12  {value:12}
	 e_switch_point = number: 1e+06
	 sign = string: ""
	 (*temporary) = number: 1e+06
	 (*temporary) = 12  {value:12}
	 (*temporary) = string: "table"
	 (*temporary) = string: "number"
	 (*temporary) = table: 0x102f2630  {__le:function: 0x102f2848, __unm:function: 0x102f26e8, new:function: 0x102f2690 (more...)}
	 (*temporary) = C function: builtin#37
	 (*temporary) = number: 12
	 (*temporary) = number: 12
	 (*temporary) = table: 0x0fd17218  {align_to_major:function: 0x0fd299e8, hard_set_T:function: 0x0fd29a08, draw:function: 0x0fd17240 (more...)}
	 (*temporary) = string: "attempt to compare number with table"
(4) Lua global 'localize' at file 'functions/misc_functions.lua:1891'
	Local variables:
	 args = table: 0x110e82b0  {vars:table: 0x10c942b0, set:Joker, type:descriptions, nodes:table: 0x10c943b0 (more...)}
	 misc_cat = nil
	 loc_target = table: 0x103eb3b8  {name_parsed:table: 0x10972590, text_parsed:table: 0x1096f2b0, name:Slutty Harlot (more...)}
	 ret_string = nil
	 (for generator) = C function: builtin#6
	 (for state) = table: 0x1096f2b0  {1:table: 0x1096f2d8, 2:table: 0x10970aa8, 3:table: 0x10971580}
	 (for control) = number: 1
	 _ = number: 1
	 lines = table: 0x1096f2d8  {1:table: 0x1096fc78, 2:table: 0x10970a28}
	 final_line = table: 0x110e83a0  {}
	 (for generator) = C function: builtin#6
	 (for state) = table: 0x1096f2d8  {1:table: 0x1096fc78, 2:table: 0x10970a28}
	 (for control) = number: 1
	 _ = number: 1
	 part = table: 0x1096fc78  {strings:table: 0x1096f350, control:table: 0x1096f378}
	 assembled_string = string: "+"
	 (for generator) = C function: builtin#6
	 (for state) = table: 0x1096f350  {1:+, 2:table: 0x1096fb78}
	 (for control) = number: 2
	 _ = number: 2
	 subpart = table: 0x1096fb78  {1:1}
	 (*temporary) = string: "+"
(5) Lua upvalue 'Card_generate_UIBox_ability_table_ref' at file 'functions/common_events.lua:2792'
	Local variables:
	 _c = table: 0x101f8b10  {alerted:true, _saved_d_u:true, original_key:j_zany, atlas:Joker, registered:true (more...)}
	 full_UI_table = table: 0x10c94388  {badges:table: 0x10c942f0, info:table: 0x10c943d8, main:table: 0x10c943b0 (more...)}
	 specific_vars = table: 0x10c942b0  {1:12, 2:Threesome, sticker:white}
	 card_type = string: "Joker"
	 badges = table: 0x10c942f0  {card_type:Joker}
	 hide_desc = nil
	 main_start = nil
	 main_end = nil
	 card = table: 0x10ce3768  {click_offset:table: 0x10ce4da0, sell_cost:2, children:table: 0x10d38250 (more...)}
	 first_pass = boolean: true
	 desc_nodes = table: 0x10c943b0  {}
	 name_override = nil
	 info_queue = table: 0x10c94428  {1:table: 0x110e8268}
	 loc_vars = table: 0x110e8240  {}
	 cfg = table: 0x11144a08  {bonus:0, h_mult:0, hands_played_at_create:0, mult:0, effect:Type Mult, t_mult:12 (more...)}
(6) Lua method 'generate_UIBox_ability_table' at Steamodded file 'src/loader.lua:594' 
	Local variables:
	 self = table: 0x10ce3768  {click_offset:table: 0x10ce4da0, sell_cost:2, children:table: 0x10d38250 (more...)}
(7) Lua method 'hover' at file 'card.lua:4502'
	Local variables:
	 self = table: 0x10ce3768  {click_offset:table: 0x10ce4da0, sell_cost:2, children:table: 0x10d38250 (more...)}
(8) Lua method 'update' at file 'engine/controller.lua:399'
	Local variables:
	 self = table: 0x10326418  {held_button_times:table: 0x10326ce8, focus_cursor_stack_level:1, snap_cursor_to:table: 0x10b51740 (more...)}
	 dt = number: 0.0168308
(9) Lua upvalue 'gameUpdateRef' at file 'game.lua:2675'
	Local variables:
	 self = table: 0x0fe17cf0  {F_GUIDE:false, F_CRASH_REPORTS:false, F_QUIT_BUTTON:true, F_ENGLISH_ONLY:false (more...)}
	 dt = number: 0
(10) Lua upvalue 'old_update' at Steamodded file 'src/ui.lua:84' 
	Local variables:
	 self = table: 0x0fe17cf0  {F_GUIDE:false, F_CRASH_REPORTS:false, F_QUIT_BUTTON:true, F_ENGLISH_ONLY:false (more...)}
	 dt = number: 0.0168308
(11) Lua method 'update' at file 'Aura.lua:203' (from mod with id Aura)
	Local variables:
	 self = table: 0x0fe17cf0  {F_GUIDE:false, F_CRASH_REPORTS:false, F_QUIT_BUTTON:true, F_ENGLISH_ONLY:false (more...)}
	 dt = number: 0.0168308
(12) Lua field 'update' at file 'main.lua:992'
	Local variables:
	 dt = number: 0.0168308
(13) Lua function '?' at file 'main.lua:931' (best guess)
(14) global C function 'xpcall'
(15) LÖVE function at file 'boot.lua:377' (best guess)
	Local variables:
	 func = Lua function '?' (defined at line 902 of chunk main.lua)
	 inerror = boolean: true
	 deferErrhand = Lua function '(LÖVE Function)' (defined at line 348 of chunk [love "boot.lua"])
	 earlyinit = Lua function '(LÖVE Function)' (defined at line 355 of chunk [love "boot.lua"])

INFO - [G] file not found: main.lua: No such file or directory
INFO - [G] file not found: main.lua: No such file or directory
INFO - [G] 2025-03-08 02:31:58 :: INFO  :: StackTrace :: Additional Context:
Balatro Version: 1.0.1o-FULL
Modded Version: 1.0.0~ALPHA-1409a-STEAMODDED
LÖVE Version: 11.5.0
Lovely Version: 0.7.1
Platform: Windows
Steamodded Mods:
    1: Zero Bullitro by BitBites [ID: 0Bullitro, Version: 1.0, Uses Lovely]
    2: Preorder Cards by asd123cqp [ID: preorder_cards]
    3: Aura by MathIsFun_, ChromaPIE, Bard, Grassy311, RattlingSnow353, Solace, RadicaAprils, chloe_cromslor [ID: Aura, Version: 0.023, Uses Lovely]
    4: Hentai Cards by Makubex77, Pheubel (Code) [ID: HentaiCards, Version: 1.1]
    5: Vintage Pinup Cards by NoScope1080 [ID: VintagePinupCards]
    6: Stickface Deck by Stickface [ID: StickfaceNSFWDeck, Version: 1.0.0]
    7: Balustro by someone23832 [ID: Balustro, Priority: -20, Version: 0.12, Uses Lovely]
Lovely Mods:
