INFO - [♥] Lovely 0.7.1
INFO - [♥] Game directory is at "C:\\Program Files (x86)\\Steam\\steamapps\\common\\Balatro"
INFO - [♥] Writing logs to "C:\\Users\\Administrator\\AppData\\Roaming\\Balatro\\Mods\\lovely\\log"
INFO - [♥] Using mod directory at "C:\\Users\\Administrator\\AppData\\Roaming\\Balatro\\Mods"
INFO - [♥] Found .lovelyignore in 'SakashimaJoker', skipping it.
INFO - [♥] Cleaning up dumps directory at "C:\\Users\\Administrator\\AppData\\Roaming\\Balatro\\Mods\\lovely\\dump"
INFO - [♥] Initialization complete in 23ms
WARN - [♥] Pattern 'ϖ' on target 'conf.lua' for pattern patch from 0Bullitro\lovely\numbers.toml resulted in no matches
INFO - [♥] Applied 0 patches to 'conf.lua'
INFO - [♥] Applied 13 patches to 'main.lua'
WARN - [♥] Pattern 'ϖ' on target 'engine/object.lua' for pattern patch from 0Bullitro\lovely\numbers.toml resulted in no matches
INFO - [♥] Applied 4 patches to 'engine/object.lua'
WARN - [♥] Pattern 'ϖ' on target 'engine/string_packer.lua' for pattern patch from 0Bullitro\lovely\numbers.toml resulted in no matches
INFO - [♥] Applied 0 patches to 'engine/string_packer.lua'
INFO - [♥] Applied 7 patches to 'engine/controller.lua'
INFO - [♥] Applied 14 patches to 'back.lua'
INFO - [♥] Applied 7 patches to 'tag.lua'
WARN - [♥] Pattern 'ϖ' on target 'engine/event.lua' for pattern patch from 0Bullitro\lovely\numbers.toml resulted in no matches
WARN - [♥] Pattern '--Class' on target 'engine/event.lua' for pattern patch from 0Bullitro\lovely\numbers.toml resulted in 2 matches, wanted 1
WARN - [♥] Ignoring excess matches
WARN - [♥] Pattern '--Class Methods' on target 'engine/event.lua' for pattern patch from 0Bullitro\lovely\numbers.toml resulted in 2 matches, wanted 1
WARN - [♥] Ignoring excess matches
INFO - [♥] Applied 3 patches to 'engine/event.lua'
WARN - [♥] Pattern 'ϖ' on target 'engine/node.lua' for pattern patch from 0Bullitro\lovely\numbers.toml resulted in no matches
INFO - [♥] Applied 2 patches to 'engine/node.lua'
INFO - [♥] Applied 5 patches to 'engine/moveable.lua'
INFO - [♥] Applied 2 patches to 'engine/sprite.lua'
INFO - [♥] Applied 2 patches to 'engine/animatedsprite.lua'
INFO - [♥] Applied 45 patches to 'functions/misc_functions.lua'
INFO - [♥] Applied 30 patches to 'game.lua'
INFO - [♥] Applied 1 patch to 'globals.lua'
WARN - [♥] Pattern '--Class' on target 'engine/ui.lua' for pattern patch from 0Bullitro\lovely\numbers.toml resulted in 2 matches, wanted 1
WARN - [♥] Ignoring excess matches
INFO - [♥] Applied 8 patches to 'engine/ui.lua'
INFO - [♥] Applied 73 patches to 'functions/UI_definitions.lua'
INFO - [♥] Applied 40 patches to 'functions/state_events.lua'
INFO - [♥] Applied 88 patches to 'functions/common_events.lua'
INFO - [♥] Applied 39 patches to 'functions/button_callbacks.lua'
WARN - [♥] Pattern 'ϖ' on target 'functions/test_functions.lua' for pattern patch from 0Bullitro\lovely\numbers.toml resulted in no matches
INFO - [♥] Applied 0 patches to 'functions/test_functions.lua'
INFO - [♥] Applied 144 patches to 'card.lua'
INFO - [♥] Applied 7 patches to 'cardarea.lua'
INFO - [♥] Applied 31 patches to 'blind.lua'
WARN - [♥] Pattern 'ϖ' on target 'card_character.lua' for pattern patch from 0Bullitro\lovely\numbers.toml resulted in no matches
INFO - [♥] Applied 0 patches to 'card_character.lua'
WARN - [♥] Pattern 'ϖ' on target 'engine/particles.lua' for pattern patch from 0Bullitro\lovely\numbers.toml resulted in no matches
INFO - [♥] Applied 0 patches to 'engine/particles.lua'
INFO - [♥] Applied 3 patches to 'engine/text.lua'
WARN - [♥] Pattern 'ϖ' on target 'challenges.lua' for pattern patch from 0Bullitro\lovely\numbers.toml resulted in no matches
WARN - [♥] Pattern 'ϖ' on target 'challenges.lua' for pattern patch from 0Bullitro\lovely\numbers.toml resulted in no matches
INFO - [♥] Applied 0 patches to 'challenges.lua'
INFO - [G] Failed to connect to the debug server
INFO - [G] 2025-03-12 00:09:19 :: DEBUG :: DebugConsole :: Steamodded Debug Socket started !
INFO - [♥] Applied 10 patches to 'engine/sound_manager.lua'
INFO - [♥] Applied 1 patch to 'engine/save_manager.lua'
WARN - [♥] Pattern 'ϖ' on target 'engine/object.lua' for pattern patch from 0Bullitro\lovely\numbers.toml resulted in no matches
INFO - [♥] Applied 4 patches to 'engine/object.lua'
WARN - [♥] Pattern 'ϖ' on target 'engine/string_packer.lua' for pattern patch from 0Bullitro\lovely\numbers.toml resulted in no matches
INFO - [♥] Applied 0 patches to 'engine/string_packer.lua'
INFO - [G] 2025-03-12 00:09:20 :: ERROR :: Loader :: Found invalid metadata JSON file at C:\Users\Administrator\AppData\Roaming\Balatro\Mods/.vscode/settings.json, ignoring: [SMODS _ "src/loader.lua"]:226: id
INFO - [G] 2025-03-12 00:09:20 :: INFO  :: DefaultLogger :: Valid JSON file found
INFO - [G] 2025-03-12 00:09:20 :: ERROR :: Loader :: Found invalid metadata JSON file at C:\Users\Administrator\AppData\Roaming\Balatro\Mods/Aura/.vscode/settings.json, ignoring: [SMODS _ "src/loader.lua"]:226: id
INFO - [G] 2025-03-12 00:09:20 :: TRACE :: Loader :: Processing Mod file (Legacy header): Aura.lua
INFO - [G] 2025-03-12 00:09:20 :: TRACE :: Loader :: Saving Mod Info: Aura
INFO - [G] 2025-03-12 00:09:20 :: TRACE :: Loader :: Processing Mod file (Legacy header): PreorderCards.lua
INFO - [G] 2025-03-12 00:09:20 :: TRACE :: Loader :: Saving Mod Info: preorder_cards
INFO - [G] 2025-03-12 00:09:20 :: INFO  :: DefaultLogger :: Valid JSON file found
INFO - [G] 2025-03-12 00:09:20 :: INFO  :: DefaultLogger :: Valid JSON file found
INFO - [G] 2025-03-12 00:09:20 :: TRACE :: Loader :: Processing Mod file (Legacy header): HentaiCards.lua
INFO - [G] 2025-03-12 00:09:20 :: WARN  :: Loader :: Duplicate Mod ID: HentaiCards
INFO - [G] 2025-03-12 00:09:20 :: TRACE :: Loader :: Processing Mod file (Legacy header): SakashimaJoker.lua
INFO - [G] 2025-03-12 00:09:20 :: TRACE :: Loader :: Saving Mod Info: SakashimaJoker
INFO - [G] 2025-03-12 00:09:20 :: INFO  :: DefaultLogger :: Valid JSON file found
INFO - [G] 2025-03-12 00:09:20 :: TRACE :: Loader :: Processing Mod file (Legacy header): VintagePinupCards.lua
INFO - [G] 2025-03-12 00:09:20 :: TRACE :: Loader :: Saving Mod Info: VintagePinupCards
INFO - [G] 2025-03-12 00:09:20 :: WARN  :: DeckSkin :: Old DeckSkin formatting detected on DeckSkin lust_LuckHearts!
INFO - [G] 2025-03-12 00:09:20 :: WARN  :: DeckSkin :: Old DeckSkin formatting detected on DeckSkin lust_LuckClubs!
INFO - [G] 2025-03-12 00:09:20 :: WARN  :: DeckSkin :: Old DeckSkin formatting detected on DeckSkin lust_LuckDiamonds!
INFO - [G] 2025-03-12 00:09:20 :: WARN  :: DeckSkin :: Old DeckSkin formatting detected on DeckSkin lust_LuckSpades!
INFO - [G] great
INFO - [G] great
INFO - [G] great
INFO - [G] great
INFO - [G] great
INFO - [G] Picture dimensions: 138 x 186
INFO - [G] Number of animation frames: 8
INFO - [G] Comment inside this GIF: Created with Paint.NET
INFO - [G] Picture dimensions: 138 x 186
INFO - [G] Number of animation frames: 1
INFO - [G] Comment inside this GIF: NO_COMMENT
INFO - [G] Picture dimensions: 138 x 186
INFO - [G] Number of animation frames: 9
INFO - [G] Comment inside this GIF: Created with Paint.NET
INFO - [G] great
INFO - [G] 2025-03-12 00:09:21 :: WARN  :: Atlas :: Object centers has the same key as an existing object, not registering.
INFO - [G] 2025-03-12 00:09:21 :: WARN  :: Atlas :: If you want to modify an existing object, use take_ownership()
INFO - [G] soul_atlas
INFO - [G] 2025-03-12 00:09:21 :: TRACE :: Loader :: Mod SakashimaJoker was unable to load: 
INFO - [G] 2025-03-12 00:09:21 :: INFO  :: TIMER :: [0000] Injected Language in 0.001 ms
INFO - [G] 2025-03-12 00:09:21 :: INFO  :: TIMER :: [0000] Injected [INTERNAL] in 1.676 ms
INFO - [G] mod_tags
INFO - [G] achievements
INFO - [G] lust_AltVersions
INFO - [G] Joker
INFO - [G] centers
INFO - [G] lust_editions
INFO - [G] lust_LustTarot
INFO - [G] Booster
INFO - [G] stickers
INFO - [G] shop_sign
INFO - [G] balatro
INFO - [G] lust_modicon
INFO - [G] BalustroIcons
INFO - [G] lust_BalustroPlayingCards
INFO - [G] lust_LuckPlayingCardsLC
INFO - [G] lust_LuckPlayingCardsHC
INFO - [G] bull_wide_card
INFO - [G] bull_carper_card
INFO - [G] bull_Jokers-bean
INFO - [G] bull_Jokers-ice cream
INFO - [G] bull_Jokers-popcorn
INFO - [G] bull_Jokers-ramen
INFO - [G] bull_Jokers-green guy
INFO - [G] aura_j_faceless
INFO - [G] aura_j_seance
INFO - [G] aura_j_juggler
INFO - [G] aura_c_hearts
INFO - [G] aura_c_diamonds
INFO - [G] aura_c_clubs
INFO - [G] aura_c_spades
INFO - [G] aura_goon_icon_heart
INFO - [G] aura_goon_icon_diamond
INFO - [G] aura_goon_icon_club
INFO - [G] aura_goon_icon_spade
INFO - [G] aura_Jokers-Matoi Ryuuko
INFO - [G] FHC_hentai_cards_deck_lc
INFO - [G] FHC_hentai_cards_deck_hc
INFO - [G] Tarot
INFO - [G] Planet
INFO - [G] Spectral
INFO - [G] soul_atlas
INFO - [G] StickfaceNSFW_8BitDeck_opt2
INFO - [G] StickfaceNSFW_8BitDeck
INFO - [G] StickfaceNSFW_icon_lc
INFO - [G] StickfaceNSFW_icon_hc
INFO - [G] vintage_pinup_cards
INFO - [G] 2025-03-12 00:09:22 :: INFO  :: TIMER :: [0046] Injected Atlas in 1152.643 ms
INFO - [G] 2025-03-12 00:09:22 :: INFO  :: TIMER :: [0053] Injected Sound in 3.940 ms
INFO - [G] 2025-03-12 00:09:22 :: INFO  :: TIMER :: [0008] Injected Stake in 0.151 ms
INFO - [G] 2025-03-12 00:09:22 :: INFO  :: TIMER :: [0004] Injected Rarity in 0.046 ms
INFO - [G] 2025-03-12 00:09:22 :: INFO  :: TIMER :: [0004] Injected ObjectType in 0.031 ms
INFO - [G] 2025-03-12 00:09:22 :: INFO  :: TIMER :: [0219] Injected Center in 2.481 ms
INFO - [G] 2025-03-12 00:09:22 :: INFO  :: TIMER :: [0007] Injected Undiscovered Sprite in 0.013 ms
INFO - [G] 2025-03-12 00:09:22 :: INFO  :: TIMER :: [0002] Injected Blind in 0.020 ms
INFO - [G] 2025-03-12 00:09:22 :: INFO  :: TIMER :: [0004] Injected Seal in 0.080 ms
INFO - [G] 2025-03-12 00:09:22 :: INFO  :: TIMER :: [0004] Injected Suit in 0.058 ms
INFO - [G] 2025-03-12 00:09:22 :: INFO  :: TIMER :: [0013] Injected Rank in 0.064 ms
INFO - [G] 2025-03-12 00:09:22 :: INFO  :: TIMER :: [0052] Injected DeckSkin in 0.388 ms
INFO - [G] 2025-03-12 00:09:22 :: INFO  :: TIMER :: [0012] Injected PokerHand in 0.073 ms
INFO - [G] 2025-03-12 00:09:22 :: INFO  :: TIMER :: [0020] Injected Challenge in 0.031 ms
INFO - [G] 2025-03-12 00:09:22 :: INFO  :: TIMER :: [0000] Injected Tag in 0.002 ms
INFO - [G] 2025-03-12 00:09:22 :: INFO  :: TIMER :: [0004] Injected Sticker in 0.123 ms
INFO - [G] 2025-03-12 00:09:22 :: INFO  :: TIMER :: [0000] Injected Shader in 0.002 ms
INFO - [G] 2025-03-12 00:09:22 :: INFO  :: TIMER :: [0001] Injected Keybind in 0.014 ms
INFO - [G] 2025-03-12 00:09:22 :: INFO  :: TIMER :: [0000] Injected Achievement in 0.030 ms
INFO - [G] 2025-03-12 00:09:22 :: INFO  :: TIMER :: [0000] Injected [INTERNAL] in 1.950 ms
INFO - [G] ERROR LOADING GAME: Card area 'shop_booster' not instantiated before load
INFO - [G] ERROR LOADING GAME: Card area 'shop_vouchers' not instantiated before load
INFO - [G] ERROR LOADING GAME: Card area 'shop_jokers' not instantiated before load
INFO - [G] normal
INFO - [G] normal
INFO - [G] nil
INFO - [G] nil
INFO - [G] working
INFO - [G] fantastic
INFO - [G] fine
INFO - [G] chips
INFO - [G] 0
INFO - [G] ok
INFO - [G] 0
INFO - [G] chip_mod
INFO - [G] 0
INFO - [G] ok
INFO - [G] 0
INFO - [G] x_chips
INFO - [G] 1
INFO - [G] ok
INFO - [G] 1
INFO - [G] Xchip_mod
INFO - [G] 1
INFO - [G] ok
INFO - [G] 1
INFO - [G] mult
INFO - [G] 0
INFO - [G] ok
INFO - [G] 0
INFO - [G] mult_mod
INFO - [G] 0
INFO - [G] ok
INFO - [G] 0
INFO - [G] x_mult
INFO - [G] 1
INFO - [G] ok
INFO - [G] 1
INFO - [G] Xmult_mod
INFO - [G] 1
INFO - [G] ok
INFO - [G] 1
INFO - [G] dollars
INFO - [G] 0
INFO - [G] ok
INFO - [G] 0
INFO - [G] interest_cap
INFO - [G] 0
INFO - [G] ok
INFO - [G] 0
INFO - [G] interest_gain
INFO - [G] 0
INFO - [G] ok
INFO - [G] 0
INFO - [G] interest_amount
INFO - [G] 0
INFO - [G] ok
INFO - [G] 0
INFO - [G] debt_size
INFO - [G] 0
INFO - [G] ok
INFO - [G] 0
INFO - [G] h_plays
INFO - [G] 0
INFO - [G] ok
INFO - [G] 0
INFO - [G] d_size
INFO - [G] 0
INFO - [G] ok
INFO - [G] 0
INFO - [G] h_size
INFO - [G] 5
INFO - [G] ok
INFO - [G] 0
INFO - [G] odds_bonus
INFO - [G] 0
INFO - [G] ok
INFO - [G] 0
INFO - [G] odds_mult
INFO - [G] 1
INFO - [G] ok
INFO - [G] 1
INFO - [G] free_rerolls
INFO - [G] 0
INFO - [G] ok
INFO - [G] 0
INFO - [G] discards_since_create
INFO - [G] 0
INFO - [G] ok
INFO - [G] 0
INFO - [G] hands_played_since_create
INFO - [G] 0
INFO - [G] ok
INFO - [G] 0
INFO - [G] consecutive_without_face_cards
INFO - [G] 0
INFO - [G] ok
INFO - [G] 0
INFO - [G] consecutive_without_most_played
INFO - [G] 0
INFO - [G] ok
INFO - [G] 0
INFO - [G] abilities
INFO - [G] line not found
INFO - [G] file not found: main.lua: No such file or directory
INFO - [G] file not found: main.lua: No such file or directory
INFO - [G] file not found: engine/object.lua: No such file or directory
INFO - [G] file not found: main.lua: No such file or directory
INFO - [G] file not found: main.lua: No such file or directory
INFO - [G] 2025-03-12 00:09:30 :: ERROR :: StackTrace :: Oops! The game crashed
engine/object.lua:502: attempt to perform arithmetic on local 'a' (a table value)
Stack Traceback
===============
(1) Lua local 'handler' at file 'main.lua:612'
	Local variables:
	 msg = string: "engine/object.lua:502: attempt to perform arithmetic on local 'a' (a table value)"
	 (*temporary) = Lua function '?' (defined at line 31 of chunk [SMODS _ "src/logging.lua"])
	 (*temporary) = string: "Oops! The game crashed\
"
(2) LÖVE metamethod at file 'boot.lua:352'
	Local variables:
	 errhand = Lua function '?' (defined at line 598 of chunk main.lua)
	 handler = Lua function '?' (defined at line 598 of chunk main.lua)
(3) Lua local 'operation_func' at file 'engine/object.lua:502'
	Local variables:
	 a = table: 0x166a2b78  {}
	 b = number: 0
	 (*temporary) = string: "abilities"
	 (*temporary) = string: "attempt to perform arithmetic on local 'a' (a table value)"
(4) Lua field 'tug' at file 'engine/object.lua:504'
	Local variables:
	 field = string: "abilities"
	 val = nil
	 operation_func = Lua function '?' (defined at line 502 of chunk engine/object.lua)
	 force = nil
	 field_value = table: 0x166a2b78  {}
(5) Lua field 'apply_ability' at file 'engine/object.lua:513'
	Local variables:
	 field = string: "abilities"
(6) Lua field 'apply_all_abilities' at file 'engine/object.lua:525'
	Local variables:
	 (for generator) = C function: builtin#6
	 (for state) = table: 0x152afe28  {1:event_id, 2:chips, 3:chip_mod, 4:x_chips, 5:Xchip_mod, 6:mult, 7:mult_mod (more...)}
	 (for control) = number: 29
	 _ = number: 29
	 field = string: "abilities"
(7) Lua upvalue 'callback' at file '0Bullitro.lua:1372' (from mod with id 0Bullitro)
	Local variables:
	 eventObject = table: 0x17789078  {self:table: 0x17788768, SELF:table: 0x154f3820, other:table: 0x17788c78 (more...)}
	 card = table: 0x17788768  {object:table: 0x15c60f20, resign_ability:function: 0x17788c18, set:function: 0x17788b88 (more...)}
(8) Lua method 'add_to_deck' at file 'engine/object.lua:584'
	Local variables:
	 _self = table: 0x154f3820  {display_size:table: 0x15562fe0, loc_vars:function: 0x156ff658, calc_dollar_bonus:function: 0x1599f278 (more...)}
	 card = table: 0x15c60f20  {added_to_deck:true, click_offset:table: 0x15fe9688, highlighted:false, children:table: 0x16169610 (more...)}
	 context = nil
	 first = nil
	 second = nil
	 this_card = table: 0x17788768  {object:table: 0x15c60f20, resign_ability:function: 0x17788c18, set:function: 0x17788b88 (more...)}
	 other_card = table: 0x17788c78  {object:table: 0x15c60f20, resign_ability:function: 0x17788ff8, set:function: 0x17788f68 (more...)}
(9) Lua method 'add_to_deck' at file 'card.lua:695'
	Local variables:
	 self = table: 0x15c60f20  {added_to_deck:true, click_offset:table: 0x15fe9688, highlighted:false, children:table: 0x16169610 (more...)}
	 from_debuff = nil
	 obj = table: 0x154f3820  {display_size:table: 0x15562fe0, loc_vars:function: 0x156ff658, calc_dollar_bonus:function: 0x1599f278 (more...)}
(10) Lua field 'func' at file 'functions/button_callbacks.lua:2453'
(11) Lua method 'handle' at file 'engine/event.lua:77'
	Local variables:
	 self = table: 0x1b70adc8  {start_timer:true, timer:TOTAL, blockable:true, trigger:after, func:function: 0x1b70ad60 (more...)}
	 _results = table: 0x1678eae0  {blocking:true, pause_skip:false, time_done:true, completed:false}
(12) Lua method 'update' at file 'engine/event.lua:206'
	Local variables:
	 self = table: 0x15975c80  {queue_last_processed:7.6166666666666, queues:table: 0x15975ca8, queue_dt:0.016666666666667 (more...)}
	 dt = number: 0.0165346
	 forced = nil
	 (for generator) = C function: next
	 (for state) = table: 0x15975ca8  {unlock:table: 0x15c5f920, other:table: 0x15c5f9c0, tutorial:table: 0x15c5f970 (more...)}
	 (for control) = number: nan
	 k = string: "base"
	 v = table: 0x15c5f948  {1:table: 0x15c76f58, 2:table: 0x1b70adc8, 3:table: 0x1778de08}
	 blocked = boolean: false
	 i = number: 2
	 results = table: 0x1678eae0  {blocking:true, pause_skip:false, time_done:true, completed:false}
(13) Lua upvalue 'gameUpdateRef' at file 'game.lua:2542'
	Local variables:
	 self = table: 0x1538d810  {F_GUIDE:false, F_CRASH_REPORTS:false, F_QUIT_BUTTON:true, HUD_tags:table: 0x16fa63a8 (more...)}
	 dt = number: 0.0165346
	 http_resp = nil
(14) Lua upvalue 'old_update' at Steamodded file 'src/ui.lua:84' 
	Local variables:
	 self = table: 0x1538d810  {F_GUIDE:false, F_CRASH_REPORTS:false, F_QUIT_BUTTON:true, HUD_tags:table: 0x16fa63a8 (more...)}
	 dt = number: 0.0165346
(15) Lua method 'update' at file 'Aura.lua:203' (from mod with id Aura)
	Local variables:
	 self = table: 0x1538d810  {F_GUIDE:false, F_CRASH_REPORTS:false, F_QUIT_BUTTON:true, HUD_tags:table: 0x16fa63a8 (more...)}
	 dt = number: 0.0165346
(16) Lua field 'update' at file 'main.lua:992'
	Local variables:
	 dt = number: 0.0165346
(17) Lua function '?' at file 'main.lua:931' (best guess)
(18) global C function 'xpcall'
(19) LÖVE function at file 'boot.lua:377' (best guess)
	Local variables:
	 func = Lua function '?' (defined at line 902 of chunk main.lua)
	 inerror = boolean: true
	 deferErrhand = Lua function '(LÖVE Function)' (defined at line 348 of chunk [love "boot.lua"])
	 earlyinit = Lua function '(LÖVE Function)' (defined at line 355 of chunk [love "boot.lua"])

INFO - [G] file not found: engine/object.lua: No such file or directory
INFO - [G] file not found: main.lua: No such file or directory
INFO - [G] file not found: main.lua: No such file or directory
INFO - [G] 2025-03-12 00:09:30 :: INFO  :: StackTrace :: Additional Context:
Balatro Version: 1.0.1o-FULL
Modded Version: 1.0.0~ALPHA-1409a-STEAMODDED
LÖVE Version: 11.5.0
Lovely Version: 0.7.1
Platform: Windows
Steamodded Mods:
    1: Zero Bullitro by BitBites [ID: 0Bullitro, Version: 1.0, Uses Lovely]
    2: Preorder Cards by asd123cqp [ID: preorder_cards]
    3: Aura by MathIsFun_, ChromaPIE, Bard, Grassy311, RattlingSnow353, Solace, RadicaAprils, chloe_cromslor [ID: Aura, Version: 0.023, Uses Lovely]
    4: Hentai Cards by Makubex77, Pheubel (Code) [ID: HentaiCards, Version: 1.1]
    5: Vintage Pinup Cards by NoScope1080 [ID: VintagePinupCards]
    6: Stickface Deck by Stickface [ID: StickfaceNSFWDeck, Version: 1.0.0]
    7: Balustro by someone23832 [ID: Balustro, Priority: -20, Version: 0.12, Uses Lovely]
Lovely Mods:
