INFO - [♥] Lovely 0.7.1
INFO - [♥] Game directory is at "C:\\Program Files (x86)\\Steam\\steamapps\\common\\Balatro"
INFO - [♥] Writing logs to "C:\\Users\\Administrator\\AppData\\Roaming\\Balatro\\Mods\\lovely\\log"
INFO - [♥] Using mod directory at "C:\\Users\\Administrator\\AppData\\Roaming\\Balatro\\Mods"
INFO - [♥] Found .lovelyignore in 'SakashimaJoker', skipping it.
INFO - [♥] Cleaning up dumps directory at "C:\\Users\\Administrator\\AppData\\Roaming\\Balatro\\Mods\\lovely\\dump"
INFO - [♥] Initialization complete in 20ms
INFO - [♥] Applied 12 patches to 'main.lua'
INFO - [♥] Applied 5 patches to 'engine/controller.lua'
INFO - [♥] Applied 13 patches to 'back.lua'
INFO - [♥] Applied 6 patches to 'tag.lua'
INFO - [♥] Applied 1 patch to 'engine/moveable.lua'
INFO - [♥] Applied 2 patches to 'engine/sprite.lua'
INFO - [♥] Applied 2 patches to 'engine/animatedsprite.lua'
INFO - [♥] Applied 44 patches to 'functions/misc_functions.lua'
INFO - [♥] Applied 24 patches to 'game.lua'
INFO - [♥] Applied 1 patch to 'globals.lua'
INFO - [♥] Applied 3 patches to 'engine/ui.lua'
INFO - [♥] Applied 72 patches to 'functions/UI_definitions.lua'
INFO - [♥] Applied 39 patches to 'functions/state_events.lua'
INFO - [♥] Applied 86 patches to 'functions/common_events.lua'
INFO - [♥] Applied 38 patches to 'functions/button_callbacks.lua'
INFO - [♥] Applied 141 patches to 'card.lua'
INFO - [♥] Applied 6 patches to 'cardarea.lua'
INFO - [♥] Applied 30 patches to 'blind.lua'
INFO - [♥] Applied 2 patches to 'engine/text.lua'
INFO - [G] Failed to connect to the debug server
INFO - [G] 2025-02-27 22:36:46 :: DEBUG :: DebugConsole :: Steamodded Debug Socket started !
INFO - [♥] Applied 9 patches to 'engine/sound_manager.lua'
INFO - [♥] Applied 1 patch to 'engine/save_manager.lua'
INFO - [G] 2025-02-27 22:36:48 :: ERROR :: Loader :: Found invalid metadata JSON file at C:\Users\Administrator\AppData\Roaming\Balatro\Mods/.vscode/settings.json, ignoring: [SMODS _ "src/loader.lua"]:226: id
INFO - [G] 2025-02-27 22:36:48 :: ERROR :: Loader :: Found invalid metadata JSON file at C:\Users\Administrator\AppData\Roaming\Balatro\Mods/Aura/.vscode/settings.json, ignoring: [SMODS _ "src/loader.lua"]:226: id
INFO - [G] 2025-02-27 22:36:48 :: TRACE :: Loader :: Processing Mod file (Legacy header): Aura.lua
INFO - [G] 2025-02-27 22:36:48 :: TRACE :: Loader :: Saving Mod Info: Aura
INFO - [G] 2025-02-27 22:36:48 :: TRACE :: Loader :: Processing Mod file (Legacy header): PreorderCards.lua
INFO - [G] 2025-02-27 22:36:48 :: TRACE :: Loader :: Saving Mod Info: preorder_cards
INFO - [G] 2025-02-27 22:36:48 :: TRACE :: Loader :: Processing Mod file (Legacy header): SakashimaJoker.lua
INFO - [G] 2025-02-27 22:36:48 :: TRACE :: Loader :: Saving Mod Info: SakashimaJoker
INFO - [G] 2025-02-27 22:36:48 :: TRACE :: Loader :: Mod SakashimaJoker was unable to load: 
INFO - [G] 2025-02-27 22:36:48 :: INFO  :: TIMER :: [0000] Injected Language in 0.001 ms
INFO - [G] 2025-02-27 22:36:48 :: INFO  :: TIMER :: [0000] Injected [INTERNAL] in 0.909 ms
INFO - [G] 2025-02-27 22:36:49 :: INFO  :: TIMER :: [0032] Injected Atlas in 1289.817 ms
INFO - [G] 2025-02-27 22:36:49 :: INFO  :: TIMER :: [0053] Injected Sound in 4.539 ms
INFO - [G] 2025-02-27 22:36:49 :: INFO  :: TIMER :: [0008] Injected Stake in 0.158 ms
INFO - [G] 2025-02-27 22:36:49 :: INFO  :: TIMER :: [0004] Injected Rarity in 0.015 ms
INFO - [G] 2025-02-27 22:36:49 :: INFO  :: TIMER :: [0004] Injected ObjectType in 0.032 ms
INFO - [G] 2025-02-27 22:36:49 :: INFO  :: TIMER :: [0198] Injected Center in 2.424 ms
INFO - [G] 2025-02-27 22:36:49 :: INFO  :: TIMER :: [0007] Injected Undiscovered Sprite in 0.013 ms
INFO - [G] 2025-02-27 22:36:49 :: INFO  :: TIMER :: [0002] Injected Blind in 0.016 ms
INFO - [G] 2025-02-27 22:36:49 :: INFO  :: TIMER :: [0004] Injected Seal in 0.124 ms
INFO - [G] 2025-02-27 22:36:49 :: INFO  :: TIMER :: [0004] Injected Suit in 0.077 ms
INFO - [G] 2025-02-27 22:36:49 :: INFO  :: TIMER :: [0013] Injected Rank in 0.082 ms
INFO - [G] 2025-02-27 22:36:49 :: INFO  :: TIMER :: [0028] Injected DeckSkin in 0.212 ms
INFO - [G] 2025-02-27 22:36:49 :: INFO  :: TIMER :: [0012] Injected PokerHand in 0.061 ms
INFO - [G] 2025-02-27 22:36:49 :: INFO  :: TIMER :: [0020] Injected Challenge in 0.023 ms
INFO - [G] 2025-02-27 22:36:49 :: INFO  :: TIMER :: [0000] Injected Tag in 0.002 ms
INFO - [G] 2025-02-27 22:36:49 :: INFO  :: TIMER :: [0004] Injected Sticker in 0.070 ms
INFO - [G] 2025-02-27 22:36:49 :: INFO  :: TIMER :: [0000] Injected Shader in 0.001 ms
INFO - [G] 2025-02-27 22:36:49 :: INFO  :: TIMER :: [0001] Injected Keybind in 0.011 ms
INFO - [G] 2025-02-27 22:36:49 :: INFO  :: TIMER :: [0000] Injected Achievement in 0.036 ms
INFO - [G] 2025-02-27 22:36:49 :: INFO  :: TIMER :: [0000] Injected [INTERNAL] in 0.464 ms
INFO - [G] it exists (false) and frames are: (false, false)
INFO - [G] it exists (false) and frames are: (false, false)
INFO - [G] it exists (false) and frames are: (false, false)
INFO - [G] it exists (false) and frames are: (false, false)
INFO - [G] it exists (false) and frames are: (false, false)
INFO - [G] it exists (false) and frames are: (false, false)
INFO - [G] it exists (false) and frames are: (false, false)
INFO - [G] it exists (false) and frames are: (false, false)
INFO - [G] it exists (false) and frames are: (false, false)
INFO - [G] it exists (false) and frames are: (false, false)
INFO - [G] it exists (false) and frames are: (false, false)
INFO - [G] it exists (false) and frames are: (false, false)
INFO - [G] it exists (false) and frames are: (false, false)
INFO - [G] it exists (false) and frames are: (false, false)
INFO - [G] it exists (false) and frames are: (false, false)
INFO - [G] it exists (false) and frames are: (false, false)
INFO - [G] it exists (false) and frames are: (false, false)
INFO - [G] it exists (false) and frames are: (false, false)
INFO - [G] it exists (false) and frames are: (false, false)
INFO - [G] it exists (false) and frames are: (false, false)
INFO - [G] it exists (false) and frames are: (false, false)
INFO - [G] it exists (false) and frames are: (false, false)
INFO - [G] it exists (false) and frames are: (false, false)
INFO - [G] it exists (false) and frames are: (false, false)
INFO - [G] it exists (false) and frames are: (false, false)
INFO - [G] it exists (false) and frames are: (false, false)
INFO - [G] it exists (false) and frames are: (false, false)
INFO - [G] it exists (false) and frames are: (false, false)
INFO - [G] it exists (false) and frames are: (false, false)
INFO - [G] it exists (false) and frames are: (false, false)
INFO - [G] it exists (false) and frames are: (false, false)
INFO - [G] it exists (false) and frames are: (false, false)
INFO - [G] it exists (false) and frames are: (false, false)
INFO - [G] it exists (false) and frames are: (false, false)
INFO - [G] it exists (false) and frames are: (false, false)
INFO - [G] it exists (false) and frames are: (false, false)
INFO - [G] it exists (false) and frames are: (false, false)
INFO - [G] it exists (false) and frames are: (false, false)
INFO - [G] it exists (false) and frames are: (false, false)
INFO - [G] it exists (false) and frames are: (false, false)
INFO - [G] line not found
INFO - [G] file not found: main.lua: No such file or directory
INFO - [G] file not found: main.lua: No such file or directory
INFO - [G] file not found: main.lua: No such file or directory
INFO - [G] file not found: main.lua: No such file or directory
INFO - [G] 2025-02-27 22:36:50 :: ERROR :: StackTrace :: Oops! The game crashed
[SMODS Aura "Aura.lua"]:346: attempt to call field 'scheduler' (a nil value)
Stack Traceback
===============
(1) Lua local 'handler' at file 'main.lua:612'
	Local variables:
	 msg = string: "[SMODS Aura \"Aura.lua\"]:346: attempt to call field 'scheduler' (a nil value)"
	 (*temporary) = Lua function '?' (defined at line 31 of chunk [SMODS _ "src/logging.lua"])
	 (*temporary) = string: "Oops! The game crashed\
"
(2) LÖVE field at file 'boot.lua:352'
	Local variables:
	 errhand = Lua function '?' (defined at line 598 of chunk main.lua)
	 handler = Lua function '?' (defined at line 598 of chunk main.lua)
(3) Lua upvalue 'adv_anim_obj_pos' at file 'Aura.lua:346' (from mod with id Aura)
	Local variables:
	 anim_obj = table: 0x0cd64c40  {animation:table: 0x0cf52f30}
	 obj_pos = table: 0x0ce70030  {y:0, x:0}
	 target = nil
	 anim = table: 0x0cf52f30  {frames:24, frames_per_row:4, t:0.010216471415999, sfx:table: 0x0cf53af8 (more...)}
	 jkr = nil
	 loc = number: 1
	 frame_number = number: 2
	 sound_effects_schedule = table: 0x0cf541a0  {14:table: 0x0cbf7678, 22:table: 0x0cbf7820, 6:table: 0x0cbf7580}
	 (*temporary) = nil
	 (*temporary) = number: 2
	 (*temporary) = nil
	 (*temporary) = number: -1.22308
	 (*temporary) = number: -2.6496e-05
	 (*temporary) = number: 33.5
	 (*temporary) = number: 3.89431
	 (*temporary) = number: 5.1174
	 (*temporary) = number: 1.01278
	 (*temporary) = string: "attempt to call field 'scheduler' (a nil value)"
(4) Lua field 'update_frame' at file 'Aura.lua:366' (from mod with id Aura)
	Local variables:
	 dt = number: 0.0142328
	 k = string: "j_faceless"
	 obj = table: 0x0ceb8978  {alerted:true, _saved_d_u:true, original_key:j_faceless, mod:table: 0x0cc2c618 (more...)}
	 jkr = nil
	 next_frame = boolean: true
	 next_frame_extra = boolean: false
	 anim = table: 0x0cf52f30  {frames:24, frames_per_row:4, t:0.010216471415999, sfx:table: 0x0cf53af8 (more...)}
	 obj_pos = table: 0x0ce70030  {y:0, x:0}
(5) Lua method 'update' at file 'Aura.lua:376' (from mod with id Aura)
	Local variables:
	 self = table: 0x0c8e0308  {F_GUIDE:false, F_CRASH_REPORTS:false, F_QUIT_BUTTON:true, F_ENGLISH_ONLY:false (more...)}
	 dt = number: 0.0142328
	 (for generator) = C function: next
	 (for state) = table: 0x0ca9ce10  {j_mime:table: 0x0c9ab5f0, j_sly:table: 0x0cbd9040, j_ceremonial:table: 0x0cbd6f60 (more...)}
	 (for control) = number: nan
	 k = string: "j_faceless"
	 v = table: 0x0cf52f30  {frames:24, frames_per_row:4, t:0.010216471415999, sfx:table: 0x0cf53af8 (more...)}
(6) Lua field 'update' at file 'main.lua:992'
	Local variables:
	 dt = number: 0.0142328
(7) Lua function '?' at file 'main.lua:931' (best guess)
(8) global C function 'xpcall'
(9) LÖVE function at file 'boot.lua:377' (best guess)
	Local variables:
	 func = Lua function '?' (defined at line 902 of chunk main.lua)
	 inerror = boolean: true
	 deferErrhand = Lua function '(LÖVE Function)' (defined at line 348 of chunk [love "boot.lua"])
	 earlyinit = Lua function '(LÖVE Function)' (defined at line 355 of chunk [love "boot.lua"])

INFO - [G] file not found: main.lua: No such file or directory
INFO - [G] file not found: main.lua: No such file or directory
INFO - [G] 2025-02-27 22:36:50 :: INFO  :: StackTrace :: Additional Context:
Balatro Version: 1.0.1o-FULL
Modded Version: 1.0.0~ALPHA-1409a-STEAMODDED
LÖVE Version: 11.5.0
Lovely Version: 0.7.1
Platform: Windows
Steamodded Mods:
    1: Aura by MathIsFun_, ChromaPIE, Bard, Grassy311, RattlingSnow353, Solace, RadicaAprils, chloe_cromslor [ID: Aura, Version: 0.023, Uses Lovely]
    2: Preorder Cards by asd123cqp [ID: preorder_cards]
Lovely Mods:
