INFO - [♥] Lovely 0.7.1
INFO - [♥] Game directory is at "C:\\Program Files (x86)\\Steam\\steamapps\\common\\Balatro"
INFO - [♥] Writing logs to "C:\\Users\\Administrator\\AppData\\Roaming\\Balatro\\Mods\\lovely\\log"
INFO - [♥] Using mod directory at "C:\\Users\\Administrator\\AppData\\Roaming\\Balatro\\Mods"
INFO - [♥] Found .lovelyignore in 'Aura', skipping it.
INFO - [♥] Found .lovelyignore in 'SakashimaJoker', skipping it.
INFO - [♥] Cleaning up dumps directory at "C:\\Users\\Administrator\\AppData\\Roaming\\Balatro\\Mods\\lovely\\dump"
INFO - [♥] Initialization complete in 236ms
WARN - [♥] Pattern 'ϖ' on target 'conf.lua' for pattern patch from 0Bullitro\lovely\numbers.toml resulted in no matches
INFO - [♥] Applied 0 patches to 'conf.lua'
INFO - [♥] Applied 13 patches to 'main.lua'
WARN - [♥] Pattern 'ϖ' on target 'engine/object.lua' for pattern patch from 0Bullitro\lovely\numbers.toml resulted in no matches
INFO - [♥] Applied 4 patches to 'engine/object.lua'
WARN - [♥] Pattern 'ϖ' on target 'engine/string_packer.lua' for pattern patch from 0Bullitro\lovely\numbers.toml resulted in no matches
INFO - [♥] Applied 0 patches to 'engine/string_packer.lua'
INFO - [♥] Applied 7 patches to 'engine/controller.lua'
INFO - [♥] Applied 14 patches to 'back.lua'
INFO - [♥] Applied 7 patches to 'tag.lua'
WARN - [♥] Pattern 'ϖ' on target 'engine/event.lua' for pattern patch from 0Bullitro\lovely\numbers.toml resulted in no matches
WARN - [♥] Pattern '--Class' on target 'engine/event.lua' for pattern patch from 0Bullitro\lovely\numbers.toml resulted in 2 matches, wanted 1
WARN - [♥] Ignoring excess matches
WARN - [♥] Pattern '--Class Methods' on target 'engine/event.lua' for pattern patch from 0Bullitro\lovely\numbers.toml resulted in 2 matches, wanted 1
WARN - [♥] Ignoring excess matches
INFO - [♥] Applied 3 patches to 'engine/event.lua'
WARN - [♥] Pattern 'ϖ' on target 'engine/node.lua' for pattern patch from 0Bullitro\lovely\numbers.toml resulted in no matches
INFO - [♥] Applied 2 patches to 'engine/node.lua'
INFO - [♥] Applied 5 patches to 'engine/moveable.lua'
INFO - [♥] Applied 2 patches to 'engine/sprite.lua'
INFO - [♥] Applied 2 patches to 'engine/animatedsprite.lua'
INFO - [♥] Applied 42 patches to 'functions/misc_functions.lua'
INFO - [♥] Applied 32 patches to 'game.lua'
INFO - [♥] Applied 1 patch to 'globals.lua'
WARN - [♥] Pattern '--Class' on target 'engine/ui.lua' for pattern patch from 0Bullitro\lovely\numbers.toml resulted in 2 matches, wanted 1
WARN - [♥] Ignoring excess matches
INFO - [♥] Applied 8 patches to 'engine/ui.lua'
INFO - [♥] Applied 73 patches to 'functions/UI_definitions.lua'
INFO - [♥] Applied 40 patches to 'functions/state_events.lua'
INFO - [♥] Applied 88 patches to 'functions/common_events.lua'
INFO - [♥] Applied 39 patches to 'functions/button_callbacks.lua'
WARN - [♥] Pattern 'ϖ' on target 'functions/test_functions.lua' for pattern patch from 0Bullitro\lovely\numbers.toml resulted in no matches
INFO - [♥] Applied 0 patches to 'functions/test_functions.lua'
INFO - [♥] Applied 149 patches to 'card.lua'
INFO - [♥] Applied 7 patches to 'cardarea.lua'
INFO - [♥] Applied 31 patches to 'blind.lua'
WARN - [♥] Pattern 'ϖ' on target 'card_character.lua' for pattern patch from 0Bullitro\lovely\numbers.toml resulted in no matches
INFO - [♥] Applied 0 patches to 'card_character.lua'
WARN - [♥] Pattern 'ϖ' on target 'engine/particles.lua' for pattern patch from 0Bullitro\lovely\numbers.toml resulted in no matches
INFO - [♥] Applied 0 patches to 'engine/particles.lua'
INFO - [♥] Applied 3 patches to 'engine/text.lua'
WARN - [♥] Pattern 'ϖ' on target 'challenges.lua' for pattern patch from 0Bullitro\lovely\numbers.toml resulted in no matches
WARN - [♥] Pattern 'ϖ' on target 'challenges.lua' for pattern patch from 0Bullitro\lovely\numbers.toml resulted in no matches
INFO - [♥] Applied 0 patches to 'challenges.lua'
INFO - [G] Failed to connect to the debug server
INFO - [G] 2025-03-21 10:29:14 :: DEBUG :: DebugConsole :: Steamodded Debug Socket started !
INFO - [♥] Applied 10 patches to 'engine/sound_manager.lua'
INFO - [♥] Applied 1 patch to 'engine/save_manager.lua'
WARN - [♥] Pattern 'ϖ' on target 'engine/object.lua' for pattern patch from 0Bullitro\lovely\numbers.toml resulted in no matches
INFO - [♥] Applied 4 patches to 'engine/object.lua'
WARN - [♥] Pattern 'ϖ' on target 'engine/string_packer.lua' for pattern patch from 0Bullitro\lovely\numbers.toml resulted in no matches
INFO - [♥] Applied 0 patches to 'engine/string_packer.lua'
INFO - [G] 2025-03-21 10:29:16 :: ERROR :: Loader :: Found invalid metadata JSON file at C:\Users\Administrator\AppData\Roaming\Balatro\Mods/.vscode/settings.json, ignoring: [SMODS _ "src/loader.lua"]:226: id
INFO - [G] 2025-03-21 10:29:16 :: INFO  :: DefaultLogger :: Valid JSON file found
INFO - [G] 2025-03-21 10:29:16 :: ERROR :: Loader :: Found invalid metadata JSON file at C:\Users\Administrator\AppData\Roaming\Balatro\Mods/Aura/.vscode/settings.json, ignoring: [SMODS _ "src/loader.lua"]:226: id
INFO - [G] 2025-03-21 10:29:16 :: TRACE :: Loader :: Processing Mod file (Legacy header): Aura.lua
INFO - [G] 2025-03-21 10:29:16 :: TRACE :: Loader :: Saving Mod Info: Aura
INFO - [G] 2025-03-21 10:29:16 :: TRACE :: Loader :: Processing Mod file (Legacy header): PreorderCards.lua
INFO - [G] 2025-03-21 10:29:16 :: TRACE :: Loader :: Saving Mod Info: preorder_cards
INFO - [G] 2025-03-21 10:29:16 :: INFO  :: DefaultLogger :: Valid JSON file found
INFO - [G] 2025-03-21 10:29:16 :: INFO  :: DefaultLogger :: Valid JSON file found
INFO - [G] 2025-03-21 10:29:16 :: TRACE :: Loader :: Processing Mod file (Legacy header): HentaiCards.lua
INFO - [G] 2025-03-21 10:29:16 :: WARN  :: Loader :: Duplicate Mod ID: HentaiCards
INFO - [G] 2025-03-21 10:29:16 :: TRACE :: Loader :: Processing Mod file (Legacy header): SakashimaJoker.lua
INFO - [G] 2025-03-21 10:29:16 :: TRACE :: Loader :: Saving Mod Info: SakashimaJoker
INFO - [G] 2025-03-21 10:29:16 :: INFO  :: DefaultLogger :: Valid JSON file found
INFO - [G] 2025-03-21 10:29:16 :: TRACE :: Loader :: Processing Mod file (Legacy header): VintagePinupCards.lua
INFO - [G] 2025-03-21 10:29:16 :: TRACE :: Loader :: Saving Mod Info: VintagePinupCards
INFO - [G] 2025-03-21 10:29:16 :: TRACE :: Loader :: Processing Mod file (Legacy header): keyboard_dorkdad.lua
INFO - [G] 2025-03-21 10:29:16 :: TRACE :: Loader :: Saving Mod Info: keyboard_dorkdad
INFO - [G] 2025-03-21 10:29:16 :: WARN  :: DeckSkin :: Old DeckSkin formatting detected on DeckSkin lust_LuckHearts!
INFO - [G] 2025-03-21 10:29:16 :: WARN  :: DeckSkin :: Old DeckSkin formatting detected on DeckSkin lust_LuckClubs!
INFO - [G] 2025-03-21 10:29:16 :: WARN  :: DeckSkin :: Old DeckSkin formatting detected on DeckSkin lust_LuckDiamonds!
INFO - [G] 2025-03-21 10:29:16 :: WARN  :: DeckSkin :: Old DeckSkin formatting detected on DeckSkin lust_LuckSpades!
INFO - [G] 2025-03-21 10:29:16 :: TRACE :: Loader :: Mod Aura was unable to load: 
INFO - [G] 2025-03-21 10:29:16 :: WARN  :: Atlas :: Object centers has the same key as an existing object, not registering.
INFO - [G] 2025-03-21 10:29:16 :: WARN  :: Atlas :: If you want to modify an existing object, use take_ownership()
INFO - [G] soul_atlas
INFO - [G] 2025-03-21 10:29:16 :: TRACE :: Loader :: Mod SakashimaJoker was unable to load: 
INFO - [G] 2025-03-21 10:29:16 :: INFO  :: TIMER :: [0000] Injected Language in 0.002 ms
INFO - [G] 2025-03-21 10:29:16 :: INFO  :: TIMER :: [0000] Injected [INTERNAL] in 1.410 ms
INFO - [G] mod_tags
INFO - [G] achievements
INFO - [G] lust_AltVersions
INFO - [G] Joker
INFO - [G] centers
INFO - [G] lust_editions
INFO - [G] lust_LustTarot
INFO - [G] Booster
INFO - [G] stickers
INFO - [G] shop_sign
INFO - [G] balatro
INFO - [G] lust_modicon
INFO - [G] BalustroIcons
INFO - [G] lust_BalustroPlayingCards
INFO - [G] lust_LuckPlayingCardsLC
INFO - [G] lust_LuckPlayingCardsHC
INFO - [G] bull_wide_card
INFO - [G] bull_carper_card
INFO - [G] bull_Jokers-bean
INFO - [G] bull_Jokers-ice cream
INFO - [G] bull_Jokers-popcorn
INFO - [G] bull_Jokers-ramen
INFO - [G] bull_Jokers-green guy
INFO - [G] FHC_hentai_cards_deck_lc
INFO - [G] FHC_hentai_cards_deck_hc
INFO - [G] Tarot
INFO - [G] Planet
INFO - [G] Spectral
INFO - [G] soul_atlas
INFO - [G] StickfaceNSFW_8BitDeck_opt2
INFO - [G] StickfaceNSFW_8BitDeck
INFO - [G] StickfaceNSFW_icon_lc
INFO - [G] StickfaceNSFW_icon_hc
INFO - [G] vintage_pinup_cards
INFO - [G] 2025-03-21 10:29:18 :: INFO  :: TIMER :: [0034] Injected Atlas in 1931.561 ms
INFO - [G] 2025-03-21 10:29:18 :: INFO  :: TIMER :: [0001] Injected Sound in 0.241 ms
INFO - [G] 2025-03-21 10:29:18 :: INFO  :: TIMER :: [0008] Injected Stake in 0.262 ms
INFO - [G] 2025-03-21 10:29:18 :: INFO  :: TIMER :: [0004] Injected Rarity in 0.026 ms
INFO - [G] 2025-03-21 10:29:18 :: INFO  :: TIMER :: [0004] Injected ObjectType in 0.037 ms
INFO - [G] 2025-03-21 10:29:18 :: INFO  :: TIMER :: [0069] Injected Center in 1.145 ms
INFO - [G] 2025-03-21 10:29:18 :: INFO  :: TIMER :: [0007] Injected Undiscovered Sprite in 0.016 ms
INFO - [G] 2025-03-21 10:29:18 :: INFO  :: TIMER :: [0002] Injected Blind in 0.019 ms
INFO - [G] 2025-03-21 10:29:18 :: INFO  :: TIMER :: [0004] Injected Seal in 0.167 ms
INFO - [G] 2025-03-21 10:29:18 :: INFO  :: TIMER :: [0004] Injected Suit in 0.074 ms
INFO - [G] 2025-03-21 10:29:18 :: INFO  :: TIMER :: [0013] Injected Rank in 0.119 ms
INFO - [G] 2025-03-21 10:29:18 :: INFO  :: TIMER :: [0048] Injected DeckSkin in 0.531 ms
INFO - [G] 2025-03-21 10:29:18 :: INFO  :: TIMER :: [0012] Injected PokerHand in 0.080 ms
INFO - [G] 2025-03-21 10:29:18 :: INFO  :: TIMER :: [0020] Injected Challenge in 0.077 ms
INFO - [G] 2025-03-21 10:29:18 :: INFO  :: TIMER :: [0000] Injected Tag in 0.002 ms
INFO - [G] 2025-03-21 10:29:18 :: INFO  :: TIMER :: [0004] Injected Sticker in 0.135 ms
INFO - [G] 2025-03-21 10:29:18 :: INFO  :: TIMER :: [0000] Injected Shader in 0.001 ms
INFO - [G] 2025-03-21 10:29:18 :: INFO  :: TIMER :: [0001] Injected Keybind in 0.016 ms
INFO - [G] 2025-03-21 10:29:18 :: INFO  :: TIMER :: [0000] Injected Achievement in 0.051 ms
INFO - [G] 2025-03-21 10:29:18 :: INFO  :: TIMER :: [0000] Injected [INTERNAL] in 9.267 ms
INFO - [G] LONG DT @ 4644: 0.054589405413958
INFO - [G] LONG DT @ 4645: 0.052424508659082
INFO - [G] LONG DT @ 4663: 0.055569076712124
INFO - [G] LONG DT @ 4725: 0.052304606909879
INFO - [G] LONG DT @ 4788: 0.052216866809773
INFO - [G] LONG DT @ 4791: 0.054552637817211
INFO - [G] LONG DT @ 4837: 0.051187143956151
INFO - [G] LONG DT @ 4840: 0.050526303858202
INFO - [G] LONG DT @ 4844: 0.05257923680003
INFO - [G] LONG DT @ 4848: 0.058459314856354
INFO - [G] LONG DT @ 4851: 0.05716012160499
INFO - [G] LONG DT @ 4855: 0.052022627476711
INFO - [G] LONG DT @ 4858: 0.052210723742001
INFO - [G] LONG DT @ 4862: 0.053097019450797
INFO - [G] LONG DT @ 4865: 0.056023585865499
INFO - [G] LONG DT @ 4867: 0.062192684332736
INFO - [G] LONG DT @ 4867: 0.051595087466154
INFO - [G] LONG DT @ 4869: 0.057587420337052
INFO - [G] LONG DT @ 4873: 0.057039883340388
INFO - [G] LONG DT @ 4873: 0.050260566672291
INFO - [G] LONG DT @ 4877: 0.056914512085529
INFO - [G] LONG DT @ 4880: 0.059018859672416
INFO - [G] LONG DT @ 4881: 0.053719068048898
INFO - [G] LONG DT @ 4885: 0.055737092275232
INFO - [G] LONG DT @ 4889: 0.05639340323151
INFO - [G] LONG DT @ 4893: 0.057405315927656
INFO - [G] LONG DT @ 4893: 0.053464512742076
INFO - [G] LONG DT @ 4895: 0.064106794239305
INFO - [G] LONG DT @ 4895: 0.053125435391528
INFO - [G] LONG DT @ 4897: 0.060904189993178
INFO - [G] LONG DT @ 4897: 0.050775231994541
INFO - [G] LONG DT @ 4902: 0.058475499474524
INFO - [G] LONG DT @ 4906: 0.057904465484194
INFO - [G] LONG DT @ 4910: 0.058303356262638
INFO - [G] LONG DT @ 4914: 0.051201412210254
INFO - [G] LONG DT @ 4918: 0.055863098476882
INFO - [G] LONG DT @ 4922: 0.059990074676797
INFO - [G] LONG DT @ 4926: 0.052317971792424
INFO - [G] LONG DT @ 4931: 0.054154148990208
INFO - [G] LONG DT @ 4934: 0.054127362323984
INFO - [G] LONG DT @ 4939: 0.059695728749029
INFO - [G] LONG DT @ 4939: 0.050926362999322
INFO - [G] LONG DT @ 4944: 0.059266795904825
INFO - [G] LONG DT @ 4948: 0.055915687868562
INFO - [G] LONG DT @ 4952: 0.053438495974569
INFO - [G] LONG DT @ 4956: 0.056492732897819
INFO - [G] LONG DT @ 4960: 0.056715296525019
INFO - [G] LONG DT @ 4964: 0.052068862622549
INFO - [G] LONG DT @ 4972: 0.058455300758759
INFO - [G] LONG DT @ 4976: 0.062803719599026
INFO - [G] LONG DT @ 4976: 0.052563915679248
INFO - [G] LONG DT @ 4980: 0.062423074256276
INFO - [G] LONG DT @ 4980: 0.053003559404934
INFO - [G] LONG DT @ 4985: 0.063518279034398
INFO - [G] LONG DT @ 4985: 0.052599683227447
INFO - [G] LONG DT @ 4989: 0.056272467012986
INFO - [G] LONG DT @ 4993: 0.058260338564932
INFO - [G] LONG DT @ 4997: 0.062062123723637
INFO - [G] LONG DT @ 4997: 0.05364183897881
INFO - [G] LONG DT @ 5001: 0.05366448740602
INFO - [G] LONG DT @ 5005: 0.051347467763215
INFO - [G] LONG DT @ 5009: 0.0556044277958
INFO - [G] LONG DT @ 5013: 0.055738054543566
INFO - [G] LONG DT @ 5017: 0.055432651636091
INFO - [G] LONG DT @ 5021: 0.057533579250297
INFO - [G] LONG DT @ 5025: 0.057608447855158
INFO - [G] LONG DT @ 5033: 0.050540705469225
INFO - [G] LONG DT @ 5037: 0.054150242849814
INFO - [G] LONG DT @ 5041: 0.058312526293351
INFO - [G] LONG DT @ 5045: 0.055735128250918
INFO - [G] LONG DT @ 5049: 0.050904157517589
INFO - [G] LONG DT @ 5053: 0.051356819194939
INFO - [G] LONG DT @ 5057: 0.054950140773852
INFO - [G] LONG DT @ 5061: 0.054076073303917
INFO - [G] LONG DT @ 5065: 0.052291037155612
INFO - [G] LONG DT @ 5069: 0.056977004407333
INFO - [G] LONG DT @ 5073: 0.061102836305145
INFO - [G] LONG DT @ 5073: 0.050524849043978
INFO - [G] LONG DT @ 5078: 0.058243070387598
INFO - [G] LONG DT @ 5082: 0.059786249133139
INFO - [G] LONG DT @ 5082: 0.050453119306439
INFO - [G] LONG DT @ 5086: 0.067597965789026
INFO - [G] LONG DT @ 5086: 0.056050672631164
INFO - [G] LONG DT @ 5090: 0.063390852278173
INFO - [G] LONG DT @ 5090: 0.052567141822497
INFO - [G] LONG DT @ 5094: 0.071241696929622
INFO - [G] LONG DT @ 5094: 0.061027097543674
INFO - [G] LONG DT @ 5094: 0.052233238035071
INFO - [G] LONG DT @ 5098: 0.060719009311244
INFO - [G] LONG DT @ 5098: 0.050704667448919
INFO - [G] LONG DT @ 5102: 0.072421692895226
INFO - [G] LONG DT @ 5103: 0.062332974316104
INFO - [G] LONG DT @ 5103: 0.052310979452827
INFO - [G] LONG DT @ 5107: 0.071228040103147
INFO - [G] LONG DT @ 5107: 0.059033172082567
INFO - [G] LONG DT @ 5111: 0.066919546880705
INFO - [G] LONG DT @ 5111: 0.056494937504494
INFO - [G] LONG DT @ 5115: 0.070690671510808
INFO - [G] LONG DT @ 5115: 0.059495677208671
INFO - [G] LONG DT @ 5119: 0.065356123242272
INFO - [G] LONG DT @ 5119: 0.054776178593776
INFO - [G] LONG DT @ 5123: 0.068951122179741
INFO - [G] LONG DT @ 5124: 0.05735901774375
INFO - [G] LONG DT @ 5128: 0.067830856186029
INFO - [G] LONG DT @ 5128: 0.056893724948925
INFO - [G] LONG DT @ 5132: 0.063668789168997
INFO - [G] LONG DT @ 5132: 0.053692031335217
INFO - [G] LONG DT @ 5136: 0.059041254359344
INFO - [G] LONG DT @ 5140: 0.06604808765618
INFO - [G] LONG DT @ 5140: 0.054838210124827
INFO - [G] LONG DT @ 5145: 0.068887441947543
INFO - [G] LONG DT @ 5145: 0.057026013557928
INFO - [G] LONG DT @ 5149: 0.06514127914735
INFO - [G] LONG DT @ 5149: 0.054313983317998
INFO - [G] LONG DT @ 5153: 0.06634410280775
INFO - [G] LONG DT @ 5153: 0.055358222246095
INFO - [G] LONG DT @ 5158: 0.060078651060322
INFO - [G] LONG DT @ 5158: 0.050052960848131
INFO - [G] LONG DT @ 5162: 0.066991488468563
INFO - [G] LONG DT @ 5162: 0.055627530774805
INFO - [G] LONG DT @ 5166: 0.057400669906817
INFO - [G] LONG DT @ 5170: 0.058557825083988
INFO - [G] LONG DT @ 5175: 0.061306578046847
INFO - [G] LONG DT @ 5175: 0.05113354243743
INFO - [G] LONG DT @ 5179: 0.058944576874208
INFO - [G] LONG DT @ 5183: 0.058228543932488
INFO - [G] LONG DT @ 5187: 0.054831262729346
INFO - [G] LONG DT @ 5192: 0.060078116652012
INFO - [G] LONG DT @ 5192: 0.050111873321672
INFO - [G] LONG DT @ 5196: 0.058826357994076
INFO - [G] LONG DT @ 5200: 0.06401487665204
INFO - [G] LONG DT @ 5201: 0.054019761321662
INFO - [G] LONG DT @ 5205: 0.073389374726758
INFO - [G] LONG DT @ 5205: 0.063753959781411
INFO - [G] LONG DT @ 5205: 0.053064507825129
INFO - [G] LONG DT @ 5210: 0.063215131182049
INFO - [G] LONG DT @ 5210: 0.052446984945744
INFO - [G] LONG DT @ 5214: 0.057556187569175
INFO - [G] LONG DT @ 5219: 0.060891453386371
INFO - [G] LONG DT @ 5219: 0.051127002709105
INFO - [G] LONG DT @ 5223: 0.060753713245709
INFO - [G] LONG DT @ 5223: 0.0503938705964
INFO - [G] LONG DT @ 5227: 0.052607193677013
INFO - [G] LONG DT @ 5232: 0.057493089651119
INFO - [G] LONG DT @ 5236: 0.059807237002349
INFO - [G] LONG DT @ 5236: 0.050307429601881
INFO - [G] LONG DT @ 5240: 0.060267402741856
INFO - [G] LONG DT @ 5241: 0.050270402193404
INFO - [G] LONG DT @ 5245: 0.056717840226428
INFO - [G] LONG DT @ 5249: 0.066599463011955
INFO - [G] LONG DT @ 5249: 0.056351730409575
INFO - [G] LONG DT @ 5253: 0.073000729477163
INFO - [G] LONG DT @ 5253: 0.063014003581718
INFO - [G] LONG DT @ 5253: 0.052810522865233
INFO - [G] LONG DT @ 5257: 0.075704907701886
INFO - [G] LONG DT @ 5257: 0.063325466161538
INFO - [G] LONG DT @ 5257: 0.053197392929321
INFO - [G] LONG DT @ 5261: 0.069641706569127
INFO - [G] LONG DT @ 5261: 0.063306825255436
INFO - [G] LONG DT @ 5261: 0.05321742020419
INFO - [G] LONG DT @ 5265: 0.078986663884967
INFO - [G] LONG DT @ 5265: 0.066368871107993
INFO - [G] LONG DT @ 5265: 0.055245636886397
INFO - [G] LONG DT @ 5270: 0.073739306136501
INFO - [G] LONG DT @ 5270: 0.06236868490921
INFO - [G] LONG DT @ 5270: 0.051964607927238
INFO - [G] LONG DT @ 5274: 0.070996417855131
INFO - [G] LONG DT @ 5274: 0.058897034284135
INFO - [G] LONG DT @ 5278: 0.07308101245958
INFO - [G] LONG DT @ 5278: 0.060878349967571
INFO - [G] LONG DT @ 5278: 0.050841479973977
INFO - [G] LONG DT @ 5282: 0.077241189362995
INFO - [G] LONG DT @ 5282: 0.069708371490459
INFO - [G] LONG DT @ 5282: 0.058250177192413
INFO - [G] LONG DT @ 5287: 0.077754864678286
INFO - [G] LONG DT @ 5287: 0.064208731742601
INFO - [G] LONG DT @ 5287: 0.053780145394186
INFO - [G] LONG DT @ 5291: 0.069852895392684
INFO - [G] LONG DT @ 5291: 0.059714156314168
INFO - [G] LONG DT @ 5291: 0.050498305051232
INFO - [G] LONG DT @ 5295: 0.079418274522054
INFO - [G] LONG DT @ 5295: 0.065794199617561
INFO - [G] LONG DT @ 5295: 0.054844599694096
INFO - [G] LONG DT @ 5300: 0.079330736405587
INFO - [G] LONG DT @ 5300: 0.065569649124501
INFO - [G] LONG DT @ 5300: 0.054808099299466
INFO - [G] LONG DT @ 5304: 0.076749586235353
INFO - [G] LONG DT @ 5304: 0.064228488988387
INFO - [G] LONG DT @ 5304: 0.053510951190739
INFO - [G] LONG DT @ 5308: 0.077808383943465
INFO - [G] LONG DT @ 5309: 0.065115467154865
INFO - [G] LONG DT @ 5309: 0.054017333723888
INFO - [G] LONG DT @ 5313: 0.080086789402369
INFO - [G] LONG DT @ 5313: 0.066940951521903
INFO - [G] LONG DT @ 5313: 0.055559241217432
INFO - [G] LONG DT @ 5318: 0.080278780925637
INFO - [G] LONG DT @ 5318: 0.066314804740556
INFO - [G] LONG DT @ 5318: 0.055132623792405
INFO - [G] LONG DT @ 5322: 0.077139287291365
INFO - [G] LONG DT @ 5322: 0.064433129833166
INFO - [G] LONG DT @ 5322: 0.053576403866513
INFO - [G] LONG DT @ 5327: 0.075885129703924
INFO - [G] LONG DT @ 5327: 0.062848263763048
INFO - [G] LONG DT @ 5327: 0.052674331010533
INFO - [G] LONG DT @ 5331: 0.079406965947109
INFO - [G] LONG DT @ 5331: 0.066941712757587
INFO - [G] LONG DT @ 5331: 0.056568670206039
INFO - [G] LONG DT @ 5336: 0.090634483867483
INFO - [G] LONG DT @ 5336: 0.074825867093949
INFO - [G] LONG DT @ 5336: 0.062522973675164
INFO - [G] LONG DT @ 5336: 0.05246281894013
INFO - [G] LONG DT @ 5340: 0.084849557343484
INFO - [G] LONG DT @ 5340: 0.07083216587475
INFO - [G] LONG DT @ 5341: 0.059338072699826
INFO - [G] LONG DT @ 5341: 0.050072058159841
INFO - [G] LONG DT @ 5345: 0.083186343534124
INFO - [G] LONG DT @ 5345: 0.0693143748274
INFO - [G] LONG DT @ 5345: 0.0574436798619
INFO - [G] LONG DT @ 5350: 0.080178367402886
INFO - [G] LONG DT @ 5350: 0.066123253922393
INFO - [G] LONG DT @ 5350: 0.054763843137921
INFO - [G] LONG DT @ 5354: 0.07851671056913
INFO - [G] LONG DT @ 5354: 0.066626328455263
INFO - [G] LONG DT @ 5354: 0.055815162764218
INFO - [G] LONG DT @ 5359: 0.080721595294045
INFO - [G] LONG DT @ 5359: 0.066690356235217
INFO - [G] LONG DT @ 5359: 0.057631284988307
INFO - [G] LONG DT @ 5364: 0.087279542548535
INFO - [G] LONG DT @ 5364: 0.073145074038864
INFO - [G] LONG DT @ 5364: 0.060997599231099
INFO - [G] LONG DT @ 5364: 0.051236439384967
INFO - [G] LONG DT @ 5368: 0.077773100950882
INFO - [G] LONG DT @ 5368: 0.06529650076059
INFO - [G] LONG DT @ 5368: 0.054451460608545
INFO - [G] LONG DT @ 5372: 0.081594530092977
INFO - [G] LONG DT @ 5372: 0.067353944074346
INFO - [G] LONG DT @ 5372: 0.055988775259588
INFO - [G] LONG DT @ 5376: 0.079148005459261
INFO - [G] LONG DT @ 5376: 0.066037184367441
INFO - [G] LONG DT @ 5376: 0.05475386749392
INFO - [G] LONG DT @ 5381: 0.082781622618095
INFO - [G] LONG DT @ 5381: 0.068458638094497
INFO - [G] LONG DT @ 5381: 0.057095670475689
INFO - [G] LONG DT @ 5384: 0.079897702182907
INFO - [G] LONG DT @ 5384: 0.066845961746323
INFO - [G] LONG DT @ 5385: 0.056041949396933
INFO - [G] LONG DT @ 5389: 0.080158462621954
INFO - [G] LONG DT @ 5389: 0.066073490097541
INFO - [G] LONG DT @ 5389: 0.054655692078078
INFO - [G] LONG DT @ 5394: 0.075039502898568
INFO - [G] LONG DT @ 5394: 0.06250706231895
INFO - [G] LONG DT @ 5394: 0.051952389855109
INFO - [G] LONG DT @ 5398: 0.078365125685735
INFO - [G] LONG DT @ 5398: 0.06480320054859
INFO - [G] LONG DT @ 5399: 0.054499560438871
INFO - [G] LONG DT @ 5402: 0.078880219918963
INFO - [G] LONG DT @ 5402: 0.066365855935094
INFO - [G] LONG DT @ 5403: 0.055382684748069
INFO - [G] LONG DT @ 5406: 0.079745472918119
INFO - [G] LONG DT @ 5406: 0.066207318334432
INFO - [G] LONG DT @ 5406: 0.055421814667588
INFO - [G] LONG DT @ 5411: 0.078413735770202
INFO - [G] LONG DT @ 5411: 0.065111228616073
INFO - [G] LONG DT @ 5411: 0.055130682892852
INFO - [G] LONG DT @ 5415: 0.07838219959099
INFO - [G] LONG DT @ 5415: 0.06544389967272
INFO - [G] LONG DT @ 5415: 0.05497793973821
INFO - [G] LONG DT @ 5420: 0.077998268828097
INFO - [G] LONG DT @ 5420: 0.064448235062367
INFO - [G] LONG DT @ 5420: 0.053339828049839
INFO - [G] LONG DT @ 5425: 0.075673558424943
INFO - [G] LONG DT @ 5425: 0.06263434673995
INFO - [G] LONG DT @ 5425: 0.052015917392039
INFO - [G] LONG DT @ 5429: 0.080896275381342
INFO - [G] LONG DT @ 5429: 0.068644240305042
INFO - [G] LONG DT @ 5429: 0.057175032244045
INFO - [G] LONG DT @ 5434: 0.077008658559238
INFO - [G] LONG DT @ 5434: 0.063492126847496
INFO - [G] LONG DT @ 5434: 0.05267742147793
INFO - [G] LONG DT @ 5439: 0.076393065268412
INFO - [G] LONG DT @ 5439: 0.062680892214717
INFO - [G] LONG DT @ 5440: 0.051649893771869
INFO - [G] LONG DT @ 5440: 0.061387815017453
INFO - [G] LONG DT @ 5440: 0.055681272014009
INFO - [G] LONG DT @ 6297: 0.050720334869874
INFO - [G] LONG DT @ 6314: 0.056132851058212
INFO - [G] LONG DT @ 6330: 0.050137067420374
INFO - [G] LONG DT @ 6407: 0.052233047653904
INFO - [G] LONG DT @ 6420: 0.087436009742016
INFO - [G] LONG DT @ 6420: 0.071752207793493
INFO - [G] LONG DT @ 6420: 0.059144206234884
INFO - [G] LONG DT @ 6483: 0.054563781945435
INFO - [G] LONG DT @ 6511: 0.053770430524744
INFO - [G] LONG DT @ 6514: 0.052740340970126
INFO - [G] LONG DT @ 6518: 0.053865575521209
INFO - [G] LONG DT @ 6520: 0.056832563981047
INFO - [G] LONG DT @ 6521: 0.051303142769314
INFO - [G] LONG DT @ 6525: 0.052026034707628
INFO - [G] LONG DT @ 6542: 0.052549597323934
INFO - [G] LONG DT @ 6545: 0.051765918090102
INFO - [G] LONG DT @ 6549: 0.055170654760202
INFO - [G] LONG DT @ 6569: 0.059870541716406
INFO - [G] LONG DT @ 6573: 0.056870106654564
INFO - [G] LONG DT @ 6580: 0.055424369711569
INFO - [G] LONG DT @ 6584: 0.054192537306925
INFO - [G] LONG DT @ 6588: 0.055189646635595
INFO - [G] LONG DT @ 6592: 0.052114134339812
INFO - [G] LONG DT @ 6596: 0.055765189584014
INFO - [G] LONG DT @ 6600: 0.053722188437911
INFO - [G] LONG DT @ 6604: 0.056012747276319
INFO - [G] LONG DT @ 6608: 0.05215441445911
INFO - [G] LONG DT @ 6623: 0.052305721196487
INFO - [G] LONG DT @ 6627: 0.055996332215143
INFO - [G] LONG DT @ 6631: 0.060589179411926
INFO - [G] LONG DT @ 6631: 0.050524163529422
INFO - [G] LONG DT @ 6636: 0.059375229387733
INFO - [G] LONG DT @ 6636: 0.050797883510262
INFO - [G] LONG DT @ 6644: 0.053360657631713
INFO - [G] LONG DT @ 6647: 0.054797343996355
INFO - [G] LONG DT @ 6651: 0.054095957643155
INFO - [G] LONG DT @ 6655: 0.052839887216324
INFO - [G] LONG DT @ 6673: 0.052911740963165
INFO - [G] LONG DT @ 6677: 0.05803551568305
INFO - [G] LONG DT @ 6681: 0.057898755983627
INFO - [G] LONG DT @ 6684: 0.062930876997751
INFO - [G] LONG DT @ 6685: 0.052328201598115
INFO - [G] LONG DT @ 6685: 0.059689612355633
INFO - [G] LONG DT @ 6685: 0.050050449884446
INFO - [G] LONG DT @ 6689: 0.060263177539812
INFO - [G] LONG DT @ 6689: 0.050993262031809
INFO - [G] LONG DT @ 6690: 0.06621991051134
INFO - [G] LONG DT @ 6690: 0.054809648408994
INFO - [G] LONG DT @ 6693: 0.058707315362497
INFO - [G] LONG DT @ 6698: 0.0592863234207
INFO - [G] LONG DT @ 6702: 0.060261728928426
INFO - [G] LONG DT @ 6702: 0.051087723142656
INFO - [G] LONG DT @ 6706: 0.060399558829564
INFO - [G] LONG DT @ 6706: 0.052956407063645
INFO - [G] LONG DT @ 6711: 0.059177658148723
INFO - [G] LONG DT @ 6715: 0.060104801586586
INFO - [G] LONG DT @ 6715: 0.050128441269131
INFO - [G] LONG DT @ 6719: 0.068732602779399
INFO - [G] LONG DT @ 6719: 0.057006802223447
INFO - [G] LONG DT @ 6721: 0.063517377745354
INFO - [G] LONG DT @ 6721: 0.052539782196332
INFO - [G] LONG DT @ 6724: 0.061631012009608
INFO - [G] LONG DT @ 6724: 0.052917189607554
INFO - [G] LONG DT @ 6728: 0.056650344120882
INFO - [G] LONG DT @ 6732: 0.064692460582306
INFO - [G] LONG DT @ 6732: 0.053327148465859
INFO - [G] LONG DT @ 6733: 0.064482639255949
INFO - [G] LONG DT @ 6733: 0.053244491404876
INFO - [G] LONG DT @ 6737: 0.060663548805948
INFO - [G] LONG DT @ 6737: 0.050704339044785
INFO - [G] LONG DT @ 6738: 0.068098380612794
INFO - [G] LONG DT @ 6738: 0.056344164490279
INFO - [G] LONG DT @ 6742: 0.06556248124787
INFO - [G] LONG DT @ 6742: 0.054795104998178
INFO - [G] LONG DT @ 6747: 0.068925014330764
INFO - [G] LONG DT @ 6747: 0.056809011464467
INFO - [G] LONG DT @ 6751: 0.065936240660339
INFO - [G] LONG DT @ 6751: 0.054312632528221
INFO - [G] LONG DT @ 6756: 0.062231264812369
INFO - [G] LONG DT @ 6756: 0.052015311849869
INFO - [G] LONG DT @ 6757: 0.069711811194946
INFO - [G] LONG DT @ 6757: 0.057455008955853
INFO - [G] LONG DT @ 6759: 0.073209166361208
INFO - [G] LONG DT @ 6759: 0.062514773089014
INFO - [G] LONG DT @ 6759: 0.051928798471198
INFO - [G] LONG DT @ 6760: 0.077201293100417
INFO - [G] LONG DT @ 6760: 0.065514634480315
INFO - [G] LONG DT @ 6760: 0.054480607584338
INFO - [G] LONG DT @ 6764: 0.077209939958792
INFO - [G] LONG DT @ 6764: 0.064280251966978
INFO - [G] LONG DT @ 6764: 0.053765721573518
INFO - [G] LONG DT @ 6768: 0.078585934375473
INFO - [G] LONG DT @ 6768: 0.065799247500381
INFO - [G] LONG DT @ 6768: 0.055494618000251
INFO - [G] LONG DT @ 6769: 0.07574193685337
INFO - [G] LONG DT @ 6769: 0.064139369482695
INFO - [G] LONG DT @ 6769: 0.053006855586278
INFO - [G] LONG DT @ 6773: 0.070724070886581
INFO - [G] LONG DT @ 6773: 0.060729436709298
INFO - [G] LONG DT @ 6773: 0.051299569367373
INFO - [G] LONG DT @ 6778: 0.069842785818648
INFO - [G] LONG DT @ 6778: 0.057744328655006
INFO - [G] LONG DT @ 6782: 0.073078618231636
INFO - [G] LONG DT @ 6782: 0.062054314585284
INFO - [G] LONG DT @ 6783: 0.051803371668349
INFO - [G] LONG DT @ 6787: 0.069269644175669
INFO - [G] LONG DT @ 6787: 0.058790795340467
INFO - [G] LONG DT @ 6792: 0.07249549399019
INFO - [G] LONG DT @ 6792: 0.062108395192138
INFO - [G] LONG DT @ 6792: 0.052550456153777
INFO - [G] LONG DT @ 6796: 0.068617675737164
INFO - [G] LONG DT @ 6796: 0.056688320589801
INFO - [G] LONG DT @ 6801: 0.071241533009369
INFO - [G] LONG DT @ 6801: 0.06132974640742
INFO - [G] LONG DT @ 6801: 0.05200805712594
INFO - [G] LONG DT @ 6806: 0.079305919250076
INFO - [G] LONG DT @ 6806: 0.066809135400161
INFO - [G] LONG DT @ 6806: 0.055327228320048
INFO - [G] LONG DT @ 6811: 0.078347952358578
INFO - [G] LONG DT @ 6811: 0.064986141886909
INFO - [G] LONG DT @ 6811: 0.05408317350954
INFO - [G] LONG DT @ 6816: 0.069728847612211
INFO - [G] LONG DT @ 6816: 0.057363758089775
INFO - [G] LONG DT @ 6820: 0.077250146935727
INFO - [G] LONG DT @ 6820: 0.063839077548609
INFO - [G] LONG DT @ 6820: 0.053054362038848
INFO - [G] LONG DT @ 6824: 0.078894596835694
INFO - [G] LONG DT @ 6824: 0.068315197468506
INFO - [G] LONG DT @ 6824: 0.057095497974796
INFO - [G] LONG DT @ 6828: 0.074977858312694
INFO - [G] LONG DT @ 6828: 0.063898306650152
INFO - [G] LONG DT @ 6828: 0.052962165320269
INFO - [G] LONG DT @ 6832: 0.087512544769841
INFO - [G] LONG DT @ 6832: 0.075051255815894
INFO - [G] LONG DT @ 6832: 0.062355544652758
INFO - [G] LONG DT @ 6832: 0.052147235722269
INFO - [G] LONG DT @ 6834: 0.079476706803397
INFO - [G] LONG DT @ 6834: 0.065719645442681
INFO - [G] LONG DT @ 6834: 0.054611716354188
INFO - [G] LONG DT @ 6836: 0.080262710614755
INFO - [G] LONG DT @ 6836: 0.067013028491779
INFO - [G] LONG DT @ 6836: 0.056227962793451
INFO - [G] LONG DT @ 6840: 0.080367292230148
INFO - [G] LONG DT @ 6840: 0.067279213784
INFO - [G] LONG DT @ 6840: 0.056133571027302
INFO - [G] LONG DT @ 6844: 0.079870999584384
INFO - [G] LONG DT @ 6844: 0.06683957966752
INFO - [G] LONG DT @ 6844: 0.05567742373394
INFO - [G] LONG DT @ 6848: 0.085022521459273
INFO - [G] LONG DT @ 6848: 0.070437997167432
INFO - [G] LONG DT @ 6848: 0.05883901773384
INFO - [G] LONG DT @ 6852: 0.08052818173473
INFO - [G] LONG DT @ 6852: 0.066631985387717
INFO - [G] LONG DT @ 6852: 0.055402568310161
INFO - [G] LONG DT @ 6856: 0.080025675376204
INFO - [G] LONG DT @ 6856: 0.066292400300891
INFO - [G] LONG DT @ 6856: 0.055293480240843
INFO - [G] LONG DT @ 6860: 0.08071349839537
INFO - [G] LONG DT @ 6860: 0.06742737871623
INFO - [G] LONG DT @ 6860: 0.056727082972939
INFO - [G] LONG DT @ 6864: 0.078783716948732
INFO - [G] LONG DT @ 6864: 0.065819753558967
INFO - [G] LONG DT @ 6864: 0.056045462847167
INFO - [G] LONG DT @ 6867: 0.081887601790552
INFO - [G] LONG DT @ 6867: 0.068137161432534
INFO - [G] LONG DT @ 6868: 0.056997249145914
INFO - [G] LONG DT @ 6868: 0.086779537385028
INFO - [G] LONG DT @ 6868: 0.071530509908087
INFO - [G] LONG DT @ 6868: 0.059049747926429
INFO - [G] LONG DT @ 6872: 0.079525826399202
INFO - [G] LONG DT @ 6872: 0.066807161119445
INFO - [G] LONG DT @ 6872: 0.056662728895597
INFO - [G] LONG DT @ 6876: 0.081986553453204
INFO - [G] LONG DT @ 6876: 0.072143522762473
INFO - [G] LONG DT @ 6876: 0.06025561820993
INFO - [G] LONG DT @ 6876: 0.050553954567949
INFO - [G] LONG DT @ 6880: 0.086919898686902
INFO - [G] LONG DT @ 6880: 0.071635938949374
INFO - [G] LONG DT @ 6880: 0.059373731159568
INFO - [G] LONG DT @ 6884: 0.079853377072044
INFO - [G] LONG DT @ 6884: 0.066506621657677
INFO - [G] LONG DT @ 6884: 0.055575317326085
INFO - [G] LONG DT @ 6886: 0.079776394505284
INFO - [G] LONG DT @ 6886: 0.065511995604251
INFO - [G] LONG DT @ 6886: 0.05408777648349
INFO - [G] LONG DT @ 6888: 0.081934370718686
INFO - [G] LONG DT @ 6888: 0.071215596574951
INFO - [G] LONG DT @ 6888: 0.059533097260038
INFO - [G] LONG DT @ 6888: 0.050020997808083
INFO - [G] LONG DT @ 6892: 0.07839811352676
INFO - [G] LONG DT @ 6892: 0.065161690821424
INFO - [G] LONG DT @ 6892: 0.054299992657216
INFO - [G] LONG DT @ 6896: 0.081198475441845
INFO - [G] LONG DT @ 6896: 0.066955800353384
INFO - [G] LONG DT @ 6896: 0.0553749002828
INFO - [G] LONG DT @ 6900: 0.073790513427873
INFO - [G] LONG DT @ 6900: 0.062781250742233
INFO - [G] LONG DT @ 6900: 0.052475200593767
INFO - [G] LONG DT @ 6905: 0.073052016683483
INFO - [G] LONG DT @ 6905: 0.062585513346658
INFO - [G] LONG DT @ 6905: 0.052973130677478
INFO - [G] LONG DT @ 6909: 0.079267758392387
INFO - [G] LONG DT @ 6909: 0.065555326714034
INFO - [G] LONG DT @ 6909: 0.054605741371222
INFO - [G] LONG DT @ 6913: 0.081533614265125
INFO - [G] LONG DT @ 6913: 0.070391071411984
INFO - [G] LONG DT @ 6913: 0.059415637129559
INFO - [G] LONG DT @ 6913: 0.051487109703644
INFO - [G] LONG DT @ 6918: 0.082880339207998
INFO - [G] LONG DT @ 6918: 0.070358031366568
INFO - [G] LONG DT @ 6918: 0.058656925093215
INFO - [G] LONG DT @ 6922: 0.081122304149316
INFO - [G] LONG DT @ 6922: 0.068178243319492
INFO - [G] LONG DT @ 6922: 0.058699894655636
INFO - [G] LONG DT @ 6927: 0.078971852199447
INFO - [G] LONG DT @ 6927: 0.065281921759597
INFO - [G] LONG DT @ 6927: 0.054458437407622
INFO - [G] LONG DT @ 6931: 0.08304292851654
INFO - [G] LONG DT @ 6932: 0.068236242813151
INFO - [G] LONG DT @ 6932: 0.05693775425047
INFO - [G] LONG DT @ 6936: 0.081789615862116
INFO - [G] LONG DT @ 6936: 0.06870631268974
INFO - [G] LONG DT @ 6936: 0.058201730151801
INFO - [G] LONG DT @ 6939: 0.083923458886643
INFO - [G] LONG DT @ 6939: 0.069882067109425
INFO - [G] LONG DT @ 6939: 0.058372473687513
INFO - [G] LONG DT @ 6943: 0.080670888912045
INFO - [G] LONG DT @ 6943: 0.067289951129583
INFO - [G] LONG DT @ 6943: 0.056892420903718
INFO - [G] LONG DT @ 6946: 0.079854610284363
INFO - [G] LONG DT @ 6946: 0.06668928822741
INFO - [G] LONG DT @ 6946: 0.056064370581875
INFO - [G] LONG DT @ 6950: 0.078531181860852
INFO - [G] LONG DT @ 6950: 0.065864145488739
INFO - [G] LONG DT @ 6950: 0.055503856391005
INFO - [G] LONG DT @ 6953: 0.081166885690462
INFO - [G] LONG DT @ 6953: 0.067912848552462
INFO - [G] LONG DT @ 6953: 0.057104498841962
INFO - [G] LONG DT @ 6957: 0.069956030604999
INFO - [G] LONG DT @ 6957: 0.059032984483929
INFO - [G] LONG DT @ 6957: 0.050202067587197
INFO - [G] LONG DT @ 6960: 0.078202132318222
INFO - [G] LONG DT @ 6960: 0.065319665854631
INFO - [G] LONG DT @ 6960: 0.055882012683549
INFO - [G] LONG DT @ 6961: 0.087105550396548
INFO - [G] LONG DT @ 6961: 0.072185120317286
INFO - [G] LONG DT @ 6961: 0.059978096253701
INFO - [G] LONG DT @ 6961: 0.050354737003045
INFO - [G] LONG DT @ 6963: 0.072937687798467
INFO - [G] LONG DT @ 6964: 0.062877810238759
INFO - [G] LONG DT @ 6964: 0.052750588191054
INFO - [G] LONG DT @ 6967: 0.079436943727735
INFO - [G] LONG DT @ 6967: 0.06589149498223
INFO - [G] LONG DT @ 6967: 0.055741895985743
INFO - [G] LONG DT @ 6970: 0.078734100250358
INFO - [G] LONG DT @ 6970: 0.065399420200265
INFO - [G] LONG DT @ 6970: 0.054430816160311
INFO - [G] LONG DT @ 6974: 0.08089352307057
INFO - [G] LONG DT @ 6974: 0.066814378456444
INFO - [G] LONG DT @ 6974: 0.05540640276521
INFO - [G] LONG DT @ 6978: 0.086161908181895
INFO - [G] LONG DT @ 6978: 0.071217626545594
INFO - [G] LONG DT @ 6979: 0.060416401236391
INFO - [G] LONG DT @ 6979: 0.053769520989257
INFO - [G] LONG DT @ 6983: 0.082243541491729
INFO - [G] LONG DT @ 6983: 0.068313893193324
INFO - [G] LONG DT @ 6983: 0.056733554554708
INFO - [G] LONG DT @ 6987: 0.083366026170464
INFO - [G] LONG DT @ 6987: 0.07000918093647
INFO - [G] LONG DT @ 6987: 0.059473664749001
INFO - [G] LONG DT @ 6987: 0.050541971799232
INFO - [G] LONG DT @ 6991: 0.079200500123936
INFO - [G] LONG DT @ 6991: 0.065615240099172
INFO - [G] LONG DT @ 6991: 0.055050872079376
INFO - [G] LONG DT @ 6994: 0.080952821552434
INFO - [G] LONG DT @ 6994: 0.069408777241862
INFO - [G] LONG DT @ 6994: 0.059995801793514
INFO - [G] LONG DT @ 6994: 0.052221921434803
INFO - [G] LONG DT @ 6997: 0.084837361568137
INFO - [G] LONG DT @ 6998: 0.071547609254415
INFO - [G] LONG DT @ 6998: 0.060317087403602
INFO - [G] LONG DT @ 6998: 0.051302889922839
INFO - [G] LONG DT @ 7001: 0.079625600286297
INFO - [G] LONG DT @ 7001: 0.066127100229043
INFO - [G] LONG DT @ 7001: 0.05501834018319
INFO - [G] LONG DT @ 7005: 0.080659056156264
INFO - [G] LONG DT @ 7005: 0.067172624925115
INFO - [G] LONG DT @ 7005: 0.056324339940074
INFO - [G] LONG DT @ 7008: 0.088771172179284
INFO - [G] LONG DT @ 7008: 0.074324657743585
INFO - [G] LONG DT @ 7008: 0.062153166194761
INFO - [G] LONG DT @ 7009: 0.052142492955852
INFO - [G] LONG DT @ 7012: 0.087429554598927
INFO - [G] LONG DT @ 7012: 0.072258583679138
INFO - [G] LONG DT @ 7012: 0.060306086943338
INFO - [G] LONG DT @ 7012: 0.050645149554563
INFO - [G] LONG DT @ 7016: 0.0821591019367
INFO - [G] LONG DT @ 7016: 0.068177241549373
INFO - [G] LONG DT @ 7016: 0.056859573239474
INFO - [G] LONG DT @ 7020: 0.075427899889287
INFO - [G] LONG DT @ 7020: 0.062453199911393
INFO - [G] LONG DT @ 7020: 0.051962559929158
INFO - [G] LONG DT @ 7024: 0.077355895838287
INFO - [G] LONG DT @ 7024: 0.064984356670702
INFO - [G] LONG DT @ 7024: 0.05394992533655
INFO - [G] LONG DT @ 7029: 0.078205772172252
INFO - [G] LONG DT @ 7029: 0.064643037737799
INFO - [G] LONG DT @ 7029: 0.053849730190249
INFO - [G] LONG DT @ 7032: 0.094351229562235
INFO - [G] LONG DT @ 7033: 0.079993483649843
INFO - [G] LONG DT @ 7033: 0.067047926919849
INFO - [G] LONG DT @ 7033: 0.056110341535822
INFO - [G] LONG DT @ 7037: 0.089958624815776
INFO - [G] LONG DT @ 7037: 0.074965959852623
INFO - [G] LONG DT @ 7037: 0.062087167882126
INFO - [G] LONG DT @ 7037: 0.0518287543057
INFO - [G] LONG DT @ 7041: 0.082909594525052
INFO - [G] LONG DT @ 7041: 0.068651075619882
INFO - [G] LONG DT @ 7041: 0.056941360495977
INFO - [G] LONG DT @ 7046: 0.080199851636733
INFO - [G] LONG DT @ 7046: 0.066318761309411
INFO - [G] LONG DT @ 7046: 0.055434869047639
INFO - [G] LONG DT @ 7050: 0.084997937674021
INFO - [G] LONG DT @ 7050: 0.069940510139216
INFO - [G] LONG DT @ 7050: 0.057871008111326
INFO - [G] LONG DT @ 7054: 0.082156680780565
INFO - [G] LONG DT @ 7055: 0.067812324624511
INFO - [G] LONG DT @ 7055: 0.056773859699693
INFO - [G] LONG DT @ 7058: 0.079235430540959
INFO - [G] LONG DT @ 7058: 0.068953564432829
INFO - [G] LONG DT @ 7058: 0.059566091546183
INFO - [G] LONG DT @ 7058: 0.051966293236872
INFO - [G] LONG DT @ 7061: 0.090847118623094
INFO - [G] LONG DT @ 7061: 0.074899474898511
INFO - [G] LONG DT @ 7061: 0.062044659918851
INFO - [G] LONG DT @ 7061: 0.051773267935047
INFO - [G] LONG DT @ 7062: 0.079731493120719
INFO - [G] LONG DT @ 7062: 0.066666434496563
INFO - [G] LONG DT @ 7062: 0.055654407597349
INFO - [G] LONG DT @ 7065: 0.067669947678043
INFO - [G] LONG DT @ 7065: 0.056781198142381
INFO - [G] LONG DT @ 7067: 0.074252762961416
INFO - [G] LONG DT @ 7068: 0.064096830369142
INFO - [G] LONG DT @ 7068: 0.054051624295395
INFO - [G] LONG DT @ 7071: 0.091156376072446
INFO - [G] LONG DT @ 7071: 0.075367460857943
INFO - [G] LONG DT @ 7071: 0.062964208686398
INFO - [G] LONG DT @ 7071: 0.052897526949097
INFO - [G] LONG DT @ 7074: 0.063500216608995
INFO - [G] LONG DT @ 7074: 0.053430213287273
INFO - [G] LONG DT @ 7076: 0.068616025897302
INFO - [G] LONG DT @ 7076: 0.1
INFO - [G] LONG DT @ 7077: 0.082602560000014
INFO - [G] LONG DT @ 7077: 0.068350508000061
INFO - [G] LONG DT @ 7077: 0.057029146400029
INFO - [G] LONG DT @ 7079: 0.070045577098752
INFO - [G] LONG DT @ 7080: 0.058680561678999
INFO - [G] LONG DT @ 7080: 0.051525329343157
INFO - [G] LONG DT @ 7083: 0.083278464664457
INFO - [G] LONG DT @ 7083: 0.071852751731533
INFO - [G] LONG DT @ 7083: 0.060264821385152
INFO - [G] LONG DT @ 7083: 0.050595017108257
INFO - [G] LONG DT @ 7087: 0.078472875267987
INFO - [G] LONG DT @ 7087: 0.065559960214463
INFO - [G] LONG DT @ 7087: 0.055078308171567
INFO - [G] LONG DT @ 7091: 0.093498008890036
INFO - [G] LONG DT @ 7091: 0.078126747112036
INFO - [G] LONG DT @ 7091: 0.065014917689586
INFO - [G] LONG DT @ 7091: 0.054837534151629
INFO - [G] LONG DT @ 7094: 0.065744842892757
INFO - [G] LONG DT @ 7094: 0.055229014314058
INFO - [G] LONG DT @ 7097: 0.070592372637514
INFO - [G] LONG DT @ 7097: 0.05918461810997
INFO - [G] LONG DT @ 7097: 0.050002674488056
INFO - [G] LONG DT @ 7098: 0.087559271685453
INFO - [G] LONG DT @ 7098: 0.072157977348437
INFO - [G] LONG DT @ 7098: 0.060049281878785
INFO - [G] LONG DT @ 7101: 0.082043832709147
INFO - [G] LONG DT @ 7101: 0.069953306167202
INFO - [G] LONG DT @ 7101: 0.057937104933781
INFO - [G] LONG DT @ 7104: 0.084082733703884
INFO - [G] LONG DT @ 7105: 0.069825386963103
INFO - [G] LONG DT @ 7105: 0.058437649570362
INFO - [G] LONG DT @ 7108: 0.088776625370295
INFO - [G] LONG DT @ 7108: 0.074200940296289
INFO - [G] LONG DT @ 7108: 0.061888452236914
INFO - [G] LONG DT @ 7108: 0.052249381789476
INFO - [G] LONG DT @ 7112: 0.080274671274167
INFO - [G] LONG DT @ 7112: 0.068950037019453
INFO - [G] LONG DT @ 7112: 0.057824529615554
INFO - [G] LONG DT @ 7115: 0.079736348933538
INFO - [G] LONG DT @ 7115: 0.067294259146787
INFO - [G] LONG DT @ 7115: 0.057431027317372
INFO - [G] LONG DT @ 7119: 0.078962521130759
INFO - [G] LONG DT @ 7119: 0.066225476904603
INFO - [G] LONG DT @ 7119: 0.055290921523644
INFO - [G] LONG DT @ 7122: 0.081550204433538
INFO - [G] LONG DT @ 7122: 0.068359383546839
INFO - [G] LONG DT @ 7122: 0.057951886837399
INFO - [G] LONG DT @ 7126: 0.08319838693182
INFO - [G] LONG DT @ 7126: 0.071496189545537
INFO - [G] LONG DT @ 7126: 0.060107911636438
INFO - [G] LONG DT @ 7126: 0.050562609309124
INFO - [G] LONG DT @ 7130: 0.084490624744517
INFO - [G] LONG DT @ 7130: 0.069923459795722
INFO - [G] LONG DT @ 7130: 0.058440767836491
INFO - [G] LONG DT @ 7134: 0.087137306672988
INFO - [G] LONG DT @ 7134: 0.072277005338425
INFO - [G] LONG DT @ 7134: 0.062421284270696
INFO - [G] LONG DT @ 7134: 0.052414287416535
INFO - [G] LONG DT @ 7137: 0.092024364912463
INFO - [G] LONG DT @ 7138: 0.077053631929961
INFO - [G] LONG DT @ 7138: 0.068133625543934
INFO - [G] LONG DT @ 7138: 0.062138120435223
INFO - [G] LONG DT @ 7138: 0.054300536348036
INFO - [G] LONG DT @ 7141: 0.08716642529215
INFO - [G] LONG DT @ 7142: 0.072425220233808
INFO - [G] LONG DT @ 7142: 0.060877916187062
INFO - [G] LONG DT @ 7142: 0.051034212949488
INFO - [G] LONG DT @ 7145: 0.080051483066395
INFO - [G] LONG DT @ 7145: 0.066976266453068
INFO - [G] LONG DT @ 7145: 0.056584793162563
INFO - [G] LONG DT @ 7149: 0.096660631922263
INFO - [G] LONG DT @ 7149: 0.080885525537781
INFO - [G] LONG DT @ 7149: 0.066820800430151
INFO - [G] LONG DT @ 7149: 0.055569580344127
INFO - [G] LONG DT @ 7153: 0.087239643058403
INFO - [G] LONG DT @ 7153: 0.072655054446653
INFO - [G] LONG DT @ 7153: 0.060736303557346
INFO - [G] LONG DT @ 7153: 0.051029802845867
INFO - [G] LONG DT @ 7155: 0.067378190511401
INFO - [G] LONG DT @ 7155: 0.056535972409105
INFO - [G] LONG DT @ 7158: 0.076786932369621
INFO - [G] LONG DT @ 7158: 0.06708194589566
INFO - [G] LONG DT @ 7158: 0.05613781671645
INFO - [G] LONG DT @ 7161: 0.064910822937705
INFO - [G] LONG DT @ 7161: 0.054983578350232
INFO - [G] LONG DT @ 7163: 0.065293697949389
INFO - [G] LONG DT @ 7163: 0.058087478359519
INFO - [G] LONG DT @ 7166: 0.066240468095019
INFO - [G] LONG DT @ 7166: 0.055265174476006
INFO - [G] LONG DT @ 7170: 0.08214342556216
INFO - [G] LONG DT @ 7170: 0.068566760449865
INFO - [G] LONG DT @ 7170: 0.057866428359781
INFO - [G] LONG DT @ 7173: 0.088821851794121
INFO - [G] LONG DT @ 7173: 0.074175421435381
INFO - [G] LONG DT @ 7174: 0.062535937148377
INFO - [G] LONG DT @ 7174: 0.052772229718546
INFO - [G] LONG DT @ 7177: 0.091355571192016
INFO - [G] LONG DT @ 7177: 0.07589621695369
INFO - [G] LONG DT @ 7177: 0.063196653562803
INFO - [G] LONG DT @ 7177: 0.053561542850245
INFO - [G] LONG DT @ 7180: 0.07821478376469
INFO - [G] LONG DT @ 7180: 0.066102487011821
INFO - [G] LONG DT @ 7181: 0.055689149609432
INFO - [G] LONG DT @ 7184: 0.088615171891729
INFO - [G] LONG DT @ 7184: 0.073323157513423
INFO - [G] LONG DT @ 7184: 0.061072326010624
INFO - [G] LONG DT @ 7184: 0.051025500808652
INFO - [G] LONG DT @ 7188: 0.089368850335883
INFO - [G] LONG DT @ 7188: 0.076141140268757
INFO - [G] LONG DT @ 7188: 0.06339097221489
INFO - [G] LONG DT @ 7188: 0.055141817772017
INFO - [G] LONG DT @ 7191: 0.0821352581733
INFO - [G] LONG DT @ 7192: 0.068336006538577
INFO - [G] LONG DT @ 7192: 0.05696176523102
INFO - [G] LONG DT @ 7195: 0.080964579348685
INFO - [G] LONG DT @ 7195: 0.067263803479088
INFO - [G] LONG DT @ 7195: 0.057049082783267
INFO - [G] LONG DT @ 7199: 0.086696722514246
INFO - [G] LONG DT @ 7199: 0.071598458011419
INFO - [G] LONG DT @ 7199: 0.059443586409097
INFO - [G] LONG DT @ 7203: 0.087511768733324
INFO - [G] LONG DT @ 7203: 0.073357714986766
INFO - [G] LONG DT @ 7203: 0.061635811989455
INFO - [G] LONG DT @ 7203: 0.052250309591416
INFO - [G] LONG DT @ 7207: 0.094639638460567
INFO - [G] LONG DT @ 7207: 0.080298090768454
INFO - [G] LONG DT @ 7207: 0.066940472614717
INFO - [G] LONG DT @ 7207: 0.056194618091797
INFO - [G] LONG DT @ 7210: 0.083572097427576
INFO - [G] LONG DT @ 7210: 0.069906837942107
INFO - [G] LONG DT @ 7211: 0.060191170353682
INFO - [G] LONG DT @ 7211: 0.053032956282964
INFO - [G] LONG DT @ 7214: 0.086671421821017
INFO - [G] LONG DT @ 7214: 0.072073677456928
INFO - [G] LONG DT @ 7214: 0.060185421965412
INFO - [G] LONG DT @ 7214: 0.050160577572442
INFO - [G] LONG DT @ 7218: 0.087443476820217
INFO - [G] LONG DT @ 7218: 0.072496961456265
INFO - [G] LONG DT @ 7218: 0.060230229164948
INFO - [G] LONG DT @ 7218: 0.050570863331976
INFO - [G] LONG DT @ 7221: 0.079789828026659
INFO - [G] LONG DT @ 7221: 0.069189602421327
INFO - [G] LONG DT @ 7221: 0.060172041937001
INFO - [G] LONG DT @ 7221: 0.052712853549571
INFO - [G] LONG DT @ 7224: 0.065494257191135
INFO - [G] LONG DT @ 7224: 0.054904085752936
INFO - [G] LONG DT @ 7227: 0.069768468591705
INFO - [G] LONG DT @ 7227: 0.064763154873402
INFO - [G] LONG DT @ 7227: 0.055332663898672
INFO - [G] LONG DT @ 7229: 0.064725568734869
INFO - [G] LONG DT @ 7229: 0.05580585498785
INFO - [G] LONG DT @ 7230: 0.098555118594087
INFO - [G] LONG DT @ 7230: 0.081449854875275
INFO - [G] LONG DT @ 7230: 0.067467163900279
INFO - [G] LONG DT @ 7230: 0.056160111120281
INFO - [G] LONG DT @ 7232: 0.067742377180504
INFO - [G] LONG DT @ 7232: 0.057082301744342
INFO - [G] LONG DT @ 7233: 0.097722326944898
INFO - [G] LONG DT @ 7233: 0.082325341555947
INFO - [G] LONG DT @ 7233: 0.068990833244712
INFO - [G] LONG DT @ 7233: 0.058442486595789
INFO - [G] LONG DT @ 7233: 0.05062236927658
INFO - [G] LONG DT @ 7235: 0.05949127783092
INFO - [G] LONG DT @ 7235: 0.05017784226482
INFO - [G] LONG DT @ 7237: 0.058880299865419
INFO - [G] LONG DT @ 7239: 0.053305495593637
INFO - [G] LONG DT @ 7242: 0.066718752807052
INFO - [G] LONG DT @ 7242: 0.056768942245665
INFO - [G] LONG DT @ 7244: 0.060055153489636
INFO - [G] LONG DT @ 7245: 0.051452442791726
INFO - [G] LONG DT @ 7247: 0.060260653850341
INFO - [G] LONG DT @ 7247: 0.054549023080351
INFO - [G] LONG DT @ 7249: 0.057357975849065
INFO - [G] LONG DT @ 7252: 0.067817076959824
INFO - [G] LONG DT @ 7252: 0.058880581567869
INFO - [G] LONG DT @ 7252: 0.052212545254286
INFO - [G] LONG DT @ 7254: 0.058294069765171
INFO - [G] LONG DT @ 7257: 0.066109540386103
INFO - [G] LONG DT @ 7257: 0.055532332308901
INFO - [G] LONG DT @ 7260: 0.080774002974696
INFO - [G] LONG DT @ 7261: 0.067644662379601
INFO - [G] LONG DT @ 7261: 0.056868289903725
INFO - [G] LONG DT @ 7264: 0.080659371245529
INFO - [G] LONG DT @ 7264: 0.069218196996415
INFO - [G] LONG DT @ 7264: 0.058378737597012
INFO - [G] LONG DT @ 7267: 0.080290023064891
INFO - [G] LONG DT @ 7267: 0.066837638451944
INFO - [G] LONG DT @ 7267: 0.056016350761456
INFO - [G] LONG DT @ 7270: 0.086918360192915
INFO - [G] LONG DT @ 7271: 0.072831808154356
INFO - [G] LONG DT @ 7271: 0.062079866523466
INFO - [G] LONG DT @ 7271: 0.052481473218782
INFO - [G] LONG DT @ 7274: 0.081901903421363
INFO - [G] LONG DT @ 7274: 0.068213582737026
INFO - [G] LONG DT @ 7274: 0.057097966189664
INFO - [G] LONG DT @ 7277: 0.080478698615369
INFO - [G] LONG DT @ 7277: 0.068804558892318
INFO - [G] LONG DT @ 7277: 0.057474947113844
INFO - [G] LONG DT @ 7281: 0.088533495153313
INFO - [G] LONG DT @ 7281: 0.073313436122748
INFO - [G] LONG DT @ 7281: 0.060926348898228
INFO - [G] LONG DT @ 7281: 0.051503919118506
INFO - [G] LONG DT @ 7285: 0.084202274302271
INFO - [G] LONG DT @ 7285: 0.070377299441702
INFO - [G] LONG DT @ 7285: 0.059620699553398
INFO - [G] LONG DT @ 7285: 0.05083161964274
INFO - [G] LONG DT @ 7288: 0.074844432548437
INFO - [G] LONG DT @ 7288: 0.064063126038711
INFO - [G] LONG DT @ 7288: 0.053463120830924
INFO - [G] LONG DT @ 7291: 0.081303189722744
INFO - [G] LONG DT @ 7291: 0.069360991778147
INFO - [G] LONG DT @ 7291: 0.058037253422406
INFO - [G] LONG DT @ 7295: 0.087915169974992
INFO - [G] LONG DT @ 7295: 0.072820035979862
INFO - [G] LONG DT @ 7295: 0.060550708783867
INFO - [G] LONG DT @ 7295: 0.050588787027257
INFO - [G] LONG DT @ 7299: 0.08962717836724
INFO - [G] LONG DT @ 7299: 0.073888962693879
INFO - [G] LONG DT @ 7299: 0.06167929015499
INFO - [G] LONG DT @ 7299: 0.051507772124119
INFO - [G] LONG DT @ 7302: 0.065757333440289
INFO - [G] LONG DT @ 7302: 0.055502866752352
INFO - [G] LONG DT @ 7304: 0.067021647803828
INFO - [G] LONG DT @ 7304: 0.056080538243089
INFO - [G] LONG DT @ 7307: 0.065660609034268
INFO - [G] LONG DT @ 7307: 0.055529207227323
INFO - [G] LONG DT @ 7309: 0.080733720669008
INFO - [G] LONG DT @ 7309: 0.074068916535139
INFO - [G] LONG DT @ 7309: 0.063670933228172
INFO - [G] LONG DT @ 7309: 0.054124186582503
INFO - [G] LONG DT @ 7311: 0.061985578585936
INFO - [G] LONG DT @ 7311: 0.054688702868705
INFO - [G] LONG DT @ 7314: 0.061905042598971
INFO - [G] LONG DT @ 7314: 0.052001214079273
INFO - [G] LONG DT @ 7316: 0.059046521292874
INFO - [G] LONG DT @ 7316: 0.05664537703432
INFO - [G] LONG DT @ 7318: 0.058439648547071
INFO - [G] LONG DT @ 7322: 0.089690675109678
INFO - [G] LONG DT @ 7322: 0.078640160087831
INFO - [G] LONG DT @ 7322: 0.070238128070186
INFO - [G] LONG DT @ 7322: 0.060870102456203
INFO - [G] LONG DT @ 7322: 0.05296580196501
INFO - [G] LONG DT @ 7325: 0.074806602507898
INFO - [G] LONG DT @ 7325: 0.066296342006427
INFO - [G] LONG DT @ 7325: 0.055330993605153
INFO - [G] LONG DT @ 7329: 0.076265269676389
INFO - [G] LONG DT @ 7329: 0.063811155741068
INFO - [G] LONG DT @ 7329: 0.05334008459295
INFO - [G] LONG DT @ 7332: 0.081001839116301
INFO - [G] LONG DT @ 7332: 0.067936951293169
INFO - [G] LONG DT @ 7332: 0.057387101034504
INFO - [G] LONG DT @ 7335: 0.079464503440121
INFO - [G] LONG DT @ 7335: 0.066406862752126
INFO - [G] LONG DT @ 7336: 0.056864850201664
INFO - [G] LONG DT @ 7339: 0.072730346595018
INFO - [G] LONG DT @ 7339: 0.062561177276184
INFO - [G] LONG DT @ 7339: 0.052851221820871
INFO - [G] LONG DT @ 7342: 0.081380952385276
INFO - [G] LONG DT @ 7342: 0.0695816819082
INFO - [G] LONG DT @ 7342: 0.057869325526573
INFO - [G] LONG DT @ 7345: 0.077666758578191
INFO - [G] LONG DT @ 7345: 0.064698746862554
INFO - [G] LONG DT @ 7345: 0.054240377490106
INFO - [G] LONG DT @ 7349: 0.080050158474818
INFO - [G] LONG DT @ 7349: 0.068790566779807
INFO - [G] LONG DT @ 7349: 0.057378573423884
INFO - [G] LONG DT @ 7352: 0.081890509194842
INFO - [G] LONG DT @ 7353: 0.067694287355863
INFO - [G] LONG DT @ 7353: 0.056591249884718
INFO - [G] LONG DT @ 7356: 0.075368598299501
INFO - [G] LONG DT @ 7356: 0.06250217863961
INFO - [G] LONG DT @ 7356: 0.052575242911796
INFO - [G] LONG DT @ 7360: 0.088790298938593
INFO - [G] LONG DT @ 7360: 0.073933999150861
INFO - [G] LONG DT @ 7360: 0.06283795932057
INFO - [G] LONG DT @ 7360: 0.053193107456487
INFO - [G] LONG DT @ 7364: 0.092560483170303
INFO - [G] LONG DT @ 7364: 0.077573346536201
INFO - [G] LONG DT @ 7364: 0.064612397228885
INFO - [G] LONG DT @ 7364: 0.054184197783172
INFO - [G] LONG DT @ 7365: 0.1
INFO - [G] LONG DT @ 7365: 0.085174260000058
INFO - [G] LONG DT @ 7365: 0.069127988000058
INFO - [G] LONG DT @ 7366: 0.056171190400036
INFO - [G] LONG DT @ 7371: 0.083923766171878
INFO - [G] LONG DT @ 7371: 0.069000932937513
INFO - [G] LONG DT @ 7371: 0.057037626349984
INFO - [G] LONG DT @ 7473: 0.05910386325746
INFO - [G] LONG DT @ 7487: 0.056265946927461
INFO - [G] LONG DT @ 7594: 0.051636460379008
INFO - [G] LONG DT @ 7604: 0.054309727396681
INFO - [G] LONG DT @ 7608: 0.057244449275315
INFO - [G] LONG DT @ 7611: 0.055270828357572
INFO - [G] LONG DT @ 7641: 0.05569455686872
INFO - [G] LONG DT @ 7645: 0.057936048843871
INFO - [G] LONG DT @ 7652: 0.06023017822483
INFO - [G] LONG DT @ 7655: 0.052998794170613
INFO - [G] LONG DT @ 7660: 0.059615688565859
INFO - [G] LONG DT @ 7664: 0.061699143445276
INFO - [G] LONG DT @ 7664: 0.051916594756331
INFO - [G] LONG DT @ 7668: 0.06124037421213
INFO - [G] LONG DT @ 7668: 0.050796579369737
INFO - [G] LONG DT @ 7672: 0.057150088722532
INFO - [G] LONG DT @ 7677: 0.06743876576135
INFO - [G] LONG DT @ 7677: 0.056611072609097
INFO - [G] LONG DT @ 7681: 0.068609649179869
INFO - [G] LONG DT @ 7681: 0.057358899343961
INFO - [G] LONG DT @ 7686: 0.062332535832157
INFO - [G] LONG DT @ 7686: 0.051570288665768
INFO - [G] LONG DT @ 7691: 0.063816752111121
INFO - [G] LONG DT @ 7691: 0.052734241688869
INFO - [G] LONG DT @ 7696: 0.057411294215392
INFO - [G] LONG DT @ 7700: 0.057375075077968
INFO - [G] LONG DT @ 7705: 0.064912869070855
INFO - [G] LONG DT @ 7705: 0.053453235256679
INFO - [G] LONG DT @ 7709: 0.058047140734171
INFO - [G] LONG DT @ 7714: 0.057465395745458
INFO - [G] LONG DT @ 7718: 0.076364385474687
INFO - [G] LONG DT @ 7718: 0.068459888379684
INFO - [G] LONG DT @ 7718: 0.057057790703736
INFO - [G] LONG DT @ 7720: 0.050984677826327
INFO - [G] LONG DT @ 7723: 0.076717524506508
INFO - [G] LONG DT @ 7723: 0.064029639605248
INFO - [G] LONG DT @ 7723: 0.0530493916842
INFO - [G] LONG DT @ 7727: 0.07672585260437
INFO - [G] LONG DT @ 7728: 0.063896602083538
INFO - [G] LONG DT @ 7728: 0.05279980166668
INFO - [G] LONG DT @ 7733: 0.065999743725372
INFO - [G] LONG DT @ 7733: 0.054726754980244
INFO - [G] LONG DT @ 7737: 0.059785589416641
INFO - [G] LONG DT @ 7742: 0.055122688778297
INFO - [G] LONG DT @ 7746: 0.074841368543595
INFO - [G] LONG DT @ 7746: 0.064285914834801
INFO - [G] LONG DT @ 7746: 0.053382131867934
INFO - [G] LONG DT @ 7750: 0.075113310066334
INFO - [G] LONG DT @ 7750: 0.063909428052959
INFO - [G] LONG DT @ 7750: 0.05332148244251
INFO - [G] LONG DT @ 7754: 0.078864697342548
INFO - [G] LONG DT @ 7754: 0.064831517873912
INFO - [G] LONG DT @ 7754: 0.053559354299238
INFO - [G] LONG DT @ 7759: 0.059345128762066
INFO - [G] LONG DT @ 7764: 0.06782689510067
INFO - [G] LONG DT @ 7764: 0.056651676080677
INFO - [G] LONG DT @ 7769: 0.062857545991808
INFO - [G] LONG DT @ 7769: 0.052079456793368
INFO - [G] LONG DT @ 7773: 0.061844662314182
INFO - [G] LONG DT @ 7773: 0.051717749851249
INFO - [G] LONG DT @ 7778: 0.067032196158632
INFO - [G] LONG DT @ 7778: 0.056890956926893
INFO - [G] LONG DT @ 7783: 0.065553284941346
INFO - [G] LONG DT @ 7783: 0.054426487953004
INFO - [G] LONG DT @ 7788: 0.064716062708675
INFO - [G] LONG DT @ 7788: 0.053552690166957
INFO - [G] LONG DT @ 7792: 0.058170484796694
INFO - [G] LONG DT @ 7797: 0.059747790624999
INFO - [G] LONG DT @ 7802: 0.064671704187418
INFO - [G] LONG DT @ 7802: 0.053514883349931
INFO - [G] LONG DT @ 7806: 0.063667196117541
INFO - [G] LONG DT @ 7806: 0.053806836894096
INFO - [G] LONG DT @ 7811: 0.063161322217223
INFO - [G] LONG DT @ 7811: 0.052090917773816
INFO - [G] LONG DT @ 7816: 0.060544729517058
INFO - [G] LONG DT @ 7816: 0.050145583613672
INFO - [G] LONG DT @ 7821: 0.069970330117342
INFO - [G] LONG DT @ 7821: 0.057793404093785
INFO - [G] LONG DT @ 7825: 0.064493661345934
INFO - [G] LONG DT @ 7825: 0.053383429076677
INFO - [G] LONG DT @ 7830: 0.06307859421644
INFO - [G] LONG DT @ 7830: 0.052475015373231
INFO - [G] LONG DT @ 7835: 0.061238153560201
INFO - [G] LONG DT @ 7835: 0.050639902848142
INFO - [G] LONG DT @ 7839: 0.07461818272289
INFO - [G] LONG DT @ 7839: 0.063622486178306
INFO - [G] LONG DT @ 7839: 0.052651968942748
INFO - [G] LONG DT @ 7843: 0.077045560843446
INFO - [G] LONG DT @ 7843: 0.063962028674645
INFO - [G] LONG DT @ 7843: 0.053012402939868
INFO - [G] LONG DT @ 7848: 0.079877258076184
INFO - [G] LONG DT @ 7848: 0.066510526460936
INFO - [G] LONG DT @ 7848: 0.055333881168774
INFO - [G] LONG DT @ 7852: 0.077904957710749
INFO - [G] LONG DT @ 7852: 0.064754246168643
INFO - [G] LONG DT @ 7852: 0.054029996934909
INFO - [G] LONG DT @ 7856: 0.081134603784669
INFO - [G] LONG DT @ 7856: 0.099767823027827
INFO - [G] LONG DT @ 7857: 0.08169069842224
INFO - [G] LONG DT @ 7857: 0.067204078737737
INFO - [G] LONG DT @ 7857: 0.055540282990198
INFO - [G] LONG DT @ 7861: 0.08289916540973
INFO - [G] LONG DT @ 7861: 0.069943472327886
INFO - [G] LONG DT @ 7861: 0.05825417786221
INFO - [G] LONG DT @ 7866: 0.080845038461997
INFO - [G] LONG DT @ 7866: 0.06653713076973
INFO - [G] LONG DT @ 7866: 0.055187224615781
INFO - [G] LONG DT @ 7870: 0.077213422429972
INFO - [G] LONG DT @ 7871: 0.063909937943852
INFO - [G] LONG DT @ 7871: 0.053255850355132
INFO - [G] LONG DT @ 7875: 0.073723707038539
INFO - [G] LONG DT @ 7876: 0.063369385630813
INFO - [G] LONG DT @ 7876: 0.053284048504684
INFO - [G] LONG DT @ 7880: 0.076284041668484
INFO - [G] LONG DT @ 7881: 0.063326493334714
INFO - [G] LONG DT @ 7881: 0.052588134667929
INFO - [G] LONG DT @ 7885: 0.068239630762374
INFO - [G] LONG DT @ 7885: 0.056465044609919
INFO - [G] LONG DT @ 7890: 0.078088128229351
INFO - [G] LONG DT @ 7890: 0.064388382583409
INFO - [G] LONG DT @ 7890: 0.053167646066793
INFO - [G] LONG DT @ 7895: 0.070911007823232
INFO - [G] LONG DT @ 7895: 0.058682886258582
INFO - [G] LONG DT @ 7900: 0.065429051187452
INFO - [G] LONG DT @ 7900: 0.054092900949912
INFO - [G] LONG DT @ 7904: 0.071760315119191
INFO - [G] LONG DT @ 7905: 0.061402332095291
INFO - [G] LONG DT @ 7905: 0.0518628056762
INFO - [G] LONG DT @ 7908: 0.079977536471057
INFO - [G] LONG DT @ 7908: 0.066257689176787
INFO - [G] LONG DT @ 7908: 0.055639391341498
INFO - [G] LONG DT @ 7912: 0.083476070108458
INFO - [G] LONG DT @ 7912: 0.1
INFO - [G] LONG DT @ 7913: 0.081902940000036
INFO - [G] LONG DT @ 7913: 0.067317511999921
INFO - [G] LONG DT @ 7913: 0.056299109600051
INFO - [G] LONG DT @ 7917: 0.085802787896506
INFO - [G] LONG DT @ 7917: 0.071212370317194
INFO - [G] LONG DT @ 7917: 0.059080016253753
INFO - [G] LONG DT @ 7921: 0.086384515122876
INFO - [G] LONG DT @ 7921: 0.071454452098365
INFO - [G] LONG DT @ 7921: 0.059315221678673
INFO - [G] LONG DT @ 7925: 0.078994588242353
INFO - [G] LONG DT @ 7925: 0.065272290593817
INFO - [G] LONG DT @ 7925: 0.055451772475117
INFO - [G] LONG DT @ 7929: 0.07904754778926
INFO - [G] LONG DT @ 7929: 0.065077078231458
INFO - [G] LONG DT @ 7929: 0.053870282585141
INFO - [G] LONG DT @ 7934: 0.081515941724074
INFO - [G] LONG DT @ 7934: 0.068268053379128
INFO - [G] LONG DT @ 7934: 0.056593322703327
INFO - [G] LONG DT @ 7939: 0.076986539830246
INFO - [G] LONG DT @ 7939: 0.064684171864316
INFO - [G] LONG DT @ 7939: 0.053407597491333
INFO - [G] LONG DT @ 7944: 0.068907908508975
INFO - [G] LONG DT @ 7944: 0.0573159268072
INFO - [G] LONG DT @ 7949: 0.082539584392803
INFO - [G] LONG DT @ 7949: 0.068031947514235
INFO - [G] LONG DT @ 7949: 0.056135718011427
INFO - [G] LONG DT @ 7953: 0.070438053276473
INFO - [G] LONG DT @ 7953: 0.058434702621262
INFO - [G] LONG DT @ 7958: 0.06981300739646
INFO - [G] LONG DT @ 7958: 0.057837145917015
INFO - [G] LONG DT @ 7963: 0.072646791769981
INFO - [G] LONG DT @ 7963: 0.062497213415893
INFO - [G] LONG DT @ 7963: 0.052212830732695
INFO - [G] LONG DT @ 7968: 0.079338892360869
INFO - [G] LONG DT @ 7968: 0.0653668938886
INFO - [G] LONG DT @ 7968: 0.054140995110986
INFO - [G] LONG DT @ 7973: 0.074361641183504
INFO - [G] LONG DT @ 7973: 0.063615572946779
INFO - [G] LONG DT @ 7973: 0.053532278357391
INFO - [G] LONG DT @ 7978: 0.071631351124894
INFO - [G] LONG DT @ 7978: 0.058995780899842
INFO - [G] LONG DT @ 7983: 0.065959570663978
INFO - [G] LONG DT @ 7983: 0.055612376531212
INFO - [G] LONG DT @ 7985: 0.052141836568055
INFO - [G] LONG DT @ 7987: 0.083696948535274
INFO - [G] LONG DT @ 7987: 0.068778238828348
INFO - [G] LONG DT @ 7987: 0.056630831062629
INFO - [G] LONG DT @ 7992: 0.076223115187427
INFO - [G] LONG DT @ 7992: 0.063148292149806
INFO - [G] LONG DT @ 7992: 0.052613853719892
INFO - [G] LONG DT @ 7997: 0.082812004028014
INFO - [G] LONG DT @ 7997: 0.083785763222465
INFO - [G] LONG DT @ 7997: 0.06954189057792
INFO - [G] LONG DT @ 7997: 0.058115732462429
INFO - [G] LONG DT @ 8000: 0.053687946169987
INFO - [G] LONG DT @ 8002: 0.086509803837216
INFO - [G] LONG DT @ 8002: 0.071927383069771
INFO - [G] LONG DT @ 8002: 0.068888486455734
INFO - [G] LONG DT @ 8002: 0.057619709164624
INFO - [G] LONG DT @ 8007: 0.079858035280002
INFO - [G] LONG DT @ 8007: 0.067380428224139
INFO - [G] LONG DT @ 8007: 0.056380462579157
INFO - [G] LONG DT @ 8012: 0.081068260420794
INFO - [G] LONG DT @ 8012: 0.068093948336526
INFO - [G] LONG DT @ 8012: 0.056590018669295
INFO - [G] LONG DT @ 8017: 0.083409496584392
INFO - [G] LONG DT @ 8017: 0.069609177267544
INFO - [G] LONG DT @ 8017: 0.058228721814037
INFO - [G] LONG DT @ 8022: 0.080590228482541
INFO - [G] LONG DT @ 8022: 0.066219982786009
INFO - [G] LONG DT @ 8022: 0.054634526228869
INFO - [G] LONG DT @ 8026: 0.077327938161205
INFO - [G] LONG DT @ 8026: 0.065355490528919
INFO - [G] LONG DT @ 8026: 0.054502332423035
INFO - [G] LONG DT @ 8030: 0.093183575114628
INFO - [G] LONG DT @ 8030: 0.079136160091564
INFO - [G] LONG DT @ 8030: 0.067915408073326
INFO - [G] LONG DT @ 8030: 0.058717706458646
INFO - [G] LONG DT @ 8030: 0.051384925166981
INFO - [G] LONG DT @ 8034: 0.095558986751204
INFO - [G] LONG DT @ 8034: 0.078687829400909
INFO - [G] LONG DT @ 8034: 0.065176443520798
INFO - [G] LONG DT @ 8034: 0.054341814816655
INFO - [G] LONG DT @ 8038: 0.093728916533472
INFO - [G] LONG DT @ 8038: 0.078369493226745
INFO - [G] LONG DT @ 8038: 0.064882454581289
INFO - [G] LONG DT @ 8038: 0.054296343665028
INFO - [G] LONG DT @ 8042: 0.094338808779953
INFO - [G] LONG DT @ 8042: 0.080065767023985
INFO - [G] LONG DT @ 8042: 0.06679487361902
INFO - [G] LONG DT @ 8042: 0.056017378895333
INFO - [G] LONG DT @ 8046: 0.091172759948023
INFO - [G] LONG DT @ 8046: 0.075745727958406
INFO - [G] LONG DT @ 8046: 0.06297064236669
INFO - [G] LONG DT @ 8046: 0.052532753893465
INFO - [G] LONG DT @ 8050: 0.098776755587483
INFO - [G] LONG DT @ 8050: 0.083884284470096
INFO - [G] LONG DT @ 8050: 0.069795347575957
INFO - [G] LONG DT @ 8050: 0.05857025806085
INFO - [G] LONG DT @ 8051: 0.059416795918743
INFO - [G] LONG DT @ 8051: 0.050081916735036
INFO - [G] LONG DT @ 8054: 0.088077536514852
INFO - [G] LONG DT @ 8054: 0.072563429211874
INFO - [G] LONG DT @ 8054: 0.060301863369391
INFO - [G] LONG DT @ 8054: 0.050287930695562
INFO - [G] LONG DT @ 8058: 0.098648314341679
INFO - [G] LONG DT @ 8058: 0.083534351473229
INFO - [G] LONG DT @ 8058: 0.069397441178657
INFO - [G] LONG DT @ 8058: 0.057872432942956
INFO - [G] LONG DT @ 8062: 0.095814784724675
INFO - [G] LONG DT @ 8062: 0.08169676777971
INFO - [G] LONG DT @ 8062: 0.067475914223911
INFO - [G] LONG DT @ 8062: 0.056096071379038
INFO - [G] LONG DT @ 8066: 0.094223509745231
INFO - [G] LONG DT @ 8066: 0.079964147796088
INFO - [G] LONG DT @ 8066: 0.06665889823689
INFO - [G] LONG DT @ 8066: 0.056231958589668
INFO - [G] LONG DT @ 8068: 0.05736808803682
INFO - [G] LONG DT @ 8070: 0.088797870166986
INFO - [G] LONG DT @ 8070: 0.073146656133646
INFO - [G] LONG DT @ 8070: 0.061945204906898
INFO - [G] LONG DT @ 8070: 0.054224803925427
INFO - [G] LONG DT @ 8074: 0.084490608981598
INFO - [G] LONG DT @ 8074: 0.069680287185214
INFO - [G] LONG DT @ 8074: 0.05766354974815
INFO - [G] LONG DT @ 8078: 0.090810335450623
INFO - [G] LONG DT @ 8078: 0.07475676836053
INFO - [G] LONG DT @ 8078: 0.062161294688383
INFO - [G] LONG DT @ 8078: 0.051684295750774
INFO - [G] LONG DT @ 8082: 0.089074207423597
INFO - [G] LONG DT @ 8082: 0.07631292593882
INFO - [G] LONG DT @ 8083: 0.065110180751137
INFO - [G] LONG DT @ 8083: 0.056054504600959
INFO - [G] LONG DT @ 8087: 0.089913553395645
INFO - [G] LONG DT @ 8087: 0.074800062716473
INFO - [G] LONG DT @ 8087: 0.061868230173158
INFO - [G] LONG DT @ 8087: 0.051442964138593
INFO - [G] LONG DT @ 8091: 0.1
INFO - [G] LONG DT @ 8091: 0.082244539999992
INFO - [G] LONG DT @ 8092: 0.0680934319999
INFO - [G] LONG DT @ 8092: 0.056658725599892
INFO - [G] LONG DT @ 8096: 0.088430071763828
INFO - [G] LONG DT @ 8096: 0.072915257411219
INFO - [G] LONG DT @ 8096: 0.060681745928862
INFO - [G] LONG DT @ 8096: 0.050621276743028
INFO - [G] LONG DT @ 8101: 0.0842928850635
INFO - [G] LONG DT @ 8101: 0.069677968050822
INFO - [G] LONG DT @ 8101: 0.057666554440718
INFO - [G] LONG DT @ 8105: 0.093216441544087
INFO - [G] LONG DT @ 8105: 0.079855473235239
INFO - [G] LONG DT @ 8106: 0.065891338588299
INFO - [G] LONG DT @ 8106: 0.054855810870548
INFO - [G] LONG DT @ 8110: 0.089955782535575
INFO - [G] LONG DT @ 8110: 0.074027186028291
INFO - [G] LONG DT @ 8110: 0.061089548822669
INFO - [G] LONG DT @ 8110: 0.050940199058179
INFO - [G] LONG DT @ 8115: 0.082731940541561
INFO - [G] LONG DT @ 8115: 0.069407812433142
INFO - [G] LONG DT @ 8115: 0.058344769946587
INFO - [G] LONG DT @ 8119: 0.094738166868406
INFO - [G] LONG DT @ 8120: 0.079900233494842
INFO - [G] LONG DT @ 8120: 0.066019946795747
INFO - [G] LONG DT @ 8120: 0.054918017436704
INFO - [G] LONG DT @ 8124: 0.090643637101632
INFO - [G] LONG DT @ 8124: 0.074884449681232
INFO - [G] LONG DT @ 8124: 0.062076399744999
INFO - [G] LONG DT @ 8124: 0.051840319795954
INFO - [G] LONG DT @ 8128: 0.091007808594003
INFO - [G] LONG DT @ 8128: 0.077649986875272
INFO - [G] LONG DT @ 8129: 0.064815989500323
INFO - [G] LONG DT @ 8129: 0.054538111600168
INFO - [G] LONG DT @ 8133: 0.095648100236316
INFO - [G] LONG DT @ 8133: 0.082088340188976
INFO - [G] LONG DT @ 8133: 0.067688172151146
INFO - [G] LONG DT @ 8133: 0.056680957720956
INFO - [G] LONG DT @ 8138: 0.093044153962175
INFO - [G] LONG DT @ 8138: 0.07784744316977
INFO - [G] LONG DT @ 8138: 0.064834474535778
INFO - [G] LONG DT @ 8138: 0.054216599628733
INFO - [G] LONG DT @ 8142: 0.090881560433689
INFO - [G] LONG DT @ 8142: 0.07521942834684
INFO - [G] LONG DT @ 8142: 0.062016162677548
INFO - [G] LONG DT @ 8142: 0.05150689014209
INFO - [G] LONG DT @ 8147: 0.089369738845336
INFO - [G] LONG DT @ 8147: 0.074694511076269
INFO - [G] LONG DT @ 8147: 0.062031548860906
INFO - [G] LONG DT @ 8147: 0.051527699088744
INFO - [G] LONG DT @ 8151: 0.097902091067178
INFO - [G] LONG DT @ 8151: 0.081858452853847
INFO - [G] LONG DT @ 8152: 0.067639222282966
INFO - [G] LONG DT @ 8152: 0.056060777826385
INFO - [G] LONG DT @ 8156: 0.094125182074095
INFO - [G] LONG DT @ 8156: 0.079921525659302
INFO - [G] LONG DT @ 8156: 0.066025860527407
INFO - [G] LONG DT @ 8156: 0.054887468422058
INFO - [G] LONG DT @ 8160: 0.088271661122981
INFO - [G] LONG DT @ 8160: 0.072778148898448
INFO - [G] LONG DT @ 8160: 0.060251079118721
INFO - [G] LONG DT @ 8160: 0.050212103294933
INFO - [G] LONG DT @ 8165: 0.1
INFO - [G] LONG DT @ 8165: 0.084414120000001
INFO - [G] LONG DT @ 8165: 0.069612256000059
INFO - [G] LONG DT @ 8165: 0.057948944800071
INFO - [G] LONG DT @ 8169: 0.089045605068742
INFO - [G] LONG DT @ 8169: 0.073150884054981
INFO - [G] LONG DT @ 8170: 0.060271027244049
INFO - [G] LONG DT @ 8170: 0.050118521795293
INFO - [G] LONG DT @ 8174: 0.090015100060699
INFO - [G] LONG DT @ 8174: 0.075460640048666
INFO - [G] LONG DT @ 8174: 0.06230325203882
INFO - [G] LONG DT @ 8174: 0.051719261631073
INFO - [G] LONG DT @ 8179: 0.092104882910524
INFO - [G] LONG DT @ 8179: 0.075682826328425
INFO - [G] LONG DT @ 8179: 0.06235904106274
INFO - [G] LONG DT @ 8179: 0.051773192850082
INFO - [G] LONG DT @ 8183: 0.051616055659407
INFO - [G] LONG DT @ 8185: 0.086034029049849
INFO - [G] LONG DT @ 8185: 0.069699723239848
INFO - [G] LONG DT @ 8185: 0.056543378591946
INFO - [G] LONG DT @ 8432: 0.05516130461025
INFO - [G] LONG DT @ 8436: 0.052395222656891
INFO - [G] LONG DT @ 8446: 0.053071921361029
INFO - [G] LONG DT @ 8450: 0.053688277052642
INFO - [G] LONG DT @ 8514: 0.057783265244761
INFO - [G] LONG DT @ 8518: 0.054161255732119
INFO - [G] LONG DT @ 8521: 0.052901460043198
INFO - [G] LONG DT @ 8605: 0.059880373206071
INFO - [G] LONG DT @ 8605: 0.050163418564728
INFO - [G] LONG DT @ 8609: 0.052489556355285
INFO - [G] LONG DT @ 8613: 0.056555829616145
INFO - [G] LONG DT @ 8617: 0.052973322324424
INFO - [G] LONG DT @ 8624: 0.051372497549849
INFO - [G] LONG DT @ 8671: 0.064322337219538
INFO - [G] LONG DT @ 8671: 0.053363829775561
INFO - [G] LONG DT @ 8675: 0.057174867348361
INFO - [G] LONG DT @ 8682: 0.054455050398262
INFO - [G] LONG DT @ 8686: 0.052677580769151
INFO - [G] LONG DT @ 8718: 0.059284472522547
INFO - [G] LONG DT @ 8722: 0.052575723503633
INFO - [G] LONG DT @ 8726: 0.057401940824094
INFO - [G] LONG DT @ 8730: 0.058663842307199
INFO - [G] LONG DT @ 8730: 0.050248793845664
INFO - [G] LONG DT @ 8734: 0.057326932431718
INFO - [G] LONG DT @ 8738: 0.058148224996993
INFO - [G] LONG DT @ 8738: 0.050943039997385
INFO - [G] LONG DT @ 8742: 0.057676237213358
INFO - [G] LONG DT @ 8746: 0.058211694778993
INFO - [G] LONG DT @ 8750: 0.064750538145799
INFO - [G] LONG DT @ 8750: 0.053862170516775
INFO - [G] LONG DT @ 8755: 0.074679087278169
INFO - [G] LONG DT @ 8755: 0.064601529822572
INFO - [G] LONG DT @ 8755: 0.054475183858111
INFO - [G] LONG DT @ 8759: 0.071660449587854
INFO - [G] LONG DT @ 8759: 0.06019523967043
INFO - [G] LONG DT @ 8759: 0.050794111736396
INFO - [G] LONG DT @ 8764: 0.066103042101624
INFO - [G] LONG DT @ 8764: 0.055764193681245
INFO - [G] LONG DT @ 8768: 0.075734928529143
INFO - [G] LONG DT @ 8768: 0.064830262823363
INFO - [G] LONG DT @ 8768: 0.054476010258849
INFO - [G] LONG DT @ 8773: 0.079500097294669
INFO - [G] LONG DT @ 8773: 0.065972357835425
INFO - [G] LONG DT @ 8773: 0.055123706268459
INFO - [G] LONG DT @ 8777: 0.082241929773269
INFO - [G] LONG DT @ 8778: 0.06802508381839
INFO - [G] LONG DT @ 8778: 0.056897127054804
INFO - [G] LONG DT @ 8782: 0.076915973295703
INFO - [G] LONG DT @ 8782: 0.06586019863668
INFO - [G] LONG DT @ 8782: 0.055058418909297
INFO - [G] LONG DT @ 8787: 0.069814519677744
INFO - [G] LONG DT @ 8787: 0.057923055741977
INFO - [G] LONG DT @ 8791: 0.072535971638313
INFO - [G] LONG DT @ 8791: 0.062349077310395
INFO - [G] LONG DT @ 8791: 0.052138421848492
INFO - [G] LONG DT @ 8796: 0.059503886915484
INFO - [G] LONG DT @ 8801: 0.067764818293024
INFO - [G] LONG DT @ 8801: 0.05832397463441
INFO - [G] LONG DT @ 8801: 0.050630979707527
INFO - [G] LONG DT @ 8806: 0.070207728163049
INFO - [G] LONG DT @ 8806: 0.058192422530562
INFO - [G] LONG DT @ 8811: 0.064130992399429
INFO - [G] LONG DT @ 8811: 0.053577073919577
INFO - [G] LONG DT @ 8816: 0.067510216913948
INFO - [G] LONG DT @ 8816: 0.056168313531136
INFO - [G] LONG DT @ 8821: 0.066347285801996
INFO - [G] LONG DT @ 8821: 0.054809028641592
INFO - [G] LONG DT @ 8826: 0.061112627283397
INFO - [G] LONG DT @ 8826: 0.050892221826533
INFO - [G] LONG DT @ 8831: 0.067321156041765
INFO - [G] LONG DT @ 8831: 0.055622904833394
INFO - [G] LONG DT @ 8836: 0.059283534452671
INFO - [G] LONG DT @ 8840: 0.065218344854712
INFO - [G] LONG DT @ 8840: 0.054102135883703
INFO - [G] LONG DT @ 8845: 0.060368506279214
INFO - [G] LONG DT @ 8845: 0.050159805023551
INFO - [G] LONG DT @ 8850: 0.056818971277377
INFO - [G] LONG DT @ 8854: 0.057478429358746
INFO - [G] LONG DT @ 8859: 0.060021047087412
INFO - [G] LONG DT @ 8859: 0.050096477669941
INFO - [G] LONG DT @ 863: 0.060608068209347
INFO - [G] LONG DT @ 1306: 0.066245872426233
INFO - [G] LONG DT @ 1306: 0.054547817940917
INFO - [G] LONG DT @ 1317: 0.066475752868748
INFO - [G] LONG DT @ 1317: 0.057002022295166
INFO - [G] LONG DT @ 1394: 0.056014305441382
INFO - [G] LONG DT @ 1397: 0.057478891944012
INFO - [G] LONG DT @ 1452: 0.050120949314518
INFO - [G] LONG DT @ 1455: 0.055639804229123
INFO - [G] LONG DT @ 1468: 0.053144928883664
INFO - [G] LONG DT @ 1469: 0.057579008302393
INFO - [G] LONG DT @ 1474: 0.050339346879454
INFO - [G] LONG DT @ 1519: 0.057277390510014
INFO - [G] LONG DT @ 1522: 0.056680031498598
INFO - [G] LONG DT @ 1526: 0.052167576770816
INFO - [G] LONG DT @ 1590: 0.060307120120445
INFO - [G] LONG DT @ 1595: 0.061226951379155
INFO - [G] LONG DT @ 1595: 0.050572281103565
INFO - [G] LONG DT @ 1599: 0.053401247887136
INFO - [G] LONG DT @ 1625: 0.056234768185037
INFO - [G] LONG DT @ 1627: 0.059734347073309
INFO - [G] LONG DT @ 1629: 0.05757695725483
INFO - [G] LONG DT @ 2554: 0.050559330683334
INFO - [G] LONG DT @ 2603: 0.051325499067937
INFO - [G] LONG DT @ 2704: 0.057542135923788
INFO - [G] LONG DT @ 2750: 0.052784610419021
INFO - [G] LONG DT @ 2830: 0.05102883203171
INFO - [G] LONG DT @ 2856: 0.050129205972836
INFO - [G] LONG DT @ 2931: 0.051203228710214
INFO - [G] LONG DT @ 2941: 0.051188117447372
INFO - [G] LONG DT @ 3309: 0.050107141442144
INFO - [G] LONG DT @ 3313: 0.053613523092628
INFO - [G] LONG DT @ 3320: 0.051301337655332
INFO - [G] LONG DT @ 3360: 0.061034315623832
INFO - [G] LONG DT @ 3360: 0.051102112499032
INFO - [G] LONG DT @ 3438: 0.051764525500131
INFO - [G] LONG DT @ 3460: 0.051051147518947
INFO - [G] LONG DT @ 3582: 0.050276017465479
INFO - [G] LONG DT @ 3596: 0.050302575785587
INFO - [G] LONG DT @ 3619: 0.057338681028412
INFO - [G] LONG DT @ 3633: 0.053955445048981
INFO - [G] LONG DT @ 3641: 0.052042009917362
INFO - [G] LONG DT @ 3692: 0.056739584869818
INFO - [G] LONG DT @ 3783: 0.051638565103026
INFO - [G] LONG DT @ 3963: 0.054081677626365
INFO - [G] LONG DT @ 3972: 0.058156804332521
INFO - [G] LONG DT @ 4037: 0.05168506946569
INFO - [G] LONG DT @ 4136: 0.051901823694327
INFO - [G] LONG DT @ 4140: 0.051018440759012
INFO - [G] LONG DT @ 4174: 0.050783212607191
INFO - [G] LONG DT @ 4211: 0.050957994494106
INFO - [G] LONG DT @ 4239: 0.050531222540848
INFO - [G] LONG DT @ 4269: 0.051545954333567
INFO - [G] LONG DT @ 4280: 0.053912974622413
INFO - [G] LONG DT @ 4311: 0.0535525286323
INFO - [G] LONG DT @ 4322: 0.05290194099958
INFO - [G] LONG DT @ 4352: 0.058057381084959
INFO - [G] LONG DT @ 4357: 0.053769643766875
INFO - [G] LONG DT @ 4361: 0.05008432109938
INFO - [G] LONG DT @ 4425: 0.1
INFO - [G] LONG DT @ 4425: 0.082444839999953
INFO - [G] LONG DT @ 4425: 0.069291692000174
INFO - [G] LONG DT @ 4425: 0.058784153600183
INFO - [G] LONG DT @ 4425: 0.050352642880077
INFO - [G] LONG DT @ 4460: 0.1
INFO - [G] LONG DT @ 4460: 0.085887160000202
INFO - [G] LONG DT @ 4460: 0.071086068000208
INFO - [G] LONG DT @ 4460: 0.059291634399854
INFO - [G] LONG DT @ 4460: 0.050103407520134
INFO - [G] LONG DT @ 4463: 0.071073280486291
INFO - [G] LONG DT @ 4463: 0.061792984389003
INFO - [G] LONG DT @ 4463: 0.051745387511029
INFO - [G] LONG DT @ 4573: 0.055570386987979
INFO - [G] LONG DT @ 4584: 0.053011200057947
INFO - [G] LONG DT @ 4769: 0.057233519600878
INFO - [G] LONG DT @ 4786: 0.051731615645136
INFO - [G] LONG DT @ 4794: 0.054444208365854
INFO - [G] LONG DT @ 4806: 0.0593908826225
INFO - [G] LONG DT @ 4806: 0.050420926097881
INFO - [G] LONG DT @ 4855: 0.053430100926202
INFO - [G] LONG DT @ 4859: 0.051676450552279
INFO - [G] LONG DT @ 4884: 0.050597643748015
INFO - [G] LONG DT @ 4975: 0.052948168204374
INFO - [G] LONG DT @ 5005: 0.050959775622112
INFO - [G] LONG DT @ 5012: 0.056098354264019
INFO - [G] LONG DT @ 5134: 0.054049876611691
INFO - [G] LONG DT @ 5182: 0.052372066774904
INFO - [G] LONG DT @ 5231: 0.050847214875116
INFO - [G] LONG DT @ 5278: 0.055391407832468
INFO - [G] LONG DT @ 5328: 0.056974759663365
INFO - [G] LONG DT @ 5355: 0.050271551514735
INFO - [G] LONG DT @ 5369: 0.053939519855497
INFO - [G] LONG DT @ 5422: 0.051503736933607
INFO - [G] LONG DT @ 5592: 0.076560696728309
INFO - [G] LONG DT @ 5592: 0.062818717382767
INFO - [G] LONG DT @ 5592: 0.051870533906423
INFO - [G] LONG DT @ 5595: 0.050630587933793
INFO - [G] LONG DT @ 5615: 0.05361191217615
