INFO - [♥] Lovely 0.7.1
INFO - [♥] Game directory is at "C:\\Program Files (x86)\\Steam\\steamapps\\common\\Balatro"
INFO - [♥] Writing logs to "C:\\Users\\Administrator\\AppData\\Roaming\\Balatro\\Mods\\lovely\\log"
INFO - [♥] Using mod directory at "C:\\Users\\Administrator\\AppData\\Roaming\\Balatro\\Mods"
INFO - [♥] Found .lovelyignore in 'Aura', skipping it.
INFO - [♥] Found .lovelyignore in 'Balustro', skipping it.
INFO - [♥] Found .lovelyignore in 'HentaiCards', skipping it.
INFO - [♥] Found .lovelyignore in 'SakashimaJoker', skipping it.
INFO - [♥] Cleaning up dumps directory at "C:\\Users\\Administrator\\AppData\\Roaming\\Balatro\\Mods\\lovely\\dump"
INFO - [♥] Initialization complete in 29ms
WARN - [♥] Pattern 'ϖ' on target 'conf.lua' for pattern patch from 0Bullitro\lovely\files.toml resulted in no matches
INFO - [♥] Applied 0 patches to 'conf.lua'
INFO - [♥] Applied 13 patches to 'main.lua'
WARN - [♥] Pattern 'ϖ' on target 'engine/object.lua' for pattern patch from 0Bullitro\lovely\files.toml resulted in no matches
INFO - [♥] Applied 10 patches to 'engine/object.lua'
WARN - [♥] Pattern 'ϖ' on target 'engine/string_packer.lua' for pattern patch from 0Bullitro\lovely\files.toml resulted in no matches
INFO - [♥] Applied 0 patches to 'engine/string_packer.lua'
INFO - [♥] Applied 7 patches to 'engine/controller.lua'
INFO - [♥] Applied 14 patches to 'back.lua'
INFO - [♥] Applied 7 patches to 'tag.lua'
WARN - [♥] Pattern '--Class' on target 'engine/event.lua' for pattern patch from 0Bullitro\lovely\event.toml resulted in 2 matches, wanted 1
WARN - [♥] Ignoring excess matches
WARN - [♥] Pattern '--Class Methods' on target 'engine/event.lua' for pattern patch from 0Bullitro\lovely\event.toml resulted in 2 matches, wanted 1
WARN - [♥] Ignoring excess matches
WARN - [♥] Pattern 'ϖ' on target 'engine/event.lua' for pattern patch from 0Bullitro\lovely\files.toml resulted in no matches
INFO - [♥] Applied 3 patches to 'engine/event.lua'
WARN - [♥] Pattern 'ϖ' on target 'engine/node.lua' for pattern patch from 0Bullitro\lovely\files.toml resulted in no matches
INFO - [♥] Applied 2 patches to 'engine/node.lua'
INFO - [♥] Applied 5 patches to 'engine/moveable.lua'
INFO - [♥] Applied 2 patches to 'engine/sprite.lua'
INFO - [♥] Applied 2 patches to 'engine/animatedsprite.lua'
INFO - [♥] Applied 42 patches to 'functions/misc_functions.lua'
INFO - [♥] Applied 28 patches to 'game.lua'
INFO - [♥] Applied 1 patch to 'globals.lua'
WARN - [♥] Pattern '--Class' on target 'engine/ui.lua' for pattern patch from 0Bullitro\lovely\ui.toml resulted in 2 matches, wanted 1
WARN - [♥] Ignoring excess matches
INFO - [♥] Applied 8 patches to 'engine/ui.lua'
INFO - [♥] Applied 73 patches to 'functions/UI_definitions.lua'
INFO - [♥] Applied 40 patches to 'functions/state_events.lua'
INFO - [♥] Applied 87 patches to 'functions/common_events.lua'
INFO - [♥] Applied 39 patches to 'functions/button_callbacks.lua'
WARN - [♥] Pattern 'ϖ' on target 'functions/test_functions.lua' for pattern patch from 0Bullitro\lovely\files.toml resulted in no matches
INFO - [♥] Applied 0 patches to 'functions/test_functions.lua'
INFO - [♥] Applied 147 patches to 'card.lua'
INFO - [♥] Applied 7 patches to 'cardarea.lua'
INFO - [♥] Applied 31 patches to 'blind.lua'
WARN - [♥] Pattern 'ϖ' on target 'card_character.lua' for pattern patch from 0Bullitro\lovely\files.toml resulted in no matches
INFO - [♥] Applied 0 patches to 'card_character.lua'
WARN - [♥] Pattern 'ϖ' on target 'engine/particles.lua' for pattern patch from 0Bullitro\lovely\files.toml resulted in no matches
INFO - [♥] Applied 0 patches to 'engine/particles.lua'
INFO - [♥] Applied 3 patches to 'engine/text.lua'
WARN - [♥] Pattern 'ϖ' on target 'challenges.lua' for pattern patch from 0Bullitro\lovely\files.toml resulted in no matches
WARN - [♥] Pattern 'ϖ' on target 'challenges.lua' for pattern patch from 0Bullitro\lovely\files.toml resulted in no matches
INFO - [♥] Applied 0 patches to 'challenges.lua'
INFO - [G] Failed to connect to the debug server
INFO - [G] 2025-03-23 20:47:38 :: DEBUG :: DebugConsole :: Steamodded Debug Socket started !
INFO - [♥] Applied 10 patches to 'engine/sound_manager.lua'
INFO - [♥] Applied 1 patch to 'engine/save_manager.lua'
WARN - [♥] Pattern 'ϖ' on target 'engine/object.lua' for pattern patch from 0Bullitro\lovely\files.toml resulted in no matches
INFO - [♥] Applied 10 patches to 'engine/object.lua'
WARN - [♥] Pattern 'ϖ' on target 'engine/string_packer.lua' for pattern patch from 0Bullitro\lovely\files.toml resulted in no matches
INFO - [♥] Applied 0 patches to 'engine/string_packer.lua'
INFO - [G] 2025-03-23 20:47:40 :: ERROR :: Loader :: Found invalid metadata JSON file at C:\Users\Administrator\AppData\Roaming\Balatro\Mods/.vscode/settings.json, ignoring: [SMODS _ "src/loader.lua"]:226: id
INFO - [G] 2025-03-23 20:47:40 :: INFO  :: DefaultLogger :: Valid JSON file found
INFO - [G] 2025-03-23 20:47:40 :: ERROR :: Loader :: Found invalid metadata JSON file at C:\Users\Administrator\AppData\Roaming\Balatro\Mods/Aura/.vscode/settings.json, ignoring: [SMODS _ "src/loader.lua"]:226: id
INFO - [G] 2025-03-23 20:47:40 :: TRACE :: Loader :: Processing Mod file (Legacy header): Aura.lua
INFO - [G] 2025-03-23 20:47:40 :: TRACE :: Loader :: Saving Mod Info: Aura
INFO - [G] 2025-03-23 20:47:40 :: TRACE :: Loader :: Processing Mod file (Legacy header): PreorderCards.lua
INFO - [G] 2025-03-23 20:47:40 :: TRACE :: Loader :: Saving Mod Info: preorder_cards
INFO - [G] 2025-03-23 20:47:40 :: INFO  :: DefaultLogger :: Valid JSON file found
INFO - [G] 2025-03-23 20:47:40 :: INFO  :: DefaultLogger :: Valid JSON file found
INFO - [G] 2025-03-23 20:47:40 :: TRACE :: Loader :: Processing Mod file (Legacy header): HentaiCards.lua
INFO - [G] 2025-03-23 20:47:40 :: WARN  :: Loader :: Duplicate Mod ID: HentaiCards
INFO - [G] 2025-03-23 20:47:40 :: TRACE :: Loader :: Processing Mod file (Legacy header): SakashimaJoker.lua
INFO - [G] 2025-03-23 20:47:40 :: TRACE :: Loader :: Saving Mod Info: SakashimaJoker
INFO - [G] 2025-03-23 20:47:40 :: INFO  :: DefaultLogger :: Valid JSON file found
INFO - [G] 2025-03-23 20:47:40 :: TRACE :: Loader :: Processing Mod file (Legacy header): VintagePinupCards.lua
INFO - [G] 2025-03-23 20:47:40 :: TRACE :: Loader :: Saving Mod Info: VintagePinupCards
INFO - [G] 2025-03-23 20:47:41 :: TRACE :: Loader :: Processing Mod file (Legacy header): keyboard_dorkdad.lua
INFO - [G] 2025-03-23 20:47:41 :: TRACE :: Loader :: Saving Mod Info: keyboard_dorkdad
INFO - [G] 2025-03-23 20:47:41 :: TRACE :: Loader :: Mod Balustro was unable to load: 
INFO - [G] 2025-03-23 20:47:41 :: TRACE :: Loader :: Mod Aura was unable to load: 
INFO - [G] 2025-03-23 20:47:41 :: TRACE :: Loader :: Mod HentaiCards was unable to load: 
INFO - [G] 2025-03-23 20:47:41 :: TRACE :: Loader :: Mod SakashimaJoker was unable to load: 
INFO - [G] 2025-03-23 20:47:41 :: INFO  :: TIMER :: [0000] Injected Language in 0.001 ms
INFO - [G] 2025-03-23 20:47:41 :: INFO  :: TIMER :: [0000] Injected [INTERNAL] in 1.175 ms
INFO - [G] mod_tags
INFO - [G] achievements
INFO - [G] bull_wide_card
INFO - [G] bull_carper_card
INFO - [G] bull_Jokers-ice cream
INFO - [G] bull_Jokers-popcorn
INFO - [G] bull_Jokers-ramen
INFO - [G] bull_Jokers-green guy
INFO - [G] StickfaceNSFW_8BitDeck_opt2
INFO - [G] StickfaceNSFW_8BitDeck
INFO - [G] StickfaceNSFW_icon_lc
INFO - [G] StickfaceNSFW_icon_hc
INFO - [G] vintage_pinup_cards
INFO - [G] 2025-03-23 20:47:41 :: INFO  :: TIMER :: [0013] Injected Atlas in 647.452 ms
INFO - [G] 2025-03-23 20:47:41 :: INFO  :: TIMER :: [0001] Injected Sound in 0.303 ms
INFO - [G] 2025-03-23 20:47:41 :: INFO  :: TIMER :: [0008] Injected Stake in 0.233 ms
INFO - [G] 2025-03-23 20:47:41 :: INFO  :: TIMER :: [0004] Injected Rarity in 0.048 ms
INFO - [G] 2025-03-23 20:47:41 :: INFO  :: TIMER :: [0004] Injected ObjectType in 0.048 ms
INFO - [G] 2025-03-23 20:47:41 :: INFO  :: TIMER :: [0058] Injected Center in 0.860 ms
INFO - [G] 2025-03-23 20:47:41 :: INFO  :: TIMER :: [0007] Injected Undiscovered Sprite in 0.077 ms
INFO - [G] 2025-03-23 20:47:41 :: INFO  :: TIMER :: [0002] Injected Blind in 0.092 ms
INFO - [G] 2025-03-23 20:47:41 :: INFO  :: TIMER :: [0004] Injected Seal in 0.621 ms
INFO - [G] 2025-03-23 20:47:41 :: INFO  :: TIMER :: [0004] Injected Suit in 0.170 ms
INFO - [G] 2025-03-23 20:47:41 :: INFO  :: TIMER :: [0013] Injected Rank in 0.139 ms
INFO - [G] 2025-03-23 20:47:41 :: INFO  :: TIMER :: [0036] Injected DeckSkin in 0.227 ms
INFO - [G] 2025-03-23 20:47:41 :: INFO  :: TIMER :: [0012] Injected PokerHand in 0.113 ms
INFO - [G] 2025-03-23 20:47:41 :: INFO  :: TIMER :: [0020] Injected Challenge in 0.026 ms
INFO - [G] 2025-03-23 20:47:41 :: INFO  :: TIMER :: [0000] Injected Tag in 0.001 ms
INFO - [G] 2025-03-23 20:47:41 :: INFO  :: TIMER :: [0004] Injected Sticker in 0.079 ms
INFO - [G] 2025-03-23 20:47:41 :: INFO  :: TIMER :: [0000] Injected Shader in 0.001 ms
INFO - [G] 2025-03-23 20:47:42 :: INFO  :: TIMER :: [0001] Injected Keybind in 0.014 ms
INFO - [G] 2025-03-23 20:47:42 :: INFO  :: TIMER :: [0000] Injected Achievement in 0.054 ms
INFO - [G] 2025-03-23 20:47:42 :: INFO  :: TIMER :: [0000] Injected [INTERNAL] in 1.302 ms
INFO - [G] ERROR LOADING GAME: Card area 'shop_booster' not instantiated before load
INFO - [G] ERROR LOADING GAME: Card area 'shop_jokers' not instantiated before load
INFO - [G] ERROR LOADING GAME: Card area 'shop_vouchers' not instantiated before load
INFO - [G] line not found
INFO - [G] file not found: main.lua: No such file or directory
INFO - [G] file not found: main.lua: No such file or directory
INFO - [G] file not found: main.lua: No such file or directory
INFO - [G] file not found: main.lua: No such file or directory
INFO - [G] 2025-03-23 20:47:49 :: ERROR :: StackTrace :: Oops! The game crashed
[SMODS 0Bullitro "0Bullitro.lua"]:1590: something went terribly wrong
Stack Traceback
===============
(1) Lua local 'handler' at file 'main.lua:612'
	Local variables:
	 msg = string: "[SMODS 0Bullitro \"0Bullitro.lua\"]:1590: something went terribly wrong"
	 (*temporary) = Lua function '?' (defined at line 31 of chunk [SMODS _ "src/logging.lua"])
	 (*temporary) = string: "Oops! The game crashed\
"
(2) LÖVE function at file 'boot.lua:352' (best guess)
	Local variables:
	 errhand = Lua function '?' (defined at line 598 of chunk main.lua)
	 handler = Lua function '?' (defined at line 598 of chunk main.lua)
(3) global C function 'error'
(4) Lua method 'loc_vars' at file '0Bullitro.lua:1590' (from mod with id 0Bullitro)
	Local variables:
	 this = table: 0x368b0ec0  {alerted:true, loc_vars:function: 0x36aa8a40, calc_dollar_bonus:false, atlas:Joker (more...)}
	 info_queue = table: 0x3746ba90  {}
	 card = table: 0x36da42f0  {click_offset:table: 0x36da46c0, zoom:true, children:table: 0x36cd0bb8, ambient_tilt:0.2 (more...)}
	 new_data = table: 0x3746bcc0  {1:table: 0x3746bd80, 2:table: 0x3746be00, 3:table: 0x3746be40, 4:table: 0x3746bdc0 (more...)}
	 new_vars = table: 0x3746bce8  {1:1, 2:table: 0x368d9a68, 3:1, 4:1, 5:0, 6:table: 0x36c71bc0, 7:Turtle Bean (more...)}
	 vars = table: 0x37d7d850  {1:table: 0x368d9a68, 2:1, 3:1, 4:0, 5:0, 6:Turtle Bean, 7:on_round_end (more...)}
	 (for generator) = C function: builtin#6
	 (for state) = table: 0x36b1c7b0  {1:table: 0x36aecb38, 2:table: 0x36b24ec8, 3:table: 0x36b24f08, 4:table: 0x36b24fa8 (more...)}
	 (for control) = number: 22
	 _ = number: 22
	 v = table: 0x36b43990  {1:h_size_mod, 2:22}
	 key = string: "h_size_mod"
	 index = number: 22
	 new_index = number: 0
(5) Lua method 'generate_ui' at Steamodded file 'src/game_object.lua:1065' 
	Local variables:
	 self = table: 0x368b0ec0  {alerted:true, loc_vars:function: 0x36aa8a40, calc_dollar_bonus:false, atlas:Joker (more...)}
	 info_queue = table: 0x3746ba90  {}
	 card = table: 0x36da42f0  {click_offset:table: 0x36da46c0, zoom:true, children:table: 0x36cd0bb8, ambient_tilt:0.2 (more...)}
	 desc_nodes = table: 0x3746ba18  {}
	 specific_vars = table: 0x3746b950  {1:6, 2:-1}
	 full_UI_table = table: 0x3746b9f0  {badges:table: 0x3746b990, info:table: 0x3746ba40, main:table: 0x3746ba18 (more...)}
	 target = table: 0x3746bba8  {vars:table: 0x3746b950, set:Joker, type:descriptions, nodes:table: 0x3746ba18 (more...)}
	 res = table: 0x3746bc98  {}
(6) Lua upvalue 'Card_generate_UIBox_ability_table_ref' at file 'functions/common_events.lua:2754'
	Local variables:
	 _c = table: 0x368b0ec0  {alerted:true, loc_vars:function: 0x36aa8a40, calc_dollar_bonus:false, atlas:Joker (more...)}
	 full_UI_table = table: 0x3746b9f0  {badges:table: 0x3746b990, info:table: 0x3746ba40, main:table: 0x3746ba18 (more...)}
	 specific_vars = table: 0x3746b950  {1:6, 2:-1}
	 card_type = string: "Joker"
	 badges = table: 0x3746b990  {force_rarity:true, card_type:Joker}
	 hide_desc = nil
	 main_start = nil
	 main_end = nil
	 card = table: 0x36da42f0  {click_offset:table: 0x36da46c0, zoom:true, children:table: 0x36cd0bb8, ambient_tilt:0.2 (more...)}
	 first_pass = boolean: true
	 desc_nodes = table: 0x3746ba18  {}
	 name_override = nil
	 info_queue = table: 0x3746ba90  {}
	 loc_vars = table: 0x3746bb80  {}
	 cfg = table: 0x36c71b70  {extra:table: 0x36d24d18, s_x_mult:1, rank:, x_chip_mod:0, dollars:0, joker_effect_hint: (more...)}
(7) Lua method 'generate_UIBox_ability_table' at Steamodded file 'src/loader.lua:594' 
	Local variables:
	 self = table: 0x36da42f0  {click_offset:table: 0x36da46c0, zoom:true, children:table: 0x36cd0bb8, ambient_tilt:0.2 (more...)}
(8) Lua method 'hover' at file 'card.lua:4579'
	Local variables:
	 self = table: 0x36da42f0  {click_offset:table: 0x36da46c0, zoom:true, children:table: 0x36cd0bb8, ambient_tilt:0.2 (more...)}
(9) Lua method 'update' at file 'engine/controller.lua:416'
	Local variables:
	 self = table: 0x368b3900  {held_button_times:table: 0x3666e448, focus_cursor_stack_level:1, snap_cursor_to:table: 0x36949450 (more...)}
	 dt = number: 0.0166693
(10) Lua upvalue 'gameUpdateRef' at file 'game.lua:2679'
	Local variables:
	 self = table: 0x362b21d0  {F_GUIDE:false, F_CRASH_REPORTS:false, F_QUIT_BUTTON:true, HUD_tags:table: 0x378a31e0 (more...)}
	 dt = number: 0.0166693
(11) Lua method 'update' at Steamodded file 'src/ui.lua:84' 
	Local variables:
	 self = table: 0x362b21d0  {F_GUIDE:false, F_CRASH_REPORTS:false, F_QUIT_BUTTON:true, HUD_tags:table: 0x378a31e0 (more...)}
	 dt = number: 0.0166693
(12) Lua field 'update' at file 'main.lua:992'
	Local variables:
	 dt = number: 0.0166693
(13) Lua function '?' at file 'main.lua:931' (best guess)
(14) global C function 'xpcall'
(15) LÖVE function at file 'boot.lua:377' (best guess)
	Local variables:
	 func = Lua function '?' (defined at line 902 of chunk main.lua)
	 inerror = boolean: true
	 deferErrhand = Lua function '(LÖVE Function)' (defined at line 348 of chunk [love "boot.lua"])
	 earlyinit = Lua function '(LÖVE Function)' (defined at line 355 of chunk [love "boot.lua"])

INFO - [G] file not found: main.lua: No such file or directory
INFO - [G] file not found: main.lua: No such file or directory
INFO - [G] 2025-03-23 20:47:49 :: INFO  :: StackTrace :: Additional Context:
Balatro Version: 1.0.1o-FULL
Modded Version: 1.0.0~ALPHA-1409a-STEAMODDED
LÖVE Version: 11.5.0
Lovely Version: 0.7.1
Platform: Windows
Steamodded Mods:
    1: Zero Bullitro by BitBites [ID: 0Bullitro, Version: 1.0, Uses Lovely]
    2: Preorder Cards by asd123cqp [ID: preorder_cards]
    3: Keyboard Shortcuts DorkDad by DorkDad141 [ID: keyboard_dorkdad]
    4: Vintage Pinup Cards by NoScope1080 [ID: VintagePinupCards]
    5: Stickface Deck by Stickface [ID: StickfaceNSFWDeck, Version: 1.0.0]
Lovely Mods:
