INFO - [♥] Lovely 0.7.1
INFO - [♥] Game directory is at "C:\\Program Files (x86)\\Steam\\steamapps\\common\\Balatro"
INFO - [♥] Writing logs to "C:\\Users\\Administrator\\AppData\\Roaming\\Balatro\\Mods\\lovely\\log"
INFO - [♥] Using mod directory at "C:\\Users\\Administrator\\AppData\\Roaming\\Balatro\\Mods"
INFO - [♥] Found .lovelyignore in 'Aura', skipping it.
INFO - [♥] Found .lovelyignore in 'Balustro', skipping it.
INFO - [♥] Found .lovelyignore in 'SakashimaJoker', skipping it.
INFO - [♥] Cleaning up dumps directory at "C:\\Users\\Administrator\\AppData\\Roaming\\Balatro\\Mods\\lovely\\dump"
INFO - [♥] Initialization complete in 50ms
WARN - [♥] Pattern 'ϖ' on target 'conf.lua' for pattern patch from 0Bullitro\lovely\numbers.toml resulted in no matches
INFO - [♥] Applied 0 patches to 'conf.lua'
INFO - [♥] Applied 13 patches to 'main.lua'
WARN - [♥] Pattern 'ϖ' on target 'engine/object.lua' for pattern patch from 0Bullitro\lovely\numbers.toml resulted in no matches
INFO - [♥] Applied 4 patches to 'engine/object.lua'
WARN - [♥] Pattern 'ϖ' on target 'engine/string_packer.lua' for pattern patch from 0Bullitro\lovely\numbers.toml resulted in no matches
INFO - [♥] Applied 0 patches to 'engine/string_packer.lua'
INFO - [♥] Applied 7 patches to 'engine/controller.lua'
INFO - [♥] Applied 14 patches to 'back.lua'
INFO - [♥] Applied 7 patches to 'tag.lua'
WARN - [♥] Pattern 'ϖ' on target 'engine/event.lua' for pattern patch from 0Bullitro\lovely\numbers.toml resulted in no matches
WARN - [♥] Pattern '--Class' on target 'engine/event.lua' for pattern patch from 0Bullitro\lovely\numbers.toml resulted in 2 matches, wanted 1
WARN - [♥] Ignoring excess matches
WARN - [♥] Pattern '--Class Methods' on target 'engine/event.lua' for pattern patch from 0Bullitro\lovely\numbers.toml resulted in 2 matches, wanted 1
WARN - [♥] Ignoring excess matches
INFO - [♥] Applied 3 patches to 'engine/event.lua'
WARN - [♥] Pattern 'ϖ' on target 'engine/node.lua' for pattern patch from 0Bullitro\lovely\numbers.toml resulted in no matches
INFO - [♥] Applied 2 patches to 'engine/node.lua'
INFO - [♥] Applied 5 patches to 'engine/moveable.lua'
INFO - [♥] Applied 2 patches to 'engine/sprite.lua'
INFO - [♥] Applied 2 patches to 'engine/animatedsprite.lua'
INFO - [♥] Applied 42 patches to 'functions/misc_functions.lua'
INFO - [♥] Applied 27 patches to 'game.lua'
INFO - [♥] Applied 1 patch to 'globals.lua'
WARN - [♥] Pattern '--Class' on target 'engine/ui.lua' for pattern patch from 0Bullitro\lovely\numbers.toml resulted in 2 matches, wanted 1
WARN - [♥] Ignoring excess matches
INFO - [♥] Applied 8 patches to 'engine/ui.lua'
INFO - [♥] Applied 73 patches to 'functions/UI_definitions.lua'
INFO - [♥] Applied 40 patches to 'functions/state_events.lua'
INFO - [♥] Applied 87 patches to 'functions/common_events.lua'
INFO - [♥] Applied 39 patches to 'functions/button_callbacks.lua'
WARN - [♥] Pattern 'ϖ' on target 'functions/test_functions.lua' for pattern patch from 0Bullitro\lovely\numbers.toml resulted in no matches
INFO - [♥] Applied 0 patches to 'functions/test_functions.lua'
INFO - [♥] Applied 147 patches to 'card.lua'
INFO - [♥] Applied 7 patches to 'cardarea.lua'
INFO - [♥] Applied 31 patches to 'blind.lua'
WARN - [♥] Pattern 'ϖ' on target 'card_character.lua' for pattern patch from 0Bullitro\lovely\numbers.toml resulted in no matches
INFO - [♥] Applied 0 patches to 'card_character.lua'
WARN - [♥] Pattern 'ϖ' on target 'engine/particles.lua' for pattern patch from 0Bullitro\lovely\numbers.toml resulted in no matches
INFO - [♥] Applied 0 patches to 'engine/particles.lua'
INFO - [♥] Applied 3 patches to 'engine/text.lua'
WARN - [♥] Pattern 'ϖ' on target 'challenges.lua' for pattern patch from 0Bullitro\lovely\numbers.toml resulted in no matches
WARN - [♥] Pattern 'ϖ' on target 'challenges.lua' for pattern patch from 0Bullitro\lovely\numbers.toml resulted in no matches
INFO - [♥] Applied 0 patches to 'challenges.lua'
INFO - [G] Failed to connect to the debug server
INFO - [G] 2025-03-19 20:34:43 :: DEBUG :: DebugConsole :: Steamodded Debug Socket started !
INFO - [♥] Applied 10 patches to 'engine/sound_manager.lua'
INFO - [♥] Applied 1 patch to 'engine/save_manager.lua'
WARN - [♥] Pattern 'ϖ' on target 'engine/object.lua' for pattern patch from 0Bullitro\lovely\numbers.toml resulted in no matches
INFO - [♥] Applied 4 patches to 'engine/object.lua'
WARN - [♥] Pattern 'ϖ' on target 'engine/string_packer.lua' for pattern patch from 0Bullitro\lovely\numbers.toml resulted in no matches
INFO - [♥] Applied 0 patches to 'engine/string_packer.lua'
INFO - [G] 2025-03-19 20:34:45 :: ERROR :: Loader :: Found invalid metadata JSON file at C:\Users\Administrator\AppData\Roaming\Balatro\Mods/.vscode/settings.json, ignoring: [SMODS _ "src/loader.lua"]:226: id
INFO - [G] 2025-03-19 20:34:45 :: INFO  :: DefaultLogger :: Valid JSON file found
INFO - [G] 2025-03-19 20:34:45 :: ERROR :: Loader :: Found invalid metadata JSON file at C:\Users\Administrator\AppData\Roaming\Balatro\Mods/Aura/.vscode/settings.json, ignoring: [SMODS _ "src/loader.lua"]:226: id
INFO - [G] 2025-03-19 20:34:45 :: TRACE :: Loader :: Processing Mod file (Legacy header): Aura.lua
INFO - [G] 2025-03-19 20:34:45 :: TRACE :: Loader :: Saving Mod Info: Aura
INFO - [G] 2025-03-19 20:34:45 :: TRACE :: Loader :: Processing Mod file (Legacy header): PreorderCards.lua
INFO - [G] 2025-03-19 20:34:45 :: TRACE :: Loader :: Saving Mod Info: preorder_cards
INFO - [G] 2025-03-19 20:34:45 :: INFO  :: DefaultLogger :: Valid JSON file found
INFO - [G] 2025-03-19 20:34:45 :: INFO  :: DefaultLogger :: Valid JSON file found
INFO - [G] 2025-03-19 20:34:45 :: TRACE :: Loader :: Processing Mod file (Legacy header): HentaiCards.lua
INFO - [G] 2025-03-19 20:34:45 :: WARN  :: Loader :: Duplicate Mod ID: HentaiCards
INFO - [G] 2025-03-19 20:34:45 :: TRACE :: Loader :: Processing Mod file (Legacy header): SakashimaJoker.lua
INFO - [G] 2025-03-19 20:34:45 :: TRACE :: Loader :: Saving Mod Info: SakashimaJoker
INFO - [G] 2025-03-19 20:34:45 :: INFO  :: DefaultLogger :: Valid JSON file found
INFO - [G] 2025-03-19 20:34:45 :: TRACE :: Loader :: Processing Mod file (Legacy header): VintagePinupCards.lua
INFO - [G] 2025-03-19 20:34:45 :: TRACE :: Loader :: Saving Mod Info: VintagePinupCards
INFO - [G] 2025-03-19 20:34:45 :: TRACE :: Loader :: Processing Mod file (Legacy header): keyboard_dorkdad.lua
INFO - [G] 2025-03-19 20:34:45 :: TRACE :: Loader :: Saving Mod Info: keyboard_dorkdad
INFO - [G] 2025-03-19 20:34:45 :: TRACE :: Loader :: Mod Balustro was unable to load: 
INFO - [G] 2025-03-19 20:34:45 :: TRACE :: Loader :: Mod Aura was unable to load: 
INFO - [G] soul_atlas
INFO - [G] 2025-03-19 20:34:45 :: TRACE :: Loader :: Mod SakashimaJoker was unable to load: 
INFO - [G] 2025-03-19 20:34:45 :: INFO  :: TIMER :: [0000] Injected Language in 0.001 ms
INFO - [G] 2025-03-19 20:34:45 :: INFO  :: TIMER :: [0000] Injected [INTERNAL] in 0.881 ms
INFO - [G] mod_tags
INFO - [G] achievements
INFO - [G] bull_wide_card
INFO - [G] bull_carper_card
INFO - [G] bull_Jokers-bean
INFO - [G] bull_Jokers-ice cream
INFO - [G] bull_Jokers-popcorn
INFO - [G] bull_Jokers-ramen
INFO - [G] bull_Jokers-green guy
INFO - [G] FHC_hentai_cards_deck_lc
INFO - [G] FHC_hentai_cards_deck_hc
INFO - [G] centers
INFO - [G] Tarot
INFO - [G] Planet
INFO - [G] Spectral
INFO - [G] soul_atlas
INFO - [G] StickfaceNSFW_8BitDeck_opt2
INFO - [G] StickfaceNSFW_8BitDeck
INFO - [G] StickfaceNSFW_icon_lc
INFO - [G] StickfaceNSFW_icon_hc
INFO - [G] vintage_pinup_cards
INFO - [G] 2025-03-19 20:34:46 :: INFO  :: TIMER :: [0021] Injected Atlas in 791.894 ms
INFO - [G] 2025-03-19 20:34:46 :: INFO  :: TIMER :: [0001] Injected Sound in 0.258 ms
INFO - [G] 2025-03-19 20:34:46 :: INFO  :: TIMER :: [0008] Injected Stake in 0.158 ms
INFO - [G] 2025-03-19 20:34:46 :: INFO  :: TIMER :: [0004] Injected Rarity in 0.027 ms
INFO - [G] 2025-03-19 20:34:46 :: INFO  :: TIMER :: [0004] Injected ObjectType in 0.032 ms
INFO - [G] 2025-03-19 20:34:46 :: INFO  :: TIMER :: [0056] Injected Center in 0.508 ms
INFO - [G] 2025-03-19 20:34:46 :: INFO  :: TIMER :: [0007] Injected Undiscovered Sprite in 0.013 ms
INFO - [G] 2025-03-19 20:34:46 :: INFO  :: TIMER :: [0002] Injected Blind in 0.015 ms
INFO - [G] 2025-03-19 20:34:46 :: INFO  :: TIMER :: [0004] Injected Seal in 0.129 ms
INFO - [G] 2025-03-19 20:34:46 :: INFO  :: TIMER :: [0004] Injected Suit in 0.107 ms
INFO - [G] 2025-03-19 20:34:46 :: INFO  :: TIMER :: [0013] Injected Rank in 0.065 ms
INFO - [G] 2025-03-19 20:34:46 :: INFO  :: TIMER :: [0040] Injected DeckSkin in 0.275 ms
INFO - [G] 2025-03-19 20:34:46 :: INFO  :: TIMER :: [0012] Injected PokerHand in 0.052 ms
INFO - [G] 2025-03-19 20:34:46 :: INFO  :: TIMER :: [0020] Injected Challenge in 0.094 ms
INFO - [G] 2025-03-19 20:34:46 :: INFO  :: TIMER :: [0000] Injected Tag in 0.002 ms
INFO - [G] 2025-03-19 20:34:46 :: INFO  :: TIMER :: [0004] Injected Sticker in 0.092 ms
INFO - [G] 2025-03-19 20:34:46 :: INFO  :: TIMER :: [0000] Injected Shader in 0.002 ms
INFO - [G] 2025-03-19 20:34:46 :: INFO  :: TIMER :: [0001] Injected Keybind in 0.009 ms
INFO - [G] 2025-03-19 20:34:46 :: INFO  :: TIMER :: [0000] Injected Achievement in 0.045 ms
INFO - [G] 2025-03-19 20:34:46 :: INFO  :: TIMER :: [0000] Injected [INTERNAL] in 1.131 ms
INFO - [G] LONG DT @ 62: 0.1
INFO - [G] LONG DT @ 62: 0.08102158
INFO - [G] LONG DT @ 62: 0.065734584
INFO - [G] LONG DT @ 63: 0.054314367200001
INFO - [G] LONG DT @ 354: 0.053040590110301
INFO - [G] LONG DT @ 602: 0.053142979361998
INFO - [G] LONG DT @ 2936: 0.052224874044636
INFO - [G] LONG DT @ 2976: 0.052989243018277
INFO - [G] LONG DT @ 2980: 0.055772801985335
INFO - [G] LONG DT @ 2980: 0.068754521588216
INFO - [G] LONG DT @ 2980: 0.056604277270558
INFO - [G] LONG DT @ 3943: 0.057643494001796
INFO - [G] LONG DT @ 3960: 0.059635663423569
INFO - [G] LONG DT @ 357: 0.050599618208929
INFO - [G] LONG DT @ 1188: 0.051608866042133
INFO - [G] LONG DT @ 1316: 0.051943616444734
INFO - [G] LONG DT @ 1591: 0.053137733363297
INFO - [G] normal
INFO - [G] normal
INFO - [G] normal
INFO - [G] normal
INFO - [G] normal
INFO - [G] normal
INFO - [G] normal
INFO - [G] normal
INFO - [G] normal
INFO - [G] normal
INFO - [G] normal
INFO - [G] normal
INFO - [G] normal
INFO - [G] normal
INFO - [G] normal
INFO - [G] normal
INFO - [G] normal
INFO - [G] normal
INFO - [G] normal
INFO - [G] normal
INFO - [G] normal
INFO - [G] normal
INFO - [G] normal
INFO - [G] normal
INFO - [G] normal
INFO - [G] normal
INFO - [G] normal
INFO - [G] normal
INFO - [G] normal
INFO - [G] normal
INFO - [G] normal
INFO - [G] normal
INFO - [G] normal
INFO - [G] normal
INFO - [G] normal
INFO - [G] normal
INFO - [G] normal
INFO - [G] normal
INFO - [G] normal
INFO - [G] normal
INFO - [G] normal
INFO - [G] normal
INFO - [G] normal
INFO - [G] normal
INFO - [G] normal
INFO - [G] normal
INFO - [G] normal
INFO - [G] normal
INFO - [G] normal
INFO - [G] normal
INFO - [G] normal
INFO - [G] normal
INFO - [G] normal
INFO - [G] normal
INFO - [G] normal
INFO - [G] normal
INFO - [G] normal
INFO - [G] normal
INFO - [G] normal
INFO - [G] normal
INFO - [G] normal
INFO - [G] normal
INFO - [G] normal
INFO - [G] normal
INFO - [G] normal
INFO - [G] normal
INFO - [G] normal
INFO - [G] normal
INFO - [G] normal
INFO - [G] normal
INFO - [G] normal
INFO - [G] normal
INFO - [G] normal
INFO - [G] normal
INFO - [G] normal
INFO - [G] normal
INFO - [G] normal
INFO - [G] normal
INFO - [G] normal
INFO - [G] normal
INFO - [G] normal
INFO - [G] normal
INFO - [G] normal
INFO - [G] normal
INFO - [G] normal
INFO - [G] normal
INFO - [G] normal
INFO - [G] normal
INFO - [G] normal
INFO - [G] normal
INFO - [G] normal
INFO - [G] normal
INFO - [G] normal
INFO - [G] normal
INFO - [G] normal
INFO - [G] normal
INFO - [G] normal
INFO - [G] normal
INFO - [G] normal
INFO - [G] normal
INFO - [G] normal
INFO - [G] normal
INFO - [G] normal
INFO - [G] normal
INFO - [G] normal
INFO - [G] normal
INFO - [G] normal
INFO - [G] normal
INFO - [G] normal
INFO - [G] normal
INFO - [G] normal
INFO - [G] normal
INFO - [G] normal
INFO - [G] normal
INFO - [G] normal
INFO - [G] normal
INFO - [G] normal
INFO - [G] normal
INFO - [G] normal
INFO - [G] normal
INFO - [G] normal
INFO - [G] normal
INFO - [G] normal
INFO - [G] normal
INFO - [G] normal
INFO - [G] normal
INFO - [G] normal
INFO - [G] normal
INFO - [G] normal
INFO - [G] normal
INFO - [G] normal
INFO - [G] normal
INFO - [G] normal
INFO - [G] normal
INFO - [G] normal
INFO - [G] normal
INFO - [G] normal
INFO - [G] normal
INFO - [G] normal
INFO - [G] normal
INFO - [G] normal
INFO - [G] normal
INFO - [G] normal
INFO - [G] normal
INFO - [G] normal
INFO - [G] normal
INFO - [G] normal
INFO - [G] normal
INFO - [G] normal
INFO - [G] normal
INFO - [G] normal
INFO - [G] normal
INFO - [G] normal
INFO - [G] normal
INFO - [G] normal
INFO - [G] normal
INFO - [G] normal
INFO - [G] normal
INFO - [G] normal
INFO - [G] normal
INFO - [G] normal
INFO - [G] normal
INFO - [G] normal
INFO - [G] normal
INFO - [G] normal
INFO - [G] normal
INFO - [G] normal
INFO - [G] normal
INFO - [G] normal
INFO - [G] normal
INFO - [G] normal
INFO - [G] normal
INFO - [G] normal
INFO - [G] normal
INFO - [G] normal
INFO - [G] normal
INFO - [G] normal
INFO - [G] normal
INFO - [G] normal
INFO - [G] normal
INFO - [G] normal
INFO - [G] normal
INFO - [G] normal
INFO - [G] normal
INFO - [G] normal
INFO - [G] normal
INFO - [G] normal
INFO - [G] normal
INFO - [G] normal
INFO - [G] normal
INFO - [G] normal
INFO - [G] normal
INFO - [G] normal
INFO - [G] normal
INFO - [G] normal
INFO - [G] normal
INFO - [G] normal
INFO - [G] normal
INFO - [G] normal
INFO - [G] normal
INFO - [G] normal
INFO - [G] normal
INFO - [G] normal
INFO - [G] normal
INFO - [G] normal
INFO - [G] normal
INFO - [G] normal
INFO - [G] normal
INFO - [G] normal
INFO - [G] normal
INFO - [G] normal
INFO - [G] normal
INFO - [G] normal
INFO - [G] normal
INFO - [G] normal
INFO - [G] normal
INFO - [G] normal
INFO - [G] normal
INFO - [G] normal
INFO - [G] normal
INFO - [G] normal
INFO - [G] normal
INFO - [G] normal
INFO - [G] normal
INFO - [G] normal
INFO - [G] normal
INFO - [G] normal
INFO - [G] normal
INFO - [G] normal
INFO - [G] normal
INFO - [G] normal
INFO - [G] normal
INFO - [G] normal
INFO - [G] normal
INFO - [G] normal
INFO - [G] normal
INFO - [G] normal
INFO - [G] normal
INFO - [G] normal
INFO - [G] normal
INFO - [G] normal
INFO - [G] normal
INFO - [G] normal
INFO - [G] normal
INFO - [G] normal
INFO - [G] normal
INFO - [G] normal
INFO - [G] normal
INFO - [G] normal
INFO - [G] normal
INFO - [G] normal
INFO - [G] normal
INFO - [G] normal
INFO - [G] normal
INFO - [G] normal
INFO - [G] normal
INFO - [G] normal
INFO - [G] normal
INFO - [G] normal
INFO - [G] normal
INFO - [G] normal
INFO - [G] normal
INFO - [G] normal
INFO - [G] normal
INFO - [G] normal
INFO - [G] normal
INFO - [G] normal
INFO - [G] normal
INFO - [G] normal
INFO - [G] normal
INFO - [G] normal
INFO - [G] normal
INFO - [G] normal
INFO - [G] normal
INFO - [G] normal
INFO - [G] normal
INFO - [G] normal
INFO - [G] normal
INFO - [G] normal
INFO - [G] normal
INFO - [G] normal
INFO - [G] normal
INFO - [G] normal
INFO - [G] normal
INFO - [G] normal
INFO - [G] normal
INFO - [G] normal
INFO - [G] normal
INFO - [G] normal
INFO - [G] normal
INFO - [G] normal
INFO - [G] normal
INFO - [G] normal
INFO - [G] normal
INFO - [G] normal
INFO - [G] normal
INFO - [G] normal
INFO - [G] normal
INFO - [G] normal
INFO - [G] normal
INFO - [G] normal
INFO - [G] normal
INFO - [G] normal
INFO - [G] normal
INFO - [G] normal
INFO - [G] normal
INFO - [G] normal
INFO - [G] normal
INFO - [G] normal
INFO - [G] normal
INFO - [G] normal
INFO - [G] normal
INFO - [G] normal
INFO - [G] normal
INFO - [G] normal
INFO - [G] normal
INFO - [G] normal
INFO - [G] normal
INFO - [G] normal
INFO - [G] normal
INFO - [G] normal
INFO - [G] normal
INFO - [G] normal
INFO - [G] normal
INFO - [G] normal
INFO - [G] normal
INFO - [G] normal
INFO - [G] normal
INFO - [G] normal
INFO - [G] normal
INFO - [G] normal
INFO - [G] normal
INFO - [G] normal
INFO - [G] normal
INFO - [G] normal
INFO - [G] normal
INFO - [G] normal
INFO - [G] normal
INFO - [G] normal
INFO - [G] normal
INFO - [G] normal
INFO - [G] normal
INFO - [G] normal
INFO - [G] normal
INFO - [G] normal
INFO - [G] normal
INFO - [G] normal
INFO - [G] normal
INFO - [G] normal
INFO - [G] normal
INFO - [G] normal
INFO - [G] normal
INFO - [G] normal
INFO - [G] normal
INFO - [G] normal
INFO - [G] normal
INFO - [G] normal
INFO - [G] normal
INFO - [G] normal
INFO - [G] normal
INFO - [G] normal
INFO - [G] normal
INFO - [G] normal
INFO - [G] normal
INFO - [G] normal
INFO - [G] normal
INFO - [G] normal
INFO - [G] normal
INFO - [G] normal
INFO - [G] normal
INFO - [G] normal
INFO - [G] normal
INFO - [G] normal
INFO - [G] normal
INFO - [G] normal
INFO - [G] normal
INFO - [G] normal
INFO - [G] normal
INFO - [G] normal
INFO - [G] normal
INFO - [G] normal
INFO - [G] normal
INFO - [G] normal
INFO - [G] normal
INFO - [G] normal
INFO - [G] normal
INFO - [G] normal
INFO - [G] normal
INFO - [G] normal
INFO - [G] normal
INFO - [G] normal
INFO - [G] normal
INFO - [G] normal
INFO - [G] normal
INFO - [G] normal
INFO - [G] normal
INFO - [G] normal
INFO - [G] normal
INFO - [G] normal
INFO - [G] normal
INFO - [G] normal
INFO - [G] normal
INFO - [G] normal
INFO - [G] normal
INFO - [G] normal
INFO - [G] normal
INFO - [G] normal
INFO - [G] normal
INFO - [G] normal
INFO - [G] normal
INFO - [G] normal
INFO - [G] normal
INFO - [G] normal
INFO - [G] normal
INFO - [G] normal
INFO - [G] normal
INFO - [G] normal
INFO - [G] normal
INFO - [G] normal
INFO - [G] normal
INFO - [G] normal
INFO - [G] normal
INFO - [G] normal
INFO - [G] normal
INFO - [G] normal
INFO - [G] normal
INFO - [G] normal
INFO - [G] normal
INFO - [G] normal
INFO - [G] normal
INFO - [G] normal
INFO - [G] normal
INFO - [G] normal
INFO - [G] normal
INFO - [G] normal
INFO - [G] normal
INFO - [G] normal
INFO - [G] normal
INFO - [G] normal
INFO - [G] normal
INFO - [G] LONG DT @ 496: 0.060481967352953
INFO - [G] LONG DT @ 721: 0.065726181590719
INFO - [G] LONG DT @ 721: 0.054052805272522
INFO - [G] LONG DT @ 842: 0.079777206203472
INFO - [G] LONG DT @ 842: 0.065619064962594
INFO - [G] LONG DT @ 842: 0.053588111970138
INFO - [G] LONG DT @ 845: 0.063548815310976
INFO - [G] LONG DT @ 845: 0.052303152248938
INFO - [G] LONG DT @ 852: 0.050115779394081
INFO - [G] LONG DT @ 858: 0.053736210611711
INFO - [G] LONG DT @ 862: 0.056326351638391
INFO - [G] LONG DT @ 866: 0.050566920001974
INFO - [G] LONG DT @ 867: 0.053129139171893
INFO - [G] LONG DT @ 869: 0.051550904044928
INFO - [G] LONG DT @ 873: 0.055496108357582
INFO - [G] LONG DT @ 877: 0.056600842319184
INFO - [G] LONG DT @ 880: 0.05169751289003
INFO - [G] LONG DT @ 919: 0.051102917068673
INFO - [G] LONG DT @ 923: 0.055646159869844
INFO - [G] LONG DT @ 927: 0.055597775271299
INFO - [G] LONG DT @ 930: 0.056765754745533
INFO - [G] LONG DT @ 934: 0.053834045332395
INFO - [G] LONG DT @ 938: 0.060214015668773
INFO - [G] LONG DT @ 938: 0.051570172535068
INFO - [G] LONG DT @ 941: 0.057598332685217
INFO - [G] LONG DT @ 945: 0.058164168009454
INFO - [G] LONG DT @ 952: 0.052832648559194
INFO - [G] LONG DT @ 952: 0.05275100934915
INFO - [G] LONG DT @ 956: 0.050588005675521
INFO - [G] LONG DT @ 959: 0.050869622902696
INFO - [G] LONG DT @ 1005: 0.055246918018717
INFO - [G] LONG DT @ 1009: 0.06204161267782
INFO - [G] LONG DT @ 1009: 0.051618190142281
INFO - [G] LONG DT @ 1013: 0.057297653806617
INFO - [G] LONG DT @ 1016: 0.057888436673453
INFO - [G] LONG DT @ 1020: 0.063427654310201
INFO - [G] LONG DT @ 1020: 0.053583483448254
INFO - [G] LONG DT @ 1024: 0.058311503411845
INFO - [G] LONG DT @ 1028: 0.056378532148275
INFO - [G] LONG DT @ 1029: 0.064468596772376
INFO - [G] LONG DT @ 1029: 0.055275357417944
INFO - [G] LONG DT @ 1033: 0.062293860484862
INFO - [G] LONG DT @ 1033: 0.053476448387782
INFO - [G] LONG DT @ 1037: 0.056406022319507
INFO - [G] LONG DT @ 1041: 0.058798138637839
INFO - [G] LONG DT @ 1045: 0.059451265918668
INFO - [G] LONG DT @ 1049: 0.054285090407261
INFO - [G] LONG DT @ 1049: 0.059440892325914
INFO - [G] LONG DT @ 1053: 0.057601128339527
INFO - [G] LONG DT @ 1057: 0.063543477275607
INFO - [G] LONG DT @ 1057: 0.052727801820474
INFO - [G] LONG DT @ 1061: 0.051164039119186
INFO - [G] LONG DT @ 1064: 0.052121319298141
INFO - [G] LONG DT @ 1076: 0.056870295724999
INFO - [G] LONG DT @ 1079: 0.054375421603565
INFO - [G] LONG DT @ 1083: 0.052117401769709
INFO - [G] LONG DT @ 1087: 0.053539772214652
INFO - [G] LONG DT @ 1091: 0.05449770626107
INFO - [G] LONG DT @ 1095: 0.05223610119333
INFO - [G] LONG DT @ 1099: 0.050670442157742
INFO - [G] LONG DT @ 1103: 0.051089413760329
INFO - [G] LONG DT @ 1107: 0.054939419948951
INFO - [G] LONG DT @ 1110: 0.051099503932315
INFO - [G] normal
INFO - [G] normal
INFO - [G] normal
INFO - [G] normal
INFO - [G] normal
INFO - [G] normal
INFO - [G] normal
INFO - [G] normal
INFO - [G] normal
INFO - [G] normal
INFO - [G] normal
INFO - [G] normal
INFO - [G] normal
INFO - [G] normal
INFO - [G] normal
INFO - [G] normal
INFO - [G] normal
INFO - [G] normal
INFO - [G] normal
INFO - [G] normal
INFO - [G] normal
INFO - [G] normal
INFO - [G] normal
INFO - [G] normal
INFO - [G] normal
INFO - [G] normal
INFO - [G] normal
INFO - [G] normal
INFO - [G] normal
INFO - [G] normal
INFO - [G] normal
INFO - [G] normal
INFO - [G] normal
INFO - [G] normal
INFO - [G] normal
INFO - [G] normal
INFO - [G] normal
INFO - [G] normal
INFO - [G] normal
INFO - [G] normal
INFO - [G] normal
INFO - [G] normal
INFO - [G] normal
INFO - [G] normal
INFO - [G] normal
INFO - [G] normal
INFO - [G] normal
INFO - [G] normal
INFO - [G] normal
INFO - [G] normal
INFO - [G] normal
INFO - [G] normal
INFO - [G] normal
INFO - [G] normal
INFO - [G] normal
INFO - [G] normal
INFO - [G] normal
INFO - [G] normal
INFO - [G] normal
INFO - [G] normal
INFO - [G] normal
INFO - [G] normal
INFO - [G] normal
INFO - [G] normal
INFO - [G] normal
INFO - [G] normal
INFO - [G] normal
INFO - [G] normal
INFO - [G] normal
INFO - [G] normal
INFO - [G] normal
INFO - [G] normal
INFO - [G] normal
INFO - [G] normal
INFO - [G] normal
INFO - [G] normal
INFO - [G] normal
INFO - [G] normal
INFO - [G] normal
INFO - [G] normal
INFO - [G] normal
INFO - [G] normal
INFO - [G] normal
INFO - [G] normal
INFO - [G] normal
INFO - [G] normal
INFO - [G] normal
INFO - [G] normal
INFO - [G] normal
INFO - [G] normal
INFO - [G] normal
INFO - [G] normal
INFO - [G] normal
INFO - [G] normal
INFO - [G] normal
INFO - [G] normal
INFO - [G] normal
INFO - [G] normal
INFO - [G] normal
INFO - [G] normal
INFO - [G] normal
INFO - [G] normal
INFO - [G] normal
INFO - [G] normal
INFO - [G] normal
INFO - [G] normal
INFO - [G] normal
INFO - [G] normal
INFO - [G] normal
INFO - [G] normal
INFO - [G] normal
INFO - [G] normal
INFO - [G] normal
INFO - [G] normal
INFO - [G] normal
INFO - [G] normal
INFO - [G] normal
INFO - [G] normal
INFO - [G] normal
INFO - [G] normal
INFO - [G] normal
INFO - [G] normal
INFO - [G] normal
INFO - [G] normal
INFO - [G] normal
INFO - [G] normal
INFO - [G] normal
INFO - [G] normal
INFO - [G] normal
INFO - [G] normal
INFO - [G] normal
INFO - [G] normal
INFO - [G] normal
INFO - [G] normal
INFO - [G] normal
INFO - [G] normal
INFO - [G] normal
INFO - [G] normal
INFO - [G] normal
INFO - [G] normal
INFO - [G] normal
INFO - [G] normal
INFO - [G] normal
INFO - [G] normal
INFO - [G] normal
INFO - [G] normal
INFO - [G] normal
INFO - [G] normal
INFO - [G] normal
INFO - [G] normal
INFO - [G] normal
INFO - [G] normal
INFO - [G] normal
INFO - [G] normal
INFO - [G] normal
INFO - [G] normal
INFO - [G] normal
INFO - [G] normal
INFO - [G] normal
INFO - [G] normal
INFO - [G] normal
INFO - [G] normal
INFO - [G] normal
INFO - [G] normal
INFO - [G] normal
INFO - [G] normal
INFO - [G] normal
INFO - [G] normal
INFO - [G] normal
INFO - [G] normal
INFO - [G] normal
INFO - [G] normal
INFO - [G] normal
INFO - [G] normal
INFO - [G] normal
INFO - [G] normal
INFO - [G] normal
INFO - [G] normal
INFO - [G] normal
INFO - [G] normal
INFO - [G] normal
INFO - [G] normal
INFO - [G] normal
INFO - [G] normal
INFO - [G] normal
INFO - [G] normal
INFO - [G] normal
INFO - [G] normal
INFO - [G] normal
INFO - [G] normal
INFO - [G] normal
INFO - [G] normal
INFO - [G] normal
INFO - [G] normal
INFO - [G] normal
INFO - [G] normal
INFO - [G] normal
INFO - [G] normal
INFO - [G] normal
INFO - [G] normal
INFO - [G] normal
INFO - [G] normal
INFO - [G] normal
INFO - [G] normal
INFO - [G] normal
INFO - [G] normal
INFO - [G] normal
INFO - [G] normal
INFO - [G] normal
INFO - [G] normal
INFO - [G] normal
INFO - [G] normal
INFO - [G] normal
INFO - [G] normal
INFO - [G] normal
INFO - [G] normal
INFO - [G] normal
INFO - [G] normal
INFO - [G] normal
INFO - [G] normal
INFO - [G] normal
INFO - [G] normal
INFO - [G] normal
INFO - [G] normal
INFO - [G] normal
INFO - [G] normal
INFO - [G] normal
INFO - [G] normal
INFO - [G] normal
INFO - [G] normal
INFO - [G] normal
INFO - [G] normal
INFO - [G] normal
INFO - [G] normal
INFO - [G] normal
INFO - [G] normal
INFO - [G] normal
INFO - [G] normal
INFO - [G] normal
INFO - [G] normal
INFO - [G] normal
INFO - [G] normal
INFO - [G] normal
INFO - [G] normal
INFO - [G] normal
INFO - [G] normal
INFO - [G] normal
INFO - [G] normal
INFO - [G] normal
INFO - [G] normal
INFO - [G] normal
INFO - [G] normal
INFO - [G] normal
INFO - [G] normal
INFO - [G] normal
INFO - [G] normal
INFO - [G] normal
INFO - [G] normal
INFO - [G] normal
INFO - [G] normal
INFO - [G] normal
INFO - [G] normal
INFO - [G] normal
INFO - [G] normal
INFO - [G] normal
INFO - [G] normal
INFO - [G] normal
INFO - [G] normal
INFO - [G] normal
INFO - [G] normal
INFO - [G] normal
INFO - [G] normal
INFO - [G] normal
INFO - [G] normal
INFO - [G] normal
INFO - [G] normal
INFO - [G] normal
INFO - [G] normal
INFO - [G] normal
INFO - [G] normal
INFO - [G] normal
INFO - [G] normal
INFO - [G] normal
INFO - [G] normal
INFO - [G] normal
INFO - [G] normal
INFO - [G] normal
INFO - [G] normal
INFO - [G] normal
INFO - [G] normal
INFO - [G] normal
INFO - [G] normal
INFO - [G] normal
INFO - [G] normal
INFO - [G] normal
INFO - [G] normal
INFO - [G] normal
INFO - [G] normal
INFO - [G] normal
INFO - [G] normal
INFO - [G] normal
INFO - [G] normal
INFO - [G] normal
INFO - [G] normal
INFO - [G] normal
INFO - [G] normal
INFO - [G] normal
INFO - [G] normal
INFO - [G] normal
INFO - [G] normal
INFO - [G] normal
INFO - [G] normal
INFO - [G] normal
INFO - [G] normal
INFO - [G] normal
INFO - [G] normal
INFO - [G] normal
INFO - [G] normal
INFO - [G] normal
INFO - [G] normal
INFO - [G] normal
INFO - [G] normal
INFO - [G] normal
INFO - [G] normal
INFO - [G] normal
INFO - [G] normal
INFO - [G] normal
INFO - [G] normal
INFO - [G] normal
INFO - [G] normal
INFO - [G] normal
INFO - [G] normal
INFO - [G] normal
INFO - [G] normal
INFO - [G] normal
INFO - [G] normal
INFO - [G] normal
INFO - [G] normal
INFO - [G] normal
INFO - [G] normal
INFO - [G] normal
INFO - [G] normal
INFO - [G] normal
INFO - [G] normal
INFO - [G] normal
INFO - [G] normal
INFO - [G] normal
INFO - [G] normal
INFO - [G] normal
INFO - [G] normal
INFO - [G] normal
INFO - [G] normal
INFO - [G] normal
INFO - [G] normal
INFO - [G] normal
INFO - [G] normal
INFO - [G] normal
INFO - [G] normal
INFO - [G] normal
INFO - [G] normal
INFO - [G] normal
INFO - [G] normal
INFO - [G] normal
INFO - [G] normal
INFO - [G] normal
INFO - [G] normal
INFO - [G] normal
INFO - [G] normal
INFO - [G] normal
INFO - [G] normal
INFO - [G] normal
INFO - [G] normal
INFO - [G] normal
INFO - [G] normal
INFO - [G] normal
INFO - [G] normal
INFO - [G] normal
INFO - [G] normal
INFO - [G] normal
INFO - [G] normal
INFO - [G] normal
INFO - [G] normal
INFO - [G] normal
INFO - [G] normal
INFO - [G] normal
INFO - [G] normal
INFO - [G] normal
INFO - [G] normal
INFO - [G] normal
INFO - [G] normal
INFO - [G] normal
INFO - [G] normal
INFO - [G] normal
INFO - [G] normal
INFO - [G] normal
INFO - [G] normal
INFO - [G] normal
INFO - [G] normal
INFO - [G] normal
INFO - [G] normal
INFO - [G] normal
INFO - [G] normal
INFO - [G] normal
INFO - [G] normal
INFO - [G] normal
INFO - [G] normal
INFO - [G] normal
INFO - [G] normal
INFO - [G] normal
INFO - [G] normal
INFO - [G] normal
INFO - [G] normal
INFO - [G] normal
INFO - [G] normal
INFO - [G] normal
INFO - [G] normal
INFO - [G] normal
INFO - [G] normal
INFO - [G] normal
INFO - [G] normal
INFO - [G] normal
INFO - [G] normal
INFO - [G] normal
INFO - [G] normal
INFO - [G] normal
INFO - [G] normal
INFO - [G] normal
INFO - [G] normal
INFO - [G] normal
INFO - [G] normal
INFO - [G] normal
INFO - [G] normal
INFO - [G] normal
INFO - [G] normal
INFO - [G] normal
INFO - [G] normal
INFO - [G] normal
INFO - [G] normal
INFO - [G] normal
INFO - [G] normal
INFO - [G] normal
INFO - [G] normal
INFO - [G] normal
INFO - [G] normal
INFO - [G] normal
INFO - [G] normal
INFO - [G] normal
INFO - [G] normal
INFO - [G] normal
INFO - [G] normal
INFO - [G] normal
INFO - [G] normal
INFO - [G] normal
INFO - [G] normal
INFO - [G] normal
INFO - [G] normal
INFO - [G] normal
INFO - [G] normal
INFO - [G] normal
INFO - [G] normal
INFO - [G] normal
INFO - [G] normal
INFO - [G] normal
INFO - [G] normal
INFO - [G] normal
INFO - [G] normal
INFO - [G] normal
INFO - [G] normal
INFO - [G] normal
INFO - [G] normal
INFO - [G] normal
INFO - [G] normal
INFO - [G] normal
INFO - [G] normal
INFO - [G] normal
INFO - [G] normal
INFO - [G] normal
INFO - [G] normal
INFO - [G] normal
INFO - [G] normal
INFO - [G] normal
INFO - [G] normal
INFO - [G] normal
INFO - [G] normal
INFO - [G] normal
INFO - [G] normal
INFO - [G] normal
INFO - [G] normal
INFO - [G] normal
INFO - [G] normal
INFO - [G] normal
INFO - [G] normal
INFO - [G] normal
INFO - [G] normal
INFO - [G] normal
INFO - [G] normal
INFO - [G] normal
INFO - [G] normal
INFO - [G] normal
INFO - [G] normal
INFO - [G] normal
INFO - [G] normal
INFO - [G] normal
INFO - [G] normal
INFO - [G] normal
INFO - [G] normal
INFO - [G] normal
INFO - [G] normal
INFO - [G] normal
INFO - [G] normal
INFO - [G] normal
INFO - [G] normal
INFO - [G] normal
INFO - [G] normal
INFO - [G] normal
INFO - [G] normal
INFO - [G] normal
INFO - [G] normal
INFO - [G] normal
INFO - [G] normal
INFO - [G] normal
INFO - [G] normal
INFO - [G] normal
INFO - [G] normal
INFO - [G] normal
INFO - [G] normal
INFO - [G] normal
INFO - [G] normal
INFO - [G] normal
INFO - [G] normal
INFO - [G] normal
INFO - [G] normal
INFO - [G] normal
INFO - [G] normal
INFO - [G] normal
INFO - [G] normal
INFO - [G] normal
INFO - [G] normal
INFO - [G] normal
INFO - [G] normal
INFO - [G] normal
INFO - [G] normal
INFO - [G] normal
INFO - [G] normal
INFO - [G] normal
INFO - [G] normal
INFO - [G] normal
INFO - [G] normal
INFO - [G] normal
INFO - [G] normal
INFO - [G] normal
INFO - [G] normal
INFO - [G] normal
INFO - [G] normal
INFO - [G] normal
INFO - [G] normal
INFO - [G] normal
INFO - [G] normal
INFO - [G] normal
INFO - [G] normal
INFO - [G] normal
INFO - [G] normal
INFO - [G] normal
INFO - [G] normal
INFO - [G] normal
INFO - [G] normal
INFO - [G] normal
INFO - [G] normal
INFO - [G] normal
INFO - [G] normal
INFO - [G] normal
INFO - [G] normal
INFO - [G] normal
INFO - [G] normal
INFO - [G] normal
INFO - [G] normal
INFO - [G] normal
INFO - [G] normal
INFO - [G] normal
INFO - [G] normal
INFO - [G] normal
INFO - [G] normal
INFO - [G] normal
INFO - [G] normal
INFO - [G] normal
INFO - [G] normal
INFO - [G] normal
INFO - [G] normal
INFO - [G] normal
INFO - [G] normal
INFO - [G] normal
INFO - [G] normal
INFO - [G] normal
INFO - [G] normal
INFO - [G] normal
INFO - [G] normal
INFO - [G] normal
INFO - [G] normal
INFO - [G] normal
INFO - [G] normal
INFO - [G] normal
INFO - [G] normal
INFO - [G] normal
INFO - [G] normal
INFO - [G] normal
INFO - [G] normal
INFO - [G] normal
INFO - [G] normal
INFO - [G] normal
INFO - [G] normal
INFO - [G] normal
INFO - [G] normal
INFO - [G] normal
INFO - [G] normal
INFO - [G] normal
INFO - [G] normal
INFO - [G] normal
INFO - [G] normal
INFO - [G] normal
INFO - [G] normal
INFO - [G] normal
INFO - [G] normal
INFO - [G] normal
INFO - [G] normal
INFO - [G] normal
INFO - [G] normal
INFO - [G] normal
INFO - [G] normal
INFO - [G] normal
INFO - [G] normal
INFO - [G] normal
INFO - [G] normal
INFO - [G] normal
INFO - [G] normal
INFO - [G] normal
INFO - [G] normal
INFO - [G] normal
INFO - [G] normal
INFO - [G] normal
INFO - [G] normal
INFO - [G] normal
INFO - [G] normal
INFO - [G] normal
INFO - [G] normal
INFO - [G] normal
INFO - [G] normal
INFO - [G] normal
INFO - [G] normal
INFO - [G] normal
INFO - [G] normal
INFO - [G] normal
INFO - [G] normal
INFO - [G] normal
INFO - [G] normal
INFO - [G] normal
INFO - [G] normal
INFO - [G] normal
INFO - [G] normal
INFO - [G] normal
INFO - [G] normal
INFO - [G] normal
INFO - [G] normal
INFO - [G] normal
INFO - [G] normal
INFO - [G] normal
INFO - [G] normal
INFO - [G] normal
INFO - [G] normal
INFO - [G] normal
INFO - [G] normal
INFO - [G] normal
INFO - [G] normal
INFO - [G] normal
INFO - [G] normal
INFO - [G] normal
INFO - [G] normal
INFO - [G] normal
INFO - [G] normal
INFO - [G] normal
INFO - [G] normal
INFO - [G] normal
INFO - [G] normal
INFO - [G] normal
INFO - [G] normal
INFO - [G] normal
INFO - [G] normal
INFO - [G] normal
INFO - [G] normal
INFO - [G] normal
INFO - [G] normal
INFO - [G] normal
INFO - [G] normal
INFO - [G] normal
INFO - [G] normal
INFO - [G] normal
INFO - [G] normal
INFO - [G] normal
INFO - [G] normal
INFO - [G] normal
INFO - [G] normal
INFO - [G] normal
INFO - [G] normal
INFO - [G] normal
INFO - [G] normal
INFO - [G] normal
INFO - [G] normal
INFO - [G] normal
INFO - [G] normal
INFO - [G] normal
INFO - [G] normal
INFO - [G] normal
INFO - [G] normal
INFO - [G] normal
INFO - [G] normal
INFO - [G] normal
INFO - [G] normal
INFO - [G] normal
INFO - [G] normal
INFO - [G] normal
INFO - [G] normal
INFO - [G] normal
INFO - [G] normal
INFO - [G] normal
INFO - [G] normal
INFO - [G] normal
INFO - [G] normal
INFO - [G] normal
INFO - [G] normal
INFO - [G] normal
INFO - [G] normal
INFO - [G] normal
INFO - [G] normal
INFO - [G] normal
INFO - [G] normal
INFO - [G] normal
INFO - [G] normal
INFO - [G] normal
INFO - [G] normal
INFO - [G] normal
INFO - [G] normal
INFO - [G] normal
INFO - [G] normal
INFO - [G] normal
INFO - [G] normal
INFO - [G] normal
INFO - [G] normal
INFO - [G] normal
INFO - [G] normal
INFO - [G] normal
INFO - [G] normal
INFO - [G] normal
INFO - [G] normal
INFO - [G] normal
INFO - [G] normal
INFO - [G] normal
INFO - [G] normal
INFO - [G] normal
INFO - [G] normal
INFO - [G] normal
INFO - [G] normal
INFO - [G] normal
INFO - [G] normal
INFO - [G] normal
INFO - [G] normal
INFO - [G] normal
INFO - [G] normal
INFO - [G] normal
INFO - [G] normal
INFO - [G] normal
INFO - [G] normal
INFO - [G] normal
INFO - [G] normal
INFO - [G] normal
INFO - [G] normal
INFO - [G] normal
INFO - [G] normal
INFO - [G] normal
INFO - [G] normal
INFO - [G] normal
INFO - [G] normal
INFO - [G] normal
INFO - [G] normal
INFO - [G] normal
INFO - [G] normal
INFO - [G] normal
INFO - [G] normal
INFO - [G] normal
INFO - [G] normal
INFO - [G] normal
INFO - [G] normal
INFO - [G] normal
INFO - [G] normal
INFO - [G] normal
INFO - [G] normal
INFO - [G] normal
INFO - [G] normal
INFO - [G] normal
INFO - [G] normal
INFO - [G] normal
INFO - [G] normal
INFO - [G] normal
INFO - [G] normal
INFO - [G] normal
INFO - [G] normal
INFO - [G] normal
INFO - [G] normal
INFO - [G] normal
INFO - [G] normal
INFO - [G] normal
INFO - [G] normal
INFO - [G] normal
INFO - [G] normal
INFO - [G] normal
INFO - [G] normal
INFO - [G] normal
INFO - [G] normal
INFO - [G] normal
INFO - [G] normal
INFO - [G] normal
INFO - [G] normal
INFO - [G] normal
INFO - [G] normal
INFO - [G] normal
INFO - [G] normal
INFO - [G] normal
INFO - [G] normal
INFO - [G] normal
INFO - [G] normal
INFO - [G] normal
INFO - [G] normal
INFO - [G] normal
INFO - [G] normal
INFO - [G] normal
INFO - [G] normal
INFO - [G] normal
INFO - [G] normal
INFO - [G] normal
INFO - [G] normal
INFO - [G] normal
INFO - [G] normal
INFO - [G] normal
INFO - [G] normal
INFO - [G] normal
INFO - [G] normal
INFO - [G] normal
INFO - [G] normal
INFO - [G] normal
INFO - [G] normal
INFO - [G] normal
INFO - [G] normal
INFO - [G] normal
INFO - [G] normal
INFO - [G] normal
INFO - [G] normal
INFO - [G] normal
INFO - [G] normal
INFO - [G] normal
INFO - [G] normal
INFO - [G] normal
INFO - [G] normal
INFO - [G] normal
INFO - [G] normal
INFO - [G] normal
INFO - [G] normal
INFO - [G] normal
INFO - [G] normal
INFO - [G] normal
INFO - [G] normal
INFO - [G] normal
INFO - [G] normal
INFO - [G] normal
INFO - [G] normal
INFO - [G] normal
INFO - [G] normal
INFO - [G] normal
INFO - [G] normal
INFO - [G] normal
INFO - [G] normal
INFO - [G] normal
INFO - [G] normal
INFO - [G] normal
INFO - [G] normal
INFO - [G] normal
INFO - [G] normal
INFO - [G] normal
INFO - [G] normal
INFO - [G] normal
INFO - [G] normal
INFO - [G] normal
INFO - [G] normal
INFO - [G] normal
INFO - [G] normal
INFO - [G] normal
INFO - [G] normal
INFO - [G] normal
INFO - [G] normal
INFO - [G] normal
INFO - [G] normal
INFO - [G] normal
INFO - [G] normal
INFO - [G] normal
INFO - [G] normal
INFO - [G] normal
INFO - [G] normal
INFO - [G] normal
INFO - [G] normal
INFO - [G] normal
INFO - [G] normal
INFO - [G] normal
INFO - [G] normal
INFO - [G] normal
INFO - [G] normal
INFO - [G] normal
INFO - [G] normal
INFO - [G] normal
INFO - [G] normal
INFO - [G] normal
INFO - [G] normal
INFO - [G] normal
INFO - [G] normal
INFO - [G] normal
INFO - [G] normal
INFO - [G] normal
INFO - [G] normal
INFO - [G] normal
INFO - [G] normal
INFO - [G] normal
INFO - [G] normal
INFO - [G] normal
INFO - [G] normal
INFO - [G] normal
INFO - [G] normal
INFO - [G] normal
INFO - [G] normal
INFO - [G] normal
INFO - [G] normal
INFO - [G] normal
INFO - [G] normal
INFO - [G] normal
INFO - [G] normal
INFO - [G] normal
INFO - [G] normal
INFO - [G] normal
INFO - [G] normal
INFO - [G] normal
INFO - [G] normal
INFO - [G] normal
INFO - [G] normal
INFO - [G] normal
INFO - [G] normal
INFO - [G] normal
INFO - [G] normal
INFO - [G] normal
INFO - [G] normal
INFO - [G] normal
INFO - [G] normal
INFO - [G] normal
INFO - [G] normal
INFO - [G] normal
INFO - [G] normal
INFO - [G] normal
INFO - [G] normal
INFO - [G] normal
INFO - [G] normal
INFO - [G] normal
INFO - [G] normal
INFO - [G] normal
INFO - [G] normal
INFO - [G] normal
INFO - [G] normal
INFO - [G] normal
INFO - [G] normal
INFO - [G] normal
INFO - [G] normal
INFO - [G] normal
INFO - [G] normal
INFO - [G] normal
INFO - [G] normal
INFO - [G] normal
INFO - [G] normal
INFO - [G] normal
INFO - [G] normal
INFO - [G] normal
INFO - [G] normal
INFO - [G] normal
INFO - [G] normal
INFO - [G] normal
INFO - [G] normal
INFO - [G] normal
INFO - [G] normal
INFO - [G] normal
INFO - [G] normal
INFO - [G] normal
INFO - [G] normal
INFO - [G] normal
INFO - [G] normal
INFO - [G] normal
INFO - [G] normal
INFO - [G] normal
INFO - [G] normal
INFO - [G] normal
INFO - [G] normal
INFO - [G] normal
INFO - [G] normal
INFO - [G] normal
INFO - [G] normal
INFO - [G] normal
INFO - [G] normal
INFO - [G] normal
INFO - [G] normal
INFO - [G] normal
INFO - [G] normal
INFO - [G] normal
INFO - [G] normal
INFO - [G] normal
INFO - [G] normal
INFO - [G] normal
INFO - [G] normal
INFO - [G] normal
INFO - [G] normal
INFO - [G] normal
INFO - [G] normal
INFO - [G] normal
INFO - [G] normal
INFO - [G] normal
INFO - [G] normal
INFO - [G] normal
INFO - [G] normal
INFO - [G] normal
INFO - [G] normal
INFO - [G] normal
INFO - [G] normal
INFO - [G] normal
INFO - [G] normal
INFO - [G] normal
INFO - [G] normal
INFO - [G] normal
INFO - [G] normal
INFO - [G] normal
INFO - [G] normal
INFO - [G] normal
INFO - [G] normal
INFO - [G] normal
INFO - [G] normal
INFO - [G] normal
INFO - [G] normal
INFO - [G] normal
INFO - [G] normal
INFO - [G] normal
INFO - [G] normal
INFO - [G] normal
INFO - [G] normal
INFO - [G] normal
INFO - [G] normal
INFO - [G] normal
INFO - [G] normal
INFO - [G] normal
INFO - [G] normal
INFO - [G] normal
INFO - [G] normal
INFO - [G] normal
INFO - [G] normal
INFO - [G] normal
INFO - [G] normal
INFO - [G] normal
INFO - [G] normal
INFO - [G] normal
INFO - [G] normal
INFO - [G] normal
INFO - [G] normal
INFO - [G] normal
INFO - [G] normal
INFO - [G] normal
INFO - [G] normal
INFO - [G] normal
INFO - [G] normal
INFO - [G] normal
INFO - [G] normal
INFO - [G] normal
INFO - [G] normal
INFO - [G] normal
INFO - [G] normal
INFO - [G] normal
INFO - [G] normal
INFO - [G] normal
INFO - [G] normal
INFO - [G] normal
INFO - [G] normal
INFO - [G] normal
INFO - [G] normal
INFO - [G] normal
INFO - [G] normal
INFO - [G] normal
INFO - [G] normal
INFO - [G] normal
INFO - [G] normal
INFO - [G] normal
INFO - [G] normal
INFO - [G] normal
INFO - [G] normal
INFO - [G] normal
INFO - [G] normal
INFO - [G] normal
INFO - [G] normal
INFO - [G] normal
INFO - [G] normal
INFO - [G] normal
INFO - [G] normal
INFO - [G] normal
INFO - [G] normal
INFO - [G] normal
INFO - [G] normal
INFO - [G] normal
INFO - [G] normal
INFO - [G] normal
INFO - [G] normal
INFO - [G] normal
INFO - [G] normal
INFO - [G] normal
INFO - [G] normal
INFO - [G] normal
INFO - [G] normal
INFO - [G] normal
INFO - [G] normal
INFO - [G] normal
INFO - [G] normal
INFO - [G] normal
INFO - [G] normal
INFO - [G] normal
INFO - [G] normal
INFO - [G] normal
INFO - [G] normal
INFO - [G] normal
INFO - [G] normal
INFO - [G] normal
INFO - [G] normal
INFO - [G] normal
INFO - [G] normal
INFO - [G] normal
INFO - [G] normal
INFO - [G] normal
INFO - [G] normal
INFO - [G] normal
INFO - [G] normal
INFO - [G] normal
INFO - [G] normal
INFO - [G] normal
INFO - [G] normal
INFO - [G] normal
INFO - [G] normal
INFO - [G] normal
INFO - [G] normal
INFO - [G] normal
INFO - [G] normal
INFO - [G] normal
INFO - [G] normal
INFO - [G] normal
INFO - [G] normal
INFO - [G] normal
INFO - [G] normal
INFO - [G] normal
INFO - [G] normal
INFO - [G] normal
INFO - [G] normal
INFO - [G] normal
INFO - [G] normal
INFO - [G] normal
INFO - [G] normal
INFO - [G] normal
INFO - [G] normal
INFO - [G] normal
INFO - [G] normal
INFO - [G] normal
INFO - [G] normal
INFO - [G] normal
INFO - [G] normal
INFO - [G] normal
INFO - [G] normal
INFO - [G] normal
INFO - [G] normal
INFO - [G] normal
INFO - [G] normal
INFO - [G] normal
INFO - [G] normal
INFO - [G] normal
INFO - [G] normal
INFO - [G] normal
INFO - [G] normal
INFO - [G] normal
INFO - [G] normal
INFO - [G] normal
INFO - [G] normal
INFO - [G] normal
INFO - [G] normal
INFO - [G] normal
INFO - [G] normal
INFO - [G] normal
INFO - [G] normal
INFO - [G] normal
INFO - [G] normal
INFO - [G] normal
INFO - [G] normal
INFO - [G] LONG DT @ 1671: 0.052637843473788
INFO - [G] LONG DT @ 1690: 0.052901930868642
INFO - [G] LONG DT @ 1723: 0.055792843582788
INFO - [G] LONG DT @ 1728: 0.055813063370598
INFO - [G] LONG DT @ 1731: 0.05560659072733
INFO - [G] LONG DT @ 1735: 0.053311596001649
INFO - [G] LONG DT @ 1739: 0.055021905611206
INFO - [G] LONG DT @ 1743: 0.051733715097797
INFO - [G] LONG DT @ 1753: 0.052076114465814
INFO - [G] LONG DT @ 1763: 0.051392233536363
INFO - [G] LONG DT @ 1801: 0.054448872182605
INFO - [G] LONG DT @ 1804: 0.055833163821115
INFO - [G] LONG DT @ 1808: 0.05525392343974
INFO - [G] LONG DT @ 1812: 0.054793612078922
INFO - [G] LONG DT @ 1815: 0.050069914654473
INFO - [G] LONG DT @ 1819: 0.050359377490193
INFO - [G] LONG DT @ 1826: 0.055544994579302
INFO - [G] LONG DT @ 1830: 0.053044530343206
INFO - [G] LONG DT @ 1834: 0.054260892616489
INFO - [G] LONG DT @ 1837: 0.051635688018005
INFO - [G] LONG DT @ 1856: 0.060065955885266
INFO - [G] LONG DT @ 1858: 0.058544862573496
INFO - [G] LONG DT @ 1858: 0.058246228038315
INFO - [G] LONG DT @ 1866: 0.057578021315704
INFO - [G] LONG DT @ 1870: 0.053206142230694
INFO - [G] LONG DT @ 1874: 0.051372166424828
INFO - [G] LONG DT @ 1886: 0.056864696055799
INFO - [G] LONG DT @ 1889: 0.063381199113914
INFO - [G] LONG DT @ 1890: 0.055007039291111
INFO - [G] LONG DT @ 1893: 0.071565941791222
INFO - [G] LONG DT @ 1894: 0.059608853433156
INFO - [G] LONG DT @ 1897: 0.062205408465369
INFO - [G] LONG DT @ 1897: 0.051680106772422
INFO - [G] LONG DT @ 1901: 0.066775258765309
INFO - [G] LONG DT @ 1901: 0.055635347011927
INFO - [G] LONG DT @ 1905: 0.064580847124563
INFO - [G] LONG DT @ 1905: 0.05354513769968
INFO - [G] LONG DT @ 1909: 0.060844712475922
INFO - [G] LONG DT @ 1909: 0.050395769980578
INFO - [G] LONG DT @ 1913: 0.062281385419335
INFO - [G] LONG DT @ 1913: 0.051660968335678
INFO - [G] LONG DT @ 1917: 0.060222036838804
INFO - [G] LONG DT @ 1918: 0.050164069471153
INFO - [G] LONG DT @ 1921: 0.061799182321105
INFO - [G] LONG DT @ 1922: 0.051757905856797
INFO - [G] LONG DT @ 1925: 0.05962838046943
INFO - [G] LONG DT @ 1930: 0.063056140364692
INFO - [G] LONG DT @ 1930: 0.053205232291406
INFO - [G] LONG DT @ 1934: 0.056493468929316
INFO - [G] LONG DT @ 1938: 0.055698380484846
INFO - [G] LONG DT @ 1942: 0.057971495945455
INFO - [G] LONG DT @ 1942: 0.050165876756435
INFO - [G] LONG DT @ 1946: 0.05704110569865
INFO - [G] LONG DT @ 1950: 0.056112255884493
INFO - [G] LONG DT @ 1954: 0.051562849747995
INFO - [G] LONG DT @ 1958: 0.058950963770575
INFO - [G] LONG DT @ 1962: 0.051573807541097
INFO - [G] LONG DT @ 1966: 0.053020139647602
INFO - [G] LONG DT @ 1970: 0.053094052891377
INFO - [G] LONG DT @ 1974: 0.05373884133431
INFO - [G] LONG DT @ 1978: 0.05183777714071
INFO - [G] LONG DT @ 1989: 0.055086039623665
INFO - [G] LONG DT @ 1993: 0.051282029606647
INFO - [G] LONG DT @ 2001: 0.058669828856238
INFO - [G] LONG DT @ 2005: 0.064924608923251
INFO - [G] LONG DT @ 2005: 0.053705487138667
INFO - [G] LONG DT @ 2009: 0.068147358954886
INFO - [G] LONG DT @ 2009: 0.058770487164018
INFO - [G] LONG DT @ 2013: 0.070390350401867
INFO - [G] LONG DT @ 2013: 0.058291540321501
INFO - [G] LONG DT @ 2017: 0.063593007022287
INFO - [G] LONG DT @ 2017: 0.05285028561793
INFO - [G] LONG DT @ 2021: 0.0639763972806
INFO - [G] LONG DT @ 2021: 0.053025097824675
INFO - [G] LONG DT @ 2025: 0.069857843748606
INFO - [G] LONG DT @ 2025: 0.059850754998807
INFO - [G] LONG DT @ 2029: 0.065895195948576
INFO - [G] LONG DT @ 2029: 0.054652436759016
INFO - [G] LONG DT @ 2033: 0.062557508879083
INFO - [G] LONG DT @ 2033: 0.052367547103314
INFO - [G] LONG DT @ 2034: 0.061246133758576
INFO - [G] LONG DT @ 2034: 0.050965327006909
INFO - [G] LONG DT @ 2037: 0.067035063614014
INFO - [G] LONG DT @ 2037: 0.056401310891169
INFO - [G] LONG DT @ 2041: 0.06696271760136
INFO - [G] LONG DT @ 2041: 0.055387294081212
INFO - [G] LONG DT @ 2045: 0.072117831195448
INFO - [G] LONG DT @ 2045: 0.062497824956432
INFO - [G] LONG DT @ 2045: 0.052007799965072
INFO - [G] LONG DT @ 2049: 0.074163095098828
INFO - [G] LONG DT @ 2049: 0.064112996078998
INFO - [G] LONG DT @ 2049: 0.053277876863223
INFO - [G] LONG DT @ 2053: 0.068916061944873
INFO - [G] LONG DT @ 2053: 0.057098309555963
INFO - [G] LONG DT @ 2056: 0.06719824511154
INFO - [G] LONG DT @ 2056: 0.055808836089112
INFO - [G] LONG DT @ 2060: 0.071296330554915
INFO - [G] LONG DT @ 2060: 0.059058464443581
INFO - [G] LONG DT @ 2063: 0.071163536050864
INFO - [G] LONG DT @ 2064: 0.06088546884063
INFO - [G] LONG DT @ 2064: 0.051018055072466
INFO - [G] LONG DT @ 2067: 0.073360382572249
INFO - [G] LONG DT @ 2067: 0.062860386057789
INFO - [G] LONG DT @ 2067: 0.052574068846317
INFO - [G] LONG DT @ 2071: 0.068803295887688
INFO - [G] LONG DT @ 2071: 0.057156576710131
INFO - [G] LONG DT @ 2075: 0.060668174769288
INFO - [G] LONG DT @ 2075: 0.050555179815477
INFO - [G] LONG DT @ 2080: 0.056423251032952
INFO - [G] LONG DT @ 2084: 0.057106303854484
INFO - [G] LONG DT @ 2088: 0.057905861449017
INFO - [G] LONG DT @ 2092: 0.059360245949268
INFO - [G] LONG DT @ 2097: 0.056007711718735
INFO - [G] LONG DT @ 2101: 0.057379785782442
INFO - [G] LONG DT @ 2105: 0.058007754995408
INFO - [G] LONG DT @ 2109: 0.061771686138294
INFO - [G] LONG DT @ 2109: 0.051395928910558
INFO - [G] LONG DT @ 2112: 0.072251053708834
INFO - [G] LONG DT @ 2112: 0.061802082966774
INFO - [G] LONG DT @ 2113: 0.051461886373541
INFO - [G] LONG DT @ 2116: 0.070481760357685
INFO - [G] LONG DT @ 2116: 0.060239608286353
INFO - [G] LONG DT @ 2117: 0.051352386628799
INFO - [G] LONG DT @ 2120: 0.064711710345073
INFO - [G] LONG DT @ 2120: 0.053686588275872
INFO - [G] LONG DT @ 2124: 0.065970667468593
INFO - [G] LONG DT @ 2125: 0.055027213974872
INFO - [G] LONG DT @ 2129: 0.063426162865218
INFO - [G] LONG DT @ 2129: 0.054055490292028
INFO - [G] LONG DT @ 2133: 0.062755400737559
INFO - [G] LONG DT @ 2133: 0.052232860589857
INFO - [G] LONG DT @ 2137: 0.067885260815113
INFO - [G] LONG DT @ 2137: 0.058795488652193
INFO - [G] LONG DT @ 2141: 0.068225637857215
INFO - [G] LONG DT @ 2141: 0.056943970285605
INFO - [G] LONG DT @ 2145: 0.06878993476936
INFO - [G] LONG DT @ 2145: 0.056902707815508
INFO - [G] LONG DT @ 2149: 0.064057221325517
INFO - [G] LONG DT @ 2149: 0.053127737060587
INFO - [G] LONG DT @ 2153: 0.067411323027282
INFO - [G] LONG DT @ 2153: 0.055730178421989
INFO - [G] LONG DT @ 2157: 0.063675306446835
INFO - [G] LONG DT @ 2157: 0.053134865157696
INFO - [G] LONG DT @ 2161: 0.065041813891235
INFO - [G] LONG DT @ 2161: 0.05390537111311
INFO - [G] LONG DT @ 2165: 0.063923875057452
INFO - [G] LONG DT @ 2165: 0.055385420045909
INFO - [G] LONG DT @ 2169: 0.068746873590309
INFO - [G] LONG DT @ 2169: 0.057085258872242
INFO - [G] LONG DT @ 2173: 0.066116701547759
INFO - [G] LONG DT @ 2173: 0.054915321238118
INFO - [G] LONG DT @ 2177: 0.060654399639586
INFO - [G] LONG DT @ 2177: 0.050162279711729
INFO - [G] LONG DT @ 2182: 0.058114561166808
INFO - [G] LONG DT @ 2186: 0.059324752715566
INFO - [G] LONG DT @ 2190: 0.059327946283168
INFO - [G] LONG DT @ 2195: 0.058558384594777
INFO - [G] LONG DT @ 2199: 0.059298424398337
INFO - [G] LONG DT @ 2203: 0.065153310761539
INFO - [G] LONG DT @ 2203: 0.054004468609066
INFO - [G] LONG DT @ 2207: 0.062602581561928
INFO - [G] LONG DT @ 2207: 0.051880705249376
INFO - [G] LONG DT @ 2212: 0.060210921468668
INFO - [G] LONG DT @ 2216: 0.060700876112014
INFO - [G] LONG DT @ 2216: 0.050170620889803
INFO - [G] LONG DT @ 2221: 0.057819833531373
INFO - [G] LONG DT @ 2225: 0.058588024519217
INFO - [G] LONG DT @ 2229: 0.060914970645252
INFO - [G] LONG DT @ 2229: 0.05043849651599
INFO - [G] LONG DT @ 2234: 0.064909732327902
INFO - [G] LONG DT @ 2234: 0.054114585862303
INFO - [G] LONG DT @ 2238: 0.060504498520105
INFO - [G] LONG DT @ 2238: 0.05019391881623
INFO - [G] LONG DT @ 2242: 0.058722902071948
INFO - [G] LONG DT @ 2242: 0.050748861657745
INFO - [G] LONG DT @ 2247: 0.058442882423229
INFO - [G] LONG DT @ 2250: 0.073678938431398
INFO - [G] LONG DT @ 2250: 0.063035070745183
INFO - [G] LONG DT @ 2250: 0.052474376596009
INFO - [G] LONG DT @ 2254: 0.067830482600222
INFO - [G] LONG DT @ 2254: 0.056144246080367
INFO - [G] LONG DT @ 2258: 0.066466440694704
INFO - [G] LONG DT @ 2258: 0.055228412555669
INFO - [G] LONG DT @ 2262: 0.065083474696006
INFO - [G] LONG DT @ 2262: 0.054082579757104
INFO - [G] LONG DT @ 2266: 0.066298293765554
INFO - [G] LONG DT @ 2266: 0.05496265501274
INFO - [G] LONG DT @ 2270: 0.067391092316574
INFO - [G] LONG DT @ 2270: 0.056176413853317
INFO - [G] LONG DT @ 2274: 0.070897602237803
INFO - [G] LONG DT @ 2274: 0.06050190179005
INFO - [G] LONG DT @ 2274: 0.050882401432116
INFO - [G] LONG DT @ 2278: 0.066040092069681
INFO - [G] LONG DT @ 2278: 0.054624493655873
INFO - [G] LONG DT @ 2282: 0.067313184814401
INFO - [G] LONG DT @ 2282: 0.055901667851554
INFO - [G] LONG DT @ 2286: 0.072736553817356
INFO - [G] LONG DT @ 2286: 0.062196763053753
INFO - [G] LONG DT @ 2286: 0.053293670443331
INFO - [G] LONG DT @ 2290: 0.06432418004665
INFO - [G] LONG DT @ 2290: 0.053333924037323
INFO - [G] LONG DT @ 2294: 0.073727898656123
INFO - [G] LONG DT @ 2294: 0.062759178925188
INFO - [G] LONG DT @ 2294: 0.052273063140033
INFO - [G] LONG DT @ 2298: 0.066192735943534
INFO - [G] LONG DT @ 2298: 0.057927848755005
INFO - [G] LONG DT @ 2302: 0.070978724410775
INFO - [G] LONG DT @ 2302: 0.062374019528474
INFO - [G] LONG DT @ 2302: 0.051780775622817
INFO - [G] LONG DT @ 2306: 0.065634173720146
INFO - [G] LONG DT @ 2306: 0.054462838976011
INFO - [G] LONG DT @ 2310: 0.067140525982567
INFO - [G] LONG DT @ 2310: 0.055711720786224
INFO - [G] LONG DT @ 2313: 0.074739920125861
INFO - [G] LONG DT @ 2313: 0.061709456100968
INFO - [G] LONG DT @ 2313: 0.051475644880518
INFO - [G] LONG DT @ 2317: 0.068777887727834
INFO - [G] LONG DT @ 2317: 0.0569710701825
INFO - [G] LONG DT @ 2321: 0.067580709621075
INFO - [G] LONG DT @ 2322: 0.055823027696697
INFO - [G] LONG DT @ 2326: 0.066957859379671
INFO - [G] LONG DT @ 2326: 0.055636647503662
INFO - [G] LONG DT @ 2330: 0.066298659893353
INFO - [G] LONG DT @ 2330: 0.054916047914745
INFO - [G] LONG DT @ 2334: 0.072902714384921
INFO - [G] LONG DT @ 2334: 0.062227931507844
INFO - [G] LONG DT @ 2334: 0.052098325206187
INFO - [G] LONG DT @ 2338: 0.065230938459201
INFO - [G] LONG DT @ 2338: 0.053903970767447
INFO - [G] LONG DT @ 2342: 0.0670134565142
INFO - [G] LONG DT @ 2342: 0.058104065211464
INFO - [G] LONG DT @ 2346: 0.071883458076251
INFO - [G] LONG DT @ 2346: 0.064053166461298
INFO - [G] LONG DT @ 2346: 0.053486973168815
INFO - [G] LONG DT @ 2350: 0.065823018301949
INFO - [G] LONG DT @ 2350: 0.054416414641532
INFO - [G] LONG DT @ 2354: 0.069572653162034
INFO - [G] LONG DT @ 2354: 0.057888282529445
INFO - [G] LONG DT @ 2358: 0.067484893867234
INFO - [G] LONG DT @ 2358: 0.056307415093581
INFO - [G] LONG DT @ 2362: 0.069518170736992
INFO - [G] LONG DT @ 2362: 0.059346636589573
INFO - [G] LONG DT @ 2366: 0.067037959791796
INFO - [G] LONG DT @ 2366: 0.055895327833757
INFO - [G] LONG DT @ 2370: 0.070302889415713
INFO - [G] LONG DT @ 2370: 0.058156111532536
INFO - [G] LONG DT @ 2374: 0.069266791332143
INFO - [G] LONG DT @ 2374: 0.057237673065847
INFO - [G] LONG DT @ 2378: 0.07214397833249
INFO - [G] LONG DT @ 2378: 0.061638442666003
INFO - [G] LONG DT @ 2378: 0.052362874133013
INFO - [G] LONG DT @ 2382: 0.066445171068915
INFO - [G] LONG DT @ 2382: 0.057609096855113
INFO - [G] LONG DT @ 2386: 0.066129676155538
INFO - [G] LONG DT @ 2386: 0.054871140924715
INFO - [G] LONG DT @ 2390: 0.076135590814291
INFO - [G] LONG DT @ 2390: 0.06583959265147
INFO - [G] LONG DT @ 2390: 0.054725074121472
INFO - [G] LONG DT @ 2394: 0.065745490868958
INFO - [G] LONG DT @ 2394: 0.05443689269542
INFO - [G] LONG DT @ 2398: 0.066445390012898
INFO - [G] LONG DT @ 2398: 0.055476632010535
INFO - [G] LONG DT @ 2403: 0.06829450532304
INFO - [G] LONG DT @ 2403: 0.057170744258395
INFO - [G] LONG DT @ 2407: 0.071753936984263
INFO - [G] LONG DT @ 2407: 0.061221729587417
INFO - [G] LONG DT @ 2407: 0.052030223669807
INFO - [G] LONG DT @ 2411: 0.061151597478565
INFO - [G] LONG DT @ 2411: 0.050676217982807
INFO - [G] LONG DT @ 2415: 0.062693262597044
INFO - [G] LONG DT @ 2416: 0.051892530077504
INFO - [G] LONG DT @ 2420: 0.061760953723078
INFO - [G] LONG DT @ 2420: 0.051138962978482
INFO - [G] LONG DT @ 2424: 0.059096949255081
INFO - [G] LONG DT @ 2429: 0.060643411470728
INFO - [G] LONG DT @ 2429: 0.050501729176591
INFO - [G] LONG DT @ 2433: 0.061030268141728
INFO - [G] LONG DT @ 2433: 0.050857054513193
INFO - [G] LONG DT @ 2437: 0.064116165366332
INFO - [G] LONG DT @ 2437: 0.053442832292924
INFO - [G] LONG DT @ 2441: 0.062005492546874
INFO - [G] LONG DT @ 2441: 0.051335654037223
INFO - [G] LONG DT @ 2445: 0.064152226110286
INFO - [G] LONG DT @ 2445: 0.053060920888292
INFO - [G] LONG DT @ 2450: 0.067658749529764
INFO - [G] LONG DT @ 2450: 0.056381519623944
INFO - [G] LONG DT @ 2454: 0.053937908128731
INFO - [G] LONG DT @ 2458: 0.065218410875222
INFO - [G] LONG DT @ 2458: 0.054415168700055
INFO - [G] LONG DT @ 2462: 0.077576172435824
INFO - [G] LONG DT @ 2462: 0.064050937948592
INFO - [G] LONG DT @ 2462: 0.053280150358795
INFO - [G] LONG DT @ 2465: 0.074021284702187
INFO - [G] LONG DT @ 2465: 0.063293067761677
INFO - [G] LONG DT @ 2465: 0.05254709420957
INFO - [G] LONG DT @ 2469: 0.068632484632046
INFO - [G] LONG DT @ 2469: 0.056971067705739
INFO - [G] LONG DT @ 2473: 0.068973382545488
INFO - [G] LONG DT @ 2473: 0.057246166036425
INFO - [G] LONG DT @ 2477: 0.073301557982188
INFO - [G] LONG DT @ 2477: 0.062431786385796
INFO - [G] LONG DT @ 2477: 0.052324429108565
INFO - [G] LONG DT @ 2481: 0.077947574499328
INFO - [G] LONG DT @ 2481: 0.064467419599493
INFO - [G] LONG DT @ 2481: 0.053764835679509
INFO - [G] LONG DT @ 2485: 0.075766162710038
INFO - [G] LONG DT @ 2485: 0.06468591016794
INFO - [G] LONG DT @ 2485: 0.053715188134392
INFO - [G] LONG DT @ 2488: 0.075651938249735
INFO - [G] LONG DT @ 2488: 0.064425490599661
INFO - [G] LONG DT @ 2489: 0.053550432479825
INFO - [G] LONG DT @ 2492: 0.07225339338323
INFO - [G] LONG DT @ 2492: 0.059931534706727
INFO - [G] LONG DT @ 2496: 0.072588920155183
INFO - [G] LONG DT @ 2496: 0.060030176124076
INFO - [G] LONG DT @ 2500: 0.073997826033926
INFO - [G] LONG DT @ 2500: 0.064286260827028
INFO - [G] LONG DT @ 2500: 0.053406388661502
INFO - [G] LONG DT @ 2504: 0.071757505080197
INFO - [G] LONG DT @ 2504: 0.061304044064216
INFO - [G] LONG DT @ 2504: 0.052519375251211
INFO - [G] LONG DT @ 2508: 0.070399024014358
INFO - [G] LONG DT @ 2508: 0.060440919211664
INFO - [G] LONG DT @ 2508: 0.050264135369212
INFO - [G] LONG DT @ 2512: 0.0748606969083
INFO - [G] LONG DT @ 2512: 0.065687557526756
INFO - [G] LONG DT @ 2512: 0.054977406021406
INFO - [G] LONG DT @ 2516: 0.076291685830013
INFO - [G] LONG DT @ 2516: 0.064737268664054
INFO - [G] LONG DT @ 2516: 0.053681874931198
INFO - [G] LONG DT @ 2520: 0.068984123216481
INFO - [G] LONG DT @ 2520: 0.057975958573263
INFO - [G] LONG DT @ 2524: 0.072659325551549
INFO - [G] LONG DT @ 2524: 0.062615740440953
INFO - [G] LONG DT @ 2524: 0.052344612352777
INFO - [G] LONG DT @ 2528: 0.071397412793807
INFO - [G] LONG DT @ 2528: 0.059588970235137
INFO - [G] LONG DT @ 2528: 0.050156236187999
INFO - [G] LONG DT @ 2532: 0.069628302648641
INFO - [G] LONG DT @ 2532: 0.057797142118934
INFO - [G] LONG DT @ 2536: 0.066322468333757
INFO - [G] LONG DT @ 2536: 0.054799874666985
INFO - [G] LONG DT @ 2540: 0.065100669767992
INFO - [G] LONG DT @ 2540: 0.053944175814404
INFO - [G] LONG DT @ 2545: 0.060934452247011
INFO - [G] LONG DT @ 2545: 0.050641221797377
INFO - [G] LONG DT @ 2549: 0.061294942123618
INFO - [G] LONG DT @ 2549: 0.050846433698662
INFO - [G] LONG DT @ 2553: 0.064697118826669
INFO - [G] LONG DT @ 2553: 0.053874315061351
INFO - [G] LONG DT @ 2557: 0.066322884562537
INFO - [G] LONG DT @ 2557: 0.055254787649868
INFO - [G] LONG DT @ 2561: 0.066212969357365
INFO - [G] LONG DT @ 2561: 0.056424015485753
INFO - [G] LONG DT @ 2565: 0.065512848437729
INFO - [G] LONG DT @ 2565: 0.054438678750019
INFO - [G] LONG DT @ 2569: 0.066237743812092
INFO - [G] LONG DT @ 2570: 0.054869355049627
INFO - [G] LONG DT @ 2574: 0.066911712202543
INFO - [G] LONG DT @ 2574: 0.055603629762189
INFO - [G] LONG DT @ 2578: 0.06616165825962
INFO - [G] LONG DT @ 2578: 0.055985106607764
INFO - [G] LONG DT @ 2582: 0.061643676109147
INFO - [G] LONG DT @ 2582: 0.050950460887444
INFO - [G] LONG DT @ 2586: 0.066623549760431
INFO - [G] LONG DT @ 2586: 0.055108619808239
INFO - [G] LONG DT @ 2590: 0.078724557529246
INFO - [G] LONG DT @ 2590: 0.067310826023405
INFO - [G] LONG DT @ 2590: 0.055701880818699
INFO - [G] LONG DT @ 2594: 0.074125917744659
INFO - [G] LONG DT @ 2594: 0.063754874195598
INFO - [G] LONG DT @ 2594: 0.053204639356377
INFO - [G] LONG DT @ 2597: 0.079386559129457
INFO - [G] LONG DT @ 2598: 0.065765907303623
INFO - [G] LONG DT @ 2598: 0.054639585842649
INFO - [G] LONG DT @ 2601: 0.077304689655113
INFO - [G] LONG DT @ 2601: 0.064389831724047
INFO - [G] LONG DT @ 2601: 0.053538685379411
INFO - [G] LONG DT @ 2605: 0.070313976390542
INFO - [G] LONG DT @ 2605: 0.058100501112544
INFO - [G] LONG DT @ 2608: 0.08048624007009
INFO - [G] LONG DT @ 2608: 0.066394972056176
INFO - [G] LONG DT @ 2608: 0.055149237644675
INFO - [G] LONG DT @ 2609: 0.076661817461248
INFO - [G] LONG DT @ 2609: 0.063696533969112
INFO - [G] LONG DT @ 2609: 0.053154787174984
INFO - [G] LONG DT @ 2613: 0.080386621847369
INFO - [G] LONG DT @ 2613: 0.067193237478069
INFO - [G] LONG DT @ 2613: 0.056396009982237
INFO - [G] LONG DT @ 2617: 0.078497053693956
INFO - [G] LONG DT @ 2617: 0.064900362955204
INFO - [G] LONG DT @ 2617: 0.053932350363997
INFO - [G] LONG DT @ 2620: 0.077466048916634
INFO - [G] LONG DT @ 2620: 0.064457759133222
INFO - [G] LONG DT @ 2620: 0.053787407306563
INFO - [G] LONG DT @ 2624: 0.078097147765277
INFO - [G] LONG DT @ 2624: 0.064675258212128
INFO - [G] LONG DT @ 2624: 0.053631186569801
INFO - [G] LONG DT @ 2628: 0.078951649015163
INFO - [G] LONG DT @ 2628: 0.065529259212243
INFO - [G] LONG DT @ 2628: 0.054762707369743
INFO - [G] LONG DT @ 2632: 0.073360958028481
INFO - [G] LONG DT @ 2632: 0.062687646422711
INFO - [G] LONG DT @ 2632: 0.052140137138254
INFO - [G] LONG DT @ 2636: 0.074868375052744
INFO - [G] LONG DT @ 2636: 0.064119640041963
INFO - [G] LONG DT @ 2636: 0.05327929203373
INFO - [G] LONG DT @ 2640: 0.067124495557244
INFO - [G] LONG DT @ 2640: 0.05601445644591
INFO - [G] LONG DT @ 2645: 0.068570723418913
INFO - [G] LONG DT @ 2645: 0.056722198734938
INFO - [G] LONG DT @ 2649: 0.070937574879833
INFO - [G] LONG DT @ 2649: 0.058604539903977
INFO - [G] LONG DT @ 2653: 0.072689356615787
INFO - [G] LONG DT @ 2653: 0.062270725292629
INFO - [G] LONG DT @ 2653: 0.052211200234372
INFO - [G] LONG DT @ 2657: 0.075293058167414
INFO - [G] LONG DT @ 2657: 0.064774406533897
INFO - [G] LONG DT @ 2657: 0.056675005227087
INFO - [G] LONG DT @ 2661: 0.073565495436131
INFO - [G] LONG DT @ 2661: 0.063180476348955
INFO - [G] LONG DT @ 2661: 0.053209501078965
INFO - [G] LONG DT @ 2665: 0.065952335142644
INFO - [G] LONG DT @ 2665: 0.055513128113901
INFO - [G] LONG DT @ 2670: 0.068104271862181
INFO - [G] LONG DT @ 2670: 0.056516917489488
INFO - [G] LONG DT @ 2673: 0.078823906140806
INFO - [G] LONG DT @ 2673: 0.065489604912756
INFO - [G] LONG DT @ 2673: 0.054441703929865
INFO - [G] LONG DT @ 2677: 0.079118694353634
INFO - [G] LONG DT @ 2677: 0.068108895483074
INFO - [G] LONG DT @ 2677: 0.056972456386299
INFO - [G] LONG DT @ 2681: 0.080072385109565
INFO - [G] LONG DT @ 2681: 0.066630288087417
INFO - [G] LONG DT @ 2681: 0.057419530470127
INFO - [G] LONG DT @ 2684: 0.081565310189226
INFO - [G] LONG DT @ 2685: 0.06726954815146
INFO - [G] LONG DT @ 2685: 0.055642018521225
INFO - [G] LONG DT @ 2688: 0.077969583219182
INFO - [G] LONG DT @ 2688: 0.06670792657521
INFO - [G] LONG DT @ 2688: 0.055465081260461
INFO - [G] LONG DT @ 2692: 0.07969360020095
INFO - [G] LONG DT @ 2692: 0.069260460160714
INFO - [G] LONG DT @ 2692: 0.057566328128684
INFO - [G] LONG DT @ 2696: 0.076363702785598
INFO - [G] LONG DT @ 2696: 0.065077062228226
INFO - [G] LONG DT @ 2696: 0.056226269782518
INFO - [G] LONG DT @ 2699: 0.076560229212166
INFO - [G] LONG DT @ 2700: 0.066571023369741
INFO - [G] LONG DT @ 2700: 0.055332098696073
INFO - [G] LONG DT @ 2703: 0.076239703256137
INFO - [G] LONG DT @ 2703: 0.063746502605001
INFO - [G] LONG DT @ 2703: 0.053366482083767
INFO - [G] LONG DT @ 2707: 0.076088113923895
INFO - [G] LONG DT @ 2707: 0.06536819113889
INFO - [G] LONG DT @ 2707: 0.054834652911373
INFO - [G] LONG DT @ 2711: 0.077164435397493
INFO - [G] LONG DT @ 2711: 0.066042308318221
INFO - [G] LONG DT @ 2711: 0.055211666654614
INFO - [G] LONG DT @ 2715: 0.077924098008472
INFO - [G] LONG DT @ 2715: 0.064625118407109
INFO - [G] LONG DT @ 2715: 0.053833374725595
INFO - [G] LONG DT @ 2718: 0.077884126237526
INFO - [G] LONG DT @ 2718: 0.064881860990015
INFO - [G] LONG DT @ 2718: 0.054342348791955
INFO - [G] LONG DT @ 2722: 0.077253293451873
INFO - [G] LONG DT @ 2722: 0.063828994761444
INFO - [G] LONG DT @ 2722: 0.052868755809294
INFO - [G] LONG DT @ 2726: 0.07340228138486
INFO - [G] LONG DT @ 2726: 0.062902985107896
INFO - [G] LONG DT @ 2726: 0.052390348086521
INFO - [G] LONG DT @ 2730: 0.074662139193297
INFO - [G] LONG DT @ 2730: 0.06372133135458
INFO - [G] LONG DT @ 2730: 0.052903485083682
INFO - [G] LONG DT @ 2734: 0.072947596969965
INFO - [G] LONG DT @ 2734: 0.060489377576082
INFO - [G] LONG DT @ 2734: 0.053429802061026
INFO - [G] LONG DT @ 2737: 0.076276153451284
INFO - [G] LONG DT @ 2737: 0.065338202761059
INFO - [G] LONG DT @ 2738: 0.05445196220882
INFO - [G] LONG DT @ 2742: 0.076073238656462
INFO - [G] LONG DT @ 2742: 0.063592750925351
INFO - [G] LONG DT @ 2742: 0.052805900740122
INFO - [G] LONG DT @ 2746: 0.069830630456202
INFO - [G] LONG DT @ 2746: 0.05796664436495
INFO - [G] LONG DT @ 2750: 0.068739356406748
INFO - [G] LONG DT @ 2750: 0.056968365125473
INFO - [G] LONG DT @ 2754: 0.072600973947099
INFO - [G] LONG DT @ 2754: 0.062753879157534
INFO - [G] LONG DT @ 2754: 0.052191563325875
INFO - [G] LONG DT @ 2758: 0.06959705941034
INFO - [G] LONG DT @ 2758: 0.057477347528173
INFO - [G] LONG DT @ 2762: 0.067815942276802
INFO - [G] LONG DT @ 2762: 0.05643609382127
INFO - [G] LONG DT @ 2766: 0.065818149811023
INFO - [G] LONG DT @ 2767: 0.054533679848771
INFO - [G] LONG DT @ 2771: 0.073726164838196
INFO - [G] LONG DT @ 2771: 0.063055971870509
INFO - [G] LONG DT @ 2771: 0.053097977496394
INFO - [G] LONG DT @ 2775: 0.075138830230093
INFO - [G] LONG DT @ 2775: 0.063947984184032
INFO - [G] LONG DT @ 2775: 0.053043167347044
INFO - [G] LONG DT @ 2779: 0.067475297004137
INFO - [G] LONG DT @ 2779: 0.056203197603236
INFO - [G] LONG DT @ 2783: 0.070012141612919
INFO - [G] LONG DT @ 2783: 0.058465533290221
INFO - [G] LONG DT @ 2787: 0.077705939367539
INFO - [G] LONG DT @ 2787: 0.066579331493897
INFO - [G] LONG DT @ 2787: 0.055670665195134
INFO - [G] LONG DT @ 2790: 0.078896716189138
INFO - [G] LONG DT @ 2790: 0.065212672951239
INFO - [G] LONG DT @ 2790: 0.054507198360982
INFO - [G] LONG DT @ 2793: 0.081036428900605
INFO - [G] LONG DT @ 2794: 0.068957843120485
INFO - [G] LONG DT @ 2794: 0.057422894496141
INFO - [G] LONG DT @ 2797: 0.080478657376921
INFO - [G] LONG DT @ 2797: 0.068843585901577
INFO - [G] LONG DT @ 2797: 0.057512868721155
INFO - [G] LONG DT @ 2797: 0.050509434977113
INFO - [G] LONG DT @ 2800: 0.079306925202371
INFO - [G] LONG DT @ 2801: 0.068518000161688
INFO - [G] LONG DT @ 2801: 0.057294980129325
INFO - [G] LONG DT @ 2804: 0.079871427661307
INFO - [G] LONG DT @ 2804: 0.066006142128882
INFO - [G] LONG DT @ 2804: 0.054812893703159
INFO - [G] LONG DT @ 2808: 0.077005579832226
INFO - [G] LONG DT @ 2808: 0.063848363865811
INFO - [G] LONG DT @ 2808: 0.05308973109272
INFO - [G] LONG DT @ 2811: 0.07955248270111
INFO - [G] LONG DT @ 2811: 0.067457726161097
INFO - [G] LONG DT @ 2811: 0.056551700928653
INFO - [G] LONG DT @ 2815: 0.080068191547861
INFO - [G] LONG DT @ 2815: 0.066356693238318
INFO - [G] LONG DT @ 2815: 0.055393434590802
INFO - [G] LONG DT @ 2819: 0.080215821420359
INFO - [G] LONG DT @ 2819: 0.1
INFO - [G] LONG DT @ 2819: 0.082408400000058
INFO - [G] LONG DT @ 2819: 0.068248360000129
INFO - [G] LONG DT @ 2819: 0.056801548000137
INFO - [G] LONG DT @ 2822: 0.080146016558908
INFO - [G] LONG DT @ 2822: 0.069160933246856
INFO - [G] LONG DT @ 2822: 0.057682186597782
INFO - [G] LONG DT @ 2826: 0.080014965530252
INFO - [G] LONG DT @ 2826: 0.066254132424079
INFO - [G] LONG DT @ 2826: 0.05549020593934
INFO - [G] LONG DT @ 2830: 0.079152605998119
INFO - [G] LONG DT @ 2830: 0.066000144798239
INFO - [G] LONG DT @ 2830: 0.055242795838831
INFO - [G] LONG DT @ 2834: 0.079402291315714
INFO - [G] LONG DT @ 2834: 0.065763893052779
INFO - [G] LONG DT @ 2834: 0.054889614441961
INFO - [G] LONG DT @ 2837: 0.079138037756519
INFO - [G] LONG DT @ 2837: 0.065627910205272
INFO - [G] LONG DT @ 2837: 0.054783708164058
INFO - [G] LONG DT @ 2841: 0.078169973269209
INFO - [G] LONG DT @ 2841: 0.068290998615291
INFO - [G] LONG DT @ 2841: 0.057169558892163
INFO - [G] LONG DT @ 2845: 0.083081513514317
INFO - [G] LONG DT @ 2845: 0.068916930811407
INFO - [G] LONG DT @ 2845: 0.057636024649238
INFO - [G] LONG DT @ 2848: 0.077424414185845
INFO - [G] LONG DT @ 2849: 0.064149031348703
INFO - [G] LONG DT @ 2849: 0.053536805078668
INFO - [G] LONG DT @ 2853: 0.077291379960241
INFO - [G] LONG DT @ 2853: 0.065379703967947
INFO - [G] LONG DT @ 2853: 0.05617104317448
INFO - [G] LONG DT @ 2857: 0.078901597439494
INFO - [G] LONG DT @ 2857: 0.065415797951445
INFO - [G] LONG DT @ 2857: 0.055081238361061
INFO - [G] LONG DT @ 2860: 0.076854817905301
INFO - [G] LONG DT @ 2861: 0.064450334324273
INFO - [G] LONG DT @ 2861: 0.054063347459369
INFO - [G] LONG DT @ 2864: 0.077335104016263
INFO - [G] LONG DT @ 2864: 0.064425263213087
INFO - [G] LONG DT @ 2864: 0.05368587057042
INFO - [G] LONG DT @ 2868: 0.077610680472241
INFO - [G] LONG DT @ 2868: 0.064669244377974
INFO - [G] LONG DT @ 2868: 0.054093475502355
INFO - [G] LONG DT @ 2872: 0.077192261194224
INFO - [G] LONG DT @ 2872: 0.06437628895537
INFO - [G] LONG DT @ 2872: 0.053793871164451
INFO - [G] LONG DT @ 2876: 0.080286385722721
INFO - [G] LONG DT @ 2876: 0.066787388578262
INFO - [G] LONG DT @ 2876: 0.05570159086244
INFO - [G] LONG DT @ 2880: 0.07912714769173
INFO - [G] LONG DT @ 2881: 0.068115658153187
INFO - [G] LONG DT @ 2881: 0.057097746522809
INFO - [G] LONG DT @ 2884: 0.079852002888971
INFO - [G] LONG DT @ 2884: 0.066310682311178
INFO - [G] LONG DT @ 2885: 0.055352165848963
INFO - [G] LONG DT @ 2888: 0.077051797870165
INFO - [G] LONG DT @ 2888: 0.064127378296175
INFO - [G] LONG DT @ 2889: 0.053939542637042
INFO - [G] LONG DT @ 2892: 0.078276997583153
INFO - [G] LONG DT @ 2892: 0.065094938066665
INFO - [G] LONG DT @ 2892: 0.054447230453048
INFO - [G] LONG DT @ 2896: 0.084142207499896
INFO - [G] LONG DT @ 2896: 0.071995545999654
INFO - [G] LONG DT @ 2896: 0.060188636799795
INFO - [G] LONG DT @ 2896: 0.050383269440034
INFO - [G] LONG DT @ 2900: 0.079895556013187
INFO - [G] LONG DT @ 2900: 0.066323584810473
INFO - [G] LONG DT @ 2900: 0.055225647848349
INFO - [G] LONG DT @ 2904: 0.076979586833033
INFO - [G] LONG DT @ 2904: 0.065593429466616
INFO - [G] LONG DT @ 2904: 0.054616523573167
INFO - [G] LONG DT @ 2908: 0.077724373543314
INFO - [G] LONG DT @ 2908: 0.064545998834713
INFO - [G] LONG DT @ 2909: 0.054065139067595
INFO - [G] LONG DT @ 2912: 0.078124095397134
INFO - [G] LONG DT @ 2912: 0.064927136317515
INFO - [G] LONG DT @ 2912: 0.054283329054164
INFO - [G] LONG DT @ 2916: 0.079455570086298
INFO - [G] LONG DT @ 2916: 0.068072936069043
INFO - [G] LONG DT @ 2916: 0.056798328855268
INFO - [G] LONG DT @ 2919: 0.080386986229757
INFO - [G] LONG DT @ 2919: 0.066717428983602
INFO - [G] LONG DT @ 2919: 0.055701943187006
INFO - [G] LONG DT @ 2922: 0.080038842107809
INFO - [G] LONG DT @ 2922: 0.068939153686561
INFO - [G] LONG DT @ 2922: 0.058007142949217
INFO - [G] LONG DT @ 2926: 0.083622741012636
INFO - [G] LONG DT @ 2926: 0.071716072810082
INFO - [G] LONG DT @ 2926: 0.062177238248198
INFO - [G] LONG DT @ 2926: 0.052058530598437
INFO - [G] LONG DT @ 2929: 0.08017058037389
INFO - [G] LONG DT @ 2929: 0.066526784299016
INFO - [G] LONG DT @ 2929: 0.055587287439495
INFO - [G] LONG DT @ 2932: 0.081629218436444
INFO - [G] LONG DT @ 2932: 0.067923354749391
INFO - [G] LONG DT @ 2932: 0.056883843799376
INFO - [G] LONG DT @ 2936: 0.080587467333731
INFO - [G] LONG DT @ 2936: 0.067056793866836
INFO - [G] LONG DT @ 2936: 0.055967835093517
INFO - [G] LONG DT @ 2939: 0.082360910868966
INFO - [G] LONG DT @ 2939: 0.071558308694985
INFO - [G] LONG DT @ 2939: 0.060323186956244
INFO - [G] LONG DT @ 2939: 0.051519789564843
INFO - [G] LONG DT @ 2943: 0.085696985023062
INFO - [G] LONG DT @ 2943: 0.078795188018705
INFO - [G] LONG DT @ 2943: 0.06555741041474
INFO - [G] LONG DT @ 2943: 0.05495940833199
INFO - [G] LONG DT @ 2946: 0.082814868686739
INFO - [G] LONG DT @ 2946: 0.068957214949342
INFO - [G] LONG DT @ 2946: 0.058456431959603
INFO - [G] LONG DT @ 2950: 0.084498313160273
INFO - [G] LONG DT @ 2950: 0.070026310528321
INFO - [G] LONG DT @ 2950: 0.058289788422657
INFO - [G] LONG DT @ 2954: 0.081633536563324
INFO - [G] LONG DT @ 2954: 0.068003409250634
INFO - [G] LONG DT @ 2954: 0.056778967400519
INFO - [G] LONG DT @ 2957: 0.079116240519501
INFO - [G] LONG DT @ 2957: 0.065645852415848
INFO - [G] LONG DT @ 2957: 0.054834641932751
INFO - [G] LONG DT @ 2961: 0.081415995606895
INFO - [G] LONG DT @ 2961: 0.069458436485541
INFO - [G] LONG DT @ 2961: 0.058083789188453
INFO - [G] LONG DT @ 2964: 0.080568745261013
INFO - [G] LONG DT @ 2964: 0.069928936208675
INFO - [G] LONG DT @ 2965: 0.058469588966869
INFO - [G] LONG DT @ 2968: 0.080658389013514
INFO - [G] LONG DT @ 2968: 0.067561531210987
INFO - [G] LONG DT @ 2968: 0.056949844968644
INFO - [G] LONG DT @ 2972: 0.08111385961492
INFO - [G] LONG DT @ 2972: 0.067673047691929
INFO - [G] LONG DT @ 2972: 0.056728158153649
INFO - [G] LONG DT @ 2976: 0.082279303853452
INFO - [G] LONG DT @ 2976: 0.068573123082522
INFO - [G] LONG DT @ 2976: 0.057489458466187
INFO - [G] LONG DT @ 2979: 0.081938311063328
INFO - [G] LONG DT @ 2979: 0.067967248850587
INFO - [G] LONG DT @ 2979: 0.056791359080427
INFO - [G] LONG DT @ 2983: 0.082046395871276
INFO - [G] LONG DT @ 2983: 0.067972196696851
INFO - [G] LONG DT @ 2983: 0.056986577357504
INFO - [G] LONG DT @ 2987: 0.080662645085557
INFO - [G] LONG DT @ 2987: 0.06719121606856
INFO - [G] LONG DT @ 2987: 0.056284332854769
INFO - [G] LONG DT @ 2991: 0.079300241681448
INFO - [G] LONG DT @ 2991: 0.066705633345336
INFO - [G] LONG DT @ 2991: 0.057158026676086
INFO - [G] LONG DT @ 2996: 0.076266331381656
INFO - [G] LONG DT @ 2996: 0.063415545105053
INFO - [G] LONG DT @ 2996: 0.053171436084274
INFO - [G] LONG DT @ 3000: 0.07861747592245
INFO - [G] LONG DT @ 3000: 0.065228820738145
INFO - [G] LONG DT @ 3000: 0.054900996590519
INFO - [G] LONG DT @ 3004: 0.079373009218211
INFO - [G] LONG DT @ 3004: 0.067228527374751
INFO - [G] LONG DT @ 3004: 0.056489221899607
INFO - [G] LONG DT @ 3007: 0.078809258084156
INFO - [G] LONG DT @ 3008: 0.067966826467403
INFO - [G] LONG DT @ 3008: 0.056700461173709
INFO - [G] LONG DT @ 3011: 0.083466717080059
INFO - [G] LONG DT @ 3011: 0.071239913664114
INFO - [G] LONG DT @ 3011: 0.059408390931241
INFO - [G] LONG DT @ 3011: 0.050081572745229
INFO - [G] LONG DT @ 3015: 0.078977816071028
INFO - [G] LONG DT @ 3015: 0.065402812856664
INFO - [G] LONG DT @ 3015: 0.054390610285307
INFO - [G] LONG DT @ 3020: 0.077730865901009
INFO - [G] LONG DT @ 3020: 0.06594997272096
INFO - [G] LONG DT @ 3020: 0.055131438176763
INFO - [G] LONG DT @ 3023: 0.08161718102157
INFO - [G] LONG DT @ 3023: 0.068370404817335
INFO - [G] LONG DT @ 3023: 0.057731703853942
INFO - [G] LONG DT @ 3026: 0.081645686942585
INFO - [G] LONG DT @ 3027: 0.067672829553799
INFO - [G] LONG DT @ 3027: 0.056432563643033
INFO - [G] LONG DT @ 3030: 0.088469156030286
INFO - [G] LONG DT @ 3030: 0.073755384823983
INFO - [G] LONG DT @ 3030: 0.062067067859289
INFO - [G] LONG DT @ 3030: 0.052182214287496
INFO - [G] LONG DT @ 3033: 0.081454108398261
INFO - [G] LONG DT @ 3033: 0.067904826718961
INFO - [G] LONG DT @ 3033: 0.057130141374809
INFO - [G] LONG DT @ 3037: 0.083002815445913
INFO - [G] LONG DT @ 3037: 0.071273532356955
INFO - [G] LONG DT @ 3037: 0.059737485885592
INFO - [G] LONG DT @ 3037: 0.05046660870853
INFO - [G] LONG DT @ 3040: 0.084538930695335
INFO - [G] LONG DT @ 3040: 0.070347444556152
INFO - [G] LONG DT @ 3040: 0.058704015644847
INFO - [G] LONG DT @ 3044: 0.082098430333353
INFO - [G] LONG DT @ 3044: 0.068038824266608
INFO - [G] LONG DT @ 3044: 0.056961459413173
INFO - [G] LONG DT @ 3047: 0.081001831926378
INFO - [G] LONG DT @ 3047: 0.067480145540838
INFO - [G] LONG DT @ 3047: 0.056390516432779
INFO - [G] LONG DT @ 3051: 0.086676433785492
INFO - [G] LONG DT @ 3051: 0.071933227028279
INFO - [G] LONG DT @ 3051: 0.060155441622587
INFO - [G] LONG DT @ 3051: 0.050731093297898
INFO - [G] LONG DT @ 3054: 0.085364602538232
INFO - [G] LONG DT @ 3054: 0.071947582030598
INFO - [G] LONG DT @ 3054: 0.060031485624503
INFO - [G] LONG DT @ 3054: 0.050662788499764
INFO - [G] LONG DT @ 3058: 0.084561875648835
INFO - [G] LONG DT @ 3058: 0.070402720518863
INFO - [G] LONG DT @ 3058: 0.060996356415165
INFO - [G] LONG DT @ 3058: 0.051620845132088
INFO - [G] LONG DT @ 3062: 0.080755041504907
INFO - [G] LONG DT @ 3062: 0.068923233204026
INFO - [G] LONG DT @ 3062: 0.057615686563253
INFO - [G] LONG DT @ 3065: 0.082540915547163
INFO - [G] LONG DT @ 3065: 0.068376532437747
INFO - [G] LONG DT @ 3065: 0.057051925950004
INFO - [G] LONG DT @ 3069: 0.08090664559667
INFO - [G] LONG DT @ 3069: 0.067227496477347
INFO - [G] LONG DT @ 3069: 0.056098037181882
INFO - [G] LONG DT @ 3073: 0.082177590265609
INFO - [G] LONG DT @ 3073: 0.068106952212583
INFO - [G] LONG DT @ 3073: 0.057565301769951
INFO - [G] LONG DT @ 3076: 0.081021090963601
INFO - [G] LONG DT @ 3076: 0.06746695277112
INFO - [G] LONG DT @ 3076: 0.056715102216884
INFO - [G] LONG DT @ 3080: 0.079909833886622
INFO - [G] LONG DT @ 3080: 0.068564247109308
INFO - [G] LONG DT @ 3080: 0.057274717687608
INFO - [G] LONG DT @ 3084: 0.082037408431065
INFO - [G] LONG DT @ 3084: 0.070205426744771
INFO - [G] LONG DT @ 3084: 0.058562161395714
INFO - [G] LONG DT @ 3088: 0.079922742541799
INFO - [G] LONG DT @ 3088: 0.066355874033584
INFO - [G] LONG DT @ 3088: 0.055426279226714
INFO - [G] LONG DT @ 3091: 0.080729111110145
INFO - [G] LONG DT @ 3091: 0.070135028888126
INFO - [G] LONG DT @ 3091: 0.058244463110459
INFO - [G] LONG DT @ 3095: 0.080332941671229
INFO - [G] LONG DT @ 3096: 0.066526673337261
INFO - [G] LONG DT @ 3096: 0.055395778669535
INFO - [G] LONG DT @ 3099: 0.0800835353373
INFO - [G] LONG DT @ 3099: 0.066449708269844
INFO - [G] LONG DT @ 3099: 0.055360366615799
INFO - [G] LONG DT @ 3103: 0.080427856044754
INFO - [G] LONG DT @ 3103: 0.070232704835727
INFO - [G] LONG DT @ 3103: 0.058788963868604
INFO - [G] LONG DT @ 3107: 0.080978432192957
INFO - [G] LONG DT @ 3107: 0.067312225754523
INFO - [G] LONG DT @ 3107: 0.056663180603632
INFO - [G] LONG DT @ 3110: 0.08007877842646
INFO - [G] LONG DT @ 3111: 0.069585282741166
INFO - [G] LONG DT @ 3111: 0.058081126192696
INFO - [G] LONG DT @ 3114: 0.082879577882832
INFO - [G] LONG DT @ 3114: 0.069292742306309
INFO - [G] LONG DT @ 3114: 0.057586053844914
INFO - [G] LONG DT @ 3118: 0.080444019524925
INFO - [G] LONG DT @ 3118: 0.066952795619869
INFO - [G] LONG DT @ 3118: 0.055886876495901
INFO - [G] LONG DT @ 3122: 0.080825572113826
INFO - [G] LONG DT @ 3122: 0.067230457691257
INFO - [G] LONG DT @ 3122: 0.056215086152762
INFO - [G] LONG DT @ 3126: 0.079476309378905
INFO - [G] LONG DT @ 3126: 0.06825180750335
INFO - [G] LONG DT @ 3126: 0.058787386002341
INFO - [G] LONG DT @ 3130: 0.079017283256835
INFO - [G] LONG DT @ 3130: 0.065421426605579
INFO - [G] LONG DT @ 3130: 0.054477401284405
INFO - [G] LONG DT @ 3134: 0.076804772722924
INFO - [G] LONG DT @ 3134: 0.063768418178405
INFO - [G] LONG DT @ 3134: 0.053236434542515
INFO - [G] LONG DT @ 3138: 0.079555709588014
INFO - [G] LONG DT @ 3138: 0.066210267670243
INFO - [G] LONG DT @ 3138: 0.055260054136374
INFO - [G] LONG DT @ 3142: 0.075030791078536
INFO - [G] LONG DT @ 3142: 0.062817492862874
INFO - [G] LONG DT @ 3143: 0.05279487428995
INFO - [G] LONG DT @ 3146: 0.079709913114823
INFO - [G] LONG DT @ 3146: 0.069027330491927
INFO - [G] LONG DT @ 3146: 0.057626604393743
INFO - [G] LONG DT @ 3150: 0.079508927668263
INFO - [G] LONG DT @ 3150: 0.066381462134636
INFO - [G] LONG DT @ 3150: 0.055371889707607
INFO - [G] LONG DT @ 3154: 0.080838061134153
INFO - [G] LONG DT @ 3154: 0.067381128907341
INFO - [G] LONG DT @ 3154: 0.056718043125725
INFO - [G] LONG DT @ 3158: 0.081709454745716
INFO - [G] LONG DT @ 3158: 0.067662843796753
INFO - [G] LONG DT @ 3158: 0.056508915037136
INFO - [G] LONG DT @ 3163: 0.075662883673521
INFO - [G] LONG DT @ 3163: 0.062928706938764
INFO - [G] LONG DT @ 3163: 0.052566185551098
INFO - [G] LONG DT @ 3166: 0.079297397295611
INFO - [G] LONG DT @ 3167: 0.066584057836297
INFO - [G] LONG DT @ 3167: 0.055767206269242
INFO - [G] LONG DT @ 3170: 0.083834603163919
INFO - [G] LONG DT @ 3170: 0.070189262530923
INFO - [G] LONG DT @ 3170: 0.059368330025079
INFO - [G] LONG DT @ 3170: 0.050742544020044
INFO - [G] LONG DT @ 3173: 0.083613996765789
INFO - [G] LONG DT @ 3173: 0.06954989741266
INFO - [G] LONG DT @ 3173: 0.058155697930013
INFO - [G] LONG DT @ 3176: 0.084230644931476
INFO - [G] LONG DT @ 3176: 0.070244815945065
INFO - [G] LONG DT @ 3177: 0.059008272755879
INFO - [G] LONG DT @ 3177: 0.050050378204881
INFO - [G] LONG DT @ 3180: 0.085038810943829
INFO - [G] LONG DT @ 3180: 0.073068488755223
INFO - [G] LONG DT @ 3180: 0.060994631004278
INFO - [G] LONG DT @ 3180: 0.05127870480327
INFO - [G] LONG DT @ 3183: 0.083390656892692
INFO - [G] LONG DT @ 3183: 0.069440465514267
INFO - [G] LONG DT @ 3183: 0.058476172411331
INFO - [G] LONG DT @ 3187: 0.085252658133206
INFO - [G] LONG DT @ 3187: 0.071527786506538
INFO - [G] LONG DT @ 3187: 0.059729189204895
INFO - [G] LONG DT @ 3187: 0.050036331363964
INFO - [G] LONG DT @ 3190: 0.084549165966615
INFO - [G] LONG DT @ 3190: 0.070072612773261
INFO - [G] LONG DT @ 3191: 0.058629830218593
INFO - [G] LONG DT @ 3194: 0.083972408139545
INFO - [G] LONG DT @ 3194: 0.072365826511873
INFO - [G] LONG DT @ 3194: 0.061940541209279
INFO - [G] LONG DT @ 3194: 0.052346572967392
INFO - [G] LONG DT @ 3197: 0.08585558055936
INFO - [G] LONG DT @ 3197: 0.071248084447489
INFO - [G] LONG DT @ 3197: 0.059599447557979
INFO - [G] LONG DT @ 3197: 0.050142058046203
INFO - [G] LONG DT @ 3201: 0.086153354140578
INFO - [G] LONG DT @ 3201: 0.073566403312703
INFO - [G] LONG DT @ 3201: 0.061380082650049
INFO - [G] LONG DT @ 3201: 0.051717266119944
INFO - [G] LONG DT @ 3204: 0.083411301927427
INFO - [G] LONG DT @ 3204: 0.070114221541837
INFO - [G] LONG DT @ 3204: 0.059234657233692
INFO - [G] LONG DT @ 3208: 0.081229378916704
INFO - [G] LONG DT @ 3208: 0.06997452313367
INFO - [G] LONG DT @ 3208: 0.058310098506664
INFO - [G] LONG DT @ 3212: 0.08810803652522
INFO - [G] LONG DT @ 3212: 0.073907449220491
INFO - [G] LONG DT @ 3212: 0.06253463937624
INFO - [G] LONG DT @ 3212: 0.05311149150108
INFO - [G] LONG DT @ 3215: 0.081461858080212
INFO - [G] LONG DT @ 3215: 0.068636006464244
INFO - [G] LONG DT @ 3215: 0.057878805171309
INFO - [G] LONG DT @ 3218: 0.084284810426294
INFO - [G] LONG DT @ 3218: 0.070021408341276
INFO - [G] LONG DT @ 3218: 0.058547886672739
INFO - [G] LONG DT @ 3221: 0.086233441444928
INFO - [G] LONG DT @ 3221: 0.072804453155796
INFO - [G] LONG DT @ 3221: 0.060868242524645
INFO - [G] LONG DT @ 3222: 0.051390954019834
INFO - [G] LONG DT @ 3225: 0.081556075282701
INFO - [G] LONG DT @ 3225: 0.068037560226443
INFO - [G] LONG DT @ 3225: 0.057207568180808
INFO - [G] LONG DT @ 3229: 0.081526880438228
INFO - [G] LONG DT @ 3229: 0.067513744350534
INFO - [G] LONG DT @ 3229: 0.056206255480435
INFO - [G] LONG DT @ 3233: 0.080334463106206
INFO - [G] LONG DT @ 3233: 0.069169690485007
INFO - [G] LONG DT @ 3233: 0.057813392388148
INFO - [G] LONG DT @ 3236: 0.080711404588674
INFO - [G] LONG DT @ 3237: 0.06851332367069
INFO - [G] LONG DT @ 3237: 0.057084278936603
INFO - [G] LONG DT @ 3240: 0.085545767191529
INFO - [G] LONG DT @ 3240: 0.070800513753133
INFO - [G] LONG DT @ 3240: 0.059114511002615
INFO - [G] LONG DT @ 3244: 0.079322002085276
INFO - [G] LONG DT @ 3245: 0.066129821668243
INFO - [G] LONG DT @ 3245: 0.055602157334569
INFO - [G] LONG DT @ 3248: 0.081674771837434
INFO - [G] LONG DT @ 3248: 0.069331577470228
INFO - [G] LONG DT @ 3249: 0.057792961976206
INFO - [G] LONG DT @ 3252: 0.080902979979285
INFO - [G] LONG DT @ 3252: 0.067157303983151
INFO - [G] LONG DT @ 3252: 0.056356183186699
INFO - [G] LONG DT @ 3256: 0.082706398067845
INFO - [G] LONG DT @ 3256: 0.069443178454142
INFO - [G] LONG DT @ 3256: 0.058938282763522
INFO - [G] LONG DT @ 3260: 0.079968674533492
INFO - [G] LONG DT @ 3260: 0.066605319626912
INFO - [G] LONG DT @ 3260: 0.055551935701462
INFO - [G] LONG DT @ 3264: 0.078803123758396
INFO - [G] LONG DT @ 3264: 0.06533703900672
INFO - [G] LONG DT @ 3264: 0.054630611205242
INFO - [G] LONG DT @ 3268: 0.082825855468611
INFO - [G] LONG DT @ 3268: 0.068935184374809
INFO - [G] LONG DT @ 3268: 0.058099547500013
INFO - [G] LONG DT @ 3272: 0.080374158655587
INFO - [G] LONG DT @ 3272: 0.066552246924425
INFO - [G] LONG DT @ 3272: 0.055478757539476
INFO - [G] LONG DT @ 3276: 0.079855571185243
INFO - [G] LONG DT @ 3276: 0.066350916948336
INFO - [G] LONG DT @ 3276: 0.055529653558766
INFO - [G] LONG DT @ 3280: 0.080564000454319
INFO - [G] LONG DT @ 3280: 0.06778944036354
INFO - [G] LONG DT @ 3280: 0.057336712290736
INFO - [G] LONG DT @ 3284: 0.08267856231018
INFO - [G] LONG DT @ 3284: 0.07082158984838
INFO - [G] LONG DT @ 3284: 0.058929531878585
INFO - [G] LONG DT @ 3288: 0.082594938172799
INFO - [G] LONG DT @ 3288: 0.071160510538125
INFO - [G] LONG DT @ 3288: 0.059714208430629
INFO - [G] LONG DT @ 3288: 0.050251706744469
INFO - [G] LONG DT @ 3292: 0.080949760353323
INFO - [G] LONG DT @ 3292: 0.067021788282479
INFO - [G] LONG DT @ 3292: 0.055746750626296
INFO - [G] LONG DT @ 3296: 0.083480693996239
INFO - [G] LONG DT @ 3296: 0.069348035197018
INFO - [G] LONG DT @ 3296: 0.057728748157781
INFO - [G] LONG DT @ 3300: 0.082657129646707
INFO - [G] LONG DT @ 3300: 0.069911143717139
INFO - [G] LONG DT @ 3300: 0.058568154973992
INFO - [G] LONG DT @ 3303: 0.082762608564253
INFO - [G] LONG DT @ 3303: 0.069736486851594
INFO - [G] LONG DT @ 3303: 0.058002249481124
INFO - [G] LONG DT @ 3307: 0.084842717942989
INFO - [G] LONG DT @ 3307: 0.070423054354204
INFO - [G] LONG DT @ 3307: 0.059649763483648
INFO - [G] LONG DT @ 3307: 0.050075670786725
INFO - [G] LONG DT @ 3311: 0.079660097620099
INFO - [G] LONG DT @ 3311: 0.066404358096093
INFO - [G] LONG DT @ 3311: 0.055443386476804
INFO - [G] LONG DT @ 3315: 0.079317238005319
INFO - [G] LONG DT @ 3315: 0.065694890404429
INFO - [G] LONG DT @ 3315: 0.054582212323395
INFO - [G] LONG DT @ 3320: 0.077559412984385
INFO - [G] LONG DT @ 3320: 0.064311470387338
INFO - [G] LONG DT @ 3320: 0.053443136310125
INFO - [G] LONG DT @ 3322: 0.087669009782049
INFO - [G] LONG DT @ 12: 0.07242988782598
INFO - [G] LONG DT @ 12: 0.058220730260783
