INFO - [♥] Lovely 0.7.1
INFO - [♥] Game directory is at "C:\\Program Files (x86)\\Steam\\steamapps\\common\\Balatro"
INFO - [♥] Writing logs to "C:\\Users\\Administrator\\AppData\\Roaming\\Balatro\\Mods\\lovely\\log"
INFO - [♥] Using mod directory at "C:\\Users\\Administrator\\AppData\\Roaming\\Balatro\\Mods"
INFO - [♥] Found .lovelyignore in 'SakashimaJoker', skipping it.
INFO - [♥] Cleaning up dumps directory at "C:\\Users\\Administrator\\AppData\\Roaming\\Balatro\\Mods\\lovely\\dump"
INFO - [♥] Initialization complete in 20ms
INFO - [♥] Applied 13 patches to 'main.lua'
INFO - [♥] Applied 6 patches to 'engine/controller.lua'
INFO - [♥] Applied 14 patches to 'back.lua'
INFO - [♥] Applied 7 patches to 'tag.lua'
INFO - [♥] Applied 2 patches to 'engine/moveable.lua'
INFO - [♥] Applied 2 patches to 'engine/sprite.lua'
INFO - [♥] Applied 2 patches to 'engine/animatedsprite.lua'
INFO - [♥] Applied 45 patches to 'functions/misc_functions.lua'
INFO - [♥] Applied 30 patches to 'game.lua'
INFO - [♥] Applied 1 patch to 'globals.lua'
INFO - [♥] Applied 4 patches to 'engine/ui.lua'
INFO - [♥] Applied 73 patches to 'functions/UI_definitions.lua'
INFO - [♥] Applied 40 patches to 'functions/state_events.lua'
INFO - [♥] Applied 88 patches to 'functions/common_events.lua'
INFO - [♥] Applied 39 patches to 'functions/button_callbacks.lua'
INFO - [♥] Applied 144 patches to 'card.lua'
INFO - [♥] Applied 7 patches to 'cardarea.lua'
INFO - [♥] Applied 31 patches to 'blind.lua'
INFO - [♥] Applied 3 patches to 'engine/text.lua'
INFO - [G] Failed to connect to the debug server
INFO - [G] 2025-03-07 18:42:17 :: DEBUG :: DebugConsole :: Steamodded Debug Socket started !
INFO - [♥] Applied 10 patches to 'engine/sound_manager.lua'
INFO - [♥] Applied 1 patch to 'engine/save_manager.lua'
INFO - [G] 2025-03-07 18:42:18 :: ERROR :: Loader :: Found invalid metadata JSON file at C:\Users\Administrator\AppData\Roaming\Balatro\Mods/.vscode/settings.json, ignoring: [SMODS _ "src/loader.lua"]:226: id
INFO - [G] 2025-03-07 18:42:18 :: INFO  :: DefaultLogger :: Valid JSON file found
INFO - [G] 2025-03-07 18:42:18 :: ERROR :: Loader :: Found invalid metadata JSON file at C:\Users\Administrator\AppData\Roaming\Balatro\Mods/Aura/.vscode/settings.json, ignoring: [SMODS _ "src/loader.lua"]:226: id
INFO - [G] 2025-03-07 18:42:18 :: TRACE :: Loader :: Processing Mod file (Legacy header): Aura.lua
INFO - [G] 2025-03-07 18:42:18 :: TRACE :: Loader :: Saving Mod Info: Aura
INFO - [G] 2025-03-07 18:42:18 :: TRACE :: Loader :: Processing Mod file (Legacy header): PreorderCards.lua
INFO - [G] 2025-03-07 18:42:18 :: TRACE :: Loader :: Saving Mod Info: preorder_cards
INFO - [G] 2025-03-07 18:42:18 :: INFO  :: DefaultLogger :: Valid JSON file found
INFO - [G] 2025-03-07 18:42:18 :: INFO  :: DefaultLogger :: Valid JSON file found
INFO - [G] 2025-03-07 18:42:18 :: TRACE :: Loader :: Processing Mod file (Legacy header): HentaiCards.lua
INFO - [G] 2025-03-07 18:42:18 :: WARN  :: Loader :: Duplicate Mod ID: HentaiCards
INFO - [G] 2025-03-07 18:42:18 :: TRACE :: Loader :: Processing Mod file (Legacy header): SakashimaJoker.lua
INFO - [G] 2025-03-07 18:42:18 :: TRACE :: Loader :: Saving Mod Info: SakashimaJoker
INFO - [G] 2025-03-07 18:42:18 :: INFO  :: DefaultLogger :: Valid JSON file found
INFO - [G] 2025-03-07 18:42:18 :: TRACE :: Loader :: Processing Mod file (Legacy header): VintagePinupCards.lua
INFO - [G] 2025-03-07 18:42:18 :: TRACE :: Loader :: Saving Mod Info: VintagePinupCards
INFO - [G] 2025-03-07 18:42:18 :: WARN  :: DeckSkin :: Old DeckSkin formatting detected on DeckSkin lust_LuckHearts!
INFO - [G] 2025-03-07 18:42:18 :: WARN  :: DeckSkin :: Old DeckSkin formatting detected on DeckSkin lust_LuckClubs!
INFO - [G] 2025-03-07 18:42:18 :: WARN  :: DeckSkin :: Old DeckSkin formatting detected on DeckSkin lust_LuckDiamonds!
INFO - [G] 2025-03-07 18:42:18 :: WARN  :: DeckSkin :: Old DeckSkin formatting detected on DeckSkin lust_LuckSpades!
INFO - [G] Picture dimensions: 138 x 186
INFO - [G] Number of animation frames: 8
INFO - [G] Comment inside this GIF: Created with Paint.NET
INFO - [G] Picture dimensions: 138 x 186
INFO - [G] Number of animation frames: 1
INFO - [G] Comment inside this GIF: NO_COMMENT
INFO - [G] Picture dimensions: 138 x 186
INFO - [G] Number of animation frames: 9
INFO - [G] Comment inside this GIF: Created with Paint.NET
INFO - [G] 2025-03-07 18:42:18 :: WARN  :: Atlas :: Object centers has the same key as an existing object, not registering.
INFO - [G] 2025-03-07 18:42:18 :: WARN  :: Atlas :: If you want to modify an existing object, use take_ownership()
INFO - [G] soul_atlas
INFO - [G] 2025-03-07 18:42:18 :: TRACE :: Loader :: Mod SakashimaJoker was unable to load: 
INFO - [G] 2025-03-07 18:42:18 :: INFO  :: TIMER :: [0000] Injected Language in 0.001 ms
INFO - [G] 2025-03-07 18:42:18 :: INFO  :: TIMER :: [0000] Injected [INTERNAL] in 0.976 ms
INFO - [G] mod_tags
INFO - [G] achievements
INFO - [G] lust_AltVersions
INFO - [G] Joker
INFO - [G] centers
INFO - [G] lust_editions
INFO - [G] lust_LustTarot
INFO - [G] Booster
INFO - [G] stickers
INFO - [G] shop_sign
INFO - [G] balatro
INFO - [G] lust_modicon
INFO - [G] BalustroIcons
INFO - [G] lust_BalustroPlayingCards
INFO - [G] lust_LuckPlayingCardsLC
INFO - [G] lust_LuckPlayingCardsHC
INFO - [G] bull_wide_card
INFO - [G] aura_j_faceless
INFO - [G] aura_j_seance
INFO - [G] aura_j_juggler
INFO - [G] aura_c_hearts
INFO - [G] aura_c_diamonds
INFO - [G] aura_c_clubs
INFO - [G] aura_c_spades
INFO - [G] aura_goon_icon_heart
INFO - [G] aura_goon_icon_diamond
INFO - [G] aura_goon_icon_club
INFO - [G] aura_goon_icon_spade
INFO - [G] FHC_hentai_cards_deck_lc
INFO - [G] FHC_hentai_cards_deck_hc
INFO - [G] Tarot
INFO - [G] Planet
INFO - [G] Spectral
INFO - [G] soul_atlas
INFO - [G] StickfaceNSFW_8BitDeck_opt2
INFO - [G] StickfaceNSFW_8BitDeck
INFO - [G] StickfaceNSFW_icon_lc
INFO - [G] StickfaceNSFW_icon_hc
INFO - [G] vintage_pinup_cards
INFO - [G] 2025-03-07 18:42:19 :: INFO  :: TIMER :: [0039] Injected Atlas in 1078.411 ms
INFO - [G] 2025-03-07 18:42:19 :: INFO  :: TIMER :: [0053] Injected Sound in 4.094 ms
INFO - [G] 2025-03-07 18:42:19 :: INFO  :: TIMER :: [0008] Injected Stake in 0.156 ms
INFO - [G] 2025-03-07 18:42:19 :: INFO  :: TIMER :: [0004] Injected Rarity in 0.017 ms
INFO - [G] 2025-03-07 18:42:19 :: INFO  :: TIMER :: [0004] Injected ObjectType in 0.033 ms
INFO - [G] 2025-03-07 18:42:19 :: INFO  :: TIMER :: [0212] Injected Center in 2.624 ms
INFO - [G] 2025-03-07 18:42:19 :: INFO  :: TIMER :: [0007] Injected Undiscovered Sprite in 0.013 ms
INFO - [G] 2025-03-07 18:42:19 :: INFO  :: TIMER :: [0002] Injected Blind in 0.033 ms
INFO - [G] 2025-03-07 18:42:19 :: INFO  :: TIMER :: [0004] Injected Seal in 0.553 ms
INFO - [G] 2025-03-07 18:42:19 :: INFO  :: TIMER :: [0004] Injected Suit in 0.056 ms
INFO - [G] 2025-03-07 18:42:19 :: INFO  :: TIMER :: [0013] Injected Rank in 0.082 ms
INFO - [G] 2025-03-07 18:42:19 :: INFO  :: TIMER :: [0052] Injected DeckSkin in 0.374 ms
INFO - [G] 2025-03-07 18:42:19 :: INFO  :: TIMER :: [0012] Injected PokerHand in 0.070 ms
INFO - [G] 2025-03-07 18:42:19 :: INFO  :: TIMER :: [0020] Injected Challenge in 0.029 ms
INFO - [G] 2025-03-07 18:42:19 :: INFO  :: TIMER :: [0000] Injected Tag in 0.002 ms
INFO - [G] 2025-03-07 18:42:19 :: INFO  :: TIMER :: [0004] Injected Sticker in 0.106 ms
INFO - [G] 2025-03-07 18:42:19 :: INFO  :: TIMER :: [0000] Injected Shader in 0.001 ms
INFO - [G] 2025-03-07 18:42:19 :: INFO  :: TIMER :: [0001] Injected Keybind in 0.014 ms
INFO - [G] 2025-03-07 18:42:20 :: INFO  :: TIMER :: [0000] Injected Achievement in 0.022 ms
INFO - [G] 2025-03-07 18:42:20 :: INFO  :: TIMER :: [0000] Injected [INTERNAL] in 1.894 ms
INFO - [G] 10.1
INFO - [G] 10.2
INFO - [G] 10.3
INFO - [G] 10.4
INFO - [G] 10.5
INFO - [G] 10.6
INFO - [G] 10.7
INFO - [G] 10.8
INFO - [G] 10.9
INFO - [G] 11
INFO - [G] 11.1
INFO - [G] 11.2
INFO - [G] 11.3
INFO - [G] 11.4
INFO - [G] 11.5
INFO - [G] 11.6
INFO - [G] 11.7
INFO - [G] 11.8
INFO - [G] 11.9
INFO - [G] 12
INFO - [G] 12.1
INFO - [G] 12.2
INFO - [G] line not found
INFO - [G] file not found: main.lua: No such file or directory
INFO - [G] file not found: main.lua: No such file or directory
INFO - [G] file not found: functions/misc_functions.lua: No such file or directory
INFO - [G] file not found: functions/UI_definitions.lua: No such file or directory
INFO - [G] file not found: functions/button_callbacks.lua: No such file or directory
INFO - [G] file not found: functions/button_callbacks.lua: No such file or directory
INFO - [G] file not found: main.lua: No such file or directory
INFO - [G] file not found: main.lua: No such file or directory
INFO - [G] 2025-03-07 18:42:41 :: ERROR :: StackTrace :: Oops! The game crashed
[SMODS 0Bullitro "0Bullitro.lua"]:66: Value is not a number!
Stack Traceback
===============
(1) Lua local 'handler' at file 'main.lua:612'
	Local variables:
	 msg = string: "[SMODS 0Bullitro \"0Bullitro.lua\"]:66: Value is not a number!"
	 (*temporary) = Lua function '?' (defined at line 31 of chunk [SMODS _ "src/logging.lua"])
	 (*temporary) = string: "Oops! The game crashed\
"
(2) LÖVE function at file 'boot.lua:352' (best guess)
	Local variables:
	 errhand = Lua function '?' (defined at line 598 of chunk main.lua)
	 handler = Lua function '?' (defined at line 598 of chunk main.lua)
(3) global C function 'assert'
(4) Lua method 'new' at file '0Bullitro.lua:66' (from mod with id 0Bullitro)
	Local variables:
	 self = table: 0x33df0648  {__le:function: 0x33dec7c8, __unm:function: 0x33df0670, new:function: 0x33df1d00 (more...)}
	 other = string: "C_T"
(5) Lua function '?' at file 'functions/misc_functions.lua:294' (best guess)
	Local variables:
	 a = table: 0x342fa0d8  {k:C_T, v:table: 0x33e806f8}
	 b = table: 0x342f8350  {k:D_4, v:table: 0x3520eec0}
(6) field C function 'sort'
(7) Lua global 'pseudorandom_element' at file 'functions/misc_functions.lua:294'
	Local variables:
	 _t = table: 0x33cf0df0  {D_4:table: 0x3520eec0, C_4:table: 0x35210648, C_J:table: 0x33f990d8, H_Q:table: 0x33d66038 (more...)}
	 seed = nil
	 args = nil
	 keys = table: 0x342f82e8  {1:table: 0x342f8350, 2:table: 0x342f83f0, 3:table: 0x342f8470, 4:table: 0x342f8500 (more...)}
(8) Lua field 'tab_definition_function' at file 'functions/UI_definitions.lua:6197'
	Local variables:
	 type = string: "Continue"
	 area = table: 0x34af5218  {velocity:table: 0x342f7a58, click_offset:table: 0x34af55c0, children:table: 0x342f8298 (more...)}
	 (for index) = number: 1
	 (for limit) = number: 10
	 (for step) = number: 1
	 i = number: 1
	 (*temporary) = table: 0x33cf8648  {set_base:function: 0x33cf8690, set_card_area:function: 0x33d00228, generate_UIBox_unlock_table:function: 0x33d57118 (more...)}
	 (*temporary) = number: 3.43432
	 (*temporary) = number: 11.5
	 (*temporary) = number: 2.04878
	 (*temporary) = number: 2.75122
(9) Lua global 'create_tabs' at file 'functions/UI_definitions.lua:2185'
	Local variables:
	 args = table: 0x34fcc710  {tabs:table: 0x34fcc770, colour:table: 0x33aff880, text_scale:0.5, tab_h:0 (more...)}
	 tab_buttons = table: 0x34fccbc0  {1:table: 0x34fcd1c0, 2:table: 0x34af2b20, 3:table: 0x34af3648}
	 (*temporary) = table: 0x34af3b68  {n:4, config:table: 0x34af3bf8}
	 (*temporary) = table: 0x34af3c88  {1:table: 0x34af3cc8}
	 (*temporary) = table: 0x34af4840  {n:4, config:table: 0x34af48d0}
	 (*temporary) = table: 0x34af49c0  {}
	 (*temporary) = table: 0x34af4a00  {n:5}
	 (*temporary) = table: 0x34af4a60  {id:tab_contents}
	 (*temporary) = table: 0x33b42e28  {remove_group:function: 0x33b29670, draw:function: 0x33b296f0, print_topology:function: 0x33b42e70 (more...)}
	 (*temporary) = table: 0x34af4ac0  {}
(10) Lua field 'run_setup' at file 'functions/UI_definitions.lua:5477'
	Local variables:
	 from_game_over = boolean: false
	 _challenge_chosen = boolean: false
	 _can_continue = boolean: true
	 (*temporary) = Lua function '?' (defined at line 6497 of chunk functions/UI_definitions.lua)
	 (*temporary) = table: 0x34fcc4e0  {no_esc:false, no_back:false}
	 (*temporary) = table: 0x34fcc570  {}
	 (*temporary) = table: 0x34fcc5b0  {n:4, config:table: 0x34fcc640}
	 (*temporary) = table: 0x34fcc6d0  {}
(11) Lua function '?' at file 'functions/button_callbacks.lua:1587' (best guess)
	Local variables:
	 e = table: 0x33a59db8  {pixellated_rect:table: 0x34230ec0, click_offset:table: 0x33e8ab48, children:table: 0x33a16ef8 (more...)}
	 (*temporary) = Lua function '?' (defined at line 1342 of chunk functions/button_callbacks.lua)
	 (*temporary) = table: 0x34900338  {}
(12) Lua method 'click' at file 'engine/ui.lua:981'
	Local variables:
	 self = table: 0x33a59db8  {pixellated_rect:table: 0x34230ec0, click_offset:table: 0x33e8ab48, children:table: 0x33a16ef8 (more...)}
(13) Lua method 'update' at file 'engine/controller.lua:375'
	Local variables:
	 self = table: 0x33fa9b98  {held_button_times:table: 0x33faa468, focus_cursor_stack_level:1, snap_cursor_to:table: 0x34ceb6e0 (more...)}
	 dt = number: 0.0166861
(14) Lua upvalue 'gameUpdateRef' at file 'game.lua:2675'
	Local variables:
	 self = table: 0x33afa9a8  {F_GUIDE:false, F_CRASH_REPORTS:false, F_QUIT_BUTTON:true, F_ENGLISH_ONLY:false (more...)}
	 dt = number: 0.0166861
(15) Lua upvalue 'old_update' at Steamodded file 'src/ui.lua:84' 
	Local variables:
	 self = table: 0x33afa9a8  {F_GUIDE:false, F_CRASH_REPORTS:false, F_QUIT_BUTTON:true, F_ENGLISH_ONLY:false (more...)}
	 dt = number: 0.0166861
(16) Lua method 'update' at file 'Aura.lua:203' (from mod with id Aura)
	Local variables:
	 self = table: 0x33afa9a8  {F_GUIDE:false, F_CRASH_REPORTS:false, F_QUIT_BUTTON:true, F_ENGLISH_ONLY:false (more...)}
	 dt = number: 0.0166861
(17) Lua field 'update' at file 'main.lua:992'
	Local variables:
	 dt = number: 0.0166861
(18) Lua function '?' at file 'main.lua:931' (best guess)
(19) global C function 'xpcall'
(20) LÖVE function at file 'boot.lua:377' (best guess)
	Local variables:
	 func = Lua function '?' (defined at line 902 of chunk main.lua)
	 inerror = boolean: true
	 deferErrhand = Lua function '(LÖVE Function)' (defined at line 348 of chunk [love "boot.lua"])
	 earlyinit = Lua function '(LÖVE Function)' (defined at line 355 of chunk [love "boot.lua"])

INFO - [G] file not found: functions/misc_functions.lua: No such file or directory
INFO - [G] file not found: functions/UI_definitions.lua: No such file or directory
INFO - [G] file not found: functions/button_callbacks.lua: No such file or directory
INFO - [G] file not found: functions/button_callbacks.lua: No such file or directory
INFO - [G] file not found: main.lua: No such file or directory
INFO - [G] file not found: main.lua: No such file or directory
INFO - [G] 2025-03-07 18:42:41 :: INFO  :: StackTrace :: Additional Context:
Balatro Version: 1.0.1o-FULL
Modded Version: 1.0.0~ALPHA-1409a-STEAMODDED
LÖVE Version: 11.5.0
Lovely Version: 0.7.1
Platform: Windows
Steamodded Mods:
    1: Zero Bullitro by BitBites [ID: 0Bullitro, Version: 1.0, Uses Lovely]
    2: Preorder Cards by asd123cqp [ID: preorder_cards]
    3: Aura by MathIsFun_, ChromaPIE, Bard, Grassy311, RattlingSnow353, Solace, RadicaAprils, chloe_cromslor [ID: Aura, Version: 0.023, Uses Lovely]
    4: Hentai Cards by Makubex77, Pheubel (Code) [ID: HentaiCards, Version: 1.1]
    5: Vintage Pinup Cards by NoScope1080 [ID: VintagePinupCards]
    6: Stickface Deck by Stickface [ID: StickfaceNSFWDeck, Version: 1.0.0]
    7: Balustro by someone23832 [ID: Balustro, Priority: -20, Version: 0.12, Uses Lovely]
Lovely Mods:
