INFO - [♥] Lovely 0.7.1
INFO - [♥] Game directory is at "C:\\Program Files (x86)\\Steam\\steamapps\\common\\Balatro"
INFO - [♥] Writing logs to "C:\\Users\\Administrator\\AppData\\Roaming\\Balatro\\Mods\\lovely\\log"
INFO - [♥] Using mod directory at "C:\\Users\\Administrator\\AppData\\Roaming\\Balatro\\Mods"
INFO - [♥] Found .lovelyignore in 'SakashimaJoker', skipping it.
INFO - [♥] Cleaning up dumps directory at "C:\\Users\\Administrator\\AppData\\Roaming\\Balatro\\Mods\\lovely\\dump"
INFO - [♥] Initialization complete in 15ms
INFO - [♥] Applied 13 patches to 'main.lua'
INFO - [♥] Applied 6 patches to 'engine/controller.lua'
INFO - [♥] Applied 14 patches to 'back.lua'
INFO - [♥] Applied 7 patches to 'tag.lua'
INFO - [♥] Applied 2 patches to 'engine/moveable.lua'
INFO - [♥] Applied 2 patches to 'engine/sprite.lua'
INFO - [♥] Applied 2 patches to 'engine/animatedsprite.lua'
INFO - [♥] Applied 45 patches to 'functions/misc_functions.lua'
INFO - [♥] Applied 30 patches to 'game.lua'
INFO - [♥] Applied 1 patch to 'globals.lua'
INFO - [♥] Applied 4 patches to 'engine/ui.lua'
INFO - [♥] Applied 73 patches to 'functions/UI_definitions.lua'
INFO - [♥] Applied 40 patches to 'functions/state_events.lua'
INFO - [♥] Applied 88 patches to 'functions/common_events.lua'
INFO - [♥] Applied 39 patches to 'functions/button_callbacks.lua'
INFO - [♥] Applied 144 patches to 'card.lua'
INFO - [♥] Applied 7 patches to 'cardarea.lua'
INFO - [♥] Applied 31 patches to 'blind.lua'
INFO - [♥] Applied 3 patches to 'engine/text.lua'
INFO - [G] Failed to connect to the debug server
INFO - [G] 2025-03-07 19:06:35 :: DEBUG :: DebugConsole :: Steamodded Debug Socket started !
INFO - [♥] Applied 10 patches to 'engine/sound_manager.lua'
INFO - [♥] Applied 1 patch to 'engine/save_manager.lua'
INFO - [G] 2025-03-07 19:06:37 :: ERROR :: Loader :: Found invalid metadata JSON file at C:\Users\Administrator\AppData\Roaming\Balatro\Mods/.vscode/settings.json, ignoring: [SMODS _ "src/loader.lua"]:226: id
INFO - [G] 2025-03-07 19:06:37 :: INFO  :: DefaultLogger :: Valid JSON file found
INFO - [G] 2025-03-07 19:06:37 :: ERROR :: Loader :: Found invalid metadata JSON file at C:\Users\Administrator\AppData\Roaming\Balatro\Mods/Aura/.vscode/settings.json, ignoring: [SMODS _ "src/loader.lua"]:226: id
INFO - [G] 2025-03-07 19:06:37 :: TRACE :: Loader :: Processing Mod file (Legacy header): Aura.lua
INFO - [G] 2025-03-07 19:06:37 :: TRACE :: Loader :: Saving Mod Info: Aura
INFO - [G] 2025-03-07 19:06:37 :: TRACE :: Loader :: Processing Mod file (Legacy header): PreorderCards.lua
INFO - [G] 2025-03-07 19:06:37 :: TRACE :: Loader :: Saving Mod Info: preorder_cards
INFO - [G] 2025-03-07 19:06:37 :: INFO  :: DefaultLogger :: Valid JSON file found
INFO - [G] 2025-03-07 19:06:37 :: INFO  :: DefaultLogger :: Valid JSON file found
INFO - [G] 2025-03-07 19:06:37 :: TRACE :: Loader :: Processing Mod file (Legacy header): HentaiCards.lua
INFO - [G] 2025-03-07 19:06:37 :: WARN  :: Loader :: Duplicate Mod ID: HentaiCards
INFO - [G] 2025-03-07 19:06:37 :: TRACE :: Loader :: Processing Mod file (Legacy header): SakashimaJoker.lua
INFO - [G] 2025-03-07 19:06:37 :: TRACE :: Loader :: Saving Mod Info: SakashimaJoker
INFO - [G] 2025-03-07 19:06:37 :: INFO  :: DefaultLogger :: Valid JSON file found
INFO - [G] 2025-03-07 19:06:37 :: TRACE :: Loader :: Processing Mod file (Legacy header): VintagePinupCards.lua
INFO - [G] 2025-03-07 19:06:37 :: TRACE :: Loader :: Saving Mod Info: VintagePinupCards
INFO - [G] 2025-03-07 19:06:37 :: WARN  :: DeckSkin :: Old DeckSkin formatting detected on DeckSkin lust_LuckHearts!
INFO - [G] 2025-03-07 19:06:37 :: WARN  :: DeckSkin :: Old DeckSkin formatting detected on DeckSkin lust_LuckClubs!
INFO - [G] 2025-03-07 19:06:37 :: WARN  :: DeckSkin :: Old DeckSkin formatting detected on DeckSkin lust_LuckDiamonds!
INFO - [G] 2025-03-07 19:06:37 :: WARN  :: DeckSkin :: Old DeckSkin formatting detected on DeckSkin lust_LuckSpades!
INFO - [G] Picture dimensions: 138 x 186
INFO - [G] Number of animation frames: 8
INFO - [G] Comment inside this GIF: Created with Paint.NET
INFO - [G] Picture dimensions: 138 x 186
INFO - [G] Number of animation frames: 1
INFO - [G] Comment inside this GIF: NO_COMMENT
INFO - [G] Picture dimensions: 138 x 186
INFO - [G] Number of animation frames: 9
INFO - [G] Comment inside this GIF: Created with Paint.NET
INFO - [G] 2025-03-07 19:06:37 :: WARN  :: Atlas :: Object centers has the same key as an existing object, not registering.
INFO - [G] 2025-03-07 19:06:37 :: WARN  :: Atlas :: If you want to modify an existing object, use take_ownership()
INFO - [G] soul_atlas
INFO - [G] 2025-03-07 19:06:37 :: TRACE :: Loader :: Mod SakashimaJoker was unable to load: 
INFO - [G] 2025-03-07 19:06:37 :: INFO  :: TIMER :: [0000] Injected Language in 0.001 ms
INFO - [G] 2025-03-07 19:06:37 :: INFO  :: TIMER :: [0000] Injected [INTERNAL] in 1.057 ms
INFO - [G] mod_tags
INFO - [G] achievements
INFO - [G] lust_AltVersions
INFO - [G] Joker
INFO - [G] centers
INFO - [G] lust_editions
INFO - [G] lust_LustTarot
INFO - [G] Booster
INFO - [G] stickers
INFO - [G] shop_sign
INFO - [G] balatro
INFO - [G] lust_modicon
INFO - [G] BalustroIcons
INFO - [G] lust_BalustroPlayingCards
INFO - [G] lust_LuckPlayingCardsLC
INFO - [G] lust_LuckPlayingCardsHC
INFO - [G] bull_wide_card
INFO - [G] aura_j_faceless
INFO - [G] aura_j_seance
INFO - [G] aura_j_juggler
INFO - [G] aura_c_hearts
INFO - [G] aura_c_diamonds
INFO - [G] aura_c_clubs
INFO - [G] aura_c_spades
INFO - [G] aura_goon_icon_heart
INFO - [G] aura_goon_icon_diamond
INFO - [G] aura_goon_icon_club
INFO - [G] aura_goon_icon_spade
INFO - [G] FHC_hentai_cards_deck_lc
INFO - [G] FHC_hentai_cards_deck_hc
INFO - [G] Tarot
INFO - [G] Planet
INFO - [G] Spectral
INFO - [G] soul_atlas
INFO - [G] StickfaceNSFW_8BitDeck_opt2
INFO - [G] StickfaceNSFW_8BitDeck
INFO - [G] StickfaceNSFW_icon_lc
INFO - [G] StickfaceNSFW_icon_hc
INFO - [G] vintage_pinup_cards
INFO - [G] 2025-03-07 19:06:38 :: INFO  :: TIMER :: [0039] Injected Atlas in 1083.320 ms
INFO - [G] 2025-03-07 19:06:38 :: INFO  :: TIMER :: [0053] Injected Sound in 4.481 ms
INFO - [G] 2025-03-07 19:06:38 :: INFO  :: TIMER :: [0008] Injected Stake in 0.135 ms
INFO - [G] 2025-03-07 19:06:38 :: INFO  :: TIMER :: [0004] Injected Rarity in 0.014 ms
INFO - [G] 2025-03-07 19:06:38 :: INFO  :: TIMER :: [0004] Injected ObjectType in 0.030 ms
INFO - [G] 2025-03-07 19:06:38 :: INFO  :: TIMER :: [0212] Injected Center in 2.594 ms
INFO - [G] 2025-03-07 19:06:38 :: INFO  :: TIMER :: [0007] Injected Undiscovered Sprite in 0.011 ms
INFO - [G] 2025-03-07 19:06:38 :: INFO  :: TIMER :: [0002] Injected Blind in 0.016 ms
INFO - [G] 2025-03-07 19:06:38 :: INFO  :: TIMER :: [0004] Injected Seal in 0.091 ms
INFO - [G] 2025-03-07 19:06:38 :: INFO  :: TIMER :: [0004] Injected Suit in 0.057 ms
INFO - [G] 2025-03-07 19:06:38 :: INFO  :: TIMER :: [0013] Injected Rank in 0.061 ms
INFO - [G] 2025-03-07 19:06:38 :: INFO  :: TIMER :: [0052] Injected DeckSkin in 0.242 ms
INFO - [G] 2025-03-07 19:06:38 :: INFO  :: TIMER :: [0012] Injected PokerHand in 0.050 ms
INFO - [G] 2025-03-07 19:06:38 :: INFO  :: TIMER :: [0020] Injected Challenge in 0.048 ms
INFO - [G] 2025-03-07 19:06:38 :: INFO  :: TIMER :: [0000] Injected Tag in 0.001 ms
INFO - [G] 2025-03-07 19:06:38 :: INFO  :: TIMER :: [0004] Injected Sticker in 0.057 ms
INFO - [G] 2025-03-07 19:06:38 :: INFO  :: TIMER :: [0000] Injected Shader in 0.001 ms
INFO - [G] 2025-03-07 19:06:38 :: INFO  :: TIMER :: [0001] Injected Keybind in 0.011 ms
INFO - [G] 2025-03-07 19:06:38 :: INFO  :: TIMER :: [0000] Injected Achievement in 0.022 ms
INFO - [G] 2025-03-07 19:06:38 :: INFO  :: TIMER :: [0000] Injected [INTERNAL] in 1.829 ms
INFO - [G] line not found
INFO - [G] file not found: main.lua: No such file or directory
INFO - [G] file not found: main.lua: No such file or directory
INFO - [G] file not found: main.lua: No such file or directory
INFO - [G] file not found: main.lua: No such file or directory
INFO - [G] 2025-03-07 19:06:38 :: ERROR :: StackTrace :: Oops! The game crashed
engine/controller.lua:1024: attempt to call field 'x' (a number value)
Stack Traceback
===============
(1) Lua local 'handler' at file 'main.lua:612'
	Local variables:
	 msg = string: "engine/controller.lua:1024: attempt to call field 'x' (a number value)"
	 (*temporary) = Lua function '?' (defined at line 31 of chunk [SMODS _ "src/logging.lua"])
	 (*temporary) = string: "Oops! The game crashed\
"
(2) LÖVE field at file 'boot.lua:352'
	Local variables:
	 errhand = Lua function '?' (defined at line 598 of chunk main.lua)
	 handler = Lua function '?' (defined at line 598 of chunk main.lua)
(3) Lua method 'get_cursor_collision' at file 'engine/controller.lua:1024'
	Local variables:
	 self = table: 0x273e3818  {held_button_times:table: 0x273e40e8, interrupt:table: 0x273e4138, GAMEPAD:table: 0x273e4968 (more...)}
	 cursor_trans = table: 0x272a88c0  {x:12.410277777778, w:0.3, y:4.7777777777778, h:0.3, scale:1, r:0}
	 (*temporary) = number: 12.4103
	 (*temporary) = -1.3126557889535  {value:-1.3126557889535}
	 (*temporary) = table: 0x272b7738  {__le:function: 0x272b7a18, __unm:function: 0x272b77f0, new:function: 0x272b7798 (more...)}
	 (*temporary) = number: -1.31266
	 (*temporary) = -1.3126557889535  {value:-1.3126557889535}
	 (*temporary) = table: 0x2820da68  {velocity:table: 0x2820e1c8, click_offset:table: 0x2820dd60, children:table: 0x2820e0b0 (more...)}
	 (*temporary) = number: 2.36734e-121
	 (*temporary) = number: 2.25256e-312
	 (*temporary) = 1.5  {value:1.5}
	 (*temporary) = string: "attempt to call field 'x' (a number value)"
(4) Lua method 'update' at file 'engine/controller.lua:309'
	Local variables:
	 self = table: 0x273e3818  {held_button_times:table: 0x273e40e8, interrupt:table: 0x273e4138, GAMEPAD:table: 0x273e4968 (more...)}
	 dt = number: 0.00777672
(5) Lua upvalue 'gameUpdateRef' at file 'game.lua:2675'
	Local variables:
	 self = table: 0x26f15278  {F_GUIDE:false, F_CRASH_REPORTS:false, F_QUIT_BUTTON:true, F_ENGLISH_ONLY:false (more...)}
	 dt = number: 0.00777672
(6) Lua upvalue 'old_update' at Steamodded file 'src/ui.lua:84' 
	Local variables:
	 self = table: 0x26f15278  {F_GUIDE:false, F_CRASH_REPORTS:false, F_QUIT_BUTTON:true, F_ENGLISH_ONLY:false (more...)}
	 dt = number: 0.00777672
(7) Lua method 'update' at file 'Aura.lua:203' (from mod with id Aura)
	Local variables:
	 self = table: 0x26f15278  {F_GUIDE:false, F_CRASH_REPORTS:false, F_QUIT_BUTTON:true, F_ENGLISH_ONLY:false (more...)}
	 dt = number: 0.00777672
(8) Lua field 'update' at file 'main.lua:992'
	Local variables:
	 dt = number: 0.00777672
(9) Lua function '?' at file 'main.lua:931' (best guess)
(10) global C function 'xpcall'
(11) LÖVE function at file 'boot.lua:377' (best guess)
	Local variables:
	 func = Lua function '?' (defined at line 902 of chunk main.lua)
	 inerror = boolean: true
	 deferErrhand = Lua function '(LÖVE Function)' (defined at line 348 of chunk [love "boot.lua"])
	 earlyinit = Lua function '(LÖVE Function)' (defined at line 355 of chunk [love "boot.lua"])

INFO - [G] file not found: main.lua: No such file or directory
INFO - [G] file not found: main.lua: No such file or directory
INFO - [G] 2025-03-07 19:06:38 :: INFO  :: StackTrace :: Additional Context:
Balatro Version: 1.0.1o-FULL
Modded Version: 1.0.0~ALPHA-1409a-STEAMODDED
LÖVE Version: 11.5.0
Lovely Version: 0.7.1
Platform: Windows
Steamodded Mods:
    1: Zero Bullitro by BitBites [ID: 0Bullitro, Version: 1.0, Uses Lovely]
    2: Preorder Cards by asd123cqp [ID: preorder_cards]
    3: Aura by MathIsFun_, ChromaPIE, Bard, Grassy311, RattlingSnow353, Solace, RadicaAprils, chloe_cromslor [ID: Aura, Version: 0.023, Uses Lovely]
    4: Hentai Cards by Makubex77, Pheubel (Code) [ID: HentaiCards, Version: 1.1]
    5: Vintage Pinup Cards by NoScope1080 [ID: VintagePinupCards]
    6: Stickface Deck by Stickface [ID: StickfaceNSFWDeck, Version: 1.0.0]
    7: Balustro by someone23832 [ID: Balustro, Priority: -20, Version: 0.12, Uses Lovely]
Lovely Mods:
