INFO - [♥] Lovely 0.7.1
INFO - [♥] Game directory is at "C:\\Program Files (x86)\\Steam\\steamapps\\common\\Balatro"
INFO - [♥] Writing logs to "C:\\Users\\Administrator\\AppData\\Roaming\\Balatro\\Mods\\lovely\\log"
INFO - [♥] Using mod directory at "C:\\Users\\Administrator\\AppData\\Roaming\\Balatro\\Mods"
INFO - [♥] Cleaning up dumps directory at "C:\\Users\\Administrator\\AppData\\Roaming\\Balatro\\Mods\\lovely\\dump"
INFO - [♥] Initialization complete in 20ms
INFO - [♥] Applied 12 patches to 'main.lua'
INFO - [♥] Applied 5 patches to 'engine/controller.lua'
INFO - [♥] Applied 13 patches to 'back.lua'
INFO - [♥] Applied 6 patches to 'tag.lua'
INFO - [♥] Applied 1 patch to 'engine/moveable.lua'
INFO - [♥] Applied 2 patches to 'engine/sprite.lua'
INFO - [♥] Applied 2 patches to 'engine/animatedsprite.lua'
INFO - [♥] Applied 41 patches to 'functions/misc_functions.lua'
INFO - [♥] Applied 24 patches to 'game.lua'
INFO - [♥] Applied 1 patch to 'globals.lua'
INFO - [♥] Applied 3 patches to 'engine/ui.lua'
INFO - [♥] Applied 72 patches to 'functions/UI_definitions.lua'
INFO - [♥] Applied 39 patches to 'functions/state_events.lua'
INFO - [♥] Applied 86 patches to 'functions/common_events.lua'
INFO - [♥] Applied 38 patches to 'functions/button_callbacks.lua'
INFO - [♥] Applied 139 patches to 'card.lua'
INFO - [♥] Applied 6 patches to 'cardarea.lua'
INFO - [♥] Applied 30 patches to 'blind.lua'
INFO - [♥] Applied 2 patches to 'engine/text.lua'
INFO - [G] Failed to connect to the debug server
INFO - [G] 2025-02-16 23:52:35 :: DEBUG :: DebugConsole :: Steamodded Debug Socket started !
INFO - [♥] Applied 9 patches to 'engine/sound_manager.lua'
INFO - [♥] Applied 1 patch to 'engine/save_manager.lua'
INFO - [G] 2025-02-16 23:52:36 :: ERROR :: Loader :: Found invalid metadata JSON file at C:\Users\Administrator\AppData\Roaming\Balatro\Mods/.vscode/settings.json, ignoring: [SMODS _ "src/loader.lua"]:226: id
INFO - [G] 2025-02-16 23:52:36 :: TRACE :: Loader :: Processing Mod file (Legacy header): PreorderCards.lua
INFO - [G] 2025-02-16 23:52:36 :: TRACE :: Loader :: Saving Mod Info: preorder_cards
INFO - [G] 2025-02-16 23:52:36 :: TRACE :: Loader :: Processing Mod file (Legacy header): SakashimaJoker.lua
INFO - [G] 2025-02-16 23:52:36 :: TRACE :: Loader :: Saving Mod Info: SakashimaJoker
INFO - [G] 2025-02-16 23:52:36 :: INFO  :: TIMER :: [0000] Injected Language in 0.010 ms
INFO - [G] 2025-02-16 23:52:36 :: INFO  :: TIMER :: [0000] Injected [INTERNAL] in 0.903 ms
INFO - [G] 2025-02-16 23:52:37 :: INFO  :: TIMER :: [0004] Injected Atlas in 433.921 ms
INFO - [G] 2025-02-16 23:52:37 :: INFO  :: TIMER :: [0001] Injected Sound in 0.216 ms
INFO - [G] 2025-02-16 23:52:37 :: INFO  :: TIMER :: [0008] Injected Stake in 0.214 ms
INFO - [G] 2025-02-16 23:52:37 :: INFO  :: TIMER :: [0004] Injected Rarity in 0.046 ms
INFO - [G] 2025-02-16 23:52:37 :: INFO  :: TIMER :: [0004] Injected ObjectType in 0.034 ms
INFO - [G] 2025-02-16 23:52:37 :: INFO  :: TIMER :: [0049] Injected Center in 0.423 ms
INFO - [G] 2025-02-16 23:52:37 :: INFO  :: TIMER :: [0007] Injected Undiscovered Sprite in 0.036 ms
INFO - [G] 2025-02-16 23:52:37 :: INFO  :: TIMER :: [0002] Injected Blind in 0.015 ms
INFO - [G] 2025-02-16 23:52:37 :: INFO  :: TIMER :: [0004] Injected Seal in 0.123 ms
INFO - [G] 2025-02-16 23:52:37 :: INFO  :: TIMER :: [0004] Injected Suit in 0.059 ms
INFO - [G] 2025-02-16 23:52:37 :: INFO  :: TIMER :: [0013] Injected Rank in 0.114 ms
INFO - [G] 2025-02-16 23:52:37 :: INFO  :: TIMER :: [0020] Injected DeckSkin in 0.163 ms
INFO - [G] 2025-02-16 23:52:37 :: INFO  :: TIMER :: [0012] Injected PokerHand in 0.080 ms
INFO - [G] 2025-02-16 23:52:37 :: INFO  :: TIMER :: [0020] Injected Challenge in 0.041 ms
INFO - [G] 2025-02-16 23:52:37 :: INFO  :: TIMER :: [0000] Injected Tag in 0.002 ms
INFO - [G] 2025-02-16 23:52:37 :: INFO  :: TIMER :: [0004] Injected Sticker in 0.079 ms
INFO - [G] 2025-02-16 23:52:37 :: INFO  :: TIMER :: [0000] Injected Shader in 0.003 ms
INFO - [G] 2025-02-16 23:52:37 :: INFO  :: TIMER :: [0001] Injected Keybind in 0.024 ms
INFO - [G] 2025-02-16 23:52:37 :: INFO  :: TIMER :: [0000] Injected Achievement in 0.039 ms
INFO - [G] 2025-02-16 23:52:37 :: INFO  :: TIMER :: [0000] Injected [INTERNAL] in 0.453 ms
INFO - [G] leftmost
INFO - [G] ran with position leftmost
