INFO - [♥] Lovely 0.7.1
INFO - [♥] Game directory is at "C:\\Program Files (x86)\\Steam\\steamapps\\common\\Balatro"
INFO - [♥] Writing logs to "C:\\Users\\Administrator\\AppData\\Roaming\\Balatro\\Mods\\lovely\\log"
INFO - [♥] Using mod directory at "C:\\Users\\Administrator\\AppData\\Roaming\\Balatro\\Mods"
INFO - [♥] Found .lovelyignore in 'SakashimaJoker', skipping it.
INFO - [♥] Cleaning up dumps directory at "C:\\Users\\Administrator\\AppData\\Roaming\\Balatro\\Mods\\lovely\\dump"
INFO - [♥] Initialization complete in 24ms
INFO - [♥] Applied 13 patches to 'main.lua'
INFO - [♥] Applied 6 patches to 'engine/controller.lua'
INFO - [♥] Applied 14 patches to 'back.lua'
INFO - [♥] Applied 7 patches to 'tag.lua'
INFO - [♥] Applied 2 patches to 'engine/moveable.lua'
INFO - [♥] Applied 2 patches to 'engine/sprite.lua'
INFO - [♥] Applied 2 patches to 'engine/animatedsprite.lua'
INFO - [♥] Applied 45 patches to 'functions/misc_functions.lua'
INFO - [♥] Applied 30 patches to 'game.lua'
INFO - [♥] Applied 1 patch to 'globals.lua'
INFO - [♥] Applied 4 patches to 'engine/ui.lua'
INFO - [♥] Applied 73 patches to 'functions/UI_definitions.lua'
INFO - [♥] Applied 40 patches to 'functions/state_events.lua'
INFO - [♥] Applied 88 patches to 'functions/common_events.lua'
INFO - [♥] Applied 39 patches to 'functions/button_callbacks.lua'
INFO - [♥] Applied 144 patches to 'card.lua'
INFO - [♥] Applied 7 patches to 'cardarea.lua'
INFO - [♥] Applied 31 patches to 'blind.lua'
INFO - [♥] Applied 3 patches to 'engine/text.lua'
INFO - [G] Failed to connect to the debug server
INFO - [G] 2025-03-07 23:52:20 :: DEBUG :: DebugConsole :: Steamodded Debug Socket started !
INFO - [♥] Applied 10 patches to 'engine/sound_manager.lua'
INFO - [♥] Applied 1 patch to 'engine/save_manager.lua'
INFO - [G] 2025-03-07 23:52:22 :: ERROR :: Loader :: Found invalid metadata JSON file at C:\Users\Administrator\AppData\Roaming\Balatro\Mods/.vscode/settings.json, ignoring: [SMODS _ "src/loader.lua"]:226: id
INFO - [G] 2025-03-07 23:52:22 :: INFO  :: DefaultLogger :: Valid JSON file found
INFO - [G] 2025-03-07 23:52:22 :: ERROR :: Loader :: Found invalid metadata JSON file at C:\Users\Administrator\AppData\Roaming\Balatro\Mods/Aura/.vscode/settings.json, ignoring: [SMODS _ "src/loader.lua"]:226: id
INFO - [G] 2025-03-07 23:52:22 :: TRACE :: Loader :: Processing Mod file (Legacy header): Aura.lua
INFO - [G] 2025-03-07 23:52:22 :: TRACE :: Loader :: Saving Mod Info: Aura
INFO - [G] 2025-03-07 23:52:22 :: TRACE :: Loader :: Processing Mod file (Legacy header): PreorderCards.lua
INFO - [G] 2025-03-07 23:52:22 :: TRACE :: Loader :: Saving Mod Info: preorder_cards
INFO - [G] 2025-03-07 23:52:22 :: INFO  :: DefaultLogger :: Valid JSON file found
INFO - [G] 2025-03-07 23:52:22 :: INFO  :: DefaultLogger :: Valid JSON file found
INFO - [G] 2025-03-07 23:52:22 :: TRACE :: Loader :: Processing Mod file (Legacy header): HentaiCards.lua
INFO - [G] 2025-03-07 23:52:22 :: WARN  :: Loader :: Duplicate Mod ID: HentaiCards
INFO - [G] 2025-03-07 23:52:22 :: TRACE :: Loader :: Processing Mod file (Legacy header): SakashimaJoker.lua
INFO - [G] 2025-03-07 23:52:22 :: TRACE :: Loader :: Saving Mod Info: SakashimaJoker
INFO - [G] 2025-03-07 23:52:22 :: INFO  :: DefaultLogger :: Valid JSON file found
INFO - [G] 2025-03-07 23:52:22 :: TRACE :: Loader :: Processing Mod file (Legacy header): VintagePinupCards.lua
INFO - [G] 2025-03-07 23:52:22 :: TRACE :: Loader :: Saving Mod Info: VintagePinupCards
INFO - [G] 2025-03-07 23:52:22 :: WARN  :: DeckSkin :: Old DeckSkin formatting detected on DeckSkin lust_LuckHearts!
INFO - [G] 2025-03-07 23:52:22 :: WARN  :: DeckSkin :: Old DeckSkin formatting detected on DeckSkin lust_LuckClubs!
INFO - [G] 2025-03-07 23:52:22 :: WARN  :: DeckSkin :: Old DeckSkin formatting detected on DeckSkin lust_LuckDiamonds!
INFO - [G] 2025-03-07 23:52:22 :: WARN  :: DeckSkin :: Old DeckSkin formatting detected on DeckSkin lust_LuckSpades!
INFO - [G] Picture dimensions: 138 x 186
INFO - [G] Number of animation frames: 8
INFO - [G] Comment inside this GIF: Created with Paint.NET
INFO - [G] Picture dimensions: 138 x 186
INFO - [G] Number of animation frames: 1
INFO - [G] Comment inside this GIF: NO_COMMENT
INFO - [G] Picture dimensions: 138 x 186
INFO - [G] Number of animation frames: 9
INFO - [G] Comment inside this GIF: Created with Paint.NET
INFO - [G] 2025-03-07 23:52:22 :: WARN  :: Atlas :: Object centers has the same key as an existing object, not registering.
INFO - [G] 2025-03-07 23:52:22 :: WARN  :: Atlas :: If you want to modify an existing object, use take_ownership()
INFO - [G] soul_atlas
INFO - [G] 2025-03-07 23:52:22 :: TRACE :: Loader :: Mod SakashimaJoker was unable to load: 
INFO - [G] 2025-03-07 23:52:22 :: INFO  :: TIMER :: [0000] Injected Language in 0.001 ms
INFO - [G] 2025-03-07 23:52:22 :: INFO  :: TIMER :: [0000] Injected [INTERNAL] in 1.007 ms
INFO - [G] mod_tags
INFO - [G] achievements
INFO - [G] lust_AltVersions
INFO - [G] Joker
INFO - [G] centers
INFO - [G] lust_editions
INFO - [G] lust_LustTarot
INFO - [G] Booster
INFO - [G] stickers
INFO - [G] shop_sign
INFO - [G] balatro
INFO - [G] lust_modicon
INFO - [G] BalustroIcons
INFO - [G] lust_BalustroPlayingCards
INFO - [G] lust_LuckPlayingCardsLC
INFO - [G] lust_LuckPlayingCardsHC
INFO - [G] bull_wide_card
INFO - [G] bull_caper_card
INFO - [G] line not found
INFO - [G] file not found: main.lua: No such file or directory
INFO - [G] file not found: main.lua: No such file or directory
INFO - [G] file not found: main.lua: No such file or directory
INFO - [G] 2025-03-07 23:52:23 :: ERROR :: StackTrace :: Oops! The game crashed
[SMODS _ "src/game_object.lua"]:363: Failed to collect file data for Atlas bull_caper_card
Stack Traceback
===============
(1) Lua local 'handler' at file 'main.lua:612'
	Local variables:
	 msg = string: "[SMODS _ \"src/game_object.lua\"]:363: Failed to collect file data for Atlas bull_caper_card"
	 (*temporary) = Lua function '?' (defined at line 31 of chunk [SMODS _ "src/logging.lua"])
	 (*temporary) = string: "Oops! The game crashed\
"
(2) LÖVE function at file 'boot.lua:352' (best guess)
	Local variables:
	 errhand = Lua function '?' (defined at line 598 of chunk main.lua)
	 handler = Lua function '?' (defined at line 598 of chunk main.lua)
(3) global C function 'assert'
(4) Lua upvalue 'old_inject' at Steamodded file 'src/game_object.lua:363' 
	Local variables:
	 self = table: 0x0dc2e758  {full_path:C:\Users\Administrator\AppData\Roaming\Balatro\Mods/0Bullitro/assets/2x/caper_card.png (more...)}
	 file_path = string: "caper_card.png"
(5) Lua method 'inject' at file '0Bullitro.lua:1034' (from mod with id 0Bullitro)
	Local variables:
	 self = table: 0x0dc2e758  {full_path:C:\Users\Administrator\AppData\Roaming\Balatro\Mods/0Bullitro/assets/2x/caper_card.png (more...)}
(6) Lua method 'inject_class' at Steamodded file 'src/game_object.lua:182' 
	Local variables:
	 self = table: 0x0d9ed780  {required_params:table: 0x0d9ed6b0, pre_inject_class:function: 0x0d9ed760 (more...)}
	 inject_time = number: 0.458775
	 start_time = number: 8.73651
	 end_time = number: 8.73651
	 o = table: 0x0dc2e758  {full_path:C:\Users\Administrator\AppData\Roaming\Balatro\Mods/0Bullitro/assets/2x/caper_card.png (more...)}
	 (for generator) = C function: builtin#6
	 (for state) = table: 0x0d9b7d58  {1:mod_tags, 2:achievements, 3:lust_AltVersions, 4:Joker, 5:centers, 6:lust_editions (more...)}
	 (for control) = number: 18
	 i = number: 18
	 key = string: "bull_caper_card"
(7) Lua field 'injectObjects' at Steamodded file 'src/game_object.lua:256' 
	Local variables:
	 class = table: 0x0d9ed780  {required_params:table: 0x0d9ed6b0, pre_inject_class:function: 0x0d9ed760 (more...)}
(8) Lua field 'injectObjects' at Steamodded file 'src/game_object.lua:258' 
	Local variables:
	 class = table: 0x0d942688  {check_duplicate_register:function: 0x0d95a048, check_duplicate_key:function: 0x0d911ed8 (more...)}
	 (for generator) = C function: builtin#6
	 (for state) = table: 0x0d942750  {1:table: 0x0d9426b0, 2:table: 0x0d9b7b30, 3:table: 0x0d9ed780, 4:table: 0x0d9572c0 (more...)}
	 (for control) = number: 3
	 _ = number: 3
	 subclass = table: 0x0d9ed780  {required_params:table: 0x0d9ed6b0, pre_inject_class:function: 0x0d9ed760 (more...)}
(9) Lua field 'injectItems' at Steamodded file 'src/loader.lua:608' 
(10) Lua global 'initSteamodded' at Steamodded file 'src/loader.lua:658' 
(11) Lua method 'start_up' at file 'game.lua:211'
	Local variables:
	 self = table: 0x0d795700  {F_GUIDE:false, F_CRASH_REPORTS:false, F_QUIT_BUTTON:true, F_ENGLISH_ONLY:false (more...)}
	 settings = string: "return {[\"version\"]=\"1.0.1o-FULL\",[\"paused\"]=true,[\"QUEUED_CHANGE\"]={},[\"COMP\"]={[\"prev_name\"]=\"\",[\"name\"]=\"\",[\"score\"]=3060,},[\"colourblind_option\"]=false,[\"play_button_pos\"]=2,[\"CUSTOM_DECK\"]={[\"Collabs\"]={[\"Spades\"]=\"lust_BalustroSpades\",[\"Hearts\"]=\"lust_BalustroHearts\",[\"Diamonds\"]=\"lust_BalustroDiamonds\",[\"Clubs\"]=\"lust_BalustroClubs\",},},[\"colour_palettes\"]={[\"Spades\"]=\"standard\",[\"Hearts\"]=\"standard\",[\"Diamonds\"]=\"standard\",[\"Clubs\"]=\"standard\",},[\"crashreports\"]=false,[\"tutorial_progress\"]={[\"hold_parts\"]={},[\"section\"]=\"big_blind\",[\"completed_parts\"]={[\"first_hand_3\"]=true,[\"small_blind\"]=true,[\"big_blind\"]=true,[\"first_hand_4\"]=true,[\"shop_1\"]=true,[\"first_hand_section\"]=true,[\"first_hand_2\"]=true,[\"first_hand\"]=true,},},[\"language\"]=\"en-us\",[\"profile\"]=1,[\"WINDOW\"]={[\"vsync\"]=1,[\"display_names\"]={[1]=\"1\",},[\"screenmode\"]=\"Borderless\",[\"DISPLAYS\"]={[1]={[\"screen_resolutions\"]={[\"strings\"]={[1]=\"1920 X 1080\",},[\"values\"]={[1]={[\"w\"]=1920,[\"h\"]=1080,},},},[\"screen_res\"]={[\"w\"]=1920,[\"h\"]=1080,},[\"DPI_scale\"]=1,[\"MONITOR_DIMS\"]={[\"height\"]=1080,[\"width\"]=1920,},},},[\"selected_display\"]=1,},[\"run_stake_stickers\"]=false,[\"GAMESPEED\"]=4,[\"SOUND\"]={[\"volume\"]=50,[\"music_volume\"]=0,[\"game_sounds_volume\"]=100,},[\"music_control\"]={[\"current_track\"]=\"\",[\"desired_track\"]=\"\",[\"lerp\"]=1,},[\"ACHIEVEMENTS_EARNED\"]={[\"extreme_couponer\"]=true,[\"clairvoyance\"]=true,[\"card_discarder\"]=true,[\"astronomy\"]=true,[\"cartomancy\"]=true,[\"card_player\"]=true,},[\"screenshake\"]=50,[\"current_setup\"]=\"Continue\",[\"tutorial_complete\"]=true,[\"ambient_control\"]={[\"ambientFire1\"]={[\"per\"]=1.1,[\"vol\"]=0,},[\"ambientOrgan1\"]={[\"per\"]=0.7,[\"vol\"]=0,},[\"ambientFire2\"]={[\"per\"]=1.05,[\"vol\"]=0,},[\"ambientFire3\"]={[\"per\"]=1,[\"vol\"]=0,},},[\"DEMO\"]={[\"win_CTA_shown\"]=true,[\"quit_CTA_shown\"]=true,[\"timed_CTA_shown\"]=true,[\"total_uptime\"]=5.0139239705005,},[\"GRAPHICS\"]={[\"texture_scaling\"]=2,[\"crt\"]=0,[\"shadows\"]=\"On\",[\"bloom\"]=1,},}"
	 settings_ver = nil
	 new_colour_proto = table: 0x0d78b1e8  {Spades:table: 0x0d78b470, Hearts:table: 0x0d78b2e0, Diamonds:table: 0x0d78b398 (more...)}
	 sound_files = table: 0x0db6da30  {1:ambientFire1.ogg, 2:ambientFire2.ogg, 3:ambientFire3.ogg, 4:ambientOrgan1.ogg (more...)}
	 shader_files = table: 0x0db71940  {1:CRT.fs, 2:background.fs, 3:booster.fs, 4:debuff.fs, 5:dissolve.fs, 6:flame.fs (more...)}
(12) Lua field 'load' at file 'main.lua:945'
(13) Lua function '?' at file 'main.lua:892' (best guess)
(14) global C function 'xpcall'
(15) LÖVE function at file 'boot.lua:368' (best guess)
	Local variables:
	 result = boolean: true
	 main = nil
(16) global C function 'xpcall'
(17) LÖVE function at file 'boot.lua:377' (best guess)
	Local variables:
	 func = Lua function '(LÖVE Function)' (defined at line 355 of chunk [love "boot.lua"])
	 inerror = boolean: true
	 deferErrhand = Lua function '(LÖVE Function)' (defined at line 348 of chunk [love "boot.lua"])
	 earlyinit = Lua function '(LÖVE Function)' (defined at line 355 of chunk [love "boot.lua"])

INFO - [G] file not found: main.lua: No such file or directory
INFO - [G] 2025-03-07 23:52:23 :: INFO  :: StackTrace :: Additional Context:
Balatro Version: 1.0.1o-FULL
Modded Version: 1.0.0~ALPHA-1409a-STEAMODDED
LÖVE Version: 11.5.0
Lovely Version: 0.7.1
Platform: Windows
Steamodded Mods:
    1: Zero Bullitro by BitBites [ID: 0Bullitro, Version: 1.0, Uses Lovely]
    2: Preorder Cards by asd123cqp [ID: preorder_cards]
    3: Aura by MathIsFun_, ChromaPIE, Bard, Grassy311, RattlingSnow353, Solace, RadicaAprils, chloe_cromslor [ID: Aura, Version: 0.023, Uses Lovely]
    4: Hentai Cards by Makubex77, Pheubel (Code) [ID: HentaiCards, Version: 1.1]
    5: Vintage Pinup Cards by NoScope1080 [ID: VintagePinupCards]
    6: Stickface Deck by Stickface [ID: StickfaceNSFWDeck, Version: 1.0.0]
    7: Balustro by someone23832 [ID: Balustro, Priority: -20, Version: 0.12, Uses Lovely]
Lovely Mods:
