INFO - [♥] Lovely 0.7.1
INFO - [♥] Game directory is at "C:\\Program Files (x86)\\Steam\\steamapps\\common\\Balatro"
INFO - [♥] Writing logs to "C:\\Users\\Administrator\\AppData\\Roaming\\Balatro\\Mods\\lovely\\log"
INFO - [♥] Using mod directory at "C:\\Users\\Administrator\\AppData\\Roaming\\Balatro\\Mods"
INFO - [♥] Found .lovelyignore in 'SakashimaJoker', skipping it.
INFO - [♥] Cleaning up dumps directory at "C:\\Users\\Administrator\\AppData\\Roaming\\Balatro\\Mods\\lovely\\dump"
INFO - [♥] Initialization complete in 21ms
INFO - [♥] Applied 12 patches to 'main.lua'
INFO - [♥] Applied 5 patches to 'engine/controller.lua'
INFO - [♥] Applied 13 patches to 'back.lua'
INFO - [♥] Applied 6 patches to 'tag.lua'
INFO - [♥] Applied 1 patch to 'engine/moveable.lua'
INFO - [♥] Applied 2 patches to 'engine/sprite.lua'
INFO - [♥] Applied 2 patches to 'engine/animatedsprite.lua'
INFO - [♥] Applied 44 patches to 'functions/misc_functions.lua'
INFO - [♥] Applied 24 patches to 'game.lua'
INFO - [♥] Applied 1 patch to 'globals.lua'
INFO - [♥] Applied 3 patches to 'engine/ui.lua'
INFO - [♥] Applied 72 patches to 'functions/UI_definitions.lua'
INFO - [♥] Applied 39 patches to 'functions/state_events.lua'
INFO - [♥] Applied 86 patches to 'functions/common_events.lua'
INFO - [♥] Applied 38 patches to 'functions/button_callbacks.lua'
INFO - [♥] Applied 141 patches to 'card.lua'
INFO - [♥] Applied 6 patches to 'cardarea.lua'
INFO - [♥] Applied 30 patches to 'blind.lua'
INFO - [♥] Applied 2 patches to 'engine/text.lua'
INFO - [G] Failed to connect to the debug server
INFO - [G] 2025-02-27 21:36:30 :: DEBUG :: DebugConsole :: Steamodded Debug Socket started !
INFO - [♥] Applied 9 patches to 'engine/sound_manager.lua'
INFO - [♥] Applied 1 patch to 'engine/save_manager.lua'
INFO - [G] 2025-02-27 21:36:32 :: ERROR :: Loader :: Found invalid metadata JSON file at C:\Users\Administrator\AppData\Roaming\Balatro\Mods/.vscode/settings.json, ignoring: [SMODS _ "src/loader.lua"]:226: id
INFO - [G] 2025-02-27 21:36:32 :: ERROR :: Loader :: Found invalid metadata JSON file at C:\Users\Administrator\AppData\Roaming\Balatro\Mods/Aura/.vscode/settings.json, ignoring: [SMODS _ "src/loader.lua"]:226: id
INFO - [G] 2025-02-27 21:36:32 :: TRACE :: Loader :: Processing Mod file (Legacy header): Aura.lua
INFO - [G] 2025-02-27 21:36:32 :: TRACE :: Loader :: Saving Mod Info: Aura
INFO - [G] 2025-02-27 21:36:32 :: TRACE :: Loader :: Processing Mod file (Legacy header): PreorderCards.lua
INFO - [G] 2025-02-27 21:36:32 :: TRACE :: Loader :: Saving Mod Info: preorder_cards
INFO - [G] 2025-02-27 21:36:32 :: TRACE :: Loader :: Processing Mod file (Legacy header): SakashimaJoker.lua
INFO - [G] 2025-02-27 21:36:32 :: TRACE :: Loader :: Saving Mod Info: SakashimaJoker
INFO - [G] 2025-02-27 21:36:32 :: TRACE :: Loader :: Mod SakashimaJoker was unable to load: 
INFO - [G] 2025-02-27 21:36:32 :: INFO  :: TIMER :: [0000] Injected Language in 0.001 ms
INFO - [G] 2025-02-27 21:36:32 :: INFO  :: TIMER :: [0000] Injected [INTERNAL] in 0.933 ms
INFO - [G] 2025-02-27 21:36:33 :: INFO  :: TIMER :: [0032] Injected Atlas in 1286.332 ms
INFO - [G] 2025-02-27 21:36:33 :: INFO  :: TIMER :: [0053] Injected Sound in 4.160 ms
INFO - [G] 2025-02-27 21:36:33 :: INFO  :: TIMER :: [0008] Injected Stake in 0.217 ms
INFO - [G] 2025-02-27 21:36:33 :: INFO  :: TIMER :: [0004] Injected Rarity in 0.013 ms
INFO - [G] 2025-02-27 21:36:33 :: INFO  :: TIMER :: [0004] Injected ObjectType in 0.029 ms
INFO - [G] 2025-02-27 21:36:33 :: INFO  :: TIMER :: [0198] Injected Center in 1.962 ms
INFO - [G] 2025-02-27 21:36:33 :: INFO  :: TIMER :: [0007] Injected Undiscovered Sprite in 0.011 ms
INFO - [G] 2025-02-27 21:36:33 :: INFO  :: TIMER :: [0002] Injected Blind in 0.024 ms
INFO - [G] 2025-02-27 21:36:33 :: INFO  :: TIMER :: [0004] Injected Seal in 0.321 ms
INFO - [G] 2025-02-27 21:36:33 :: INFO  :: TIMER :: [0004] Injected Suit in 0.127 ms
INFO - [G] 2025-02-27 21:36:33 :: INFO  :: TIMER :: [0013] Injected Rank in 0.148 ms
INFO - [G] 2025-02-27 21:36:33 :: INFO  :: TIMER :: [0028] Injected DeckSkin in 0.167 ms
INFO - [G] 2025-02-27 21:36:33 :: INFO  :: TIMER :: [0012] Injected PokerHand in 0.085 ms
INFO - [G] 2025-02-27 21:36:33 :: INFO  :: TIMER :: [0020] Injected Challenge in 0.075 ms
INFO - [G] 2025-02-27 21:36:33 :: INFO  :: TIMER :: [0000] Injected Tag in 0.002 ms
INFO - [G] 2025-02-27 21:36:33 :: INFO  :: TIMER :: [0004] Injected Sticker in 0.070 ms
INFO - [G] 2025-02-27 21:36:33 :: INFO  :: TIMER :: [0000] Injected Shader in 0.002 ms
INFO - [G] 2025-02-27 21:36:33 :: INFO  :: TIMER :: [0001] Injected Keybind in 0.009 ms
INFO - [G] 2025-02-27 21:36:33 :: INFO  :: TIMER :: [0000] Injected Achievement in 0.040 ms
INFO - [G] 2025-02-27 21:36:33 :: INFO  :: TIMER :: [0000] Injected [INTERNAL] in 0.462 ms
INFO - [G] { ["alerted"] = true,["_saved_d_u"] = true,["original_key"] = j_faceless,["mod"] = { ["version"] = 0.023,["id"] = Aura,["main_file"] = Aura.lua,["lovely"] = true,["can_load"] = true,["badge_colour"] = { [1] = 0.20392156862745,[2] = 0.41176470588235,[3] = 0.67058823529412,[4] = 1,} ,["badge_text_colour"] = { [1] = 1,[2] = 1,[3] = 1,[4] = 1,} ,["priority"] = 0,["author"] = { [1] = MathIsFun_,[2] = ChromaPIE,[3] = Bard,[4] = Grassy311,[5] = RattlingSnow353,[6] = Solace,[7] = RadicaAprils,[8] = chloe_cromslor,} ,["config"] = { } ,["path"] = C:\Users\Administrator\AppData\Roaming\Balatro\Mods/Aura/,["description"] = Adds animations to Jokers.,["prefix"] = aura,["conflicts"] = { } ,["dependencies"] = { } ,["display_name"] = Aura,["name"] = Aura,["optional_dependencies"] = { } ,} ,["unlocked"] = true,["_u"] = true,["registered"] = true,["generate_ui"] = 0,["rarity"] = 1,["_discovered_unlocked_overwritten"] = true,["order"] = 179,["_d"] = false,["atlas"] = aura_j_faceless,["blueprint_compat"] = true,["prefix_config"] = { } ,["rarity_original"] = 1,["taken_ownership"] = true,["discovered"] = true,["key"] = j_faceless,["pos"] = { ["y"] = 1,["x"] = 0,} ,["cost"] = 4,["perishable_compat"] = true,["eternal_compat"] = true,["set"] = Joker,["name"] = Faceless Joker,["config"] = { ["extra"] = { ["faces"] = 3,["dollars"] = 5,} ,} ,} 
INFO - [G] 0
INFO - [G] 0
INFO - [G] 0
INFO - [G] 0
INFO - [G] 0
INFO - [G] 0
INFO - [G] 0
INFO - [G] 0
INFO - [G] 0
INFO - [G] 0
INFO - [G] 0
INFO - [G] 0
INFO - [G] 0
INFO - [G] 0
INFO - [G] 0
INFO - [G] 0
INFO - [G] 0
INFO - [G] 0
INFO - [G] 0
INFO - [G] 0
INFO - [G] 0
INFO - [G] 0
INFO - [G] 0
INFO - [G] 0
INFO - [G] 0
INFO - [G] 0
INFO - [G] 0
INFO - [G] 0
INFO - [G] 0
INFO - [G] 0
INFO - [G] 0
INFO - [G] 0
INFO - [G] 0
INFO - [G] 0
INFO - [G] 0
INFO - [G] 0
INFO - [G] 0
INFO - [G] 0
INFO - [G] 0
INFO - [G] ERROR LOADING GAME: Card area 'shop_booster' not instantiated before load
INFO - [G] ERROR LOADING GAME: Card area 'shop_vouchers' not instantiated before load
INFO - [G] ERROR LOADING GAME: Card area 'shop_jokers' not instantiated before load
INFO - [G] 0
INFO - [G] 0
INFO - [G] 0
INFO - [G] 0
INFO - [G] 0
INFO - [G] 0
INFO - [G] 0
INFO - [G] 0
INFO - [G] 0
INFO - [G] 0
INFO - [G] 0
INFO - [G] 0
INFO - [G] 0
INFO - [G] 0
INFO - [G] 0
INFO - [G] 0
INFO - [G] 0
INFO - [G] 0
INFO - [G] 0
INFO - [G] 0
INFO - [G] 0
INFO - [G] 0
INFO - [G] 0
