INFO - [♥] Lovely 0.7.1
INFO - [♥] Game directory is at "C:\\Program Files (x86)\\Steam\\steamapps\\common\\Balatro"
INFO - [♥] Writing logs to "C:\\Users\\Administrator\\AppData\\Roaming\\Balatro\\Mods\\lovely\\log"
INFO - [♥] Using mod directory at "C:\\Users\\Administrator\\AppData\\Roaming\\Balatro\\Mods"
INFO - [♥] Found .lovelyignore in 'SakashimaJoker', skipping it.
INFO - [♥] Cleaning up dumps directory at "C:\\Users\\Administrator\\AppData\\Roaming\\Balatro\\Mods\\lovely\\dump"
INFO - [♥] Initialization complete in 23ms
INFO - [♥] Applied 12 patches to 'main.lua'
INFO - [♥] Applied 5 patches to 'engine/controller.lua'
INFO - [♥] Applied 13 patches to 'back.lua'
INFO - [♥] Applied 6 patches to 'tag.lua'
INFO - [♥] Applied 1 patch to 'engine/moveable.lua'
INFO - [♥] Applied 2 patches to 'engine/sprite.lua'
INFO - [♥] Applied 2 patches to 'engine/animatedsprite.lua'
INFO - [♥] Applied 44 patches to 'functions/misc_functions.lua'
INFO - [♥] Applied 29 patches to 'game.lua'
INFO - [♥] Applied 1 patch to 'globals.lua'
INFO - [♥] Applied 3 patches to 'engine/ui.lua'
INFO - [♥] Applied 72 patches to 'functions/UI_definitions.lua'
INFO - [♥] Applied 39 patches to 'functions/state_events.lua'
INFO - [♥] Applied 87 patches to 'functions/common_events.lua'
INFO - [♥] Applied 38 patches to 'functions/button_callbacks.lua'
INFO - [♥] Applied 143 patches to 'card.lua'
INFO - [♥] Applied 6 patches to 'cardarea.lua'
INFO - [♥] Applied 30 patches to 'blind.lua'
INFO - [♥] Applied 2 patches to 'engine/text.lua'
INFO - [G] Failed to connect to the debug server
INFO - [G] 2025-03-07 01:36:26 :: DEBUG :: DebugConsole :: Steamodded Debug Socket started !
INFO - [♥] Applied 9 patches to 'engine/sound_manager.lua'
INFO - [♥] Applied 1 patch to 'engine/save_manager.lua'
INFO - [G] 2025-03-07 01:36:28 :: ERROR :: Loader :: Found invalid metadata JSON file at C:\Users\Administrator\AppData\Roaming\Balatro\Mods/.vscode/settings.json, ignoring: [SMODS _ "src/loader.lua"]:226: id
INFO - [G] 2025-03-07 01:36:28 :: INFO  :: DefaultLogger :: Valid JSON file found
INFO - [G] 2025-03-07 01:36:28 :: ERROR :: Loader :: Found invalid metadata JSON file at C:\Users\Administrator\AppData\Roaming\Balatro\Mods/Aura/.vscode/settings.json, ignoring: [SMODS _ "src/loader.lua"]:226: id
INFO - [G] 2025-03-07 01:36:28 :: TRACE :: Loader :: Processing Mod file (Legacy header): Aura.lua
INFO - [G] 2025-03-07 01:36:28 :: TRACE :: Loader :: Saving Mod Info: Aura
INFO - [G] 2025-03-07 01:36:28 :: TRACE :: Loader :: Processing Mod file (Legacy header): PreorderCards.lua
INFO - [G] 2025-03-07 01:36:28 :: TRACE :: Loader :: Saving Mod Info: preorder_cards
INFO - [G] 2025-03-07 01:36:28 :: INFO  :: DefaultLogger :: Valid JSON file found
INFO - [G] 2025-03-07 01:36:28 :: INFO  :: DefaultLogger :: Valid JSON file found
INFO - [G] 2025-03-07 01:36:28 :: TRACE :: Loader :: Processing Mod file (Legacy header): HentaiCards.lua
INFO - [G] 2025-03-07 01:36:28 :: WARN  :: Loader :: Duplicate Mod ID: HentaiCards
INFO - [G] 2025-03-07 01:36:28 :: TRACE :: Loader :: Processing Mod file (Legacy header): SakashimaJoker.lua
INFO - [G] 2025-03-07 01:36:28 :: TRACE :: Loader :: Saving Mod Info: SakashimaJoker
INFO - [G] 2025-03-07 01:36:28 :: INFO  :: DefaultLogger :: Valid JSON file found
INFO - [G] 2025-03-07 01:36:28 :: TRACE :: Loader :: Processing Mod file (Legacy header): VintagePinupCards.lua
INFO - [G] 2025-03-07 01:36:28 :: TRACE :: Loader :: Saving Mod Info: VintagePinupCards
INFO - [G] 2025-03-07 01:36:28 :: WARN  :: DeckSkin :: Old DeckSkin formatting detected on DeckSkin lust_LuckHearts!
INFO - [G] 2025-03-07 01:36:28 :: WARN  :: DeckSkin :: Old DeckSkin formatting detected on DeckSkin lust_LuckClubs!
INFO - [G] 2025-03-07 01:36:28 :: WARN  :: DeckSkin :: Old DeckSkin formatting detected on DeckSkin lust_LuckDiamonds!
INFO - [G] 2025-03-07 01:36:28 :: WARN  :: DeckSkin :: Old DeckSkin formatting detected on DeckSkin lust_LuckSpades!
INFO - [G] true
INFO - [G] Picture dimensions: 138 x 186
INFO - [G] Number of animation frames: 8
INFO - [G] Comment inside this GIF: Created with Paint.NET
INFO - [G] Picture dimensions: 138 x 186
INFO - [G] Number of animation frames: 1
INFO - [G] Comment inside this GIF: NO_COMMENT
INFO - [G] Picture dimensions: 138 x 186
INFO - [G] Number of animation frames: 9
INFO - [G] Comment inside this GIF: Created with Paint.NET
INFO - [G] 2025-03-07 01:36:28 :: WARN  :: Atlas :: Object centers has the same key as an existing object, not registering.
INFO - [G] 2025-03-07 01:36:28 :: WARN  :: Atlas :: If you want to modify an existing object, use take_ownership()
INFO - [G] soul_atlas
INFO - [G] 2025-03-07 01:36:28 :: TRACE :: Loader :: Mod SakashimaJoker was unable to load: 
INFO - [G] 2025-03-07 01:36:28 :: INFO  :: TIMER :: [0000] Injected Language in 0.001 ms
INFO - [G] 2025-03-07 01:36:28 :: INFO  :: TIMER :: [0000] Injected [INTERNAL] in 1.013 ms
INFO - [G] mod_tags
INFO - [G] achievements
INFO - [G] lust_AltVersions
INFO - [G] Joker
INFO - [G] centers
INFO - [G] lust_editions
INFO - [G] lust_LustTarot
INFO - [G] Booster
INFO - [G] stickers
INFO - [G] shop_sign
INFO - [G] balatro
INFO - [G] lust_modicon
INFO - [G] BalustroIcons
INFO - [G] lust_BalustroPlayingCards
INFO - [G] lust_LuckPlayingCardsLC
INFO - [G] lust_LuckPlayingCardsHC
INFO - [G] bull_wide_card
INFO - [G] aura_j_faceless
INFO - [G] aura_j_seance
INFO - [G] aura_j_juggler
INFO - [G] aura_c_hearts
INFO - [G] aura_c_diamonds
INFO - [G] aura_c_clubs
INFO - [G] aura_c_spades
INFO - [G] aura_goon_icon_heart
INFO - [G] aura_goon_icon_diamond
INFO - [G] aura_goon_icon_club
INFO - [G] aura_goon_icon_spade
INFO - [G] FHC_hentai_cards_deck_lc
INFO - [G] FHC_hentai_cards_deck_hc
INFO - [G] Tarot
INFO - [G] Planet
INFO - [G] Spectral
INFO - [G] soul_atlas
INFO - [G] StickfaceNSFW_8BitDeck_opt2
INFO - [G] StickfaceNSFW_8BitDeck
INFO - [G] StickfaceNSFW_icon_lc
INFO - [G] StickfaceNSFW_icon_hc
INFO - [G] vintage_pinup_cards
INFO - [G] 2025-03-07 01:36:29 :: INFO  :: TIMER :: [0039] Injected Atlas in 1134.193 ms
INFO - [G] 2025-03-07 01:36:29 :: INFO  :: TIMER :: [0053] Injected Sound in 4.097 ms
INFO - [G] 2025-03-07 01:36:29 :: INFO  :: TIMER :: [0008] Injected Stake in 0.280 ms
INFO - [G] 2025-03-07 01:36:29 :: INFO  :: TIMER :: [0004] Injected Rarity in 0.015 ms
INFO - [G] 2025-03-07 01:36:29 :: INFO  :: TIMER :: [0004] Injected ObjectType in 0.033 ms
INFO - [G] 2025-03-07 01:36:29 :: INFO  :: TIMER :: [0212] Injected Center in 2.210 ms
INFO - [G] 2025-03-07 01:36:29 :: INFO  :: TIMER :: [0007] Injected Undiscovered Sprite in 0.030 ms
INFO - [G] 2025-03-07 01:36:29 :: INFO  :: TIMER :: [0002] Injected Blind in 0.015 ms
INFO - [G] 2025-03-07 01:36:29 :: INFO  :: TIMER :: [0004] Injected Seal in 0.445 ms
INFO - [G] 2025-03-07 01:36:29 :: INFO  :: TIMER :: [0004] Injected Suit in 0.054 ms
INFO - [G] 2025-03-07 01:36:29 :: INFO  :: TIMER :: [0013] Injected Rank in 0.074 ms
INFO - [G] 2025-03-07 01:36:29 :: INFO  :: TIMER :: [0052] Injected DeckSkin in 0.296 ms
INFO - [G] 2025-03-07 01:36:29 :: INFO  :: TIMER :: [0012] Injected PokerHand in 0.041 ms
INFO - [G] 2025-03-07 01:36:29 :: INFO  :: TIMER :: [0020] Injected Challenge in 0.029 ms
INFO - [G] 2025-03-07 01:36:29 :: INFO  :: TIMER :: [0000] Injected Tag in 0.002 ms
INFO - [G] 2025-03-07 01:36:29 :: INFO  :: TIMER :: [0004] Injected Sticker in 0.821 ms
INFO - [G] 2025-03-07 01:36:29 :: INFO  :: TIMER :: [0000] Injected Shader in 0.002 ms
INFO - [G] 2025-03-07 01:36:29 :: INFO  :: TIMER :: [0001] Injected Keybind in 0.051 ms
INFO - [G] 2025-03-07 01:36:29 :: INFO  :: TIMER :: [0000] Injected Achievement in 0.026 ms
INFO - [G] 2025-03-07 01:36:29 :: INFO  :: TIMER :: [0000] Injected [INTERNAL] in 1.923 ms
INFO - [G] nice
INFO - [G] nice
INFO - [G] nice
INFO - [G] nice
INFO - [G] nice
INFO - [G] nice
INFO - [G] nice
INFO - [G] nice
INFO - [G] nice
INFO - [G] nice
INFO - [G] nice
INFO - [G] nice
INFO - [G] nice
INFO - [G] nice
INFO - [G] nice
INFO - [G] nice
INFO - [G] nice
INFO - [G] nice
INFO - [G] nice
INFO - [G] nice
INFO - [G] nice
INFO - [G] nice
INFO - [G] nice
INFO - [G] nice
INFO - [G] nice
INFO - [G] nice
INFO - [G] nice
INFO - [G] nice
INFO - [G] nice
INFO - [G] nice
INFO - [G] nice
INFO - [G] nice
INFO - [G] nice
INFO - [G] nice
INFO - [G] line not found
INFO - [G] file not found: main.lua: No such file or directory
INFO - [G] file not found: main.lua: No such file or directory
INFO - [G] file not found: main.lua: No such file or directory
INFO - [G] file not found: main.lua: No such file or directory
INFO - [G] 2025-03-07 01:36:30 :: ERROR :: StackTrace :: Oops! The game crashed
[SMODS 0Bullitro "0Bullitro.lua"]:1211: attempt to compare number with nil
Stack Traceback
===============
(1) Lua local 'handler' at file 'main.lua:612'
	Local variables:
	 msg = string: "[SMODS 0Bullitro \"0Bullitro.lua\"]:1211: attempt to compare number with nil"
	 (*temporary) = Lua function '?' (defined at line 31 of chunk [SMODS _ "src/logging.lua"])
	 (*temporary) = string: "Oops! The game crashed\
"
(2) LÖVE metamethod at file 'boot.lua:352'
	Local variables:
	 errhand = Lua function '?' (defined at line 598 of chunk main.lua)
	 handler = Lua function '?' (defined at line 598 of chunk main.lua)
(3) Lua global 'prep_draw' at file '0Bullitro.lua:1211' (from mod with id 0Bullitro)
	Local variables:
	 moveable = table: 0x0699d958  {click_offset:table: 0x06683c38, children:table: 0x07aed788, parent:table: 0x062f6e20 (more...)}
	 scale = number: 1
	 rotate = nil
	 offset = nil
	 normal_1 = number: 10
	 normal_2 = number: 0
	 normal_4 = nil
	 (*temporary) = number: 0
	 (*temporary) = number: 4.03722e-313
	 (*temporary) = table: 0x06be7140  {}
	 (*temporary) = C function: unpack
	 (*temporary) = table: 0x06be7140  {}
	 (*temporary) = number: 0
	 (*temporary) = nil
	 (*temporary) = nil
	 (*temporary) = number: 0
	 (*temporary) = string: "attempt to compare number with nil"
(4) Lua method 'draw_self' at file 'engine/sprite.lua:147'
	Local variables:
	 self = table: 0x0699d958  {click_offset:table: 0x06683c38, children:table: 0x07aed788, parent:table: 0x062f6e20 (more...)}
	 overlay = nil
(5) Lua method 'draw_shader' at file 'engine/sprite.lua:130'
	Local variables:
	 self = table: 0x0699d958  {click_offset:table: 0x06683c38, children:table: 0x07aed788, parent:table: 0x062f6e20 (more...)}
	 _shader = string: "dissolve"
	 _shadow_height = number: 0.1
	 _send = nil
	 _no_tilt = nil
	 other_obj = nil
	 ms = nil
	 mr = nil
	 mx = nil
	 my = nil
	 custom_shader = nil
	 tilt_shadow = nil
	 _draw_major = table: 0x062f6e20  {click_offset:table: 0x06876ea8, children:table: 0x0688e9c0, ambient_tilt:1 (more...)}
	 p_shader = nil
(6) Lua upvalue 'old_draw' at file 'card.lua:4543'
	Local variables:
	 self = table: 0x062f6e20  {click_offset:table: 0x06876ea8, children:table: 0x0688e9c0, ambient_tilt:1 (more...)}
	 layer = string: "both"
(7) Lua method 'draw' at file 'Aura.lua:314' (from mod with id Aura)
	Local variables:
	 self = table: 0x062f6e20  {click_offset:table: 0x06876ea8, children:table: 0x0688e9c0, ambient_tilt:1 (more...)}
	 layer = nil
(8) Lua method 'draw' at file 'game.lua:2854'
	Local variables:
	 self = table: 0x063964f8  {F_GUIDE:false, F_CRASH_REPORTS:false, F_QUIT_BUTTON:true, F_ENGLISH_ONLY:false (more...)}
	 (for generator) = C function: next
	 (for state) = table: 0x0639aed0  {1:table: 0x062f6e20}
	 (for control) = number: nan
	 k = number: 1
	 v = table: 0x062f6e20  {click_offset:table: 0x06876ea8, children:table: 0x0688e9c0, ambient_tilt:1 (more...)}
(9) Lua field 'draw' at file 'main.lua:998'
(10) Lua function '?' at file 'main.lua:934' (best guess)
(11) global C function 'xpcall'
(12) LÖVE function at file 'boot.lua:377' (best guess)
	Local variables:
	 func = Lua function '?' (defined at line 902 of chunk main.lua)
	 inerror = boolean: true
	 deferErrhand = Lua function '(LÖVE Function)' (defined at line 348 of chunk [love "boot.lua"])
	 earlyinit = Lua function '(LÖVE Function)' (defined at line 355 of chunk [love "boot.lua"])

INFO - [G] file not found: main.lua: No such file or directory
INFO - [G] file not found: main.lua: No such file or directory
INFO - [G] 2025-03-07 01:36:30 :: INFO  :: StackTrace :: Additional Context:
Balatro Version: 1.0.1o-FULL
Modded Version: 1.0.0~ALPHA-1409a-STEAMODDED
LÖVE Version: 11.5.0
Lovely Version: 0.7.1
Platform: Windows
Steamodded Mods:
    1: Zero Bullitro by BitBites [ID: 0Bullitro, Version: 1.0]
    2: Preorder Cards by asd123cqp [ID: preorder_cards]
    3: Aura by MathIsFun_, ChromaPIE, Bard, Grassy311, RattlingSnow353, Solace, RadicaAprils, chloe_cromslor [ID: Aura, Version: 0.023, Uses Lovely]
    4: Hentai Cards by Makubex77, Pheubel (Code) [ID: HentaiCards, Version: 1.1]
    5: Vintage Pinup Cards by NoScope1080 [ID: VintagePinupCards]
    6: Stickface Deck by Stickface [ID: StickfaceNSFWDeck, Version: 1.0.0]
    7: Balustro by someone23832 [ID: Balustro, Priority: -20, Version: 0.12, Uses Lovely]
Lovely Mods:
