INFO - [♥] Lovely 0.7.1
INFO - [♥] Game directory is at "C:\\Program Files (x86)\\Steam\\steamapps\\common\\Balatro"
INFO - [♥] Writing logs to "C:\\Users\\Administrator\\AppData\\Roaming\\Balatro\\Mods\\lovely\\log"
INFO - [♥] Using mod directory at "C:\\Users\\Administrator\\AppData\\Roaming\\Balatro\\Mods"
INFO - [♥] Found .lovelyignore in 'SakashimaJoker', skipping it.
INFO - [♥] Cleaning up dumps directory at "C:\\Users\\Administrator\\AppData\\Roaming\\Balatro\\Mods\\lovely\\dump"
INFO - [♥] Initialization complete in 21ms
INFO - [♥] Applied 12 patches to 'main.lua'
INFO - [♥] Applied 5 patches to 'engine/controller.lua'
INFO - [♥] Applied 13 patches to 'back.lua'
INFO - [♥] Applied 6 patches to 'tag.lua'
INFO - [♥] Applied 1 patch to 'engine/moveable.lua'
INFO - [♥] Applied 2 patches to 'engine/sprite.lua'
INFO - [♥] Applied 2 patches to 'engine/animatedsprite.lua'
INFO - [♥] Applied 44 patches to 'functions/misc_functions.lua'
INFO - [♥] Applied 24 patches to 'game.lua'
INFO - [♥] Applied 1 patch to 'globals.lua'
INFO - [♥] Applied 3 patches to 'engine/ui.lua'
INFO - [♥] Applied 72 patches to 'functions/UI_definitions.lua'
INFO - [♥] Applied 39 patches to 'functions/state_events.lua'
INFO - [♥] Applied 86 patches to 'functions/common_events.lua'
INFO - [♥] Applied 38 patches to 'functions/button_callbacks.lua'
INFO - [♥] Applied 141 patches to 'card.lua'
INFO - [♥] Applied 6 patches to 'cardarea.lua'
INFO - [♥] Applied 30 patches to 'blind.lua'
INFO - [♥] Applied 2 patches to 'engine/text.lua'
INFO - [G] Failed to connect to the debug server
INFO - [G] 2025-03-01 00:18:59 :: DEBUG :: DebugConsole :: Steamodded Debug Socket started !
INFO - [♥] Applied 9 patches to 'engine/sound_manager.lua'
INFO - [♥] Applied 1 patch to 'engine/save_manager.lua'
INFO - [G] 2025-03-01 00:19:01 :: ERROR :: Loader :: Found invalid metadata JSON file at C:\Users\Administrator\AppData\Roaming\Balatro\Mods/.vscode/settings.json, ignoring: [SMODS _ "src/loader.lua"]:226: id
INFO - [G] 2025-03-01 00:19:01 :: ERROR :: Loader :: Found invalid metadata JSON file at C:\Users\Administrator\AppData\Roaming\Balatro\Mods/Aura/.vscode/settings.json, ignoring: [SMODS _ "src/loader.lua"]:226: id
INFO - [G] 2025-03-01 00:19:01 :: TRACE :: Loader :: Processing Mod file (Legacy header): Aura.lua
INFO - [G] 2025-03-01 00:19:01 :: TRACE :: Loader :: Saving Mod Info: Aura
INFO - [G] 2025-03-01 00:19:01 :: TRACE :: Loader :: Processing Mod file (Legacy header): PreorderCards.lua
INFO - [G] 2025-03-01 00:19:01 :: TRACE :: Loader :: Saving Mod Info: preorder_cards
INFO - [G] 2025-03-01 00:19:01 :: TRACE :: Loader :: Processing Mod file (Legacy header): SakashimaJoker.lua
INFO - [G] 2025-03-01 00:19:01 :: TRACE :: Loader :: Saving Mod Info: SakashimaJoker
INFO - [G] 2025-03-01 00:19:01 :: TRACE :: Loader :: Mod SakashimaJoker was unable to load: 
INFO - [G] 2025-03-01 00:19:01 :: INFO  :: TIMER :: [0000] Injected Language in 0.001 ms
INFO - [G] 2025-03-01 00:19:01 :: INFO  :: TIMER :: [0000] Injected [INTERNAL] in 1.011 ms
INFO - [G] 2025-03-01 00:19:02 :: INFO  :: TIMER :: [0032] Injected Atlas in 1295.483 ms
INFO - [G] 2025-03-01 00:19:02 :: INFO  :: TIMER :: [0053] Injected Sound in 4.451 ms
INFO - [G] 2025-03-01 00:19:02 :: INFO  :: TIMER :: [0008] Injected Stake in 0.140 ms
INFO - [G] 2025-03-01 00:19:02 :: INFO  :: TIMER :: [0004] Injected Rarity in 0.015 ms
INFO - [G] 2025-03-01 00:19:02 :: INFO  :: TIMER :: [0004] Injected ObjectType in 0.025 ms
INFO - [G] 2025-03-01 00:19:02 :: INFO  :: TIMER :: [0198] Injected Center in 2.291 ms
INFO - [G] 2025-03-01 00:19:02 :: INFO  :: TIMER :: [0007] Injected Undiscovered Sprite in 0.042 ms
INFO - [G] 2025-03-01 00:19:02 :: INFO  :: TIMER :: [0002] Injected Blind in 0.015 ms
INFO - [G] 2025-03-01 00:19:02 :: INFO  :: TIMER :: [0004] Injected Seal in 0.347 ms
INFO - [G] 2025-03-01 00:19:02 :: INFO  :: TIMER :: [0004] Injected Suit in 0.069 ms
INFO - [G] 2025-03-01 00:19:02 :: INFO  :: TIMER :: [0013] Injected Rank in 0.084 ms
INFO - [G] 2025-03-01 00:19:02 :: INFO  :: TIMER :: [0028] Injected DeckSkin in 0.182 ms
INFO - [G] 2025-03-01 00:19:02 :: INFO  :: TIMER :: [0012] Injected PokerHand in 0.046 ms
INFO - [G] 2025-03-01 00:19:02 :: INFO  :: TIMER :: [0020] Injected Challenge in 0.024 ms
INFO - [G] 2025-03-01 00:19:02 :: INFO  :: TIMER :: [0000] Injected Tag in 0.002 ms
INFO - [G] 2025-03-01 00:19:02 :: INFO  :: TIMER :: [0004] Injected Sticker in 0.074 ms
INFO - [G] 2025-03-01 00:19:02 :: INFO  :: TIMER :: [0000] Injected Shader in 0.004 ms
INFO - [G] 2025-03-01 00:19:02 :: INFO  :: TIMER :: [0001] Injected Keybind in 0.027 ms
INFO - [G] 2025-03-01 00:19:02 :: INFO  :: TIMER :: [0000] Injected Achievement in 0.048 ms
INFO - [G] 2025-03-01 00:19:02 :: INFO  :: TIMER :: [0000] Injected [INTERNAL] in 0.467 ms
INFO - [G] line not found
INFO - [G] file not found: main.lua: No such file or directory
INFO - [G] file not found: main.lua: No such file or directory
INFO - [G] line not found
INFO - [G] file not found: functions/button_callbacks.lua: No such file or directory
INFO - [G] file not found: main.lua: No such file or directory
INFO - [G] file not found: main.lua: No such file or directory
INFO - [G] 2025-03-01 00:19:08 :: ERROR :: StackTrace :: Oops! The game crashed
[SMODS Aura "Aura.lua"]:338: attempt to call global 'implAnimEngineForJkr' (a nil value)
Stack Traceback
===============
(1) Lua local 'handler' at file 'main.lua:612'
	Local variables:
	 msg = string: "[SMODS Aura \"Aura.lua\"]:338: attempt to call global 'implAnimEngineForJkr' (a nil value)"
	 (*temporary) = Lua function '?' (defined at line 31 of chunk [SMODS _ "src/logging.lua"])
	 (*temporary) = string: "Oops! The game crashed\
"
(2) LÖVE global at file 'boot.lua:352'
	Local variables:
	 errhand = Lua function '?' (defined at line 598 of chunk main.lua)
	 handler = Lua function '?' (defined at line 598 of chunk main.lua)
(3) Lua method 'init' at file 'Aura.lua:338' (from mod with id Aura)
	Local variables:
	 self = table: 0x11497ef0  {click_offset:table: 0x1152d098, children:table: 0x1152d248, ambient_tilt:0.2 (more...)}
	 x = number: 10
	 y = number: 5.91433
	 w = number: 2.04878
	 h = number: 2.75122
	 card = nil
	 center = table: 0x115b28b8  {alerted:true, _saved_d_u:true, original_key:j_faceless, mod:table: 0x11484358 (more...)}
	 params = nil
	 (*temporary) = nil
	 (*temporary) = table: 0x11497ef0  {click_offset:table: 0x1152d098, children:table: 0x1152d248, ambient_tilt:0.2 (more...)}
	 (*temporary) = number: 1.96292e-225
	 (*temporary) = table: 0x11497ef0  {click_offset:table: 0x1152d098, children:table: 0x1152d248, ambient_tilt:0.2 (more...)}
	 (*temporary) = table: 0x115829e0  {alerted:true, _saved_d_u:true, original_key:j_faceless, mod:table: 0x11582a40 (more...)}
	 (*temporary) = nil
	 (*temporary) = nil
	 (*temporary) = table: 0x11497ef0  {click_offset:table: 0x1152d098, children:table: 0x1152d248, ambient_tilt:0.2 (more...)}
	 (*temporary) = table: 0x115829e0  {alerted:true, _saved_d_u:true, original_key:j_faceless, mod:table: 0x11582a40 (more...)}
	 (*temporary) = string: "attempt to call global 'implAnimEngineForJkr' (a nil value)"
(4) Lua global 'Card' at file 'engine/object.lua:35'
	Local variables:
	 self = table: 0x111919b0  {set_base:function: 0x1119c240, set_card_area:function: 0x1119b160, generate_UIBox_unlock_table:function: 0x111987f0 (more...)}
	 obj = table: 0x11497ef0  {click_offset:table: 0x1152d098, children:table: 0x1152d248, ambient_tilt:0.2 (more...)}
(5) Lua function '?' at Steamodded file 'src/ui.lua:1723'  (best guess)
	Local variables:
	 e = table: 0x1189f880  {to_val:Page 4/10, cycle_config:table: 0x114c2370, from_key:3, to_key:4 (more...)}
	 (for index) = number: 3
	 (for limit) = number: 3
	 (for step) = number: 1
	 j = number: 3
	 (for index) = number: 2
	 (for limit) = number: 5
	 (for step) = number: 1
	 i = number: 2
	 center = table: 0x115b28b8  {alerted:true, _saved_d_u:true, original_key:j_faceless, mod:table: 0x11484358 (more...)}
(6) Lua function '?' at file 'functions/button_callbacks.lua:579' (best guess)
	Local variables:
	 e = table: 0x1184ca00  {pixellated_rect:table: 0x10f235d8, click_offset:table: 0x114abde0, children:table: 0x1184ca28 (more...)}
	 from_val = string: "Page 3/10"
	 from_key = number: 3
	 old_pip = nil
	 cycle_main = table: 0x1153a970  {pixellated_rect:table: 0x11260e50, click_offset:table: 0x11460f58, children:table: 0x1153a998 (more...)}
	 to_val = string: "Page 4/10"
	 to_key = number: 4
	 new_pip = nil
(7) Lua method 'click' at file 'engine/ui.lua:981'
	Local variables:
	 self = table: 0x1184ca00  {pixellated_rect:table: 0x10f235d8, click_offset:table: 0x114abde0, children:table: 0x1184ca28 (more...)}
(8) Lua method 'update' at file 'engine/controller.lua:375'
	Local variables:
	 self = table: 0x110e83d0  {held_button_times:table: 0x11182ec8, focus_cursor_stack_level:1, snap_cursor_to:table: 0x11588088 (more...)}
	 dt = number: 0.0168952
(9) Lua upvalue 'gameUpdateRef' at file 'game.lua:2675'
	Local variables:
	 self = table: 0x10fb03e0  {F_GUIDE:false, F_CRASH_REPORTS:false, F_QUIT_BUTTON:true, F_ENGLISH_ONLY:false (more...)}
	 dt = number: 0
(10) Lua upvalue 'old_update' at Steamodded file 'src/ui.lua:84' 
	Local variables:
	 self = table: 0x10fb03e0  {F_GUIDE:false, F_CRASH_REPORTS:false, F_QUIT_BUTTON:true, F_ENGLISH_ONLY:false (more...)}
	 dt = number: 0.0168952
(11) Lua method 'update' at file 'Aura.lua:266' (from mod with id Aura)
	Local variables:
	 self = table: 0x10fb03e0  {F_GUIDE:false, F_CRASH_REPORTS:false, F_QUIT_BUTTON:true, F_ENGLISH_ONLY:false (more...)}
	 dt = number: 0.0168952
(12) Lua field 'update' at file 'main.lua:992'
	Local variables:
	 dt = number: 0.0168952
(13) Lua function '?' at file 'main.lua:931' (best guess)
(14) global C function 'xpcall'
(15) LÖVE function at file 'boot.lua:377' (best guess)
	Local variables:
	 func = Lua function '?' (defined at line 902 of chunk main.lua)
	 inerror = boolean: true
	 deferErrhand = Lua function '(LÖVE Function)' (defined at line 348 of chunk [love "boot.lua"])
	 earlyinit = Lua function '(LÖVE Function)' (defined at line 355 of chunk [love "boot.lua"])

INFO - [G] line not found
INFO - [G] file not found: functions/button_callbacks.lua: No such file or directory
INFO - [G] file not found: main.lua: No such file or directory
INFO - [G] file not found: main.lua: No such file or directory
INFO - [G] 2025-03-01 00:19:08 :: INFO  :: StackTrace :: Additional Context:
Balatro Version: 1.0.1o-FULL
Modded Version: 1.0.0~ALPHA-1409a-STEAMODDED
LÖVE Version: 11.5.0
Lovely Version: 0.7.1
Platform: Windows
Steamodded Mods:
    1: Aura by MathIsFun_, ChromaPIE, Bard, Grassy311, RattlingSnow353, Solace, RadicaAprils, chloe_cromslor [ID: Aura, Version: 0.023, Uses Lovely]
    2: Preorder Cards by asd123cqp [ID: preorder_cards]
Lovely Mods:
