INFO - [♥] Lovely 0.7.1
INFO - [♥] Game directory is at "C:\\Program Files (x86)\\Steam\\steamapps\\common\\Balatro"
INFO - [♥] Writing logs to "C:\\Users\\Administrator\\AppData\\Roaming\\Balatro\\Mods\\lovely\\log"
INFO - [♥] Using mod directory at "C:\\Users\\Administrator\\AppData\\Roaming\\Balatro\\Mods"
INFO - [♥] Found .lovelyignore in 'SakashimaJoker', skipping it.
INFO - [♥] Cleaning up dumps directory at "C:\\Users\\Administrator\\AppData\\Roaming\\Balatro\\Mods\\lovely\\dump"
INFO - [♥] Initialization complete in 21ms
INFO - [♥] Applied 12 patches to 'main.lua'
INFO - [♥] Applied 5 patches to 'engine/controller.lua'
INFO - [♥] Applied 13 patches to 'back.lua'
INFO - [♥] Applied 6 patches to 'tag.lua'
INFO - [♥] Applied 1 patch to 'engine/moveable.lua'
INFO - [♥] Applied 2 patches to 'engine/sprite.lua'
INFO - [♥] Applied 2 patches to 'engine/animatedsprite.lua'
INFO - [♥] Applied 44 patches to 'functions/misc_functions.lua'
INFO - [♥] Applied 24 patches to 'game.lua'
INFO - [♥] Applied 1 patch to 'globals.lua'
INFO - [♥] Applied 3 patches to 'engine/ui.lua'
INFO - [♥] Applied 72 patches to 'functions/UI_definitions.lua'
INFO - [♥] Applied 39 patches to 'functions/state_events.lua'
INFO - [♥] Applied 86 patches to 'functions/common_events.lua'
INFO - [♥] Applied 38 patches to 'functions/button_callbacks.lua'
INFO - [♥] Applied 141 patches to 'card.lua'
INFO - [♥] Applied 6 patches to 'cardarea.lua'
INFO - [♥] Applied 30 patches to 'blind.lua'
INFO - [♥] Applied 2 patches to 'engine/text.lua'
INFO - [G] Failed to connect to the debug server
INFO - [G] 2025-03-01 01:48:03 :: DEBUG :: DebugConsole :: Steamodded Debug Socket started !
INFO - [♥] Applied 9 patches to 'engine/sound_manager.lua'
INFO - [♥] Applied 1 patch to 'engine/save_manager.lua'
INFO - [G] 2025-03-01 01:48:04 :: ERROR :: Loader :: Found invalid metadata JSON file at C:\Users\Administrator\AppData\Roaming\Balatro\Mods/.vscode/settings.json, ignoring: [SMODS _ "src/loader.lua"]:226: id
INFO - [G] 2025-03-01 01:48:04 :: ERROR :: Loader :: Found invalid metadata JSON file at C:\Users\Administrator\AppData\Roaming\Balatro\Mods/Aura/.vscode/settings.json, ignoring: [SMODS _ "src/loader.lua"]:226: id
INFO - [G] 2025-03-01 01:48:04 :: TRACE :: Loader :: Processing Mod file (Legacy header): Aura.lua
INFO - [G] 2025-03-01 01:48:04 :: TRACE :: Loader :: Saving Mod Info: Aura
INFO - [G] 2025-03-01 01:48:04 :: TRACE :: Loader :: Processing Mod file (Legacy header): PreorderCards.lua
INFO - [G] 2025-03-01 01:48:04 :: TRACE :: Loader :: Saving Mod Info: preorder_cards
INFO - [G] 2025-03-01 01:48:04 :: TRACE :: Loader :: Processing Mod file (Legacy header): SakashimaJoker.lua
INFO - [G] 2025-03-01 01:48:04 :: TRACE :: Loader :: Saving Mod Info: SakashimaJoker
INFO - [G] 2025-03-01 01:48:04 :: TRACE :: Loader :: Mod SakashimaJoker was unable to load: 
INFO - [G] 2025-03-01 01:48:04 :: INFO  :: TIMER :: [0000] Injected Language in 0.001 ms
INFO - [G] 2025-03-01 01:48:04 :: INFO  :: TIMER :: [0000] Injected [INTERNAL] in 0.856 ms
INFO - [G] 2025-03-01 01:48:06 :: INFO  :: TIMER :: [0032] Injected Atlas in 1250.047 ms
INFO - [G] 2025-03-01 01:48:06 :: INFO  :: TIMER :: [0053] Injected Sound in 4.295 ms
INFO - [G] 2025-03-01 01:48:06 :: INFO  :: TIMER :: [0008] Injected Stake in 0.249 ms
INFO - [G] 2025-03-01 01:48:06 :: INFO  :: TIMER :: [0004] Injected Rarity in 0.013 ms
INFO - [G] 2025-03-01 01:48:06 :: INFO  :: TIMER :: [0004] Injected ObjectType in 0.028 ms
INFO - [G] 2025-03-01 01:48:06 :: INFO  :: TIMER :: [0198] Injected Center in 2.122 ms
INFO - [G] 2025-03-01 01:48:06 :: INFO  :: TIMER :: [0007] Injected Undiscovered Sprite in 0.011 ms
INFO - [G] 2025-03-01 01:48:06 :: INFO  :: TIMER :: [0002] Injected Blind in 0.014 ms
INFO - [G] 2025-03-01 01:48:06 :: INFO  :: TIMER :: [0004] Injected Seal in 0.268 ms
INFO - [G] 2025-03-01 01:48:06 :: INFO  :: TIMER :: [0004] Injected Suit in 0.124 ms
INFO - [G] 2025-03-01 01:48:06 :: INFO  :: TIMER :: [0013] Injected Rank in 0.190 ms
INFO - [G] 2025-03-01 01:48:06 :: INFO  :: TIMER :: [0028] Injected DeckSkin in 0.349 ms
INFO - [G] 2025-03-01 01:48:06 :: INFO  :: TIMER :: [0012] Injected PokerHand in 0.075 ms
INFO - [G] 2025-03-01 01:48:06 :: INFO  :: TIMER :: [0020] Injected Challenge in 0.057 ms
INFO - [G] 2025-03-01 01:48:06 :: INFO  :: TIMER :: [0000] Injected Tag in 0.001 ms
INFO - [G] 2025-03-01 01:48:06 :: INFO  :: TIMER :: [0004] Injected Sticker in 0.065 ms
INFO - [G] 2025-03-01 01:48:06 :: INFO  :: TIMER :: [0000] Injected Shader in 0.001 ms
INFO - [G] 2025-03-01 01:48:06 :: INFO  :: TIMER :: [0001] Injected Keybind in 0.012 ms
INFO - [G] 2025-03-01 01:48:06 :: INFO  :: TIMER :: [0000] Injected Achievement in 0.042 ms
INFO - [G] 2025-03-01 01:48:06 :: INFO  :: TIMER :: [0000] Injected [INTERNAL] in 0.494 ms
INFO - [G] ERROR LOADING GAME: Card area 'shop_booster' not instantiated before load
INFO - [G] ERROR LOADING GAME: Card area 'shop_jokers' not instantiated before load
INFO - [G] ERROR LOADING GAME: Card area 'shop_vouchers' not instantiated before load
INFO - [G] played
INFO - [G] played
INFO - [G] played
INFO - [G] played
INFO - [G] played
INFO - [G] 11
INFO - [G] played
INFO - [G] 12
INFO - [G] 13
INFO - [G] 14
INFO - [G] 15
INFO - [G] played
INFO - [G] 16
INFO - [G] 17
INFO - [G] 18
INFO - [G] played
INFO - [G] 19
INFO - [G] 20
INFO - [G] played
INFO - [G] 21
INFO - [G] 22
INFO - [G] 23
INFO - [G] played
INFO - [G] 24
INFO - [G] 25
INFO - [G] 26
INFO - [G] played
INFO - [G] 27
INFO - [G] 28
INFO - [G] 29
INFO - [G] played
INFO - [G] 30
INFO - [G] played
INFO - [G] 31
INFO - [G] 32
INFO - [G] played
INFO - [G] 33
INFO - [G] 34
INFO - [G] played
INFO - [G] 35
INFO - [G] 36
INFO - [G] played
INFO - [G] 37
INFO - [G] 38
INFO - [G] played
INFO - [G] 39
INFO - [G] played
INFO - [G] 40
INFO - [G] 41
INFO - [G] played
INFO - [G] 42
INFO - [G] played
INFO - [G] 43
INFO - [G] played
INFO - [G] 44
INFO - [G] played
INFO - [G] 45
INFO - [G] 46
INFO - [G] played
INFO - [G] 47
INFO - [G] 48
INFO - [G] played
INFO - [G] 49
INFO - [G] played
INFO - [G] 50
INFO - [G] played
INFO - [G] played
INFO - [G] 51
INFO - [G] played
INFO - [G] 52
INFO - [G] played
INFO - [G] played
INFO - [G] played
INFO - [G] played
INFO - [G] played
INFO - [G] played
INFO - [G] played
INFO - [G] played
INFO - [G] played
INFO - [G] played
INFO - [G] played
INFO - [G] played
INFO - [G] played
INFO - [G] played
INFO - [G] played
INFO - [G] played
INFO - [G] played
INFO - [G] played
INFO - [G] played
INFO - [G] played
INFO - [G] played
INFO - [G] played
INFO - [G] played
INFO - [G] played
INFO - [G] played
INFO - [G] played
INFO - [G] played
INFO - [G] played
INFO - [G] played
INFO - [G] played
INFO - [G] played
INFO - [G] 53
INFO - [G] played
INFO - [G] 54
INFO - [G] played
INFO - [G] 55
INFO - [G] played
INFO - [G] 56
INFO - [G] played
INFO - [G] 57
INFO - [G] played
INFO - [G] played
INFO - [G] 58
INFO - [G] played
INFO - [G] 59
INFO - [G] 60
INFO - [G] played
INFO - [G] 61
INFO - [G] played
INFO - [G] played
INFO - [G] 62
INFO - [G] played
INFO - [G] 63
INFO - [G] played
INFO - [G] 64
INFO - [G] played
INFO - [G] played
INFO - [G] 65
INFO - [G] played
INFO - [G] 66
INFO - [G] played
INFO - [G] 67
INFO - [G] played
INFO - [G] 68
INFO - [G] 69
INFO - [G] played
INFO - [G] 70
INFO - [G] played
INFO - [G] 71
INFO - [G] played
INFO - [G] 72
INFO - [G] 73
INFO - [G] played
INFO - [G] 74
INFO - [G] played
INFO - [G] 75
INFO - [G] played
INFO - [G] played
INFO - [G] 76
INFO - [G] 77
INFO - [G] played
INFO - [G] played
INFO - [G] 78
INFO - [G] played
INFO - [G] 79
INFO - [G] played
INFO - [G] 80
INFO - [G] played
INFO - [G] played
INFO - [G] played
INFO - [G] played
INFO - [G] played
INFO - [G] played
INFO - [G] played
INFO - [G] played
INFO - [G] 81
INFO - [G] played
INFO - [G] 82
INFO - [G] played
INFO - [G] played
INFO - [G] 83
INFO - [G] 84
INFO - [G] played
INFO - [G] 85
INFO - [G] played
INFO - [G] 86
INFO - [G] played
INFO - [G] 87
INFO - [G] 88
INFO - [G] played
INFO - [G] 89
INFO - [G] 90
INFO - [G] played
INFO - [G] 91
INFO - [G] played
INFO - [G] 92
INFO - [G] played
INFO - [G] 93
INFO - [G] 94
INFO - [G] played
INFO - [G] 95
INFO - [G] played
INFO - [G] 96
INFO - [G] 97
INFO - [G] played
INFO - [G] 98
INFO - [G] 99
INFO - [G] played
INFO - [G] 100
INFO - [G] played
INFO - [G] 101
INFO - [G] 102
INFO - [G] played
INFO - [G] 103
INFO - [G] played
INFO - [G] 104
INFO - [G] played
INFO - [G] 105
INFO - [G] played
INFO - [G] 106
INFO - [G] 107
INFO - [G] played
INFO - [G] 108
INFO - [G] played
INFO - [G] 109
INFO - [G] played
INFO - [G] 110
INFO - [G] played
INFO - [G] 111
INFO - [G] 112
INFO - [G] played
INFO - [G] 113
INFO - [G] played
INFO - [G] 114
INFO - [G] played
INFO - [G] 115
INFO - [G] played
INFO - [G] 116
INFO - [G] 117
INFO - [G] played
INFO - [G] 118
INFO - [G] played
INFO - [G] 119
INFO - [G] 120
INFO - [G] played
INFO - [G] 121
INFO - [G] played
INFO - [G] 122
INFO - [G] played
INFO - [G] 123
INFO - [G] played
INFO - [G] played
INFO - [G] 124
INFO - [G] 125
INFO - [G] played
INFO - [G] 126
INFO - [G] played
INFO - [G] 127
INFO - [G] 128
INFO - [G] played
INFO - [G] 129
INFO - [G] played
INFO - [G] 130
INFO - [G] played
INFO - [G] 131
INFO - [G] played
INFO - [G] 132
INFO - [G] played
INFO - [G] played
INFO - [G] played
INFO - [G] 133
INFO - [G] played
INFO - [G] played
INFO - [G] played
INFO - [G] played
INFO - [G] played
INFO - [G] 134
INFO - [G] played
INFO - [G] 135
INFO - [G] played
INFO - [G] 136
INFO - [G] played
INFO - [G] played
INFO - [G] 137
INFO - [G] played
INFO - [G] 138
INFO - [G] played
INFO - [G] 139
INFO - [G] played
INFO - [G] 140
INFO - [G] played
INFO - [G] 141
INFO - [G] played
INFO - [G] 142
INFO - [G] played
INFO - [G] 143
INFO - [G] played
INFO - [G] 144
INFO - [G] played
INFO - [G] 145
INFO - [G] played
INFO - [G] 146
INFO - [G] played
INFO - [G] 147
INFO - [G] played
INFO - [G] 148
INFO - [G] played
INFO - [G] 149
INFO - [G] played
INFO - [G] 150
INFO - [G] played
INFO - [G] 151
INFO - [G] played
INFO - [G] played
INFO - [G] 152
INFO - [G] played
INFO - [G] 153
INFO - [G] played
INFO - [G] 154
INFO - [G] played
INFO - [G] 155
INFO - [G] played
INFO - [G] 156
INFO - [G] played
INFO - [G] 157
INFO - [G] played
INFO - [G] played
INFO - [G] played
INFO - [G] 158
INFO - [G] played
INFO - [G] played
INFO - [G] played
INFO - [G] 159
INFO - [G] played
INFO - [G] played
INFO - [G] played
INFO - [G] played
INFO - [G] played
INFO - [G] played
INFO - [G] played
INFO - [G] played
INFO - [G] played
INFO - [G] played
INFO - [G] played
INFO - [G] played
INFO - [G] played
INFO - [G] played
INFO - [G] played
INFO - [G] played
INFO - [G] played
INFO - [G] played
INFO - [G] played
INFO - [G] played
INFO - [G] played
INFO - [G] played
INFO - [G] played
INFO - [G] played
INFO - [G] played
INFO - [G] played
INFO - [G] played
INFO - [G] played
INFO - [G] played
INFO - [G] played
INFO - [G] played
INFO - [G] played
INFO - [G] played
INFO - [G] played
INFO - [G] played
INFO - [G] played
INFO - [G] played
INFO - [G] played
INFO - [G] played
INFO - [G] played
INFO - [G] played
INFO - [G] played
INFO - [G] played
INFO - [G] played
INFO - [G] played
INFO - [G] played
INFO - [G] played
INFO - [G] played
INFO - [G] played
INFO - [G] played
INFO - [G] played
INFO - [G] played
INFO - [G] played
INFO - [G] played
INFO - [G] played
INFO - [G] played
INFO - [G] played
INFO - [G] played
INFO - [G] played
INFO - [G] played
INFO - [G] played
INFO - [G] played
INFO - [G] played
INFO - [G] played
INFO - [G] played
INFO - [G] played
INFO - [G] played
INFO - [G] played
INFO - [G] played
INFO - [G] played
INFO - [G] played
INFO - [G] played
INFO - [G] 160
INFO - [G] played
INFO - [G] 161
INFO - [G] played
INFO - [G] 162
INFO - [G] played
INFO - [G] 163
INFO - [G] played
INFO - [G] 164
INFO - [G] played
INFO - [G] 165
INFO - [G] played
INFO - [G] 166
INFO - [G] played
INFO - [G] 167
INFO - [G] played
INFO - [G] played
INFO - [G] 168
INFO - [G] played
INFO - [G] 169
INFO - [G] played
INFO - [G] 170
INFO - [G] played
INFO - [G] 171
INFO - [G] played
INFO - [G] 172
INFO - [G] played
INFO - [G] played
INFO - [G] 173
INFO - [G] played
INFO - [G] 174
INFO - [G] played
INFO - [G] 175
INFO - [G] played
INFO - [G] 176
INFO - [G] played
INFO - [G] 177
INFO - [G] played
INFO - [G] 178
INFO - [G] played
INFO - [G] played
INFO - [G] 179
INFO - [G] 180
INFO - [G] played
INFO - [G] played
INFO - [G] 181
INFO - [G] played
INFO - [G] 182
INFO - [G] played
INFO - [G] 183
INFO - [G] played
INFO - [G] 184
INFO - [G] played
INFO - [G] 185
INFO - [G] played
INFO - [G] 186
INFO - [G] played
INFO - [G] played
INFO - [G] played
INFO - [G] 187
INFO - [G] played
INFO - [G] 188
INFO - [G] played
INFO - [G] 189
INFO - [G] played
INFO - [G] 190
INFO - [G] played
INFO - [G] 191
INFO - [G] played
INFO - [G] 192
INFO - [G] played
INFO - [G] played
INFO - [G] 193
INFO - [G] played
INFO - [G] 194
INFO - [G] played
INFO - [G] 195
INFO - [G] played
INFO - [G] played
INFO - [G] 196
INFO - [G] played
INFO - [G] 197
INFO - [G] played
INFO - [G] 198
INFO - [G] played
INFO - [G] 199
INFO - [G] played
INFO - [G] 200
INFO - [G] played
INFO - [G] played
INFO - [G] 201
INFO - [G] played
INFO - [G] 202
INFO - [G] played
INFO - [G] 203
INFO - [G] played
INFO - [G] 204
INFO - [G] played
INFO - [G] 205
INFO - [G] played
INFO - [G] 206
INFO - [G] played
INFO - [G] 207
INFO - [G] played
INFO - [G] 208
INFO - [G] played
INFO - [G] played
INFO - [G] 209
INFO - [G] played
INFO - [G] 210
INFO - [G] played
INFO - [G] 211
INFO - [G] played
INFO - [G] 212
INFO - [G] played
INFO - [G] 213
INFO - [G] played
INFO - [G] 214
INFO - [G] played
INFO - [G] 215
INFO - [G] played
INFO - [G] played
INFO - [G] 216
INFO - [G] played
INFO - [G] 217
INFO - [G] played
INFO - [G] 218
INFO - [G] played
INFO - [G] 219
INFO - [G] played
INFO - [G] 220
INFO - [G] played
INFO - [G] 221
INFO - [G] played
INFO - [G] 222
INFO - [G] played
INFO - [G] 223
INFO - [G] played
INFO - [G] 224
INFO - [G] played
INFO - [G] 225
INFO - [G] played
INFO - [G] played
INFO - [G] 226
INFO - [G] played
INFO - [G] 227
INFO - [G] played
INFO - [G] 228
INFO - [G] played
INFO - [G] 229
INFO - [G] played
INFO - [G] 230
INFO - [G] played
INFO - [G] 231
INFO - [G] played
INFO - [G] played
INFO - [G] 232
INFO - [G] played
INFO - [G] 233
INFO - [G] played
INFO - [G] 234
INFO - [G] played
INFO - [G] 235
INFO - [G] played
INFO - [G] 236
INFO - [G] played
INFO - [G] played
INFO - [G] 237
INFO - [G] played
INFO - [G] 238
INFO - [G] played
INFO - [G] 239
INFO - [G] played
INFO - [G] played
INFO - [G] 240
INFO - [G] played
INFO - [G] 241
INFO - [G] played
INFO - [G] 242
INFO - [G] played
INFO - [G] played
INFO - [G] 243
INFO - [G] played
INFO - [G] 244
INFO - [G] played
INFO - [G] 245
INFO - [G] played
INFO - [G] 246
INFO - [G] played
INFO - [G] 247
INFO - [G] played
INFO - [G] 248
INFO - [G] played
INFO - [G] played
INFO - [G] 249
INFO - [G] played
INFO - [G] 250
INFO - [G] played
INFO - [G] 251
INFO - [G] played
INFO - [G] 252
INFO - [G] played
INFO - [G] played
INFO - [G] 253
INFO - [G] played
INFO - [G] 254
INFO - [G] played
INFO - [G] 255
INFO - [G] played
INFO - [G] 256
INFO - [G] played
INFO - [G] 257
INFO - [G] played
INFO - [G] played
INFO - [G] 258
INFO - [G] played
INFO - [G] 259
INFO - [G] played
INFO - [G] 260
INFO - [G] played
INFO - [G] 261
INFO - [G] played
INFO - [G] 262
INFO - [G] played
INFO - [G] played
INFO - [G] 263
INFO - [G] played
INFO - [G] played
INFO - [G] played
INFO - [G] played
INFO - [G] played
INFO - [G] played
INFO - [G] played
INFO - [G] played
INFO - [G] played
INFO - [G] played
INFO - [G] played
INFO - [G] played
INFO - [G] played
INFO - [G] played
INFO - [G] played
INFO - [G] played
INFO - [G] played
INFO - [G] played
INFO - [G] played
INFO - [G] played
INFO - [G] played
INFO - [G] played
INFO - [G] played
INFO - [G] played
INFO - [G] played
INFO - [G] played
INFO - [G] played
INFO - [G] played
INFO - [G] played
INFO - [G] LONG DT @ 75: 0.1
INFO - [G] LONG DT @ 75: 0.082154920000001
INFO - [G] LONG DT @ 75: 0.068644836000002
INFO - [G] LONG DT @ 75: 0.0582592888
INFO - [G] played
INFO - [G] played
INFO - [G] played
INFO - [G] played
INFO - [G] played
INFO - [G] played
INFO - [G] played
INFO - [G] played
INFO - [G] played
INFO - [G] played
INFO - [G] played
INFO - [G] played
INFO - [G] played
INFO - [G] played
INFO - [G] played
INFO - [G] played
INFO - [G] played
INFO - [G] played
INFO - [G] played
INFO - [G] played
INFO - [G] played
INFO - [G] played
INFO - [G] played
INFO - [G] played
INFO - [G] played
INFO - [G] played
INFO - [G] played
INFO - [G] played
INFO - [G] played
INFO - [G] played
INFO - [G] played
INFO - [G] played
INFO - [G] played
INFO - [G] played
INFO - [G] played
INFO - [G] played
INFO - [G] played
INFO - [G] LONG DT @ 80: 0.1
INFO - [G] LONG DT @ 80: 0.08133424
INFO - [G] LONG DT @ 81: 0.068279732000002
INFO - [G] LONG DT @ 81: 0.0579559656
INFO - [G] played
INFO - [G] played
INFO - [G] played
INFO - [G] played
INFO - [G] played
INFO - [G] played
INFO - [G] played
INFO - [G] played
INFO - [G] played
INFO - [G] played
INFO - [G] played
INFO - [G] played
INFO - [G] played
INFO - [G] played
INFO - [G] played
INFO - [G] played
INFO - [G] played
INFO - [G] played
INFO - [G] played
INFO - [G] played
INFO - [G] played
INFO - [G] played
INFO - [G] played
INFO - [G] played
INFO - [G] played
INFO - [G] played
INFO - [G] played
INFO - [G] played
INFO - [G] played
INFO - [G] played
INFO - [G] played
INFO - [G] played
INFO - [G] played
INFO - [G] played
INFO - [G] played
INFO - [G] played
INFO - [G] played
INFO - [G] played
INFO - [G] played
INFO - [G] played
INFO - [G] played
INFO - [G] played
INFO - [G] played
