INFO - [♥] Lovely 0.7.1
INFO - [♥] Game directory is at "C:\\Program Files (x86)\\Steam\\steamapps\\common\\Balatro"
INFO - [♥] Writing logs to "C:\\Users\\Administrator\\AppData\\Roaming\\Balatro\\Mods\\lovely\\log"
INFO - [♥] Using mod directory at "C:\\Users\\Administrator\\AppData\\Roaming\\Balatro\\Mods"
INFO - [♥] Found .lovelyignore in 'SakashimaJoker', skipping it.
INFO - [♥] Cleaning up dumps directory at "C:\\Users\\Administrator\\AppData\\Roaming\\Balatro\\Mods\\lovely\\dump"
INFO - [♥] Initialization complete in 20ms
INFO - [♥] Applied 12 patches to 'main.lua'
INFO - [♥] Applied 5 patches to 'engine/controller.lua'
INFO - [♥] Applied 13 patches to 'back.lua'
INFO - [♥] Applied 6 patches to 'tag.lua'
INFO - [♥] Applied 1 patch to 'engine/moveable.lua'
INFO - [♥] Applied 2 patches to 'engine/sprite.lua'
INFO - [♥] Applied 2 patches to 'engine/animatedsprite.lua'
INFO - [♥] Applied 44 patches to 'functions/misc_functions.lua'
INFO - [♥] Applied 29 patches to 'game.lua'
INFO - [♥] Applied 1 patch to 'globals.lua'
INFO - [♥] Applied 3 patches to 'engine/ui.lua'
INFO - [♥] Applied 72 patches to 'functions/UI_definitions.lua'
INFO - [♥] Applied 39 patches to 'functions/state_events.lua'
INFO - [♥] Applied 87 patches to 'functions/common_events.lua'
INFO - [♥] Applied 38 patches to 'functions/button_callbacks.lua'
INFO - [♥] Applied 143 patches to 'card.lua'
INFO - [♥] Applied 6 patches to 'cardarea.lua'
INFO - [♥] Applied 30 patches to 'blind.lua'
INFO - [♥] Applied 2 patches to 'engine/text.lua'
INFO - [G] Failed to connect to the debug server
INFO - [G] 2025-03-06 23:47:30 :: DEBUG :: DebugConsole :: Steamodded Debug Socket started !
INFO - [♥] Applied 9 patches to 'engine/sound_manager.lua'
INFO - [♥] Applied 1 patch to 'engine/save_manager.lua'
INFO - [G] 2025-03-06 23:47:31 :: ERROR :: Loader :: Found invalid metadata JSON file at C:\Users\Administrator\AppData\Roaming\Balatro\Mods/.vscode/settings.json, ignoring: [SMODS _ "src/loader.lua"]:226: id
INFO - [G] 2025-03-06 23:47:31 :: INFO  :: DefaultLogger :: Valid JSON file found
INFO - [G] 2025-03-06 23:47:31 :: ERROR :: Loader :: Found invalid metadata JSON file at C:\Users\Administrator\AppData\Roaming\Balatro\Mods/Aura/.vscode/settings.json, ignoring: [SMODS _ "src/loader.lua"]:226: id
INFO - [G] 2025-03-06 23:47:31 :: TRACE :: Loader :: Processing Mod file (Legacy header): Aura.lua
INFO - [G] 2025-03-06 23:47:31 :: TRACE :: Loader :: Saving Mod Info: Aura
INFO - [G] 2025-03-06 23:47:31 :: TRACE :: Loader :: Processing Mod file (Legacy header): PreorderCards.lua
INFO - [G] 2025-03-06 23:47:31 :: TRACE :: Loader :: Saving Mod Info: preorder_cards
INFO - [G] 2025-03-06 23:47:31 :: INFO  :: DefaultLogger :: Valid JSON file found
INFO - [G] 2025-03-06 23:47:31 :: INFO  :: DefaultLogger :: Valid JSON file found
INFO - [G] 2025-03-06 23:47:31 :: TRACE :: Loader :: Processing Mod file (Legacy header): HentaiCards.lua
INFO - [G] 2025-03-06 23:47:31 :: WARN  :: Loader :: Duplicate Mod ID: HentaiCards
INFO - [G] 2025-03-06 23:47:31 :: TRACE :: Loader :: Processing Mod file (Legacy header): SakashimaJoker.lua
INFO - [G] 2025-03-06 23:47:31 :: TRACE :: Loader :: Saving Mod Info: SakashimaJoker
INFO - [G] 2025-03-06 23:47:31 :: INFO  :: DefaultLogger :: Valid JSON file found
INFO - [G] 2025-03-06 23:47:31 :: TRACE :: Loader :: Processing Mod file (Legacy header): VintagePinupCards.lua
INFO - [G] 2025-03-06 23:47:31 :: TRACE :: Loader :: Saving Mod Info: VintagePinupCards
INFO - [G] 2025-03-06 23:47:31 :: WARN  :: DeckSkin :: Old DeckSkin formatting detected on DeckSkin lust_LuckHearts!
INFO - [G] 2025-03-06 23:47:31 :: WARN  :: DeckSkin :: Old DeckSkin formatting detected on DeckSkin lust_LuckClubs!
INFO - [G] 2025-03-06 23:47:31 :: WARN  :: DeckSkin :: Old DeckSkin formatting detected on DeckSkin lust_LuckDiamonds!
INFO - [G] 2025-03-06 23:47:31 :: WARN  :: DeckSkin :: Old DeckSkin formatting detected on DeckSkin lust_LuckSpades!
INFO - [G] true
INFO - [G] Picture dimensions: 138 x 186
INFO - [G] Number of animation frames: 8
INFO - [G] Comment inside this GIF: Created with Paint.NET
INFO - [G] Picture dimensions: 138 x 186
INFO - [G] Number of animation frames: 1
INFO - [G] Comment inside this GIF: NO_COMMENT
INFO - [G] Picture dimensions: 138 x 186
INFO - [G] Number of animation frames: 9
INFO - [G] Comment inside this GIF: Created with Paint.NET
INFO - [G] 2025-03-06 23:47:32 :: WARN  :: Atlas :: Object centers has the same key as an existing object, not registering.
INFO - [G] 2025-03-06 23:47:32 :: WARN  :: Atlas :: If you want to modify an existing object, use take_ownership()
INFO - [G] soul_atlas
INFO - [G] 2025-03-06 23:47:32 :: TRACE :: Loader :: Mod SakashimaJoker was unable to load: 
INFO - [G] 2025-03-06 23:47:32 :: INFO  :: TIMER :: [0000] Injected Language in 0.002 ms
INFO - [G] 2025-03-06 23:47:32 :: INFO  :: TIMER :: [0000] Injected [INTERNAL] in 1.150 ms
INFO - [G] mod_tags
INFO - [G] achievements
INFO - [G] lust_AltVersions
INFO - [G] Joker
INFO - [G] centers
INFO - [G] lust_editions
INFO - [G] lust_LustTarot
INFO - [G] Booster
INFO - [G] stickers
INFO - [G] shop_sign
INFO - [G] balatro
INFO - [G] lust_modicon
INFO - [G] BalustroIcons
INFO - [G] lust_BalustroPlayingCards
INFO - [G] lust_LuckPlayingCardsLC
INFO - [G] lust_LuckPlayingCardsHC
INFO - [G] bull_wide_card
INFO - [G] aura_j_faceless
INFO - [G] aura_j_seance
INFO - [G] aura_j_juggler
INFO - [G] aura_c_hearts
INFO - [G] aura_c_diamonds
INFO - [G] aura_c_clubs
INFO - [G] aura_c_spades
INFO - [G] aura_goon_icon_heart
INFO - [G] aura_goon_icon_diamond
INFO - [G] aura_goon_icon_club
INFO - [G] aura_goon_icon_spade
INFO - [G] FHC_hentai_cards_deck_lc
INFO - [G] FHC_hentai_cards_deck_hc
INFO - [G] Tarot
INFO - [G] Planet
INFO - [G] Spectral
INFO - [G] soul_atlas
INFO - [G] StickfaceNSFW_8BitDeck_opt2
INFO - [G] StickfaceNSFW_8BitDeck
INFO - [G] StickfaceNSFW_icon_lc
INFO - [G] StickfaceNSFW_icon_hc
INFO - [G] vintage_pinup_cards
INFO - [G] 2025-03-06 23:47:33 :: INFO  :: TIMER :: [0039] Injected Atlas in 1110.664 ms
INFO - [G] 2025-03-06 23:47:33 :: INFO  :: TIMER :: [0053] Injected Sound in 4.109 ms
INFO - [G] 2025-03-06 23:47:33 :: INFO  :: TIMER :: [0008] Injected Stake in 0.234 ms
INFO - [G] 2025-03-06 23:47:33 :: INFO  :: TIMER :: [0004] Injected Rarity in 0.016 ms
INFO - [G] 2025-03-06 23:47:33 :: INFO  :: TIMER :: [0004] Injected ObjectType in 0.041 ms
INFO - [G] 2025-03-06 23:47:33 :: INFO  :: TIMER :: [0212] Injected Center in 2.470 ms
INFO - [G] 2025-03-06 23:47:33 :: INFO  :: TIMER :: [0007] Injected Undiscovered Sprite in 0.013 ms
INFO - [G] 2025-03-06 23:47:33 :: INFO  :: TIMER :: [0002] Injected Blind in 0.017 ms
INFO - [G] 2025-03-06 23:47:33 :: INFO  :: TIMER :: [0004] Injected Seal in 0.559 ms
INFO - [G] 2025-03-06 23:47:33 :: INFO  :: TIMER :: [0004] Injected Suit in 0.056 ms
INFO - [G] 2025-03-06 23:47:33 :: INFO  :: TIMER :: [0013] Injected Rank in 0.079 ms
INFO - [G] 2025-03-06 23:47:33 :: INFO  :: TIMER :: [0052] Injected DeckSkin in 0.279 ms
INFO - [G] 2025-03-06 23:47:33 :: INFO  :: TIMER :: [0012] Injected PokerHand in 0.070 ms
INFO - [G] 2025-03-06 23:47:33 :: INFO  :: TIMER :: [0020] Injected Challenge in 0.067 ms
INFO - [G] 2025-03-06 23:47:33 :: INFO  :: TIMER :: [0000] Injected Tag in 0.002 ms
INFO - [G] 2025-03-06 23:47:33 :: INFO  :: TIMER :: [0004] Injected Sticker in 0.096 ms
INFO - [G] 2025-03-06 23:47:33 :: INFO  :: TIMER :: [0000] Injected Shader in 0.002 ms
INFO - [G] 2025-03-06 23:47:33 :: INFO  :: TIMER :: [0001] Injected Keybind in 0.012 ms
INFO - [G] 2025-03-06 23:47:33 :: INFO  :: TIMER :: [0000] Injected Achievement in 0.030 ms
INFO - [G] 2025-03-06 23:47:33 :: INFO  :: TIMER :: [0000] Injected [INTERNAL] in 2.296 ms
INFO - [G] line not found
INFO - [G] file not found: main.lua: No such file or directory
INFO - [G] file not found: main.lua: No such file or directory
INFO - [G] file not found: functions/button_callbacks.lua: No such file or directory
INFO - [G] file not found: main.lua: No such file or directory
INFO - [G] file not found: main.lua: No such file or directory
INFO - [G] 2025-03-06 23:47:36 :: ERROR :: StackTrace :: Oops! The game crashed
engine/moveable.lua:436: attempt to compare number with table
Stack Traceback
===============
(1) Lua local 'handler' at file 'main.lua:612'
	Local variables:
	 msg = string: "engine/moveable.lua:436: attempt to compare number with table"
	 (*temporary) = Lua function '?' (defined at line 31 of chunk [SMODS _ "src/logging.lua"])
	 (*temporary) = string: "Oops! The game crashed\
"
(2) LÖVE metamethod at file 'boot.lua:352'
	Local variables:
	 errhand = Lua function '?' (defined at line 598 of chunk main.lua)
	 handler = Lua function '?' (defined at line 598 of chunk main.lua)
(3) Lua method 'move_wh' at file 'engine/moveable.lua:436'
	Local variables:
	 self = table: 0x090982c0  {velocity:table: 0x090a7b90, click_offset:table: 0x090a7410, UIT:1, children:table: 0x090982e8 (more...)}
	 dt = number: 0
	 (*temporary) = 2.72128  {value:2.72128}
	 (*temporary) = number: 0
	 (*temporary) = number: 0.001
	 (*temporary) = C function: builtin#37
	 (*temporary) = number: 0
	 (*temporary) = string: "attempt to compare number with table"
(4) Lua method 'move_with_major' at file 'engine/moveable.lua:398'
	Local variables:
	 self = table: 0x090982c0  {velocity:table: 0x090a7b90, click_offset:table: 0x090a7410, UIT:1, children:table: 0x090982e8 (more...)}
	 dt = number: 0
	 major_tab = table: 0x090af7a8  {offset:table: 0x090af838, major:table: 0x094bb1a0}
(5) Lua method 'initialize_VT' at file 'engine/ui.lua:498'
	Local variables:
	 self = table: 0x090982c0  {velocity:table: 0x090a7b90, click_offset:table: 0x090a7410, UIT:1, children:table: 0x090982e8 (more...)}
(6) Lua method 'initialize_VT' at file 'engine/ui.lua:502'
	Local variables:
	 self = table: 0x09098120  {velocity:table: 0x090a9308, click_offset:table: 0x090a8b88, UIT:4, children:table: 0x09098148 (more...)}
	 (for generator) = C function: next
	 (for state) = table: 0x09098148  {1:table: 0x090982c0}
	 (for control) = number: nan
	 _ = number: 1
	 v = table: 0x090982c0  {velocity:table: 0x090a7b90, click_offset:table: 0x090a7410, UIT:1, children:table: 0x090982e8 (more...)}
(7) Lua method 'initialize_VT' at file 'engine/ui.lua:502'
	Local variables:
	 self = table: 0x09097700  {velocity:table: 0x090aa5d0, click_offset:table: 0x090a9e50, UIT:4, children:table: 0x09097728 (more...)}
	 (for generator) = C function: next
	 (for state) = table: 0x09097728  {1:table: 0x090978a0, 2:table: 0x09097c20, 3:table: 0x09098120}
	 (for control) = number: nan
	 _ = number: 3
	 v = table: 0x09098120  {velocity:table: 0x090a9308, click_offset:table: 0x090a8b88, UIT:4, children:table: 0x09098148 (more...)}
(8) Lua method 'initialize_VT' at file 'engine/ui.lua:502'
	Local variables:
	 self = table: 0x090971e0  {velocity:table: 0x090ab868, click_offset:table: 0x090ab0e8, UIT:3, children:table: 0x09097208 (more...)}
	 (for generator) = C function: next
	 (for state) = table: 0x09097208  {1:table: 0x09097380, 2:table: 0x09097700}
	 (for control) = number: nan
	 _ = number: 2
	 v = table: 0x09097700  {velocity:table: 0x090aa5d0, click_offset:table: 0x090a9e50, UIT:4, children:table: 0x09097728 (more...)}
(9) Lua method 'initialize_VT' at file 'engine/ui.lua:502'
	Local variables:
	 self = table: 0x09096cc0  {velocity:table: 0x090acbc8, click_offset:table: 0x090ac448, UIT:3, children:table: 0x09096ce8 (more...)}
	 (for generator) = C function: next
	 (for state) = table: 0x09096ce8  {1:table: 0x09096e60, 2:table: 0x090971e0}
	 (for control) = number: nan
	 _ = number: 2
	 v = table: 0x090971e0  {velocity:table: 0x090ab868, click_offset:table: 0x090ab0e8, UIT:3, children:table: 0x09097208 (more...)}
(10) Lua method 'initialize_VT' at file 'engine/ui.lua:502'
	Local variables:
	 self = table: 0x090967a0  {velocity:table: 0x090ade28, click_offset:table: 0x090ad6a8, UIT:7, children:table: 0x090967c8 (more...)}
	 (for generator) = C function: next
	 (for state) = table: 0x090967c8  {1:table: 0x09096940, 2:table: 0x09096cc0}
	 (for control) = number: nan
	 _ = number: 2
	 v = table: 0x09096cc0  {velocity:table: 0x090acbc8, click_offset:table: 0x090ac448, UIT:3, children:table: 0x09096ce8 (more...)}
(11) Lua method 'init' at file 'engine/ui.lua:93'
	Local variables:
	 self = table: 0x09095128  {velocity:table: 0x09095ab0, temp_offs:table: 0x090af838, click_offset:table: 0x090954c0 (more...)}
	 args = table: 0x08fddbe8  {config:table: 0x09095038, definition:table: 0x08fdf140}
(12) Lua global 'UIBox' at file 'engine/object.lua:35'
	Local variables:
	 self = table: 0x088cbee0  {remove_group:function: 0x088b5660, draw:function: 0x088b56e0, print_topology:function: 0x088b38d8 (more...)}
	 obj = table: 0x09095128  {velocity:table: 0x09095ab0, temp_offs:table: 0x090af838, click_offset:table: 0x090954c0 (more...)}
(13) Lua function '?' at file 'functions/button_callbacks.lua:1270' (best guess)
	Local variables:
	 e = table: 0x094cd108  {click_offset:table: 0x094cd7e0, children:table: 0x094cd130, parent:table: 0x094ccf68 (more...)}
	 (*temporary) = table: 0x094ca5f0  {func:RUN_SETUP_check_stake2, colour:table: 0x0888f828, object:table: 0x094ca650 (more...)}
(14) Lua method 'update' at file 'engine/ui.lua:953'
	Local variables:
	 self = table: 0x094cd108  {click_offset:table: 0x094cd7e0, children:table: 0x094cd130, parent:table: 0x094ccf68 (more...)}
	 dt = number: 0
(15) Lua upvalue 'gameUpdateRef' at file 'game.lua:2669'
	Local variables:
	 self = table: 0x08886408  {F_GUIDE:false, F_CRASH_REPORTS:false, F_QUIT_BUTTON:true, F_ENGLISH_ONLY:false (more...)}
	 dt = number: 0
	 http_resp = nil
	 move_dt = number: 0.0167012
	 (for generator) = C function: next
	 (for state) = table: 0x0888aea8  {1:table: 0x08d5ca10, 2:table: 0x08daf180, 3:table: 0x08a4f3a8, 4:table: 0x08bfa250 (more...)}
	 (for control) = number: nan
	 k = number: 230
	 v = table: 0x094cd108  {click_offset:table: 0x094cd7e0, children:table: 0x094cd130, parent:table: 0x094ccf68 (more...)}
(16) Lua upvalue 'old_update' at Steamodded file 'src/ui.lua:84' 
	Local variables:
	 self = table: 0x08886408  {F_GUIDE:false, F_CRASH_REPORTS:false, F_QUIT_BUTTON:true, F_ENGLISH_ONLY:false (more...)}
	 dt = number: 0.0167012
(17) Lua method 'update' at file 'Aura.lua:203' (from mod with id Aura)
	Local variables:
	 self = table: 0x08886408  {F_GUIDE:false, F_CRASH_REPORTS:false, F_QUIT_BUTTON:true, F_ENGLISH_ONLY:false (more...)}
	 dt = number: 0.0167012
(18) Lua field 'update' at file 'main.lua:992'
	Local variables:
	 dt = number: 0.0167012
(19) Lua function '?' at file 'main.lua:931' (best guess)
(20) global C function 'xpcall'
(21) LÖVE function at file 'boot.lua:377' (best guess)
	Local variables:
	 func = Lua function '?' (defined at line 902 of chunk main.lua)
	 inerror = boolean: true
	 deferErrhand = Lua function '(LÖVE Function)' (defined at line 348 of chunk [love "boot.lua"])
	 earlyinit = Lua function '(LÖVE Function)' (defined at line 355 of chunk [love "boot.lua"])

INFO - [G] file not found: functions/button_callbacks.lua: No such file or directory
INFO - [G] file not found: main.lua: No such file or directory
INFO - [G] file not found: main.lua: No such file or directory
INFO - [G] 2025-03-06 23:47:36 :: INFO  :: StackTrace :: Additional Context:
Balatro Version: 1.0.1o-FULL
Modded Version: 1.0.0~ALPHA-1409a-STEAMODDED
LÖVE Version: 11.5.0
Lovely Version: 0.7.1
Platform: Windows
Steamodded Mods:
    1: Zero Bullitro by BitBites [ID: 0Bullitro, Version: 1.0]
    2: Preorder Cards by asd123cqp [ID: preorder_cards]
    3: Aura by MathIsFun_, ChromaPIE, Bard, Grassy311, RattlingSnow353, Solace, RadicaAprils, chloe_cromslor [ID: Aura, Version: 0.023, Uses Lovely]
    4: Hentai Cards by Makubex77, Pheubel (Code) [ID: HentaiCards, Version: 1.1]
    5: Vintage Pinup Cards by NoScope1080 [ID: VintagePinupCards]
    6: Stickface Deck by Stickface [ID: StickfaceNSFWDeck, Version: 1.0.0]
    7: Balustro by someone23832 [ID: Balustro, Priority: -20, Version: 0.12, Uses Lovely]
Lovely Mods:
