INFO - [♥] Lovely 0.7.1
INFO - [♥] Game directory is at "C:\\Program Files (x86)\\Steam\\steamapps\\common\\Balatro"
INFO - [♥] Writing logs to "C:\\Users\\Administrator\\AppData\\Roaming\\Balatro\\Mods\\lovely\\log"
INFO - [♥] Using mod directory at "C:\\Users\\Administrator\\AppData\\Roaming\\Balatro\\Mods"
INFO - [♥] Cleaning up dumps directory at "C:\\Users\\Administrator\\AppData\\Roaming\\Balatro\\Mods\\lovely\\dump"
INFO - [♥] Initialization complete in 65ms
INFO - [♥] Applied 12 patches to 'main.lua'
INFO - [♥] Applied 5 patches to 'engine/controller.lua'
INFO - [♥] Applied 13 patches to 'back.lua'
INFO - [♥] Applied 6 patches to 'tag.lua'
INFO - [♥] Applied 1 patch to 'engine/moveable.lua'
INFO - [♥] Applied 2 patches to 'engine/sprite.lua'
INFO - [♥] Applied 2 patches to 'engine/animatedsprite.lua'
INFO - [♥] Applied 41 patches to 'functions/misc_functions.lua'
INFO - [♥] Applied 24 patches to 'game.lua'
INFO - [♥] Applied 1 patch to 'globals.lua'
INFO - [♥] Applied 3 patches to 'engine/ui.lua'
INFO - [♥] Applied 72 patches to 'functions/UI_definitions.lua'
INFO - [♥] Applied 39 patches to 'functions/state_events.lua'
INFO - [♥] Applied 86 patches to 'functions/common_events.lua'
INFO - [♥] Applied 38 patches to 'functions/button_callbacks.lua'
INFO - [♥] Applied 139 patches to 'card.lua'
INFO - [♥] Applied 6 patches to 'cardarea.lua'
INFO - [♥] Applied 30 patches to 'blind.lua'
INFO - [♥] Applied 2 patches to 'engine/text.lua'
INFO - [G] Failed to connect to the debug server
INFO - [G] 2025-02-10 07:21:04 :: DEBUG :: DebugConsole :: Steamodded Debug Socket started !
INFO - [♥] Applied 9 patches to 'engine/sound_manager.lua'
INFO - [♥] Applied 1 patch to 'engine/save_manager.lua'
INFO - [G] 2025-02-10 07:21:06 :: ERROR :: Loader :: Found invalid metadata JSON file at C:\Users\Administrator\AppData\Roaming\Balatro\Mods/.vscode/settings.json, ignoring: [SMODS _ "src/loader.lua"]:226: id
INFO - [G] 2025-02-10 07:21:06 :: TRACE :: Loader :: Processing Mod file (Legacy header): PreorderCards.lua
INFO - [G] 2025-02-10 07:21:06 :: TRACE :: Loader :: Saving Mod Info: preorder_cards
INFO - [G] 2025-02-10 07:21:06 :: TRACE :: Loader :: Processing Mod file (Legacy header): SakashimaJoker.lua
INFO - [G] 2025-02-10 07:21:06 :: TRACE :: Loader :: Saving Mod Info: SakashimaJoker
INFO - [G] 2025-02-10 07:21:06 :: INFO  :: TIMER :: [0000] Injected Language in 0.003 ms
INFO - [G] 2025-02-10 07:21:06 :: INFO  :: TIMER :: [0000] Injected [INTERNAL] in 1.186 ms
INFO - [G] 2025-02-10 07:21:07 :: INFO  :: TIMER :: [0004] Injected Atlas in 563.891 ms
INFO - [G] 2025-02-10 07:21:07 :: INFO  :: TIMER :: [0001] Injected Sound in 0.311 ms
INFO - [G] 2025-02-10 07:21:07 :: INFO  :: TIMER :: [0008] Injected Stake in 0.286 ms
INFO - [G] 2025-02-10 07:21:07 :: INFO  :: TIMER :: [0004] Injected Rarity in 0.019 ms
INFO - [G] 2025-02-10 07:21:07 :: INFO  :: TIMER :: [0004] Injected ObjectType in 0.040 ms
INFO - [G] 2025-02-10 07:21:07 :: INFO  :: TIMER :: [0049] Injected Center in 0.486 ms
INFO - [G] 2025-02-10 07:21:07 :: INFO  :: TIMER :: [0007] Injected Undiscovered Sprite in 0.019 ms
INFO - [G] 2025-02-10 07:21:07 :: INFO  :: TIMER :: [0002] Injected Blind in 0.017 ms
INFO - [G] 2025-02-10 07:21:07 :: INFO  :: TIMER :: [0004] Injected Seal in 0.155 ms
INFO - [G] 2025-02-10 07:21:07 :: INFO  :: TIMER :: [0004] Injected Suit in 0.089 ms
INFO - [G] 2025-02-10 07:21:07 :: INFO  :: TIMER :: [0013] Injected Rank in 0.153 ms
INFO - [G] 2025-02-10 07:21:07 :: INFO  :: TIMER :: [0020] Injected DeckSkin in 0.252 ms
INFO - [G] 2025-02-10 07:21:07 :: INFO  :: TIMER :: [0012] Injected PokerHand in 0.110 ms
INFO - [G] 2025-02-10 07:21:07 :: INFO  :: TIMER :: [0020] Injected Challenge in 0.034 ms
INFO - [G] 2025-02-10 07:21:07 :: INFO  :: TIMER :: [0000] Injected Tag in 0.003 ms
INFO - [G] 2025-02-10 07:21:07 :: INFO  :: TIMER :: [0004] Injected Sticker in 0.220 ms
INFO - [G] 2025-02-10 07:21:07 :: INFO  :: TIMER :: [0000] Injected Shader in 0.005 ms
INFO - [G] 2025-02-10 07:21:07 :: INFO  :: TIMER :: [0001] Injected Keybind in 0.013 ms
INFO - [G] 2025-02-10 07:21:07 :: INFO  :: TIMER :: [0000] Injected Achievement in 0.059 ms
INFO - [G] 2025-02-10 07:21:07 :: INFO  :: TIMER :: [0000] Injected [INTERNAL] in 0.526 ms
INFO - [G] ERROR LOADING GAME: Card area 'shop_booster' not instantiated before load
INFO - [G] ERROR LOADING GAME: Card area 'shop_vouchers' not instantiated before load
INFO - [G] ERROR LOADING GAME: Card area 'shop_jokers' not instantiated before load
INFO - [G] line not found
INFO - [G] file not found: main.lua: No such file or directory
INFO - [G] file not found: main.lua: No such file or directory
INFO - [G] file not found: main.lua: No such file or directory
INFO - [G] file not found: main.lua: No such file or directory
INFO - [G] 2025-02-10 07:21:48 :: ERROR :: StackTrace :: Oops! The game crashed
[SMODS SakashimaJoker "SakashimaJoker.lua"]:1215: attempt to perform arithmetic on field 'dollars' (a nil value)
Stack Traceback
===============
(1) Lua local 'handler' at file 'main.lua:612'
	Local variables:
	 msg = string: "[SMODS SakashimaJoker \"SakashimaJoker.lua\"]:1215: attempt to perform arithmetic on field 'dollars' (a nil value)"
	 (*temporary) = Lua function '?' (defined at line 31 of chunk [SMODS _ "src/logging.lua"])
	 (*temporary) = string: "Oops! The game crashed\
"
(2) LÖVE metamethod at file 'boot.lua:352'
	Local variables:
	 errhand = Lua function '?' (defined at line 598 of chunk main.lua)
	 handler = Lua function '?' (defined at line 598 of chunk main.lua)
(3) Lua method 'calculate_dollar_bonus' at file 'SakashimaJoker.lua:1215' (from mod with id SakashimaJoker)
	Local variables:
	 self = table: 0x284434d8  {alerted:true, loc_vars:function: 0x28a209c0, remove_from_deck:function: 0x288e0cd0 (more...)}
	 card = table: 0x28b35348  {VT:table: 0x2888e530, click_offset:table: 0x2887e9b0, zoom:true, children:table: 0x288c0188 (more...)}
	 context = nil
	 total_bonus = number: 4
	 (*temporary) = nil
	 (*temporary) = number: 2
	 (*temporary) = number: 1
	 (*temporary) = number: 3
	 (*temporary) = number: 4
	 (*temporary) = string: "Golden Joker"
	 (*temporary) = number: 4
	 (*temporary) = number: 4
	 (*temporary) = C function: tonumber
	 (*temporary) = number: 4
	 (*temporary) = string: "attempt to perform arithmetic on field 'dollars' (a nil value)"
(4) Lua field 'evaluate_round' at file 'functions/state_events.lua:870'
	Local variables:
	 pitch = number: 1.07
	 dollars = number: 6
	 i = number: 0
	 (for generator) = C function: builtin#6
	 (for state) = table: 0x28e8eda8  {1:table: 0x28b1b200, 2:table: 0x289687d8, 3:table: 0x28b1bbd8}
	 (for control) = number: 1
	 _ = number: 1
	 area = table: 0x28b1b200  {click_offset:table: 0x28b1b2f0, children:table: 0x28b35320, shuffle_amt:0 (more...)}
	 (for generator) = C function: builtin#6
	 (for state) = table: 0x28b40d60  {1:table: 0x28b35348}
	 (for control) = number: 1
	 _ = number: 1
	 _card = table: 0x28b35348  {VT:table: 0x2888e530, click_offset:table: 0x2887e9b0, zoom:true, children:table: 0x288c0188 (more...)}
(5) Lua field 'func' at file 'game.lua:3348'
(6) Lua method 'handle' at file 'engine/event.lua:99'
	Local variables:
	 self = table: 0x284e58b0  {start_timer:true, timer:TOTAL, blockable:true, trigger:immediate, func:function: 0x285934d8 (more...)}
	 _results = table: 0x28a1c9a0  {blocking:true, pause_skip:false, time_done:false, completed:false}
(7) Lua method 'update' at file 'engine/event.lua:182'
	Local variables:
	 self = table: 0x28a1fab8  {queue_last_processed:40.783333333332, queues:table: 0x28a1fae0, queue_dt:0.016666666666667 (more...)}
	 dt = number: 0.0167957
	 forced = nil
	 (for generator) = C function: next
	 (for state) = table: 0x28a1fae0  {unlock:table: 0x28a1fb08, other:table: 0x28a1ff80, tutorial:table: 0x28a1fb58 (more...)}
	 (for control) = number: nan
	 k = string: "base"
	 v = table: 0x28a1fb30  {1:table: 0x28b40d38, 2:table: 0x284e58b0, 3:table: 0x290b2d08, 4:table: 0x28d266e0 (more...)}
	 blocked = boolean: false
	 i = number: 2
	 results = table: 0x28a1c9a0  {blocking:true, pause_skip:false, time_done:false, completed:false}
(8) Lua upvalue 'gameUpdateRef' at file 'game.lua:2524'
	Local variables:
	 self = table: 0x283e0158  {F_GUIDE:false, F_CRASH_REPORTS:false, F_QUIT_BUTTON:true, HUD_tags:table: 0x28eed6a0 (more...)}
	 dt = number: 0.0167957
	 http_resp = nil
(9) Lua method 'update' at Steamodded file 'src/ui.lua:84' 
	Local variables:
	 self = table: 0x283e0158  {F_GUIDE:false, F_CRASH_REPORTS:false, F_QUIT_BUTTON:true, HUD_tags:table: 0x28eed6a0 (more...)}
	 dt = number: 0.0167957
(10) Lua field 'update' at file 'main.lua:992'
	Local variables:
	 dt = number: 0.0167957
(11) Lua function '?' at file 'main.lua:931' (best guess)
(12) global C function 'xpcall'
(13) LÖVE function at file 'boot.lua:377' (best guess)
	Local variables:
	 func = Lua function '?' (defined at line 902 of chunk main.lua)
	 inerror = boolean: true
	 deferErrhand = Lua function '(LÖVE Function)' (defined at line 348 of chunk [love "boot.lua"])
	 earlyinit = Lua function '(LÖVE Function)' (defined at line 355 of chunk [love "boot.lua"])

INFO - [G] file not found: main.lua: No such file or directory
INFO - [G] file not found: main.lua: No such file or directory
INFO - [G] 2025-02-10 07:21:48 :: INFO  :: StackTrace :: Additional Context:
Balatro Version: 1.0.1n-FULL
Modded Version: 1.0.0~ALPHA-1409a-STEAMODDED
LÖVE Version: 11.5.0
Lovely Version: 0.7.1
Platform: Windows
Steamodded Mods:
    1: Sakashima Joker by BitBites [ID: SakashimaJoker]
    2: Preorder Cards by asd123cqp [ID: preorder_cards]
Lovely Mods:
