INFO - [♥] Lovely 0.7.1
INFO - [♥] Game directory is at "C:\\Program Files (x86)\\Steam\\steamapps\\common\\Balatro"
INFO - [♥] Writing logs to "C:\\Users\\Administrator\\AppData\\Roaming\\Balatro\\Mods\\lovely\\log"
INFO - [♥] Using mod directory at "C:\\Users\\Administrator\\AppData\\Roaming\\Balatro\\Mods"
INFO - [♥] Cleaning up dumps directory at "C:\\Users\\Administrator\\AppData\\Roaming\\Balatro\\Mods\\lovely\\dump"
INFO - [♥] Initialization complete in 27ms
INFO - [♥] Applied 12 patches to 'main.lua'
INFO - [♥] Applied 5 patches to 'engine/controller.lua'
INFO - [♥] Applied 13 patches to 'back.lua'
INFO - [♥] Applied 6 patches to 'tag.lua'
INFO - [♥] Applied 1 patch to 'engine/moveable.lua'
INFO - [♥] Applied 2 patches to 'engine/sprite.lua'
INFO - [♥] Applied 2 patches to 'engine/animatedsprite.lua'
INFO - [♥] Applied 41 patches to 'functions/misc_functions.lua'
INFO - [♥] Applied 24 patches to 'game.lua'
INFO - [♥] Applied 1 patch to 'globals.lua'
INFO - [♥] Applied 3 patches to 'engine/ui.lua'
INFO - [♥] Applied 72 patches to 'functions/UI_definitions.lua'
INFO - [♥] Applied 39 patches to 'functions/state_events.lua'
INFO - [♥] Applied 86 patches to 'functions/common_events.lua'
INFO - [♥] Applied 38 patches to 'functions/button_callbacks.lua'
INFO - [♥] Applied 139 patches to 'card.lua'
INFO - [♥] Applied 6 patches to 'cardarea.lua'
INFO - [♥] Applied 30 patches to 'blind.lua'
INFO - [♥] Applied 2 patches to 'engine/text.lua'
INFO - [G] Failed to connect to the debug server
INFO - [G] 2025-02-10 06:28:37 :: DEBUG :: DebugConsole :: Steamodded Debug Socket started !
INFO - [♥] Applied 9 patches to 'engine/sound_manager.lua'
INFO - [♥] Applied 1 patch to 'engine/save_manager.lua'
INFO - [G] 2025-02-10 06:28:39 :: ERROR :: Loader :: Found invalid metadata JSON file at C:\Users\Administrator\AppData\Roaming\Balatro\Mods/.vscode/settings.json, ignoring: [SMODS _ "src/loader.lua"]:226: id
INFO - [G] 2025-02-10 06:28:39 :: TRACE :: Loader :: Processing Mod file (Legacy header): PreorderCards.lua
INFO - [G] 2025-02-10 06:28:39 :: TRACE :: Loader :: Saving Mod Info: preorder_cards
INFO - [G] 2025-02-10 06:28:39 :: TRACE :: Loader :: Processing Mod file (Legacy header): SakashimaJoker.lua
INFO - [G] 2025-02-10 06:28:39 :: TRACE :: Loader :: Saving Mod Info: SakashimaJoker
INFO - [G] 2025-02-10 06:28:39 :: INFO  :: TIMER :: [0000] Injected Language in 0.002 ms
INFO - [G] 2025-02-10 06:28:39 :: INFO  :: TIMER :: [0000] Injected [INTERNAL] in 1.258 ms
INFO - [G] 2025-02-10 06:28:40 :: INFO  :: TIMER :: [0004] Injected Atlas in 535.960 ms
INFO - [G] 2025-02-10 06:28:40 :: INFO  :: TIMER :: [0001] Injected Sound in 0.216 ms
INFO - [G] 2025-02-10 06:28:40 :: INFO  :: TIMER :: [0008] Injected Stake in 0.270 ms
INFO - [G] 2025-02-10 06:28:40 :: INFO  :: TIMER :: [0004] Injected Rarity in 0.029 ms
INFO - [G] 2025-02-10 06:28:40 :: INFO  :: TIMER :: [0004] Injected ObjectType in 0.039 ms
INFO - [G] 2025-02-10 06:28:40 :: INFO  :: TIMER :: [0049] Injected Center in 0.517 ms
INFO - [G] 2025-02-10 06:28:40 :: INFO  :: TIMER :: [0007] Injected Undiscovered Sprite in 0.016 ms
INFO - [G] 2025-02-10 06:28:40 :: INFO  :: TIMER :: [0002] Injected Blind in 0.016 ms
INFO - [G] 2025-02-10 06:28:40 :: INFO  :: TIMER :: [0004] Injected Seal in 0.147 ms
INFO - [G] 2025-02-10 06:28:40 :: INFO  :: TIMER :: [0004] Injected Suit in 0.206 ms
INFO - [G] 2025-02-10 06:28:40 :: INFO  :: TIMER :: [0013] Injected Rank in 0.146 ms
INFO - [G] 2025-02-10 06:28:40 :: INFO  :: TIMER :: [0020] Injected DeckSkin in 0.171 ms
INFO - [G] 2025-02-10 06:28:40 :: INFO  :: TIMER :: [0012] Injected PokerHand in 0.164 ms
INFO - [G] 2025-02-10 06:28:40 :: INFO  :: TIMER :: [0020] Injected Challenge in 0.307 ms
INFO - [G] 2025-02-10 06:28:40 :: INFO  :: TIMER :: [0000] Injected Tag in 0.002 ms
INFO - [G] 2025-02-10 06:28:40 :: INFO  :: TIMER :: [0004] Injected Sticker in 0.097 ms
INFO - [G] 2025-02-10 06:28:40 :: INFO  :: TIMER :: [0000] Injected Shader in 0.003 ms
INFO - [G] 2025-02-10 06:28:40 :: INFO  :: TIMER :: [0001] Injected Keybind in 0.015 ms
INFO - [G] 2025-02-10 06:28:40 :: INFO  :: TIMER :: [0000] Injected Achievement in 0.050 ms
INFO - [G] 2025-02-10 06:28:40 :: INFO  :: TIMER :: [0000] Injected [INTERNAL] in 0.604 ms
INFO - [G] ERROR LOADING GAME: Card area 'shop_booster' not instantiated before load
INFO - [G] ERROR LOADING GAME: Card area 'shop_jokers' not instantiated before load
INFO - [G] ERROR LOADING GAME: Card area 'shop_vouchers' not instantiated before load
INFO - [G] line not found
INFO - [G] file not found: main.lua: No such file or directory
INFO - [G] file not found: main.lua: No such file or directory
INFO - [G] line not found
INFO - [G] line not found
INFO - [G] line not found
INFO - [G] line not found
INFO - [G] line not found
INFO - [G] line not found
INFO - [G] line not found
INFO - [G] line not found
INFO - [G] line not found
INFO - [G] line not found
INFO - [G] line not found
INFO - [G] line not found
INFO - [G] file not found: main.lua: No such file or directory
INFO - [G] file not found: main.lua: No such file or directory
INFO - [G] 2025-02-10 06:28:53 :: ERROR :: StackTrace :: Oops! The game crashed
[SMODS SakashimaJoker "SakashimaJoker.lua"]:1119: attempt to get length of field 'full_hand' (a nil value)
Stack Traceback
===============
(1) Lua local 'handler' at file 'main.lua:612'
	Local variables:
	 msg = string: "[SMODS SakashimaJoker \"SakashimaJoker.lua\"]:1119: attempt to get length of field 'full_hand' (a nil value)"
	 (*temporary) = Lua function '?' (defined at line 31 of chunk [SMODS _ "src/logging.lua"])
	 (*temporary) = string: "Oops! The game crashed\
"
(2) LÖVE metamethod at file 'boot.lua:352'
	Local variables:
	 errhand = Lua function '?' (defined at line 598 of chunk main.lua)
	 handler = Lua function '?' (defined at line 598 of chunk main.lua)
(3) Lua local 'value' at file 'SakashimaJoker.lua:1119' (from mod with id SakashimaJoker)
	Local variables:
	 card = table: 0x09755fa8  {tilt_var:table: 0x09717ec8, click_offset:table: 0x09337fa0, zoom:true, children:table: 0x096aec30 (more...)}
	 context = table: 0x0951f830  {ending_shop:true, cardarea:table: 0x09a0b470}
	 (*temporary) = nil
	 (*temporary) = string: "attempt to get length of field 'full_hand' (a nil value)"
(4) Lua function '?' at file 'SakashimaJoker.lua:349' (from mod with id SakashimaJoker) (best guess)
	Local variables:
	 value = Lua function '?' (defined at line 1119 of chunk [SMODS SakashimaJoker "SakashimaJoker.lua"])
	 (*temporary) = Lua function '?' (defined at line 347 of chunk [SMODS SakashimaJoker "SakashimaJoker.lua"])
(5) Lua local 'value' at file 'SakashimaJoker.lua:844' (from mod with id SakashimaJoker)
	Local variables:
	 card = table: 0x09755fa8  {tilt_var:table: 0x09717ec8, click_offset:table: 0x09337fa0, zoom:true, children:table: 0x096aec30 (more...)}
	 context = table: 0x0951f830  {ending_shop:true, cardarea:table: 0x09a0b470}
	 fm = nil
	 jokerGainMode = string: "gain"
	 upgradeGainMode = string: "upgrade"
	 condition = Lua function '?' (defined at line 363 of chunk [SMODS SakashimaJoker "SakashimaJoker.lua"])
	 (for generator) = C function: builtin#6
	 (for state) = table: 0x09683050  {1:gain +function*4 Chips, 2:function: 0x092afc40}
	 (for control) = number: 1
	 i = number: 1
	 modTxt = string: "+function*4 Chips"
	 gainMode = string: "joker"
	 loud = boolean: true
	 amount = string: "function*4"
	 mult = number: 4
	 plus = number: 0
	 gotFunction = Lua function '?' (defined at line 1119 of chunk [SMODS SakashimaJoker "SakashimaJoker.lua"])
	 extraIndex = number: 2
	 (*temporary) = Lua function '?' (defined at line 20 of chunk [SMODS SakashimaJoker "SakashimaJoker.lua"])
(6) Lua function '?' at file 'SakashimaJoker.lua:349' (from mod with id SakashimaJoker) (best guess)
	Local variables:
	 value = Lua function '?' (defined at line 799 of chunk [SMODS SakashimaJoker "SakashimaJoker.lua"])
	 (*temporary) = Lua function '?' (defined at line 347 of chunk [SMODS SakashimaJoker "SakashimaJoker.lua"])
(7) Lua local 'value' at file 'SakashimaJoker.lua:1193' (from mod with id SakashimaJoker)
	Local variables:
	 destroyed_joker = table: 0x096e24f0  {getting_sliced:true, click_offset:table: 0x09d05e88, static_rotation:false (more...)}
(8) Lua function '?' at file 'SakashimaJoker.lua:349' (from mod with id SakashimaJoker) (best guess)
	Local variables:
	 value = Lua function '?' (defined at line 1190 of chunk [SMODS SakashimaJoker "SakashimaJoker.lua"])
	 (*temporary) = Lua function '?' (defined at line 347 of chunk [SMODS SakashimaJoker "SakashimaJoker.lua"])
(9) Lua field 'func' at file 'SakashimaJoker.lua:765' (from mod with id SakashimaJoker)
(10) Lua method 'handle' at file 'engine/event.lua:99'
	Local variables:
	 self = table: 0x09e24cd0  {start_timer:true, timer:TOTAL, blockable:true, trigger:immediate, func:function: 0x09e21470 (more...)}
	 _results = table: 0x09551d98  {blocking:true, pause_skip:false, time_done:false, completed:false}
(11) Lua method 'update' at file 'engine/event.lua:182'
	Local variables:
	 self = table: 0x098701b8  {queue_last_processed:12.45, queues:table: 0x098701e0, queue_dt:0.016666666666667 (more...)}
	 dt = number: 0.0165957
	 forced = nil
	 (for generator) = C function: next
	 (for state) = table: 0x098701e0  {unlock:table: 0x09870208, other:table: 0x09870680, tutorial:table: 0x09870258 (more...)}
	 (for control) = number: nan
	 k = string: "base"
	 v = table: 0x09870230  {1:table: 0x094a9200, 2:table: 0x09e24cd0, 3:table: 0x09e35958, 4:table: 0x09e403f8 (more...)}
	 blocked = boolean: false
	 i = number: 2
	 results = table: 0x09551d98  {blocking:true, pause_skip:false, time_done:false, completed:false}
(12) Lua upvalue 'gameUpdateRef' at file 'game.lua:2524'
	Local variables:
	 self = table: 0x092305d0  {F_GUIDE:false, F_CRASH_REPORTS:false, F_QUIT_BUTTON:true, HUD_tags:table: 0x09d0c398 (more...)}
	 dt = number: 0.0165957
	 http_resp = nil
(13) Lua method 'update' at Steamodded file 'src/ui.lua:84' 
	Local variables:
	 self = table: 0x092305d0  {F_GUIDE:false, F_CRASH_REPORTS:false, F_QUIT_BUTTON:true, HUD_tags:table: 0x09d0c398 (more...)}
	 dt = number: 0.0165957
(14) Lua field 'update' at file 'main.lua:992'
	Local variables:
	 dt = number: 0.0165957
(15) Lua function '?' at file 'main.lua:931' (best guess)
(16) global C function 'xpcall'
(17) LÖVE function at file 'boot.lua:377' (best guess)
	Local variables:
	 func = Lua function '?' (defined at line 902 of chunk main.lua)
	 inerror = boolean: true
	 deferErrhand = Lua function '(LÖVE Function)' (defined at line 348 of chunk [love "boot.lua"])
	 earlyinit = Lua function '(LÖVE Function)' (defined at line 355 of chunk [love "boot.lua"])

INFO - [G] line not found
INFO - [G] line not found
INFO - [G] line not found
INFO - [G] line not found
INFO - [G] line not found
INFO - [G] line not found
INFO - [G] line not found
INFO - [G] line not found
INFO - [G] line not found
INFO - [G] line not found
INFO - [G] line not found
INFO - [G] line not found
INFO - [G] file not found: main.lua: No such file or directory
INFO - [G] file not found: main.lua: No such file or directory
INFO - [G] 2025-02-10 06:28:53 :: INFO  :: StackTrace :: Additional Context:
Balatro Version: 1.0.1n-FULL
Modded Version: 1.0.0~ALPHA-1409a-STEAMODDED
LÖVE Version: 11.5.0
Lovely Version: 0.7.1
Platform: Windows
Steamodded Mods:
    1: Sakashima Joker by BitBites [ID: SakashimaJoker]
    2: Preorder Cards by asd123cqp [ID: preorder_cards]
Lovely Mods:
