INFO - [♥] Lovely 0.7.1
INFO - [♥] Game directory is at "C:\\Program Files (x86)\\Steam\\steamapps\\common\\Balatro"
INFO - [♥] Writing logs to "C:\\Users\\Administrator\\AppData\\Roaming\\Balatro\\Mods\\lovely\\log"
INFO - [♥] Using mod directory at "C:\\Users\\Administrator\\AppData\\Roaming\\Balatro\\Mods"
INFO - [♥] Found .lovelyignore in 'SakashimaJoker', skipping it.
INFO - [♥] Cleaning up dumps directory at "C:\\Users\\Administrator\\AppData\\Roaming\\Balatro\\Mods\\lovely\\dump"
INFO - [♥] Initialization complete in 19ms
INFO - [♥] Applied 12 patches to 'main.lua'
INFO - [♥] Applied 5 patches to 'engine/controller.lua'
INFO - [♥] Applied 13 patches to 'back.lua'
INFO - [♥] Applied 6 patches to 'tag.lua'
INFO - [♥] Applied 1 patch to 'engine/moveable.lua'
INFO - [♥] Applied 2 patches to 'engine/sprite.lua'
INFO - [♥] Applied 2 patches to 'engine/animatedsprite.lua'
INFO - [♥] Applied 44 patches to 'functions/misc_functions.lua'
INFO - [♥] Applied 29 patches to 'game.lua'
INFO - [♥] Applied 1 patch to 'globals.lua'
INFO - [♥] Applied 3 patches to 'engine/ui.lua'
INFO - [♥] Applied 72 patches to 'functions/UI_definitions.lua'
INFO - [♥] Applied 39 patches to 'functions/state_events.lua'
INFO - [♥] Applied 87 patches to 'functions/common_events.lua'
INFO - [♥] Applied 38 patches to 'functions/button_callbacks.lua'
INFO - [♥] Applied 143 patches to 'card.lua'
INFO - [♥] Applied 6 patches to 'cardarea.lua'
INFO - [♥] Applied 30 patches to 'blind.lua'
INFO - [♥] Applied 2 patches to 'engine/text.lua'
INFO - [G] Failed to connect to the debug server
INFO - [G] 2025-03-06 19:03:03 :: DEBUG :: DebugConsole :: Steamodded Debug Socket started !
INFO - [♥] Applied 9 patches to 'engine/sound_manager.lua'
INFO - [♥] Applied 1 patch to 'engine/save_manager.lua'
INFO - [G] 2025-03-06 19:03:04 :: ERROR :: Loader :: Found invalid metadata JSON file at C:\Users\Administrator\AppData\Roaming\Balatro\Mods/.vscode/settings.json, ignoring: [SMODS _ "src/loader.lua"]:226: id
INFO - [G] 2025-03-06 19:03:04 :: INFO  :: DefaultLogger :: Valid JSON file found
INFO - [G] 2025-03-06 19:03:04 :: ERROR :: Loader :: Found invalid metadata JSON file at C:\Users\Administrator\AppData\Roaming\Balatro\Mods/Aura/.vscode/settings.json, ignoring: [SMODS _ "src/loader.lua"]:226: id
INFO - [G] 2025-03-06 19:03:04 :: TRACE :: Loader :: Processing Mod file (Legacy header): Aura.lua
INFO - [G] 2025-03-06 19:03:04 :: TRACE :: Loader :: Saving Mod Info: Aura
INFO - [G] 2025-03-06 19:03:04 :: TRACE :: Loader :: Processing Mod file (Legacy header): PreorderCards.lua
INFO - [G] 2025-03-06 19:03:04 :: TRACE :: Loader :: Saving Mod Info: preorder_cards
INFO - [G] 2025-03-06 19:03:04 :: INFO  :: DefaultLogger :: Valid JSON file found
INFO - [G] 2025-03-06 19:03:05 :: INFO  :: DefaultLogger :: Valid JSON file found
INFO - [G] 2025-03-06 19:03:05 :: TRACE :: Loader :: Processing Mod file (Legacy header): HentaiCards.lua
INFO - [G] 2025-03-06 19:03:05 :: WARN  :: Loader :: Duplicate Mod ID: HentaiCards
INFO - [G] 2025-03-06 19:03:05 :: TRACE :: Loader :: Processing Mod file (Legacy header): SakashimaJoker.lua
INFO - [G] 2025-03-06 19:03:05 :: TRACE :: Loader :: Saving Mod Info: SakashimaJoker
INFO - [G] 2025-03-06 19:03:05 :: INFO  :: DefaultLogger :: Valid JSON file found
INFO - [G] 2025-03-06 19:03:05 :: TRACE :: Loader :: Processing Mod file (Legacy header): VintagePinupCards.lua
INFO - [G] 2025-03-06 19:03:05 :: TRACE :: Loader :: Saving Mod Info: VintagePinupCards
INFO - [G] 2025-03-06 19:03:05 :: WARN  :: DeckSkin :: Old DeckSkin formatting detected on DeckSkin lust_LuckHearts!
INFO - [G] 2025-03-06 19:03:05 :: WARN  :: DeckSkin :: Old DeckSkin formatting detected on DeckSkin lust_LuckClubs!
INFO - [G] 2025-03-06 19:03:05 :: WARN  :: DeckSkin :: Old DeckSkin formatting detected on DeckSkin lust_LuckDiamonds!
INFO - [G] 2025-03-06 19:03:05 :: WARN  :: DeckSkin :: Old DeckSkin formatting detected on DeckSkin lust_LuckSpades!
INFO - [G] Picture dimensions: 138 x 186
INFO - [G] Number of animation frames: 8
INFO - [G] Comment inside this GIF: Created with Paint.NET
INFO - [G] Picture dimensions: 138 x 186
INFO - [G] Number of animation frames: 1
INFO - [G] Comment inside this GIF: NO_COMMENT
INFO - [G] Picture dimensions: 138 x 186
INFO - [G] Number of animation frames: 9
INFO - [G] Comment inside this GIF: Created with Paint.NET
INFO - [G] 2025-03-06 19:03:05 :: WARN  :: Atlas :: Object centers has the same key as an existing object, not registering.
INFO - [G] 2025-03-06 19:03:05 :: WARN  :: Atlas :: If you want to modify an existing object, use take_ownership()
INFO - [G] soul_atlas
INFO - [G] 2025-03-06 19:03:05 :: TRACE :: Loader :: Mod SakashimaJoker was unable to load: 
INFO - [G] 2025-03-06 19:03:05 :: INFO  :: TIMER :: [0000] Injected Language in 0.001 ms
INFO - [G] 2025-03-06 19:03:05 :: INFO  :: TIMER :: [0000] Injected [INTERNAL] in 1.344 ms
INFO - [G] mod_tags
INFO - [G] achievements
INFO - [G] lust_AltVersions
INFO - [G] Joker
INFO - [G] centers
INFO - [G] lust_editions
INFO - [G] lust_LustTarot
INFO - [G] Booster
INFO - [G] stickers
INFO - [G] shop_sign
INFO - [G] balatro
INFO - [G] lust_modicon
INFO - [G] BalustroIcons
INFO - [G] lust_BalustroPlayingCards
INFO - [G] lust_LuckPlayingCardsLC
INFO - [G] lust_LuckPlayingCardsHC
INFO - [G] bull_wild_rank_enhancement
INFO - [G] aura_j_faceless
INFO - [G] aura_j_seance
INFO - [G] aura_j_juggler
INFO - [G] aura_c_hearts
INFO - [G] aura_c_diamonds
INFO - [G] aura_c_clubs
INFO - [G] aura_c_spades
INFO - [G] aura_goon_icon_heart
INFO - [G] aura_goon_icon_diamond
INFO - [G] aura_goon_icon_club
INFO - [G] aura_goon_icon_spade
INFO - [G] FHC_hentai_cards_deck_lc
INFO - [G] FHC_hentai_cards_deck_hc
INFO - [G] Tarot
INFO - [G] Planet
INFO - [G] Spectral
INFO - [G] soul_atlas
INFO - [G] StickfaceNSFW_8BitDeck_opt2
INFO - [G] StickfaceNSFW_8BitDeck
INFO - [G] StickfaceNSFW_icon_lc
INFO - [G] StickfaceNSFW_icon_hc
INFO - [G] vintage_pinup_cards
INFO - [G] 2025-03-06 19:03:06 :: INFO  :: TIMER :: [0039] Injected Atlas in 1094.921 ms
INFO - [G] 2025-03-06 19:03:06 :: INFO  :: TIMER :: [0053] Injected Sound in 4.899 ms
INFO - [G] 2025-03-06 19:03:06 :: INFO  :: TIMER :: [0008] Injected Stake in 0.170 ms
INFO - [G] 2025-03-06 19:03:06 :: INFO  :: TIMER :: [0004] Injected Rarity in 0.017 ms
INFO - [G] 2025-03-06 19:03:06 :: INFO  :: TIMER :: [0004] Injected ObjectType in 0.033 ms
INFO - [G] 2025-03-06 19:03:06 :: INFO  :: TIMER :: [0212] Injected Center in 2.327 ms
INFO - [G] 2025-03-06 19:03:06 :: INFO  :: TIMER :: [0007] Injected Undiscovered Sprite in 0.011 ms
INFO - [G] 2025-03-06 19:03:06 :: INFO  :: TIMER :: [0002] Injected Blind in 0.013 ms
INFO - [G] 2025-03-06 19:03:06 :: INFO  :: TIMER :: [0004] Injected Seal in 0.098 ms
INFO - [G] 2025-03-06 19:03:06 :: INFO  :: TIMER :: [0004] Injected Suit in 0.074 ms
INFO - [G] 2025-03-06 19:03:06 :: INFO  :: TIMER :: [0013] Injected Rank in 0.081 ms
INFO - [G] 2025-03-06 19:03:06 :: INFO  :: TIMER :: [0052] Injected DeckSkin in 0.273 ms
INFO - [G] 2025-03-06 19:03:06 :: INFO  :: TIMER :: [0012] Injected PokerHand in 0.040 ms
INFO - [G] 2025-03-06 19:03:06 :: INFO  :: TIMER :: [0020] Injected Challenge in 0.044 ms
INFO - [G] 2025-03-06 19:03:06 :: INFO  :: TIMER :: [0000] Injected Tag in 0.002 ms
INFO - [G] 2025-03-06 19:03:06 :: INFO  :: TIMER :: [0004] Injected Sticker in 0.072 ms
INFO - [G] 2025-03-06 19:03:06 :: INFO  :: TIMER :: [0000] Injected Shader in 0.002 ms
INFO - [G] 2025-03-06 19:03:06 :: INFO  :: TIMER :: [0001] Injected Keybind in 0.010 ms
INFO - [G] 2025-03-06 19:03:06 :: INFO  :: TIMER :: [0000] Injected Achievement in 0.023 ms
INFO - [G] 2025-03-06 19:03:06 :: INFO  :: TIMER :: [0000] Injected [INTERNAL] in 1.922 ms
INFO - [G] line not found
INFO - [G] file not found: main.lua: No such file or directory
INFO - [G] file not found: main.lua: No such file or directory
INFO - [G] file not found: main.lua: No such file or directory
INFO - [G] 2025-03-06 19:03:06 :: ERROR :: StackTrace :: Oops! The game crashed
functions/misc_functions.lua:1690: attempt to index local 'center' (a string value)
Stack Traceback
===============
(1) Lua local 'handler' at file 'main.lua:612'
	Local variables:
	 msg = string: "functions/misc_functions.lua:1690: attempt to index local 'center' (a string value)"
	 (*temporary) = Lua function '?' (defined at line 31 of chunk [SMODS _ "src/logging.lua"])
	 (*temporary) = string: "Oops! The game crashed\
"
(2) LÖVE metamethod at file 'boot.lua:352'
	Local variables:
	 errhand = Lua function '?' (defined at line 598 of chunk main.lua)
	 handler = Lua function '?' (defined at line 598 of chunk main.lua)
(3) Lua global 'init_localization' at file 'functions/misc_functions.lua:1690'
	Local variables:
	 (for generator) = C function: next
	 (for state) = table: 0x2e63dc98  {descriptions:table: 0x2e63dcf8, tutorial_parsed:table: 0x2e355d50, quips_parsed:table: 0x2f2ead80 (more...)}
	 (for control) = number: nan
	 g_k = string: "descriptions"
	 group = table: 0x2e63dcf8  {Back:table: 0x2e67e738, Tag:table: 0x2e698858, Blind:table: 0x2e67f390 (more...)}
	 (for generator) = C function: next
	 (for state) = table: 0x2e63dcf8  {Back:table: 0x2e67e738, Tag:table: 0x2e698858, Blind:table: 0x2e67f390 (more...)}
	 (for control) = number: nan
	 _ = string: "Enhanced"
	 set = table: 0x2e680da8  {m_stone:table: 0x2e681278, m_wild:table: 0x2e681318, m_bull_wild_rank:This card is every rank (more...)}
	 (for generator) = C function: next
	 (for state) = table: 0x2e680da8  {m_stone:table: 0x2e681278, m_wild:table: 0x2e681318, m_bull_wild_rank:This card is every rank (more...)}
	 (for control) = number: nan
	 _ = string: "m_bull_wild_rank"
	 center = string: "This card is every rank"
	 (*temporary) = table: 0x2e80bf90  {}
	 (*temporary) = table: 0x2e80bd30  {1:Wild Card}
	 (*temporary) = number: 1
	 (*temporary) = nil
	 (*temporary) = nil
	 (*temporary) = number: 1
	 (*temporary) = number: 1
	 (*temporary) = table: 0x2e80bd70  {1:table: 0x2e80bef0}
	 (*temporary) = string: "Wild Card"
	 (*temporary) = string: "attempt to index local 'center' (a string value)"
(4) Lua field 'injectItems' at Steamodded file 'src/loader.lua:614' 
(5) Lua global 'initSteamodded' at Steamodded file 'src/loader.lua:658' 
(6) Lua method 'start_up' at file 'game.lua:211'
	Local variables:
	 self = table: 0x2e175480  {F_GUIDE:false, F_CRASH_REPORTS:false, F_QUIT_BUTTON:true, F_ENGLISH_ONLY:false (more...)}
	 settings = string: "return {[\"version\"]=\"1.0.1o-FULL\",[\"paused\"]=false,[\"QUEUED_CHANGE\"]={},[\"COMP\"]={[\"prev_name\"]=\"\",[\"name\"]=\"\",[\"score\"]=728,},[\"colourblind_option\"]=false,[\"play_button_pos\"]=2,[\"CUSTOM_DECK\"]={[\"Collabs\"]={[\"Spades\"]=\"lust_BalustroSpades\",[\"Hearts\"]=\"lust_BalustroHearts\",[\"Diamonds\"]=\"lust_BalustroDiamonds\",[\"Clubs\"]=\"lust_BalustroClubs\",},},[\"colour_palettes\"]={[\"Spades\"]=\"standard\",[\"Hearts\"]=\"standard\",[\"Diamonds\"]=\"standard\",[\"Clubs\"]=\"standard\",},[\"crashreports\"]=false,[\"tutorial_progress\"]={[\"hold_parts\"]={},[\"section\"]=\"big_blind\",[\"completed_parts\"]={[\"first_hand_3\"]=true,[\"small_blind\"]=true,[\"big_blind\"]=true,[\"first_hand_4\"]=true,[\"shop_1\"]=true,[\"first_hand_section\"]=true,[\"first_hand_2\"]=true,[\"first_hand\"]=true,},},[\"language\"]=\"en-us\",[\"profile\"]=1,[\"WINDOW\"]={[\"vsync\"]=1,[\"display_names\"]={[1]=\"1\",},[\"screenmode\"]=\"Borderless\",[\"DISPLAYS\"]={[1]={[\"screen_resolutions\"]={[\"strings\"]={[1]=\"1920 X 1080\",},[\"values\"]={[1]={[\"w\"]=1920,[\"h\"]=1080,},},},[\"screen_res\"]={[\"w\"]=1920,[\"h\"]=1080,},[\"DPI_scale\"]=1,[\"MONITOR_DIMS\"]={[\"height\"]=1080,[\"width\"]=1920,},},},[\"selected_display\"]=1,},[\"run_stake_stickers\"]=false,[\"GAMESPEED\"]=4,[\"SOUND\"]={[\"volume\"]=50,[\"music_volume\"]=0,[\"game_sounds_volume\"]=100,},[\"music_control\"]={[\"current_track\"]=\"\",[\"desired_track\"]=\"\",[\"lerp\"]=1,},[\"ACHIEVEMENTS_EARNED\"]={[\"extreme_couponer\"]=true,[\"clairvoyance\"]=true,[\"card_discarder\"]=true,[\"astronomy\"]=true,[\"cartomancy\"]=true,[\"card_player\"]=true,},[\"screenshake\"]=50,[\"current_setup\"]=\"Continue\",[\"tutorial_complete\"]=true,[\"ambient_control\"]={[\"ambientFire1\"]={[\"per\"]=1.1,[\"vol\"]=0,},[\"ambientOrgan1\"]={[\"per\"]=0.7,[\"vol\"]=0,},[\"ambientFire2\"]={[\"per\"]=1.05,[\"vol\"]=0,},[\"ambientFire3\"]={[\"per\"]=1,[\"vol\"]=0,},},[\"DEMO\"]={[\"win_CTA_shown\"]=true,[\"quit_CTA_shown\"]=true,[\"timed_CTA_shown\"]=true,[\"total_uptime\"]=5.0097079326806,},[\"GRAPHICS\"]={[\"texture_scaling\"]=2,[\"crt\"]=0,[\"shadows\"]=\"On\",[\"bloom\"]=1,},}"
	 settings_ver = nil
	 new_colour_proto = table: 0x2e17d9a0  {Spades:table: 0x2e17dc28, Hearts:table: 0x2e17da98, Diamonds:table: 0x2e17db50 (more...)}
	 sound_files = table: 0x2e4ceaa8  {1:ambientFire1.ogg, 2:ambientFire2.ogg, 3:ambientFire3.ogg, 4:ambientOrgan1.ogg (more...)}
	 shader_files = table: 0x2e4d29e0  {1:CRT.fs, 2:background.fs, 3:booster.fs, 4:debuff.fs, 5:dissolve.fs, 6:flame.fs (more...)}
(7) Lua field 'load' at file 'main.lua:945'
(8) Lua function '?' at file 'main.lua:892' (best guess)
(9) global C function 'xpcall'
(10) LÖVE function at file 'boot.lua:368' (best guess)
	Local variables:
	 result = boolean: true
	 main = nil
(11) global C function 'xpcall'
(12) LÖVE function at file 'boot.lua:377' (best guess)
	Local variables:
	 func = Lua function '(LÖVE Function)' (defined at line 355 of chunk [love "boot.lua"])
	 inerror = boolean: true
	 deferErrhand = Lua function '(LÖVE Function)' (defined at line 348 of chunk [love "boot.lua"])
	 earlyinit = Lua function '(LÖVE Function)' (defined at line 355 of chunk [love "boot.lua"])

INFO - [G] file not found: main.lua: No such file or directory
INFO - [G] 2025-03-06 19:03:06 :: INFO  :: StackTrace :: Additional Context:
Balatro Version: 1.0.1o-FULL
Modded Version: 1.0.0~ALPHA-1409a-STEAMODDED
LÖVE Version: 11.5.0
Lovely Version: 0.7.1
Platform: Windows
Steamodded Mods:
    1: Zero Bullitro by BitBites [ID: 0Bullitro, Version: 1.0]
    2: Preorder Cards by asd123cqp [ID: preorder_cards]
    3: Aura by MathIsFun_, ChromaPIE, Bard, Grassy311, RattlingSnow353, Solace, RadicaAprils, chloe_cromslor [ID: Aura, Version: 0.023, Uses Lovely]
    4: Hentai Cards by Makubex77, Pheubel (Code) [ID: HentaiCards, Version: 1.1]
    5: Vintage Pinup Cards by NoScope1080 [ID: VintagePinupCards]
    6: Stickface Deck by Stickface [ID: StickfaceNSFWDeck, Version: 1.0.0]
    7: Balustro by someone23832 [ID: Balustro, Priority: -20, Version: 0.12, Uses Lovely]
Lovely Mods:
