INFO - [♥] Lovely 0.7.1
INFO - [♥] Game directory is at "C:\\Program Files (x86)\\Steam\\steamapps\\common\\Balatro"
INFO - [♥] Writing logs to "C:\\Users\\Administrator\\AppData\\Roaming\\Balatro\\Mods\\lovely\\log"
INFO - [♥] Using mod directory at "C:\\Users\\Administrator\\AppData\\Roaming\\Balatro\\Mods"
INFO - [♥] Found .lovelyignore in 'SakashimaJoker', skipping it.
INFO - [♥] Cleaning up dumps directory at "C:\\Users\\Administrator\\AppData\\Roaming\\Balatro\\Mods\\lovely\\dump"
INFO - [♥] Initialization complete in 24ms
INFO - [♥] Applied 12 patches to 'main.lua'
INFO - [♥] Applied 5 patches to 'engine/controller.lua'
INFO - [♥] Applied 13 patches to 'back.lua'
INFO - [♥] Applied 6 patches to 'tag.lua'
INFO - [♥] Applied 1 patch to 'engine/moveable.lua'
INFO - [♥] Applied 2 patches to 'engine/sprite.lua'
INFO - [♥] Applied 2 patches to 'engine/animatedsprite.lua'
INFO - [♥] Applied 44 patches to 'functions/misc_functions.lua'
INFO - [♥] Applied 29 patches to 'game.lua'
INFO - [♥] Applied 1 patch to 'globals.lua'
INFO - [♥] Applied 3 patches to 'engine/ui.lua'
INFO - [♥] Applied 72 patches to 'functions/UI_definitions.lua'
INFO - [♥] Applied 39 patches to 'functions/state_events.lua'
INFO - [♥] Applied 87 patches to 'functions/common_events.lua'
INFO - [♥] Applied 38 patches to 'functions/button_callbacks.lua'
INFO - [♥] Applied 143 patches to 'card.lua'
INFO - [♥] Applied 6 patches to 'cardarea.lua'
INFO - [♥] Applied 30 patches to 'blind.lua'
INFO - [♥] Applied 2 patches to 'engine/text.lua'
INFO - [G] Failed to connect to the debug server
INFO - [G] 2025-03-06 15:09:13 :: DEBUG :: DebugConsole :: Steamodded Debug Socket started !
INFO - [♥] Applied 9 patches to 'engine/sound_manager.lua'
INFO - [♥] Applied 1 patch to 'engine/save_manager.lua'
INFO - [G] 2025-03-06 15:09:14 :: ERROR :: Loader :: Found invalid metadata JSON file at C:\Users\Administrator\AppData\Roaming\Balatro\Mods/.vscode/settings.json, ignoring: [SMODS _ "src/loader.lua"]:226: id
INFO - [G] 2025-03-06 15:09:14 :: INFO  :: DefaultLogger :: Valid JSON file found
INFO - [G] 2025-03-06 15:09:14 :: ERROR :: Loader :: Found invalid metadata JSON file at C:\Users\Administrator\AppData\Roaming\Balatro\Mods/Aura/.vscode/settings.json, ignoring: [SMODS _ "src/loader.lua"]:226: id
INFO - [G] 2025-03-06 15:09:14 :: TRACE :: Loader :: Processing Mod file (Legacy header): Aura.lua
INFO - [G] 2025-03-06 15:09:14 :: TRACE :: Loader :: Saving Mod Info: Aura
INFO - [G] 2025-03-06 15:09:14 :: TRACE :: Loader :: Processing Mod file (Legacy header): PreorderCards.lua
INFO - [G] 2025-03-06 15:09:14 :: TRACE :: Loader :: Saving Mod Info: preorder_cards
INFO - [G] 2025-03-06 15:09:14 :: INFO  :: DefaultLogger :: Valid JSON file found
INFO - [G] 2025-03-06 15:09:14 :: TRACE :: Loader :: Processing Mod file (Legacy header): helltakerhentaicards.lua
INFO - [G] 2025-03-06 15:09:14 :: TRACE :: Loader :: Saving Mod Info: helltakerhentaicards
INFO - [G] 2025-03-06 15:09:14 :: INFO  :: DefaultLogger :: Valid JSON file found
INFO - [G] 2025-03-06 15:09:14 :: TRACE :: Loader :: Processing Mod file (Legacy header): HentaiCards.lua
INFO - [G] 2025-03-06 15:09:14 :: WARN  :: Loader :: Duplicate Mod ID: HentaiCards
INFO - [G] 2025-03-06 15:09:14 :: TRACE :: Loader :: Processing Mod file (Legacy header): SakashimaJoker.lua
INFO - [G] 2025-03-06 15:09:14 :: TRACE :: Loader :: Saving Mod Info: SakashimaJoker
INFO - [G] 2025-03-06 15:09:14 :: INFO  :: DefaultLogger :: Valid JSON file found
INFO - [G] 2025-03-06 15:09:14 :: WARN  :: DeckSkin :: Old DeckSkin formatting detected on DeckSkin lust_LuckHearts!
INFO - [G] 2025-03-06 15:09:14 :: WARN  :: DeckSkin :: Old DeckSkin formatting detected on DeckSkin lust_LuckClubs!
INFO - [G] 2025-03-06 15:09:14 :: WARN  :: DeckSkin :: Old DeckSkin formatting detected on DeckSkin lust_LuckDiamonds!
INFO - [G] 2025-03-06 15:09:14 :: WARN  :: DeckSkin :: Old DeckSkin formatting detected on DeckSkin lust_LuckSpades!
INFO - [G] Picture dimensions: 138 x 186
INFO - [G] Number of animation frames: 8
INFO - [G] Comment inside this GIF: Created with Paint.NET
INFO - [G] Picture dimensions: 138 x 186
INFO - [G] Number of animation frames: 1
INFO - [G] Comment inside this GIF: NO_COMMENT
INFO - [G] Picture dimensions: 138 x 186
INFO - [G] Number of animation frames: 9
INFO - [G] Comment inside this GIF: Created with Paint.NET
INFO - [G] 2025-03-06 15:09:14 :: WARN  :: Atlas :: Object centers has the same key as an existing object, not registering.
INFO - [G] 2025-03-06 15:09:14 :: WARN  :: Atlas :: If you want to modify an existing object, use take_ownership()
INFO - [G] soul_atlas
INFO - [G] 2025-03-06 15:09:14 :: TRACE :: Loader :: Mod SakashimaJoker was unable to load: 
INFO - [G] 2025-03-06 15:09:14 :: INFO  :: TIMER :: [0000] Injected Language in 0.003 ms
INFO - [G] 2025-03-06 15:09:14 :: INFO  :: TIMER :: [0000] Injected [INTERNAL] in 32.032 ms
INFO - [G] mod_tags
INFO - [G] achievements
INFO - [G] lust_AltVersions
INFO - [G] Joker
INFO - [G] centers
INFO - [G] lust_editions
INFO - [G] lust_LustTarot
INFO - [G] Booster
INFO - [G] stickers
INFO - [G] shop_sign
INFO - [G] balatro
INFO - [G] lust_modicon
INFO - [G] BalustroIcons
INFO - [G] lust_BalustroPlayingCards
INFO - [G] lust_LuckPlayingCardsLC
INFO - [G] lust_LuckPlayingCardsHC
INFO - [G] aura_j_joker
INFO - [G] aura_j_greedy_joker
INFO - [G] aura_j_lusty_joker
INFO - [G] aura_j_wrathful_joker
INFO - [G] aura_j_gluttenous_joker
INFO - [G] aura_j_dusk
INFO - [G] aura_j_raised_fist
INFO - [G] aura_j_hack
INFO - [G] aura_j_scholar
INFO - [G] aura_j_blackboard
INFO - [G] aura_j_sixth_sense
INFO - [G] aura_j_sixth_sense_extra
INFO - [G] aura_j_constellation
INFO - [G] aura_j_faceless
INFO - [G] aura_j_todo_list
INFO - [G] aura_j_red_card
INFO - [G] aura_j_square
INFO - [G] aura_j_seance
INFO - [G] aura_j_riff_raff
INFO - [G] aura_j_vagabond
INFO - [G] aura_j_photograph
INFO - [G] aura_j_to_the_moon
INFO - [G] aura_j_juggler
INFO - [G] aura_j_flash
INFO - [G] aura_j_trousers
INFO - [G] aura_j_castle
INFO - [G] aura_j_castle_extra
INFO - [G] aura_j_flower_pot
INFO - [G] aura_j_blueprint
INFO - [G] aura_j_wee
INFO - [G] aura_j_brainstorm
INFO - [G] aura_j_astronomer
INFO - [G] aura_c_hearts
INFO - [G] aura_c_diamonds
INFO - [G] aura_c_clubs
INFO - [G] aura_c_spades
INFO - [G] aura_goon_icon_heart
INFO - [G] aura_goon_icon_diamond
INFO - [G] aura_goon_icon_club
INFO - [G] aura_goon_icon_spade
INFO - [G] cards_1
INFO - [G] cards_2
INFO - [G] Tarot
INFO - [G] Planet
INFO - [G] Spectral
INFO - [G] soul_atlas
INFO - [G] StickfaceNSFW_8BitDeck_opt2
INFO - [G] StickfaceNSFW_8BitDeck
INFO - [G] StickfaceNSFW_icon_lc
INFO - [G] StickfaceNSFW_icon_hc
INFO - [G] helltaker_hentai_deck
INFO - [G] 2025-03-06 15:09:19 :: INFO  :: TIMER :: [0067] Injected Atlas in 4070.789 ms
INFO - [G] 2025-03-06 15:09:19 :: INFO  :: TIMER :: [0053] Injected Sound in 765.389 ms
INFO - [G] 2025-03-06 15:09:19 :: INFO  :: TIMER :: [0008] Injected Stake in 0.168 ms
INFO - [G] 2025-03-06 15:09:19 :: INFO  :: TIMER :: [0004] Injected Rarity in 0.015 ms
INFO - [G] 2025-03-06 15:09:19 :: INFO  :: TIMER :: [0004] Injected ObjectType in 0.024 ms
INFO - [G] 2025-03-06 15:09:19 :: INFO  :: TIMER :: [0211] Injected Center in 2.467 ms
INFO - [G] 2025-03-06 15:09:19 :: INFO  :: TIMER :: [0007] Injected Undiscovered Sprite in 0.011 ms
INFO - [G] 2025-03-06 15:09:19 :: INFO  :: TIMER :: [0002] Injected Blind in 0.031 ms
INFO - [G] 2025-03-06 15:09:19 :: INFO  :: TIMER :: [0004] Injected Seal in 0.383 ms
INFO - [G] 2025-03-06 15:09:19 :: INFO  :: TIMER :: [0004] Injected Suit in 0.055 ms
INFO - [G] 2025-03-06 15:09:19 :: INFO  :: TIMER :: [0013] Injected Rank in 0.084 ms
INFO - [G] line not found
INFO - [G] file not found: main.lua: No such file or directory
INFO - [G] file not found: main.lua: No such file or directory
INFO - [G] file not found: main.lua: No such file or directory
INFO - [G] 2025-03-06 15:09:19 :: ERROR :: StackTrace :: Oops! The game crashed
[SMODS _ "src/game_object.lua"]:28: Missing required parameter for DeckSkin declaration: suit
Stack Traceback
===============
(1) Lua local 'handler' at file 'main.lua:612'
	Local variables:
	 msg = string: "[SMODS _ \"src/game_object.lua\"]:28: Missing required parameter for DeckSkin declaration: suit"
	 (*temporary) = Lua function '?' (defined at line 31 of chunk [SMODS _ "src/logging.lua"])
	 (*temporary) = string: "Oops! The game crashed\
"
(2) LÖVE function at file 'boot.lua:352' (best guess)
	Local variables:
	 errhand = Lua function '?' (defined at line 598 of chunk main.lua)
	 handler = Lua function '?' (defined at line 598 of chunk main.lua)
(3) global C function 'assert'
(4) Lua field 'DeckSkin' at Steamodded file 'src/game_object.lua:28' 
	Local variables:
	 self = table: 0x1604e5e0  {required_params:table: 0x16043028, pre_inject_class:function: 0x15ce1968 (more...)}
	 o = table: 0x1649a9c0  {loc_txt:Gooner of Ass, key:aura_goon_Hearts, palettes:table: 0x172fa778 (more...)}
	 (for generator) = C function: builtin#6
	 (for state) = table: 0x16043028  {1:key, 2:suit}
	 (for control) = number: 2
	 _ = number: 2
	 v = string: "suit"
(5) Lua method 'inject' at file '0Bullitro.lua:902' (from mod with id 0Bullitro)
	Local variables:
	 self = table: 0x172fa6e8  {suit:table: 0x172faa20, atlas:DeckSkin, _saved_d_u:true, original_key:goon (more...)}
	 (for generator) = C function: builtin#6
	 (for state) = table: 0x172faa20  {1:Hearts, 2:Diamonds, 3:Clubs, 4:Spades}
	 (for control) = number: 1
	 i = number: 1
	 suit = string: "Hearts"
(6) Lua method 'inject_class' at Steamodded file 'src/game_object.lua:182' 
	Local variables:
	 self = table: 0x1604e5e0  {required_params:table: 0x16043028, pre_inject_class:function: 0x15ce1968 (more...)}
	 inject_time = number: 2e-06
	 start_time = number: 13.5622
	 end_time = number: 13.5622
	 o = table: 0x172fa6e8  {suit:table: 0x172faa20, atlas:DeckSkin, _saved_d_u:true, original_key:goon (more...)}
	 (for generator) = C function: builtin#6
	 (for state) = table: 0x16043000  {1:default_Spades, 2:default_Hearts, 3:default_Diamonds, 4:default_Clubs (more...)}
	 (for control) = number: 37
	 i = number: 37
	 key = string: "aura_goon"
(7) Lua field 'injectObjects' at Steamodded file 'src/game_object.lua:256' 
	Local variables:
	 class = table: 0x1604e5e0  {required_params:table: 0x16043028, pre_inject_class:function: 0x15ce1968 (more...)}
(8) Lua field 'injectObjects' at Steamodded file 'src/game_object.lua:258' 
	Local variables:
	 class = table: 0x15e37f10  {check_duplicate_register:function: 0x1607bb30, check_duplicate_key:function: 0x1607b988 (more...)}
	 (for generator) = C function: builtin#6
	 (for state) = table: 0x15e3d490  {1:table: 0x15e3e0d0, 2:table: 0x15e46a98, 3:table: 0x15eded68, 4:table: 0x16072850 (more...)}
	 (for control) = number: 14
	 _ = number: 14
	 subclass = table: 0x1604e5e0  {required_params:table: 0x16043028, pre_inject_class:function: 0x15ce1968 (more...)}
(9) Lua field 'injectItems' at Steamodded file 'src/loader.lua:608' 
(10) Lua global 'initSteamodded' at Steamodded file 'src/loader.lua:658' 
(11) Lua method 'start_up' at file 'game.lua:211'
	Local variables:
	 self = table: 0x15ba5240  {F_GUIDE:false, F_CRASH_REPORTS:false, F_QUIT_BUTTON:true, F_ENGLISH_ONLY:false (more...)}
	 settings = string: "return {[\"version\"]=\"1.0.1o-FULL\",[\"paused\"]=false,[\"QUEUED_CHANGE\"]={},[\"COMP\"]={[\"prev_name\"]=\"\",[\"name\"]=\"\",[\"score\"]=360,},[\"colourblind_option\"]=false,[\"play_button_pos\"]=2,[\"CUSTOM_DECK\"]={[\"Collabs\"]={[\"Spades\"]=\"aura_goon_spades\",[\"Hearts\"]=\"aura_goon_hearts\",[\"Diamonds\"]=\"aura_goon_diamonds\",[\"Clubs\"]=\"aura_goon_clubs\",},},[\"colour_palettes\"]={[\"Spades\"]=\"lc\",[\"Hearts\"]=\"lc\",[\"Diamonds\"]=\"lc\",[\"Clubs\"]=\"lc\",},[\"crashreports\"]=false,[\"tutorial_progress\"]={[\"hold_parts\"]={},[\"section\"]=\"big_blind\",[\"completed_parts\"]={[\"first_hand_3\"]=true,[\"small_blind\"]=true,[\"big_blind\"]=true,[\"first_hand_4\"]=true,[\"shop_1\"]=true,[\"first_hand_section\"]=true,[\"first_hand_2\"]=true,[\"first_hand\"]=true,},},[\"language\"]=\"en-us\",[\"profile\"]=1,[\"WINDOW\"]={[\"vsync\"]=1,[\"display_names\"]={[1]=\"1\",},[\"screenmode\"]=\"Borderless\",[\"DISPLAYS\"]={[1]={[\"screen_resolutions\"]={[\"strings\"]={[1]=\"1920 X 1080\",},[\"values\"]={[1]={[\"w\"]=1920,[\"h\"]=1080,},},},[\"DPI_scale\"]=1,[\"MONITOR_DIMS\"]={[\"height\"]=1080,[\"width\"]=1920,},},},[\"selected_display\"]=1,},[\"run_stake_stickers\"]=false,[\"GAMESPEED\"]=4,[\"SOUND\"]={[\"volume\"]=50,[\"music_volume\"]=0,[\"game_sounds_volume\"]=100,},[\"music_control\"]={[\"current_track\"]=\"\",[\"desired_track\"]=\"\",[\"lerp\"]=1,},[\"ACHIEVEMENTS_EARNED\"]={[\"extreme_couponer\"]=true,[\"astronomy\"]=true,[\"card_discarder\"]=true,[\"cartomancy\"]=true,[\"clairvoyance\"]=true,[\"card_player\"]=true,},[\"screenshake\"]=50,[\"current_setup\"]=\"Continue\",[\"tutorial_complete\"]=true,[\"ambient_control\"]={[\"ambientFire1\"]={[\"per\"]=1.1,[\"vol\"]=0,},[\"ambientOrgan1\"]={[\"per\"]=0.7,[\"vol\"]=0,},[\"ambientFire2\"]={[\"per\"]=1.05,[\"vol\"]=0,},[\"ambientFire3\"]={[\"per\"]=1,[\"vol\"]=0,},},[\"DEMO\"]={[\"win_CTA_shown\"]=true,[\"quit_CTA_shown\"]=true,[\"timed_CTA_shown\"]=true,[\"total_uptime\"]=2787.2267973048,},[\"GRAPHICS\"]={[\"texture_scaling\"]=2,[\"crt\"]=0,[\"shadows\"]=\"On\",[\"bloom\"]=1,},}"
	 settings_ver = nil
	 new_colour_proto = table: 0x15bad758  {Spades:table: 0x15bad9e0, Hearts:table: 0x15bad850, Diamonds:table: 0x15bad908 (more...)}
	 sound_files = table: 0x15eef118  {1:ambientFire1.ogg, 2:ambientFire2.ogg, 3:ambientFire3.ogg, 4:ambientOrgan1.ogg (more...)}
	 shader_files = table: 0x15ef3000  {1:CRT.fs, 2:background.fs, 3:booster.fs, 4:debuff.fs, 5:dissolve.fs, 6:flame.fs (more...)}
(12) Lua field 'load' at file 'main.lua:945'
(13) Lua function '?' at file 'main.lua:892' (best guess)
(14) global C function 'xpcall'
(15) LÖVE function at file 'boot.lua:368' (best guess)
	Local variables:
	 result = boolean: true
	 main = nil
(16) global C function 'xpcall'
(17) LÖVE function at file 'boot.lua:377' (best guess)
	Local variables:
	 func = Lua function '(LÖVE Function)' (defined at line 355 of chunk [love "boot.lua"])
	 inerror = boolean: true
	 deferErrhand = Lua function '(LÖVE Function)' (defined at line 348 of chunk [love "boot.lua"])
	 earlyinit = Lua function '(LÖVE Function)' (defined at line 355 of chunk [love "boot.lua"])

INFO - [G] file not found: main.lua: No such file or directory
INFO - [G] 2025-03-06 15:09:19 :: INFO  :: StackTrace :: Additional Context:
Balatro Version: 1.0.1o-FULL
Modded Version: 1.0.0~ALPHA-1409a-STEAMODDED
LÖVE Version: 11.5.0
Lovely Version: 0.7.1
Platform: Windows
Steamodded Mods:
    1: Zero Bullitro by BitBites [ID: 0Bullitro, Version: 1.0]
    2: Preorder Cards by asd123cqp [ID: preorder_cards]
    3: Aura by MathIsFun_, ChromaPIE, Bard, Grassy311, RattlingSnow353, Solace, RadicaAprils, chloe_cromslor [ID: Aura, Version: 0.023, Uses Lovely]
    4: Hentai Cards by Makubex77, Pheubel (Code) [ID: HentaiCards, Version: 1.1]
    5: Stickface Deck by Stickface [ID: StickfaceNSFWDeck, Version: 1.0.0]
    6: Balustro by someone23832 [ID: Balustro, Priority: -20, Version: 0.12, Uses Lovely]
    7: Helltaker Hentai Cards by Young Soldier [ID: helltakerhentaicards]
Lovely Mods:
