INFO - [♥] Lovely 0.7.1
INFO - [♥] Game directory is at "C:\\Program Files (x86)\\Steam\\steamapps\\common\\Balatro"
INFO - [♥] Writing logs to "C:\\Users\\Administrator\\AppData\\Roaming\\Balatro\\Mods\\lovely\\log"
INFO - [♥] Using mod directory at "C:\\Users\\Administrator\\AppData\\Roaming\\Balatro\\Mods"
INFO - [♥] Found .lovelyignore in 'SakashimaJoker', skipping it.
INFO - [♥] Cleaning up dumps directory at "C:\\Users\\Administrator\\AppData\\Roaming\\Balatro\\Mods\\lovely\\dump"
INFO - [♥] Initialization complete in 140ms
INFO - [♥] Applied 12 patches to 'main.lua'
INFO - [♥] Applied 5 patches to 'engine/controller.lua'
INFO - [♥] Applied 13 patches to 'back.lua'
INFO - [♥] Applied 6 patches to 'tag.lua'
INFO - [♥] Applied 1 patch to 'engine/moveable.lua'
INFO - [♥] Applied 2 patches to 'engine/sprite.lua'
INFO - [♥] Applied 2 patches to 'engine/animatedsprite.lua'
INFO - [♥] Applied 44 patches to 'functions/misc_functions.lua'
INFO - [♥] Applied 24 patches to 'game.lua'
INFO - [♥] Applied 1 patch to 'globals.lua'
INFO - [♥] Applied 3 patches to 'engine/ui.lua'
INFO - [♥] Applied 72 patches to 'functions/UI_definitions.lua'
INFO - [♥] Applied 39 patches to 'functions/state_events.lua'
INFO - [♥] Applied 86 patches to 'functions/common_events.lua'
INFO - [♥] Applied 38 patches to 'functions/button_callbacks.lua'
INFO - [♥] Applied 141 patches to 'card.lua'
INFO - [♥] Applied 6 patches to 'cardarea.lua'
INFO - [♥] Applied 30 patches to 'blind.lua'
INFO - [♥] Applied 2 patches to 'engine/text.lua'
INFO - [G] Failed to connect to the debug server
INFO - [G] 2025-03-01 09:36:35 :: DEBUG :: DebugConsole :: Steamodded Debug Socket started !
INFO - [♥] Applied 9 patches to 'engine/sound_manager.lua'
INFO - [♥] Applied 1 patch to 'engine/save_manager.lua'
INFO - [G] 2025-03-01 09:36:43 :: ERROR :: Loader :: Found invalid metadata JSON file at C:\Users\Administrator\AppData\Roaming\Balatro\Mods/.vscode/settings.json, ignoring: [SMODS _ "src/loader.lua"]:226: id
INFO - [G] 2025-03-01 09:36:43 :: ERROR :: Loader :: Found invalid metadata JSON file at C:\Users\Administrator\AppData\Roaming\Balatro\Mods/Aura/.vscode/settings.json, ignoring: [SMODS _ "src/loader.lua"]:226: id
INFO - [G] 2025-03-01 09:36:43 :: TRACE :: Loader :: Processing Mod file (Legacy header): Aura.lua
INFO - [G] 2025-03-01 09:36:43 :: TRACE :: Loader :: Saving Mod Info: Aura
INFO - [G] 2025-03-01 09:36:43 :: TRACE :: Loader :: Processing Mod file (Legacy header): PreorderCards.lua
INFO - [G] 2025-03-01 09:36:43 :: TRACE :: Loader :: Saving Mod Info: preorder_cards
INFO - [G] 2025-03-01 09:36:43 :: TRACE :: Loader :: Processing Mod file (Legacy header): Bilitro.lua
INFO - [G] 2025-03-01 09:36:43 :: TRACE :: Loader :: Saving Mod Info: Bilitro
INFO - [G] 2025-03-01 09:36:43 :: TRACE :: Loader :: Processing Mod file (Legacy header): SakashimaJoker.lua
INFO - [G] 2025-03-01 09:36:43 :: TRACE :: Loader :: Saving Mod Info: SakashimaJoker
INFO - [G] 2025-03-01 09:36:43 :: TRACE :: Loader :: Mod SakashimaJoker was unable to load: 
INFO - [G] 2025-03-01 09:36:43 :: INFO  :: TIMER :: [0000] Injected Language in 0.001 ms
INFO - [G] 2025-03-01 09:36:43 :: INFO  :: TIMER :: [0000] Injected [INTERNAL] in 30.799 ms
INFO - [G] 2025-03-01 09:36:46 :: INFO  :: TIMER :: [0032] Injected Atlas in 2299.132 ms
INFO - [G] 2025-03-01 09:36:46 :: INFO  :: TIMER :: [0053] Injected Sound in 371.174 ms
INFO - [G] 2025-03-01 09:36:46 :: INFO  :: TIMER :: [0008] Injected Stake in 0.164 ms
INFO - [G] 2025-03-01 09:36:46 :: INFO  :: TIMER :: [0004] Injected Rarity in 0.014 ms
INFO - [G] 2025-03-01 09:36:46 :: INFO  :: TIMER :: [0004] Injected ObjectType in 0.030 ms
INFO - [G] 2025-03-01 09:36:46 :: INFO  :: TIMER :: [0198] Injected Center in 2.136 ms
INFO - [G] 2025-03-01 09:36:46 :: INFO  :: TIMER :: [0007] Injected Undiscovered Sprite in 0.013 ms
INFO - [G] 2025-03-01 09:36:46 :: INFO  :: TIMER :: [0002] Injected Blind in 0.015 ms
INFO - [G] 2025-03-01 09:36:46 :: INFO  :: TIMER :: [0004] Injected Seal in 0.135 ms
INFO - [G] 2025-03-01 09:36:46 :: INFO  :: TIMER :: [0004] Injected Suit in 0.087 ms
INFO - [G] 2025-03-01 09:36:46 :: INFO  :: TIMER :: [0013] Injected Rank in 0.080 ms
INFO - [G] 2025-03-01 09:36:46 :: INFO  :: TIMER :: [0028] Injected DeckSkin in 0.177 ms
INFO - [G] 2025-03-01 09:36:46 :: INFO  :: TIMER :: [0012] Injected PokerHand in 0.041 ms
INFO - [G] 2025-03-01 09:36:46 :: INFO  :: TIMER :: [0020] Injected Challenge in 0.044 ms
INFO - [G] 2025-03-01 09:36:46 :: INFO  :: TIMER :: [0000] Injected Tag in 0.002 ms
INFO - [G] 2025-03-01 09:36:46 :: INFO  :: TIMER :: [0004] Injected Sticker in 0.070 ms
INFO - [G] 2025-03-01 09:36:46 :: INFO  :: TIMER :: [0000] Injected Shader in 0.002 ms
INFO - [G] 2025-03-01 09:36:46 :: INFO  :: TIMER :: [0001] Injected Keybind in 0.011 ms
INFO - [G] 2025-03-01 09:36:46 :: INFO  :: TIMER :: [0000] Injected Achievement in 0.041 ms
INFO - [G] 2025-03-01 09:36:46 :: INFO  :: TIMER :: [0000] Injected [INTERNAL] in 0.657 ms
INFO - [G] LONG DT @ 0: 0.1
INFO - [G] LONG DT @ 0: 0.08040038
INFO - [G] LONG DT @ 0: 0.064702344
INFO - [G] LONG DT @ 0: 0.0548351552
INFO - [G] LONG DT @ 0: 0.065067717287936
INFO - [G] LONG DT @ 0: 0.052545173830349
INFO - [G] 10.1
INFO - [G] 10.2
INFO - [G] 10.3
INFO - [G] 10.4
INFO - [G] 10.5
INFO - [G] 10.6
INFO - [G] 10.7
INFO - [G] 10.8
INFO - [G] 10.9
INFO - [G] 11
INFO - [G] 11.1
INFO - [G] 11.2
INFO - [G] 11.3
INFO - [G] 11.4
INFO - [G] 11.5
INFO - [G] 11.6
INFO - [G] 11.7
INFO - [G] 11.8
INFO - [G] 11.9
INFO - [G] 12
INFO - [G] 12.1
INFO - [G] 12.2
INFO - [G] 12.3
INFO - [G] 12.4
INFO - [G] 12.5
INFO - [G] 12.6
INFO - [G] 12.7
INFO - [G] 12.8
INFO - [G] 12.9
INFO - [G] 13
INFO - [G] 13.1
INFO - [G] 13.2
INFO - [G] 13.3
INFO - [G] 13.4
INFO - [G] 13.5
INFO - [G] 13.6
INFO - [G] 13.7
INFO - [G] 13.8
INFO - [G] 13.9
INFO - [G] 14
INFO - [G] 14.1
INFO - [G] 14.2
INFO - [G] 14.3
INFO - [G] 14.4
INFO - [G] 14.5
INFO - [G] 14.6
INFO - [G] 14.7
INFO - [G] 14.8
INFO - [G] 14.9
INFO - [G] 15
INFO - [G] 15.1
INFO - [G] 15.2
INFO - [G] 15.3
INFO - [G] 15.4
INFO - [G] 15.5
INFO - [G] 15.6
INFO - [G] 15.7
INFO - [G] 15.8
INFO - [G] 15.9
INFO - [G] 16
INFO - [G] 16.1
INFO - [G] 16.2
INFO - [G] 16.3
INFO - [G] 16.4
INFO - [G] 16.5
INFO - [G] 16.6
INFO - [G] 16.7
INFO - [G] 16.8
