INFO - [♥] Lovely 0.7.1
INFO - [♥] Game directory is at "C:\\Program Files (x86)\\Steam\\steamapps\\common\\Balatro"
INFO - [♥] Writing logs to "C:\\Users\\Administrator\\AppData\\Roaming\\Balatro\\Mods\\lovely\\log"
INFO - [♥] Using mod directory at "C:\\Users\\Administrator\\AppData\\Roaming\\Balatro\\Mods"
INFO - [♥] Cleaning up dumps directory at "C:\\Users\\Administrator\\AppData\\Roaming\\Balatro\\Mods\\lovely\\dump"
INFO - [♥] Initialization complete in 36ms
INFO - [♥] Applied 12 patches to 'main.lua'
INFO - [♥] Applied 5 patches to 'engine/controller.lua'
INFO - [♥] Applied 13 patches to 'back.lua'
INFO - [♥] Applied 6 patches to 'tag.lua'
INFO - [♥] Applied 1 patch to 'engine/moveable.lua'
INFO - [♥] Applied 2 patches to 'engine/sprite.lua'
INFO - [♥] Applied 2 patches to 'engine/animatedsprite.lua'
INFO - [♥] Applied 41 patches to 'functions/misc_functions.lua'
INFO - [♥] Applied 24 patches to 'game.lua'
INFO - [♥] Applied 1 patch to 'globals.lua'
INFO - [♥] Applied 3 patches to 'engine/ui.lua'
INFO - [♥] Applied 72 patches to 'functions/UI_definitions.lua'
INFO - [♥] Applied 39 patches to 'functions/state_events.lua'
INFO - [♥] Applied 86 patches to 'functions/common_events.lua'
INFO - [♥] Applied 38 patches to 'functions/button_callbacks.lua'
INFO - [♥] Applied 139 patches to 'card.lua'
INFO - [♥] Applied 6 patches to 'cardarea.lua'
INFO - [♥] Applied 30 patches to 'blind.lua'
INFO - [♥] Applied 2 patches to 'engine/text.lua'
INFO - [G] Failed to connect to the debug server
INFO - [G] 2025-02-10 00:35:24 :: DEBUG :: DebugConsole :: Steamodded Debug Socket started !
INFO - [♥] Applied 9 patches to 'engine/sound_manager.lua'
INFO - [♥] Applied 1 patch to 'engine/save_manager.lua'
INFO - [G] 2025-02-10 00:35:27 :: ERROR :: Loader :: Found invalid metadata JSON file at C:\Users\Administrator\AppData\Roaming\Balatro\Mods/.vscode/settings.json, ignoring: [SMODS _ "src/loader.lua"]:226: id
INFO - [G] 2025-02-10 00:35:27 :: TRACE :: Loader :: Processing Mod file (Legacy header): PreorderCards.lua
INFO - [G] 2025-02-10 00:35:27 :: TRACE :: Loader :: Saving Mod Info: preorder_cards
INFO - [G] 2025-02-10 00:35:27 :: TRACE :: Loader :: Processing Mod file (Legacy header): SakashimaJoker.lua
INFO - [G] 2025-02-10 00:35:27 :: TRACE :: Loader :: Saving Mod Info: SakashimaJoker
INFO - [G] 2025-02-10 00:35:27 :: INFO  :: TIMER :: [0000] Injected Language in 0.002 ms
INFO - [G] 2025-02-10 00:35:27 :: INFO  :: TIMER :: [0000] Injected [INTERNAL] in 2.046 ms
INFO - [G] 2025-02-10 00:35:28 :: INFO  :: TIMER :: [0004] Injected Atlas in 675.118 ms
INFO - [G] 2025-02-10 00:35:28 :: INFO  :: TIMER :: [0001] Injected Sound in 0.351 ms
INFO - [G] 2025-02-10 00:35:28 :: INFO  :: TIMER :: [0008] Injected Stake in 0.254 ms
INFO - [G] 2025-02-10 00:35:28 :: INFO  :: TIMER :: [0004] Injected Rarity in 0.038 ms
INFO - [G] 2025-02-10 00:35:28 :: INFO  :: TIMER :: [0004] Injected ObjectType in 0.113 ms
INFO - [G] 2025-02-10 00:35:28 :: INFO  :: TIMER :: [0049] Injected Center in 0.484 ms
INFO - [G] 2025-02-10 00:35:28 :: INFO  :: TIMER :: [0007] Injected Undiscovered Sprite in 0.022 ms
INFO - [G] 2025-02-10 00:35:28 :: INFO  :: TIMER :: [0002] Injected Blind in 0.027 ms
INFO - [G] 2025-02-10 00:35:28 :: INFO  :: TIMER :: [0004] Injected Seal in 0.196 ms
INFO - [G] 2025-02-10 00:35:28 :: INFO  :: TIMER :: [0004] Injected Suit in 0.097 ms
INFO - [G] 2025-02-10 00:35:28 :: INFO  :: TIMER :: [0013] Injected Rank in 0.180 ms
INFO - [G] 2025-02-10 00:35:28 :: INFO  :: TIMER :: [0020] Injected DeckSkin in 0.236 ms
INFO - [G] 2025-02-10 00:35:28 :: INFO  :: TIMER :: [0012] Injected PokerHand in 0.056 ms
INFO - [G] 2025-02-10 00:35:28 :: INFO  :: TIMER :: [0020] Injected Challenge in 0.045 ms
INFO - [G] 2025-02-10 00:35:28 :: INFO  :: TIMER :: [0000] Injected Tag in 0.003 ms
INFO - [G] 2025-02-10 00:35:28 :: INFO  :: TIMER :: [0004] Injected Sticker in 1.316 ms
INFO - [G] 2025-02-10 00:35:28 :: INFO  :: TIMER :: [0000] Injected Shader in 0.002 ms
INFO - [G] 2025-02-10 00:35:28 :: INFO  :: TIMER :: [0001] Injected Keybind in 0.045 ms
INFO - [G] 2025-02-10 00:35:28 :: INFO  :: TIMER :: [0000] Injected Achievement in 0.057 ms
INFO - [G] 2025-02-10 00:35:28 :: INFO  :: TIMER :: [0000] Injected [INTERNAL] in 0.614 ms
INFO - [G] line not found
INFO - [G] file not found: main.lua: No such file or directory
INFO - [G] file not found: main.lua: No such file or directory
INFO - [G] line not found
INFO - [G] line not found
INFO - [G] line not found
INFO - [G] line not found
INFO - [G] file not found: main.lua: No such file or directory
INFO - [G] file not found: main.lua: No such file or directory
INFO - [G] 2025-02-10 00:36:46 :: ERROR :: StackTrace :: Oops! The game crashed
[SMODS SakashimaJoker "SakashimaJoker.lua"]:813: attempt to perform arithmetic on a boolean value
Stack Traceback
===============
(1) Lua local 'handler' at file 'main.lua:612'
	Local variables:
	 msg = string: "[SMODS SakashimaJoker \"SakashimaJoker.lua\"]:813: attempt to perform arithmetic on a boolean value"
	 (*temporary) = Lua function '?' (defined at line 31 of chunk [SMODS _ "src/logging.lua"])
	 (*temporary) = string: "Oops! The game crashed\
"
(2) LÖVE metamethod at file 'boot.lua:352'
	Local variables:
	 errhand = Lua function '?' (defined at line 598 of chunk main.lua)
	 handler = Lua function '?' (defined at line 598 of chunk main.lua)
(3) Lua local 'value' at file 'SakashimaJoker.lua:813' (from mod with id SakashimaJoker)
	Local variables:
	 card = table: 0x17dceef0  {click_offset:table: 0x18621508, static_rotation:false, ambient_tilt:0.2 (more...)}
	 context = table: 0x17cee098  {main_eval:true, blind:table: 0x17f5e0e8, cardarea:table: 0x18241d70, setting_blind:true (more...)}
	 fm = nil
	 jokerGainMode = string: "gain"
	 upgradeGainMode = string: "upgrade"
	 condition = Lua function '?' (defined at line 339 of chunk [SMODS SakashimaJoker "SakashimaJoker.lua"])
	 (for generator) = C function: builtin#6
	 (for state) = table: 0x17f45bd0  {1:+onplayed*3 Mult, 2:function: 0x17dfedb8}
	 (for control) = number: 1
	 i = number: 1
	 modTxt = string: "+onplayed*3 Mult"
	 gainMode = string: "default"
	 loud = boolean: true
	 amount = string: "onplayed*3"
	 mult = number: 3
	 plus = number: 0
	 (*temporary) = boolean: false
	 (*temporary) = nil
	 (*temporary) = number: 4.05162e-313
	 (*temporary) = boolean: false
	 (*temporary) = string: "attempt to perform arithmetic on a boolean value"
(4) Lua function '?' at file 'SakashimaJoker.lua:325' (from mod with id SakashimaJoker) (best guess)
	Local variables:
	 value = Lua function '?' (defined at line 760 of chunk [SMODS SakashimaJoker "SakashimaJoker.lua"])
	 (*temporary) = Lua function '?' (defined at line 323 of chunk [SMODS SakashimaJoker "SakashimaJoker.lua"])
(5) Lua method 'calculate' at file 'SakashimaJoker.lua:1068' (from mod with id SakashimaJoker)
	Local variables:
	 self = table: 0x17ed7f98  {alerted:true, loc_vars:function: 0x18001740, _saved_d_u:true, original_key:Sakashima (more...)}
	 card = table: 0x17dceef0  {click_offset:table: 0x18621508, static_rotation:false, ambient_tilt:0.2 (more...)}
	 context = table: 0x17cee098  {main_eval:true, blind:table: 0x17f5e0e8, cardarea:table: 0x18241d70, setting_blind:true (more...)}
	 fr = nil
	 (for index) = number: 2
	 (for limit) = number: 2
	 (for step) = number: 1
	 j = number: 2
	 name = string: "Greedy Joker"
	 status_text = nil
(6) Lua method 'calculate_joker' at file 'card.lua:2457'
	Local variables:
	 self = table: 0x17dceef0  {click_offset:table: 0x18621508, static_rotation:false, ambient_tilt:0.2 (more...)}
	 context = table: 0x17cee098  {main_eval:true, blind:table: 0x17f5e0e8, cardarea:table: 0x18241d70, setting_blind:true (more...)}
	 obj = table: 0x17ed7f98  {alerted:true, loc_vars:function: 0x18001740, _saved_d_u:true, original_key:Sakashima (more...)}
(7) Lua global 'eval_card' at file 'functions/common_events.lua:707'
	Local variables:
	 card = table: 0x17dceef0  {click_offset:table: 0x18621508, static_rotation:false, ambient_tilt:0.2 (more...)}
	 context = table: 0x17cee098  {main_eval:true, blind:table: 0x17f5e0e8, cardarea:table: 0x18241d70, setting_blind:true (more...)}
	 ret = table: 0x17baafd0  {}
	 post_trig = table: 0x17ccd430  {}
	 areas = table: 0x1867cc10  {1:table: 0x18241d70, 2:table: 0x182414b0, 3:table: 0x18242f28}
	 area_set = table: 0x17a5c2f8  {table: 0x18242f28:true, table: 0x182414b0:true, table: 0x18241d70:true (more...)}
(8) Lua field 'calculate_context' at Steamodded file 'src/utils.lua:1337' 
	Local variables:
	 context = table: 0x17cee098  {main_eval:true, blind:table: 0x17f5e0e8, cardarea:table: 0x18241d70, setting_blind:true (more...)}
	 return_table = nil
	 (for generator) = C function: builtin#6
	 (for state) = table: 0x18674a08  {1:table: 0x18241d70, 2:table: 0x182414b0, 3:table: 0x18242f28}
	 (for control) = number: 1
	 _ = number: 1
	 area = table: 0x18241d70  {click_offset:table: 0x18241ed0, children:table: 0x182425b0, shuffle_amt:0 (more...)}
	 (for generator) = C function: builtin#6
	 (for state) = table: 0x18242588  {1:table: 0x17dceef0}
	 (for control) = number: 1
	 _ = number: 1
	 _card = table: 0x17dceef0  {click_offset:table: 0x18621508, static_rotation:false, ambient_tilt:0.2 (more...)}
(9) Lua field 'func' at file 'functions/state_events.lua:275'
	Local variables:
	 chaos = table: 0x18606d58  {}
	 blhash = string: "L"
(10) Lua method 'handle' at file 'engine/event.lua:99'
	Local variables:
	 self = table: 0x17e9c8c8  {start_timer:true, timer:TOTAL, blockable:true, trigger:immediate, func:function: 0x188795b8 (more...)}
	 _results = table: 0x17ff8e88  {blocking:true, pause_skip:false, time_done:false, completed:false}
(11) Lua method 'update' at file 'engine/event.lua:182'
	Local variables:
	 self = table: 0x18000838  {queue_last_processed:77.18333333333, queues:table: 0x18000860, queue_dt:0.016666666666667 (more...)}
	 dt = number: 0.0165665
	 forced = nil
	 (for generator) = C function: next
	 (for state) = table: 0x18000860  {unlock:table: 0x18000888, other:table: 0x18000d00, tutorial:table: 0x180008d8 (more...)}
	 (for control) = number: nan
	 k = string: "base"
	 v = table: 0x180008b0  {1:table: 0x17b37c70, 2:table: 0x17e9c8c8, 3:table: 0x17d03198, 4:table: 0x184f8f78 (more...)}
	 blocked = boolean: false
	 i = number: 2
	 results = table: 0x17ff8e88  {blocking:true, pause_skip:false, time_done:false, completed:false}
(12) Lua upvalue 'gameUpdateRef' at file 'game.lua:2524'
	Local variables:
	 self = table: 0x179c0590  {F_GUIDE:false, F_CRASH_REPORTS:false, F_QUIT_BUTTON:true, HUD_tags:table: 0x185057e8 (more...)}
	 dt = number: 0.0165665
	 http_resp = nil
(13) Lua method 'update' at Steamodded file 'src/ui.lua:84' 
	Local variables:
	 self = table: 0x179c0590  {F_GUIDE:false, F_CRASH_REPORTS:false, F_QUIT_BUTTON:true, HUD_tags:table: 0x185057e8 (more...)}
	 dt = number: 0.0165665
(14) Lua field 'update' at file 'main.lua:992'
	Local variables:
	 dt = number: 0.0165665
(15) Lua function '?' at file 'main.lua:931' (best guess)
(16) global C function 'xpcall'
(17) LÖVE function at file 'boot.lua:377' (best guess)
	Local variables:
	 func = Lua function '?' (defined at line 902 of chunk main.lua)
	 inerror = boolean: true
	 deferErrhand = Lua function '(LÖVE Function)' (defined at line 348 of chunk [love "boot.lua"])
	 earlyinit = Lua function '(LÖVE Function)' (defined at line 355 of chunk [love "boot.lua"])

INFO - [G] line not found
INFO - [G] line not found
INFO - [G] line not found
INFO - [G] line not found
INFO - [G] file not found: main.lua: No such file or directory
INFO - [G] file not found: main.lua: No such file or directory
INFO - [G] 2025-02-10 00:36:46 :: INFO  :: StackTrace :: Additional Context:
Balatro Version: 1.0.1n-FULL
Modded Version: 1.0.0~ALPHA-1409a-STEAMODDED
LÖVE Version: 11.5.0
Lovely Version: 0.7.1
Platform: Windows
Steamodded Mods:
    1: Sakashima Joker by BitBites [ID: SakashimaJoker]
    2: Preorder Cards by asd123cqp [ID: preorder_cards]
Lovely Mods:
