INFO - [♥] Lovely 0.7.1
INFO - [♥] Game directory is at "C:\\Program Files (x86)\\Steam\\steamapps\\common\\Balatro"
INFO - [♥] Writing logs to "C:\\Users\\Administrator\\AppData\\Roaming\\Balatro\\Mods\\lovely\\log"
INFO - [♥] Using mod directory at "C:\\Users\\Administrator\\AppData\\Roaming\\Balatro\\Mods"
INFO - [♥] Cleaning up dumps directory at "C:\\Users\\Administrator\\AppData\\Roaming\\Balatro\\Mods\\lovely\\dump"
INFO - [♥] Initialization complete in 27ms
INFO - [♥] Applied 12 patches to 'main.lua'
INFO - [♥] Applied 5 patches to 'engine/controller.lua'
INFO - [♥] Applied 13 patches to 'back.lua'
INFO - [♥] Applied 6 patches to 'tag.lua'
INFO - [♥] Applied 1 patch to 'engine/moveable.lua'
INFO - [♥] Applied 2 patches to 'engine/sprite.lua'
INFO - [♥] Applied 2 patches to 'engine/animatedsprite.lua'
INFO - [♥] Applied 41 patches to 'functions/misc_functions.lua'
INFO - [♥] Applied 24 patches to 'game.lua'
INFO - [♥] Applied 1 patch to 'globals.lua'
INFO - [♥] Applied 3 patches to 'engine/ui.lua'
INFO - [♥] Applied 72 patches to 'functions/UI_definitions.lua'
INFO - [♥] Applied 39 patches to 'functions/state_events.lua'
INFO - [♥] Applied 86 patches to 'functions/common_events.lua'
INFO - [♥] Applied 38 patches to 'functions/button_callbacks.lua'
INFO - [♥] Applied 139 patches to 'card.lua'
INFO - [♥] Applied 6 patches to 'cardarea.lua'
INFO - [♥] Applied 30 patches to 'blind.lua'
INFO - [♥] Applied 2 patches to 'engine/text.lua'
INFO - [G] Failed to connect to the debug server
INFO - [G] 2025-02-10 06:22:39 :: DEBUG :: DebugConsole :: Steamodded Debug Socket started !
INFO - [♥] Applied 9 patches to 'engine/sound_manager.lua'
INFO - [♥] Applied 1 patch to 'engine/save_manager.lua'
INFO - [G] 2025-02-10 06:22:41 :: ERROR :: Loader :: Found invalid metadata JSON file at C:\Users\Administrator\AppData\Roaming\Balatro\Mods/.vscode/settings.json, ignoring: [SMODS _ "src/loader.lua"]:226: id
INFO - [G] 2025-02-10 06:22:41 :: TRACE :: Loader :: Processing Mod file (Legacy header): PreorderCards.lua
INFO - [G] 2025-02-10 06:22:41 :: TRACE :: Loader :: Saving Mod Info: preorder_cards
INFO - [G] 2025-02-10 06:22:41 :: TRACE :: Loader :: Processing Mod file (Legacy header): SakashimaJoker.lua
INFO - [G] 2025-02-10 06:22:41 :: TRACE :: Loader :: Saving Mod Info: SakashimaJoker
INFO - [G] 2025-02-10 06:22:41 :: INFO  :: TIMER :: [0000] Injected Language in 0.001 ms
INFO - [G] 2025-02-10 06:22:41 :: INFO  :: TIMER :: [0000] Injected [INTERNAL] in 1.303 ms
INFO - [G] 2025-02-10 06:22:41 :: INFO  :: TIMER :: [0004] Injected Atlas in 551.638 ms
INFO - [G] 2025-02-10 06:22:41 :: INFO  :: TIMER :: [0001] Injected Sound in 0.200 ms
INFO - [G] 2025-02-10 06:22:41 :: INFO  :: TIMER :: [0008] Injected Stake in 0.243 ms
INFO - [G] 2025-02-10 06:22:41 :: INFO  :: TIMER :: [0004] Injected Rarity in 0.024 ms
INFO - [G] 2025-02-10 06:22:42 :: INFO  :: TIMER :: [0004] Injected ObjectType in 0.050 ms
INFO - [G] 2025-02-10 06:22:42 :: INFO  :: TIMER :: [0049] Injected Center in 0.470 ms
INFO - [G] 2025-02-10 06:22:42 :: INFO  :: TIMER :: [0007] Injected Undiscovered Sprite in 0.018 ms
INFO - [G] 2025-02-10 06:22:42 :: INFO  :: TIMER :: [0002] Injected Blind in 0.020 ms
INFO - [G] 2025-02-10 06:22:42 :: INFO  :: TIMER :: [0004] Injected Seal in 0.399 ms
INFO - [G] 2025-02-10 06:22:42 :: INFO  :: TIMER :: [0004] Injected Suit in 0.125 ms
INFO - [G] 2025-02-10 06:22:42 :: INFO  :: TIMER :: [0013] Injected Rank in 0.151 ms
INFO - [G] 2025-02-10 06:22:42 :: INFO  :: TIMER :: [0020] Injected DeckSkin in 0.221 ms
INFO - [G] 2025-02-10 06:22:42 :: INFO  :: TIMER :: [0012] Injected PokerHand in 0.048 ms
INFO - [G] 2025-02-10 06:22:42 :: INFO  :: TIMER :: [0020] Injected Challenge in 0.148 ms
INFO - [G] 2025-02-10 06:22:42 :: INFO  :: TIMER :: [0000] Injected Tag in 0.002 ms
INFO - [G] 2025-02-10 06:22:42 :: INFO  :: TIMER :: [0004] Injected Sticker in 0.100 ms
INFO - [G] 2025-02-10 06:22:42 :: INFO  :: TIMER :: [0000] Injected Shader in 0.003 ms
INFO - [G] 2025-02-10 06:22:42 :: INFO  :: TIMER :: [0001] Injected Keybind in 0.022 ms
INFO - [G] 2025-02-10 06:22:42 :: INFO  :: TIMER :: [0000] Injected Achievement in 0.076 ms
INFO - [G] 2025-02-10 06:22:42 :: INFO  :: TIMER :: [0000] Injected [INTERNAL] in 0.612 ms
INFO - [G] ERROR LOADING GAME: Card area 'shop_booster' not instantiated before load
INFO - [G] ERROR LOADING GAME: Card area 'shop_jokers' not instantiated before load
INFO - [G] ERROR LOADING GAME: Card area 'shop_vouchers' not instantiated before load
INFO - [G] line not found
INFO - [G] file not found: main.lua: No such file or directory
INFO - [G] file not found: main.lua: No such file or directory
INFO - [G] line not found
INFO - [G] line not found
INFO - [G] line not found
INFO - [G] line not found
INFO - [G] line not found
INFO - [G] line not found
INFO - [G] line not found
INFO - [G] line not found
INFO - [G] line not found
INFO - [G] line not found
INFO - [G] line not found
INFO - [G] line not found
INFO - [G] file not found: main.lua: No such file or directory
INFO - [G] file not found: main.lua: No such file or directory
INFO - [G] 2025-02-10 06:22:57 :: ERROR :: StackTrace :: Oops! The game crashed
[SMODS SakashimaJoker "SakashimaJoker.lua"]:491: attempt to index local 'context' (a nil value)
Stack Traceback
===============
(1) Lua local 'handler' at file 'main.lua:612'
	Local variables:
	 msg = string: "[SMODS SakashimaJoker \"SakashimaJoker.lua\"]:491: attempt to index local 'context' (a nil value)"
	 (*temporary) = Lua function '?' (defined at line 31 of chunk [SMODS _ "src/logging.lua"])
	 (*temporary) = string: "Oops! The game crashed\
"
(2) LÖVE metamethod at file 'boot.lua:352'
	Local variables:
	 errhand = Lua function '?' (defined at line 598 of chunk main.lua)
	 handler = Lua function '?' (defined at line 598 of chunk main.lua)
(3) Lua local 'value' at file 'SakashimaJoker.lua:491' (from mod with id SakashimaJoker)
	Local variables:
	 card = table: 0x2f9a7870  {click_offset:table: 0x2fa212a8, rank:1, children:table: 0x2f94a5c0, ambient_tilt:0.2 (more...)}
	 context = nil
	 (*temporary) = number: nan
	 (*temporary) = number: 313
	 (*temporary) = table: 0x2ffc12c8  {click_offset:table: 0x2ffc1390, children:table: 0x2ffc12f0, parent:table: 0x2ffc1100 (more...)}
	 (*temporary) = string: "attempt to index local 'context' (a nil value)"
(4) Lua function '?' at file 'SakashimaJoker.lua:349' (from mod with id SakashimaJoker) (best guess)
	Local variables:
	 value = Lua function '?' (defined at line 490 of chunk [SMODS SakashimaJoker "SakashimaJoker.lua"])
	 (*temporary) = Lua function '?' (defined at line 347 of chunk [SMODS SakashimaJoker "SakashimaJoker.lua"])
(5) Lua local 'value' at file 'SakashimaJoker.lua:364' (from mod with id SakashimaJoker)
(6) Lua function '?' at file 'SakashimaJoker.lua:349' (from mod with id SakashimaJoker) (best guess)
	Local variables:
	 value = Lua function '?' (defined at line 363 of chunk [SMODS SakashimaJoker "SakashimaJoker.lua"])
	 (*temporary) = Lua function '?' (defined at line 347 of chunk [SMODS SakashimaJoker "SakashimaJoker.lua"])
(7) Lua function '?' at file 'SakashimaJoker.lua:375' (from mod with id SakashimaJoker) (best guess)
(8) Lua local 'value' at file 'SakashimaJoker.lua:889' (from mod with id SakashimaJoker)
	Local variables:
	 card = table: 0x2f9a7870  {click_offset:table: 0x2fa212a8, rank:1, children:table: 0x2f94a5c0, ambient_tilt:0.2 (more...)}
	 context = nil
	 fm = nil
	 jokerGainMode = string: "gain"
	 upgradeGainMode = string: "upgrade"
	 condition = Lua function '?' (defined at line 363 of chunk [SMODS SakashimaJoker "SakashimaJoker.lua"])
	 (for generator) = C function: builtin#6
	 (for state) = table: 0x2f9c57c0  {1:+4 Mult}
	 (for control) = number: 1
	 i = number: 1
	 modTxt = string: "+4 Mult"
	 gainMode = string: "default"
	 loud = boolean: true
	 amount = string: "4"
	 (*temporary) = Lua function '?' (defined at line 34 of chunk [SMODS SakashimaJoker "SakashimaJoker.lua"])
	 (*temporary) = nil
(9) Lua function '?' at file 'SakashimaJoker.lua:349' (from mod with id SakashimaJoker) (best guess)
	Local variables:
	 value = Lua function '?' (defined at line 799 of chunk [SMODS SakashimaJoker "SakashimaJoker.lua"])
	 (*temporary) = Lua function '?' (defined at line 347 of chunk [SMODS SakashimaJoker "SakashimaJoker.lua"])
(10) Lua method 'remove_from_deck' at file 'SakashimaJoker.lua:1160' (from mod with id SakashimaJoker)
	Local variables:
	 self = table: 0x2f845690  {alerted:true, loc_vars:function: 0x2fb04f70, remove_from_deck:function: 0x2f7c3b08 (more...)}
	 card = table: 0x2f9a7870  {click_offset:table: 0x2fa212a8, rank:1, children:table: 0x2f94a5c0, ambient_tilt:0.2 (more...)}
	 context = nil
	 (for index) = number: 1
	 (for limit) = number: 6
	 (for step) = number: 1
	 j = number: 1
	 name = string: "Joker"
(11) Lua method 'remove_from_deck' at file 'card.lua:762'
	Local variables:
	 self = table: 0x2f9a7870  {click_offset:table: 0x2fa212a8, rank:1, children:table: 0x2f94a5c0, ambient_tilt:0.2 (more...)}
	 from_debuff = nil
	 obj = table: 0x2f845690  {alerted:true, loc_vars:function: 0x2fb04f70, remove_from_deck:function: 0x2f7c3b08 (more...)}
(12) Lua method 'remove' at file 'card.lua:4987'
	Local variables:
	 self = table: 0x2f9a7870  {click_offset:table: 0x2fa212a8, rank:1, children:table: 0x2f94a5c0, ambient_tilt:0.2 (more...)}
(13) Lua global 'remove_all' at file 'functions/misc_functions.lua:153'
	Local variables:
	 t = table: 0x2f4c4a38  {1:table: 0x2f79d550, 2:table: 0x2f6784f8, 3:table: 0x2f93f040, 4:table: 0x2fa8f520 (more...)}
	 (for index) = number: 11
	 (for limit) = number: 1
	 (for step) = number: -1
	 i = number: 11
	 v = table: 0x2f9a7870  {click_offset:table: 0x2fa212a8, rank:1, children:table: 0x2f94a5c0, ambient_tilt:0.2 (more...)}
(14) Lua method 'delete_run' at file 'game.lua:1146'
	Local variables:
	 self = table: 0x2f4c02b0  {F_GUIDE:false, F_CRASH_REPORTS:false, F_QUIT_BUTTON:true, HUD_tags:table: 0x3003cb88 (more...)}
(15) Lua field 'func' at file 'functions/button_callbacks.lua:3014'
(16) Lua method 'handle' at file 'engine/event.lua:99'
	Local variables:
	 self = table: 0x2f52b720  {start_timer:true, timer:REAL, func:function: 0x300554b0, blockable:true (more...)}
	 _results = table: 0x2fd874f8  {blocking:true, pause_skip:false, time_done:false, completed:false}
(17) Lua method 'update' at file 'engine/event.lua:182'
	Local variables:
	 self = table: 0x2fb04068  {queue_last_processed:14.95, queues:table: 0x2fb04090, queue_dt:0.016666666666667 (more...)}
	 dt = number: 0.0165652
	 forced = nil
	 (for generator) = C function: next
	 (for state) = table: 0x2fb04090  {unlock:table: 0x2fb040b8, other:table: 0x2fb04530, tutorial:table: 0x2fb04108 (more...)}
	 (for control) = number: nan
	 k = string: "base"
	 v = table: 0x2fb040e0  {1:table: 0x2f52b720, 2:table: 0x2ff53720, 3:table: 0x2ff537a8, 4:table: 0x2ff538c0 (more...)}
	 blocked = boolean: false
	 i = number: 1
	 results = table: 0x2fd874f8  {blocking:true, pause_skip:false, time_done:false, completed:false}
(18) Lua upvalue 'gameUpdateRef' at file 'game.lua:2524'
	Local variables:
	 self = table: 0x2f4c02b0  {F_GUIDE:false, F_CRASH_REPORTS:false, F_QUIT_BUTTON:true, HUD_tags:table: 0x3003cb88 (more...)}
	 dt = number: 0
	 http_resp = nil
(19) Lua method 'update' at Steamodded file 'src/ui.lua:84' 
	Local variables:
	 self = table: 0x2f4c02b0  {F_GUIDE:false, F_CRASH_REPORTS:false, F_QUIT_BUTTON:true, HUD_tags:table: 0x3003cb88 (more...)}
	 dt = number: 0.0165652
(20) Lua field 'update' at file 'main.lua:992'
	Local variables:
	 dt = number: 0.0165652
(21) Lua function '?' at file 'main.lua:931' (best guess)
(22) global C function 'xpcall'
(23) LÖVE function at file 'boot.lua:377' (best guess)
	Local variables:
	 func = Lua function '?' (defined at line 902 of chunk main.lua)
	 inerror = boolean: true
	 deferErrhand = Lua function '(LÖVE Function)' (defined at line 348 of chunk [love "boot.lua"])
	 earlyinit = Lua function '(LÖVE Function)' (defined at line 355 of chunk [love "boot.lua"])

INFO - [G] line not found
INFO - [G] line not found
INFO - [G] line not found
INFO - [G] line not found
INFO - [G] line not found
INFO - [G] line not found
INFO - [G] line not found
INFO - [G] line not found
INFO - [G] line not found
INFO - [G] line not found
INFO - [G] line not found
INFO - [G] line not found
INFO - [G] file not found: main.lua: No such file or directory
INFO - [G] file not found: main.lua: No such file or directory
INFO - [G] 2025-02-10 06:22:57 :: INFO  :: StackTrace :: Additional Context:
Balatro Version: 1.0.1n-FULL
Modded Version: 1.0.0~ALPHA-1409a-STEAMODDED
LÖVE Version: 11.5.0
Lovely Version: 0.7.1
Platform: Windows
Steamodded Mods:
    1: Sakashima Joker by BitBites [ID: SakashimaJoker]
    2: Preorder Cards by asd123cqp [ID: preorder_cards]
Lovely Mods:
