INFO - [♥] Lovely 0.7.1
INFO - [♥] Game directory is at "C:\\Program Files (x86)\\Steam\\steamapps\\common\\Balatro"
INFO - [♥] Writing logs to "C:\\Users\\Administrator\\AppData\\Roaming\\Balatro\\Mods\\lovely\\log"
INFO - [♥] Using mod directory at "C:\\Users\\Administrator\\AppData\\Roaming\\Balatro\\Mods"
INFO - [♥] Found .lovelyignore in 'Aura', skipping it.
INFO - [♥] Found .lovelyignore in 'Balustro', skipping it.
INFO - [♥] Found .lovelyignore in 'HentaiCards', skipping it.
INFO - [♥] Found .lovelyignore in 'SakashimaJoker', skipping it.
INFO - [♥] Cleaning up dumps directory at "C:\\Users\\Administrator\\AppData\\Roaming\\Balatro\\Mods\\lovely\\dump"
INFO - [♥] Initialization complete in 81ms
WARN - [♥] Pattern 'ϖ' on target 'conf.lua' for pattern patch from 0Bullitro\lovely\files.toml resulted in no matches
INFO - [♥] Applied 0 patches to 'conf.lua'
INFO - [♥] Applied 13 patches to 'main.lua'
WARN - [♥] Pattern 'ϖ' on target 'engine/object.lua' for pattern patch from 0Bullitro\lovely\files.toml resulted in no matches
INFO - [♥] Applied 10 patches to 'engine/object.lua'
WARN - [♥] Pattern 'ϖ' on target 'engine/string_packer.lua' for pattern patch from 0Bullitro\lovely\files.toml resulted in no matches
INFO - [♥] Applied 0 patches to 'engine/string_packer.lua'
INFO - [♥] Applied 7 patches to 'engine/controller.lua'
INFO - [♥] Applied 14 patches to 'back.lua'
INFO - [♥] Applied 7 patches to 'tag.lua'
WARN - [♥] Pattern '--Class' on target 'engine/event.lua' for pattern patch from 0Bullitro\lovely\event.toml resulted in 2 matches, wanted 1
WARN - [♥] Ignoring excess matches
WARN - [♥] Pattern '--Class Methods' on target 'engine/event.lua' for pattern patch from 0Bullitro\lovely\event.toml resulted in 2 matches, wanted 1
WARN - [♥] Ignoring excess matches
WARN - [♥] Pattern 'ϖ' on target 'engine/event.lua' for pattern patch from 0Bullitro\lovely\files.toml resulted in no matches
INFO - [♥] Applied 3 patches to 'engine/event.lua'
WARN - [♥] Pattern 'ϖ' on target 'engine/node.lua' for pattern patch from 0Bullitro\lovely\files.toml resulted in no matches
INFO - [♥] Applied 2 patches to 'engine/node.lua'
INFO - [♥] Applied 5 patches to 'engine/moveable.lua'
INFO - [♥] Applied 2 patches to 'engine/sprite.lua'
INFO - [♥] Applied 2 patches to 'engine/animatedsprite.lua'
INFO - [♥] Applied 42 patches to 'functions/misc_functions.lua'
INFO - [♥] Applied 28 patches to 'game.lua'
INFO - [♥] Applied 1 patch to 'globals.lua'
WARN - [♥] Pattern '--Class' on target 'engine/ui.lua' for pattern patch from 0Bullitro\lovely\ui.toml resulted in 2 matches, wanted 1
WARN - [♥] Ignoring excess matches
INFO - [♥] Applied 8 patches to 'engine/ui.lua'
INFO - [♥] Applied 73 patches to 'functions/UI_definitions.lua'
INFO - [♥] Applied 40 patches to 'functions/state_events.lua'
INFO - [♥] Applied 87 patches to 'functions/common_events.lua'
INFO - [♥] Applied 39 patches to 'functions/button_callbacks.lua'
WARN - [♥] Pattern 'ϖ' on target 'functions/test_functions.lua' for pattern patch from 0Bullitro\lovely\files.toml resulted in no matches
INFO - [♥] Applied 0 patches to 'functions/test_functions.lua'
INFO - [♥] Applied 147 patches to 'card.lua'
INFO - [♥] Applied 7 patches to 'cardarea.lua'
INFO - [♥] Applied 31 patches to 'blind.lua'
WARN - [♥] Pattern 'ϖ' on target 'card_character.lua' for pattern patch from 0Bullitro\lovely\files.toml resulted in no matches
INFO - [♥] Applied 0 patches to 'card_character.lua'
WARN - [♥] Pattern 'ϖ' on target 'engine/particles.lua' for pattern patch from 0Bullitro\lovely\files.toml resulted in no matches
INFO - [♥] Applied 0 patches to 'engine/particles.lua'
INFO - [♥] Applied 3 patches to 'engine/text.lua'
WARN - [♥] Pattern 'ϖ' on target 'challenges.lua' for pattern patch from 0Bullitro\lovely\files.toml resulted in no matches
WARN - [♥] Pattern 'ϖ' on target 'challenges.lua' for pattern patch from 0Bullitro\lovely\files.toml resulted in no matches
INFO - [♥] Applied 0 patches to 'challenges.lua'
INFO - [G] Failed to connect to the debug server
INFO - [G] 2025-03-23 14:07:09 :: DEBUG :: DebugConsole :: Steamodded Debug Socket started !
INFO - [♥] Applied 10 patches to 'engine/sound_manager.lua'
INFO - [♥] Applied 1 patch to 'engine/save_manager.lua'
WARN - [♥] Pattern 'ϖ' on target 'engine/object.lua' for pattern patch from 0Bullitro\lovely\files.toml resulted in no matches
INFO - [♥] Applied 10 patches to 'engine/object.lua'
WARN - [♥] Pattern 'ϖ' on target 'engine/string_packer.lua' for pattern patch from 0Bullitro\lovely\files.toml resulted in no matches
INFO - [♥] Applied 0 patches to 'engine/string_packer.lua'
INFO - [G] 2025-03-23 14:07:13 :: ERROR :: Loader :: Found invalid metadata JSON file at C:\Users\Administrator\AppData\Roaming\Balatro\Mods/.vscode/settings.json, ignoring: [SMODS _ "src/loader.lua"]:226: id
INFO - [G] 2025-03-23 14:07:13 :: INFO  :: DefaultLogger :: Valid JSON file found
INFO - [G] 2025-03-23 14:07:13 :: ERROR :: Loader :: Found invalid metadata JSON file at C:\Users\Administrator\AppData\Roaming\Balatro\Mods/Aura/.vscode/settings.json, ignoring: [SMODS _ "src/loader.lua"]:226: id
INFO - [G] 2025-03-23 14:07:13 :: TRACE :: Loader :: Processing Mod file (Legacy header): Aura.lua
INFO - [G] 2025-03-23 14:07:13 :: TRACE :: Loader :: Saving Mod Info: Aura
INFO - [G] 2025-03-23 14:07:13 :: TRACE :: Loader :: Processing Mod file (Legacy header): PreorderCards.lua
INFO - [G] 2025-03-23 14:07:13 :: TRACE :: Loader :: Saving Mod Info: preorder_cards
INFO - [G] 2025-03-23 14:07:13 :: INFO  :: DefaultLogger :: Valid JSON file found
INFO - [G] 2025-03-23 14:07:13 :: INFO  :: DefaultLogger :: Valid JSON file found
INFO - [G] 2025-03-23 14:07:13 :: TRACE :: Loader :: Processing Mod file (Legacy header): HentaiCards.lua
INFO - [G] 2025-03-23 14:07:13 :: WARN  :: Loader :: Duplicate Mod ID: HentaiCards
INFO - [G] 2025-03-23 14:07:13 :: TRACE :: Loader :: Processing Mod file (Legacy header): SakashimaJoker.lua
INFO - [G] 2025-03-23 14:07:13 :: TRACE :: Loader :: Saving Mod Info: SakashimaJoker
INFO - [G] 2025-03-23 14:07:13 :: INFO  :: DefaultLogger :: Valid JSON file found
INFO - [G] 2025-03-23 14:07:13 :: TRACE :: Loader :: Processing Mod file (Legacy header): VintagePinupCards.lua
INFO - [G] 2025-03-23 14:07:13 :: TRACE :: Loader :: Saving Mod Info: VintagePinupCards
INFO - [G] 2025-03-23 14:07:14 :: TRACE :: Loader :: Processing Mod file (Legacy header): keyboard_dorkdad.lua
INFO - [G] 2025-03-23 14:07:14 :: TRACE :: Loader :: Saving Mod Info: keyboard_dorkdad
INFO - [G] 2025-03-23 14:07:14 :: TRACE :: Loader :: Mod Balustro was unable to load: 
INFO - [G] 2025-03-23 14:07:14 :: TRACE :: Loader :: Mod Aura was unable to load: 
INFO - [G] 2025-03-23 14:07:14 :: TRACE :: Loader :: Mod HentaiCards was unable to load: 
INFO - [G] 2025-03-23 14:07:14 :: TRACE :: Loader :: Mod SakashimaJoker was unable to load: 
INFO - [G] 2025-03-23 14:07:14 :: INFO  :: TIMER :: [0000] Injected Language in 0.001 ms
INFO - [G] 2025-03-23 14:07:14 :: INFO  :: TIMER :: [0000] Injected [INTERNAL] in 1.004 ms
INFO - [G] mod_tags
INFO - [G] achievements
INFO - [G] bull_wide_card
INFO - [G] bull_carper_card
INFO - [G] bull_Jokers-bean
INFO - [G] bull_Jokers-ice cream
INFO - [G] bull_Jokers-popcorn
INFO - [G] bull_Jokers-ramen
INFO - [G] bull_Jokers-green guy
INFO - [G] StickfaceNSFW_8BitDeck_opt2
INFO - [G] StickfaceNSFW_8BitDeck
INFO - [G] StickfaceNSFW_icon_lc
INFO - [G] StickfaceNSFW_icon_hc
INFO - [G] vintage_pinup_cards
INFO - [G] 2025-03-23 14:07:15 :: INFO  :: TIMER :: [0014] Injected Atlas in 929.168 ms
INFO - [G] 2025-03-23 14:07:15 :: INFO  :: TIMER :: [0001] Injected Sound in 32.704 ms
INFO - [G] 2025-03-23 14:07:15 :: INFO  :: TIMER :: [0008] Injected Stake in 0.368 ms
INFO - [G] 2025-03-23 14:07:15 :: INFO  :: TIMER :: [0004] Injected Rarity in 0.019 ms
INFO - [G] 2025-03-23 14:07:15 :: INFO  :: TIMER :: [0004] Injected ObjectType in 0.047 ms
INFO - [G] 2025-03-23 14:07:15 :: INFO  :: TIMER :: [0058] Injected Center in 0.751 ms
INFO - [G] 2025-03-23 14:07:15 :: INFO  :: TIMER :: [0007] Injected Undiscovered Sprite in 0.016 ms
INFO - [G] 2025-03-23 14:07:15 :: INFO  :: TIMER :: [0002] Injected Blind in 0.021 ms
INFO - [G] 2025-03-23 14:07:15 :: INFO  :: TIMER :: [0004] Injected Seal in 0.153 ms
INFO - [G] 2025-03-23 14:07:15 :: INFO  :: TIMER :: [0004] Injected Suit in 0.235 ms
INFO - [G] 2025-03-23 14:07:15 :: INFO  :: TIMER :: [0013] Injected Rank in 0.159 ms
INFO - [G] 2025-03-23 14:07:15 :: INFO  :: TIMER :: [0036] Injected DeckSkin in 0.449 ms
INFO - [G] 2025-03-23 14:07:15 :: INFO  :: TIMER :: [0012] Injected PokerHand in 0.073 ms
INFO - [G] 2025-03-23 14:07:15 :: INFO  :: TIMER :: [0020] Injected Challenge in 0.035 ms
INFO - [G] 2025-03-23 14:07:15 :: INFO  :: TIMER :: [0000] Injected Tag in 0.003 ms
INFO - [G] 2025-03-23 14:07:15 :: INFO  :: TIMER :: [0004] Injected Sticker in 0.087 ms
INFO - [G] 2025-03-23 14:07:15 :: INFO  :: TIMER :: [0000] Injected Shader in 0.001 ms
INFO - [G] 2025-03-23 14:07:15 :: INFO  :: TIMER :: [0001] Injected Keybind in 0.012 ms
INFO - [G] 2025-03-23 14:07:15 :: INFO  :: TIMER :: [0000] Injected Achievement in 0.054 ms
INFO - [G] 2025-03-23 14:07:15 :: INFO  :: TIMER :: [0000] Injected [INTERNAL] in 1.091 ms
INFO - [G] line not found
INFO - [G] file not found: main.lua: No such file or directory
INFO - [G] file not found: main.lua: No such file or directory
INFO - [G] line not found
INFO - [G] line not found
INFO - [G] file not found: main.lua: No such file or directory
INFO - [G] file not found: main.lua: No such file or directory
INFO - [G] 2025-03-23 14:07:21 :: ERROR :: StackTrace :: Oops! The game crashed
[SMODS 0Bullitro "0Bullitro.lua"]:1345: Changing the foundational text of a registered joker is undefined behavior!
Stack Traceback
===============
(1) Lua local 'handler' at file 'main.lua:612'
	Local variables:
	 msg = string: "[SMODS 0Bullitro \"0Bullitro.lua\"]:1345: Changing the foundational text of a registered joker is undefined behavior!"
	 (*temporary) = Lua function '?' (defined at line 31 of chunk [SMODS _ "src/logging.lua"])
	 (*temporary) = string: "Oops! The game crashed\
"
(2) LÖVE function at file 'boot.lua:352' (best guess)
	Local variables:
	 errhand = Lua function '?' (defined at line 598 of chunk main.lua)
	 handler = Lua function '?' (defined at line 598 of chunk main.lua)
(3) global C function 'error'
(4) Lua function '?' at file '0Bullitro.lua:1345' (from mod with id 0Bullitro) (best guess)
	Local variables:
	 self = table: 0x3110a5f0  {smods:table: 0x3110a618, size:default, solve_name:function: 0x3112aca0 (more...)}
	 value = string: "this is a green guy #mult#\
"
(5) Lua metamethod '__newindex' at file '0Bullitro.lua:1248' (from mod with id 0Bullitro)
	Local variables:
	 self = table: 0x3110a5f0  {smods:table: 0x3110a618, size:default, solve_name:function: 0x3112aca0 (more...)}
	 index = string: "text"
	 value = string: "this is a green guy #mult#\
"
(6) Lua method 'loc_vars' at file '0Bullitro.lua:1487' (from mod with id 0Bullitro)
	Local variables:
	 this = table: 0x3110a618  {display_size:table: 0x31338898, loc_vars:function: 0x311a1560, calc_dollar_bonus:false (more...)}
	 info_queue = table: 0x31fe01d0  {}
	 card = table: 0x31021a70  {click_offset:table: 0x30ad0e88, sell_cost:1, children:table: 0x30cfe8d8 (more...)}
	 collapse_extra = Lua function '?' (defined at line 1466 of chunk [SMODS 0Bullitro "0Bullitro.lua"])
	 data = table: 0x31fe0468  {1:table: 0x31fe0548, 2:table: 0x31fe05c8, 3:table: 0x31fe0608, 4:table: 0x31fe0588 (more...)}
	 vars = table: 0x31fe0490  {1:table: 0x3186c6d8, 2:1, 3:0, 4:0, 5:0, 6:0, 7:0, 8:0, 9:0, 10:0, 11:0 (more...)}
	 (for generator) = C function: builtin#6
	 (for state) = table: 0x31fe0468  {1:table: 0x31fe0548, 2:table: 0x31fe05c8, 3:table: 0x31fe0608, 4:table: 0x31fe0588 (more...)}
	 (for control) = number: 1
	 _ = number: 1
	 v = table: 0x31fe0548  {1:extra, 2:1}
	 key = string: "extra"
	 index = number: 1
	 (*temporary) = table: 0x3110a5f0  {smods:table: 0x3110a618, size:default, solve_name:function: 0x3112aca0 (more...)}
	 (*temporary) = string: "this is a green guy #mult#\
"
	 (*temporary) = number: 0
	 (*temporary) = string: "#extra#"
	 (*temporary) = string: "#1#"
	 (*temporary) = string: "this is a green guy #mult#\
"
	 (*temporary) = number: 0
	 (*temporary) = number: 7.72631e-72
(7) Lua method 'generate_ui' at Steamodded file 'src/game_object.lua:1065' 
	Local variables:
	 self = table: 0x3110a618  {display_size:table: 0x31338898, loc_vars:function: 0x311a1560, calc_dollar_bonus:false (more...)}
	 info_queue = table: 0x31fe01d0  {}
	 card = table: 0x31021a70  {click_offset:table: 0x30ad0e88, sell_cost:1, children:table: 0x30cfe8d8 (more...)}
	 desc_nodes = table: 0x31fe0158  {}
	 specific_vars = nil
	 full_UI_table = table: 0x31fe0130  {badges:table: 0x31fe00d0, info:table: 0x31fe0180, main:table: 0x31fe0158 (more...)}
	 target = table: 0x31fe02e8  {vars:table: 0x31fe03d8, set:Joker, type:descriptions, nodes:table: 0x31fe0158 (more...)}
	 res = table: 0x31fe0400  {}
(8) Lua upvalue 'Card_generate_UIBox_ability_table_ref' at file 'functions/common_events.lua:2754'
	Local variables:
	 _c = table: 0x3110a618  {display_size:table: 0x31338898, loc_vars:function: 0x311a1560, calc_dollar_bonus:false (more...)}
	 full_UI_table = table: 0x31fe0130  {badges:table: 0x31fe00d0, info:table: 0x31fe0180, main:table: 0x31fe0158 (more...)}
	 specific_vars = nil
	 card_type = string: "Joker"
	 badges = table: 0x31fe00d0  {card_type:Joker}
	 hide_desc = nil
	 main_start = nil
	 main_end = nil
	 card = table: 0x31021a70  {click_offset:table: 0x30ad0e88, sell_cost:1, children:table: 0x30cfe8d8 (more...)}
	 first_pass = boolean: true
	 desc_nodes = table: 0x31fe0158  {}
	 name_override = nil
	 info_queue = table: 0x31fe01d0  {}
	 loc_vars = table: 0x31fe02c0  {}
	 cfg = table: 0x3186c930  {extra:table: 0x3186c6b0, s_x_mult:1, h_chips:0, x_chip_mod:0, dollars:0 (more...)}
(9) Lua method 'generate_UIBox_ability_table' at Steamodded file 'src/loader.lua:594' 
	Local variables:
	 self = table: 0x31021a70  {click_offset:table: 0x30ad0e88, sell_cost:1, children:table: 0x30cfe8d8 (more...)}
(10) Lua method 'hover' at file 'card.lua:4579'
	Local variables:
	 self = table: 0x31021a70  {click_offset:table: 0x30ad0e88, sell_cost:1, children:table: 0x30cfe8d8 (more...)}
(11) Lua method 'update' at file 'engine/controller.lua:416'
	Local variables:
	 self = table: 0x3115f530  {held_button_times:table: 0x3115fe00, focus_cursor_stack_level:1, snap_cursor_to:table: 0x315de070 (more...)}
	 dt = number: 0.0164721
(12) Lua upvalue 'gameUpdateRef' at file 'game.lua:2679'
	Local variables:
	 self = table: 0x30b6f498  {F_GUIDE:false, F_CRASH_REPORTS:false, F_QUIT_BUTTON:true, F_ENGLISH_ONLY:false (more...)}
	 dt = number: 0
(13) Lua method 'update' at Steamodded file 'src/ui.lua:84' 
	Local variables:
	 self = table: 0x30b6f498  {F_GUIDE:false, F_CRASH_REPORTS:false, F_QUIT_BUTTON:true, F_ENGLISH_ONLY:false (more...)}
	 dt = number: 0.0164721
(14) Lua field 'update' at file 'main.lua:992'
	Local variables:
	 dt = number: 0.0164721
(15) Lua function '?' at file 'main.lua:931' (best guess)
(16) global C function 'xpcall'
(17) LÖVE function at file 'boot.lua:377' (best guess)
	Local variables:
	 func = Lua function '?' (defined at line 902 of chunk main.lua)
	 inerror = boolean: true
	 deferErrhand = Lua function '(LÖVE Function)' (defined at line 348 of chunk [love "boot.lua"])
	 earlyinit = Lua function '(LÖVE Function)' (defined at line 355 of chunk [love "boot.lua"])

INFO - [G] line not found
INFO - [G] line not found
INFO - [G] file not found: main.lua: No such file or directory
INFO - [G] file not found: main.lua: No such file or directory
INFO - [G] 2025-03-23 14:07:21 :: INFO  :: StackTrace :: Additional Context:
Balatro Version: 1.0.1o-FULL
Modded Version: 1.0.0~ALPHA-1409a-STEAMODDED
LÖVE Version: 11.5.0
Lovely Version: 0.7.1
Platform: Windows
Steamodded Mods:
    1: Zero Bullitro by BitBites [ID: 0Bullitro, Version: 1.0, Uses Lovely]
    2: Preorder Cards by asd123cqp [ID: preorder_cards]
    3: Keyboard Shortcuts DorkDad by DorkDad141 [ID: keyboard_dorkdad]
    4: Vintage Pinup Cards by NoScope1080 [ID: VintagePinupCards]
    5: Stickface Deck by Stickface [ID: StickfaceNSFWDeck, Version: 1.0.0]
Lovely Mods:
