INFO - [♥] Lovely 0.7.1
INFO - [♥] Game directory is at "C:\\Program Files (x86)\\Steam\\steamapps\\common\\Balatro"
INFO - [♥] Writing logs to "C:\\Users\\Administrator\\AppData\\Roaming\\Balatro\\Mods\\lovely\\log"
INFO - [♥] Using mod directory at "C:\\Users\\Administrator\\AppData\\Roaming\\Balatro\\Mods"
INFO - [♥] Found .lovelyignore in 'Aura', skipping it.
INFO - [♥] Found .lovelyignore in 'Balustro', skipping it.
INFO - [♥] Found .lovelyignore in 'HentaiCards', skipping it.
INFO - [♥] Found .lovelyignore in 'SakashimaJoker', skipping it.
INFO - [♥] Cleaning up dumps directory at "C:\\Users\\Administrator\\AppData\\Roaming\\Balatro\\Mods\\lovely\\dump"
INFO - [♥] Initialization complete in 61ms
WARN - [♥] Pattern 'ϖ' on target 'conf.lua' for pattern patch from 0Bullitro\lovely\files.toml resulted in no matches
INFO - [♥] Applied 0 patches to 'conf.lua'
INFO - [♥] Applied 13 patches to 'main.lua'
WARN - [♥] Pattern 'ϖ' on target 'engine/object.lua' for pattern patch from 0Bullitro\lovely\files.toml resulted in no matches
INFO - [♥] Applied 10 patches to 'engine/object.lua'
WARN - [♥] Pattern 'ϖ' on target 'engine/string_packer.lua' for pattern patch from 0Bullitro\lovely\files.toml resulted in no matches
INFO - [♥] Applied 0 patches to 'engine/string_packer.lua'
INFO - [♥] Applied 7 patches to 'engine/controller.lua'
INFO - [♥] Applied 14 patches to 'back.lua'
INFO - [♥] Applied 7 patches to 'tag.lua'
WARN - [♥] Pattern '--Class' on target 'engine/event.lua' for pattern patch from 0Bullitro\lovely\event.toml resulted in 2 matches, wanted 1
WARN - [♥] Ignoring excess matches
WARN - [♥] Pattern '--Class Methods' on target 'engine/event.lua' for pattern patch from 0Bullitro\lovely\event.toml resulted in 2 matches, wanted 1
WARN - [♥] Ignoring excess matches
WARN - [♥] Pattern 'ϖ' on target 'engine/event.lua' for pattern patch from 0Bullitro\lovely\files.toml resulted in no matches
INFO - [♥] Applied 3 patches to 'engine/event.lua'
WARN - [♥] Pattern 'ϖ' on target 'engine/node.lua' for pattern patch from 0Bullitro\lovely\files.toml resulted in no matches
INFO - [♥] Applied 2 patches to 'engine/node.lua'
INFO - [♥] Applied 5 patches to 'engine/moveable.lua'
INFO - [♥] Applied 2 patches to 'engine/sprite.lua'
INFO - [♥] Applied 2 patches to 'engine/animatedsprite.lua'
INFO - [♥] Applied 42 patches to 'functions/misc_functions.lua'
INFO - [♥] Applied 28 patches to 'game.lua'
INFO - [♥] Applied 1 patch to 'globals.lua'
WARN - [♥] Pattern '--Class' on target 'engine/ui.lua' for pattern patch from 0Bullitro\lovely\ui.toml resulted in 2 matches, wanted 1
WARN - [♥] Ignoring excess matches
INFO - [♥] Applied 8 patches to 'engine/ui.lua'
INFO - [♥] Applied 73 patches to 'functions/UI_definitions.lua'
INFO - [♥] Applied 40 patches to 'functions/state_events.lua'
INFO - [♥] Applied 87 patches to 'functions/common_events.lua'
INFO - [♥] Applied 39 patches to 'functions/button_callbacks.lua'
WARN - [♥] Pattern 'ϖ' on target 'functions/test_functions.lua' for pattern patch from 0Bullitro\lovely\files.toml resulted in no matches
INFO - [♥] Applied 0 patches to 'functions/test_functions.lua'
INFO - [♥] Applied 147 patches to 'card.lua'
INFO - [♥] Applied 7 patches to 'cardarea.lua'
INFO - [♥] Applied 31 patches to 'blind.lua'
WARN - [♥] Pattern 'ϖ' on target 'card_character.lua' for pattern patch from 0Bullitro\lovely\files.toml resulted in no matches
INFO - [♥] Applied 0 patches to 'card_character.lua'
WARN - [♥] Pattern 'ϖ' on target 'engine/particles.lua' for pattern patch from 0Bullitro\lovely\files.toml resulted in no matches
INFO - [♥] Applied 0 patches to 'engine/particles.lua'
INFO - [♥] Applied 3 patches to 'engine/text.lua'
WARN - [♥] Pattern 'ϖ' on target 'challenges.lua' for pattern patch from 0Bullitro\lovely\files.toml resulted in no matches
WARN - [♥] Pattern 'ϖ' on target 'challenges.lua' for pattern patch from 0Bullitro\lovely\files.toml resulted in no matches
INFO - [♥] Applied 0 patches to 'challenges.lua'
INFO - [G] Failed to connect to the debug server
INFO - [G] 2025-03-23 14:22:26 :: DEBUG :: DebugConsole :: Steamodded Debug Socket started !
INFO - [♥] Applied 10 patches to 'engine/sound_manager.lua'
INFO - [♥] Applied 1 patch to 'engine/save_manager.lua'
WARN - [♥] Pattern 'ϖ' on target 'engine/object.lua' for pattern patch from 0Bullitro\lovely\files.toml resulted in no matches
INFO - [♥] Applied 10 patches to 'engine/object.lua'
WARN - [♥] Pattern 'ϖ' on target 'engine/string_packer.lua' for pattern patch from 0Bullitro\lovely\files.toml resulted in no matches
INFO - [♥] Applied 0 patches to 'engine/string_packer.lua'
INFO - [G] 2025-03-23 14:22:28 :: ERROR :: Loader :: Found invalid metadata JSON file at C:\Users\Administrator\AppData\Roaming\Balatro\Mods/.vscode/settings.json, ignoring: [SMODS _ "src/loader.lua"]:226: id
INFO - [G] 2025-03-23 14:22:28 :: INFO  :: DefaultLogger :: Valid JSON file found
INFO - [G] 2025-03-23 14:22:28 :: ERROR :: Loader :: Found invalid metadata JSON file at C:\Users\Administrator\AppData\Roaming\Balatro\Mods/Aura/.vscode/settings.json, ignoring: [SMODS _ "src/loader.lua"]:226: id
INFO - [G] 2025-03-23 14:22:28 :: TRACE :: Loader :: Processing Mod file (Legacy header): Aura.lua
INFO - [G] 2025-03-23 14:22:28 :: TRACE :: Loader :: Saving Mod Info: Aura
INFO - [G] 2025-03-23 14:22:28 :: TRACE :: Loader :: Processing Mod file (Legacy header): PreorderCards.lua
INFO - [G] 2025-03-23 14:22:28 :: TRACE :: Loader :: Saving Mod Info: preorder_cards
INFO - [G] 2025-03-23 14:22:28 :: INFO  :: DefaultLogger :: Valid JSON file found
INFO - [G] 2025-03-23 14:22:28 :: INFO  :: DefaultLogger :: Valid JSON file found
INFO - [G] 2025-03-23 14:22:28 :: TRACE :: Loader :: Processing Mod file (Legacy header): HentaiCards.lua
INFO - [G] 2025-03-23 14:22:28 :: WARN  :: Loader :: Duplicate Mod ID: HentaiCards
INFO - [G] 2025-03-23 14:22:28 :: TRACE :: Loader :: Processing Mod file (Legacy header): SakashimaJoker.lua
INFO - [G] 2025-03-23 14:22:28 :: TRACE :: Loader :: Saving Mod Info: SakashimaJoker
INFO - [G] 2025-03-23 14:22:28 :: INFO  :: DefaultLogger :: Valid JSON file found
INFO - [G] 2025-03-23 14:22:28 :: TRACE :: Loader :: Processing Mod file (Legacy header): VintagePinupCards.lua
INFO - [G] 2025-03-23 14:22:28 :: TRACE :: Loader :: Saving Mod Info: VintagePinupCards
INFO - [G] 2025-03-23 14:22:28 :: TRACE :: Loader :: Processing Mod file (Legacy header): keyboard_dorkdad.lua
INFO - [G] 2025-03-23 14:22:28 :: TRACE :: Loader :: Saving Mod Info: keyboard_dorkdad
INFO - [G] 2025-03-23 14:22:28 :: TRACE :: Loader :: Mod Balustro was unable to load: 
INFO - [G] 2025-03-23 14:22:28 :: TRACE :: Loader :: Mod Aura was unable to load: 
INFO - [G] 2025-03-23 14:22:28 :: TRACE :: Loader :: Mod HentaiCards was unable to load: 
INFO - [G] 2025-03-23 14:22:28 :: TRACE :: Loader :: Mod SakashimaJoker was unable to load: 
INFO - [G] 2025-03-23 14:22:28 :: INFO  :: TIMER :: [0000] Injected Language in 0.002 ms
INFO - [G] 2025-03-23 14:22:28 :: INFO  :: TIMER :: [0000] Injected [INTERNAL] in 1.088 ms
INFO - [G] mod_tags
INFO - [G] achievements
INFO - [G] bull_wide_card
INFO - [G] bull_carper_card
INFO - [G] bull_Jokers-bean
INFO - [G] bull_Jokers-ice cream
INFO - [G] bull_Jokers-popcorn
INFO - [G] bull_Jokers-ramen
INFO - [G] bull_Jokers-green guy
INFO - [G] StickfaceNSFW_8BitDeck_opt2
INFO - [G] StickfaceNSFW_8BitDeck
INFO - [G] StickfaceNSFW_icon_lc
INFO - [G] StickfaceNSFW_icon_hc
INFO - [G] vintage_pinup_cards
INFO - [G] 2025-03-23 14:22:29 :: INFO  :: TIMER :: [0014] Injected Atlas in 668.719 ms
INFO - [G] 2025-03-23 14:22:29 :: INFO  :: TIMER :: [0001] Injected Sound in 0.388 ms
INFO - [G] 2025-03-23 14:22:29 :: INFO  :: TIMER :: [0008] Injected Stake in 0.477 ms
INFO - [G] 2025-03-23 14:22:29 :: INFO  :: TIMER :: [0004] Injected Rarity in 0.031 ms
INFO - [G] 2025-03-23 14:22:29 :: INFO  :: TIMER :: [0004] Injected ObjectType in 0.057 ms
INFO - [G] 2025-03-23 14:22:29 :: INFO  :: TIMER :: [0058] Injected Center in 0.803 ms
INFO - [G] 2025-03-23 14:22:29 :: INFO  :: TIMER :: [0007] Injected Undiscovered Sprite in 0.029 ms
INFO - [G] 2025-03-23 14:22:29 :: INFO  :: TIMER :: [0002] Injected Blind in 0.019 ms
INFO - [G] 2025-03-23 14:22:29 :: INFO  :: TIMER :: [0004] Injected Seal in 0.196 ms
INFO - [G] 2025-03-23 14:22:29 :: INFO  :: TIMER :: [0004] Injected Suit in 0.098 ms
INFO - [G] 2025-03-23 14:22:29 :: INFO  :: TIMER :: [0013] Injected Rank in 0.193 ms
INFO - [G] 2025-03-23 14:22:29 :: INFO  :: TIMER :: [0036] Injected DeckSkin in 0.278 ms
INFO - [G] 2025-03-23 14:22:29 :: INFO  :: TIMER :: [0012] Injected PokerHand in 0.108 ms
INFO - [G] 2025-03-23 14:22:29 :: INFO  :: TIMER :: [0020] Injected Challenge in 0.027 ms
INFO - [G] 2025-03-23 14:22:29 :: INFO  :: TIMER :: [0000] Injected Tag in 0.001 ms
INFO - [G] 2025-03-23 14:22:29 :: INFO  :: TIMER :: [0004] Injected Sticker in 0.094 ms
INFO - [G] 2025-03-23 14:22:29 :: INFO  :: TIMER :: [0000] Injected Shader in 0.001 ms
INFO - [G] 2025-03-23 14:22:29 :: INFO  :: TIMER :: [0001] Injected Keybind in 0.015 ms
INFO - [G] 2025-03-23 14:22:29 :: INFO  :: TIMER :: [0000] Injected Achievement in 0.070 ms
INFO - [G] 2025-03-23 14:22:29 :: INFO  :: TIMER :: [0000] Injected [INTERNAL] in 1.087 ms
INFO - [G] extra
INFO - [G] table: 0x2725b640
INFO - [G] s_x_mult
INFO - [G] 1
INFO - [G] h_chips
INFO - [G] 0
INFO - [G] x_chip_mod
INFO - [G] 0
INFO - [G] dollars
INFO - [G] 0
INFO - [G] h_plays
INFO - [G] 0
INFO - [G] perma_bonus
INFO - [G] 0
INFO - [G] extra_hand_bonus
INFO - [G] 0
INFO - [G] mult_mod
INFO - [G] 0
INFO - [G] spawn_jokers
INFO - [G] 0
INFO - [G] level_up
INFO - [G] 0
INFO - [G] suit_conv
INFO - [G] 
INFO - [G] randomize_rank_suit
INFO - [G] false
INFO - [G] s_mult_mod
INFO - [G] 0
INFO - [G] ante_scaling
INFO - [G] 1
INFO - [G] h_chip_mod
INFO - [G] 0
INFO - [G] x_mult_mod
INFO - [G] 0
INFO - [G] odds_bonus
INFO - [G] 0
INFO - [G] type
INFO - [G] Pair
INFO - [G] s_chip_mod
INFO - [G] 0
INFO - [G] t_x_mult_mod
INFO - [G] 0
INFO - [G] joker_slot
INFO - [G] 0
INFO - [G] free_rerolls
INFO - [G] 0
INFO - [G] mod_conv
INFO - [G] 
INFO - [G] h_mult_mod
INFO - [G] 0
INFO - [G] h_x_chips
INFO - [G] 1
INFO - [G] t_x_chip_mod
INFO - [G] 0
INFO - [G] t_x_chips
INFO - [G] 1
INFO - [G] t_mult
INFO - [G] 0
INFO - [G] suit
INFO - [G] Clubs
INFO - [G] s_mult
INFO - [G] 0
INFO - [G] s_chips
INFO - [G] 0
INFO - [G] s_x_chips
INFO - [G] 1
INFO - [G] s_x_chip_mod
INFO - [G] 0
INFO - [G] interest_gain
INFO - [G] 0
INFO - [G] h_dollars
INFO - [G] 0
INFO - [G] increase
INFO - [G] 0
INFO - [G] remove_card
INFO - [G] false
INFO - [G] p_dollars
INFO - [G] 0
INFO - [G] extra_discard_bonus
INFO - [G] 0
INFO - [G] interest_cap
INFO - [G] 0
INFO - [G] rank
INFO - [G] Ace
INFO - [G] hand_add
INFO - [G] 0
INFO - [G] h_size
INFO - [G] 0
INFO - [G] h_x_chip_mod
INFO - [G] 0
INFO - [G] h_mult
INFO - [G] 0
INFO - [G] spectral_rate
INFO - [G] 0
INFO - [G] mult
INFO - [G] 4
INFO - [G] s_x_mult_mod
INFO - [G] 0
INFO - [G] interest_amount
INFO - [G] 0
INFO - [G] voucher
INFO - [G] 
INFO - [G] vouchers
INFO - [G] table: 0x2725c8a0
INFO - [G] discard_sub
INFO - [G] 0
INFO - [G] x_mult
INFO - [G] 1
INFO - [G] h_x_mult_mod
INFO - [G] 0
INFO - [G] t_x_mult
INFO - [G] 1
INFO - [G] t_mult_mod
INFO - [G] 0
INFO - [G] chips
INFO - [G] 0
INFO - [G] t_chip_mod
INFO - [G] 0
INFO - [G] debt_size
INFO - [G] 0
INFO - [G] d_size
INFO - [G] 0
INFO - [G] odds_mult
INFO - [G] 1
INFO - [G] no_interest
INFO - [G] false
INFO - [G] consumeables
INFO - [G] table: 0x2725bc70
INFO - [G] consumeable
INFO - [G] 
INFO - [G] skip_bonus
INFO - [G] 0
INFO - [G] chip_mod
INFO - [G] 0
INFO - [G] h_mod
INFO - [G] 0
INFO - [G] swap
INFO - [G] false
INFO - [G] remove_faces
INFO - [G] false
INFO - [G] consumeable_slot
INFO - [G] 0
INFO - [G] h_x_mult
INFO - [G] 1
INFO - [G] forced_selection
INFO - [G] false
INFO - [G] t_chips
INFO - [G] 0
INFO - [G] x_chips
INFO - [G] 1
INFO - [G] event_id
INFO - [G] 00
INFO - [G] extra
INFO - [G] table: 0x2725b640
INFO - [G] s_x_mult
INFO - [G] 1
INFO - [G] h_chips
INFO - [G] 0
INFO - [G] x_chip_mod
INFO - [G] 0
INFO - [G] dollars
INFO - [G] 0
INFO - [G] h_plays
INFO - [G] 0
INFO - [G] perma_bonus
INFO - [G] 0
INFO - [G] extra_hand_bonus
INFO - [G] 0
INFO - [G] mult_mod
INFO - [G] 0
INFO - [G] spawn_jokers
INFO - [G] 0
INFO - [G] level_up
INFO - [G] 0
INFO - [G] suit_conv
INFO - [G] 
INFO - [G] randomize_rank_suit
INFO - [G] false
INFO - [G] s_mult_mod
INFO - [G] 0
INFO - [G] ante_scaling
INFO - [G] 1
INFO - [G] h_chip_mod
INFO - [G] 0
INFO - [G] x_mult_mod
INFO - [G] 0
INFO - [G] odds_bonus
INFO - [G] 0
INFO - [G] type
INFO - [G] Pair
INFO - [G] s_chip_mod
INFO - [G] 0
INFO - [G] t_x_mult_mod
INFO - [G] 0
INFO - [G] joker_slot
INFO - [G] 0
INFO - [G] free_rerolls
INFO - [G] 0
INFO - [G] mod_conv
INFO - [G] 
INFO - [G] h_mult_mod
INFO - [G] 0
INFO - [G] h_x_chips
INFO - [G] 1
INFO - [G] t_x_chip_mod
INFO - [G] 0
INFO - [G] t_x_chips
INFO - [G] 1
INFO - [G] t_mult
INFO - [G] 0
INFO - [G] suit
INFO - [G] Clubs
INFO - [G] s_mult
INFO - [G] 0
INFO - [G] s_chips
INFO - [G] 0
INFO - [G] s_x_chips
INFO - [G] 1
INFO - [G] s_x_chip_mod
INFO - [G] 0
INFO - [G] interest_gain
INFO - [G] 0
INFO - [G] h_dollars
INFO - [G] 0
INFO - [G] increase
INFO - [G] 0
INFO - [G] remove_card
INFO - [G] false
INFO - [G] p_dollars
INFO - [G] 0
INFO - [G] extra_discard_bonus
INFO - [G] 0
INFO - [G] interest_cap
INFO - [G] 0
INFO - [G] rank
INFO - [G] Ace
INFO - [G] hand_add
INFO - [G] 0
INFO - [G] h_size
INFO - [G] 0
INFO - [G] h_x_chip_mod
INFO - [G] 0
INFO - [G] h_mult
INFO - [G] 0
INFO - [G] spectral_rate
INFO - [G] 0
INFO - [G] mult
INFO - [G] 4
INFO - [G] s_x_mult_mod
INFO - [G] 0
INFO - [G] interest_amount
INFO - [G] 0
INFO - [G] voucher
INFO - [G] 
INFO - [G] vouchers
INFO - [G] table: 0x2725c8a0
INFO - [G] discard_sub
INFO - [G] 0
INFO - [G] x_mult
INFO - [G] 1
INFO - [G] h_x_mult_mod
INFO - [G] 0
INFO - [G] t_x_mult
INFO - [G] 1
INFO - [G] t_mult_mod
INFO - [G] 0
INFO - [G] chips
INFO - [G] 0
INFO - [G] t_chip_mod
INFO - [G] 0
INFO - [G] debt_size
INFO - [G] 0
INFO - [G] d_size
INFO - [G] 0
INFO - [G] odds_mult
INFO - [G] 1
INFO - [G] no_interest
INFO - [G] false
INFO - [G] consumeables
INFO - [G] table: 0x2725bc70
INFO - [G] consumeable
INFO - [G] 
INFO - [G] skip_bonus
INFO - [G] 0
INFO - [G] chip_mod
INFO - [G] 0
INFO - [G] h_mod
INFO - [G] 0
INFO - [G] swap
INFO - [G] false
INFO - [G] remove_faces
INFO - [G] false
INFO - [G] consumeable_slot
INFO - [G] 0
INFO - [G] h_x_mult
INFO - [G] 1
INFO - [G] forced_selection
INFO - [G] false
INFO - [G] t_chips
INFO - [G] 0
INFO - [G] x_chips
INFO - [G] 1
INFO - [G] event_id
INFO - [G] 00
