INFO - [♥] Lovely 0.7.1
INFO - [♥] Game directory is at "C:\\Program Files (x86)\\Steam\\steamapps\\common\\Balatro"
INFO - [♥] Writing logs to "C:\\Users\\Administrator\\AppData\\Roaming\\Balatro\\Mods\\lovely\\log"
INFO - [♥] Using mod directory at "C:\\Users\\Administrator\\AppData\\Roaming\\Balatro\\Mods"
INFO - [♥] Found .lovelyignore in 'Aura', skipping it.
INFO - [♥] Found .lovelyignore in 'Balustro', skipping it.
INFO - [♥] Found .lovelyignore in 'HentaiCards', skipping it.
INFO - [♥] Found .lovelyignore in 'SakashimaJoker', skipping it.
INFO - [♥] Cleaning up dumps directory at "C:\\Users\\Administrator\\AppData\\Roaming\\Balatro\\Mods\\lovely\\dump"
INFO - [♥] Initialization complete in 62ms
WARN - [♥] Pattern 'ϖ' on target 'conf.lua' for pattern patch from 0Bullitro\lovely\files.toml resulted in no matches
INFO - [♥] Applied 0 patches to 'conf.lua'
INFO - [♥] Applied 13 patches to 'main.lua'
WARN - [♥] Pattern 'ϖ' on target 'engine/object.lua' for pattern patch from 0Bullitro\lovely\files.toml resulted in no matches
INFO - [♥] Applied 10 patches to 'engine/object.lua'
WARN - [♥] Pattern 'ϖ' on target 'engine/string_packer.lua' for pattern patch from 0Bullitro\lovely\files.toml resulted in no matches
INFO - [♥] Applied 0 patches to 'engine/string_packer.lua'
INFO - [♥] Applied 7 patches to 'engine/controller.lua'
INFO - [♥] Applied 14 patches to 'back.lua'
INFO - [♥] Applied 7 patches to 'tag.lua'
WARN - [♥] Pattern '--Class' on target 'engine/event.lua' for pattern patch from 0Bullitro\lovely\event.toml resulted in 2 matches, wanted 1
WARN - [♥] Ignoring excess matches
WARN - [♥] Pattern '--Class Methods' on target 'engine/event.lua' for pattern patch from 0Bullitro\lovely\event.toml resulted in 2 matches, wanted 1
WARN - [♥] Ignoring excess matches
WARN - [♥] Pattern 'ϖ' on target 'engine/event.lua' for pattern patch from 0Bullitro\lovely\files.toml resulted in no matches
INFO - [♥] Applied 3 patches to 'engine/event.lua'
WARN - [♥] Pattern 'ϖ' on target 'engine/node.lua' for pattern patch from 0Bullitro\lovely\files.toml resulted in no matches
INFO - [♥] Applied 2 patches to 'engine/node.lua'
INFO - [♥] Applied 5 patches to 'engine/moveable.lua'
INFO - [♥] Applied 2 patches to 'engine/sprite.lua'
INFO - [♥] Applied 2 patches to 'engine/animatedsprite.lua'
INFO - [♥] Applied 42 patches to 'functions/misc_functions.lua'
INFO - [♥] Applied 28 patches to 'game.lua'
INFO - [♥] Applied 1 patch to 'globals.lua'
WARN - [♥] Pattern '--Class' on target 'engine/ui.lua' for pattern patch from 0Bullitro\lovely\ui.toml resulted in 2 matches, wanted 1
WARN - [♥] Ignoring excess matches
INFO - [♥] Applied 8 patches to 'engine/ui.lua'
INFO - [♥] Applied 73 patches to 'functions/UI_definitions.lua'
INFO - [♥] Applied 40 patches to 'functions/state_events.lua'
INFO - [♥] Applied 87 patches to 'functions/common_events.lua'
INFO - [♥] Applied 39 patches to 'functions/button_callbacks.lua'
WARN - [♥] Pattern 'ϖ' on target 'functions/test_functions.lua' for pattern patch from 0Bullitro\lovely\files.toml resulted in no matches
INFO - [♥] Applied 0 patches to 'functions/test_functions.lua'
INFO - [♥] Applied 147 patches to 'card.lua'
INFO - [♥] Applied 7 patches to 'cardarea.lua'
INFO - [♥] Applied 31 patches to 'blind.lua'
WARN - [♥] Pattern 'ϖ' on target 'card_character.lua' for pattern patch from 0Bullitro\lovely\files.toml resulted in no matches
INFO - [♥] Applied 0 patches to 'card_character.lua'
WARN - [♥] Pattern 'ϖ' on target 'engine/particles.lua' for pattern patch from 0Bullitro\lovely\files.toml resulted in no matches
INFO - [♥] Applied 0 patches to 'engine/particles.lua'
INFO - [♥] Applied 3 patches to 'engine/text.lua'
WARN - [♥] Pattern 'ϖ' on target 'challenges.lua' for pattern patch from 0Bullitro\lovely\files.toml resulted in no matches
WARN - [♥] Pattern 'ϖ' on target 'challenges.lua' for pattern patch from 0Bullitro\lovely\files.toml resulted in no matches
INFO - [♥] Applied 0 patches to 'challenges.lua'
INFO - [G] Failed to connect to the debug server
INFO - [G] 2025-03-23 17:01:12 :: DEBUG :: DebugConsole :: Steamodded Debug Socket started !
INFO - [♥] Applied 10 patches to 'engine/sound_manager.lua'
INFO - [♥] Applied 1 patch to 'engine/save_manager.lua'
WARN - [♥] Pattern 'ϖ' on target 'engine/object.lua' for pattern patch from 0Bullitro\lovely\files.toml resulted in no matches
INFO - [♥] Applied 10 patches to 'engine/object.lua'
WARN - [♥] Pattern 'ϖ' on target 'engine/string_packer.lua' for pattern patch from 0Bullitro\lovely\files.toml resulted in no matches
INFO - [♥] Applied 0 patches to 'engine/string_packer.lua'
INFO - [G] 2025-03-23 17:01:14 :: ERROR :: Loader :: Found invalid metadata JSON file at C:\Users\Administrator\AppData\Roaming\Balatro\Mods/.vscode/settings.json, ignoring: [SMODS _ "src/loader.lua"]:226: id
INFO - [G] 2025-03-23 17:01:14 :: INFO  :: DefaultLogger :: Valid JSON file found
INFO - [G] 2025-03-23 17:01:14 :: ERROR :: Loader :: Found invalid metadata JSON file at C:\Users\Administrator\AppData\Roaming\Balatro\Mods/Aura/.vscode/settings.json, ignoring: [SMODS _ "src/loader.lua"]:226: id
INFO - [G] 2025-03-23 17:01:14 :: TRACE :: Loader :: Processing Mod file (Legacy header): Aura.lua
INFO - [G] 2025-03-23 17:01:14 :: TRACE :: Loader :: Saving Mod Info: Aura
INFO - [G] 2025-03-23 17:01:14 :: TRACE :: Loader :: Processing Mod file (Legacy header): PreorderCards.lua
INFO - [G] 2025-03-23 17:01:14 :: TRACE :: Loader :: Saving Mod Info: preorder_cards
INFO - [G] 2025-03-23 17:01:14 :: INFO  :: DefaultLogger :: Valid JSON file found
INFO - [G] 2025-03-23 17:01:14 :: INFO  :: DefaultLogger :: Valid JSON file found
INFO - [G] 2025-03-23 17:01:14 :: TRACE :: Loader :: Processing Mod file (Legacy header): HentaiCards.lua
INFO - [G] 2025-03-23 17:01:14 :: WARN  :: Loader :: Duplicate Mod ID: HentaiCards
INFO - [G] 2025-03-23 17:01:14 :: TRACE :: Loader :: Processing Mod file (Legacy header): SakashimaJoker.lua
INFO - [G] 2025-03-23 17:01:14 :: TRACE :: Loader :: Saving Mod Info: SakashimaJoker
INFO - [G] 2025-03-23 17:01:14 :: INFO  :: DefaultLogger :: Valid JSON file found
INFO - [G] 2025-03-23 17:01:14 :: TRACE :: Loader :: Processing Mod file (Legacy header): VintagePinupCards.lua
INFO - [G] 2025-03-23 17:01:14 :: TRACE :: Loader :: Saving Mod Info: VintagePinupCards
INFO - [G] 2025-03-23 17:01:14 :: TRACE :: Loader :: Processing Mod file (Legacy header): keyboard_dorkdad.lua
INFO - [G] 2025-03-23 17:01:14 :: TRACE :: Loader :: Saving Mod Info: keyboard_dorkdad
INFO - [G] 2025-03-23 17:01:14 :: TRACE :: Loader :: Mod Balustro was unable to load: 
INFO - [G] 2025-03-23 17:01:14 :: TRACE :: Loader :: Mod Aura was unable to load: 
INFO - [G] 2025-03-23 17:01:14 :: TRACE :: Loader :: Mod HentaiCards was unable to load: 
INFO - [G] 2025-03-23 17:01:14 :: TRACE :: Loader :: Mod SakashimaJoker was unable to load: 
INFO - [G] 2025-03-23 17:01:14 :: INFO  :: TIMER :: [0000] Injected Language in 0.001 ms
INFO - [G] 2025-03-23 17:01:14 :: INFO  :: TIMER :: [0000] Injected [INTERNAL] in 1.114 ms
INFO - [G] mod_tags
INFO - [G] achievements
INFO - [G] bull_wide_card
INFO - [G] bull_carper_card
INFO - [G] bull_Jokers-bean
INFO - [G] bull_Jokers-ice cream
INFO - [G] bull_Jokers-popcorn
INFO - [G] bull_Jokers-ramen
INFO - [G] bull_Jokers-green guy
INFO - [G] StickfaceNSFW_8BitDeck_opt2
INFO - [G] StickfaceNSFW_8BitDeck
INFO - [G] StickfaceNSFW_icon_lc
INFO - [G] StickfaceNSFW_icon_hc
INFO - [G] vintage_pinup_cards
INFO - [G] 2025-03-23 17:01:15 :: INFO  :: TIMER :: [0014] Injected Atlas in 661.517 ms
INFO - [G] 2025-03-23 17:01:15 :: INFO  :: TIMER :: [0001] Injected Sound in 0.412 ms
INFO - [G] 2025-03-23 17:01:15 :: INFO  :: TIMER :: [0008] Injected Stake in 0.756 ms
INFO - [G] 2025-03-23 17:01:15 :: INFO  :: TIMER :: [0004] Injected Rarity in 0.023 ms
INFO - [G] 2025-03-23 17:01:15 :: INFO  :: TIMER :: [0004] Injected ObjectType in 0.045 ms
INFO - [G] 2025-03-23 17:01:15 :: INFO  :: TIMER :: [0058] Injected Center in 0.735 ms
INFO - [G] 2025-03-23 17:01:15 :: INFO  :: TIMER :: [0007] Injected Undiscovered Sprite in 0.018 ms
INFO - [G] 2025-03-23 17:01:15 :: INFO  :: TIMER :: [0002] Injected Blind in 0.114 ms
INFO - [G] 2025-03-23 17:01:15 :: INFO  :: TIMER :: [0004] Injected Seal in 0.208 ms
INFO - [G] 2025-03-23 17:01:15 :: INFO  :: TIMER :: [0004] Injected Suit in 0.095 ms
INFO - [G] 2025-03-23 17:01:15 :: INFO  :: TIMER :: [0013] Injected Rank in 0.130 ms
INFO - [G] 2025-03-23 17:01:15 :: INFO  :: TIMER :: [0036] Injected DeckSkin in 0.388 ms
INFO - [G] 2025-03-23 17:01:15 :: INFO  :: TIMER :: [0012] Injected PokerHand in 0.096 ms
INFO - [G] 2025-03-23 17:01:15 :: INFO  :: TIMER :: [0020] Injected Challenge in 0.050 ms
INFO - [G] 2025-03-23 17:01:15 :: INFO  :: TIMER :: [0000] Injected Tag in 0.001 ms
INFO - [G] 2025-03-23 17:01:15 :: INFO  :: TIMER :: [0004] Injected Sticker in 0.121 ms
INFO - [G] 2025-03-23 17:01:15 :: INFO  :: TIMER :: [0000] Injected Shader in 0.001 ms
INFO - [G] 2025-03-23 17:01:15 :: INFO  :: TIMER :: [0001] Injected Keybind in 0.039 ms
INFO - [G] 2025-03-23 17:01:15 :: INFO  :: TIMER :: [0000] Injected Achievement in 0.070 ms
INFO - [G] 2025-03-23 17:01:15 :: INFO  :: TIMER :: [0000] Injected [INTERNAL] in 1.103 ms
INFO - [G] ERROR LOADING GAME: Card area 'shop_booster' not instantiated before load
INFO - [G] ERROR LOADING GAME: Card area 'shop_jokers' not instantiated before load
INFO - [G] ERROR LOADING GAME: Card area 'shop_vouchers' not instantiated before load
INFO - [G] val
INFO - [G] 0
INFO - [G] field
INFO - [G] 0
INFO - [G] self
INFO - [G] 0
INFO - [G] line not found
INFO - [G] file not found: main.lua: No such file or directory
INFO - [G] file not found: main.lua: No such file or directory
INFO - [G] file not found: main.lua: No such file or directory
INFO - [G] file not found: main.lua: No such file or directory
INFO - [G] 2025-03-23 17:01:22 :: ERROR :: StackTrace :: Oops! The game crashed
engine/object.lua:603: attempt to index local 'tbl' (a nil value)
Stack Traceback
===============
(1) Lua local 'handler' at file 'main.lua:612'
	Local variables:
	 msg = string: "engine/object.lua:603: attempt to index local 'tbl' (a nil value)"
	 (*temporary) = Lua function '?' (defined at line 31 of chunk [SMODS _ "src/logging.lua"])
	 (*temporary) = string: "Oops! The game crashed\
"
(2) LÖVE metamethod at file 'boot.lua:352'
	Local variables:
	 errhand = Lua function '?' (defined at line 598 of chunk main.lua)
	 handler = Lua function '?' (defined at line 598 of chunk main.lua)
(3) Lua field 'implement' at file 'engine/object.lua:603'
	Local variables:
	 tbl = nil
	 impl = table: 0x18dcd610  {ability:table: 0x18dcd670}
	 (for generator) = C function: next
	 (for state) = table: 0x18dcd610  {ability:table: 0x18dcd670}
	 (for control) = number: nan
	 k = string: "ability"
	 v = table: 0x18dcd670  {applied_abilities:table: 0x18dcd6d0}
	 (*temporary) = number: 5.732e-198
	 (*temporary) = table: 0x17e150e0  {extra:table: 0x17e15108, s_x_mult:1, x_chips:1, x_chip_mod:0, dollars:0 (more...)}
	 (*temporary) = table: 0x18dcd4b0  {applied_abilities:table: 0x18dcd510}
	 (*temporary) = string: "attempt to index local 'tbl' (a nil value)"
(4) Lua method 'new' at file 'engine/object.lua:1362'
	Local variables:
	 self = table: 0x16fc2bf8  {resign_ability:function: 0x16fc2e68, apply_ability:function: 0x16fc2e48 (more...)}
	 card = nil
	 obj = table: 0x18dcd5b0  {}
(5) Lua upvalue 'eventData' at file 'engine/object.lua:1397'
	Local variables:
	 _self = table: 0x1768d498  {loc_vars:function: 0x17722fc8, unlocked:true, _u:true, cost:2, order:141 (more...)}
	 card = table: 0x1922d110  {added_to_deck:true, click_offset:table: 0x1922d4e0, area:table: 0x17636960 (more...)}
	 context = table: 0x18dcca38  {main_eval:true, buying_card:true, cardarea:table: 0x17624ff0, card:table: 0x1922d110 (more...)}
	 (*temporary) = table: 0x18dcd360  {self:table: 0x18dcd3f0, SELF:table: 0x1768d498, CONTEXT:table: 0x18dcca38 (more...)}
(6) Lua upvalue 'old_func' at file 'engine/object.lua:1496'
	Local variables:
	 _self = table: 0x1768d498  {loc_vars:function: 0x17722fc8, unlocked:true, _u:true, cost:2, order:141 (more...)}
	 card = table: 0x1922d110  {added_to_deck:true, click_offset:table: 0x1922d4e0, area:table: 0x17636960 (more...)}
	 context = table: 0x18dcca38  {main_eval:true, buying_card:true, cardarea:table: 0x17624ff0, card:table: 0x1922d110 (more...)}
	 first = nil
	 second = nil
(7) Lua method 'calculate' at file 'engine/object.lua:1495'
	Local variables:
	 _self = table: 0x1768d498  {loc_vars:function: 0x17722fc8, unlocked:true, _u:true, cost:2, order:141 (more...)}
	 card = table: 0x1922d110  {added_to_deck:true, click_offset:table: 0x1922d4e0, area:table: 0x17636960 (more...)}
	 context = table: 0x18dcca38  {main_eval:true, buying_card:true, cardarea:table: 0x17624ff0, card:table: 0x1922d110 (more...)}
	 first = nil
	 second = nil
(8) Lua method 'calculate_joker' at file 'card.lua:2534'
	Local variables:
	 self = table: 0x1922d110  {added_to_deck:true, click_offset:table: 0x1922d4e0, area:table: 0x17636960 (more...)}
	 context = table: 0x18dcca38  {main_eval:true, buying_card:true, cardarea:table: 0x17624ff0, card:table: 0x1922d110 (more...)}
	 obj = table: 0x1768d498  {loc_vars:function: 0x17722fc8, unlocked:true, _u:true, cost:2, order:141 (more...)}
(9) Lua global 'eval_card' at file 'functions/common_events.lua:707'
	Local variables:
	 card = table: 0x1922d110  {added_to_deck:true, click_offset:table: 0x1922d4e0, area:table: 0x17636960 (more...)}
	 context = table: 0x18dcca38  {main_eval:true, buying_card:true, cardarea:table: 0x17624ff0, card:table: 0x1922d110 (more...)}
	 ret = table: 0x18dcca60  {}
	 post_trig = table: 0x18dcca88  {}
	 areas = table: 0x18d889e0  {1:table: 0x17624ff0, 2:table: 0x17636960, 3:table: 0x175b5378}
	 area_set = table: 0x18dccab0  {table: 0x175b5378:true, table: 0x17636960:true, table: 0x17624ff0:true (more...)}
(10) Lua field 'calculate_context' at Steamodded file 'src/utils.lua:1337' 
	Local variables:
	 context = table: 0x18dcca38  {main_eval:true, buying_card:true, cardarea:table: 0x17624ff0, card:table: 0x1922d110 (more...)}
	 return_table = nil
	 (for generator) = C function: builtin#6
	 (for state) = table: 0x18d89f80  {1:table: 0x17624ff0, 2:table: 0x17636960, 3:table: 0x175b5378}
	 (for control) = number: 2
	 _ = number: 2
	 area = table: 0x17636960  {click_offset:table: 0x176351c0, children:table: 0x17c4b2d8, shuffle_amt:0 (more...)}
	 (for generator) = C function: builtin#6
	 (for state) = table: 0x17c4b2b0  {1:table: 0x1922d110}
	 (for control) = number: 1
	 _ = number: 1
	 _card = table: 0x1922d110  {added_to_deck:true, click_offset:table: 0x1922d4e0, area:table: 0x17636960 (more...)}
(11) Lua field 'func' at file 'functions/button_callbacks.lua:2490'
(12) Lua method 'handle' at file 'engine/event.lua:77'
	Local variables:
	 self = table: 0x19fc5708  {start_timer:true, timer:TOTAL, blockable:true, trigger:after, func:function: 0x19fc56a0 (more...)}
	 _results = table: 0x17761578  {blocking:true, pause_skip:false, time_done:true, completed:false}
(13) Lua method 'update' at file 'engine/event.lua:206'
	Local variables:
	 self = table: 0x179b9888  {queue_last_processed:6.6833333333333, queues:table: 0x179b98b0, queue_dt:0.016666666666667 (more...)}
	 dt = number: 0.016606
	 forced = nil
	 (for generator) = C function: next
	 (for state) = table: 0x179b98b0  {unlock:table: 0x179b98d8, other:table: 0x179b9d50, tutorial:table: 0x179b9928 (more...)}
	 (for control) = number: nan
	 k = string: "base"
	 v = table: 0x179b9900  {1:table: 0x17c47a00, 2:table: 0x19fc5708, 3:table: 0x18dcca10}
	 blocked = boolean: false
	 i = number: 2
	 results = table: 0x17761578  {blocking:true, pause_skip:false, time_done:true, completed:false}
(14) Lua upvalue 'gameUpdateRef' at file 'game.lua:2546'
	Local variables:
	 self = table: 0x1705f9a0  {F_GUIDE:false, F_CRASH_REPORTS:false, F_QUIT_BUTTON:true, HUD_tags:table: 0x17ea2570 (more...)}
	 dt = number: 0.016606
	 http_resp = nil
(15) Lua method 'update' at Steamodded file 'src/ui.lua:84' 
	Local variables:
	 self = table: 0x1705f9a0  {F_GUIDE:false, F_CRASH_REPORTS:false, F_QUIT_BUTTON:true, HUD_tags:table: 0x17ea2570 (more...)}
	 dt = number: 0.016606
(16) Lua field 'update' at file 'main.lua:992'
	Local variables:
	 dt = number: 0.016606
(17) Lua function '?' at file 'main.lua:931' (best guess)
(18) global C function 'xpcall'
(19) LÖVE function at file 'boot.lua:377' (best guess)
	Local variables:
	 func = Lua function '?' (defined at line 902 of chunk main.lua)
	 inerror = boolean: true
	 deferErrhand = Lua function '(LÖVE Function)' (defined at line 348 of chunk [love "boot.lua"])
	 earlyinit = Lua function '(LÖVE Function)' (defined at line 355 of chunk [love "boot.lua"])

INFO - [G] file not found: main.lua: No such file or directory
INFO - [G] file not found: main.lua: No such file or directory
INFO - [G] 2025-03-23 17:01:22 :: INFO  :: StackTrace :: Additional Context:
Balatro Version: 1.0.1o-FULL
Modded Version: 1.0.0~ALPHA-1409a-STEAMODDED
LÖVE Version: 11.5.0
Lovely Version: 0.7.1
Platform: Windows
Steamodded Mods:
    1: Zero Bullitro by BitBites [ID: 0Bullitro, Version: 1.0, Uses Lovely]
    2: Preorder Cards by asd123cqp [ID: preorder_cards]
    3: Keyboard Shortcuts DorkDad by DorkDad141 [ID: keyboard_dorkdad]
    4: Vintage Pinup Cards by NoScope1080 [ID: VintagePinupCards]
    5: Stickface Deck by Stickface [ID: StickfaceNSFWDeck, Version: 1.0.0]
Lovely Mods:
