INFO - [♥] Lovely 0.7.1
INFO - [♥] Game directory is at "C:\\Program Files (x86)\\Steam\\steamapps\\common\\Balatro"
INFO - [♥] Writing logs to "C:\\Users\\Administrator\\AppData\\Roaming\\Balatro\\Mods\\lovely\\log"
INFO - [♥] Using mod directory at "C:\\Users\\Administrator\\AppData\\Roaming\\Balatro\\Mods"
INFO - [♥] Found .lovelyignore in 'SakashimaJoker', skipping it.
INFO - [♥] Cleaning up dumps directory at "C:\\Users\\Administrator\\AppData\\Roaming\\Balatro\\Mods\\lovely\\dump"
INFO - [♥] Initialization complete in 44ms
INFO - [♥] Applied 12 patches to 'main.lua'
INFO - [♥] Applied 5 patches to 'engine/controller.lua'
INFO - [♥] Applied 13 patches to 'back.lua'
INFO - [♥] Applied 6 patches to 'tag.lua'
INFO - [♥] Applied 1 patch to 'engine/moveable.lua'
INFO - [♥] Applied 2 patches to 'engine/sprite.lua'
INFO - [♥] Applied 2 patches to 'engine/animatedsprite.lua'
INFO - [♥] Applied 44 patches to 'functions/misc_functions.lua'
INFO - [♥] Applied 29 patches to 'game.lua'
INFO - [♥] Applied 1 patch to 'globals.lua'
INFO - [♥] Applied 3 patches to 'engine/ui.lua'
INFO - [♥] Applied 72 patches to 'functions/UI_definitions.lua'
INFO - [♥] Applied 39 patches to 'functions/state_events.lua'
INFO - [♥] Applied 87 patches to 'functions/common_events.lua'
INFO - [♥] Applied 38 patches to 'functions/button_callbacks.lua'
INFO - [♥] Applied 143 patches to 'card.lua'
INFO - [♥] Applied 6 patches to 'cardarea.lua'
INFO - [♥] Applied 30 patches to 'blind.lua'
INFO - [♥] Applied 3 patches to 'engine/text.lua'
INFO - [G] Failed to connect to the debug server
INFO - [G] 2025-03-07 16:26:06 :: DEBUG :: DebugConsole :: Steamodded Debug Socket started !
INFO - [♥] Applied 9 patches to 'engine/sound_manager.lua'
INFO - [♥] Applied 1 patch to 'engine/save_manager.lua'
INFO - [G] 2025-03-07 16:26:08 :: ERROR :: Loader :: Found invalid metadata JSON file at C:\Users\Administrator\AppData\Roaming\Balatro\Mods/.vscode/settings.json, ignoring: [SMODS _ "src/loader.lua"]:226: id
INFO - [G] 2025-03-07 16:26:08 :: INFO  :: DefaultLogger :: Valid JSON file found
INFO - [G] 2025-03-07 16:26:08 :: ERROR :: Loader :: Found invalid metadata JSON file at C:\Users\Administrator\AppData\Roaming\Balatro\Mods/Aura/.vscode/settings.json, ignoring: [SMODS _ "src/loader.lua"]:226: id
INFO - [G] 2025-03-07 16:26:08 :: TRACE :: Loader :: Processing Mod file (Legacy header): Aura.lua
INFO - [G] 2025-03-07 16:26:08 :: TRACE :: Loader :: Saving Mod Info: Aura
INFO - [G] 2025-03-07 16:26:08 :: TRACE :: Loader :: Processing Mod file (Legacy header): PreorderCards.lua
INFO - [G] 2025-03-07 16:26:08 :: TRACE :: Loader :: Saving Mod Info: preorder_cards
INFO - [G] 2025-03-07 16:26:08 :: INFO  :: DefaultLogger :: Valid JSON file found
INFO - [G] 2025-03-07 16:26:08 :: INFO  :: DefaultLogger :: Valid JSON file found
INFO - [G] 2025-03-07 16:26:08 :: TRACE :: Loader :: Processing Mod file (Legacy header): HentaiCards.lua
INFO - [G] 2025-03-07 16:26:08 :: WARN  :: Loader :: Duplicate Mod ID: HentaiCards
INFO - [G] 2025-03-07 16:26:08 :: TRACE :: Loader :: Processing Mod file (Legacy header): SakashimaJoker.lua
INFO - [G] 2025-03-07 16:26:08 :: TRACE :: Loader :: Saving Mod Info: SakashimaJoker
INFO - [G] 2025-03-07 16:26:08 :: INFO  :: DefaultLogger :: Valid JSON file found
INFO - [G] 2025-03-07 16:26:08 :: TRACE :: Loader :: Processing Mod file (Legacy header): VintagePinupCards.lua
INFO - [G] 2025-03-07 16:26:08 :: TRACE :: Loader :: Saving Mod Info: VintagePinupCards
INFO - [G] 2025-03-07 16:26:08 :: WARN  :: DeckSkin :: Old DeckSkin formatting detected on DeckSkin lust_LuckHearts!
INFO - [G] 2025-03-07 16:26:08 :: WARN  :: DeckSkin :: Old DeckSkin formatting detected on DeckSkin lust_LuckClubs!
INFO - [G] 2025-03-07 16:26:08 :: WARN  :: DeckSkin :: Old DeckSkin formatting detected on DeckSkin lust_LuckDiamonds!
INFO - [G] 2025-03-07 16:26:08 :: WARN  :: DeckSkin :: Old DeckSkin formatting detected on DeckSkin lust_LuckSpades!
INFO - [G] Picture dimensions: 138 x 186
INFO - [G] Number of animation frames: 8
INFO - [G] Comment inside this GIF: Created with Paint.NET
INFO - [G] Picture dimensions: 138 x 186
INFO - [G] Number of animation frames: 1
INFO - [G] Comment inside this GIF: NO_COMMENT
INFO - [G] Picture dimensions: 138 x 186
INFO - [G] Number of animation frames: 9
INFO - [G] Comment inside this GIF: Created with Paint.NET
INFO - [G] 2025-03-07 16:26:08 :: WARN  :: Atlas :: Object centers has the same key as an existing object, not registering.
INFO - [G] 2025-03-07 16:26:08 :: WARN  :: Atlas :: If you want to modify an existing object, use take_ownership()
INFO - [G] soul_atlas
INFO - [G] 2025-03-07 16:26:08 :: TRACE :: Loader :: Mod SakashimaJoker was unable to load: 
INFO - [G] 2025-03-07 16:26:08 :: INFO  :: TIMER :: [0000] Injected Language in 0.001 ms
INFO - [G] 2025-03-07 16:26:08 :: INFO  :: TIMER :: [0000] Injected [INTERNAL] in 0.998 ms
INFO - [G] mod_tags
INFO - [G] achievements
INFO - [G] lust_AltVersions
INFO - [G] Joker
INFO - [G] centers
INFO - [G] lust_editions
INFO - [G] lust_LustTarot
INFO - [G] Booster
INFO - [G] stickers
INFO - [G] shop_sign
INFO - [G] balatro
INFO - [G] lust_modicon
INFO - [G] BalustroIcons
INFO - [G] lust_BalustroPlayingCards
INFO - [G] lust_LuckPlayingCardsLC
INFO - [G] lust_LuckPlayingCardsHC
INFO - [G] bull_wide_card
INFO - [G] aura_j_faceless
INFO - [G] aura_j_seance
INFO - [G] aura_j_juggler
INFO - [G] aura_c_hearts
INFO - [G] aura_c_diamonds
INFO - [G] aura_c_clubs
INFO - [G] aura_c_spades
INFO - [G] aura_goon_icon_heart
INFO - [G] aura_goon_icon_diamond
INFO - [G] aura_goon_icon_club
INFO - [G] aura_goon_icon_spade
INFO - [G] FHC_hentai_cards_deck_lc
INFO - [G] FHC_hentai_cards_deck_hc
INFO - [G] Tarot
INFO - [G] Planet
INFO - [G] Spectral
INFO - [G] soul_atlas
INFO - [G] StickfaceNSFW_8BitDeck_opt2
INFO - [G] StickfaceNSFW_8BitDeck
INFO - [G] StickfaceNSFW_icon_lc
INFO - [G] StickfaceNSFW_icon_hc
INFO - [G] vintage_pinup_cards
INFO - [G] 2025-03-07 16:26:09 :: INFO  :: TIMER :: [0039] Injected Atlas in 1104.884 ms
INFO - [G] 2025-03-07 16:26:09 :: INFO  :: TIMER :: [0053] Injected Sound in 3.949 ms
INFO - [G] 2025-03-07 16:26:09 :: INFO  :: TIMER :: [0008] Injected Stake in 0.154 ms
INFO - [G] 2025-03-07 16:26:09 :: INFO  :: TIMER :: [0004] Injected Rarity in 0.016 ms
INFO - [G] 2025-03-07 16:26:09 :: INFO  :: TIMER :: [0004] Injected ObjectType in 0.033 ms
INFO - [G] 2025-03-07 16:26:09 :: INFO  :: TIMER :: [0212] Injected Center in 2.599 ms
INFO - [G] 2025-03-07 16:26:09 :: INFO  :: TIMER :: [0007] Injected Undiscovered Sprite in 0.020 ms
INFO - [G] 2025-03-07 16:26:09 :: INFO  :: TIMER :: [0002] Injected Blind in 0.027 ms
INFO - [G] 2025-03-07 16:26:09 :: INFO  :: TIMER :: [0004] Injected Seal in 0.158 ms
INFO - [G] 2025-03-07 16:26:09 :: INFO  :: TIMER :: [0004] Injected Suit in 0.058 ms
INFO - [G] 2025-03-07 16:26:09 :: INFO  :: TIMER :: [0013] Injected Rank in 0.062 ms
INFO - [G] 2025-03-07 16:26:09 :: INFO  :: TIMER :: [0052] Injected DeckSkin in 0.269 ms
INFO - [G] 2025-03-07 16:26:09 :: INFO  :: TIMER :: [0012] Injected PokerHand in 0.039 ms
INFO - [G] 2025-03-07 16:26:09 :: INFO  :: TIMER :: [0020] Injected Challenge in 0.025 ms
INFO - [G] 2025-03-07 16:26:09 :: INFO  :: TIMER :: [0000] Injected Tag in 0.002 ms
INFO - [G] 2025-03-07 16:26:09 :: INFO  :: TIMER :: [0004] Injected Sticker in 0.246 ms
INFO - [G] 2025-03-07 16:26:09 :: INFO  :: TIMER :: [0000] Injected Shader in 0.001 ms
INFO - [G] 2025-03-07 16:26:09 :: INFO  :: TIMER :: [0001] Injected Keybind in 0.011 ms
INFO - [G] 2025-03-07 16:26:09 :: INFO  :: TIMER :: [0000] Injected Achievement in 0.021 ms
INFO - [G] 2025-03-07 16:26:09 :: INFO  :: TIMER :: [0000] Injected [INTERNAL] in 1.844 ms
INFO - [G] line not found
INFO - [G] file not found: main.lua: No such file or directory
INFO - [G] file not found: main.lua: No such file or directory
INFO - [G] file not found: main.lua: No such file or directory
INFO - [G] file not found: main.lua: No such file or directory
INFO - [G] 2025-03-07 16:26:12 :: ERROR :: StackTrace :: Oops! The game crashed
engine/text.lua:137: attempt to index field 'Number' (a nil value)
Stack Traceback
===============
(1) Lua local 'handler' at file 'main.lua:612'
	Local variables:
	 msg = string: "engine/text.lua:137: attempt to index field 'Number' (a nil value)"
	 (*temporary) = Lua function '?' (defined at line 31 of chunk [SMODS _ "src/logging.lua"])
	 (*temporary) = string: "Oops! The game crashed\
"
(2) LÖVE metamethod at file 'boot.lua:352'
	Local variables:
	 errhand = Lua function '?' (defined at line 598 of chunk main.lua)
	 handler = Lua function '?' (defined at line 598 of chunk main.lua)
(3) Lua method 'update_text' at file 'engine/text.lua:137'
	Local variables:
	 self = table: 0x00998798  {scale:0.4, bump_amount:3, colours:table: 0x00a4d318, pop_in_rate:3, font:table: 0x00af6548 (more...)}
	 first_pass = boolean: true
	 (for generator) = C function: builtin#6
	 (for state) = table: 0x009987c0  {1:Modded Version!}
	 (for control) = number: 1
	 k = number: 1
	 v = string: "Modded Version!"
	 (*temporary) = nil
	 (*temporary) = nil
	 (*temporary) = string: "Modded Version!"
	 (*temporary) = nil
	 (*temporary) = nil
	 (*temporary) = number: 1
	 (*temporary) = nil
	 (*temporary) = nil
	 (*temporary) = number: 2.733
	 (*temporary) = number: 0.332
	 (*temporary) = number: 16
	 (*temporary) = table: 0x00b9a160  {W:2.733, H:0.332, letters:table: 0x00934dc0, string:Modded Version!}
	 (*temporary) = nil
	 (*temporary) = number: 15
	 (*temporary) = nil
	 (*temporary) = nil
	 (*temporary) = number: 15
	 (*temporary) = table: 0x00eb23b8  {letter:Text: 0x0229ba8ac400, scale:1, pop_in:0, char:!, dims:table: 0x008e3380 (more...)}
	 (*temporary) = number: 7.71907
	 (*temporary) = number: 27.7953
	 (*temporary) = number: 0.332
	 (*temporary) = number: 0.332
	 (*temporary) = number: 0.332
	 (*temporary) = number: 5.72987e-313
	 (*temporary) = string: "attempt to index field 'Number' (a nil value)"
(4) Lua method 'init' at file 'engine/text.lua:34'
	Local variables:
	 self = table: 0x00998798  {scale:0.4, bump_amount:3, colours:table: 0x00a4d318, pop_in_rate:3, font:table: 0x00af6548 (more...)}
	 config = table: 0x00a4d2f0  {bump_rate:3, bump_amount:3, H_offset:0, colours:table: 0x00a4d318, H:0 (more...)}
(5) Lua global 'DynaText' at file 'engine/object.lua:35'
	Local variables:
	 self = table: 0x00893648  {pop_out:function: 0x00893798, draw:function: 0x00893838, pulse:function: 0x00893818 (more...)}
	 obj = table: 0x00998798  {scale:0.4, bump_amount:3, colours:table: 0x00a4d318, pop_in_rate:3, font:table: 0x00af6548 (more...)}
(6) Lua global 'create_UIBox_card_alert' at file 'functions/UI_definitions.lua:1952'
	Local variables:
	 args = table: 0x00a332a8  {text_rot:-0.2, scale:0.4, no_bg:true, text:Modded Version!}
	 (*temporary) = table: 0x00a332d0  {n:7, config:table: 0x017ab3a8}
	 (*temporary) = table: 0x00b06a28  {}
	 (*temporary) = table: 0x017ab3d0  {n:4, config:table: 0x00c30780}
	 (*temporary) = table: 0x009a5290  {}
	 (*temporary) = table: 0x005976c0  {n:5}
	 (*temporary) = table: 0x00936ba8  {}
(7) Lua upvalue 'old_update' at Steamodded file 'src/ui.lua:65' 
	Local variables:
	 self = table: 0x006054d0  {F_GUIDE:false, F_CRASH_REPORTS:false, F_QUIT_BUTTON:true, F_ENGLISH_ONLY:false (more...)}
	 dt = number: 0.0166286
	 node = table: 0x01520e00  {pixellated_rect:table: 0x00eba708, click_offset:table: 0x008fe1f8, children:table: 0x00763790 (more...)}
	 (*temporary) = table: 0x00763790  {1:table: 0x0082e020}
	 (*temporary) = table: 0x0064bfd8  {remove_group:function: 0x00635758, draw:function: 0x006357d8, print_topology:function: 0x006339d0 (more...)}
	 (*temporary) = table: 0x00c85f28  {}
(8) Lua method 'update' at file 'Aura.lua:203' (from mod with id Aura)
	Local variables:
	 self = table: 0x006054d0  {F_GUIDE:false, F_CRASH_REPORTS:false, F_QUIT_BUTTON:true, F_ENGLISH_ONLY:false (more...)}
	 dt = number: 0.0166286
(9) Lua field 'update' at file 'main.lua:992'
	Local variables:
	 dt = number: 0.0166286
(10) Lua function '?' at file 'main.lua:931' (best guess)
(11) global C function 'xpcall'
(12) LÖVE function at file 'boot.lua:377' (best guess)
	Local variables:
	 func = Lua function '?' (defined at line 902 of chunk main.lua)
	 inerror = boolean: true
	 deferErrhand = Lua function '(LÖVE Function)' (defined at line 348 of chunk [love "boot.lua"])
	 earlyinit = Lua function '(LÖVE Function)' (defined at line 355 of chunk [love "boot.lua"])

INFO - [G] file not found: main.lua: No such file or directory
INFO - [G] file not found: main.lua: No such file or directory
INFO - [G] 2025-03-07 16:26:12 :: INFO  :: StackTrace :: Additional Context:
Balatro Version: 1.0.1o-FULL
Modded Version: 1.0.0~ALPHA-1409a-STEAMODDED
LÖVE Version: 11.5.0
Lovely Version: 0.7.1
Platform: Windows
Steamodded Mods:
    1: Zero Bullitro by BitBites [ID: 0Bullitro, Version: 1.0, Uses Lovely]
    2: Preorder Cards by asd123cqp [ID: preorder_cards]
    3: Aura by MathIsFun_, ChromaPIE, Bard, Grassy311, RattlingSnow353, Solace, RadicaAprils, chloe_cromslor [ID: Aura, Version: 0.023, Uses Lovely]
    4: Hentai Cards by Makubex77, Pheubel (Code) [ID: HentaiCards, Version: 1.1]
    5: Vintage Pinup Cards by NoScope1080 [ID: VintagePinupCards]
    6: Stickface Deck by Stickface [ID: StickfaceNSFWDeck, Version: 1.0.0]
    7: Balustro by someone23832 [ID: Balustro, Priority: -20, Version: 0.12, Uses Lovely]
Lovely Mods:
