INFO - [♥] Lovely 0.7.1
INFO - [♥] Game directory is at "C:\\Program Files (x86)\\Steam\\steamapps\\common\\Balatro"
INFO - [♥] Writing logs to "C:\\Users\\Administrator\\AppData\\Roaming\\Balatro\\Mods\\lovely\\log"
INFO - [♥] Using mod directory at "C:\\Users\\Administrator\\AppData\\Roaming\\Balatro\\Mods"
INFO - [♥] Found .lovelyignore in 'SakashimaJoker', skipping it.
INFO - [♥] Cleaning up dumps directory at "C:\\Users\\Administrator\\AppData\\Roaming\\Balatro\\Mods\\lovely\\dump"
INFO - [♥] Initialization complete in 21ms
INFO - [♥] Applied 12 patches to 'main.lua'
INFO - [♥] Applied 5 patches to 'engine/controller.lua'
INFO - [♥] Applied 13 patches to 'back.lua'
INFO - [♥] Applied 6 patches to 'tag.lua'
INFO - [♥] Applied 1 patch to 'engine/moveable.lua'
INFO - [♥] Applied 2 patches to 'engine/sprite.lua'
INFO - [♥] Applied 2 patches to 'engine/animatedsprite.lua'
INFO - [♥] Applied 44 patches to 'functions/misc_functions.lua'
INFO - [♥] Applied 24 patches to 'game.lua'
INFO - [♥] Applied 1 patch to 'globals.lua'
INFO - [♥] Applied 3 patches to 'engine/ui.lua'
INFO - [♥] Applied 72 patches to 'functions/UI_definitions.lua'
INFO - [♥] Applied 39 patches to 'functions/state_events.lua'
INFO - [♥] Applied 86 patches to 'functions/common_events.lua'
INFO - [♥] Applied 38 patches to 'functions/button_callbacks.lua'
INFO - [♥] Applied 141 patches to 'card.lua'
INFO - [♥] Applied 6 patches to 'cardarea.lua'
INFO - [♥] Applied 30 patches to 'blind.lua'
INFO - [♥] Applied 2 patches to 'engine/text.lua'
INFO - [G] Failed to connect to the debug server
INFO - [G] 2025-02-27 19:52:54 :: DEBUG :: DebugConsole :: Steamodded Debug Socket started !
INFO - [♥] Applied 9 patches to 'engine/sound_manager.lua'
INFO - [♥] Applied 1 patch to 'engine/save_manager.lua'
INFO - [G] 2025-02-27 19:52:55 :: ERROR :: Loader :: Found invalid metadata JSON file at C:\Users\Administrator\AppData\Roaming\Balatro\Mods/.vscode/settings.json, ignoring: [SMODS _ "src/loader.lua"]:226: id
INFO - [G] 2025-02-27 19:52:55 :: ERROR :: Loader :: Found invalid metadata JSON file at C:\Users\Administrator\AppData\Roaming\Balatro\Mods/Aura-main/.vscode/settings.json, ignoring: [SMODS _ "src/loader.lua"]:226: id
INFO - [G] 2025-02-27 19:52:55 :: TRACE :: Loader :: Processing Mod file (Legacy header): Aura.lua
INFO - [G] 2025-02-27 19:52:55 :: TRACE :: Loader :: Saving Mod Info: Aura
INFO - [G] 2025-02-27 19:52:55 :: TRACE :: Loader :: Processing Mod file (Legacy header): PreorderCards.lua
INFO - [G] 2025-02-27 19:52:55 :: TRACE :: Loader :: Saving Mod Info: preorder_cards
INFO - [G] 2025-02-27 19:52:55 :: TRACE :: Loader :: Processing Mod file (Legacy header): SakashimaJoker.lua
INFO - [G] 2025-02-27 19:52:55 :: TRACE :: Loader :: Saving Mod Info: SakashimaJoker
INFO - [G] 2025-02-27 19:52:56 :: TRACE :: Loader :: Mod SakashimaJoker was unable to load: 
INFO - [G] 2025-02-27 19:52:56 :: INFO  :: TIMER :: [0000] Injected Language in 0.001 ms
INFO - [G] 2025-02-27 19:52:56 :: INFO  :: TIMER :: [0000] Injected [INTERNAL] in 0.936 ms
INFO - [G] 2025-02-27 19:52:57 :: INFO  :: TIMER :: [0032] Injected Atlas in 1267.611 ms
INFO - [G] 2025-02-27 19:52:57 :: INFO  :: TIMER :: [0002] Injected Sound in 0.267 ms
INFO - [G] 2025-02-27 19:52:57 :: INFO  :: TIMER :: [0008] Injected Stake in 0.229 ms
INFO - [G] 2025-02-27 19:52:57 :: INFO  :: TIMER :: [0004] Injected Rarity in 0.014 ms
INFO - [G] 2025-02-27 19:52:57 :: INFO  :: TIMER :: [0004] Injected ObjectType in 0.051 ms
INFO - [G] 2025-02-27 19:52:57 :: INFO  :: TIMER :: [0198] Injected Center in 2.289 ms
INFO - [G] 2025-02-27 19:52:57 :: INFO  :: TIMER :: [0007] Injected Undiscovered Sprite in 0.031 ms
INFO - [G] 2025-02-27 19:52:57 :: INFO  :: TIMER :: [0002] Injected Blind in 0.040 ms
INFO - [G] 2025-02-27 19:52:57 :: INFO  :: TIMER :: [0004] Injected Seal in 0.121 ms
INFO - [G] 2025-02-27 19:52:57 :: INFO  :: TIMER :: [0004] Injected Suit in 0.063 ms
INFO - [G] 2025-02-27 19:52:57 :: INFO  :: TIMER :: [0013] Injected Rank in 0.083 ms
INFO - [G] 2025-02-27 19:52:57 :: INFO  :: TIMER :: [0028] Injected DeckSkin in 0.349 ms
INFO - [G] 2025-02-27 19:52:57 :: INFO  :: TIMER :: [0012] Injected PokerHand in 0.042 ms
INFO - [G] 2025-02-27 19:52:57 :: INFO  :: TIMER :: [0020] Injected Challenge in 0.044 ms
INFO - [G] 2025-02-27 19:52:57 :: INFO  :: TIMER :: [0000] Injected Tag in 0.002 ms
INFO - [G] 2025-02-27 19:52:57 :: INFO  :: TIMER :: [0004] Injected Sticker in 0.072 ms
INFO - [G] 2025-02-27 19:52:57 :: INFO  :: TIMER :: [0000] Injected Shader in 0.001 ms
INFO - [G] 2025-02-27 19:52:57 :: INFO  :: TIMER :: [0001] Injected Keybind in 0.010 ms
INFO - [G] 2025-02-27 19:52:57 :: INFO  :: TIMER :: [0000] Injected Achievement in 0.040 ms
INFO - [G] 2025-02-27 19:52:57 :: INFO  :: TIMER :: [0000] Injected [INTERNAL] in 0.457 ms
INFO - [G] line not found
INFO - [G] file not found: main.lua: No such file or directory
INFO - [G] file not found: main.lua: No such file or directory
INFO - [G] file not found: main.lua: No such file or directory
INFO - [G] file not found: main.lua: No such file or directory
INFO - [G] 2025-02-27 19:52:58 :: ERROR :: StackTrace :: Oops! The game crashed
Thread error (Thread: 0x020fa29a9c10)

Could not open file resources/sounds/pump_4.ogg. Does not exist.
stack traceback:
	[C]: at 0x7ff92c2758a0
	[C]: in function 'newSource'
	engine/sound_manager.lua:63: in function 'PLAY_SOUND'
	engine/sound_manager.lua:197: in main chunk
Stack Traceback
===============
(1) Lua local 'handler' at file 'main.lua:612'
	Local variables:
	 msg = string: "Thread error (Thread: 0x020fa29a9c10)\
\
Could not open file resources/sounds/pump_4.ogg. Does not exist.\
stack traceback:\
\9[C]: at 0x7ff92c2758a0\
\9[C]: in function 'newSource'\
\9engine/sound_manager.lua:63: in function 'PLAY_SOUND'\
\9engine/sound_manager.lua:197: in main chunk"
	 (*temporary) = Lua function '?' (defined at line 31 of chunk [SMODS _ "src/logging.lua"])
	 (*temporary) = string: "Oops! The game crashed\
"
(2) LÖVE function at file 'boot.lua:352' (best guess)
	Local variables:
	 errhand = Lua function '?' (defined at line 598 of chunk main.lua)
	 handler = Lua function '?' (defined at line 598 of chunk main.lua)
(3) upvalue C function 'error'
(4) LÖVE function at file 'callbacks.lua:181' (best guess)
	Local variables:
	 t = Thread: 0x020fa29a9c10
	 err = string: "Could not open file resources/sounds/pump_4.ogg. Does not exist.\
stack traceback:\
\9[C]: at 0x7ff92c2758a0\
\9[C]: in function 'newSource'\
\9engine/sound_manager.lua:63: in function 'PLAY_SOUND'\
\9engine/sound_manager.lua:197: in main chunk"
(5) Lua function '?' at file 'main.lua:919' (best guess)
	Local variables:
	 _n = nil
	 _a = nil
	 _b = nil
	 _c = nil
	 _d = nil
	 _e = nil
	 _f = nil
	 touched = nil
	 (for generator) = C function: 0x1ba69708
	 (for state) = nil
	 (for control) = string: "threaderror"
	 name = string: "threaderror"
	 a = Thread: 0x020fa29a9c10
	 b = string: "Could not open file resources/sounds/pump_4.ogg. Does not exist.\
stack traceback:\
\9[C]: at 0x7ff92c2758a0\
\9[C]: in function 'newSource'\
\9engine/sound_manager.lua:63: in function 'PLAY_SOUND'\
\9engine/sound_manager.lua:197: in main chunk"
	 c = nil
	 d = nil
	 e = nil
	 f = nil
(6) global C function 'xpcall'
(7) LÖVE function at file 'boot.lua:377' (best guess)
	Local variables:
	 func = Lua function '?' (defined at line 902 of chunk main.lua)
	 inerror = boolean: true
	 deferErrhand = Lua function '(LÖVE Function)' (defined at line 348 of chunk [love "boot.lua"])
	 earlyinit = Lua function '(LÖVE Function)' (defined at line 355 of chunk [love "boot.lua"])

INFO - [G] file not found: main.lua: No such file or directory
INFO - [G] file not found: main.lua: No such file or directory
INFO - [G] 2025-02-27 19:52:58 :: INFO  :: StackTrace :: Additional Context:
Balatro Version: 1.0.1o-FULL
Modded Version: 1.0.0~ALPHA-1409a-STEAMODDED
LÖVE Version: 11.5.0
Lovely Version: 0.7.1
Platform: Windows
Steamodded Mods:
    1: Aura by MathIsFun_, ChromaPIE, Bard, Grassy311, RattlingSnow353, Solace, RadicaAprils, chloe_cromslor [ID: Aura, Version: 0.023, Uses Lovely]
    2: Preorder Cards by asd123cqp [ID: preorder_cards]
Lovely Mods:
