INFO - [♥] Lovely 0.7.1
INFO - [♥] Game directory is at "C:\\Program Files (x86)\\Steam\\steamapps\\common\\Balatro"
INFO - [♥] Writing logs to "C:\\Users\\Administrator\\AppData\\Roaming\\Balatro\\Mods\\lovely\\log"
INFO - [♥] Using mod directory at "C:\\Users\\Administrator\\AppData\\Roaming\\Balatro\\Mods"
INFO - [♥] Found .lovelyignore in 'Aura', skipping it.
INFO - [♥] Found .lovelyignore in 'Balustro', skipping it.
INFO - [♥] Found .lovelyignore in 'HentaiCards', skipping it.
INFO - [♥] Found .lovelyignore in 'SakashimaJoker', skipping it.
INFO - [♥] Cleaning up dumps directory at "C:\\Users\\Administrator\\AppData\\Roaming\\Balatro\\Mods\\lovely\\dump"
INFO - [♥] Initialization complete in 33ms
WARN - [♥] Pattern 'ϖ' on target 'conf.lua' for pattern patch from 0Bullitro\lovely\files.toml resulted in no matches
INFO - [♥] Applied 0 patches to 'conf.lua'
INFO - [♥] Applied 13 patches to 'main.lua'
WARN - [♥] Pattern 'ϖ' on target 'engine/object.lua' for pattern patch from 0Bullitro\lovely\files.toml resulted in no matches
INFO - [♥] Applied 10 patches to 'engine/object.lua'
WARN - [♥] Pattern 'ϖ' on target 'engine/string_packer.lua' for pattern patch from 0Bullitro\lovely\files.toml resulted in no matches
INFO - [♥] Applied 0 patches to 'engine/string_packer.lua'
INFO - [♥] Applied 7 patches to 'engine/controller.lua'
INFO - [♥] Applied 14 patches to 'back.lua'
INFO - [♥] Applied 7 patches to 'tag.lua'
WARN - [♥] Pattern '--Class' on target 'engine/event.lua' for pattern patch from 0Bullitro\lovely\event.toml resulted in 2 matches, wanted 1
WARN - [♥] Ignoring excess matches
WARN - [♥] Pattern '--Class Methods' on target 'engine/event.lua' for pattern patch from 0Bullitro\lovely\event.toml resulted in 2 matches, wanted 1
WARN - [♥] Ignoring excess matches
WARN - [♥] Pattern 'ϖ' on target 'engine/event.lua' for pattern patch from 0Bullitro\lovely\files.toml resulted in no matches
INFO - [♥] Applied 3 patches to 'engine/event.lua'
WARN - [♥] Pattern 'ϖ' on target 'engine/node.lua' for pattern patch from 0Bullitro\lovely\files.toml resulted in no matches
INFO - [♥] Applied 2 patches to 'engine/node.lua'
INFO - [♥] Applied 5 patches to 'engine/moveable.lua'
INFO - [♥] Applied 2 patches to 'engine/sprite.lua'
INFO - [♥] Applied 2 patches to 'engine/animatedsprite.lua'
INFO - [♥] Applied 42 patches to 'functions/misc_functions.lua'
INFO - [♥] Applied 28 patches to 'game.lua'
INFO - [♥] Applied 1 patch to 'globals.lua'
WARN - [♥] Pattern '--Class' on target 'engine/ui.lua' for pattern patch from 0Bullitro\lovely\ui.toml resulted in 2 matches, wanted 1
WARN - [♥] Ignoring excess matches
INFO - [♥] Applied 8 patches to 'engine/ui.lua'
INFO - [♥] Applied 73 patches to 'functions/UI_definitions.lua'
INFO - [♥] Applied 40 patches to 'functions/state_events.lua'
INFO - [♥] Applied 87 patches to 'functions/common_events.lua'
INFO - [♥] Applied 39 patches to 'functions/button_callbacks.lua'
WARN - [♥] Pattern 'ϖ' on target 'functions/test_functions.lua' for pattern patch from 0Bullitro\lovely\files.toml resulted in no matches
INFO - [♥] Applied 0 patches to 'functions/test_functions.lua'
INFO - [♥] Applied 147 patches to 'card.lua'
INFO - [♥] Applied 7 patches to 'cardarea.lua'
INFO - [♥] Applied 31 patches to 'blind.lua'
WARN - [♥] Pattern 'ϖ' on target 'card_character.lua' for pattern patch from 0Bullitro\lovely\files.toml resulted in no matches
INFO - [♥] Applied 0 patches to 'card_character.lua'
WARN - [♥] Pattern 'ϖ' on target 'engine/particles.lua' for pattern patch from 0Bullitro\lovely\files.toml resulted in no matches
INFO - [♥] Applied 0 patches to 'engine/particles.lua'
INFO - [♥] Applied 3 patches to 'engine/text.lua'
WARN - [♥] Pattern 'ϖ' on target 'challenges.lua' for pattern patch from 0Bullitro\lovely\files.toml resulted in no matches
WARN - [♥] Pattern 'ϖ' on target 'challenges.lua' for pattern patch from 0Bullitro\lovely\files.toml resulted in no matches
INFO - [♥] Applied 0 patches to 'challenges.lua'
INFO - [G] Failed to connect to the debug server
INFO - [G] 2025-03-23 16:18:28 :: DEBUG :: DebugConsole :: Steamodded Debug Socket started !
INFO - [♥] Applied 10 patches to 'engine/sound_manager.lua'
INFO - [♥] Applied 1 patch to 'engine/save_manager.lua'
WARN - [♥] Pattern 'ϖ' on target 'engine/object.lua' for pattern patch from 0Bullitro\lovely\files.toml resulted in no matches
INFO - [♥] Applied 10 patches to 'engine/object.lua'
WARN - [♥] Pattern 'ϖ' on target 'engine/string_packer.lua' for pattern patch from 0Bullitro\lovely\files.toml resulted in no matches
INFO - [♥] Applied 0 patches to 'engine/string_packer.lua'
INFO - [G] 2025-03-23 16:18:30 :: ERROR :: Loader :: Found invalid metadata JSON file at C:\Users\Administrator\AppData\Roaming\Balatro\Mods/.vscode/settings.json, ignoring: [SMODS _ "src/loader.lua"]:226: id
INFO - [G] 2025-03-23 16:18:30 :: INFO  :: DefaultLogger :: Valid JSON file found
INFO - [G] 2025-03-23 16:18:30 :: ERROR :: Loader :: Found invalid metadata JSON file at C:\Users\Administrator\AppData\Roaming\Balatro\Mods/Aura/.vscode/settings.json, ignoring: [SMODS _ "src/loader.lua"]:226: id
INFO - [G] 2025-03-23 16:18:30 :: TRACE :: Loader :: Processing Mod file (Legacy header): Aura.lua
INFO - [G] 2025-03-23 16:18:30 :: TRACE :: Loader :: Saving Mod Info: Aura
INFO - [G] 2025-03-23 16:18:30 :: TRACE :: Loader :: Processing Mod file (Legacy header): PreorderCards.lua
INFO - [G] 2025-03-23 16:18:30 :: TRACE :: Loader :: Saving Mod Info: preorder_cards
INFO - [G] 2025-03-23 16:18:30 :: INFO  :: DefaultLogger :: Valid JSON file found
INFO - [G] 2025-03-23 16:18:30 :: INFO  :: DefaultLogger :: Valid JSON file found
INFO - [G] 2025-03-23 16:18:30 :: TRACE :: Loader :: Processing Mod file (Legacy header): HentaiCards.lua
INFO - [G] 2025-03-23 16:18:30 :: WARN  :: Loader :: Duplicate Mod ID: HentaiCards
INFO - [G] 2025-03-23 16:18:30 :: TRACE :: Loader :: Processing Mod file (Legacy header): SakashimaJoker.lua
INFO - [G] 2025-03-23 16:18:30 :: TRACE :: Loader :: Saving Mod Info: SakashimaJoker
INFO - [G] 2025-03-23 16:18:30 :: INFO  :: DefaultLogger :: Valid JSON file found
INFO - [G] 2025-03-23 16:18:30 :: TRACE :: Loader :: Processing Mod file (Legacy header): VintagePinupCards.lua
INFO - [G] 2025-03-23 16:18:30 :: TRACE :: Loader :: Saving Mod Info: VintagePinupCards
INFO - [G] 2025-03-23 16:18:30 :: TRACE :: Loader :: Processing Mod file (Legacy header): keyboard_dorkdad.lua
INFO - [G] 2025-03-23 16:18:30 :: TRACE :: Loader :: Saving Mod Info: keyboard_dorkdad
INFO - [G] 2025-03-23 16:18:30 :: TRACE :: Loader :: Mod Balustro was unable to load: 
INFO - [G] 2025-03-23 16:18:30 :: TRACE :: Loader :: Mod Aura was unable to load: 
INFO - [G] 2025-03-23 16:18:30 :: TRACE :: Loader :: Mod HentaiCards was unable to load: 
INFO - [G] 2025-03-23 16:18:30 :: TRACE :: Loader :: Mod SakashimaJoker was unable to load: 
INFO - [G] 2025-03-23 16:18:30 :: INFO  :: TIMER :: [0000] Injected Language in 0.001 ms
INFO - [G] 2025-03-23 16:18:30 :: INFO  :: TIMER :: [0000] Injected [INTERNAL] in 0.987 ms
INFO - [G] mod_tags
INFO - [G] achievements
INFO - [G] bull_wide_card
INFO - [G] bull_carper_card
INFO - [G] bull_Jokers-bean
INFO - [G] bull_Jokers-ice cream
INFO - [G] bull_Jokers-popcorn
INFO - [G] bull_Jokers-ramen
INFO - [G] bull_Jokers-green guy
INFO - [G] StickfaceNSFW_8BitDeck_opt2
INFO - [G] StickfaceNSFW_8BitDeck
INFO - [G] StickfaceNSFW_icon_lc
INFO - [G] StickfaceNSFW_icon_hc
INFO - [G] vintage_pinup_cards
INFO - [G] 2025-03-23 16:18:31 :: INFO  :: TIMER :: [0014] Injected Atlas in 739.150 ms
INFO - [G] 2025-03-23 16:18:31 :: INFO  :: TIMER :: [0001] Injected Sound in 0.307 ms
INFO - [G] 2025-03-23 16:18:31 :: INFO  :: TIMER :: [0008] Injected Stake in 0.265 ms
INFO - [G] 2025-03-23 16:18:31 :: INFO  :: TIMER :: [0004] Injected Rarity in 0.024 ms
INFO - [G] 2025-03-23 16:18:31 :: INFO  :: TIMER :: [0004] Injected ObjectType in 0.041 ms
INFO - [G] 2025-03-23 16:18:31 :: INFO  :: TIMER :: [0058] Injected Center in 0.579 ms
INFO - [G] 2025-03-23 16:18:31 :: INFO  :: TIMER :: [0007] Injected Undiscovered Sprite in 0.047 ms
INFO - [G] 2025-03-23 16:18:31 :: INFO  :: TIMER :: [0002] Injected Blind in 0.018 ms
INFO - [G] 2025-03-23 16:18:31 :: INFO  :: TIMER :: [0004] Injected Seal in 0.574 ms
INFO - [G] 2025-03-23 16:18:31 :: INFO  :: TIMER :: [0004] Injected Suit in 0.082 ms
INFO - [G] 2025-03-23 16:18:31 :: INFO  :: TIMER :: [0013] Injected Rank in 0.094 ms
INFO - [G] 2025-03-23 16:18:31 :: INFO  :: TIMER :: [0036] Injected DeckSkin in 0.265 ms
INFO - [G] 2025-03-23 16:18:31 :: INFO  :: TIMER :: [0012] Injected PokerHand in 0.087 ms
INFO - [G] 2025-03-23 16:18:31 :: INFO  :: TIMER :: [0020] Injected Challenge in 0.027 ms
INFO - [G] 2025-03-23 16:18:31 :: INFO  :: TIMER :: [0000] Injected Tag in 0.002 ms
INFO - [G] 2025-03-23 16:18:31 :: INFO  :: TIMER :: [0004] Injected Sticker in 0.507 ms
INFO - [G] 2025-03-23 16:18:31 :: INFO  :: TIMER :: [0000] Injected Shader in 0.001 ms
INFO - [G] 2025-03-23 16:18:31 :: INFO  :: TIMER :: [0001] Injected Keybind in 0.015 ms
INFO - [G] 2025-03-23 16:18:31 :: INFO  :: TIMER :: [0000] Injected Achievement in 0.062 ms
INFO - [G] 2025-03-23 16:18:31 :: INFO  :: TIMER :: [0000] Injected [INTERNAL] in 1.180 ms
INFO - [G] line not found
INFO - [G] file not found: main.lua: No such file or directory
INFO - [G] file not found: main.lua: No such file or directory
INFO - [G] file not found: main.lua: No such file or directory
INFO - [G] file not found: main.lua: No such file or directory
INFO - [G] 2025-03-23 16:19:22 :: ERROR :: StackTrace :: Oops! The game crashed
[SMODS 0Bullitro "0Bullitro.lua"]:1563: attempt to call method 'apply_all_abilities' (a nil value)
Stack Traceback
===============
(1) Lua local 'handler' at file 'main.lua:612'
	Local variables:
	 msg = string: "[SMODS 0Bullitro \"0Bullitro.lua\"]:1563: attempt to call method 'apply_all_abilities' (a nil value)"
	 (*temporary) = Lua function '?' (defined at line 31 of chunk [SMODS _ "src/logging.lua"])
	 (*temporary) = string: "Oops! The game crashed\
"
(2) LÖVE method at file 'boot.lua:352'
	Local variables:
	 errhand = Lua function '?' (defined at line 598 of chunk main.lua)
	 handler = Lua function '?' (defined at line 598 of chunk main.lua)
(3) Lua upvalue 'listener' at file '0Bullitro.lua:1563' (from mod with id 0Bullitro)
	Local variables:
	 eventObject = table: 0x181102e0  {self:table: 0x18110370, SELF:table: 0x1448e200, other:table: 0x18110588 (more...)}
	 card = table: 0x18110370  {object:table: 0x15f31738}
	 (*temporary) = nil
	 (*temporary) = table: 0x18110370  {object:table: 0x15f31738}
	 (*temporary) = string: "attempt to call method 'apply_all_abilities' (a nil value)"
(4) Lua method 'add_to_deck' at file 'engine/object.lua:1493'
	Local variables:
	 _self = table: 0x1448e200  {loc_vars:function: 0x144fcfc8, unlocked:true, _u:true, cost:2, order:141 (more...)}
	 card = table: 0x15f31738  {sprite_facing:front, static_rotation:false, ambient_tilt:0.2, T:table: 0x15f31928 (more...)}
	 context = nil
	 first = nil
	 second = nil
	 gotEventData = table: 0x181102e0  {self:table: 0x18110370, SELF:table: 0x1448e200, other:table: 0x18110588 (more...)}
(5) Lua method 'add_to_deck' at file 'card.lua:757'
	Local variables:
	 self = table: 0x15f31738  {sprite_facing:front, static_rotation:false, ambient_tilt:0.2, T:table: 0x15f31928 (more...)}
	 from_debuff = nil
	 obj = table: 0x1448e200  {loc_vars:function: 0x144fcfc8, unlocked:true, _u:true, cost:2, order:141 (more...)}
(6) Lua field 'func' at file 'functions/button_callbacks.lua:2453'
(7) Lua method 'handle' at file 'engine/event.lua:77'
	Local variables:
	 self = table: 0x162051d0  {start_timer:true, timer:TOTAL, blockable:true, trigger:after, func:function: 0x16205168 (more...)}
	 _results = table: 0x14188110  {blocking:true, pause_skip:false, time_done:true, completed:false}
(8) Lua method 'update' at file 'engine/event.lua:206'
	Local variables:
	 self = table: 0x14796920  {queue_last_processed:50.633333333332, queues:table: 0x14796948, queue_dt:0.016666666666667 (more...)}
	 dt = number: 0.0165839
	 forced = nil
	 (for generator) = C function: next
	 (for state) = table: 0x14796948  {unlock:table: 0x14796970, other:table: 0x14796de8, tutorial:table: 0x147969c0 (more...)}
	 (for control) = number: nan
	 k = string: "base"
	 v = table: 0x14796998  {1:table: 0x145149c0, 2:table: 0x162051d0}
	 blocked = boolean: false
	 i = number: 2
	 results = table: 0x14188110  {blocking:true, pause_skip:false, time_done:true, completed:false}
(9) Lua upvalue 'gameUpdateRef' at file 'game.lua:2546'
	Local variables:
	 self = table: 0x13e3fa18  {F_GUIDE:false, F_CRASH_REPORTS:false, F_QUIT_BUTTON:true, HUD_tags:table: 0x14ffbe40 (more...)}
	 dt = number: 0.0165839
	 http_resp = nil
(10) Lua method 'update' at Steamodded file 'src/ui.lua:84' 
	Local variables:
	 self = table: 0x13e3fa18  {F_GUIDE:false, F_CRASH_REPORTS:false, F_QUIT_BUTTON:true, HUD_tags:table: 0x14ffbe40 (more...)}
	 dt = number: 0.0165839
(11) Lua field 'update' at file 'main.lua:992'
	Local variables:
	 dt = number: 0.0165839
(12) Lua function '?' at file 'main.lua:931' (best guess)
(13) global C function 'xpcall'
(14) LÖVE function at file 'boot.lua:377' (best guess)
	Local variables:
	 func = Lua function '?' (defined at line 902 of chunk main.lua)
	 inerror = boolean: true
	 deferErrhand = Lua function '(LÖVE Function)' (defined at line 348 of chunk [love "boot.lua"])
	 earlyinit = Lua function '(LÖVE Function)' (defined at line 355 of chunk [love "boot.lua"])

INFO - [G] file not found: main.lua: No such file or directory
INFO - [G] file not found: main.lua: No such file or directory
INFO - [G] 2025-03-23 16:19:22 :: INFO  :: StackTrace :: Additional Context:
Balatro Version: 1.0.1o-FULL
Modded Version: 1.0.0~ALPHA-1409a-STEAMODDED
LÖVE Version: 11.5.0
Lovely Version: 0.7.1
Platform: Windows
Steamodded Mods:
    1: Zero Bullitro by BitBites [ID: 0Bullitro, Version: 1.0, Uses Lovely]
    2: Preorder Cards by asd123cqp [ID: preorder_cards]
    3: Keyboard Shortcuts DorkDad by DorkDad141 [ID: keyboard_dorkdad]
    4: Vintage Pinup Cards by NoScope1080 [ID: VintagePinupCards]
    5: Stickface Deck by Stickface [ID: StickfaceNSFWDeck, Version: 1.0.0]
Lovely Mods:
