INFO - [♥] Lovely 0.7.1
INFO - [♥] Game directory is at "C:\\Program Files (x86)\\Steam\\steamapps\\common\\Balatro"
INFO - [♥] Writing logs to "C:\\Users\\Administrator\\AppData\\Roaming\\Balatro\\Mods\\lovely\\log"
INFO - [♥] Using mod directory at "C:\\Users\\Administrator\\AppData\\Roaming\\Balatro\\Mods"
INFO - [♥] Found .lovelyignore in 'SakashimaJoker', skipping it.
INFO - [♥] Cleaning up dumps directory at "C:\\Users\\Administrator\\AppData\\Roaming\\Balatro\\Mods\\lovely\\dump"
INFO - [♥] Initialization complete in 22ms
INFO - [♥] Applied 12 patches to 'main.lua'
INFO - [♥] Applied 5 patches to 'engine/controller.lua'
INFO - [♥] Applied 13 patches to 'back.lua'
INFO - [♥] Applied 6 patches to 'tag.lua'
INFO - [♥] Applied 1 patch to 'engine/moveable.lua'
INFO - [♥] Applied 2 patches to 'engine/sprite.lua'
INFO - [♥] Applied 2 patches to 'engine/animatedsprite.lua'
INFO - [♥] Applied 44 patches to 'functions/misc_functions.lua'
INFO - [♥] Applied 24 patches to 'game.lua'
INFO - [♥] Applied 1 patch to 'globals.lua'
INFO - [♥] Applied 3 patches to 'engine/ui.lua'
INFO - [♥] Applied 72 patches to 'functions/UI_definitions.lua'
INFO - [♥] Applied 39 patches to 'functions/state_events.lua'
INFO - [♥] Applied 86 patches to 'functions/common_events.lua'
INFO - [♥] Applied 38 patches to 'functions/button_callbacks.lua'
INFO - [♥] Applied 141 patches to 'card.lua'
INFO - [♥] Applied 6 patches to 'cardarea.lua'
INFO - [♥] Applied 30 patches to 'blind.lua'
INFO - [♥] Applied 2 patches to 'engine/text.lua'
INFO - [G] Failed to connect to the debug server
INFO - [G] 2025-02-28 01:23:02 :: DEBUG :: DebugConsole :: Steamodded Debug Socket started !
INFO - [♥] Applied 9 patches to 'engine/sound_manager.lua'
INFO - [♥] Applied 1 patch to 'engine/save_manager.lua'
INFO - [G] 2025-02-28 01:23:04 :: ERROR :: Loader :: Found invalid metadata JSON file at C:\Users\Administrator\AppData\Roaming\Balatro\Mods/.vscode/settings.json, ignoring: [SMODS _ "src/loader.lua"]:226: id
INFO - [G] 2025-02-28 01:23:04 :: ERROR :: Loader :: Found invalid metadata JSON file at C:\Users\Administrator\AppData\Roaming\Balatro\Mods/Aura/.vscode/settings.json, ignoring: [SMODS _ "src/loader.lua"]:226: id
INFO - [G] 2025-02-28 01:23:04 :: TRACE :: Loader :: Processing Mod file (Legacy header): Aura.lua
INFO - [G] 2025-02-28 01:23:04 :: TRACE :: Loader :: Saving Mod Info: Aura
INFO - [G] 2025-02-28 01:23:04 :: TRACE :: Loader :: Processing Mod file (Legacy header): PreorderCards.lua
INFO - [G] 2025-02-28 01:23:04 :: TRACE :: Loader :: Saving Mod Info: preorder_cards
INFO - [G] 2025-02-28 01:23:04 :: TRACE :: Loader :: Processing Mod file (Legacy header): SakashimaJoker.lua
INFO - [G] 2025-02-28 01:23:04 :: TRACE :: Loader :: Saving Mod Info: SakashimaJoker
INFO - [G] 2025-02-28 01:23:04 :: TRACE :: Loader :: Mod SakashimaJoker was unable to load: 
INFO - [G] 2025-02-28 01:23:04 :: INFO  :: TIMER :: [0000] Injected Language in 0.001 ms
INFO - [G] 2025-02-28 01:23:04 :: INFO  :: TIMER :: [0000] Injected [INTERNAL] in 0.935 ms
INFO - [G] 2025-02-28 01:23:05 :: INFO  :: TIMER :: [0032] Injected Atlas in 1253.152 ms
INFO - [G] 2025-02-28 01:23:05 :: INFO  :: TIMER :: [0053] Injected Sound in 4.803 ms
INFO - [G] 2025-02-28 01:23:05 :: INFO  :: TIMER :: [0008] Injected Stake in 0.134 ms
INFO - [G] 2025-02-28 01:23:05 :: INFO  :: TIMER :: [0004] Injected Rarity in 0.014 ms
INFO - [G] 2025-02-28 01:23:05 :: INFO  :: TIMER :: [0004] Injected ObjectType in 0.069 ms
INFO - [G] 2025-02-28 01:23:05 :: INFO  :: TIMER :: [0198] Injected Center in 2.116 ms
INFO - [G] 2025-02-28 01:23:05 :: INFO  :: TIMER :: [0007] Injected Undiscovered Sprite in 0.011 ms
INFO - [G] 2025-02-28 01:23:05 :: INFO  :: TIMER :: [0002] Injected Blind in 0.015 ms
INFO - [G] 2025-02-28 01:23:05 :: INFO  :: TIMER :: [0004] Injected Seal in 0.140 ms
INFO - [G] 2025-02-28 01:23:05 :: INFO  :: TIMER :: [0004] Injected Suit in 0.092 ms
INFO - [G] 2025-02-28 01:23:05 :: INFO  :: TIMER :: [0013] Injected Rank in 0.071 ms
INFO - [G] 2025-02-28 01:23:05 :: INFO  :: TIMER :: [0028] Injected DeckSkin in 0.369 ms
INFO - [G] 2025-02-28 01:23:05 :: INFO  :: TIMER :: [0012] Injected PokerHand in 0.151 ms
INFO - [G] 2025-02-28 01:23:05 :: INFO  :: TIMER :: [0020] Injected Challenge in 0.145 ms
INFO - [G] 2025-02-28 01:23:05 :: INFO  :: TIMER :: [0000] Injected Tag in 0.002 ms
INFO - [G] 2025-02-28 01:23:05 :: INFO  :: TIMER :: [0004] Injected Sticker in 0.105 ms
INFO - [G] 2025-02-28 01:23:05 :: INFO  :: TIMER :: [0000] Injected Shader in 0.002 ms
INFO - [G] 2025-02-28 01:23:05 :: INFO  :: TIMER :: [0001] Injected Keybind in 0.042 ms
INFO - [G] 2025-02-28 01:23:05 :: INFO  :: TIMER :: [0000] Injected Achievement in 0.044 ms
INFO - [G] 2025-02-28 01:23:05 :: INFO  :: TIMER :: [0000] Injected [INTERNAL] in 0.572 ms
INFO - [G] line not found
INFO - [G] file not found: main.lua: No such file or directory
INFO - [G] file not found: main.lua: No such file or directory
INFO - [G] line not found
INFO - [G] line not found
INFO - [G] file not found: main.lua: No such file or directory
INFO - [G] file not found: main.lua: No such file or directory
INFO - [G] 2025-02-28 01:23:13 :: ERROR :: StackTrace :: Oops! The game crashed
[SMODS Aura "Aura.lua"]:38: attempt to call global 'solvePredicate' (a nil value)
Stack Traceback
===============
(1) Lua local 'handler' at file 'main.lua:612'
	Local variables:
	 msg = string: "[SMODS Aura \"Aura.lua\"]:38: attempt to call global 'solvePredicate' (a nil value)"
	 (*temporary) = Lua function '?' (defined at line 31 of chunk [SMODS _ "src/logging.lua"])
	 (*temporary) = string: "Oops! The game crashed\
"
(2) LÖVE global at file 'boot.lua:352'
	Local variables:
	 errhand = Lua function '?' (defined at line 598 of chunk main.lua)
	 handler = Lua function '?' (defined at line 598 of chunk main.lua)
(3) Lua field 'some' at file 'Aura.lua:38' (from mod with id Aura)
	Local variables:
	 tbl = nil
	 pred = Lua function '?' (defined at line 366 of chunk [SMODS Aura "Aura.lua"])
	 (*temporary) = nil
	 (*temporary) = Lua function '?' (defined at line 366 of chunk [SMODS Aura "Aura.lua"])
	 (*temporary) = C function: tostring
	 (*temporary) = string: "Page 4/10"
	 (*temporary) = number: 0
	 (*temporary) = number: 10
	 (*temporary) = number: 0.001
	 (*temporary) = table: 0x1c149ee0  {pixellated_rect:table: 0x1bec7c58, click_offset:table: 0x1c13e818, children:table: 0x1c111378 (more...)}
	 (*temporary) = table: 0x1c149ee0  {pixellated_rect:table: 0x1bec7c58, click_offset:table: 0x1c13e818, children:table: 0x1c111378 (more...)}
	 (*temporary) = string: "attempt to call global 'solvePredicate' (a nil value)"
(4) Lua upvalue 'adv_anim_obj_pos' at file 'Aura.lua:366' (from mod with id Aura)
	Local variables:
	 anim_obj = table: 0x1bb2b1f0  {animation:table: 0x1b995b30, joker:table: 0x1be0bcd8}
	 obj_pos = table: 0x1bd8f408  {y:5, x:0}
	 target = number: -1
	 jkr = table: 0x1be0bcd8  {click_offset:table: 0x1b7f9468, STATIONARY:false, children:table: 0x1be1d118 (more...)}
	 anim = table: 0x1b995b30  {frames:24, frames_per_row:4, individual:true, fps:10, t:0, target:-1, animation:table: 0x1b995bc8 (more...)}
	 loc = number: 21
	 frame_number = number: 22
	 sound_effects_schedule = table: 0x1bbaca80  {14:table: 0x1bbacaa8, 22:table: 0x1bbacad0, 6:table: 0x1bbac898}
	 (for generator) = C function: builtin#6
	 (for state) = table: 0x1bbacad0  {1:pump_4}
	 (for control) = number: 1
	 i = number: 1
	 sound = string: "pump_4"
(5) Lua field 'update_frame' at file 'Aura.lua:398' (from mod with id Aura)
	Local variables:
	 dt = number: 0.0168217
	 k = string: "j_faceless"
	 obj = table: 0x1bd44908  {alerted:true, _saved_d_u:true, original_key:j_faceless, mod:table: 0x1b7f7540 (more...)}
	 jkr = table: 0x1be0bcd8  {click_offset:table: 0x1b7f9468, STATIONARY:false, children:table: 0x1be1d118 (more...)}
	 next_frame = boolean: true
	 next_frame_extra = boolean: false
	 anim = table: 0x1b995b30  {frames:24, frames_per_row:4, individual:true, fps:10, t:0, target:-1, animation:table: 0x1b995bc8 (more...)}
	 obj_pos = table: 0x1bd8f408  {y:5, x:0}
(6) Lua method 'update' at file 'Aura.lua:411' (from mod with id Aura)
	Local variables:
	 self = table: 0x1b8302b8  {F_GUIDE:false, F_CRASH_REPORTS:false, F_QUIT_BUTTON:true, F_ENGLISH_ONLY:false (more...)}
	 dt = number: 0.0168217
	 (for generator) = C function: next
	 (for state) = table: 0x1b7c01d0  {1:table: 0x1be0bcd8}
	 (for control) = number: nan
	 _ = number: 1
	 v = table: 0x1be0bcd8  {click_offset:table: 0x1b7f9468, STATIONARY:false, children:table: 0x1be1d118 (more...)}
(7) Lua field 'update' at file 'main.lua:992'
	Local variables:
	 dt = number: 0.0168217
(8) Lua function '?' at file 'main.lua:931' (best guess)
(9) global C function 'xpcall'
(10) LÖVE function at file 'boot.lua:377' (best guess)
	Local variables:
	 func = Lua function '?' (defined at line 902 of chunk main.lua)
	 inerror = boolean: true
	 deferErrhand = Lua function '(LÖVE Function)' (defined at line 348 of chunk [love "boot.lua"])
	 earlyinit = Lua function '(LÖVE Function)' (defined at line 355 of chunk [love "boot.lua"])

INFO - [G] line not found
INFO - [G] line not found
INFO - [G] file not found: main.lua: No such file or directory
INFO - [G] file not found: main.lua: No such file or directory
INFO - [G] 2025-02-28 01:23:13 :: INFO  :: StackTrace :: Additional Context:
Balatro Version: 1.0.1o-FULL
Modded Version: 1.0.0~ALPHA-1409a-STEAMODDED
LÖVE Version: 11.5.0
Lovely Version: 0.7.1
Platform: Windows
Steamodded Mods:
    1: Aura by MathIsFun_, ChromaPIE, Bard, Grassy311, RattlingSnow353, Solace, RadicaAprils, chloe_cromslor [ID: Aura, Version: 0.023, Uses Lovely]
    2: Preorder Cards by asd123cqp [ID: preorder_cards]
Lovely Mods:
