INFO - [♥] Lovely 0.7.1
INFO - [♥] Game directory is at "C:\\Program Files (x86)\\Steam\\steamapps\\common\\Balatro"
INFO - [♥] Writing logs to "C:\\Users\\Administrator\\AppData\\Roaming\\Balatro\\Mods\\lovely\\log"
INFO - [♥] Using mod directory at "C:\\Users\\Administrator\\AppData\\Roaming\\Balatro\\Mods"
INFO - [♥] Found .lovelyignore in 'SakashimaJoker', skipping it.
INFO - [♥] Cleaning up dumps directory at "C:\\Users\\Administrator\\AppData\\Roaming\\Balatro\\Mods\\lovely\\dump"
INFO - [♥] Initialization complete in 23ms
INFO - [♥] Applied 12 patches to 'main.lua'
INFO - [♥] Applied 5 patches to 'engine/controller.lua'
INFO - [♥] Applied 13 patches to 'back.lua'
INFO - [♥] Applied 6 patches to 'tag.lua'
INFO - [♥] Applied 1 patch to 'engine/moveable.lua'
INFO - [♥] Applied 2 patches to 'engine/sprite.lua'
INFO - [♥] Applied 2 patches to 'engine/animatedsprite.lua'
INFO - [♥] Applied 44 patches to 'functions/misc_functions.lua'
INFO - [♥] Applied 24 patches to 'game.lua'
INFO - [♥] Applied 1 patch to 'globals.lua'
INFO - [♥] Applied 3 patches to 'engine/ui.lua'
INFO - [♥] Applied 72 patches to 'functions/UI_definitions.lua'
INFO - [♥] Applied 39 patches to 'functions/state_events.lua'
INFO - [♥] Applied 86 patches to 'functions/common_events.lua'
INFO - [♥] Applied 38 patches to 'functions/button_callbacks.lua'
INFO - [♥] Applied 141 patches to 'card.lua'
INFO - [♥] Applied 6 patches to 'cardarea.lua'
INFO - [♥] Applied 30 patches to 'blind.lua'
INFO - [♥] Applied 2 patches to 'engine/text.lua'
INFO - [G] Failed to connect to the debug server
INFO - [G] 2025-03-04 16:11:42 :: DEBUG :: DebugConsole :: Steamodded Debug Socket started !
INFO - [♥] Applied 9 patches to 'engine/sound_manager.lua'
INFO - [♥] Applied 1 patch to 'engine/save_manager.lua'
INFO - [G] 2025-03-04 16:11:43 :: ERROR :: Loader :: Found invalid metadata JSON file at C:\Users\Administrator\AppData\Roaming\Balatro\Mods/.vscode/settings.json, ignoring: [SMODS _ "src/loader.lua"]:226: id
INFO - [G] 2025-03-04 16:11:43 :: TRACE :: Loader :: Processing Mod file (Legacy header): 0Bilitro.lua
INFO - [G] 2025-03-04 16:11:43 :: TRACE :: Loader :: Saving Mod Info: 0Bilitro
INFO - [G] 2025-03-04 16:11:43 :: ERROR :: Loader :: Found invalid metadata JSON file at C:\Users\Administrator\AppData\Roaming\Balatro\Mods/Aura/.vscode/settings.json, ignoring: [SMODS _ "src/loader.lua"]:226: id
INFO - [G] 2025-03-04 16:11:43 :: TRACE :: Loader :: Processing Mod file (Legacy header): Aura.lua
INFO - [G] 2025-03-04 16:11:43 :: TRACE :: Loader :: Saving Mod Info: Aura
INFO - [G] 2025-03-04 16:11:43 :: TRACE :: Loader :: Processing Mod file (Legacy header): PreorderCards.lua
INFO - [G] 2025-03-04 16:11:43 :: TRACE :: Loader :: Saving Mod Info: preorder_cards
INFO - [G] 2025-03-04 16:11:43 :: TRACE :: Loader :: Processing Mod file (Legacy header): SakashimaJoker.lua
INFO - [G] 2025-03-04 16:11:43 :: TRACE :: Loader :: Saving Mod Info: SakashimaJoker
INFO - [G] Picture dimensions: 138 x 186
INFO - [G] Number of animation frames: 8
INFO - [G] Comment inside this GIF: Created with Paint.NET
INFO - [G] Picture dimensions: 138 x 186
INFO - [G] Number of animation frames: 9
INFO - [G] Comment inside this GIF: Created with Paint.NET
INFO - [G] 2025-03-04 16:11:43 :: TRACE :: Loader :: Mod SakashimaJoker was unable to load: 
INFO - [G] 2025-03-04 16:11:43 :: INFO  :: TIMER :: [0000] Injected Language in 0.002 ms
INFO - [G] 2025-03-04 16:11:43 :: INFO  :: TIMER :: [0000] Injected [INTERNAL] in 0.887 ms
INFO - [G] mod_tags
INFO - [G] achievements
INFO - [G] aura_j_joker
INFO - [G] aura_j_greedy_joker
INFO - [G] aura_j_lusty_joker
INFO - [G] aura_j_wrathful_joker
INFO - [G] aura_j_gluttenous_joker
INFO - [G] aura_j_dusk
INFO - [G] aura_j_raised_fist
INFO - [G] aura_j_hack
INFO - [G] aura_j_scholar
INFO - [G] aura_j_blackboard
INFO - [G] aura_j_sixth_sense
INFO - [G] aura_j_sixth_sense_extra
INFO - [G] aura_j_constellation
INFO - [G] aura_j_faceless
INFO - [G] aura_j_todo_list
INFO - [G] aura_j_red_card
INFO - [G] aura_j_square
INFO - [G] aura_j_riff_raff
INFO - [G] aura_j_vagabond
INFO - [G] aura_j_photograph
INFO - [G] aura_j_to_the_moon
INFO - [G] aura_j_juggler
INFO - [G] aura_j_flash
INFO - [G] aura_j_trousers
INFO - [G] aura_j_castle
INFO - [G] aura_j_castle_extra
INFO - [G] aura_j_flower_pot
INFO - [G] aura_j_blueprint
INFO - [G] aura_j_wee
INFO - [G] aura_j_brainstorm
INFO - [G] aura_j_astronomer
INFO - [G] aura_c_hearts_body
INFO - [G] aura_c_diamonds_body
INFO - [G] aura_c_clubs_body
INFO - [G] aura_c_spades_body
INFO - [G] aura_goon_icon
INFO - [G] 2025-03-04 16:11:45 :: INFO  :: TIMER :: [0038] Injected Atlas in 1349.906 ms
INFO - [G] 2025-03-04 16:11:45 :: INFO  :: TIMER :: [0053] Injected Sound in 4.552 ms
INFO - [G] 2025-03-04 16:11:45 :: INFO  :: TIMER :: [0008] Injected Stake in 0.127 ms
INFO - [G] 2025-03-04 16:11:45 :: INFO  :: TIMER :: [0004] Injected Rarity in 0.015 ms
INFO - [G] 2025-03-04 16:11:45 :: INFO  :: TIMER :: [0004] Injected ObjectType in 0.053 ms
INFO - [G] 2025-03-04 16:11:45 :: INFO  :: TIMER :: [0198] Injected Center in 2.394 ms
INFO - [G] 2025-03-04 16:11:45 :: INFO  :: TIMER :: [0007] Injected Undiscovered Sprite in 0.011 ms
INFO - [G] 2025-03-04 16:11:45 :: INFO  :: TIMER :: [0002] Injected Blind in 0.018 ms
INFO - [G] 2025-03-04 16:11:45 :: INFO  :: TIMER :: [0004] Injected Seal in 0.131 ms
INFO - [G] 2025-03-04 16:11:45 :: INFO  :: TIMER :: [0004] Injected Suit in 0.189 ms
INFO - [G] 2025-03-04 16:11:45 :: INFO  :: TIMER :: [0013] Injected Rank in 0.153 ms
INFO - [G] 2025-03-04 16:11:45 :: INFO  :: TIMER :: [0032] Injected DeckSkin in 0.200 ms
INFO - [G] 2025-03-04 16:11:45 :: INFO  :: TIMER :: [0012] Injected PokerHand in 0.071 ms
INFO - [G] 2025-03-04 16:11:45 :: INFO  :: TIMER :: [0020] Injected Challenge in 0.063 ms
INFO - [G] 2025-03-04 16:11:45 :: INFO  :: TIMER :: [0000] Injected Tag in 0.002 ms
INFO - [G] 2025-03-04 16:11:45 :: INFO  :: TIMER :: [0004] Injected Sticker in 0.175 ms
INFO - [G] 2025-03-04 16:11:45 :: INFO  :: TIMER :: [0000] Injected Shader in 0.002 ms
INFO - [G] 2025-03-04 16:11:45 :: INFO  :: TIMER :: [0001] Injected Keybind in 0.012 ms
INFO - [G] 2025-03-04 16:11:45 :: INFO  :: TIMER :: [0000] Injected Achievement in 0.040 ms
INFO - [G] 2025-03-04 16:11:45 :: INFO  :: TIMER :: [0000] Injected [INTERNAL] in 0.694 ms
INFO - [G] line not found
INFO - [G] file not found: main.lua: No such file or directory
INFO - [G] file not found: main.lua: No such file or directory
INFO - [G] line not found
INFO - [G] file not found: functions/button_callbacks.lua: No such file or directory
INFO - [G] file not found: main.lua: No such file or directory
INFO - [G] file not found: main.lua: No such file or directory
INFO - [G] 2025-03-04 16:11:53 :: ERROR :: StackTrace :: Oops! The game crashed
engine/sprite.lua:36: attempt to index field 'atlas' (a nil value)
Stack Traceback
===============
(1) Lua local 'handler' at file 'main.lua:612'
	Local variables:
	 msg = string: "engine/sprite.lua:36: attempt to index field 'atlas' (a nil value)"
	 (*temporary) = Lua function '?' (defined at line 31 of chunk [SMODS _ "src/logging.lua"])
	 (*temporary) = string: "Oops! The game crashed\
"
(2) LÖVE metamethod at file 'boot.lua:352'
	Local variables:
	 errhand = Lua function '?' (defined at line 598 of chunk main.lua)
	 handler = Lua function '?' (defined at line 598 of chunk main.lua)
(3) Lua method 'set_sprite_pos' at file 'engine/sprite.lua:36'
	Local variables:
	 self = table: 0x08a11500  {click_offset:table: 0x08ab0728, children:table: 0x07ec9578, parent:table: 0x07888ee8 (more...)}
	 sprite_pos = table: 0x089c44e0  {y:0, x:11}
	 (*temporary) = C function: 0x074d7888
	 (*temporary) = number: 11
	 (*temporary) = nil
	 (*temporary) = table: 0x089c44e0  {y:0, x:11}
	 (*temporary) = number: 12
	 (*temporary) = string: "King"
	 (*temporary) = string: "King"
	 (*temporary) = string: "attempt to index field 'atlas' (a nil value)"
(4) Lua upvalue 'old_set_sprites' at file 'card.lua:157'
	Local variables:
	 self = table: 0x07888ee8  {click_offset:table: 0x07c4deb0, sell_cost:1, children:table: 0x07b6e8f0 (more...)}
	 _center = nil
	 _front = table: 0x076e42c8  {lc_atlas:cards_1, pos:table: 0x089c44e0, value:King, hc_atlas:cards_2, name:King of Hearts (more...)}
	 _atlas = nil
	 _pos = table: 0x089c44e0  {y:0, x:11}
(5) Lua method 'set_sprites' at file 'Aura.lua:295' (from mod with id Aura)
	Local variables:
	 self = table: 0x07888ee8  {click_offset:table: 0x07c4deb0, sell_cost:1, children:table: 0x07b6e8f0 (more...)}
	 c = nil
	 f = table: 0x076e42c8  {lc_atlas:cards_1, pos:table: 0x089c44e0, value:King, hc_atlas:cards_2, name:King of Hearts (more...)}
(6) Lua function '?' at Steamodded file 'src/overrides.lua:1737'  (best guess)
	Local variables:
	 args = table: 0x07866fa8  {to_val:Gooner of Ass, cycle_config:table: 0x07907840, from_key:1, to_key:8 (more...)}
	 deckskin_key = string: "aura_goon_hearts"
	 palette_loc_options = table: 0x078da4c0  {1:Low Contrast Colors}
	 swap_node = table: 0x077e3150  {click_offset:table: 0x08b0aaf0, children:table: 0x07bfb800, parent:table: 0x08a1b420 (more...)}
	 selected_palette = number: 1
	 (for generator) = C function: next
	 (for state) = table: 0x078d0290  {1:table: 0x08963318, 2:table: 0x07888ee8, 3:table: 0x08a45dd8, 4:table: 0x07b947f0 (more...)}
	 (for control) = number: nan
	 k = number: 2
	 v = table: 0x07888ee8  {click_offset:table: 0x07c4deb0, sell_cost:1, children:table: 0x07b6e8f0 (more...)}
(7) Lua function '?' at file 'functions/button_callbacks.lua:579' (best guess)
	Local variables:
	 e = table: 0x08a2b0a8  {pixellated_rect:table: 0x079cf5e0, click_offset:table: 0x08a2e1b8, children:table: 0x07c12800 (more...)}
	 from_val = string: "Default"
	 from_key = number: 1
	 old_pip = table: 0x07a57530  {pixellated_rect:table: 0x07b780a8, click_offset:table: 0x08a95750, children:table: 0x08a3e3d8 (more...)}
	 cycle_main = table: 0x07bedf50  {pixellated_rect:table: 0x0795b3a0, click_offset:table: 0x0773b8b8, children:table: 0x07ac91b8 (more...)}
	 to_val = string: "Gooner of Ass"
	 to_key = number: 8
	 new_pip = table: 0x078ce028  {pixellated_rect:table: 0x07e9b910, click_offset:table: 0x07b317d8, children:table: 0x08a89288 (more...)}
(8) Lua method 'click' at file 'engine/ui.lua:981'
	Local variables:
	 self = table: 0x08a2b0a8  {pixellated_rect:table: 0x079cf5e0, click_offset:table: 0x08a2e1b8, children:table: 0x07c12800 (more...)}
(9) Lua method 'update' at file 'engine/controller.lua:375'
	Local variables:
	 self = table: 0x079deb80  {held_button_times:table: 0x07a56ea0, focus_cursor_stack_level:1, snap_cursor_to:table: 0x08a50778 (more...)}
	 dt = number: 0.0168838
(10) Lua upvalue 'gameUpdateRef' at file 'game.lua:2675'
	Local variables:
	 self = table: 0x07615390  {F_GUIDE:false, F_CRASH_REPORTS:false, F_QUIT_BUTTON:true, F_ENGLISH_ONLY:false (more...)}
	 dt = number: 0
(11) Lua upvalue 'old_update' at Steamodded file 'src/ui.lua:84' 
	Local variables:
	 self = table: 0x07615390  {F_GUIDE:false, F_CRASH_REPORTS:false, F_QUIT_BUTTON:true, F_ENGLISH_ONLY:false (more...)}
	 dt = number: 0.0168838
(12) Lua method 'update' at file 'Aura.lua:202' (from mod with id Aura)
	Local variables:
	 self = table: 0x07615390  {F_GUIDE:false, F_CRASH_REPORTS:false, F_QUIT_BUTTON:true, F_ENGLISH_ONLY:false (more...)}
	 dt = number: 0.0168838
(13) Lua field 'update' at file 'main.lua:992'
	Local variables:
	 dt = number: 0.0168838
(14) Lua function '?' at file 'main.lua:931' (best guess)
(15) global C function 'xpcall'
(16) LÖVE function at file 'boot.lua:377' (best guess)
	Local variables:
	 func = Lua function '?' (defined at line 902 of chunk main.lua)
	 inerror = boolean: true
	 deferErrhand = Lua function '(LÖVE Function)' (defined at line 348 of chunk [love "boot.lua"])
	 earlyinit = Lua function '(LÖVE Function)' (defined at line 355 of chunk [love "boot.lua"])

INFO - [G] line not found
INFO - [G] file not found: functions/button_callbacks.lua: No such file or directory
INFO - [G] file not found: main.lua: No such file or directory
INFO - [G] file not found: main.lua: No such file or directory
INFO - [G] 2025-03-04 16:11:53 :: INFO  :: StackTrace :: Additional Context:
Balatro Version: 1.0.1o-FULL
Modded Version: 1.0.0~ALPHA-1409a-STEAMODDED
LÖVE Version: 11.5.0
Lovely Version: 0.7.1
Platform: Windows
Steamodded Mods:
    1: Aura by MathIsFun_, ChromaPIE, Bard, Grassy311, RattlingSnow353, Solace, RadicaAprils, chloe_cromslor [ID: Aura, Version: 0.023, Uses Lovely]
    2: Preorder Cards by asd123cqp [ID: preorder_cards]
    3: 0Bilitro by BitBites [ID: 0Bilitro]
Lovely Mods:
