INFO - [♥] Lovely 0.7.1
INFO - [♥] Game directory is at "C:\\Program Files (x86)\\Steam\\steamapps\\common\\Balatro"
INFO - [♥] Writing logs to "C:\\Users\\Administrator\\AppData\\Roaming\\Balatro\\Mods\\lovely\\log"
INFO - [♥] Using mod directory at "C:\\Users\\Administrator\\AppData\\Roaming\\Balatro\\Mods"
INFO - [♥] Found .lovelyignore in 'SakashimaJoker', skipping it.
INFO - [♥] Cleaning up dumps directory at "C:\\Users\\Administrator\\AppData\\Roaming\\Balatro\\Mods\\lovely\\dump"
INFO - [♥] Initialization complete in 23ms
INFO - [♥] Applied 12 patches to 'main.lua'
INFO - [♥] Applied 5 patches to 'engine/controller.lua'
INFO - [♥] Applied 13 patches to 'back.lua'
INFO - [♥] Applied 6 patches to 'tag.lua'
INFO - [♥] Applied 1 patch to 'engine/moveable.lua'
INFO - [♥] Applied 2 patches to 'engine/sprite.lua'
INFO - [♥] Applied 2 patches to 'engine/animatedsprite.lua'
INFO - [♥] Applied 44 patches to 'functions/misc_functions.lua'
INFO - [♥] Applied 24 patches to 'game.lua'
INFO - [♥] Applied 1 patch to 'globals.lua'
INFO - [♥] Applied 3 patches to 'engine/ui.lua'
INFO - [♥] Applied 72 patches to 'functions/UI_definitions.lua'
INFO - [♥] Applied 39 patches to 'functions/state_events.lua'
INFO - [♥] Applied 86 patches to 'functions/common_events.lua'
INFO - [♥] Applied 38 patches to 'functions/button_callbacks.lua'
INFO - [♥] Applied 141 patches to 'card.lua'
INFO - [♥] Applied 6 patches to 'cardarea.lua'
INFO - [♥] Applied 30 patches to 'blind.lua'
INFO - [♥] Applied 2 patches to 'engine/text.lua'
INFO - [G] Failed to connect to the debug server
INFO - [G] 2025-03-01 02:08:32 :: DEBUG :: DebugConsole :: Steamodded Debug Socket started !
INFO - [♥] Applied 9 patches to 'engine/sound_manager.lua'
INFO - [♥] Applied 1 patch to 'engine/save_manager.lua'
INFO - [G] 2025-03-01 02:08:33 :: ERROR :: Loader :: Found invalid metadata JSON file at C:\Users\Administrator\AppData\Roaming\Balatro\Mods/.vscode/settings.json, ignoring: [SMODS _ "src/loader.lua"]:226: id
INFO - [G] 2025-03-01 02:08:33 :: ERROR :: Loader :: Found invalid metadata JSON file at C:\Users\Administrator\AppData\Roaming\Balatro\Mods/Aura/.vscode/settings.json, ignoring: [SMODS _ "src/loader.lua"]:226: id
INFO - [G] 2025-03-01 02:08:33 :: TRACE :: Loader :: Processing Mod file (Legacy header): Aura.lua
INFO - [G] 2025-03-01 02:08:33 :: TRACE :: Loader :: Saving Mod Info: Aura
INFO - [G] 2025-03-01 02:08:33 :: TRACE :: Loader :: Processing Mod file (Legacy header): PreorderCards.lua
INFO - [G] 2025-03-01 02:08:33 :: TRACE :: Loader :: Saving Mod Info: preorder_cards
INFO - [G] 2025-03-01 02:08:33 :: TRACE :: Loader :: Processing Mod file (Legacy header): SakashimaJoker.lua
INFO - [G] 2025-03-01 02:08:33 :: TRACE :: Loader :: Saving Mod Info: SakashimaJoker
INFO - [G] 2025-03-01 02:08:33 :: TRACE :: Loader :: Mod SakashimaJoker was unable to load: 
INFO - [G] 2025-03-01 02:08:33 :: INFO  :: TIMER :: [0000] Injected Language in 0.001 ms
INFO - [G] 2025-03-01 02:08:33 :: INFO  :: TIMER :: [0000] Injected [INTERNAL] in 0.935 ms
INFO - [G] 2025-03-01 02:08:35 :: INFO  :: TIMER :: [0032] Injected Atlas in 1354.713 ms
INFO - [G] 2025-03-01 02:08:35 :: INFO  :: TIMER :: [0053] Injected Sound in 4.516 ms
INFO - [G] 2025-03-01 02:08:35 :: INFO  :: TIMER :: [0008] Injected Stake in 0.118 ms
INFO - [G] 2025-03-01 02:08:35 :: INFO  :: TIMER :: [0004] Injected Rarity in 0.014 ms
INFO - [G] 2025-03-01 02:08:35 :: INFO  :: TIMER :: [0004] Injected ObjectType in 0.036 ms
INFO - [G] 2025-03-01 02:08:35 :: INFO  :: TIMER :: [0198] Injected Center in 2.047 ms
INFO - [G] 2025-03-01 02:08:35 :: INFO  :: TIMER :: [0007] Injected Undiscovered Sprite in 0.011 ms
INFO - [G] 2025-03-01 02:08:35 :: INFO  :: TIMER :: [0002] Injected Blind in 0.015 ms
INFO - [G] 2025-03-01 02:08:35 :: INFO  :: TIMER :: [0004] Injected Seal in 0.118 ms
INFO - [G] 2025-03-01 02:08:35 :: INFO  :: TIMER :: [0004] Injected Suit in 0.121 ms
INFO - [G] 2025-03-01 02:08:35 :: INFO  :: TIMER :: [0013] Injected Rank in 0.160 ms
INFO - [G] 2025-03-01 02:08:35 :: INFO  :: TIMER :: [0028] Injected DeckSkin in 0.315 ms
INFO - [G] 2025-03-01 02:08:35 :: INFO  :: TIMER :: [0012] Injected PokerHand in 0.040 ms
INFO - [G] 2025-03-01 02:08:35 :: INFO  :: TIMER :: [0020] Injected Challenge in 0.023 ms
INFO - [G] 2025-03-01 02:08:35 :: INFO  :: TIMER :: [0000] Injected Tag in 0.002 ms
INFO - [G] 2025-03-01 02:08:35 :: INFO  :: TIMER :: [0004] Injected Sticker in 0.067 ms
INFO - [G] 2025-03-01 02:08:35 :: INFO  :: TIMER :: [0000] Injected Shader in 0.002 ms
INFO - [G] 2025-03-01 02:08:35 :: INFO  :: TIMER :: [0001] Injected Keybind in 0.012 ms
INFO - [G] 2025-03-01 02:08:35 :: INFO  :: TIMER :: [0000] Injected Achievement in 0.048 ms
INFO - [G] 2025-03-01 02:08:35 :: INFO  :: TIMER :: [0000] Injected [INTERNAL] in 0.492 ms
INFO - [G] ERROR LOADING GAME: Card area 'shop_booster' not instantiated before load
INFO - [G] ERROR LOADING GAME: Card area 'shop_jokers' not instantiated before load
INFO - [G] ERROR LOADING GAME: Card area 'shop_vouchers' not instantiated before load
INFO - [G] 11
INFO - [G] 12
INFO - [G] 13
INFO - [G] 14
INFO - [G] 15
INFO - [G] 16
INFO - [G] 17
INFO - [G] 18
INFO - [G] 19
INFO - [G] 20
INFO - [G] 21
INFO - [G] 22
INFO - [G] 23
INFO - [G] 24
INFO - [G] 25
INFO - [G] 26
INFO - [G] 27
INFO - [G] 28
INFO - [G] 29
INFO - [G] 30
INFO - [G] 31
INFO - [G] 32
INFO - [G] 33
INFO - [G] 34
INFO - [G] 35
INFO - [G] 36
INFO - [G] 37
INFO - [G] 38
INFO - [G] 39
INFO - [G] 40
INFO - [G] 41
INFO - [G] 42
INFO - [G] 43
INFO - [G] 44
INFO - [G] 45
INFO - [G] 46
INFO - [G] 47
INFO - [G] 48
INFO - [G] 49
INFO - [G] 50
INFO - [G] 51
INFO - [G] 52
INFO - [G] 53
INFO - [G] 54
INFO - [G] 55
INFO - [G] 56
INFO - [G] 57
INFO - [G] 58
INFO - [G] 59
INFO - [G] 60
INFO - [G] 61
INFO - [G] 62
INFO - [G] 63
INFO - [G] 64
INFO - [G] 65
INFO - [G] 66
INFO - [G] 67
INFO - [G] 68
INFO - [G] 69
INFO - [G] 70
INFO - [G] 71
INFO - [G] 72
INFO - [G] 73
INFO - [G] 74
INFO - [G] 75
INFO - [G] 76
INFO - [G] 77
INFO - [G] 78
INFO - [G] 79
INFO - [G] 80
INFO - [G] 81
INFO - [G] 82
INFO - [G] 83
INFO - [G] 84
INFO - [G] 85
INFO - [G] 86
INFO - [G] 87
INFO - [G] 88
INFO - [G] 89
INFO - [G] 90
INFO - [G] 91
INFO - [G] 92
INFO - [G] 93
INFO - [G] 94
INFO - [G] 95
INFO - [G] 96
INFO - [G] 97
INFO - [G] 98
INFO - [G] 99
INFO - [G] 100
INFO - [G] 101
INFO - [G] 102
INFO - [G] 103
INFO - [G] 104
INFO - [G] 105
INFO - [G] 106
INFO - [G] 107
INFO - [G] 108
INFO - [G] 109
INFO - [G] 110
INFO - [G] 111
INFO - [G] 112
INFO - [G] 113
INFO - [G] 114
INFO - [G] 115
INFO - [G] 116
INFO - [G] 117
INFO - [G] 118
INFO - [G] 119
INFO - [G] 120
