INFO - [♥] Lovely 0.7.1
INFO - [♥] Game directory is at "C:\\Program Files (x86)\\Steam\\steamapps\\common\\Balatro"
INFO - [♥] Writing logs to "C:\\Users\\Administrator\\AppData\\Roaming\\Balatro\\Mods\\lovely\\log"
INFO - [♥] Using mod directory at "C:\\Users\\Administrator\\AppData\\Roaming\\Balatro\\Mods"
INFO - [♥] Found .lovelyignore in 'Aura', skipping it.
INFO - [♥] Found .lovelyignore in 'Balustro', skipping it.
INFO - [♥] Found .lovelyignore in 'HentaiCards', skipping it.
INFO - [♥] Found .lovelyignore in 'SakashimaJoker', skipping it.
INFO - [♥] Cleaning up dumps directory at "C:\\Users\\Administrator\\AppData\\Roaming\\Balatro\\Mods\\lovely\\dump"
INFO - [♥] Initialization complete in 234ms
WARN - [♥] Pattern 'ϖ' on target 'conf.lua' for pattern patch from 0Bullitro\lovely\numbers.toml resulted in no matches
INFO - [♥] Applied 0 patches to 'conf.lua'
INFO - [♥] Applied 13 patches to 'main.lua'
WARN - [♥] Pattern 'ϖ' on target 'engine/object.lua' for pattern patch from 0Bullitro\lovely\numbers.toml resulted in no matches
INFO - [♥] Applied 4 patches to 'engine/object.lua'
WARN - [♥] Pattern 'ϖ' on target 'engine/string_packer.lua' for pattern patch from 0Bullitro\lovely\numbers.toml resulted in no matches
INFO - [♥] Applied 0 patches to 'engine/string_packer.lua'
INFO - [♥] Applied 7 patches to 'engine/controller.lua'
INFO - [♥] Applied 14 patches to 'back.lua'
INFO - [♥] Applied 7 patches to 'tag.lua'
WARN - [♥] Pattern 'ϖ' on target 'engine/event.lua' for pattern patch from 0Bullitro\lovely\numbers.toml resulted in no matches
WARN - [♥] Pattern '--Class' on target 'engine/event.lua' for pattern patch from 0Bullitro\lovely\numbers.toml resulted in 2 matches, wanted 1
WARN - [♥] Ignoring excess matches
WARN - [♥] Pattern '--Class Methods' on target 'engine/event.lua' for pattern patch from 0Bullitro\lovely\numbers.toml resulted in 2 matches, wanted 1
WARN - [♥] Ignoring excess matches
INFO - [♥] Applied 3 patches to 'engine/event.lua'
WARN - [♥] Pattern 'ϖ' on target 'engine/node.lua' for pattern patch from 0Bullitro\lovely\numbers.toml resulted in no matches
INFO - [♥] Applied 2 patches to 'engine/node.lua'
INFO - [♥] Applied 5 patches to 'engine/moveable.lua'
INFO - [♥] Applied 2 patches to 'engine/sprite.lua'
INFO - [♥] Applied 2 patches to 'engine/animatedsprite.lua'
INFO - [♥] Applied 42 patches to 'functions/misc_functions.lua'
INFO - [♥] Applied 27 patches to 'game.lua'
INFO - [♥] Applied 1 patch to 'globals.lua'
WARN - [♥] Pattern '--Class' on target 'engine/ui.lua' for pattern patch from 0Bullitro\lovely\numbers.toml resulted in 2 matches, wanted 1
WARN - [♥] Ignoring excess matches
INFO - [♥] Applied 8 patches to 'engine/ui.lua'
INFO - [♥] Applied 73 patches to 'functions/UI_definitions.lua'
INFO - [♥] Applied 40 patches to 'functions/state_events.lua'
INFO - [♥] Applied 87 patches to 'functions/common_events.lua'
INFO - [♥] Applied 39 patches to 'functions/button_callbacks.lua'
WARN - [♥] Pattern 'ϖ' on target 'functions/test_functions.lua' for pattern patch from 0Bullitro\lovely\numbers.toml resulted in no matches
INFO - [♥] Applied 0 patches to 'functions/test_functions.lua'
INFO - [♥] Applied 147 patches to 'card.lua'
INFO - [♥] Applied 7 patches to 'cardarea.lua'
INFO - [♥] Applied 31 patches to 'blind.lua'
WARN - [♥] Pattern 'ϖ' on target 'card_character.lua' for pattern patch from 0Bullitro\lovely\numbers.toml resulted in no matches
INFO - [♥] Applied 0 patches to 'card_character.lua'
WARN - [♥] Pattern 'ϖ' on target 'engine/particles.lua' for pattern patch from 0Bullitro\lovely\numbers.toml resulted in no matches
INFO - [♥] Applied 0 patches to 'engine/particles.lua'
INFO - [♥] Applied 3 patches to 'engine/text.lua'
WARN - [♥] Pattern 'ϖ' on target 'challenges.lua' for pattern patch from 0Bullitro\lovely\numbers.toml resulted in no matches
WARN - [♥] Pattern 'ϖ' on target 'challenges.lua' for pattern patch from 0Bullitro\lovely\numbers.toml resulted in no matches
INFO - [♥] Applied 0 patches to 'challenges.lua'
INFO - [G] Failed to connect to the debug server
INFO - [G] 2025-03-21 14:31:15 :: DEBUG :: DebugConsole :: Steamodded Debug Socket started !
INFO - [♥] Applied 10 patches to 'engine/sound_manager.lua'
INFO - [♥] Applied 1 patch to 'engine/save_manager.lua'
WARN - [♥] Pattern 'ϖ' on target 'engine/object.lua' for pattern patch from 0Bullitro\lovely\numbers.toml resulted in no matches
INFO - [♥] Applied 4 patches to 'engine/object.lua'
WARN - [♥] Pattern 'ϖ' on target 'engine/string_packer.lua' for pattern patch from 0Bullitro\lovely\numbers.toml resulted in no matches
INFO - [♥] Applied 0 patches to 'engine/string_packer.lua'
INFO - [G] 2025-03-21 14:31:26 :: ERROR :: Loader :: Found invalid metadata JSON file at C:\Users\Administrator\AppData\Roaming\Balatro\Mods/.vscode/settings.json, ignoring: [SMODS _ "src/loader.lua"]:226: id
INFO - [G] 2025-03-21 14:31:26 :: INFO  :: DefaultLogger :: Valid JSON file found
INFO - [G] 2025-03-21 14:31:26 :: ERROR :: Loader :: Found invalid metadata JSON file at C:\Users\Administrator\AppData\Roaming\Balatro\Mods/Aura/.vscode/settings.json, ignoring: [SMODS _ "src/loader.lua"]:226: id
INFO - [G] 2025-03-21 14:31:26 :: TRACE :: Loader :: Processing Mod file (Legacy header): Aura.lua
INFO - [G] 2025-03-21 14:31:26 :: TRACE :: Loader :: Saving Mod Info: Aura
INFO - [G] 2025-03-21 14:31:26 :: TRACE :: Loader :: Processing Mod file (Legacy header): PreorderCards.lua
INFO - [G] 2025-03-21 14:31:26 :: TRACE :: Loader :: Saving Mod Info: preorder_cards
INFO - [G] 2025-03-21 14:31:27 :: INFO  :: DefaultLogger :: Valid JSON file found
INFO - [G] 2025-03-21 14:31:27 :: INFO  :: DefaultLogger :: Valid JSON file found
INFO - [G] 2025-03-21 14:31:27 :: TRACE :: Loader :: Processing Mod file (Legacy header): HentaiCards.lua
INFO - [G] 2025-03-21 14:31:27 :: WARN  :: Loader :: Duplicate Mod ID: HentaiCards
INFO - [G] 2025-03-21 14:31:28 :: TRACE :: Loader :: Processing Mod file (Legacy header): SakashimaJoker.lua
INFO - [G] 2025-03-21 14:31:28 :: TRACE :: Loader :: Saving Mod Info: SakashimaJoker
INFO - [G] 2025-03-21 14:31:28 :: INFO  :: DefaultLogger :: Valid JSON file found
INFO - [G] 2025-03-21 14:31:28 :: TRACE :: Loader :: Processing Mod file (Legacy header): VintagePinupCards.lua
INFO - [G] 2025-03-21 14:31:28 :: TRACE :: Loader :: Saving Mod Info: VintagePinupCards
INFO - [G] 2025-03-21 14:31:28 :: TRACE :: Loader :: Processing Mod file (Legacy header): keyboard_dorkdad.lua
INFO - [G] 2025-03-21 14:31:28 :: TRACE :: Loader :: Saving Mod Info: keyboard_dorkdad
INFO - [G] 2025-03-21 14:31:28 :: TRACE :: Loader :: Mod Balustro was unable to load: 
INFO - [G] 2025-03-21 14:31:29 :: TRACE :: Loader :: Mod Aura was unable to load: 
INFO - [G] 2025-03-21 14:31:29 :: TRACE :: Loader :: Mod HentaiCards was unable to load: 
INFO - [G] 2025-03-21 14:31:29 :: TRACE :: Loader :: Mod SakashimaJoker was unable to load: 
INFO - [G] 2025-03-21 14:31:29 :: INFO  :: TIMER :: [0000] Injected Language in 0.001 ms
INFO - [G] 2025-03-21 14:31:29 :: INFO  :: TIMER :: [0000] Injected [INTERNAL] in 113.651 ms
INFO - [G] mod_tags
INFO - [G] achievements
INFO - [G] bull_wide_card
INFO - [G] bull_carper_card
INFO - [G] bull_Jokers-bean
INFO - [G] bull_Jokers-ice cream
INFO - [G] bull_Jokers-popcorn
INFO - [G] bull_Jokers-ramen
INFO - [G] bull_Jokers-green guy
INFO - [G] StickfaceNSFW_8BitDeck_opt2
INFO - [G] StickfaceNSFW_8BitDeck
INFO - [G] StickfaceNSFW_icon_lc
INFO - [G] StickfaceNSFW_icon_hc
INFO - [G] vintage_pinup_cards
INFO - [G] 2025-03-21 14:31:30 :: INFO  :: TIMER :: [0014] Injected Atlas in 1539.288 ms
INFO - [G] 2025-03-21 14:31:30 :: INFO  :: TIMER :: [0001] Injected Sound in 77.558 ms
INFO - [G] 2025-03-21 14:31:30 :: INFO  :: TIMER :: [0008] Injected Stake in 0.216 ms
INFO - [G] 2025-03-21 14:31:30 :: INFO  :: TIMER :: [0004] Injected Rarity in 0.014 ms
INFO - [G] 2025-03-21 14:31:30 :: INFO  :: TIMER :: [0004] Injected ObjectType in 0.035 ms
INFO - [G] 2025-03-21 14:31:30 :: INFO  :: TIMER :: [0056] Injected Center in 0.573 ms
INFO - [G] 2025-03-21 14:31:30 :: INFO  :: TIMER :: [0007] Injected Undiscovered Sprite in 0.012 ms
INFO - [G] 2025-03-21 14:31:30 :: INFO  :: TIMER :: [0002] Injected Blind in 0.013 ms
INFO - [G] 2025-03-21 14:31:30 :: INFO  :: TIMER :: [0004] Injected Seal in 0.143 ms
INFO - [G] 2025-03-21 14:31:30 :: INFO  :: TIMER :: [0004] Injected Suit in 0.170 ms
INFO - [G] 2025-03-21 14:31:30 :: INFO  :: TIMER :: [0013] Injected Rank in 0.151 ms
INFO - [G] 2025-03-21 14:31:30 :: INFO  :: TIMER :: [0036] Injected DeckSkin in 0.238 ms
INFO - [G] 2025-03-21 14:31:30 :: INFO  :: TIMER :: [0012] Injected PokerHand in 0.050 ms
INFO - [G] 2025-03-21 14:31:30 :: INFO  :: TIMER :: [0020] Injected Challenge in 0.031 ms
INFO - [G] 2025-03-21 14:31:30 :: INFO  :: TIMER :: [0000] Injected Tag in 0.002 ms
INFO - [G] 2025-03-21 14:31:30 :: INFO  :: TIMER :: [0004] Injected Sticker in 0.095 ms
INFO - [G] 2025-03-21 14:31:30 :: INFO  :: TIMER :: [0000] Injected Shader in 0.003 ms
INFO - [G] 2025-03-21 14:31:30 :: INFO  :: TIMER :: [0001] Injected Keybind in 0.186 ms
INFO - [G] 2025-03-21 14:31:30 :: INFO  :: TIMER :: [0000] Injected Achievement in 0.053 ms
INFO - [G] 2025-03-21 14:31:31 :: INFO  :: TIMER :: [0000] Injected [INTERNAL] in 1.015 ms
INFO - [G] LONG DT @ 5423: 0.051546661384599
INFO - [G] LONG DT @ 5802: 0.051047515904996
INFO - [G] LONG DT @ 5915: 0.05290004563991
INFO - [G] LONG DT @ 5927: 0.05379375527243
INFO - [G] LONG DT @ 5931: 0.05141311939779
INFO - [G] LONG DT @ 5934: 0.057436557041163
INFO - [G] LONG DT @ 5938: 0.056621602699962
INFO - [G] LONG DT @ 5945: 0.050059599119549
INFO - [G] LONG DT @ 5951: 0.055013307924826
INFO - [G] LONG DT @ 5954: 0.050301232350479
INFO - [G] LONG DT @ 5961: 0.056892031015364
INFO - [G] LONG DT @ 5964: 0.058883002346496
INFO - [G] LONG DT @ 5964: 0.050312861877198
INFO - [G] LONG DT @ 5968: 0.057319689330085
INFO - [G] LONG DT @ 5972: 0.059048139476759
INFO - [G] LONG DT @ 5972: 0.07092749158145
INFO - [G] LONG DT @ 5972: 0.059167453265064
INFO - [G] LONG DT @ 5975: 0.063336158734779
INFO - [G] LONG DT @ 5975: 0.053095566987981
INFO - [G] LONG DT @ 5979: 0.068417083179685
INFO - [G] LONG DT @ 5979: 0.058361906543783
INFO - [G] LONG DT @ 5983: 0.062771086202022
INFO - [G] LONG DT @ 5983: 0.052214748961708
INFO - [G] LONG DT @ 5987: 0.060837338937102
INFO - [G] LONG DT @ 5987: 0.050635911149616
INFO - [G] LONG DT @ 5991: 0.053343007373977
INFO - [G] LONG DT @ 5998: 0.055555457344826
INFO - [G] LONG DT @ 6002: 0.056789153614166
INFO - [G] LONG DT @ 6010: 0.051250041035213
INFO - [G] LONG DT @ 6013: 0.05405784332598
INFO - [G] LONG DT @ 6020: 0.051315288002055
INFO - [G] LONG DT @ 6024: 0.053743517393203
INFO - [G] LONG DT @ 6028: 0.054734253192717
INFO - [G] LONG DT @ 6031: 0.050896031552214
INFO - [G] LONG DT @ 6035: 0.054616560886627
INFO - [G] LONG DT @ 6039: 0.058760596726944
INFO - [G] LONG DT @ 6043: 0.050177677758972
INFO - [G] LONG DT @ 6046: 0.051057117685945
INFO - [G] LONG DT @ 6050: 0.057726456406622
INFO - [G] LONG DT @ 6054: 0.065921170251268
INFO - [G] LONG DT @ 6054: 0.056059376201025
INFO - [G] LONG DT @ 6058: 0.066668185917873
INFO - [G] LONG DT @ 6058: 0.055198188734309
INFO - [G] LONG DT @ 6062: 0.067663115434844
INFO - [G] LONG DT @ 6062: 0.057513652347851
INFO - [G] LONG DT @ 6066: 0.066686141796736
INFO - [G] LONG DT @ 6066: 0.055338613437402
INFO - [G] LONG DT @ 6070: 0.062790995027048
INFO - [G] LONG DT @ 6070: 0.052253656021541
INFO - [G] LONG DT @ 6074: 0.066572126289002
INFO - [G] LONG DT @ 6074: 0.055349141031206
INFO - [G] LONG DT @ 6077: 0.068674254447514
INFO - [G] LONG DT @ 6077: 0.057242783558024
INFO - [G] LONG DT @ 6081: 0.067077569516211
INFO - [G] LONG DT @ 6082: 0.057074935612965
INFO - [G] LONG DT @ 6085: 0.07048163775364
INFO - [G] LONG DT @ 6085: 0.058323530202923
INFO - [G] LONG DT @ 6090: 0.060883927989739
INFO - [G] LONG DT @ 6090: 0.050568522391874
INFO - [G] LONG DT @ 6093: 0.056422284699431
INFO - [G] LONG DT @ 6097: 0.064232221462188
INFO - [G] LONG DT @ 6097: 0.053228377169805
INFO - [G] LONG DT @ 6101: 0.058425099451493
INFO - [G] LONG DT @ 6105: 0.060502842223606
INFO - [G] LONG DT @ 6105: 0.050080553779008
INFO - [G] LONG DT @ 6109: 0.055060778986976
INFO - [G] LONG DT @ 6113: 0.055403589502395
INFO - [G] LONG DT @ 6117: 0.064164388204847
INFO - [G] LONG DT @ 6117: 0.053233670563977
INFO - [G] LONG DT @ 6121: 0.059043133004289
INFO - [G] LONG DT @ 6125: 0.059010432273855
INFO - [G] LONG DT @ 6129: 0.058141256927141
INFO - [G] LONG DT @ 6133: 0.060207916639844
INFO - [G] LONG DT @ 6133: 0.050295853311892
INFO - [G] LONG DT @ 6137: 0.055725922732602
INFO - [G] LONG DT @ 6141: 0.059796292496773
INFO - [G] LONG DT @ 6141: 0.050085433997517
INFO - [G] LONG DT @ 6145: 0.0579788925166
INFO - [G] LONG DT @ 6145: 0.050668994013232
INFO - [G] LONG DT @ 6149: 0.063208921853112
INFO - [G] LONG DT @ 6149: 0.052322957482415
INFO - [G] LONG DT @ 6153: 0.065343752605874
INFO - [G] LONG DT @ 6153: 0.055621862084755
INFO - [G] LONG DT @ 6157: 0.063896364943354
INFO - [G] LONG DT @ 6157: 0.053550931954732
INFO - [G] LONG DT @ 6161: 0.056566685707226
INFO - [G] LONG DT @ 6165: 0.058055160164196
INFO - [G] LONG DT @ 6169: 0.056066481123818
INFO - [G] LONG DT @ 6173: 0.060938346007881
INFO - [G] LONG DT @ 6173: 0.050640156806259
INFO - [G] LONG DT @ 6177: 0.059363420004449
INFO - [G] LONG DT @ 6177: 0.051042416003614
INFO - [G] LONG DT @ 6181: 0.060072826476148
INFO - [G] LONG DT @ 6185: 0.064939097812731
INFO - [G] LONG DT @ 6185: 0.054714298250205
INFO - [G] LONG DT @ 6189: 0.059883438971604
INFO - [G] LONG DT @ 6192: 0.056673537151825
INFO - [G] LONG DT @ 6197: 0.059704374934008
INFO - [G] LONG DT @ 6201: 0.078177081719196
INFO - [G] LONG DT @ 6201: 0.065752545375363
INFO - [G] LONG DT @ 6201: 0.054609536300144
INFO - [G] LONG DT @ 6205: 0.056468927938648
INFO - [G] LONG DT @ 6209: 0.052797169076388
INFO - [G] LONG DT @ 6213: 0.055848010157234
INFO - [G] LONG DT @ 6216: 0.058206096802386
INFO - [G] LONG DT @ 6220: 0.052321957623021
INFO - [G] LONG DT @ 6224: 0.053447726975912
INFO - [G] LONG DT @ 6228: 0.057548723613432
INFO - [G] LONG DT @ 6231: 0.052420461141907
INFO - [G] LONG DT @ 6235: 0.053770394437145
INFO - [G] LONG DT @ 6239: 0.059735514638129
INFO - [G] LONG DT @ 6243: 0.055782197440489
INFO - [G] LONG DT @ 6247: 0.056777789455803
INFO - [G] LONG DT @ 6250: 0.057956509447134
INFO - [G] LONG DT @ 6254: 0.060119266813866
INFO - [G] LONG DT @ 6258: 0.053076924414225
INFO - [G] LONG DT @ 6262: 0.050242367431739
INFO - [G] LONG DT @ 6266: 0.059448110086361
INFO - [G] LONG DT @ 6266: 0.050512928068937
INFO - [G] LONG DT @ 6270: 0.053257296679524
INFO - [G] LONG DT @ 6273: 0.055893712946399
INFO - [G] LONG DT @ 6277: 0.056127680096917
INFO - [G] LONG DT @ 6281: 0.066311815646949
INFO - [G] LONG DT @ 6281: 0.054999172517643
INFO - [G] LONG DT @ 6285: 0.0646246552093
INFO - [G] LONG DT @ 6285: 0.053694324167475
INFO - [G] LONG DT @ 6289: 0.067050920499614
INFO - [G] LONG DT @ 6289: 0.055765436399567
INFO - [G] LONG DT @ 6292: 0.071628321508717
INFO - [G] LONG DT @ 6292: 0.061878777207066
INFO - [G] LONG DT @ 6292: 0.05412418176564
INFO - [G] LONG DT @ 6296: 0.063536091279314
INFO - [G] LONG DT @ 6296: 0.052879853023328
INFO - [G] LONG DT @ 6300: 0.070983676592799
INFO - [G] LONG DT @ 6300: 0.059141561274245
INFO - [G] LONG DT @ 6304: 0.068905105039984
INFO - [G] LONG DT @ 6304: 0.058974144031955
INFO - [G] LONG DT @ 6308: 0.067918017295088
INFO - [G] LONG DT @ 6308: 0.056629613836006
INFO - [G] LONG DT @ 6311: 0.068944934938548
INFO - [G] LONG DT @ 6312: 0.057038807950952
INFO - [G] LONG DT @ 6315: 0.064631905683853
INFO - [G] LONG DT @ 6315: 0.053689424547132
INFO - [G] LONG DT @ 6319: 0.070049773679247
INFO - [G] LONG DT @ 6319: 0.058161018943363
INFO - [G] LONG DT @ 6323: 0.069709803490519
INFO - [G] LONG DT @ 6323: 0.058063862792409
INFO - [G] LONG DT @ 6323: 0.050543810233899
INFO - [G] LONG DT @ 6327: 0.08401268385896
INFO - [G] LONG DT @ 6327: 0.069421087087063
INFO - [G] LONG DT @ 6327: 0.057674969669698
INFO - [G] LONG DT @ 6331: 0.084306412737094
INFO - [G] LONG DT @ 6331: 0.069964470189747
INFO - [G] LONG DT @ 6331: 0.058374256151775
INFO - [G] LONG DT @ 6331: 0.05078210492131
INFO - [G] LONG DT @ 6335: 0.078034781374945
INFO - [G] LONG DT @ 6335: 0.065677345100055
INFO - [G] LONG DT @ 6335: 0.054571876080058
INFO - [G] LONG DT @ 6339: 0.07067610996533
INFO - [G] LONG DT @ 6339: 0.062460647972225
INFO - [G] LONG DT @ 6339: 0.052367758377757
INFO - [G] LONG DT @ 6343: 0.070327313982955
INFO - [G] LONG DT @ 6343: 0.058796731186531
INFO - [G] LONG DT @ 6347: 0.060796098197198
INFO - [G] LONG DT @ 6347: 0.05030855855783
INFO - [G] LONG DT @ 6350: 0.051171047282275
INFO - [G] LONG DT @ 6354: 0.052270985508307
INFO - [G] LONG DT @ 6357: 0.056354576254479
INFO - [G] LONG DT @ 6361: 0.050032250084543
INFO - [G] LONG DT @ 6364: 0.052064650719645
INFO - [G] LONG DT @ 6368: 0.051319118775524
INFO - [G] LONG DT @ 6372: 0.057733015010767
INFO - [G] LONG DT @ 6376: 0.055145296950552
INFO - [G] LONG DT @ 6380: 0.055804305587987
INFO - [G] LONG DT @ 6384: 0.054236910544387
INFO - [G] LONG DT @ 6388: 0.05387898927974
INFO - [G] LONG DT @ 6391: 0.054566260375352
INFO - [G] LONG DT @ 6395: 0.052130214151805
INFO - [G] LONG DT @ 6399: 0.056824929247344
INFO - [G] LONG DT @ 6399: 0.051716563397715
INFO - [G] LONG DT @ 6402: 0.064166747743366
INFO - [G] LONG DT @ 6402: 0.056730378194625
INFO - [G] LONG DT @ 6406: 0.066358473812025
INFO - [G] LONG DT @ 6406: 0.055070859049586
INFO - [G] LONG DT @ 6410: 0.060756118139624
INFO - [G] LONG DT @ 6410: 0.053104294511685
INFO - [G] LONG DT @ 6414: 0.064200924745665
INFO - [G] LONG DT @ 6414: 0.053561539796524
INFO - [G] LONG DT @ 6418: 0.065871155375646
INFO - [G] LONG DT @ 6418: 0.055096464300596
INFO - [G] LONG DT @ 6418: 0.079164236517452
INFO - [G] LONG DT @ 6418: 0.065715329213852
INFO - [G] LONG DT @ 6419: 0.054828383371211
INFO - [G] LONG DT @ 6422: 0.06535512395948
INFO - [G] LONG DT @ 6422: 0.05435847916756
INFO - [G] LONG DT @ 6426: 0.066424549462149
INFO - [G] LONG DT @ 6426: 0.055196399569588
INFO - [G] LONG DT @ 6430: 0.066409619378371
INFO - [G] LONG DT @ 6430: 0.056179755502633
INFO - [G] LONG DT @ 6434: 0.073742813416116
INFO - [G] LONG DT @ 6434: 0.064042630732864
INFO - [G] LONG DT @ 6434: 0.055494404586279
INFO - [G] LONG DT @ 6438: 0.076524363850747
INFO - [G] LONG DT @ 6438: 0.065898391080597
INFO - [G] LONG DT @ 6438: 0.055111432864466
INFO - [G] LONG DT @ 6442: 0.072032027166929
INFO - [G] LONG DT @ 6442: 0.061698061733525
INFO - [G] LONG DT @ 6442: 0.052395669386716
INFO - [G] LONG DT @ 6446: 0.064172942163636
INFO - [G] LONG DT @ 6446: 0.053292353730841
INFO - [G] LONG DT @ 6450: 0.060874598268966
INFO - [G] LONG DT @ 6450: 0.050620018615097
INFO - [G] LONG DT @ 6454: 0.064825497423848
INFO - [G] LONG DT @ 6454: 0.056384737939068
INFO - [G] LONG DT @ 6457: 0.063768120149951
INFO - [G] LONG DT @ 6458: 0.053469416119906
INFO - [G] LONG DT @ 6461: 0.064408169854692
INFO - [G] LONG DT @ 6462: 0.053845375883798
INFO - [G] LONG DT @ 6466: 0.063058445415535
INFO - [G] LONG DT @ 6466: 0.053164116332379
INFO - [G] LONG DT @ 6469: 0.066969094301439
INFO - [G] LONG DT @ 6469: 0.05553657544119
INFO - [G] LONG DT @ 6473: 0.064532547061959
INFO - [G] LONG DT @ 6473: 0.055890237649601
INFO - [G] LONG DT @ 6477: 0.06838847962458
INFO - [G] LONG DT @ 6477: 0.056730843699659
INFO - [G] LONG DT @ 6481: 0.064456674601222
INFO - [G] LONG DT @ 6481: 0.054318359680887
INFO - [G] LONG DT @ 6485: 0.068106175365227
INFO - [G] LONG DT @ 6485: 0.059837580292092
INFO - [G] LONG DT @ 6485: 0.05016896423377
INFO - [G] LONG DT @ 6489: 0.063698406088224
INFO - [G] LONG DT @ 6489: 0.055707324870528
INFO - [G] LONG DT @ 6493: 0.066502222908931
INFO - [G] LONG DT @ 6493: 0.058054858327029
INFO - [G] LONG DT @ 6497: 0.066798866366074
INFO - [G] LONG DT @ 6497: 0.055860073092847
INFO - [G] LONG DT @ 6500: 0.07847261289226
INFO - [G] LONG DT @ 6500: 0.064649870313773
INFO - [G] LONG DT @ 6500: 0.053517016251101
INFO - [G] LONG DT @ 6501: 0.062383831110925
INFO - [G] LONG DT @ 6501: 0.051862884888707
INFO - [G] LONG DT @ 6505: 0.06406231214068
INFO - [G] LONG DT @ 6505: 0.053279969712562
INFO - [G] LONG DT @ 6509: 0.066482381171241
INFO - [G] LONG DT @ 6509: 0.055161344937017
INFO - [G] LONG DT @ 6513: 0.070190798281544
INFO - [G] LONG DT @ 6513: 0.058262738625263
INFO - [G] LONG DT @ 6517: 0.064871815243009
INFO - [G] LONG DT @ 6517: 0.053971912194447
INFO - [G] LONG DT @ 6521: 0.067429160644135
INFO - [G] LONG DT @ 6521: 0.058996068515373
INFO - [G] LONG DT @ 6525: 0.068431549399643
INFO - [G] LONG DT @ 6525: 0.057197339519833
INFO - [G] LONG DT @ 6529: 0.068014905567265
INFO - [G] LONG DT @ 6529: 0.060186664453828
INFO - [G] LONG DT @ 6529: 0.050217351562995
INFO - [G] LONG DT @ 6533: 0.066839669916873
INFO - [G] LONG DT @ 6533: 0.055341935933438
INFO - [G] LONG DT @ 6537: 0.080731285293954
INFO - [G] LONG DT @ 6537: 0.066716248235028
INFO - [G] LONG DT @ 6537: 0.055893818588085
INFO - [G] LONG DT @ 6541: 0.059474943703095
INFO - [G] LONG DT @ 6546: 0.059391464997957
INFO - [G] LONG DT @ 6550: 0.061554702038129
INFO - [G] LONG DT @ 6550: 0.051261001630489
INFO - [G] LONG DT @ 6554: 0.062225874038961
INFO - [G] LONG DT @ 6554: 0.051823719231188
INFO - [G] LONG DT @ 6558: 0.066993865313421
INFO - [G] LONG DT @ 6558: 0.055605792250765
INFO - [G] LONG DT @ 6563: 0.068853239975971
INFO - [G] LONG DT @ 6563: 0.057583671980778
INFO - [G] LONG DT @ 6567: 0.070357137787656
INFO - [G] LONG DT @ 6567: 0.060036550230191
INFO - [G] LONG DT @ 6567: 0.050096000184132
INFO - [G] LONG DT @ 6571: 0.066622013382193
INFO - [G] LONG DT @ 6572: 0.056154570705854
INFO - [G] LONG DT @ 6576: 0.066669473380851
INFO - [G] LONG DT @ 6576: 0.055149758704609
INFO - [G] LONG DT @ 6580: 0.068265836182884
INFO - [G] LONG DT @ 6580: 0.057049308946213
INFO - [G] LONG DT @ 6580: 0.089610414998032
INFO - [G] LONG DT @ 6580: 0.073514451998322
INFO - [G] LONG DT @ 6580: 0.0604741015988
INFO - [G] LONG DT @ 6580: 0.050081521278981
INFO - [G] LONG DT @ 6585: 0.06763891014875
INFO - [G] LONG DT @ 6585: 0.056219828118917
INFO - [G] LONG DT @ 6589: 0.058258628308125
INFO - [G] LONG DT @ 6593: 0.07295155096612
INFO - [G] LONG DT @ 6593: 0.062667760772851
INFO - [G] LONG DT @ 6593: 0.052019048618192
INFO - [G] LONG DT @ 6597: 0.078743529553524
INFO - [G] LONG DT @ 6598: 0.065254103642818
INFO - [G] LONG DT @ 6598: 0.054232582914212
INFO - [G] LONG DT @ 6602: 0.064833314946202
INFO - [G] LONG DT @ 6602: 0.057125931957025
INFO - [G] LONG DT @ 6606: 0.069855792503601
INFO - [G] LONG DT @ 6606: 0.061383034002914
INFO - [G] LONG DT @ 6606: 0.051391307202447
INFO - [G] LONG DT @ 6610: 0.062580880275858
INFO - [G] LONG DT @ 6610: 0.05220952422079
INFO - [G] LONG DT @ 6615: 0.05664224366698
INFO - [G] LONG DT @ 6619: 0.06585480510016
INFO - [G] LONG DT @ 6619: 0.054776964080191
INFO - [G] LONG DT @ 6622: 0.076585561950244
INFO - [G] LONG DT @ 6623: 0.065656909560168
INFO - [G] LONG DT @ 6623: 0.054668827648123
INFO - [G] LONG DT @ 6626: 0.073812991384508
INFO - [G] LONG DT @ 6626: 0.063821153107671
INFO - [G] LONG DT @ 6626: 0.055911402486131
INFO - [G] LONG DT @ 6630: 0.079328312749113
INFO - [G] LONG DT @ 6630: 0.066287950199331
INFO - [G] LONG DT @ 6630: 0.055510240159384
INFO - [G] LONG DT @ 6634: 0.083966250370588
INFO - [G] LONG DT @ 6634: 0.070038040296613
INFO - [G] LONG DT @ 6634: 0.059136172237246
INFO - [G] LONG DT @ 6634: 0.050949737789791
INFO - [G] LONG DT @ 6637: 0.094357683779884
INFO - [G] LONG DT @ 6637: 0.079814987023923
INFO - [G] LONG DT @ 6637: 0.066000829619111
INFO - [G] LONG DT @ 6637: 0.054834763695235
INFO - [G] LONG DT @ 6638: 0.081688266630237
INFO - [G] LONG DT @ 6638: 0.070148973304139
INFO - [G] LONG DT @ 6638: 0.058469458643376
INFO - [G] LONG DT @ 6642: 0.077324892011418
INFO - [G] LONG DT @ 6642: 0.064402973609196
INFO - [G] LONG DT @ 6642: 0.0552806188872
INFO - [G] LONG DT @ 6646: 0.078003925479303
INFO - [G] LONG DT @ 6646: 0.064775900383514
INFO - [G] LONG DT @ 6646: 0.053965560306703
INFO - [G] LONG DT @ 6650: 0.077280434064795
INFO - [G] LONG DT @ 6650: 0.064521207251941
INFO - [G] LONG DT @ 6650: 0.053911225801606
INFO - [G] LONG DT @ 6654: 0.081123442222558
INFO - [G] LONG DT @ 6654: 0.067269313777918
INFO - [G] LONG DT @ 6654: 0.056198131022454
INFO - [G] LONG DT @ 6655: 0.087029391220145
INFO - [G] LONG DT @ 6655: 0.071569872976081
INFO - [G] LONG DT @ 6655: 0.059429718380781
INFO - [G] LONG DT @ 6658: 0.079986193955489
INFO - [G] LONG DT @ 6658: 0.069077135164375
INFO - [G] LONG DT @ 6658: 0.057352688131457
INFO - [G] LONG DT @ 6661: 0.077883223064137
INFO - [G] LONG DT @ 6661: 0.068177918451286
INFO - [G] LONG DT @ 6661: 0.057493374761181
INFO - [G] LONG DT @ 6665: 0.078748445164781
INFO - [G] LONG DT @ 6665: 0.06833693613186
INFO - [G] LONG DT @ 6666: 0.056693248905551
INFO - [G] LONG DT @ 6669: 0.07773306573364
INFO - [G] LONG DT @ 6669: 0.067470812586953
INFO - [G] LONG DT @ 6669: 0.058954690069623
INFO - [G] LONG DT @ 6673: 0.07850112882972
INFO - [G] LONG DT @ 6673: 0.064988163063804
INFO - [G] LONG DT @ 6673: 0.0541943704509
INFO - [G] LONG DT @ 6678: 0.072646484611663
INFO - [G] LONG DT @ 6678: 0.064303507689382
INFO - [G] LONG DT @ 6678: 0.053520086151372
INFO - [G] LONG DT @ 6682: 0.073284655599189
INFO - [G] LONG DT @ 6682: 0.062473524479442
INFO - [G] LONG DT @ 6682: 0.051838339583479
INFO - [G] LONG DT @ 6686: 0.070851652460174
INFO - [G] LONG DT @ 6686: 0.060682661968062
INFO - [G] LONG DT @ 6686: 0.05159768957458
INFO - [G] LONG DT @ 6691: 0.069299099762687
INFO - [G] LONG DT @ 6691: 0.057399959810197
INFO - [G] LONG DT @ 6695: 0.072779693456539
INFO - [G] LONG DT @ 6695: 0.062497774765279
INFO - [G] LONG DT @ 6695: 0.052624399812193
INFO - [G] LONG DT @ 6700: 0.081843583793473
INFO - [G] LONG DT @ 6700: 0.069320687034657
INFO - [G] LONG DT @ 6700: 0.057713309627817
INFO - [G] LONG DT @ 6700: 0.050855307702274
INFO - [G] LONG DT @ 6704: 0.089262457055338
INFO - [G] LONG DT @ 6704: 0.075382345644138
INFO - [G] LONG DT @ 6704: 0.062385016515334
INFO - [G] LONG DT @ 6704: 0.052097913212389
INFO - [G] LONG DT @ 6708: 0.077269587848576
INFO - [G] LONG DT @ 6709: 0.063692210278873
INFO - [G] LONG DT @ 6709: 0.052681448223029
INFO - [G] LONG DT @ 6713: 0.069489898385713
INFO - [G] LONG DT @ 6713: 0.057684858708536
INFO - [G] LONG DT @ 6717: 0.072917592335881
INFO - [G] LONG DT @ 6717: 0.062439753868589
INFO - [G] LONG DT @ 6717: 0.052294643095036
INFO - [G] LONG DT @ 6722: 0.073593813584421
INFO - [G] LONG DT @ 6722: 0.0631526908675
INFO - [G] LONG DT @ 6722: 0.052779972693977
INFO - [G] LONG DT @ 6726: 0.075185569006839
INFO - [G] LONG DT @ 6726: 0.064138755205549
INFO - [G] LONG DT @ 6726: 0.053352564164437
INFO - [G] LONG DT @ 6730: 0.080751436208349
INFO - [G] LONG DT @ 6730: 0.066662848966692
INFO - [G] LONG DT @ 6730: 0.055033819173371
INFO - [G] LONG DT @ 6735: 0.073898710218198
INFO - [G] LONG DT @ 6735: 0.060988028174548
INFO - [G] LONG DT @ 6735: 0.050616602539628
INFO - [G] LONG DT @ 6739: 0.073072975793064
INFO - [G] LONG DT @ 6739: 0.062303240634478
INFO - [G] LONG DT @ 6739: 0.051617852507468
INFO - [G] LONG DT @ 6744: 0.07174156917611
INFO - [G] LONG DT @ 6744: 0.062847175340743
INFO - [G] LONG DT @ 6744: 0.052172800272655
INFO - [G] LONG DT @ 6748: 0.07917733879233
INFO - [G] LONG DT @ 6748: 0.065349871033888
INFO - [G] LONG DT @ 6748: 0.054626656827111
INFO - [G] LONG DT @ 6753: 0.067144316272275
INFO - [G] LONG DT @ 6753: 0.055652373017754
INFO - [G] LONG DT @ 6756: 0.07627277340025
INFO - [G] LONG DT @ 6756: 0.066003478720121
INFO - [G] LONG DT @ 6756: 0.053614422976126
INFO - [G] LONG DT @ 6758: 0.065944649917173
INFO - [G] LONG DT @ 6758: 0.053494299933881
INFO - [G] LONG DT @ 8372: 0.050923393115241
INFO - [G] LONG DT @ 8417: 0.055826674965865
INFO - [G] LONG DT @ 8523: 0.056423484257968
INFO - [G] LONG DT @ 8561: 0.054321297659812
INFO - [G] LONG DT @ 8571: 0.053879655174612
INFO - [G] LONG DT @ 8572: 0.060066957779403
INFO - [G] LONG DT @ 8575: 0.05283757359912
INFO - [G] LONG DT @ 8579: 0.05122753597958
INFO - [G] LONG DT @ 8601: 0.054879318530043
INFO - [G] LONG DT @ 8605: 0.054837499929706
INFO - [G] LONG DT @ 8608: 0.05562078923817
INFO - [G] LONG DT @ 8610: 0.063724100179037
INFO - [G] LONG DT @ 8610: 0.052683420143086
INFO - [G] LONG DT @ 8612: 0.050173464685079
INFO - [G] LONG DT @ 8616: 0.057256763999609
INFO - [G] LONG DT @ 8623: 0.050751293422405
INFO - [G] LONG DT @ 8633: 0.052421500553713
INFO - [G] LONG DT @ 8641: 0.051545496188173
INFO - [G] LONG DT @ 8648: 0.051049812225445
INFO - [G] LONG DT @ 8651: 0.051464991866473
INFO - [G] LONG DT @ 8655: 0.054492395432821
INFO - [G] LONG DT @ 8662: 0.052166779100409
INFO - [G] LONG DT @ 8683: 0.064018322728909
INFO - [G] LONG DT @ 8683: 0.0533768781833
INFO - [G] LONG DT @ 8687: 0.065989935012289
INFO - [G] LONG DT @ 8687: 0.055005608009884
INFO - [G] LONG DT @ 8691: 0.064410087573592
INFO - [G] LONG DT @ 8691: 0.053712870058906
INFO - [G] LONG DT @ 8695: 0.072861798482781
INFO - [G] LONG DT @ 8696: 0.063008298786
INFO - [G] LONG DT @ 8696: 0.052974979028725
INFO - [G] LONG DT @ 8700: 0.065924980323648
INFO - [G] LONG DT @ 8700: 0.055150224258799
INFO - [G] LONG DT @ 8704: 0.068842109348737
INFO - [G] LONG DT @ 8704: 0.058525687479096
INFO - [G] LONG DT @ 8708: 0.07344463223888
INFO - [G] LONG DT @ 8708: 0.063745145791022
INFO - [G] LONG DT @ 8708: 0.053222836632998
INFO - [G] LONG DT @ 8712: 0.058820648441514
INFO - [G] LONG DT @ 8717: 0.059071973211624
INFO - [G] LONG DT @ 8721: 0.064248957475892
INFO - [G] LONG DT @ 8721: 0.053675065981027
INFO - [G] LONG DT @ 8725: 0.059852690602381
INFO - [G] LONG DT @ 8725: 0.050260212481951
INFO - [G] LONG DT @ 8730: 0.060829815750878
INFO - [G] LONG DT @ 8730: 0.050711132600963
INFO - [G] LONG DT @ 8734: 0.06334005184559
INFO - [G] LONG DT @ 8734: 0.052564281476706
INFO - [G] LONG DT @ 8738: 0.055977820545639
INFO - [G] LONG DT @ 8743: 0.06484877293279
INFO - [G] LONG DT @ 8743: 0.054318558346209
INFO - [G] LONG DT @ 8747: 0.055548847004611
INFO - [G] LONG DT @ 8751: 0.054318883318096
INFO - [G] LONG DT @ 8755: 0.056451585079305
INFO - [G] LONG DT @ 8760: 0.066340288481231
INFO - [G] LONG DT @ 8760: 0.055571770784902
INFO - [G] LONG DT @ 8764: 0.055985151930669
INFO - [G] LONG DT @ 8768: 0.056488748215017
INFO - [G] LONG DT @ 8772: 0.063489734281577
INFO - [G] LONG DT @ 8772: 0.052826307425132
INFO - [G] LONG DT @ 8777: 0.059046062266007
INFO - [G] LONG DT @ 8781: 0.052455549914579
INFO - [G] LONG DT @ 8785: 0.060782852263974
INFO - [G] LONG DT @ 8785: 0.050750001811052
INFO - [G] LONG DT @ 8789: 0.058186051105895
INFO - [G] LONG DT @ 8794: 0.061275864662457
INFO - [G] LONG DT @ 8794: 0.051325611729699
INFO - [G] LONG DT @ 8797: 0.061986040850027
INFO - [G] LONG DT @ 8798: 0.05193297268008
INFO - [G] LONG DT @ 8802: 0.073550111396131
INFO - [G] LONG DT @ 8802: 0.062323989116897
INFO - [G] LONG DT @ 8802: 0.052285711293671
INFO - [G] LONG DT @ 8806: 0.067912142072357
INFO - [G] LONG DT @ 8806: 0.057611093657929
INFO - [G] LONG DT @ 8810: 0.061739529446631
INFO - [G] LONG DT @ 8810: 0.051755123557078
INFO - [G] LONG DT @ 8814: 0.069071271811486
INFO - [G] LONG DT @ 8814: 0.057520777449103
INFO - [G] LONG DT @ 8818: 0.065713080504383
INFO - [G] LONG DT @ 8818: 0.054937124403331
INFO - [G] LONG DT @ 8823: 0.072909632057294
INFO - [G] LONG DT @ 8823: 0.063545865645839
INFO - [G] LONG DT @ 8823: 0.052840932516623
INFO - [G] LONG DT @ 8827: 0.062958550968497
INFO - [G] LONG DT @ 8827: 0.05354488077449
INFO - [G] LONG DT @ 8831: 0.065469123659316
INFO - [G] LONG DT @ 8831: 0.054818798927389
INFO - [G] LONG DT @ 8836: 0.062690680796167
INFO - [G] LONG DT @ 8836: 0.052164724636589
INFO - [G] LONG DT @ 8840: 0.065214385027655
INFO - [G] LONG DT @ 8840: 0.05425866802228
INFO - [G] LONG DT @ 8844: 0.0689820082473
INFO - [G] LONG DT @ 8845: 0.057358786597795
INFO - [G] LONG DT @ 8849: 0.072251894414168
INFO - [G] LONG DT @ 8849: 0.061575235531361
INFO - [G] LONG DT @ 8849: 0.052613328425125
INFO - [G] LONG DT @ 8853: 0.061361442762601
INFO - [G] LONG DT @ 8853: 0.051239034210151
INFO - [G] LONG DT @ 8858: 0.06495486996071
INFO - [G] LONG DT @ 8858: 0.053912955968538
INFO - [G] LONG DT @ 8863: 0.064222567000114
INFO - [G] LONG DT @ 8863: 0.054724113600058
INFO - [G] LONG DT @ 8868: 0.068707998271586
INFO - [G] LONG DT @ 8868: 0.057072918617503
INFO - [G] LONG DT @ 8872: 0.066750655395816
INFO - [G] LONG DT @ 8872: 0.056002204316514
INFO - [G] LONG DT @ 8877: 0.06823306526799
INFO - [G] LONG DT @ 8877: 0.056728772214377
INFO - [G] LONG DT @ 8882: 0.07068692132172
INFO - [G] LONG DT @ 8882: 0.061056717057304
INFO - [G] LONG DT @ 8882: 0.051235373645857
INFO - [G] LONG DT @ 8886: 0.064439634317285
INFO - [G] LONG DT @ 8887: 0.053865807453977
INFO - [G] LONG DT @ 8891: 0.081797050503405
INFO - [G] LONG DT @ 8891: 0.068835080402841
INFO - [G] LONG DT @ 8891: 0.058050624322146
INFO - [G] LONG DT @ 8896: 0.063493369851786
INFO - [G] LONG DT @ 8896: 0.053405755881773
INFO - [G] LONG DT @ 8900: 0.068112806762929
INFO - [G] LONG DT @ 8900: 0.056703345410497
INFO - [G] LONG DT @ 8904: 0.082299480126879
INFO - [G] LONG DT @ 8905: 0.068336464101538
INFO - [G] LONG DT @ 8905: 0.057081611281129
INFO - [G] LONG DT @ 8909: 0.077663717299535
INFO - [G] LONG DT @ 8909: 0.065796613839591
INFO - [G] LONG DT @ 8909: 0.056436851071643
INFO - [G] LONG DT @ 8913: 0.074529803220525
INFO - [G] LONG DT @ 8913: 0.06396678257648
INFO - [G] LONG DT @ 8913: 0.053964626061322
INFO - [G] LONG DT @ 8917: 0.077212755437834
INFO - [G] LONG DT @ 8917: 0.065451104350012
INFO - [G] LONG DT @ 8917: 0.055226723480241
INFO - [G] LONG DT @ 8921: 0.073750959340439
INFO - [G] LONG DT @ 8922: 0.061257887472273
INFO - [G] LONG DT @ 8922: 0.052039689977943
INFO - [G] LONG DT @ 8926: 0.077232188453568
INFO - [G] LONG DT @ 8926: 0.064929830762983
INFO - [G] LONG DT @ 8926: 0.054851524610369
INFO - [G] LONG DT @ 8930: 0.074354553181269
INFO - [G] LONG DT @ 8930: 0.064721402545106
INFO - [G] LONG DT @ 8930: 0.054725082035886
INFO - [G] LONG DT @ 8935: 0.068912415371245
INFO - [G] LONG DT @ 8935: 0.057397832297148
INFO - [G] LONG DT @ 8940: 0.067183343295738
INFO - [G] LONG DT @ 8940: 0.056946414636354
INFO - [G] LONG DT @ 8944: 0.068129353228577
INFO - [G] LONG DT @ 8944: 0.057063582582981
INFO - [G] LONG DT @ 8949: 0.074015516605879
INFO - [G] LONG DT @ 8949: 0.063248593284888
INFO - [G] LONG DT @ 8949: 0.053021574627717
INFO - [G] LONG DT @ 8954: 0.064364909506528
INFO - [G] LONG DT @ 8954: 0.053498047605301
INFO - [G] LONG DT @ 8959: 0.065766392114887
INFO - [G] LONG DT @ 8959: 0.054798053691916
INFO - [G] LONG DT @ 8963: 0.07992507243052
INFO - [G] LONG DT @ 8963: 0.0663626379444
INFO - [G] LONG DT @ 8963: 0.055335090355407
INFO - [G] LONG DT @ 8967: 0.073768056166026
INFO - [G] LONG DT @ 8967: 0.063352264932821
INFO - [G] LONG DT @ 8967: 0.053510831946247
INFO - [G] LONG DT @ 8971: 0.076900503487088
INFO - [G] LONG DT @ 8971: 0.064180982789827
INFO - [G] LONG DT @ 8971: 0.053933026231611
INFO - [G] LONG DT @ 8975: 0.076755071786522
INFO - [G] LONG DT @ 8975: 0.063855117429239
INFO - [G] LONG DT @ 8975: 0.053471953943481
INFO - [G] LONG DT @ 8980: 0.074406471331216
INFO - [G] LONG DT @ 8980: 0.064194597065182
INFO - [G] LONG DT @ 8980: 0.053695097651917
INFO - [G] LONG DT @ 8984: 0.077460660170244
INFO - [G] LONG DT @ 8984: 0.064997268136277
INFO - [G] LONG DT @ 8984: 0.05404017450929
INFO - [G] LONG DT @ 8988: 0.070918053236251
INFO - [G] LONG DT @ 8988: 0.058996742589076
INFO - [G] LONG DT @ 8992: 0.069024967705861
INFO - [G] LONG DT @ 8993: 0.057138194164478
INFO - [G] LONG DT @ 8997: 0.066815701031516
INFO - [G] LONG DT @ 8997: 0.055814760825274
INFO - [G] LONG DT @ 9001: 0.074686646673928
INFO - [G] LONG DT @ 9001: 0.062063637339148
INFO - [G] LONG DT @ 9001: 0.051806109871152
INFO - [G] LONG DT @ 9006: 0.064393233029406
INFO - [G] LONG DT @ 9006: 0.053542406423309
INFO - [G] LONG DT @ 9010: 0.066593102036933
INFO - [G] LONG DT @ 9010: 0.056325361629411
INFO - [G] LONG DT @ 9015: 0.070021872009044
INFO - [G] LONG DT @ 9015: 0.058345337607233
INFO - [G] LONG DT @ 9020: 0.074875992129198
INFO - [G] LONG DT @ 9020: 0.064845673703398
INFO - [G] LONG DT @ 9020: 0.054414858962885
INFO - [G] LONG DT @ 9024: 0.080804932201059
INFO - [G] LONG DT @ 9024: 0.070420245760554
INFO - [G] LONG DT @ 9024: 0.061436596608526
INFO - [G] LONG DT @ 9024: 0.054049337286821
INFO - [G] LONG DT @ 9029: 0.083823431084531
INFO - [G] LONG DT @ 9029: 0.069276764867406
INFO - [G] LONG DT @ 9029: 0.057655831894166
INFO - [G] LONG DT @ 9034: 0.076068127345146
INFO - [G] LONG DT @ 9034: 0.064192041875964
INFO - [G] LONG DT @ 9034: 0.053373413500817
INFO - [G] LONG DT @ 9038: 0.072780393106475
INFO - [G] LONG DT @ 9038: 0.062407014485272
INFO - [G] LONG DT @ 9038: 0.053644651588068
INFO - [G] LONG DT @ 9042: 0.082210012010201
INFO - [G] LONG DT @ 9042: 0.068493709607953
INFO - [G] LONG DT @ 9042: 0.057374427686559
INFO - [G] LONG DT @ 9046: 0.079660603629617
INFO - [G] LONG DT @ 9046: 0.067588442903739
INFO - [G] LONG DT @ 9046: 0.056628674322882
INFO - [G] LONG DT @ 9050: 0.075776527877587
INFO - [G] LONG DT @ 9051: 0.062954622302203
INFO - [G] LONG DT @ 9051: 0.052709337841602
INFO - [G] LONG DT @ 9055: 0.076682831167819
INFO - [G] LONG DT @ 9055: 0.064536984934094
INFO - [G] LONG DT @ 9055: 0.053807147947475
INFO - [G] LONG DT @ 9059: 0.074736077769557
INFO - [G] LONG DT @ 9059: 0.06413928221591
INFO - [G] LONG DT @ 9059: 0.053669325772789
INFO - [G] LONG DT @ 9064: 0.06761742469324
INFO - [G] LONG DT @ 9064: 0.056445519754551
INFO - [G] LONG DT @ 9068: 0.062170263438208
INFO - [G] LONG DT @ 9068: 0.053533290750571
INFO - [G] LONG DT @ 9073: 0.07274843279436
INFO - [G] LONG DT @ 9073: 0.061696286235296
INFO - [G] LONG DT @ 9073: 0.052232108988249
INFO - [G] LONG DT @ 9077: 0.073516832168416
INFO - [G] LONG DT @ 9077: 0.062497645734714
INFO - [G] LONG DT @ 9077: 0.053189536587847
INFO - [G] LONG DT @ 9082: 0.077411259733647
INFO - [G] LONG DT @ 9082: 0.065594187787016
INFO - [G] LONG DT @ 9082: 0.054582910229762
INFO - [G] LONG DT @ 9086: 0.068618547565679
INFO - [G] LONG DT @ 9086: 0.056886178052857
INFO - [G] LONG DT @ 9091: 0.064919302303661
INFO - [G] LONG DT @ 9091: 0.053728161843159
INFO - [G] LONG DT @ 9095: 0.066817006485288
INFO - [G] LONG DT @ 9095: 0.055573945188195
INFO - [G] LONG DT @ 9100: 0.079527980022043
INFO - [G] LONG DT @ 9100: 0.065853344017723
INFO - [G] LONG DT @ 9100: 0.054689315214214
INFO - [G] LONG DT @ 9105: 0.068382622970506
INFO - [G] LONG DT @ 9105: 0.056951898376351
INFO - [G] LONG DT @ 9109: 0.072683294183586
INFO - [G] LONG DT @ 9109: 0.062485095347014
INFO - [G] LONG DT @ 9109: 0.053185296277467
INFO - [G] LONG DT @ 9113: 0.084225373558701
INFO - [G] LONG DT @ 9113: 0.070311398846802
INFO - [G] LONG DT @ 9113: 0.058919079077354
INFO - [G] LONG DT @ 9117: 0.076790752131294
INFO - [G] LONG DT @ 9117: 0.065719321705199
INFO - [G] LONG DT @ 9117: 0.055859917364009
INFO - [G] LONG DT @ 9121: 0.07803406097187
INFO - [G] LONG DT @ 9121: 0.066178788777435
INFO - [G] LONG DT @ 9121: 0.055267351022064
INFO - [G] LONG DT @ 9125: 0.079446757628231
INFO - [G] LONG DT @ 9125: 0.066272586102671
INFO - [G] LONG DT @ 9125: 0.05576454888227
INFO - [G] LONG DT @ 9129: 0.084201796063341
INFO - [G] LONG DT @ 9129: 0.071036836850738
INFO - [G] LONG DT @ 9129: 0.059159409480572
INFO - [G] LONG DT @ 9133: 0.080140210554375
INFO - [G] LONG DT @ 9133: 0.066582128443371
INFO - [G] LONG DT @ 9133: 0.057012022754906
INFO - [G] LONG DT @ 9137: 0.080243192300545
INFO - [G] LONG DT @ 9137: 0.067508273840442
INFO - [G] LONG DT @ 9137: 0.056337399072546
INFO - [G] LONG DT @ 9142: 0.073242044619136
INFO - [G] LONG DT @ 9142: 0.062974595695289
INFO - [G] LONG DT @ 9142: 0.052858276556045
INFO - [G] LONG DT @ 9146: 0.075351863026706
INFO - [G] LONG DT @ 9146: 0.065445230421718
INFO - [G] LONG DT @ 9146: 0.054739624337277
INFO - [G] LONG DT @ 9151: 0.080295638249248
INFO - [G] LONG DT @ 9151: 0.066882210599392
INFO - [G] LONG DT @ 9151: 0.056091608479543
INFO - [G] LONG DT @ 9155: 0.078812584589599
INFO - [G] LONG DT @ 9155: 0.065177727671721
INFO - [G] LONG DT @ 9155: 0.054830202137291
INFO - [G] LONG DT @ 9160: 0.079278457452613
INFO - [G] LONG DT @ 9160: 0.065956045962079
INFO - [G] LONG DT @ 9160: 0.055317836769561
INFO - [G] LONG DT @ 9164: 0.075888041422456
INFO - [G] LONG DT @ 9165: 0.063645413137883
INFO - [G] LONG DT @ 9165: 0.053495030510537
INFO - [G] LONG DT @ 9169: 0.077519393389074
INFO - [G] LONG DT @ 9169: 0.064327754711433
INFO - [G] LONG DT @ 9169: 0.053601323769139
INFO - [G] LONG DT @ 9174: 0.081928565289624
INFO - [G] LONG DT @ 9174: 0.069930332231849
INFO - [G] LONG DT @ 9174: 0.058785445785293
INFO - [G] LONG DT @ 9178: 0.074460231992589
INFO - [G] LONG DT @ 9178: 0.063734365594246
INFO - [G] LONG DT @ 9178: 0.053499952475468
INFO - [G] LONG DT @ 9183: 0.079561501082476
INFO - [G] LONG DT @ 9183: 0.066200280866174
INFO - [G] LONG DT @ 9183: 0.055397304692739
INFO - [G] LONG DT @ 9186: 0.084801696846065
INFO - [G] LONG DT @ 9186: 0.07147799747682
INFO - [G] LONG DT @ 9186: 0.060005837981522
INFO - [G] LONG DT @ 9187: 0.051864710385144
INFO - [G] LONG DT @ 9190: 0.082031854894048
INFO - [G] LONG DT @ 9190: 0.069229503914931
INFO - [G] LONG DT @ 9190: 0.058365463131945
INFO - [G] LONG DT @ 9194: 0.086086849768198
INFO - [G] LONG DT @ 9195: 0.071499799814584
INFO - [G] LONG DT @ 9195: 0.059923199851831
INFO - [G] LONG DT @ 9195: 0.050613799881563
INFO - [G] LONG DT @ 9198: 0.085172611944018
INFO - [G] LONG DT @ 9199: 0.07069650955491
INFO - [G] LONG DT @ 9199: 0.058912687644115
INFO - [G] LONG DT @ 9202: 0.079787232357769
INFO - [G] LONG DT @ 9203: 0.066401405886014
INFO - [G] LONG DT @ 9203: 0.055510704708901
INFO - [G] LONG DT @ 9207: 0.076785951038122
INFO - [G] LONG DT @ 9207: 0.063925420830676
INFO - [G] LONG DT @ 9207: 0.053542816664633
INFO - [G] LONG DT @ 9211: 0.080589198071297
INFO - [G] LONG DT @ 9211: 0.066669838457189
INFO - [G] LONG DT @ 9211: 0.055431150765891
INFO - [G] LONG DT @ 9215: 0.079775917906939
INFO - [G] LONG DT @ 9215: 0.066228854325296
INFO - [G] LONG DT @ 9215: 0.055495583460249
INFO - [G] LONG DT @ 9219: 0.076574062727166
INFO - [G] LONG DT @ 9219: 0.064501570181941
INFO - [G] LONG DT @ 9219: 0.053830176145387
INFO - [G] LONG DT @ 9223: 0.0740074151642
INFO - [G] LONG DT @ 9223: 0.064734012131291
INFO - [G] LONG DT @ 9223: 0.054161709704893
INFO - [G] LONG DT @ 9228: 0.081203394378823
INFO - [G] LONG DT @ 9228: 0.067491375502792
INFO - [G] LONG DT @ 9228: 0.056350300402422
INFO - [G] LONG DT @ 9232: 0.077433597534648
INFO - [G] LONG DT @ 9232: 0.064699278027454
INFO - [G] LONG DT @ 9232: 0.054263542422194
INFO - [G] LONG DT @ 9237: 0.078361008434546
INFO - [G] LONG DT @ 9237: 0.066258386747386
INFO - [G] LONG DT @ 9237: 0.055952009397828
INFO - [G] LONG DT @ 9241: 0.084461516452366
INFO - [G] LONG DT @ 9241: 0.070242913161907
INFO - [G] LONG DT @ 9241: 0.060589310529304
INFO - [G] LONG DT @ 9241: 0.051018988423603
INFO - [G] LONG DT @ 9245: 0.081258223618209
INFO - [G] LONG DT @ 9246: 0.068695038894398
INFO - [G] LONG DT @ 9246: 0.057653431115552
INFO - [G] LONG DT @ 9250: 0.08022062853779
INFO - [G] LONG DT @ 9250: 0.067066262830339
INFO - [G] LONG DT @ 9250: 0.05669143026421
INFO - [G] LONG DT @ 9254: 0.081397695479598
INFO - [G] LONG DT @ 9254: 0.068647276383481
INFO - [G] LONG DT @ 9254: 0.057771461106888
INFO - [G] LONG DT @ 9259: 0.075887859334349
INFO - [G] LONG DT @ 9259: 0.064740327467477
INFO - [G] LONG DT @ 9259: 0.053973621974013
INFO - [G] LONG DT @ 9263: 0.069655278587549
INFO - [G] LONG DT @ 9263: 0.058141082870124
INFO - [G] LONG DT @ 9268: 0.077561904192787
INFO - [G] LONG DT @ 9268: 0.065064883354293
INFO - [G] LONG DT @ 9268: 0.054761486683444
INFO - [G] LONG DT @ 9272: 0.073794930016883
INFO - [G] LONG DT @ 9272: 0.062850004013656
INFO - [G] LONG DT @ 9272: 0.052632943210689
INFO - [G] LONG DT @ 9276: 0.079272680556048
INFO - [G] LONG DT @ 9277: 0.065447884444691
INFO - [G] LONG DT @ 9277: 0.054302847555866
INFO - [G] LONG DT @ 9281: 0.074749376952149
INFO - [G] LONG DT @ 9281: 0.064488241561702
INFO - [G] LONG DT @ 9281: 0.053917113249131
INFO - [G] LONG DT @ 9285: 0.078828364945341
INFO - [G] LONG DT @ 9285: 0.066784031956175
INFO - [G] LONG DT @ 9285: 0.056064225564899
INFO - [G] LONG DT @ 9290: 0.074066817029215
INFO - [G] LONG DT @ 9290: 0.061330193623492
INFO - [G] LONG DT @ 9290: 0.050934454898585
INFO - [G] LONG DT @ 9294: 0.074873813612493
INFO - [G] LONG DT @ 9294: 0.064267830889998
INFO - [G] LONG DT @ 9294: 0.053641604712171
INFO - [G] LONG DT @ 9299: 0.071483212083738
INFO - [G] LONG DT @ 9300: 0.059119969667043
INFO - [G] LONG DT @ 4784: 0.07727695646125
INFO - [G] LONG DT @ 4784: 0.064550205168986
INFO - [G] LONG DT @ 4784: 0.054962844135026
