INFO - [♥] Lovely 0.7.1
INFO - [♥] Game directory is at "C:\\Program Files (x86)\\Steam\\steamapps\\common\\Balatro"
INFO - [♥] Writing logs to "C:\\Users\\Administrator\\AppData\\Roaming\\Balatro\\Mods\\lovely\\log"
INFO - [♥] Using mod directory at "C:\\Users\\Administrator\\AppData\\Roaming\\Balatro\\Mods"
INFO - [♥] Found .lovelyignore in 'SakashimaJoker', skipping it.
INFO - [♥] Cleaning up dumps directory at "C:\\Users\\Administrator\\AppData\\Roaming\\Balatro\\Mods\\lovely\\dump"
INFO - [♥] Initialization complete in 21ms
INFO - [♥] Applied 12 patches to 'main.lua'
INFO - [♥] Applied 5 patches to 'engine/controller.lua'
INFO - [♥] Applied 13 patches to 'back.lua'
INFO - [♥] Applied 6 patches to 'tag.lua'
INFO - [♥] Applied 1 patch to 'engine/moveable.lua'
INFO - [♥] Applied 2 patches to 'engine/sprite.lua'
INFO - [♥] Applied 2 patches to 'engine/animatedsprite.lua'
INFO - [♥] Applied 44 patches to 'functions/misc_functions.lua'
INFO - [♥] Applied 29 patches to 'game.lua'
INFO - [♥] Applied 1 patch to 'globals.lua'
INFO - [♥] Applied 3 patches to 'engine/ui.lua'
INFO - [♥] Applied 72 patches to 'functions/UI_definitions.lua'
INFO - [♥] Applied 39 patches to 'functions/state_events.lua'
INFO - [♥] Applied 87 patches to 'functions/common_events.lua'
INFO - [♥] Applied 38 patches to 'functions/button_callbacks.lua'
INFO - [♥] Applied 143 patches to 'card.lua'
INFO - [♥] Applied 6 patches to 'cardarea.lua'
INFO - [♥] Applied 30 patches to 'blind.lua'
INFO - [♥] Applied 2 patches to 'engine/text.lua'
INFO - [G] Failed to connect to the debug server
INFO - [G] 2025-03-07 01:17:33 :: DEBUG :: DebugConsole :: Steamodded Debug Socket started !
INFO - [♥] Applied 9 patches to 'engine/sound_manager.lua'
INFO - [♥] Applied 1 patch to 'engine/save_manager.lua'
INFO - [G] 2025-03-07 01:17:35 :: ERROR :: Loader :: Found invalid metadata JSON file at C:\Users\Administrator\AppData\Roaming\Balatro\Mods/.vscode/settings.json, ignoring: [SMODS _ "src/loader.lua"]:226: id
INFO - [G] 2025-03-07 01:17:35 :: INFO  :: DefaultLogger :: Valid JSON file found
INFO - [G] 2025-03-07 01:17:35 :: ERROR :: Loader :: Found invalid metadata JSON file at C:\Users\Administrator\AppData\Roaming\Balatro\Mods/Aura/.vscode/settings.json, ignoring: [SMODS _ "src/loader.lua"]:226: id
INFO - [G] 2025-03-07 01:17:35 :: TRACE :: Loader :: Processing Mod file (Legacy header): Aura.lua
INFO - [G] 2025-03-07 01:17:35 :: TRACE :: Loader :: Saving Mod Info: Aura
INFO - [G] 2025-03-07 01:17:35 :: TRACE :: Loader :: Processing Mod file (Legacy header): PreorderCards.lua
INFO - [G] 2025-03-07 01:17:35 :: TRACE :: Loader :: Saving Mod Info: preorder_cards
INFO - [G] 2025-03-07 01:17:35 :: INFO  :: DefaultLogger :: Valid JSON file found
INFO - [G] 2025-03-07 01:17:35 :: INFO  :: DefaultLogger :: Valid JSON file found
INFO - [G] 2025-03-07 01:17:35 :: TRACE :: Loader :: Processing Mod file (Legacy header): HentaiCards.lua
INFO - [G] 2025-03-07 01:17:35 :: WARN  :: Loader :: Duplicate Mod ID: HentaiCards
INFO - [G] 2025-03-07 01:17:35 :: TRACE :: Loader :: Processing Mod file (Legacy header): SakashimaJoker.lua
INFO - [G] 2025-03-07 01:17:35 :: TRACE :: Loader :: Saving Mod Info: SakashimaJoker
INFO - [G] 2025-03-07 01:17:35 :: INFO  :: DefaultLogger :: Valid JSON file found
INFO - [G] 2025-03-07 01:17:35 :: TRACE :: Loader :: Processing Mod file (Legacy header): VintagePinupCards.lua
INFO - [G] 2025-03-07 01:17:35 :: TRACE :: Loader :: Saving Mod Info: VintagePinupCards
INFO - [G] 2025-03-07 01:17:35 :: WARN  :: DeckSkin :: Old DeckSkin formatting detected on DeckSkin lust_LuckHearts!
INFO - [G] 2025-03-07 01:17:35 :: WARN  :: DeckSkin :: Old DeckSkin formatting detected on DeckSkin lust_LuckClubs!
INFO - [G] 2025-03-07 01:17:35 :: WARN  :: DeckSkin :: Old DeckSkin formatting detected on DeckSkin lust_LuckDiamonds!
INFO - [G] 2025-03-07 01:17:35 :: WARN  :: DeckSkin :: Old DeckSkin formatting detected on DeckSkin lust_LuckSpades!
INFO - [G] true
INFO - [G] Picture dimensions: 138 x 186
INFO - [G] Number of animation frames: 8
INFO - [G] Comment inside this GIF: Created with Paint.NET
INFO - [G] Picture dimensions: 138 x 186
INFO - [G] Number of animation frames: 1
INFO - [G] Comment inside this GIF: NO_COMMENT
INFO - [G] Picture dimensions: 138 x 186
INFO - [G] Number of animation frames: 9
INFO - [G] Comment inside this GIF: Created with Paint.NET
INFO - [G] 2025-03-07 01:17:35 :: WARN  :: Atlas :: Object centers has the same key as an existing object, not registering.
INFO - [G] 2025-03-07 01:17:35 :: WARN  :: Atlas :: If you want to modify an existing object, use take_ownership()
INFO - [G] soul_atlas
INFO - [G] 2025-03-07 01:17:35 :: TRACE :: Loader :: Mod SakashimaJoker was unable to load: 
INFO - [G] 2025-03-07 01:17:35 :: INFO  :: TIMER :: [0000] Injected Language in 0.001 ms
INFO - [G] 2025-03-07 01:17:35 :: INFO  :: TIMER :: [0000] Injected [INTERNAL] in 1.366 ms
INFO - [G] mod_tags
INFO - [G] achievements
INFO - [G] lust_AltVersions
INFO - [G] Joker
INFO - [G] centers
INFO - [G] lust_editions
INFO - [G] lust_LustTarot
INFO - [G] Booster
INFO - [G] stickers
INFO - [G] shop_sign
INFO - [G] balatro
INFO - [G] lust_modicon
INFO - [G] BalustroIcons
INFO - [G] lust_BalustroPlayingCards
INFO - [G] lust_LuckPlayingCardsLC
INFO - [G] lust_LuckPlayingCardsHC
INFO - [G] bull_wide_card
INFO - [G] aura_j_faceless
INFO - [G] aura_j_seance
INFO - [G] aura_j_juggler
INFO - [G] aura_c_hearts
INFO - [G] aura_c_diamonds
INFO - [G] aura_c_clubs
INFO - [G] aura_c_spades
INFO - [G] aura_goon_icon_heart
INFO - [G] aura_goon_icon_diamond
INFO - [G] aura_goon_icon_club
INFO - [G] aura_goon_icon_spade
INFO - [G] FHC_hentai_cards_deck_lc
INFO - [G] FHC_hentai_cards_deck_hc
INFO - [G] Tarot
INFO - [G] Planet
INFO - [G] Spectral
INFO - [G] soul_atlas
INFO - [G] StickfaceNSFW_8BitDeck_opt2
INFO - [G] StickfaceNSFW_8BitDeck
INFO - [G] StickfaceNSFW_icon_lc
INFO - [G] StickfaceNSFW_icon_hc
INFO - [G] vintage_pinup_cards
INFO - [G] 2025-03-07 01:17:36 :: INFO  :: TIMER :: [0039] Injected Atlas in 1111.827 ms
INFO - [G] 2025-03-07 01:17:36 :: INFO  :: TIMER :: [0053] Injected Sound in 5.421 ms
INFO - [G] 2025-03-07 01:17:36 :: INFO  :: TIMER :: [0008] Injected Stake in 0.170 ms
INFO - [G] 2025-03-07 01:17:36 :: INFO  :: TIMER :: [0004] Injected Rarity in 0.021 ms
INFO - [G] 2025-03-07 01:17:36 :: INFO  :: TIMER :: [0004] Injected ObjectType in 0.046 ms
INFO - [G] 2025-03-07 01:17:36 :: INFO  :: TIMER :: [0212] Injected Center in 2.475 ms
INFO - [G] 2025-03-07 01:17:36 :: INFO  :: TIMER :: [0007] Injected Undiscovered Sprite in 0.033 ms
INFO - [G] 2025-03-07 01:17:36 :: INFO  :: TIMER :: [0002] Injected Blind in 0.017 ms
INFO - [G] 2025-03-07 01:17:36 :: INFO  :: TIMER :: [0004] Injected Seal in 0.119 ms
INFO - [G] 2025-03-07 01:17:36 :: INFO  :: TIMER :: [0004] Injected Suit in 0.092 ms
INFO - [G] 2025-03-07 01:17:36 :: INFO  :: TIMER :: [0013] Injected Rank in 0.087 ms
INFO - [G] 2025-03-07 01:17:36 :: INFO  :: TIMER :: [0052] Injected DeckSkin in 0.332 ms
INFO - [G] 2025-03-07 01:17:36 :: INFO  :: TIMER :: [0012] Injected PokerHand in 0.039 ms
INFO - [G] 2025-03-07 01:17:36 :: INFO  :: TIMER :: [0020] Injected Challenge in 0.028 ms
INFO - [G] 2025-03-07 01:17:36 :: INFO  :: TIMER :: [0000] Injected Tag in 0.002 ms
INFO - [G] 2025-03-07 01:17:36 :: INFO  :: TIMER :: [0004] Injected Sticker in 0.065 ms
INFO - [G] 2025-03-07 01:17:36 :: INFO  :: TIMER :: [0000] Injected Shader in 0.002 ms
INFO - [G] 2025-03-07 01:17:36 :: INFO  :: TIMER :: [0001] Injected Keybind in 0.012 ms
INFO - [G] 2025-03-07 01:17:36 :: INFO  :: TIMER :: [0000] Injected Achievement in 0.022 ms
INFO - [G] 2025-03-07 01:17:36 :: INFO  :: TIMER :: [0000] Injected [INTERNAL] in 1.874 ms
INFO - [G] line not found
INFO - [G] file not found: main.lua: No such file or directory
INFO - [G] file not found: main.lua: No such file or directory
INFO - [G] file not found: main.lua: No such file or directory
INFO - [G] file not found: main.lua: No such file or directory
INFO - [G] 2025-03-07 01:17:40 :: ERROR :: StackTrace :: Oops! The game crashed
functions/misc_functions.lua:890: bad argument #1 to 'translate' (number expected, got table)
Stack Traceback
===============
(1) Lua local 'handler' at file 'main.lua:612'
	Local variables:
	 msg = string: "functions/misc_functions.lua:890: bad argument #1 to 'translate' (number expected, got table)"
	 (*temporary) = Lua function '?' (defined at line 31 of chunk [SMODS _ "src/logging.lua"])
	 (*temporary) = string: "Oops! The game crashed\
"
(2) LÖVE function at file 'boot.lua:352' (best guess)
	Local variables:
	 errhand = Lua function '?' (defined at line 598 of chunk main.lua)
	 handler = Lua function '?' (defined at line 598 of chunk main.lua)
(3) field C function 'translate'
(4) Lua global 'prep_draw' at file 'functions/misc_functions.lua:890'
	Local variables:
	 moveable = table: 0x38e4e4b0  {velocity:table: 0x38e5b750, click_offset:table: 0x38e5b2d8, UIT:1, children:table: 0x38e4e4d8 (more...)}
	 scale = number: 1
	 rotate = nil
	 offset = nil
(5) Lua method 'draw_self' at file 'engine/ui.lua:716'
	Local variables:
	 self = table: 0x38e4e4b0  {velocity:table: 0x38e5b750, click_offset:table: 0x38e5b2d8, UIT:1, children:table: 0x38e4e4d8 (more...)}
	 button_active = boolean: true
	 parallax_dist = number: 1.5
	 button_being_pressed = boolean: false
(6) Lua method 'draw_children' at file 'engine/ui.lua:541'
	Local variables:
	 self = table: 0x38e4e310  {click_offset:table: 0x38e5cd98, children:table: 0x38e4e338, parent:table: 0x38e4d8f0 (more...)}
	 layer = nil
	 (for generator) = C function: next
	 (for state) = table: 0x38e4e338  {1:table: 0x38e4e4b0}
	 (for control) = number: nan
	 k = number: 1
	 v = table: 0x38e4e4b0  {velocity:table: 0x38e5b750, click_offset:table: 0x38e5b2d8, UIT:1, children:table: 0x38e4e4d8 (more...)}
(7) Lua method 'draw_children' at file 'engine/ui.lua:542'
	Local variables:
	 self = table: 0x38e4d8f0  {pixellated_rect:table: 0x39395d28, click_offset:table: 0x38e5dc08, children:table: 0x38e4d918 (more...)}
	 layer = nil
	 (for generator) = C function: next
	 (for state) = table: 0x38e4d918  {1:table: 0x38e4da90, 2:table: 0x38e4de10, 3:table: 0x38e4e310}
	 (for control) = number: nan
	 k = number: 3
	 v = table: 0x38e4e310  {click_offset:table: 0x38e5cd98, children:table: 0x38e4e338, parent:table: 0x38e4d8f0 (more...)}
(8) Lua method 'draw_children' at file 'engine/ui.lua:542'
	Local variables:
	 self = table: 0x38e4d3d0  {pixellated_rect:table: 0x39391938, click_offset:table: 0x38e5eaf8, children:table: 0x38e4d3f8 (more...)}
	 layer = nil
	 (for generator) = C function: next
	 (for state) = table: 0x38e4d3f8  {1:table: 0x38e4d570, 2:table: 0x38e4d8f0}
	 (for control) = number: nan
	 k = number: 2
	 v = table: 0x38e4d8f0  {pixellated_rect:table: 0x39395d28, click_offset:table: 0x38e5dc08, children:table: 0x38e4d918 (more...)}
(9) Lua method 'draw_children' at file 'engine/ui.lua:542'
	Local variables:
	 self = table: 0x38e4ca10  {velocity:table: 0x38e5fe78, click_offset:table: 0x38e5fa00, UIT:3, children:table: 0x38e4ca38 (more...)}
	 layer = nil
	 (for generator) = C function: next
	 (for state) = table: 0x38e4ca38  {1:table: 0x38e4d050, 2:table: 0x38e4d3d0}
	 (for control) = number: nan
	 k = number: 2
	 v = table: 0x38e4d3d0  {pixellated_rect:table: 0x39391938, click_offset:table: 0x38e5eaf8, children:table: 0x38e4d3f8 (more...)}
(10) Lua method 'draw_children' at file 'engine/ui.lua:542'
	Local variables:
	 self = table: 0x38e4c4f0  {pixellated_rect:table: 0x3938b3a8, click_offset:table: 0x38e60808, children:table: 0x38e4c518 (more...)}
	 layer = nil
	 (for generator) = C function: next
	 (for state) = table: 0x38e4c518  {1:table: 0x38e4c690, 2:table: 0x38e4ca10}
	 (for control) = number: nan
	 k = number: 2
	 v = table: 0x38e4ca10  {velocity:table: 0x38e5fe78, click_offset:table: 0x38e5fa00, UIT:3, children:table: 0x38e4ca38 (more...)}
(11) Lua method 'draw' at file 'engine/ui.lua:296'
	Local variables:
	 self = table: 0x38e4b308  {click_offset:table: 0x38e4b6a0, static_rotation:false, parent:table: 0x38bfbd00 (more...)}
(12) Lua method 'draw_self' at file 'engine/ui.lua:796'
	Local variables:
	 self = table: 0x38bfbd00  {click_offset:table: 0x38bfc3b0, children:table: 0x38bfbd28, parent:table: 0x38bfbb60 (more...)}
	 button_active = boolean: true
	 parallax_dist = number: 1.5
	 button_being_pressed = boolean: false
(13) Lua method 'draw_children' at file 'engine/ui.lua:541'
	Local variables:
	 self = table: 0x38bfbb60  {click_offset:table: 0x38bfd6d0, children:table: 0x38bfbb88, parent:table: 0x38bfb9c0 (more...)}
	 layer = nil
	 (for generator) = C function: next
	 (for state) = table: 0x38bfbb88  {1:table: 0x38bfbd00}
	 (for control) = number: nan
	 k = number: 1
	 v = table: 0x38bfbd00  {click_offset:table: 0x38bfc3b0, children:table: 0x38bfbd28, parent:table: 0x38bfbb60 (more...)}
(14) Lua method 'draw_children' at file 'engine/ui.lua:542'
	Local variables:
	 self = table: 0x38bfb9c0  {click_offset:table: 0x38bfe8e0, children:table: 0x38bfb9e8, parent:table: 0x38bfa4d0 (more...)}
	 layer = nil
	 (for generator) = C function: next
	 (for state) = table: 0x38bfb9e8  {1:table: 0x38bfbb60}
	 (for control) = number: nan
	 k = number: 1
	 v = table: 0x38bfbb60  {click_offset:table: 0x38bfd6d0, children:table: 0x38bfbb88, parent:table: 0x38bfb9c0 (more...)}
(15) Lua method 'draw' at file 'engine/ui.lua:296'
	Local variables:
	 self = table: 0x38bfa4d0  {click_offset:table: 0x38bfa868, static_rotation:false, parent:table: 0x391489b8 (more...)}
(16) Lua method 'draw_self' at file 'engine/ui.lua:796'
	Local variables:
	 self = table: 0x391489b8  {click_offset:table: 0x38bf8040, children:table: 0x391489e0, parent:table: 0x39148818 (more...)}
	 button_active = boolean: true
	 parallax_dist = number: 1.5
	 button_being_pressed = boolean: false
(17) Lua method 'draw_children' at file 'engine/ui.lua:541'
	Local variables:
	 self = table: 0x39148818  {click_offset:table: 0x38c00bd8, children:table: 0x39148840, parent:table: 0x391484b8 (more...)}
	 layer = nil
	 (for generator) = C function: next
	 (for state) = table: 0x39148840  {1:table: 0x391489b8}
	 (for control) = number: nan
	 k = number: 1
	 v = table: 0x391489b8  {click_offset:table: 0x38bf8040, children:table: 0x391489e0, parent:table: 0x39148818 (more...)}
(18) Lua method 'draw_children' at file 'engine/ui.lua:542'
	Local variables:
	 self = table: 0x391484b8  {click_offset:table: 0x38c01c80, children:table: 0x391484e0, parent:table: 0x39148318 (more...)}
	 layer = nil
	 (for generator) = C function: next
	 (for state) = table: 0x391484e0  {1:table: 0x39148658, 2:table: 0x39148818}
	 (for control) = number: nan
	 k = number: 2
	 v = table: 0x39148818  {click_offset:table: 0x38c00bd8, children:table: 0x39148840, parent:table: 0x391484b8 (more...)}
(19) Lua method 'draw_children' at file 'engine/ui.lua:542'
	Local variables:
	 self = table: 0x39148318  {click_offset:table: 0x38c02e90, children:table: 0x39148340, parent:table: 0x39143cd8 (more...)}
	 layer = nil
	 (for generator) = C function: next
	 (for state) = table: 0x39148340  {1:table: 0x391484b8}
	 (for control) = number: nan
	 k = number: 1
	 v = table: 0x391484b8  {click_offset:table: 0x38c01c80, children:table: 0x391484e0, parent:table: 0x39148318 (more...)}
(20) Lua method 'draw_children' at file 'engine/ui.lua:542'
	Local variables:
	 self = table: 0x39143cd8  {click_offset:table: 0x38c0da10, children:table: 0x39143d00, parent:table: 0x39142660 (more...)}
	 layer = nil
	 (for generator) = C function: next
	 (for state) = table: 0x39143d00  {1:table: 0x39143e78, 2:table: 0x39148318, 3:table: 0x39148b98, 4:table: 0x39148f28 (more...)}
	 (for control) = number: nan
	 k = number: 2
	 v = table: 0x39148318  {click_offset:table: 0x38c02e90, children:table: 0x39148340, parent:table: 0x39143cd8 (more...)}
(21) Lua method 'draw' at file 'engine/ui.lua:296'
	Local variables:
	 self = table: 0x39142660  {click_offset:table: 0x391429f8, children:table: 0x39142ed0, parent:table: 0x392cbe18 (more...)}
(22) Lua method 'draw_self' at file 'engine/ui.lua:796'
	Local variables:
	 self = table: 0x392cbe18  {click_offset:table: 0x392e1e00, children:table: 0x392cbe40, parent:table: 0x392cbc78 (more...)}
	 button_active = boolean: true
	 parallax_dist = number: 1.5
	 button_being_pressed = boolean: false
(23) Lua method 'draw_children' at file 'engine/ui.lua:541'
	Local variables:
	 self = table: 0x392cbc78  {click_offset:table: 0x392e3120, children:table: 0x392cbca0, parent:table: 0x38c2d738 (more...)}
	 layer = nil
	 (for generator) = C function: next
	 (for state) = table: 0x392cbca0  {1:table: 0x392cbe18}
	 (for control) = number: nan
	 k = number: 1
	 v = table: 0x392cbe18  {click_offset:table: 0x392e1e00, children:table: 0x392cbe40, parent:table: 0x392cbc78 (more...)}
(24) Lua method 'draw_children' at file 'engine/ui.lua:542'
	Local variables:
	 self = table: 0x38c2d738  {click_offset:table: 0x392e4268, children:table: 0x38c2d760, parent:table: 0x38c2d598 (more...)}
	 layer = nil
	 (for generator) = C function: next
	 (for state) = table: 0x38c2d760  {1:table: 0x38c2d8d8, 2:table: 0x392cbc78}
	 (for control) = number: nan
	 k = number: 2
	 v = table: 0x392cbc78  {click_offset:table: 0x392e3120, children:table: 0x392cbca0, parent:table: 0x38c2d738 (more...)}
(25) Lua method 'draw_children' at file 'engine/ui.lua:542'
	Local variables:
	 self = table: 0x38c2d598  {click_offset:table: 0x392e53b0, children:table: 0x38c2d5c0, parent:table: 0x38c2d3f8 (more...)}
	 layer = nil
	 (for generator) = C function: next
	 (for state) = table: 0x38c2d5c0  {1:table: 0x38c2d738}
	 (for control) = number: nan
	 k = number: 1
	 v = table: 0x38c2d738  {click_offset:table: 0x392e4268, children:table: 0x38c2d760, parent:table: 0x38c2d598 (more...)}
(26) Lua method 'draw' at file 'engine/ui.lua:299'
	Local variables:
	 self = table: 0x38c2b8a0  {click_offset:table: 0x38c2bc38, children:table: 0x38c2c110, CALCING:true (more...)}
	 (for generator) = C function: builtin#6
	 (for state) = table: 0x38c2c9d8  {1:table: 0x38c2d598}
	 (for control) = number: 1
	 k = number: 1
	 v = table: 0x38c2d598  {click_offset:table: 0x392e53b0, children:table: 0x38c2d5c0, parent:table: 0x38c2d3f8 (more...)}
(27) Lua method 'draw' at file 'game.lua:2900'
	Local variables:
	 self = table: 0x38106410  {F_GUIDE:false, F_CRASH_REPORTS:false, F_QUIT_BUTTON:true, F_ENGLISH_ONLY:false (more...)}
(28) Lua field 'draw' at file 'main.lua:998'
(29) Lua function '?' at file 'main.lua:934' (best guess)
(30) global C function 'xpcall'
(31) LÖVE function at file 'boot.lua:377' (best guess)
	Local variables:
	 func = Lua function '?' (defined at line 902 of chunk main.lua)
	 inerror = boolean: true
	 deferErrhand = Lua function '(LÖVE Function)' (defined at line 348 of chunk [love "boot.lua"])
	 earlyinit = Lua function '(LÖVE Function)' (defined at line 355 of chunk [love "boot.lua"])

INFO - [G] file not found: main.lua: No such file or directory
INFO - [G] file not found: main.lua: No such file or directory
INFO - [G] 2025-03-07 01:17:40 :: INFO  :: StackTrace :: Additional Context:
Balatro Version: 1.0.1o-FULL
Modded Version: 1.0.0~ALPHA-1409a-STEAMODDED
LÖVE Version: 11.5.0
Lovely Version: 0.7.1
Platform: Windows
Steamodded Mods:
    1: Zero Bullitro by BitBites [ID: 0Bullitro, Version: 1.0]
    2: Preorder Cards by asd123cqp [ID: preorder_cards]
    3: Aura by MathIsFun_, ChromaPIE, Bard, Grassy311, RattlingSnow353, Solace, RadicaAprils, chloe_cromslor [ID: Aura, Version: 0.023, Uses Lovely]
    4: Hentai Cards by Makubex77, Pheubel (Code) [ID: HentaiCards, Version: 1.1]
    5: Vintage Pinup Cards by NoScope1080 [ID: VintagePinupCards]
    6: Stickface Deck by Stickface [ID: StickfaceNSFWDeck, Version: 1.0.0]
    7: Balustro by someone23832 [ID: Balustro, Priority: -20, Version: 0.12, Uses Lovely]
Lovely Mods:
