INFO - [♥] Lovely 0.7.1
INFO - [♥] Game directory is at "C:\\Program Files (x86)\\Steam\\steamapps\\common\\Balatro"
INFO - [♥] Writing logs to "C:\\Users\\Administrator\\AppData\\Roaming\\Balatro\\Mods\\lovely\\log"
INFO - [♥] Using mod directory at "C:\\Users\\Administrator\\AppData\\Roaming\\Balatro\\Mods"
INFO - [♥] Found .lovelyignore in 'SakashimaJoker', skipping it.
INFO - [♥] Cleaning up dumps directory at "C:\\Users\\Administrator\\AppData\\Roaming\\Balatro\\Mods\\lovely\\dump"
INFO - [♥] Initialization complete in 19ms
INFO - [♥] Applied 12 patches to 'main.lua'
INFO - [♥] Applied 5 patches to 'engine/controller.lua'
INFO - [♥] Applied 13 patches to 'back.lua'
INFO - [♥] Applied 6 patches to 'tag.lua'
INFO - [♥] Applied 1 patch to 'engine/moveable.lua'
INFO - [♥] Applied 2 patches to 'engine/sprite.lua'
INFO - [♥] Applied 2 patches to 'engine/animatedsprite.lua'
INFO - [♥] Applied 44 patches to 'functions/misc_functions.lua'
INFO - [♥] Applied 24 patches to 'game.lua'
INFO - [♥] Applied 1 patch to 'globals.lua'
INFO - [♥] Applied 3 patches to 'engine/ui.lua'
INFO - [♥] Applied 72 patches to 'functions/UI_definitions.lua'
INFO - [♥] Applied 39 patches to 'functions/state_events.lua'
INFO - [♥] Applied 86 patches to 'functions/common_events.lua'
INFO - [♥] Applied 38 patches to 'functions/button_callbacks.lua'
INFO - [♥] Applied 141 patches to 'card.lua'
INFO - [♥] Applied 6 patches to 'cardarea.lua'
INFO - [♥] Applied 30 patches to 'blind.lua'
INFO - [♥] Applied 2 patches to 'engine/text.lua'
INFO - [G] Failed to connect to the debug server
INFO - [G] 2025-02-27 21:05:43 :: DEBUG :: DebugConsole :: Steamodded Debug Socket started !
INFO - [♥] Applied 9 patches to 'engine/sound_manager.lua'
INFO - [♥] Applied 1 patch to 'engine/save_manager.lua'
INFO - [G] 2025-02-27 21:05:44 :: ERROR :: Loader :: Found invalid metadata JSON file at C:\Users\Administrator\AppData\Roaming\Balatro\Mods/.vscode/settings.json, ignoring: [SMODS _ "src/loader.lua"]:226: id
INFO - [G] 2025-02-27 21:05:44 :: ERROR :: Loader :: Found invalid metadata JSON file at C:\Users\Administrator\AppData\Roaming\Balatro\Mods/Aura/.vscode/settings.json, ignoring: [SMODS _ "src/loader.lua"]:226: id
INFO - [G] 2025-02-27 21:05:44 :: TRACE :: Loader :: Processing Mod file (Legacy header): Aura.lua
INFO - [G] 2025-02-27 21:05:44 :: TRACE :: Loader :: Saving Mod Info: Aura
INFO - [G] 2025-02-27 21:05:44 :: TRACE :: Loader :: Processing Mod file (Legacy header): PreorderCards.lua
INFO - [G] 2025-02-27 21:05:44 :: TRACE :: Loader :: Saving Mod Info: preorder_cards
INFO - [G] 2025-02-27 21:05:44 :: TRACE :: Loader :: Processing Mod file (Legacy header): SakashimaJoker.lua
INFO - [G] 2025-02-27 21:05:44 :: TRACE :: Loader :: Saving Mod Info: SakashimaJoker
INFO - [G] 2025-02-27 21:05:44 :: INFO  :: SoundAPI :: Registered sound 'clench_1' from file clench_1.ogg
INFO - [G] 2025-02-27 21:05:44 :: INFO  :: SoundAPI :: Registered sound 'clench_10' from file clench_10.ogg
INFO - [G] 2025-02-27 21:05:44 :: INFO  :: SoundAPI :: Registered sound 'clench_11' from file clench_11.ogg
INFO - [G] 2025-02-27 21:05:44 :: INFO  :: SoundAPI :: Registered sound 'clench_12' from file clench_12.ogg
INFO - [G] 2025-02-27 21:05:44 :: INFO  :: SoundAPI :: Registered sound 'clench_13' from file clench_13.ogg
INFO - [G] 2025-02-27 21:05:44 :: INFO  :: SoundAPI :: Registered sound 'clench_14' from file clench_14.ogg
INFO - [G] 2025-02-27 21:05:44 :: INFO  :: SoundAPI :: Registered sound 'clench_15' from file clench_15.ogg
INFO - [G] 2025-02-27 21:05:44 :: INFO  :: SoundAPI :: Registered sound 'clench_2' from file clench_2.ogg
INFO - [G] 2025-02-27 21:05:44 :: INFO  :: SoundAPI :: Registered sound 'clench_3' from file clench_3.ogg
INFO - [G] 2025-02-27 21:05:44 :: INFO  :: SoundAPI :: Registered sound 'clench_4' from file clench_4.ogg
INFO - [G] 2025-02-27 21:05:44 :: INFO  :: SoundAPI :: Registered sound 'clench_5' from file clench_5.ogg
INFO - [G] 2025-02-27 21:05:44 :: INFO  :: SoundAPI :: Registered sound 'clench_6' from file clench_6.ogg
INFO - [G] 2025-02-27 21:05:44 :: INFO  :: SoundAPI :: Registered sound 'clench_7' from file clench_7.ogg
INFO - [G] 2025-02-27 21:05:44 :: INFO  :: SoundAPI :: Registered sound 'clench_8' from file clench_8.ogg
INFO - [G] 2025-02-27 21:05:44 :: INFO  :: SoundAPI :: Registered sound 'clench_9' from file clench_9.ogg
INFO - [G] 2025-02-27 21:05:44 :: INFO  :: SoundAPI :: Registered sound 'drink_1' from file drink_1.ogg
INFO - [G] 2025-02-27 21:05:44 :: INFO  :: SoundAPI :: Registered sound 'drink_10' from file drink_10.ogg
INFO - [G] 2025-02-27 21:05:44 :: INFO  :: SoundAPI :: Registered sound 'drink_11' from file drink_11.ogg
INFO - [G] 2025-02-27 21:05:44 :: INFO  :: SoundAPI :: Registered sound 'drink_2' from file drink_2.ogg
INFO - [G] 2025-02-27 21:05:44 :: INFO  :: SoundAPI :: Registered sound 'drink_3' from file drink_3.ogg
INFO - [G] 2025-02-27 21:05:44 :: INFO  :: SoundAPI :: Registered sound 'drink_4' from file drink_4.ogg
INFO - [G] 2025-02-27 21:05:44 :: INFO  :: SoundAPI :: Registered sound 'drink_5' from file drink_5.ogg
INFO - [G] 2025-02-27 21:05:44 :: INFO  :: SoundAPI :: Registered sound 'drink_6' from file drink_6.ogg
INFO - [G] 2025-02-27 21:05:44 :: INFO  :: SoundAPI :: Registered sound 'drink_7' from file drink_7.ogg
INFO - [G] 2025-02-27 21:05:44 :: INFO  :: SoundAPI :: Registered sound 'drink_8' from file drink_8.ogg
INFO - [G] 2025-02-27 21:05:44 :: INFO  :: SoundAPI :: Registered sound 'drink_9' from file drink_9.ogg
INFO - [G] 2025-02-27 21:05:44 :: INFO  :: SoundAPI :: Registered sound 'gulp_1' from file gulp_1.ogg
INFO - [G] 2025-02-27 21:05:44 :: INFO  :: SoundAPI :: Registered sound 'gulp_10' from file gulp_10.ogg
INFO - [G] 2025-02-27 21:05:44 :: INFO  :: SoundAPI :: Registered sound 'gulp_2' from file gulp_2.ogg
INFO - [G] 2025-02-27 21:05:44 :: INFO  :: SoundAPI :: Registered sound 'gulp_3' from file gulp_3.ogg
INFO - [G] 2025-02-27 21:05:44 :: INFO  :: SoundAPI :: Registered sound 'gulp_4' from file gulp_4.ogg
INFO - [G] 2025-02-27 21:05:44 :: INFO  :: SoundAPI :: Registered sound 'gulp_5' from file gulp_5.ogg
INFO - [G] 2025-02-27 21:05:44 :: INFO  :: SoundAPI :: Registered sound 'gulp_6' from file gulp_6.ogg
INFO - [G] 2025-02-27 21:05:44 :: INFO  :: SoundAPI :: Registered sound 'gulp_7' from file gulp_7.ogg
INFO - [G] 2025-02-27 21:05:44 :: INFO  :: SoundAPI :: Registered sound 'gulp_8' from file gulp_8.ogg
INFO - [G] 2025-02-27 21:05:44 :: INFO  :: SoundAPI :: Registered sound 'gulp_9' from file gulp_9.ogg
INFO - [G] 2025-02-27 21:05:44 :: INFO  :: SoundAPI :: Registered sound 'knock_1' from file knock_1.ogg
INFO - [G] 2025-02-27 21:05:44 :: INFO  :: SoundAPI :: Registered sound 'knock_2' from file knock_2.ogg
INFO - [G] 2025-02-27 21:05:44 :: INFO  :: SoundAPI :: Registered sound 'knock_3' from file knock_3.ogg
INFO - [G] 2025-02-27 21:05:44 :: INFO  :: SoundAPI :: Registered sound 'oral_base' from file oral_base.ogg
INFO - [G] 2025-02-27 21:05:44 :: INFO  :: SoundAPI :: Registered sound 'pump_1' from file pump_1.ogg
INFO - [G] 2025-02-27 21:05:44 :: INFO  :: SoundAPI :: Registered sound 'pump_10' from file pump_10.ogg
INFO - [G] 2025-02-27 21:05:44 :: INFO  :: SoundAPI :: Registered sound 'pump_11' from file pump_11.ogg
INFO - [G] 2025-02-27 21:05:44 :: INFO  :: SoundAPI :: Registered sound 'pump_12' from file pump_12.ogg
INFO - [G] 2025-02-27 21:05:44 :: INFO  :: SoundAPI :: Registered sound 'pump_2' from file pump_2.ogg
INFO - [G] 2025-02-27 21:05:44 :: INFO  :: SoundAPI :: Registered sound 'pump_3' from file pump_3.ogg
INFO - [G] 2025-02-27 21:05:44 :: INFO  :: SoundAPI :: Registered sound 'pump_4' from file pump_4.ogg
INFO - [G] 2025-02-27 21:05:44 :: INFO  :: SoundAPI :: Registered sound 'pump_5' from file pump_5.ogg
INFO - [G] 2025-02-27 21:05:44 :: INFO  :: SoundAPI :: Registered sound 'pump_6' from file pump_6.ogg
INFO - [G] 2025-02-27 21:05:44 :: INFO  :: SoundAPI :: Registered sound 'pump_7' from file pump_7.ogg
INFO - [G] 2025-02-27 21:05:44 :: INFO  :: SoundAPI :: Registered sound 'pump_8' from file pump_8.ogg
INFO - [G] 2025-02-27 21:05:44 :: INFO  :: SoundAPI :: Registered sound 'pump_9' from file pump_9.ogg
INFO - [G] 2025-02-27 21:05:44 :: INFO  :: SoundAPI :: Testing registered sound 'aura_pump_4' of existence: true
INFO - [G] 2025-02-27 21:05:44 :: TRACE :: Loader :: Mod SakashimaJoker was unable to load: 
INFO - [G] 2025-02-27 21:05:44 :: INFO  :: TIMER :: [0000] Injected Language in 0.001 ms
INFO - [G] 2025-02-27 21:05:44 :: INFO  :: TIMER :: [0000] Injected [INTERNAL] in 0.869 ms
INFO - [G] 2025-02-27 21:05:46 :: INFO  :: TIMER :: [0032] Injected Atlas in 1273.468 ms
INFO - [G] 2025-02-27 21:05:46 :: INFO  :: TIMER :: [0053] Injected Sound in 3.791 ms
INFO - [G] 2025-02-27 21:05:46 :: INFO  :: TIMER :: [0008] Injected Stake in 0.287 ms
INFO - [G] 2025-02-27 21:05:46 :: INFO  :: TIMER :: [0004] Injected Rarity in 0.021 ms
INFO - [G] 2025-02-27 21:05:46 :: INFO  :: TIMER :: [0004] Injected ObjectType in 0.036 ms
INFO - [G] 2025-02-27 21:05:46 :: INFO  :: TIMER :: [0198] Injected Center in 2.237 ms
INFO - [G] 2025-02-27 21:05:46 :: INFO  :: TIMER :: [0007] Injected Undiscovered Sprite in 0.011 ms
INFO - [G] 2025-02-27 21:05:46 :: INFO  :: TIMER :: [0002] Injected Blind in 0.015 ms
INFO - [G] 2025-02-27 21:05:46 :: INFO  :: TIMER :: [0004] Injected Seal in 0.260 ms
INFO - [G] 2025-02-27 21:05:46 :: INFO  :: TIMER :: [0004] Injected Suit in 0.117 ms
INFO - [G] 2025-02-27 21:05:46 :: INFO  :: TIMER :: [0013] Injected Rank in 0.147 ms
INFO - [G] 2025-02-27 21:05:46 :: INFO  :: TIMER :: [0028] Injected DeckSkin in 0.211 ms
INFO - [G] 2025-02-27 21:05:46 :: INFO  :: TIMER :: [0012] Injected PokerHand in 0.089 ms
INFO - [G] 2025-02-27 21:05:46 :: INFO  :: TIMER :: [0020] Injected Challenge in 0.120 ms
INFO - [G] 2025-02-27 21:05:46 :: INFO  :: TIMER :: [0000] Injected Tag in 0.002 ms
INFO - [G] 2025-02-27 21:05:46 :: INFO  :: TIMER :: [0004] Injected Sticker in 0.072 ms
INFO - [G] 2025-02-27 21:05:46 :: INFO  :: TIMER :: [0000] Injected Shader in 0.001 ms
INFO - [G] 2025-02-27 21:05:46 :: INFO  :: TIMER :: [0001] Injected Keybind in 0.013 ms
INFO - [G] 2025-02-27 21:05:46 :: INFO  :: TIMER :: [0000] Injected Achievement in 0.047 ms
INFO - [G] 2025-02-27 21:05:46 :: INFO  :: TIMER :: [0000] Injected [INTERNAL] in 0.464 ms
