INFO - [♥] Lovely 0.7.1
INFO - [♥] Game directory is at "C:\\Program Files (x86)\\Steam\\steamapps\\common\\Balatro"
INFO - [♥] Writing logs to "C:\\Users\\Administrator\\AppData\\Roaming\\Balatro\\Mods\\lovely\\log"
INFO - [♥] Using mod directory at "C:\\Users\\Administrator\\AppData\\Roaming\\Balatro\\Mods"
INFO - [♥] Found .lovelyignore in 'SakashimaJoker', skipping it.
INFO - [♥] Cleaning up dumps directory at "C:\\Users\\Administrator\\AppData\\Roaming\\Balatro\\Mods\\lovely\\dump"
INFO - [♥] Initialization complete in 20ms
INFO - [♥] Applied 12 patches to 'main.lua'
INFO - [♥] Applied 5 patches to 'engine/controller.lua'
INFO - [♥] Applied 13 patches to 'back.lua'
INFO - [♥] Applied 6 patches to 'tag.lua'
INFO - [♥] Applied 1 patch to 'engine/moveable.lua'
INFO - [♥] Applied 2 patches to 'engine/sprite.lua'
INFO - [♥] Applied 2 patches to 'engine/animatedsprite.lua'
INFO - [♥] Applied 44 patches to 'functions/misc_functions.lua'
INFO - [♥] Applied 29 patches to 'game.lua'
INFO - [♥] Applied 1 patch to 'globals.lua'
INFO - [♥] Applied 3 patches to 'engine/ui.lua'
INFO - [♥] Applied 72 patches to 'functions/UI_definitions.lua'
INFO - [♥] Applied 39 patches to 'functions/state_events.lua'
INFO - [♥] Applied 87 patches to 'functions/common_events.lua'
INFO - [♥] Applied 38 patches to 'functions/button_callbacks.lua'
INFO - [♥] Applied 143 patches to 'card.lua'
INFO - [♥] Applied 6 patches to 'cardarea.lua'
INFO - [♥] Applied 30 patches to 'blind.lua'
INFO - [♥] Applied 2 patches to 'engine/text.lua'
INFO - [G] Failed to connect to the debug server
INFO - [G] 2025-03-06 14:47:49 :: DEBUG :: DebugConsole :: Steamodded Debug Socket started !
INFO - [♥] Applied 9 patches to 'engine/sound_manager.lua'
INFO - [♥] Applied 1 patch to 'engine/save_manager.lua'
INFO - [G] 2025-03-06 14:47:50 :: ERROR :: Loader :: Found invalid metadata JSON file at C:\Users\Administrator\AppData\Roaming\Balatro\Mods/.vscode/settings.json, ignoring: [SMODS _ "src/loader.lua"]:226: id
INFO - [G] 2025-03-06 14:47:50 :: INFO  :: DefaultLogger :: Valid JSON file found
INFO - [G] 2025-03-06 14:47:50 :: ERROR :: Loader :: Found invalid metadata JSON file at C:\Users\Administrator\AppData\Roaming\Balatro\Mods/Aura/.vscode/settings.json, ignoring: [SMODS _ "src/loader.lua"]:226: id
INFO - [G] 2025-03-06 14:47:50 :: TRACE :: Loader :: Processing Mod file (Legacy header): Aura.lua
INFO - [G] 2025-03-06 14:47:50 :: TRACE :: Loader :: Saving Mod Info: Aura
INFO - [G] 2025-03-06 14:47:50 :: TRACE :: Loader :: Processing Mod file (Legacy header): PreorderCards.lua
INFO - [G] 2025-03-06 14:47:50 :: TRACE :: Loader :: Saving Mod Info: preorder_cards
INFO - [G] 2025-03-06 14:47:50 :: INFO  :: DefaultLogger :: Valid JSON file found
INFO - [G] 2025-03-06 14:47:50 :: TRACE :: Loader :: Processing Mod file (Legacy header): helltakerhentaicards.lua
INFO - [G] 2025-03-06 14:47:50 :: TRACE :: Loader :: Saving Mod Info: helltakerhentaicards
INFO - [G] 2025-03-06 14:47:50 :: INFO  :: DefaultLogger :: Valid JSON file found
INFO - [G] 2025-03-06 14:47:50 :: TRACE :: Loader :: Processing Mod file (Legacy header): HentaiCards.lua
INFO - [G] 2025-03-06 14:47:50 :: WARN  :: Loader :: Duplicate Mod ID: HentaiCards
INFO - [G] 2025-03-06 14:47:50 :: TRACE :: Loader :: Processing Mod file (Legacy header): SakashimaJoker.lua
INFO - [G] 2025-03-06 14:47:50 :: TRACE :: Loader :: Saving Mod Info: SakashimaJoker
INFO - [G] 2025-03-06 14:47:50 :: INFO  :: DefaultLogger :: Valid JSON file found
INFO - [G] 2025-03-06 14:47:52 :: WARN  :: DeckSkin :: Old DeckSkin formatting detected on DeckSkin lust_LuckHearts!
INFO - [G] 2025-03-06 14:47:52 :: WARN  :: DeckSkin :: Old DeckSkin formatting detected on DeckSkin lust_LuckClubs!
INFO - [G] 2025-03-06 14:47:52 :: WARN  :: DeckSkin :: Old DeckSkin formatting detected on DeckSkin lust_LuckDiamonds!
INFO - [G] 2025-03-06 14:47:52 :: WARN  :: DeckSkin :: Old DeckSkin formatting detected on DeckSkin lust_LuckSpades!
INFO - [G] Picture dimensions: 138 x 186
INFO - [G] Number of animation frames: 8
INFO - [G] Comment inside this GIF: Created with Paint.NET
INFO - [G] Picture dimensions: 138 x 186
INFO - [G] Number of animation frames: 1
INFO - [G] Comment inside this GIF: NO_COMMENT
INFO - [G] Picture dimensions: 138 x 186
INFO - [G] Number of animation frames: 9
INFO - [G] Comment inside this GIF: Created with Paint.NET
INFO - [G] 2025-03-06 14:47:52 :: WARN  :: Atlas :: Object centers has the same key as an existing object, not registering.
INFO - [G] 2025-03-06 14:47:52 :: WARN  :: Atlas :: If you want to modify an existing object, use take_ownership()
INFO - [G] soul_atlas
INFO - [G] 2025-03-06 14:47:52 :: TRACE :: Loader :: Mod SakashimaJoker was unable to load: 
INFO - [G] 2025-03-06 14:47:52 :: WARN  :: Atlas :: Object cards_1 has the same key as an existing object, not registering.
INFO - [G] 2025-03-06 14:47:52 :: WARN  :: Atlas :: If you want to modify an existing object, use take_ownership()
INFO - [G] line not found
INFO - [G] file not found: main.lua: No such file or directory
INFO - [G] file not found: main.lua: No such file or directory
INFO - [G] line not found
INFO - [G] line not found
INFO - [G] line not found
INFO - [G] line not found
INFO - [G] file not found: main.lua: No such file or directory
INFO - [G] 2025-03-06 14:47:52 :: ERROR :: StackTrace :: Oops! The game crashed
[SMODS helltakerhentaicards "helltakerhentaicards.lua"]:13: attempt to index local 'helltakerhentaicardsDeck' (a nil value)
Stack Traceback
===============
(1) Lua local 'handler' at file 'main.lua:612'
	Local variables:
	 msg = string: "[SMODS helltakerhentaicards \"helltakerhentaicards.lua\"]:13: attempt to index local 'helltakerhentaicardsDeck' (a nil value)"
	 (*temporary) = Lua function '?' (defined at line 31 of chunk [SMODS _ "src/logging.lua"])
	 (*temporary) = string: "Oops! The game crashed\
"
(2) LÖVE metamethod at file 'boot.lua:352'
	Local variables:
	 errhand = Lua function '?' (defined at line 598 of chunk main.lua)
	 handler = Lua function '?' (defined at line 598 of chunk main.lua)
(3) Lua local 'v' at file 'helltakerhentaicards.lua:13' (from mod with id helltakerhentaicards)
	Local variables:
	 helltakerhentaicardsMod = table: 0x3fa3cea8  {version:0.0.0, id:helltakerhentaicards, main_file:helltakerhentaicards.lua (more...)}
	 helltakerhentaicardsDeck = nil
	 (*temporary) = table: 0x41043af8  {__newindex:function: 0x41043ad8, register:function: 0x41043a98, subclasses:table: 0x41043b40 (more...)}
	 (*temporary) = nil
	 (*temporary) = boolean: true
	 (*temporary) = table: 0x41045bd0  {delay_register:true, original_key:cards_1, px:71, path:helltakerhentaicards.png (more...)}
	 (*temporary) = boolean: true
	 (*temporary) = string: "If you want to modify an existing object, use take_ownership()"
	 (*temporary) = string: "Atlas"
	 (*temporary) = string: "attempt to index local 'helltakerhentaicardsDeck' (a nil value)"
(4) Lua local 'func' at Steamodded file 'src/loader.lua:565' 
	Local variables:
	 (for generator) = C function: next
	 (for state) = table: 0x3fc0ce30  {helltakerhentaicards:function: 0x41045b40}
	 (for control) = number: nan
	 k = string: "helltakerhentaicards"
	 v = Lua function '?' (defined at line 10 of chunk [SMODS helltakerhentaicards "helltakerhentaicards.lua"])
(5) Lua field 'with_compat' at Steamodded file 'src/compat_0_9_8.lua:522' 
	Local variables:
	 func = Lua function '?' (defined at line 561 of chunk [SMODS _ "src/loader.lua"])
	 localization_ref = table: 0x3fdf5080  {descriptions:table: 0x3fdf50e0, tutorial_parsed:table: 0x3fe6b4f0, quips_parsed:table: 0x3fe87748 (more...)}
	 captured_loc = table: 0x41043dc8  {}
(6) Lua global 'loadMods' at Steamodded file 'src/loader.lua:561' 
	Local variables:
	 modsDirectory = string: "C:\\Users\\Administrator\\AppData\\Roaming\\Balatro\\Mods"
	 header_components = table: 0x3fd74eb8  {version:table: 0x3fb0cf30, id:table: 0x3fd74f40, conflicts:table: 0x3fc298e8 (more...)}
	 json_spec = table: 0x3f92ab18  {version:table: 0x3fe9bc28, id:table: 0x3f92ab40, main_file:table: 0x3ff33f50 (more...)}
	 used_prefixes = table: 0x3fb41848  {aura:Aura, saka:SakashimaJoker, preo:preorder_cards}
	 lovely_directories = table: 0x3fb41870  {1:C:\Users\Administrator\AppData\Roaming\Balatro\Mods/Aura/, 2:C:\Users\Administrator\AppData\Roaming\Balatro\Mods/Balustro/ (more...)}
	 processDirectory = Lua function '?' (defined at line 185 of chunk [SMODS _ "src/loader.lua"])
	 keyset = table: 0x3fc1c680  {1:-20, 2:0}
	 check_dependencies = Lua function '?' (defined at line 419 of chunk [SMODS _ "src/loader.lua"])
	 (for generator) = C function: builtin#6
	 (for state) = table: 0x3fc1c680  {1:-20, 2:0}
	 (for control) = number: 2
	 _ = number: 2
	 priority = number: 0
	 (for generator) = C function: builtin#6
	 (for state) = table: 0x3fef0f10  {1:table: 0x3fc1f8e8, 2:table: 0x3fafda30, 3:table: 0x3fb772d0, 4:table: 0x3fdae5a0 (more...)}
	 (for control) = number: 6
	 _ = number: 6
	 mod = table: 0x3fa3cea8  {version:0.0.0, id:helltakerhentaicards, main_file:helltakerhentaicards.lua (more...)}
(7) Lua global 'initSteamodded' at Steamodded file 'src/loader.lua:654' 
(8) Lua method 'start_up' at file 'game.lua:211'
	Local variables:
	 self = table: 0x3f935470  {F_GUIDE:false, F_CRASH_REPORTS:false, F_QUIT_BUTTON:true, F_ENGLISH_ONLY:false (more...)}
	 settings = string: "return {[\"version\"]=\"1.0.1o-FULL\",[\"paused\"]=false,[\"QUEUED_CHANGE\"]={},[\"COMP\"]={[\"prev_name\"]=\"\",[\"name\"]=\"\",[\"score\"]=360,},[\"colourblind_option\"]=false,[\"play_button_pos\"]=2,[\"CUSTOM_DECK\"]={[\"Collabs\"]={[\"Spades\"]=\"aura_goon_spades\",[\"Hearts\"]=\"aura_goon_hearts\",[\"Diamonds\"]=\"aura_goon_diamonds\",[\"Clubs\"]=\"aura_goon_clubs\",},},[\"colour_palettes\"]={[\"Spades\"]=\"lc\",[\"Hearts\"]=\"lc\",[\"Diamonds\"]=\"lc\",[\"Clubs\"]=\"lc\",},[\"crashreports\"]=false,[\"tutorial_progress\"]={[\"hold_parts\"]={},[\"section\"]=\"big_blind\",[\"completed_parts\"]={[\"first_hand_3\"]=true,[\"small_blind\"]=true,[\"big_blind\"]=true,[\"first_hand_4\"]=true,[\"shop_1\"]=true,[\"first_hand_section\"]=true,[\"first_hand_2\"]=true,[\"first_hand\"]=true,},},[\"language\"]=\"en-us\",[\"profile\"]=1,[\"WINDOW\"]={[\"vsync\"]=1,[\"display_names\"]={[1]=\"1\",},[\"screenmode\"]=\"Borderless\",[\"DISPLAYS\"]={[1]={[\"screen_resolutions\"]={[\"strings\"]={[1]=\"1920 X 1080\",},[\"values\"]={[1]={[\"w\"]=1920,[\"h\"]=1080,},},},[\"DPI_scale\"]=1,[\"MONITOR_DIMS\"]={[\"height\"]=1080,[\"width\"]=1920,},},},[\"selected_display\"]=1,},[\"run_stake_stickers\"]=false,[\"GAMESPEED\"]=4,[\"SOUND\"]={[\"volume\"]=50,[\"music_volume\"]=0,[\"game_sounds_volume\"]=100,},[\"music_control\"]={[\"current_track\"]=\"\",[\"desired_track\"]=\"\",[\"lerp\"]=1,},[\"ACHIEVEMENTS_EARNED\"]={[\"extreme_couponer\"]=true,[\"astronomy\"]=true,[\"card_discarder\"]=true,[\"cartomancy\"]=true,[\"clairvoyance\"]=true,[\"card_player\"]=true,},[\"screenshake\"]=50,[\"current_setup\"]=\"Continue\",[\"tutorial_complete\"]=true,[\"ambient_control\"]={[\"ambientFire1\"]={[\"per\"]=1.1,[\"vol\"]=0,},[\"ambientOrgan1\"]={[\"per\"]=0.7,[\"vol\"]=0,},[\"ambientFire2\"]={[\"per\"]=1.05,[\"vol\"]=0,},[\"ambientFire3\"]={[\"per\"]=1,[\"vol\"]=0,},},[\"DEMO\"]={[\"win_CTA_shown\"]=true,[\"quit_CTA_shown\"]=true,[\"timed_CTA_shown\"]=true,[\"total_uptime\"]=2787.2267973048,},[\"GRAPHICS\"]={[\"texture_scaling\"]=2,[\"crt\"]=0,[\"shadows\"]=\"On\",[\"bloom\"]=1,},}"
	 settings_ver = nil
	 new_colour_proto = table: 0x3f93d988  {Spades:table: 0x3f93dc10, Hearts:table: 0x3f93da80, Diamonds:table: 0x3f93db38 (more...)}
	 sound_files = table: 0x3fc85e98  {1:ambientFire1.ogg, 2:ambientFire2.ogg, 3:ambientFire3.ogg, 4:ambientOrgan1.ogg (more...)}
	 shader_files = table: 0x3fc89db0  {1:CRT.fs, 2:background.fs, 3:booster.fs, 4:debuff.fs, 5:dissolve.fs, 6:flame.fs (more...)}
(9) Lua field 'load' at file 'main.lua:945'
(10) Lua function '?' at file 'main.lua:892' (best guess)
(11) global C function 'xpcall'
(12) LÖVE function at file 'boot.lua:368' (best guess)
	Local variables:
	 result = boolean: true
	 main = nil
(13) global C function 'xpcall'
(14) LÖVE function at file 'boot.lua:377' (best guess)
	Local variables:
	 func = Lua function '(LÖVE Function)' (defined at line 355 of chunk [love "boot.lua"])
	 inerror = boolean: true
	 deferErrhand = Lua function '(LÖVE Function)' (defined at line 348 of chunk [love "boot.lua"])
	 earlyinit = Lua function '(LÖVE Function)' (defined at line 355 of chunk [love "boot.lua"])

INFO - [G] line not found
INFO - [G] line not found
INFO - [G] line not found
INFO - [G] line not found
INFO - [G] file not found: main.lua: No such file or directory
INFO - [G] 2025-03-06 14:47:52 :: INFO  :: StackTrace :: Additional Context:
Balatro Version: 1.0.1o-FULL
Modded Version: 1.0.0~ALPHA-1409a-STEAMODDED
LÖVE Version: 11.5.0
Lovely Version: 0.7.1
Platform: Windows
Steamodded Mods:
    1: Zero Bullitro by BitBites [ID: 0Bullitro, Version: 1.0]
    2: Preorder Cards by asd123cqp [ID: preorder_cards]
    3: Aura by MathIsFun_, ChromaPIE, Bard, Grassy311, RattlingSnow353, Solace, RadicaAprils, chloe_cromslor [ID: Aura, Version: 0.023, Uses Lovely]
    4: Hentai Cards by Makubex77, Pheubel (Code) [ID: HentaiCards, Version: 1.1]
    5: Stickface Deck by Stickface [ID: StickfaceNSFWDeck, Version: 1.0.0]
    6: Balustro by someone23832 [ID: Balustro, Priority: -20, Version: 0.12, Uses Lovely]
    7: Helltaker Hentai Cards by Young Soldier [ID: helltakerhentaicards]
Lovely Mods:
