INFO - [♥] Lovely 0.7.1
INFO - [♥] Game directory is at "C:\\Program Files (x86)\\Steam\\steamapps\\common\\Balatro"
INFO - [♥] Writing logs to "C:\\Users\\Administrator\\AppData\\Roaming\\Balatro\\Mods\\lovely\\log"
INFO - [♥] Using mod directory at "C:\\Users\\Administrator\\AppData\\Roaming\\Balatro\\Mods"
INFO - [♥] Found .lovelyignore in 'SakashimaJoker', skipping it.
INFO - [♥] Cleaning up dumps directory at "C:\\Users\\Administrator\\AppData\\Roaming\\Balatro\\Mods\\lovely\\dump"
INFO - [♥] Initialization complete in 19ms
INFO - [♥] Applied 13 patches to 'main.lua'
INFO - [♥] Applied 6 patches to 'engine/controller.lua'
INFO - [♥] Applied 14 patches to 'back.lua'
INFO - [♥] Applied 7 patches to 'tag.lua'
INFO - [♥] Applied 2 patches to 'engine/moveable.lua'
INFO - [♥] Applied 2 patches to 'engine/sprite.lua'
INFO - [♥] Applied 2 patches to 'engine/animatedsprite.lua'
INFO - [♥] Applied 45 patches to 'functions/misc_functions.lua'
INFO - [♥] Applied 30 patches to 'game.lua'
INFO - [♥] Applied 1 patch to 'globals.lua'
INFO - [♥] Applied 4 patches to 'engine/ui.lua'
INFO - [♥] Applied 73 patches to 'functions/UI_definitions.lua'
INFO - [♥] Applied 40 patches to 'functions/state_events.lua'
INFO - [♥] Applied 88 patches to 'functions/common_events.lua'
INFO - [♥] Applied 39 patches to 'functions/button_callbacks.lua'
INFO - [♥] Applied 144 patches to 'card.lua'
INFO - [♥] Applied 7 patches to 'cardarea.lua'
INFO - [♥] Applied 31 patches to 'blind.lua'
INFO - [♥] Applied 3 patches to 'engine/text.lua'
INFO - [G] Failed to connect to the debug server
INFO - [G] 2025-03-07 21:08:50 :: DEBUG :: DebugConsole :: Steamodded Debug Socket started !
INFO - [♥] Applied 10 patches to 'engine/sound_manager.lua'
INFO - [♥] Applied 1 patch to 'engine/save_manager.lua'
INFO - [G] 2025-03-07 21:08:52 :: ERROR :: Loader :: Found invalid metadata JSON file at C:\Users\Administrator\AppData\Roaming\Balatro\Mods/.vscode/settings.json, ignoring: [SMODS _ "src/loader.lua"]:226: id
INFO - [G] 2025-03-07 21:08:52 :: INFO  :: DefaultLogger :: Valid JSON file found
INFO - [G] 2025-03-07 21:08:52 :: ERROR :: Loader :: Found invalid metadata JSON file at C:\Users\Administrator\AppData\Roaming\Balatro\Mods/Aura/.vscode/settings.json, ignoring: [SMODS _ "src/loader.lua"]:226: id
INFO - [G] 2025-03-07 21:08:52 :: TRACE :: Loader :: Processing Mod file (Legacy header): Aura.lua
INFO - [G] 2025-03-07 21:08:52 :: TRACE :: Loader :: Saving Mod Info: Aura
INFO - [G] 2025-03-07 21:08:52 :: TRACE :: Loader :: Processing Mod file (Legacy header): PreorderCards.lua
INFO - [G] 2025-03-07 21:08:52 :: TRACE :: Loader :: Saving Mod Info: preorder_cards
INFO - [G] 2025-03-07 21:08:52 :: INFO  :: DefaultLogger :: Valid JSON file found
INFO - [G] 2025-03-07 21:08:52 :: INFO  :: DefaultLogger :: Valid JSON file found
INFO - [G] 2025-03-07 21:08:52 :: TRACE :: Loader :: Processing Mod file (Legacy header): HentaiCards.lua
INFO - [G] 2025-03-07 21:08:52 :: WARN  :: Loader :: Duplicate Mod ID: HentaiCards
INFO - [G] 2025-03-07 21:08:52 :: TRACE :: Loader :: Processing Mod file (Legacy header): SakashimaJoker.lua
INFO - [G] 2025-03-07 21:08:52 :: TRACE :: Loader :: Saving Mod Info: SakashimaJoker
INFO - [G] 2025-03-07 21:08:52 :: INFO  :: DefaultLogger :: Valid JSON file found
INFO - [G] 2025-03-07 21:08:52 :: TRACE :: Loader :: Processing Mod file (Legacy header): VintagePinupCards.lua
INFO - [G] 2025-03-07 21:08:52 :: TRACE :: Loader :: Saving Mod Info: VintagePinupCards
INFO - [G] 2025-03-07 21:08:52 :: WARN  :: DeckSkin :: Old DeckSkin formatting detected on DeckSkin lust_LuckHearts!
INFO - [G] 2025-03-07 21:08:52 :: WARN  :: DeckSkin :: Old DeckSkin formatting detected on DeckSkin lust_LuckClubs!
INFO - [G] 2025-03-07 21:08:52 :: WARN  :: DeckSkin :: Old DeckSkin formatting detected on DeckSkin lust_LuckDiamonds!
INFO - [G] 2025-03-07 21:08:52 :: WARN  :: DeckSkin :: Old DeckSkin formatting detected on DeckSkin lust_LuckSpades!
INFO - [G] Picture dimensions: 138 x 186
INFO - [G] Number of animation frames: 8
INFO - [G] Comment inside this GIF: Created with Paint.NET
INFO - [G] Picture dimensions: 138 x 186
INFO - [G] Number of animation frames: 1
INFO - [G] Comment inside this GIF: NO_COMMENT
INFO - [G] Picture dimensions: 138 x 186
INFO - [G] Number of animation frames: 9
INFO - [G] Comment inside this GIF: Created with Paint.NET
INFO - [G] 2025-03-07 21:08:52 :: WARN  :: Atlas :: Object centers has the same key as an existing object, not registering.
INFO - [G] 2025-03-07 21:08:52 :: WARN  :: Atlas :: If you want to modify an existing object, use take_ownership()
INFO - [G] soul_atlas
INFO - [G] 2025-03-07 21:08:52 :: TRACE :: Loader :: Mod SakashimaJoker was unable to load: 
INFO - [G] 2025-03-07 21:08:52 :: INFO  :: TIMER :: [0000] Injected Language in 0.001 ms
INFO - [G] 2025-03-07 21:08:52 :: INFO  :: TIMER :: [0000] Injected [INTERNAL] in 1.081 ms
INFO - [G] mod_tags
INFO - [G] achievements
INFO - [G] lust_AltVersions
INFO - [G] Joker
INFO - [G] centers
INFO - [G] lust_editions
INFO - [G] lust_LustTarot
INFO - [G] Booster
INFO - [G] stickers
INFO - [G] shop_sign
INFO - [G] balatro
INFO - [G] lust_modicon
INFO - [G] BalustroIcons
INFO - [G] lust_BalustroPlayingCards
INFO - [G] lust_LuckPlayingCardsLC
INFO - [G] lust_LuckPlayingCardsHC
INFO - [G] bull_wide_card
INFO - [G] aura_j_faceless
INFO - [G] aura_j_seance
INFO - [G] aura_j_juggler
INFO - [G] aura_c_hearts
INFO - [G] aura_c_diamonds
INFO - [G] aura_c_clubs
INFO - [G] aura_c_spades
INFO - [G] aura_goon_icon_heart
INFO - [G] aura_goon_icon_diamond
INFO - [G] aura_goon_icon_club
INFO - [G] aura_goon_icon_spade
INFO - [G] FHC_hentai_cards_deck_lc
INFO - [G] FHC_hentai_cards_deck_hc
INFO - [G] Tarot
INFO - [G] Planet
INFO - [G] Spectral
INFO - [G] soul_atlas
INFO - [G] StickfaceNSFW_8BitDeck_opt2
INFO - [G] StickfaceNSFW_8BitDeck
INFO - [G] StickfaceNSFW_icon_lc
INFO - [G] StickfaceNSFW_icon_hc
INFO - [G] vintage_pinup_cards
INFO - [G] 2025-03-07 21:08:53 :: INFO  :: TIMER :: [0039] Injected Atlas in 1078.391 ms
INFO - [G] 2025-03-07 21:08:53 :: INFO  :: TIMER :: [0053] Injected Sound in 3.948 ms
INFO - [G] 2025-03-07 21:08:53 :: INFO  :: TIMER :: [0008] Injected Stake in 0.106 ms
INFO - [G] 2025-03-07 21:08:53 :: INFO  :: TIMER :: [0004] Injected Rarity in 0.014 ms
INFO - [G] 2025-03-07 21:08:53 :: INFO  :: TIMER :: [0004] Injected ObjectType in 0.068 ms
INFO - [G] 2025-03-07 21:08:53 :: INFO  :: TIMER :: [0212] Injected Center in 2.298 ms
INFO - [G] 2025-03-07 21:08:53 :: INFO  :: TIMER :: [0007] Injected Undiscovered Sprite in 0.011 ms
INFO - [G] 2025-03-07 21:08:53 :: INFO  :: TIMER :: [0002] Injected Blind in 0.015 ms
INFO - [G] 2025-03-07 21:08:53 :: INFO  :: TIMER :: [0004] Injected Seal in 0.097 ms
INFO - [G] 2025-03-07 21:08:53 :: INFO  :: TIMER :: [0004] Injected Suit in 0.062 ms
INFO - [G] 2025-03-07 21:08:53 :: INFO  :: TIMER :: [0013] Injected Rank in 0.091 ms
INFO - [G] 2025-03-07 21:08:53 :: INFO  :: TIMER :: [0052] Injected DeckSkin in 0.258 ms
INFO - [G] 2025-03-07 21:08:53 :: INFO  :: TIMER :: [0012] Injected PokerHand in 0.040 ms
INFO - [G] 2025-03-07 21:08:53 :: INFO  :: TIMER :: [0020] Injected Challenge in 0.029 ms
INFO - [G] 2025-03-07 21:08:53 :: INFO  :: TIMER :: [0000] Injected Tag in 0.002 ms
INFO - [G] 2025-03-07 21:08:53 :: INFO  :: TIMER :: [0004] Injected Sticker in 0.061 ms
INFO - [G] 2025-03-07 21:08:53 :: INFO  :: TIMER :: [0000] Injected Shader in 0.001 ms
INFO - [G] 2025-03-07 21:08:53 :: INFO  :: TIMER :: [0001] Injected Keybind in 0.007 ms
INFO - [G] 2025-03-07 21:08:53 :: INFO  :: TIMER :: [0000] Injected Achievement in 0.019 ms
INFO - [G] 2025-03-07 21:08:53 :: INFO  :: TIMER :: [0000] Injected [INTERNAL] in 1.864 ms
INFO - [G] line not found
INFO - [G] file not found: main.lua: No such file or directory
INFO - [G] file not found: main.lua: No such file or directory
INFO - [G] file not found: main.lua: No such file or directory
INFO - [G] file not found: main.lua: No such file or directory
INFO - [G] 2025-03-07 21:11:25 :: ERROR :: StackTrace :: Oops! The game crashed
functions/misc_functions.lua:1143: attempt to compare table with number
Stack Traceback
===============
(1) Lua local 'handler' at file 'main.lua:612'
	Local variables:
	 msg = string: "functions/misc_functions.lua:1143: attempt to compare table with number"
	 (*temporary) = Lua function '?' (defined at line 31 of chunk [SMODS _ "src/logging.lua"])
	 (*temporary) = string: "Oops! The game crashed\
"
(2) LÖVE metamethod at file 'boot.lua:352'
	Local variables:
	 errhand = Lua function '?' (defined at line 598 of chunk main.lua)
	 handler = Lua function '?' (defined at line 598 of chunk main.lua)
(3) Lua global 'check_and_set_high_score' at file 'functions/misc_functions.lua:1143'
	Local variables:
	 score = string: "hand"
	 amt = number: 270
	 (*temporary) = 3060  {value:3060}
	 (*temporary) = number: 270
	 (*temporary) = number: 270
	 (*temporary) = C function: builtin#38
	 (*temporary) = string: "attempt to compare table with number"
(4) Lua field 'evaluate_play' at file 'functions/state_events.lua:728'
	Local variables:
	 e = nil
	 text = string: "Pair"
	 disp_text = string: "Couple"
	 poker_hands = table: 0x2d04c160  {Flush House:table: 0x2c133180, Full House:table: 0x2c1331e0, top:table: 0x2c133320 (more...)}
	 scoring_hand = table: 0x2c130bc0  {1:table: 0x2cfd50a8, 2:table: 0x2c4656f0}
	 non_loc_disp_text = string: "Pair"
	 pures = table: 0x2c133520  {}
(5) Lua field 'func' at file 'functions/state_events.lua:464'
(6) Lua method 'handle' at file 'engine/event.lua:99'
	Local variables:
	 self = table: 0x2c5c1998  {start_timer:true, timer:TOTAL, blockable:true, trigger:immediate, func:function: 0x2c136258 (more...)}
	 _results = table: 0x2bb4fc40  {blocking:true, pause_skip:false, time_done:false, completed:false}
(7) Lua method 'update' at file 'engine/event.lua:182'
	Local variables:
	 self = table: 0x2a9c0cf0  {queue_last_processed:151.41666666668, queues:table: 0x2a968000, queue_dt:0.016666666666667 (more...)}
	 dt = number: 0.0165673
	 forced = nil
	 (for generator) = C function: next
	 (for state) = table: 0x2a968000  {unlock:table: 0x2a9680f0, other:table: 0x2a97a028, tutorial:table: 0x2a968140 (more...)}
	 (for control) = number: nan
	 k = string: "base"
	 v = table: 0x2a968118  {1:table: 0x2b5519a0, 2:table: 0x2f281998, 3:table: 0x2c5c1998, 4:table: 0x2c5c1e08 (more...)}
	 blocked = boolean: false
	 i = number: 3
	 results = table: 0x2bb4fc40  {blocking:true, pause_skip:false, time_done:false, completed:false}
(8) Lua upvalue 'gameUpdateRef' at file 'game.lua:2542'
	Local variables:
	 self = table: 0x2a8599f8  {F_GUIDE:false, F_CRASH_REPORTS:false, F_QUIT_BUTTON:true, HUD_tags:table: 0x2c1047c0 (more...)}
	 dt = number: 0.0165673
	 http_resp = nil
(9) Lua upvalue 'old_update' at Steamodded file 'src/ui.lua:84' 
	Local variables:
	 self = table: 0x2a8599f8  {F_GUIDE:false, F_CRASH_REPORTS:false, F_QUIT_BUTTON:true, HUD_tags:table: 0x2c1047c0 (more...)}
	 dt = number: 0.0165673
(10) Lua method 'update' at file 'Aura.lua:203' (from mod with id Aura)
	Local variables:
	 self = table: 0x2a8599f8  {F_GUIDE:false, F_CRASH_REPORTS:false, F_QUIT_BUTTON:true, HUD_tags:table: 0x2c1047c0 (more...)}
	 dt = number: 0.0165673
(11) Lua field 'update' at file 'main.lua:992'
	Local variables:
	 dt = number: 0.0165673
(12) Lua function '?' at file 'main.lua:931' (best guess)
(13) global C function 'xpcall'
(14) LÖVE function at file 'boot.lua:377' (best guess)
	Local variables:
	 func = Lua function '?' (defined at line 902 of chunk main.lua)
	 inerror = boolean: true
	 deferErrhand = Lua function '(LÖVE Function)' (defined at line 348 of chunk [love "boot.lua"])
	 earlyinit = Lua function '(LÖVE Function)' (defined at line 355 of chunk [love "boot.lua"])

INFO - [G] file not found: main.lua: No such file or directory
INFO - [G] file not found: main.lua: No such file or directory
INFO - [G] 2025-03-07 21:11:25 :: INFO  :: StackTrace :: Additional Context:
Balatro Version: 1.0.1o-FULL
Modded Version: 1.0.0~ALPHA-1409a-STEAMODDED
LÖVE Version: 11.5.0
Lovely Version: 0.7.1
Platform: Windows
Steamodded Mods:
    1: Zero Bullitro by BitBites [ID: 0Bullitro, Version: 1.0, Uses Lovely]
    2: Preorder Cards by asd123cqp [ID: preorder_cards]
    3: Aura by MathIsFun_, ChromaPIE, Bard, Grassy311, RattlingSnow353, Solace, RadicaAprils, chloe_cromslor [ID: Aura, Version: 0.023, Uses Lovely]
    4: Hentai Cards by Makubex77, Pheubel (Code) [ID: HentaiCards, Version: 1.1]
    5: Vintage Pinup Cards by NoScope1080 [ID: VintagePinupCards]
    6: Stickface Deck by Stickface [ID: StickfaceNSFWDeck, Version: 1.0.0]
    7: Balustro by someone23832 [ID: Balustro, Priority: -20, Version: 0.12, Uses Lovely]
Lovely Mods:
