INFO - [♥] Lovely 0.7.1
INFO - [♥] Game directory is at "C:\\Program Files (x86)\\Steam\\steamapps\\common\\Balatro"
INFO - [♥] Writing logs to "C:\\Users\\Administrator\\AppData\\Roaming\\Balatro\\Mods\\lovely\\log"
INFO - [♥] Using mod directory at "C:\\Users\\Administrator\\AppData\\Roaming\\Balatro\\Mods"
INFO - [♥] Cleaning up dumps directory at "C:\\Users\\Administrator\\AppData\\Roaming\\Balatro\\Mods\\lovely\\dump"
INFO - [♥] Initialization complete in 19ms
INFO - [♥] Applied 12 patches to 'main.lua'
INFO - [♥] Applied 5 patches to 'engine/controller.lua'
INFO - [♥] Applied 13 patches to 'back.lua'
INFO - [♥] Applied 6 patches to 'tag.lua'
INFO - [♥] Applied 1 patch to 'engine/moveable.lua'
INFO - [♥] Applied 2 patches to 'engine/sprite.lua'
INFO - [♥] Applied 2 patches to 'engine/animatedsprite.lua'
INFO - [♥] Applied 41 patches to 'functions/misc_functions.lua'
INFO - [♥] Applied 24 patches to 'game.lua'
INFO - [♥] Applied 1 patch to 'globals.lua'
INFO - [♥] Applied 3 patches to 'engine/ui.lua'
INFO - [♥] Applied 72 patches to 'functions/UI_definitions.lua'
INFO - [♥] Applied 39 patches to 'functions/state_events.lua'
INFO - [♥] Applied 86 patches to 'functions/common_events.lua'
INFO - [♥] Applied 38 patches to 'functions/button_callbacks.lua'
INFO - [♥] Applied 139 patches to 'card.lua'
INFO - [♥] Applied 6 patches to 'cardarea.lua'
INFO - [♥] Applied 30 patches to 'blind.lua'
INFO - [♥] Applied 2 patches to 'engine/text.lua'
INFO - [G] Failed to connect to the debug server
INFO - [G] 2025-02-11 17:27:39 :: DEBUG :: DebugConsole :: Steamodded Debug Socket started !
INFO - [♥] Applied 9 patches to 'engine/sound_manager.lua'
INFO - [♥] Applied 1 patch to 'engine/save_manager.lua'
INFO - [G] 2025-02-11 17:27:40 :: ERROR :: Loader :: Found invalid metadata JSON file at C:\Users\Administrator\AppData\Roaming\Balatro\Mods/.vscode/settings.json, ignoring: [SMODS _ "src/loader.lua"]:226: id
INFO - [G] 2025-02-11 17:27:40 :: TRACE :: Loader :: Processing Mod file (Legacy header): PreorderCards.lua
INFO - [G] 2025-02-11 17:27:40 :: TRACE :: Loader :: Saving Mod Info: preorder_cards
INFO - [G] 2025-02-11 17:27:40 :: TRACE :: Loader :: Processing Mod file (Legacy header): SakashimaJoker.lua
INFO - [G] 2025-02-11 17:27:40 :: TRACE :: Loader :: Saving Mod Info: SakashimaJoker
INFO - [G] 2025-02-11 17:27:40 :: INFO  :: TIMER :: [0000] Injected Language in 0.002 ms
INFO - [G] 2025-02-11 17:27:40 :: INFO  :: TIMER :: [0000] Injected [INTERNAL] in 0.913 ms
INFO - [G] 2025-02-11 17:27:41 :: INFO  :: TIMER :: [0004] Injected Atlas in 445.010 ms
INFO - [G] 2025-02-11 17:27:41 :: INFO  :: TIMER :: [0001] Injected Sound in 0.151 ms
INFO - [G] 2025-02-11 17:27:41 :: INFO  :: TIMER :: [0008] Injected Stake in 0.210 ms
INFO - [G] 2025-02-11 17:27:41 :: INFO  :: TIMER :: [0004] Injected Rarity in 0.020 ms
INFO - [G] 2025-02-11 17:27:41 :: INFO  :: TIMER :: [0004] Injected ObjectType in 0.052 ms
INFO - [G] 2025-02-11 17:27:41 :: INFO  :: TIMER :: [0049] Injected Center in 0.408 ms
INFO - [G] 2025-02-11 17:27:41 :: INFO  :: TIMER :: [0007] Injected Undiscovered Sprite in 0.012 ms
INFO - [G] 2025-02-11 17:27:41 :: INFO  :: TIMER :: [0002] Injected Blind in 0.013 ms
INFO - [G] 2025-02-11 17:27:41 :: INFO  :: TIMER :: [0004] Injected Seal in 0.122 ms
INFO - [G] 2025-02-11 17:27:41 :: INFO  :: TIMER :: [0004] Injected Suit in 0.103 ms
INFO - [G] 2025-02-11 17:27:41 :: INFO  :: TIMER :: [0013] Injected Rank in 0.059 ms
INFO - [G] 2025-02-11 17:27:41 :: INFO  :: TIMER :: [0020] Injected DeckSkin in 0.189 ms
INFO - [G] 2025-02-11 17:27:41 :: INFO  :: TIMER :: [0012] Injected PokerHand in 0.064 ms
INFO - [G] 2025-02-11 17:27:41 :: INFO  :: TIMER :: [0020] Injected Challenge in 0.023 ms
INFO - [G] 2025-02-11 17:27:41 :: INFO  :: TIMER :: [0000] Injected Tag in 0.001 ms
INFO - [G] 2025-02-11 17:27:41 :: INFO  :: TIMER :: [0004] Injected Sticker in 0.070 ms
INFO - [G] 2025-02-11 17:27:41 :: INFO  :: TIMER :: [0000] Injected Shader in 0.001 ms
INFO - [G] 2025-02-11 17:27:41 :: INFO  :: TIMER :: [0001] Injected Keybind in 0.010 ms
INFO - [G] 2025-02-11 17:27:41 :: INFO  :: TIMER :: [0000] Injected Achievement in 0.043 ms
INFO - [G] 2025-02-11 17:27:41 :: INFO  :: TIMER :: [0000] Injected [INTERNAL] in 0.446 ms
INFO - [G] 4
INFO - [G] line not found
INFO - [G] file not found: main.lua: No such file or directory
INFO - [G] file not found: main.lua: No such file or directory
INFO - [G] line not found
INFO - [G] line not found
INFO - [G] line not found
INFO - [G] line not found
INFO - [G] file not found: main.lua: No such file or directory
INFO - [G] file not found: main.lua: No such file or directory
INFO - [G] 2025-02-11 17:27:49 :: ERROR :: StackTrace :: Oops! The game crashed
[SMODS SakashimaJoker "SakashimaJoker.lua"]:863: debug stuff
Stack Traceback
===============
(1) Lua local 'handler' at file 'main.lua:612'
	Local variables:
	 msg = string: "[SMODS SakashimaJoker \"SakashimaJoker.lua\"]:863: debug stuff"
	 (*temporary) = Lua function '?' (defined at line 31 of chunk [SMODS _ "src/logging.lua"])
	 (*temporary) = string: "Oops! The game crashed\
"
(2) LÖVE function at file 'boot.lua:352' (best guess)
	Local variables:
	 errhand = Lua function '?' (defined at line 598 of chunk main.lua)
	 handler = Lua function '?' (defined at line 598 of chunk main.lua)
(3) global C function 'error'
(4) Lua function '?' at file 'SakashimaJoker.lua:863' (from mod with id SakashimaJoker) (best guess)
	Local variables:
	 e = table: 0x08e7ebb8  {card:table: 0x0876ec90, joker_name:Jolly Joker, context:table: 0x08802628 (more...)}
	 card = table: 0x0876ec90  {click_offset:table: 0x08747258, children:table: 0x087434e8, ambient_tilt:0.2 (more...)}
	 context = table: 0x08802628  {poker_hands:table: 0x08898278, scoring_name:Pair, scoring_hand:table: 0x08d98700 (more...)}
	 total = string: "onpokerhand*8"
	 pool = table: 0x08b648a0  {1:+onpokerhand*8 Mult, 2:function: 0x08b648e0}
	 (for generator) = C function: builtin#6
	 (for state) = table: 0x08b648a0  {1:+onpokerhand*8 Mult, 2:function: 0x08b648e0}
	 (for control) = number: 1
	 i = number: 1
	 value = string: "+onpokerhand*8 Mult"
	 isFunction = boolean: true
	 mult = number: 8
	 plus = number: nan
	 pattern = string: "onpokerhand"
	 num = number: 1
	 gotFunction = Lua function '?' (defined at line 440 of chunk [SMODS SakashimaJoker "SakashimaJoker.lua"])
	 extraIndex = number: 2
(5) Lua local 'value' at file 'SakashimaJoker.lua:1201' (from mod with id SakashimaJoker)
	Local variables:
	 e = table: 0x08e7ebb8  {card:table: 0x0876ec90, joker_name:Jolly Joker, context:table: 0x08802628 (more...)}
	 fm = nil
	 jokerGainMode = string: "gain"
	 upgradeGainMode = string: "upgrade"
	 (for generator) = C function: builtin#6
	 (for state) = table: 0x08b648a0  {1:+onpokerhand*8 Mult, 2:function: 0x08b648e0}
	 (for control) = number: 1
	 i = number: 1
	 modTxt = string: "+onpokerhand*8 Mult"
	 gainMode = string: "default"
	 loud = boolean: true
(6) Lua upvalue 'InterpolateJoker' at file 'SakashimaJoker.lua:403' (from mod with id SakashimaJoker)
	Local variables:
	 value = Lua function '?' (defined at line 1179 of chunk [SMODS SakashimaJoker "SakashimaJoker.lua"])
	 eventTable = table: 0x08e7ebb8  {card:table: 0x0876ec90, joker_name:Jolly Joker, context:table: 0x08802628 (more...)}
	 (*temporary) = Lua function '?' (defined at line 401 of chunk [SMODS SakashimaJoker "SakashimaJoker.lua"])
(7) Lua method 'calculate' at file 'SakashimaJoker.lua:1557' (from mod with id SakashimaJoker)
	Local variables:
	 self = table: 0x084194c0  {alerted:true, loc_vars:function: 0x088f14a0, remove_from_deck:function: 0x08466fe0 (more...)}
	 card = table: 0x0876ec90  {click_offset:table: 0x08747258, children:table: 0x087434e8, ambient_tilt:0.2 (more...)}
	 context = table: 0x08802628  {poker_hands:table: 0x08898278, scoring_name:Pair, scoring_hand:table: 0x08d98700 (more...)}
	 eventTable = table: 0x08e7ebb8  {card:table: 0x0876ec90, joker_name:Jolly Joker, context:table: 0x08802628 (more...)}
	 fr = table: 0x0873cc20  {extra:table: 0x0873c9c0, message:Trigger!, card:table: 0x0876ec90}
	 (for index) = number: 2
	 (for limit) = number: 2
	 (for step) = number: 1
	 j = number: 2
	 name = string: "Jolly Joker"
	 status_text = nil
(8) Lua method 'calculate_joker' at file 'card.lua:2457'
	Local variables:
	 self = table: 0x0876ec90  {click_offset:table: 0x08747258, children:table: 0x087434e8, ambient_tilt:0.2 (more...)}
	 context = table: 0x08802628  {poker_hands:table: 0x08898278, scoring_name:Pair, scoring_hand:table: 0x08d98700 (more...)}
	 obj = table: 0x084194c0  {alerted:true, loc_vars:function: 0x088f14a0, remove_from_deck:function: 0x08466fe0 (more...)}
(9) Lua global 'eval_card' at file 'functions/common_events.lua:707'
	Local variables:
	 card = table: 0x0876ec90  {click_offset:table: 0x08747258, children:table: 0x087434e8, ambient_tilt:0.2 (more...)}
	 context = table: 0x08802628  {poker_hands:table: 0x08898278, scoring_name:Pair, scoring_hand:table: 0x08d98700 (more...)}
	 ret = table: 0x08e7ea58  {}
	 post_trig = table: 0x08e7ea80  {}
	 areas = table: 0x08e7eaa8  {1:table: 0x08ad4470, 2:table: 0x08a56148, 3:table: 0x086b0508}
	 area_set = table: 0x08e7eaf0  {table: 0x08ad4470:true, table: 0x086b0508:true, table: 0x08a56148:true (more...)}
(10) Lua field 'evaluate_play' at file 'functions/state_events.lua:610'
	Local variables:
	 e = nil
	 text = string: "Pair"
	 disp_text = string: "Pair"
	 poker_hands = table: 0x08898278  {Flush House:table: 0x088ec1d0, Full House:table: 0x088ec230, top:table: 0x088ec3d8 (more...)}
	 scoring_hand = table: 0x08d98700  {1:table: 0x08b326c0, 2:table: 0x0849c7c0}
	 non_loc_disp_text = string: "Pair"
	 pures = table: 0x088ec5b0  {}
	 hand_text_set = boolean: false
	 modded = boolean: false
	 (for generator) = C function: builtin#6
	 (for state) = table: 0x0879a700  {1:table: 0x08ad4470, 2:table: 0x08a56148, 3:table: 0x086b0508}
	 (for control) = number: 1
	 _ = number: 1
	 area = table: 0x08ad4470  {click_offset:table: 0x08aa5b60, children:table: 0x0876ec68, shuffle_amt:0 (more...)}
	 (for generator) = C function: builtin#6
	 (for state) = table: 0x08771de0  {1:table: 0x0876ec90}
	 (for control) = number: 1
	 _ = number: 1
	 _card = table: 0x0876ec90  {click_offset:table: 0x08747258, children:table: 0x087434e8, ambient_tilt:0.2 (more...)}
	 effects = table: 0x0879a748  {}
	 eval = table: 0x0879a798  {}
(11) Lua field 'func' at file 'functions/state_events.lua:464'
(12) Lua method 'handle' at file 'engine/event.lua:99'
	Local variables:
	 self = table: 0x08efcad8  {start_timer:true, timer:TOTAL, blockable:true, trigger:immediate, func:function: 0x08814728 (more...)}
	 _results = table: 0x081a29f0  {blocking:true, pause_skip:false, time_done:false, completed:false}
(13) Lua method 'update' at file 'engine/event.lua:182'
	Local variables:
	 self = table: 0x088f0598  {queue_last_processed:7.4, queues:table: 0x088f05c0, queue_dt:0.016666666666667 (more...)}
	 dt = number: 0.0165638
	 forced = nil
	 (for generator) = C function: next
	 (for state) = table: 0x088f05c0  {unlock:table: 0x088f05e8, other:table: 0x088f0a60, tutorial:table: 0x088f0638 (more...)}
	 (for control) = number: nan
	 k = string: "base"
	 v = table: 0x088f0610  {1:table: 0x08771db8, 2:table: 0x085aa448, 3:table: 0x08efcad8, 4:table: 0x08daea58 (more...)}
	 blocked = boolean: false
	 i = number: 3
	 results = table: 0x081a29f0  {blocking:true, pause_skip:false, time_done:false, completed:false}
(14) Lua upvalue 'gameUpdateRef' at file 'game.lua:2524'
	Local variables:
	 self = table: 0x082a2ed8  {F_GUIDE:false, F_CRASH_REPORTS:false, F_QUIT_BUTTON:true, HUD_tags:table: 0x08d8a7d8 (more...)}
	 dt = number: 0.0165638
	 http_resp = nil
(15) Lua method 'update' at Steamodded file 'src/ui.lua:84' 
	Local variables:
	 self = table: 0x082a2ed8  {F_GUIDE:false, F_CRASH_REPORTS:false, F_QUIT_BUTTON:true, HUD_tags:table: 0x08d8a7d8 (more...)}
	 dt = number: 0.0165638
(16) Lua field 'update' at file 'main.lua:992'
	Local variables:
	 dt = number: 0.0165638
(17) Lua function '?' at file 'main.lua:931' (best guess)
(18) global C function 'xpcall'
(19) LÖVE function at file 'boot.lua:377' (best guess)
	Local variables:
	 func = Lua function '?' (defined at line 902 of chunk main.lua)
	 inerror = boolean: true
	 deferErrhand = Lua function '(LÖVE Function)' (defined at line 348 of chunk [love "boot.lua"])
	 earlyinit = Lua function '(LÖVE Function)' (defined at line 355 of chunk [love "boot.lua"])

INFO - [G] line not found
INFO - [G] line not found
INFO - [G] line not found
INFO - [G] line not found
INFO - [G] file not found: main.lua: No such file or directory
INFO - [G] file not found: main.lua: No such file or directory
INFO - [G] 2025-02-11 17:27:49 :: INFO  :: StackTrace :: Additional Context:
Balatro Version: 1.0.1n-FULL
Modded Version: 1.0.0~ALPHA-1409a-STEAMODDED
LÖVE Version: 11.5.0
Lovely Version: 0.7.1
Platform: Windows
Steamodded Mods:
    1: Sakashima Joker by BitBites [ID: SakashimaJoker]
    2: Preorder Cards by asd123cqp [ID: preorder_cards]
Lovely Mods:
