INFO - [♥] Lovely 0.7.1
INFO - [♥] Game directory is at "C:\\Program Files (x86)\\Steam\\steamapps\\common\\Balatro"
INFO - [♥] Writing logs to "C:\\Users\\Administrator\\AppData\\Roaming\\Balatro\\Mods\\lovely\\log"
INFO - [♥] Using mod directory at "C:\\Users\\Administrator\\AppData\\Roaming\\Balatro\\Mods"
INFO - [♥] Found .lovelyignore in 'SakashimaJoker', skipping it.
INFO - [♥] Cleaning up dumps directory at "C:\\Users\\Administrator\\AppData\\Roaming\\Balatro\\Mods\\lovely\\dump"
INFO - [♥] Initialization complete in 23ms
INFO - [♥] Applied 12 patches to 'main.lua'
INFO - [♥] Applied 5 patches to 'engine/controller.lua'
INFO - [♥] Applied 13 patches to 'back.lua'
INFO - [♥] Applied 6 patches to 'tag.lua'
INFO - [♥] Applied 1 patch to 'engine/moveable.lua'
INFO - [♥] Applied 2 patches to 'engine/sprite.lua'
INFO - [♥] Applied 2 patches to 'engine/animatedsprite.lua'
INFO - [♥] Applied 44 patches to 'functions/misc_functions.lua'
INFO - [♥] Applied 24 patches to 'game.lua'
INFO - [♥] Applied 1 patch to 'globals.lua'
INFO - [♥] Applied 3 patches to 'engine/ui.lua'
INFO - [♥] Applied 72 patches to 'functions/UI_definitions.lua'
INFO - [♥] Applied 39 patches to 'functions/state_events.lua'
INFO - [♥] Applied 86 patches to 'functions/common_events.lua'
INFO - [♥] Applied 38 patches to 'functions/button_callbacks.lua'
INFO - [♥] Applied 141 patches to 'card.lua'
INFO - [♥] Applied 6 patches to 'cardarea.lua'
INFO - [♥] Applied 30 patches to 'blind.lua'
INFO - [♥] Applied 2 patches to 'engine/text.lua'
INFO - [G] Failed to connect to the debug server
INFO - [G] 2025-03-02 07:04:24 :: DEBUG :: DebugConsole :: Steamodded Debug Socket started !
INFO - [♥] Applied 9 patches to 'engine/sound_manager.lua'
INFO - [♥] Applied 1 patch to 'engine/save_manager.lua'
INFO - [G] 2025-03-02 07:04:25 :: ERROR :: Loader :: Found invalid metadata JSON file at C:\Users\Administrator\AppData\Roaming\Balatro\Mods/.vscode/settings.json, ignoring: [SMODS _ "src/loader.lua"]:226: id
INFO - [G] 2025-03-02 07:04:25 :: TRACE :: Loader :: Processing Mod file (Legacy header): 0Bilitro.lua
INFO - [G] 2025-03-02 07:04:25 :: TRACE :: Loader :: Saving Mod Info: 0Bilitro
INFO - [G] 2025-03-02 07:04:25 :: ERROR :: Loader :: Found invalid metadata JSON file at C:\Users\Administrator\AppData\Roaming\Balatro\Mods/Aura/.vscode/settings.json, ignoring: [SMODS _ "src/loader.lua"]:226: id
INFO - [G] 2025-03-02 07:04:25 :: TRACE :: Loader :: Processing Mod file (Legacy header): Aura.lua
INFO - [G] 2025-03-02 07:04:25 :: TRACE :: Loader :: Saving Mod Info: Aura
INFO - [G] 2025-03-02 07:04:25 :: TRACE :: Loader :: Processing Mod file (Legacy header): PreorderCards.lua
INFO - [G] 2025-03-02 07:04:25 :: TRACE :: Loader :: Saving Mod Info: preorder_cards
INFO - [G] 2025-03-02 07:04:26 :: TRACE :: Loader :: Processing Mod file (Legacy header): SakashimaJoker.lua
INFO - [G] 2025-03-02 07:04:26 :: TRACE :: Loader :: Saving Mod Info: SakashimaJoker
INFO - [G] Picture dimensions: 138 x 186
INFO - [G] Number of animation frames: 8
INFO - [G] Comment inside this GIF: Created with Paint.NET
INFO - [G] 2025-03-02 07:04:26 :: TRACE :: Loader :: Mod SakashimaJoker was unable to load: 
INFO - [G] 2025-03-02 07:04:26 :: INFO  :: TIMER :: [0000] Injected Language in 0.001 ms
INFO - [G] 2025-03-02 07:04:26 :: INFO  :: TIMER :: [0000] Injected [INTERNAL] in 1.147 ms
INFO - [G] mod_tags
INFO - [G] achievements
INFO - [G] aura_j_joker
INFO - [G] aura_j_greedy_joker
INFO - [G] aura_j_lusty_joker
INFO - [G] aura_j_wrathful_joker
INFO - [G] aura_j_gluttenous_joker
INFO - [G] aura_j_dusk
INFO - [G] aura_j_raised_fist
INFO - [G] aura_j_hack
INFO - [G] aura_j_scholar
INFO - [G] aura_j_blackboard
INFO - [G] aura_j_sixth_sense
INFO - [G] aura_j_sixth_sense_extra
INFO - [G] aura_j_constellation
INFO - [G] aura_j_faceless
INFO - [G] line not found
INFO - [G] file not found: main.lua: No such file or directory
INFO - [G] file not found: main.lua: No such file or directory
INFO - [G] file not found: main.lua: No such file or directory
INFO - [G] 2025-03-02 07:04:26 :: ERROR :: StackTrace :: Oops! The game crashed
[SMODS 0Bilitro "0Bilitro.lua"]:869: Attempt to set out-of-range pixel!
Stack Traceback
===============
(1) Lua local 'handler' at file 'main.lua:612'
	Local variables:
	 msg = string: "[SMODS 0Bilitro \"0Bilitro.lua\"]:869: Attempt to set out-of-range pixel!"
	 (*temporary) = Lua function '?' (defined at line 31 of chunk [SMODS _ "src/logging.lua"])
	 (*temporary) = string: "Oops! The game crashed\
"
(2) LÖVE function at file 'boot.lua:352' (best guess)
	Local variables:
	 errhand = Lua function '?' (defined at line 598 of chunk main.lua)
	 handler = Lua function '?' (defined at line 598 of chunk main.lua)
(3) upvalue C function 'error'
(4) LÖVE method at file 'ImageData.lua:452'
	Local variables:
	 self = ImageData: 0x01ff4892fcd0
	 x = number: 1111
	 y = number: 0
	 r = number: 0.745098
	 g = number: 0.776471
	 b = number: 0.831373
	 a = number: 1
	 p = table: 0x35fa5ee8  {format:rgba8, pointer:cdata<struct ImageData_Pixel_RGBA8 *>: 0x01ff6eed02d0 (more...)}
(5) Lua method 'inject' at file '0Bilitro.lua:869' (from mod with id 0Bilitro)
	Local variables:
	 self = table: 0x35f13c68  {pixel_map:table: 0x35ee5308, _saved_d_u:true, original_key:j_faceless, px:71 (more...)}
	 pixel_array = table: 0x35ee5308  {1:table: 0x35eeafb8, 2:table: 0x35eeccc0, 3:table: 0x3578fb58, 4:table: 0x35fb1978 (more...)}
	 image = ImageData: 0x01ff4892fcd0
	 (for generator) = C function: builtin#6
	 (for state) = table: 0x35ee5308  {1:table: 0x35eeafb8, 2:table: 0x35eeccc0, 3:table: 0x3578fb58, 4:table: 0x35fb1978 (more...)}
	 (for control) = number: 1
	 y = number: 1
	 row = table: 0x35eeafb8  {1:-1, 2:-1, 3:-1, 4:-1, 5:-1, 6:-1, 7:12502740, 8:12502740, 9:12502740 (more...)}
	 (for generator) = C function: builtin#6
	 (for state) = table: 0x35eeafb8  {1:-1, 2:-1, 3:-1, 4:-1, 5:-1, 6:-1, 7:12502740, 8:12502740, 9:12502740 (more...)}
	 (for control) = number: 1112
	 x = number: 1112
	 pixel = number: 1.25027e+07
	 red = number: 0.745098
	 green = number: 0.776471
	 blue = number: 0.831373
	 alpha = number: 1
(6) Lua method 'inject_class' at Steamodded file 'src/game_object.lua:182' 
	Local variables:
	 self = table: 0x35c62000  {required_params:table: 0x35c61988, pre_inject_class:function: 0x35802708 (more...)}
	 inject_time = number: 0.434023
	 start_time = number: 7.59215
	 end_time = number: 7.59215
	 o = table: 0x35f13c68  {pixel_map:table: 0x35ee5308, _saved_d_u:true, original_key:j_faceless, px:71 (more...)}
	 (for generator) = C function: builtin#6
	 (for state) = table: 0x35c61028  {1:mod_tags, 2:achievements, 3:aura_j_joker, 4:aura_j_greedy_joker, 5:aura_j_lusty_joker (more...)}
	 (for control) = number: 16
	 i = number: 16
	 key = string: "aura_j_faceless"
(7) Lua field 'injectObjects' at Steamodded file 'src/game_object.lua:256' 
	Local variables:
	 class = table: 0x35c62000  {required_params:table: 0x35c61988, pre_inject_class:function: 0x35802708 (more...)}
(8) Lua field 'injectObjects' at Steamodded file 'src/game_object.lua:258' 
	Local variables:
	 class = table: 0x35c5d830  {check_duplicate_register:function: 0x3589da48, check_duplicate_key:function: 0x3585d9f8 (more...)}
	 (for generator) = C function: builtin#6
	 (for state) = table: 0x35c5d858  {1:table: 0x35c5fa00, 2:table: 0x35c60228, 3:table: 0x35c62000, 4:table: 0x35c6adc8 (more...)}
	 (for control) = number: 3
	 _ = number: 3
	 subclass = table: 0x35c62000  {required_params:table: 0x35c61988, pre_inject_class:function: 0x35802708 (more...)}
(9) Lua field 'injectItems' at Steamodded file 'src/loader.lua:608' 
(10) Lua global 'initSteamodded' at Steamodded file 'src/loader.lua:658' 
(11) Lua method 'start_up' at file 'game.lua:211'
	Local variables:
	 self = table: 0x35675228  {SPEEDFACTOR:1, F_GUIDE:false, keybind_mapping:table: 0x356804a0, F_CRASH_REPORTS:false (more...)}
	 settings = string: "return {[\"version\"]=\"1.0.1o-FULL\",[\"reduced_motion\"]=false,[\"paused\"]=false,[\"QUEUED_CHANGE\"]={},[\"COMP\"]={[\"prev_name\"]=\"\",[\"name\"]=\"\",[\"score\"]=899712,},[\"colourblind_option\"]=false,[\"play_button_pos\"]=2,[\"CUSTOM_DECK\"]={[\"Collabs\"]={[\"Spades\"]=\"default_Spades\",[\"Hearts\"]=\"default_Hearts\",[\"Diamonds\"]=\"default_Diamonds\",[\"Clubs\"]=\"default_Clubs\",},},[\"colour_palettes\"]={[\"Spades\"]=\"lc\",[\"Hearts\"]=\"lc\",[\"Diamonds\"]=\"lc\",[\"Clubs\"]=\"lc\",},[\"crashreports\"]=false,[\"tutorial_progress\"]={[\"hold_parts\"]={[\"first_hand_3\"]=true,[\"small_blind\"]=true,[\"big_blind\"]=true,[\"first_hand_4\"]=true,[\"second_hand\"]=true,[\"shop_1\"]=true,[\"first_hand_2\"]=true,[\"first_hand\"]=true,},[\"section\"]=\"second_hand\",[\"completed_parts\"]={[\"first_hand\"]=true,[\"first_hand_3\"]=true,[\"small_blind\"]=true,[\"big_blind\"]=true,[\"first_hand_4\"]=true,[\"shop_1\"]=true,[\"first_hand_section\"]=true,[\"first_hand_2\"]=true,[\"second_hand\"]=true,},},[\"language\"]=\"en-us\",[\"tutorial_complete\"]=true,[\"WINDOW\"]={[\"vsync\"]=1,[\"display_names\"]={[1]=\"1\",},[\"screenmode\"]=\"Borderless\",[\"DISPLAYS\"]={[1]={[\"screen_resolutions\"]={[\"strings\"]={[1]=\"1920 X 1080\",},[\"values\"]={[1]={[\"w\"]=1920,[\"h\"]=1080,},},},[\"screen_res\"]={[\"w\"]=1920,[\"h\"]=1080,},[\"DPI_scale\"]=1,[\"MONITOR_DIMS\"]={[\"height\"]=1080,[\"width\"]=1920,},},},[\"selected_display\"]=1,},[\"run_stake_stickers\"]=true,[\"GAMESPEED\"]=4,[\"SOUND\"]={[\"volume\"]=50,[\"music_volume\"]=0,[\"game_sounds_volume\"]=100,},[\"music_control\"]={[\"current_track\"]=\"\",[\"desired_track\"]=\"\",[\"lerp\"]=1,},[\"ACHIEVEMENTS_EARNED\"]={[\"card_discarder\"]=true,[\"heads_up\"]=true,[\"retrograde\"]=true,[\"roi\"]=true,[\"_100000k\"]=true,[\"cartomancy\"]=true,[\"flushed\"]=true,[\"mid_stakes\"]=true,[\"_10k\"]=true,[\"low_stakes\"]=true,[\"astronomy\"]=true,[\"ante_upper\"]=true,[\"_1000k\"]=true,[\"rule_bender\"]=true,[\"nest_egg\"]=true,[\"big_hands\"]=true,[\"extreme_couponer\"]=true,[\"royale\"]=true,[\"legendary\"]=true,[\"speedrunner\"]=true,[\"clairvoyance\"]=true,[\"ante_up\"]=true,[\"card_player\"]=true,},[\"screenshake\"]=50.3125,[\"current_setup\"]=\"New Run\",[\"profile\"]=1,[\"ambient_control\"]={[\"ambientFire1\"]={[\"per\"]=1.1,[\"vol\"]=0,},[\"ambientOrgan1\"]={[\"per\"]=0.7,[\"vol\"]=0,},[\"ambientFire2\"]={[\"per\"]=1.05,[\"vol\"]=0,},[\"ambientFire3\"]={[\"per\"]=1,[\"vol\"]=0,},},[\"DEMO\"]={[\"win_CTA_shown\"]=true,[\"quit_CTA_shown\"]=true,[\"timed_CTA_shown\"]=true,[\"total_uptime\"]=5.0172528388973,},[\"GRAPHICS\"]={[\"texture_scaling\"]=2,[\"crt\"]=0,[\"shadows\"]=\"On\",[\"bloom\"]=1,},}"
	 settings_ver = nil
	 new_colour_proto = table: 0x3567d740  {Spades:table: 0x3567d9c8, Hearts:table: 0x3567d838, Diamonds:table: 0x3567d8f0 (more...)}
	 sound_files = table: 0x35822b28  {1:ambientFire1.ogg, 2:ambientFire2.ogg, 3:ambientFire3.ogg, 4:ambientOrgan1.ogg (more...)}
	 shader_files = table: 0x35916e58  {1:CRT.fs, 2:background.fs, 3:booster.fs, 4:debuff.fs, 5:dissolve.fs, 6:flame.fs (more...)}
(12) Lua field 'load' at file 'main.lua:945'
(13) Lua function '?' at file 'main.lua:892' (best guess)
(14) global C function 'xpcall'
(15) LÖVE function at file 'boot.lua:368' (best guess)
	Local variables:
	 result = boolean: true
	 main = nil
(16) global C function 'xpcall'
(17) LÖVE function at file 'boot.lua:377' (best guess)
	Local variables:
	 func = Lua function '(LÖVE Function)' (defined at line 355 of chunk [love "boot.lua"])
	 inerror = boolean: true
	 deferErrhand = Lua function '(LÖVE Function)' (defined at line 348 of chunk [love "boot.lua"])
	 earlyinit = Lua function '(LÖVE Function)' (defined at line 355 of chunk [love "boot.lua"])

INFO - [G] file not found: main.lua: No such file or directory
INFO - [G] 2025-03-02 07:04:26 :: INFO  :: StackTrace :: Additional Context:
Balatro Version: 1.0.1o-FULL
Modded Version: 1.0.0~ALPHA-1409a-STEAMODDED
LÖVE Version: 11.5.0
Lovely Version: 0.7.1
Platform: Windows
Steamodded Mods:
    1: Aura by MathIsFun_, ChromaPIE, Bard, Grassy311, RattlingSnow353, Solace, RadicaAprils, chloe_cromslor [ID: Aura, Version: 0.023, Uses Lovely]
    2: Preorder Cards by asd123cqp [ID: preorder_cards]
    3: 0Bilitro by BitBites [ID: 0Bilitro]
Lovely Mods:
