INFO - [♥] Lovely 0.7.1
INFO - [♥] Game directory is at "C:\\Program Files (x86)\\Steam\\steamapps\\common\\Balatro"
INFO - [♥] Writing logs to "C:\\Users\\Administrator\\AppData\\Roaming\\Balatro\\Mods\\lovely\\log"
INFO - [♥] Using mod directory at "C:\\Users\\Administrator\\AppData\\Roaming\\Balatro\\Mods"
INFO - [♥] Found .lovelyignore in 'SakashimaJoker', skipping it.
INFO - [♥] Cleaning up dumps directory at "C:\\Users\\Administrator\\AppData\\Roaming\\Balatro\\Mods\\lovely\\dump"
INFO - [♥] Initialization complete in 111ms
INFO - [♥] Applied 12 patches to 'main.lua'
INFO - [♥] Applied 5 patches to 'engine/controller.lua'
INFO - [♥] Applied 13 patches to 'back.lua'
INFO - [♥] Applied 6 patches to 'tag.lua'
INFO - [♥] Applied 1 patch to 'engine/moveable.lua'
INFO - [♥] Applied 2 patches to 'engine/sprite.lua'
INFO - [♥] Applied 2 patches to 'engine/animatedsprite.lua'
INFO - [♥] Applied 44 patches to 'functions/misc_functions.lua'
INFO - [♥] Applied 24 patches to 'game.lua'
INFO - [♥] Applied 1 patch to 'globals.lua'
INFO - [♥] Applied 3 patches to 'engine/ui.lua'
INFO - [♥] Applied 72 patches to 'functions/UI_definitions.lua'
INFO - [♥] Applied 39 patches to 'functions/state_events.lua'
INFO - [♥] Applied 86 patches to 'functions/common_events.lua'
INFO - [♥] Applied 38 patches to 'functions/button_callbacks.lua'
INFO - [♥] Applied 141 patches to 'card.lua'
INFO - [♥] Applied 6 patches to 'cardarea.lua'
INFO - [♥] Applied 30 patches to 'blind.lua'
INFO - [♥] Applied 2 patches to 'engine/text.lua'
INFO - [G] Failed to connect to the debug server
INFO - [G] 2025-03-01 01:51:36 :: DEBUG :: DebugConsole :: Steamodded Debug Socket started !
INFO - [♥] Applied 9 patches to 'engine/sound_manager.lua'
INFO - [♥] Applied 1 patch to 'engine/save_manager.lua'
INFO - [G] 2025-03-01 01:51:37 :: ERROR :: Loader :: Found invalid metadata JSON file at C:\Users\Administrator\AppData\Roaming\Balatro\Mods/.vscode/settings.json, ignoring: [SMODS _ "src/loader.lua"]:226: id
INFO - [G] 2025-03-01 01:51:37 :: ERROR :: Loader :: Found invalid metadata JSON file at C:\Users\Administrator\AppData\Roaming\Balatro\Mods/Aura/.vscode/settings.json, ignoring: [SMODS _ "src/loader.lua"]:226: id
INFO - [G] 2025-03-01 01:51:37 :: TRACE :: Loader :: Processing Mod file (Legacy header): Aura.lua
INFO - [G] 2025-03-01 01:51:37 :: TRACE :: Loader :: Saving Mod Info: Aura
INFO - [G] 2025-03-01 01:51:37 :: TRACE :: Loader :: Processing Mod file (Legacy header): PreorderCards.lua
INFO - [G] 2025-03-01 01:51:37 :: TRACE :: Loader :: Saving Mod Info: preorder_cards
INFO - [G] 2025-03-01 01:51:37 :: TRACE :: Loader :: Processing Mod file (Legacy header): SakashimaJoker.lua
INFO - [G] 2025-03-01 01:51:37 :: TRACE :: Loader :: Saving Mod Info: SakashimaJoker
INFO - [G] 2025-03-01 01:51:37 :: TRACE :: Loader :: Mod SakashimaJoker was unable to load: 
INFO - [G] 2025-03-01 01:51:37 :: INFO  :: TIMER :: [0000] Injected Language in 0.001 ms
INFO - [G] 2025-03-01 01:51:37 :: INFO  :: TIMER :: [0000] Injected [INTERNAL] in 1.073 ms
INFO - [G] 2025-03-01 01:51:39 :: INFO  :: TIMER :: [0032] Injected Atlas in 1263.767 ms
INFO - [G] 2025-03-01 01:51:39 :: INFO  :: TIMER :: [0053] Injected Sound in 5.113 ms
INFO - [G] 2025-03-01 01:51:39 :: INFO  :: TIMER :: [0008] Injected Stake in 0.288 ms
INFO - [G] 2025-03-01 01:51:39 :: INFO  :: TIMER :: [0004] Injected Rarity in 0.017 ms
INFO - [G] 2025-03-01 01:51:39 :: INFO  :: TIMER :: [0004] Injected ObjectType in 0.039 ms
INFO - [G] 2025-03-01 01:51:39 :: INFO  :: TIMER :: [0198] Injected Center in 2.107 ms
INFO - [G] 2025-03-01 01:51:39 :: INFO  :: TIMER :: [0007] Injected Undiscovered Sprite in 0.023 ms
INFO - [G] 2025-03-01 01:51:39 :: INFO  :: TIMER :: [0002] Injected Blind in 0.012 ms
INFO - [G] 2025-03-01 01:51:39 :: INFO  :: TIMER :: [0004] Injected Seal in 0.124 ms
INFO - [G] 2025-03-01 01:51:39 :: INFO  :: TIMER :: [0004] Injected Suit in 0.120 ms
INFO - [G] 2025-03-01 01:51:39 :: INFO  :: TIMER :: [0013] Injected Rank in 0.146 ms
INFO - [G] 2025-03-01 01:51:39 :: INFO  :: TIMER :: [0028] Injected DeckSkin in 0.258 ms
INFO - [G] 2025-03-01 01:51:39 :: INFO  :: TIMER :: [0012] Injected PokerHand in 0.062 ms
INFO - [G] 2025-03-01 01:51:39 :: INFO  :: TIMER :: [0020] Injected Challenge in 0.023 ms
INFO - [G] 2025-03-01 01:51:39 :: INFO  :: TIMER :: [0000] Injected Tag in 0.002 ms
INFO - [G] 2025-03-01 01:51:39 :: INFO  :: TIMER :: [0004] Injected Sticker in 0.069 ms
INFO - [G] 2025-03-01 01:51:39 :: INFO  :: TIMER :: [0000] Injected Shader in 0.001 ms
INFO - [G] 2025-03-01 01:51:39 :: INFO  :: TIMER :: [0001] Injected Keybind in 0.008 ms
INFO - [G] 2025-03-01 01:51:39 :: INFO  :: TIMER :: [0000] Injected Achievement in 0.040 ms
INFO - [G] 2025-03-01 01:51:39 :: INFO  :: TIMER :: [0000] Injected [INTERNAL] in 0.487 ms
INFO - [G] ERROR LOADING GAME: Card area 'shop_booster' not instantiated before load
INFO - [G] ERROR LOADING GAME: Card area 'shop_jokers' not instantiated before load
INFO - [G] ERROR LOADING GAME: Card area 'shop_vouchers' not instantiated before load
INFO - [G] 20
INFO - [G] 30
INFO - [G] 40
INFO - [G] 50
INFO - [G] 60
INFO - [G] 70
INFO - [G] 80
INFO - [G] 90
INFO - [G] 100
INFO - [G] 110
INFO - [G] 120
INFO - [G] 130
INFO - [G] 140
INFO - [G] 150
INFO - [G] 160
INFO - [G] 170
INFO - [G] 180
INFO - [G] 190
INFO - [G] 200
INFO - [G] 210
INFO - [G] 220
INFO - [G] 230
INFO - [G] 240
INFO - [G] 250
INFO - [G] 260
INFO - [G] 270
INFO - [G] 280
INFO - [G] 290
INFO - [G] 300
INFO - [G] 310
INFO - [G] 320
INFO - [G] 330
INFO - [G] 340
INFO - [G] 350
INFO - [G] 360
INFO - [G] 370
INFO - [G] 380
INFO - [G] 390
INFO - [G] 400
INFO - [G] 410
INFO - [G] 420
INFO - [G] 430
INFO - [G] 440
INFO - [G] 450
INFO - [G] 460
INFO - [G] 470
INFO - [G] 480
INFO - [G] 490
INFO - [G] 500
INFO - [G] 510
INFO - [G] 520
INFO - [G] 530
INFO - [G] 540
INFO - [G] 550
INFO - [G] 560
INFO - [G] 570
INFO - [G] 580
INFO - [G] 590
INFO - [G] 600
INFO - [G] 610
INFO - [G] 620
INFO - [G] 630
INFO - [G] 640
INFO - [G] 650
INFO - [G] 660
INFO - [G] 670
INFO - [G] 680
INFO - [G] 690
INFO - [G] 700
INFO - [G] 710
INFO - [G] 720
INFO - [G] 730
INFO - [G] 740
INFO - [G] 750
INFO - [G] 760
INFO - [G] 770
INFO - [G] 780
INFO - [G] 790
INFO - [G] 800
INFO - [G] 810
INFO - [G] 820
INFO - [G] 830
INFO - [G] 840
INFO - [G] 850
INFO - [G] 860
INFO - [G] 870
INFO - [G] 880
INFO - [G] 890
INFO - [G] 900
INFO - [G] 910
INFO - [G] 920
INFO - [G] 930
INFO - [G] 940
INFO - [G] 950
INFO - [G] 960
INFO - [G] 970
INFO - [G] 980
INFO - [G] 990
INFO - [G] 1000
INFO - [G] 1010
INFO - [G] 1020
INFO - [G] 1030
INFO - [G] 1040
INFO - [G] 1050
INFO - [G] 1060
INFO - [G] 1070
INFO - [G] 1080
INFO - [G] 1090
INFO - [G] 1100
INFO - [G] 1110
INFO - [G] 1120
INFO - [G] 1130
INFO - [G] 1140
INFO - [G] 1150
INFO - [G] 1160
INFO - [G] 1170
INFO - [G] 1180
INFO - [G] 1190
INFO - [G] 1200
INFO - [G] 1210
INFO - [G] 1220
INFO - [G] 1230
INFO - [G] 1240
INFO - [G] 1250
INFO - [G] 1260
INFO - [G] 1270
INFO - [G] 1280
INFO - [G] 1290
INFO - [G] 1300
INFO - [G] 1310
INFO - [G] 1320
INFO - [G] 1330
INFO - [G] 1340
INFO - [G] 1350
INFO - [G] 1360
INFO - [G] 1370
INFO - [G] 1380
INFO - [G] 1390
INFO - [G] 1400
INFO - [G] 1410
INFO - [G] 1420
INFO - [G] 1430
INFO - [G] 1440
INFO - [G] 1450
INFO - [G] 1460
INFO - [G] 1470
INFO - [G] 1480
INFO - [G] 1490
INFO - [G] 1500
INFO - [G] 1510
INFO - [G] 1520
INFO - [G] 1530
INFO - [G] 1540
INFO - [G] 1550
INFO - [G] 1560
INFO - [G] 1570
INFO - [G] 1580
INFO - [G] 1590
INFO - [G] 1600
INFO - [G] 1610
INFO - [G] 1620
INFO - [G] 1630
INFO - [G] 1640
INFO - [G] 1650
INFO - [G] 1660
INFO - [G] 1670
INFO - [G] 1680
INFO - [G] 1690
INFO - [G] 1700
INFO - [G] 1710
INFO - [G] 1720
INFO - [G] 1730
INFO - [G] 1740
INFO - [G] 1750
INFO - [G] 1760
INFO - [G] 1770
INFO - [G] 1780
INFO - [G] 1790
INFO - [G] 1800
INFO - [G] 1810
INFO - [G] 1820
INFO - [G] 1830
INFO - [G] 1840
INFO - [G] 1850
INFO - [G] 1860
INFO - [G] 1870
INFO - [G] 1880
INFO - [G] 1890
INFO - [G] 1900
INFO - [G] 1910
INFO - [G] 1920
INFO - [G] 1930
INFO - [G] 1940
INFO - [G] 1950
INFO - [G] 1960
INFO - [G] 1970
INFO - [G] 1980
INFO - [G] 1990
INFO - [G] 2000
INFO - [G] 2010
INFO - [G] 2020
INFO - [G] 2030
INFO - [G] 2040
INFO - [G] 2050
INFO - [G] 2060
INFO - [G] 2070
INFO - [G] 2080
INFO - [G] 2090
INFO - [G] 2100
INFO - [G] 2110
INFO - [G] 2120
INFO - [G] 2130
INFO - [G] 2140
INFO - [G] 2150
INFO - [G] 2160
INFO - [G] 2170
