INFO - [♥] Lovely 0.7.1
INFO - [♥] Game directory is at "C:\\Program Files (x86)\\Steam\\steamapps\\common\\Balatro"
INFO - [♥] Writing logs to "C:\\Users\\Administrator\\AppData\\Roaming\\Balatro\\Mods\\lovely\\log"
INFO - [♥] Using mod directory at "C:\\Users\\Administrator\\AppData\\Roaming\\Balatro\\Mods"
INFO - [♥] Found .lovelyignore in 'SakashimaJoker', skipping it.
INFO - [♥] Cleaning up dumps directory at "C:\\Users\\Administrator\\AppData\\Roaming\\Balatro\\Mods\\lovely\\dump"
INFO - [♥] Initialization complete in 24ms
WARN - [♥] Pattern 'ϖ' on target 'conf.lua' for pattern patch from 0Bullitro\lovely\numbers.toml resulted in no matches
INFO - [♥] Applied 0 patches to 'conf.lua'
INFO - [♥] Applied 13 patches to 'main.lua'
WARN - [♥] Pattern 'ϖ' on target 'engine/object.lua' for pattern patch from 0Bullitro\lovely\numbers.toml resulted in no matches
INFO - [♥] Applied 4 patches to 'engine/object.lua'
WARN - [♥] Pattern 'ϖ' on target 'engine/string_packer.lua' for pattern patch from 0Bullitro\lovely\numbers.toml resulted in no matches
INFO - [♥] Applied 0 patches to 'engine/string_packer.lua'
INFO - [♥] Applied 7 patches to 'engine/controller.lua'
INFO - [♥] Applied 14 patches to 'back.lua'
INFO - [♥] Applied 7 patches to 'tag.lua'
WARN - [♥] Pattern 'ϖ' on target 'engine/event.lua' for pattern patch from 0Bullitro\lovely\numbers.toml resulted in no matches
WARN - [♥] Pattern '--Class' on target 'engine/event.lua' for pattern patch from 0Bullitro\lovely\numbers.toml resulted in 2 matches, wanted 1
WARN - [♥] Ignoring excess matches
WARN - [♥] Pattern '--Class Methods' on target 'engine/event.lua' for pattern patch from 0Bullitro\lovely\numbers.toml resulted in 2 matches, wanted 1
WARN - [♥] Ignoring excess matches
INFO - [♥] Applied 3 patches to 'engine/event.lua'
WARN - [♥] Pattern 'ϖ' on target 'engine/node.lua' for pattern patch from 0Bullitro\lovely\numbers.toml resulted in no matches
INFO - [♥] Applied 2 patches to 'engine/node.lua'
INFO - [♥] Applied 5 patches to 'engine/moveable.lua'
INFO - [♥] Applied 2 patches to 'engine/sprite.lua'
INFO - [♥] Applied 2 patches to 'engine/animatedsprite.lua'
INFO - [♥] Applied 45 patches to 'functions/misc_functions.lua'
INFO - [♥] Applied 32 patches to 'game.lua'
INFO - [♥] Applied 1 patch to 'globals.lua'
WARN - [♥] Pattern '--Class' on target 'engine/ui.lua' for pattern patch from 0Bullitro\lovely\numbers.toml resulted in 2 matches, wanted 1
WARN - [♥] Ignoring excess matches
INFO - [♥] Applied 8 patches to 'engine/ui.lua'
INFO - [♥] Applied 73 patches to 'functions/UI_definitions.lua'
INFO - [♥] Applied 40 patches to 'functions/state_events.lua'
INFO - [♥] Applied 88 patches to 'functions/common_events.lua'
INFO - [♥] Applied 39 patches to 'functions/button_callbacks.lua'
WARN - [♥] Pattern 'ϖ' on target 'functions/test_functions.lua' for pattern patch from 0Bullitro\lovely\numbers.toml resulted in no matches
INFO - [♥] Applied 0 patches to 'functions/test_functions.lua'
INFO - [♥] Applied 151 patches to 'card.lua'
INFO - [♥] Applied 7 patches to 'cardarea.lua'
INFO - [♥] Applied 31 patches to 'blind.lua'
WARN - [♥] Pattern 'ϖ' on target 'card_character.lua' for pattern patch from 0Bullitro\lovely\numbers.toml resulted in no matches
INFO - [♥] Applied 0 patches to 'card_character.lua'
WARN - [♥] Pattern 'ϖ' on target 'engine/particles.lua' for pattern patch from 0Bullitro\lovely\numbers.toml resulted in no matches
INFO - [♥] Applied 0 patches to 'engine/particles.lua'
INFO - [♥] Applied 3 patches to 'engine/text.lua'
WARN - [♥] Pattern 'ϖ' on target 'challenges.lua' for pattern patch from 0Bullitro\lovely\numbers.toml resulted in no matches
WARN - [♥] Pattern 'ϖ' on target 'challenges.lua' for pattern patch from 0Bullitro\lovely\numbers.toml resulted in no matches
INFO - [♥] Applied 0 patches to 'challenges.lua'
INFO - [G] Failed to connect to the debug server
INFO - [G] 2025-03-19 04:41:08 :: DEBUG :: DebugConsole :: Steamodded Debug Socket started !
INFO - [♥] Applied 10 patches to 'engine/sound_manager.lua'
INFO - [♥] Applied 1 patch to 'engine/save_manager.lua'
WARN - [♥] Pattern 'ϖ' on target 'engine/object.lua' for pattern patch from 0Bullitro\lovely\numbers.toml resulted in no matches
INFO - [♥] Applied 4 patches to 'engine/object.lua'
WARN - [♥] Pattern 'ϖ' on target 'engine/string_packer.lua' for pattern patch from 0Bullitro\lovely\numbers.toml resulted in no matches
INFO - [♥] Applied 0 patches to 'engine/string_packer.lua'
INFO - [G] 2025-03-19 04:41:10 :: ERROR :: Loader :: Found invalid metadata JSON file at C:\Users\Administrator\AppData\Roaming\Balatro\Mods/.vscode/settings.json, ignoring: [SMODS _ "src/loader.lua"]:226: id
INFO - [G] 2025-03-19 04:41:10 :: INFO  :: DefaultLogger :: Valid JSON file found
INFO - [G] 2025-03-19 04:41:10 :: ERROR :: Loader :: Found invalid metadata JSON file at C:\Users\Administrator\AppData\Roaming\Balatro\Mods/Aura/.vscode/settings.json, ignoring: [SMODS _ "src/loader.lua"]:226: id
INFO - [G] 2025-03-19 04:41:10 :: TRACE :: Loader :: Processing Mod file (Legacy header): Aura.lua
INFO - [G] 2025-03-19 04:41:10 :: TRACE :: Loader :: Saving Mod Info: Aura
INFO - [G] 2025-03-19 04:41:10 :: TRACE :: Loader :: Processing Mod file (Legacy header): PreorderCards.lua
INFO - [G] 2025-03-19 04:41:10 :: TRACE :: Loader :: Saving Mod Info: preorder_cards
INFO - [G] 2025-03-19 04:41:10 :: INFO  :: DefaultLogger :: Valid JSON file found
INFO - [G] 2025-03-19 04:41:10 :: INFO  :: DefaultLogger :: Valid JSON file found
INFO - [G] 2025-03-19 04:41:10 :: TRACE :: Loader :: Processing Mod file (Legacy header): HentaiCards.lua
INFO - [G] 2025-03-19 04:41:10 :: WARN  :: Loader :: Duplicate Mod ID: HentaiCards
INFO - [G] 2025-03-19 04:41:10 :: TRACE :: Loader :: Processing Mod file (Legacy header): SakashimaJoker.lua
INFO - [G] 2025-03-19 04:41:10 :: TRACE :: Loader :: Saving Mod Info: SakashimaJoker
INFO - [G] 2025-03-19 04:41:10 :: INFO  :: DefaultLogger :: Valid JSON file found
INFO - [G] 2025-03-19 04:41:10 :: TRACE :: Loader :: Processing Mod file (Legacy header): VintagePinupCards.lua
INFO - [G] 2025-03-19 04:41:10 :: TRACE :: Loader :: Saving Mod Info: VintagePinupCards
INFO - [G] 2025-03-19 04:41:10 :: TRACE :: Loader :: Processing Mod file (Legacy header): keyboard_dorkdad.lua
INFO - [G] 2025-03-19 04:41:10 :: TRACE :: Loader :: Saving Mod Info: keyboard_dorkdad
INFO - [G] 2025-03-19 04:41:10 :: WARN  :: DeckSkin :: Old DeckSkin formatting detected on DeckSkin lust_LuckHearts!
INFO - [G] 2025-03-19 04:41:10 :: WARN  :: DeckSkin :: Old DeckSkin formatting detected on DeckSkin lust_LuckClubs!
INFO - [G] 2025-03-19 04:41:10 :: WARN  :: DeckSkin :: Old DeckSkin formatting detected on DeckSkin lust_LuckDiamonds!
INFO - [G] 2025-03-19 04:41:10 :: WARN  :: DeckSkin :: Old DeckSkin formatting detected on DeckSkin lust_LuckSpades!
INFO - [G] Picture dimensions: 138 x 186
INFO - [G] Number of animation frames: 8
INFO - [G] Comment inside this GIF: Created with Paint.NET
INFO - [G] Picture dimensions: 138 x 186
INFO - [G] Number of animation frames: 1
INFO - [G] Comment inside this GIF: NO_COMMENT
INFO - [G] Picture dimensions: 138 x 186
INFO - [G] Number of animation frames: 9
INFO - [G] Comment inside this GIF: Created with Paint.NET
INFO - [G] 2025-03-19 04:41:10 :: WARN  :: Atlas :: Object centers has the same key as an existing object, not registering.
INFO - [G] 2025-03-19 04:41:10 :: WARN  :: Atlas :: If you want to modify an existing object, use take_ownership()
INFO - [G] soul_atlas
INFO - [G] 2025-03-19 04:41:10 :: TRACE :: Loader :: Mod SakashimaJoker was unable to load: 
INFO - [G] 2025-03-19 04:41:10 :: INFO  :: TIMER :: [0000] Injected Language in 0.001 ms
INFO - [G] 2025-03-19 04:41:10 :: INFO  :: TIMER :: [0000] Injected [INTERNAL] in 0.979 ms
INFO - [G] mod_tags
INFO - [G] achievements
INFO - [G] lust_AltVersions
INFO - [G] Joker
INFO - [G] centers
INFO - [G] lust_editions
INFO - [G] lust_LustTarot
INFO - [G] Booster
INFO - [G] stickers
INFO - [G] shop_sign
INFO - [G] balatro
INFO - [G] lust_modicon
INFO - [G] BalustroIcons
INFO - [G] lust_BalustroPlayingCards
INFO - [G] lust_LuckPlayingCardsLC
INFO - [G] lust_LuckPlayingCardsHC
INFO - [G] bull_wide_card
INFO - [G] bull_carper_card
INFO - [G] bull_Jokers-bean
INFO - [G] bull_Jokers-ice cream
INFO - [G] bull_Jokers-popcorn
INFO - [G] bull_Jokers-ramen
INFO - [G] bull_Jokers-green guy
INFO - [G] aura_j_faceless
INFO - [G] aura_j_seance
INFO - [G] aura_j_juggler
INFO - [G] aura_c_hearts
INFO - [G] aura_c_diamonds
INFO - [G] aura_c_clubs
INFO - [G] aura_c_spades
INFO - [G] aura_goon_icon_heart
INFO - [G] aura_goon_icon_diamond
INFO - [G] aura_goon_icon_club
INFO - [G] aura_goon_icon_spade
INFO - [G] aura_Jokers-Matoi Ryuuko
INFO - [G] FHC_hentai_cards_deck_lc
INFO - [G] FHC_hentai_cards_deck_hc
INFO - [G] Tarot
INFO - [G] Planet
INFO - [G] Spectral
INFO - [G] soul_atlas
INFO - [G] StickfaceNSFW_8BitDeck_opt2
INFO - [G] StickfaceNSFW_8BitDeck
INFO - [G] StickfaceNSFW_icon_lc
INFO - [G] StickfaceNSFW_icon_hc
INFO - [G] vintage_pinup_cards
INFO - [G] 2025-03-19 04:41:11 :: INFO  :: TIMER :: [0046] Injected Atlas in 1160.588 ms
INFO - [G] 2025-03-19 04:41:11 :: INFO  :: TIMER :: [0053] Injected Sound in 4.673 ms
INFO - [G] 2025-03-19 04:41:11 :: INFO  :: TIMER :: [0008] Injected Stake in 0.149 ms
INFO - [G] 2025-03-19 04:41:11 :: INFO  :: TIMER :: [0004] Injected Rarity in 0.015 ms
INFO - [G] 2025-03-19 04:41:11 :: INFO  :: TIMER :: [0004] Injected ObjectType in 0.033 ms
INFO - [G] 2025-03-19 04:41:11 :: INFO  :: TIMER :: [0220] Injected Center in 2.533 ms
INFO - [G] 2025-03-19 04:41:11 :: INFO  :: TIMER :: [0007] Injected Undiscovered Sprite in 0.015 ms
INFO - [G] 2025-03-19 04:41:11 :: INFO  :: TIMER :: [0002] Injected Blind in 0.040 ms
INFO - [G] 2025-03-19 04:41:11 :: INFO  :: TIMER :: [0004] Injected Seal in 0.106 ms
INFO - [G] 2025-03-19 04:41:11 :: INFO  :: TIMER :: [0004] Injected Suit in 0.084 ms
INFO - [G] 2025-03-19 04:41:11 :: INFO  :: TIMER :: [0013] Injected Rank in 0.136 ms
INFO - [G] 2025-03-19 04:41:11 :: INFO  :: TIMER :: [0052] Injected DeckSkin in 0.297 ms
INFO - [G] 2025-03-19 04:41:11 :: INFO  :: TIMER :: [0012] Injected PokerHand in 0.049 ms
INFO - [G] 2025-03-19 04:41:11 :: INFO  :: TIMER :: [0020] Injected Challenge in 0.025 ms
INFO - [G] 2025-03-19 04:41:11 :: INFO  :: TIMER :: [0000] Injected Tag in 0.015 ms
INFO - [G] 2025-03-19 04:41:11 :: INFO  :: TIMER :: [0004] Injected Sticker in 0.088 ms
INFO - [G] 2025-03-19 04:41:11 :: INFO  :: TIMER :: [0000] Injected Shader in 0.002 ms
INFO - [G] 2025-03-19 04:41:11 :: INFO  :: TIMER :: [0001] Injected Keybind in 0.014 ms
INFO - [G] 2025-03-19 04:41:11 :: INFO  :: TIMER :: [0000] Injected Achievement in 0.026 ms
INFO - [G] 2025-03-19 04:41:12 :: INFO  :: TIMER :: [0000] Injected [INTERNAL] in 2.840 ms
INFO - [G] ERROR LOADING GAME: Card area 'shop_booster' not instantiated before load
INFO - [G] ERROR LOADING GAME: Card area 'shop_jokers' not instantiated before load
INFO - [G] ERROR LOADING GAME: Card area 'shop_vouchers' not instantiated before load
INFO - [G] line not found
INFO - [G] file not found: main.lua: No such file or directory
INFO - [G] file not found: main.lua: No such file or directory
INFO - [G] line not found
INFO - [G] file not found: main.lua: No such file or directory
INFO - [G] file not found: main.lua: No such file or directory
INFO - [G] 2025-03-19 04:41:20 :: ERROR :: StackTrace :: Oops! The game crashed
[SMODS keyboard_dorkdad "keyboard_dorkdad.lua"]:214: attempt to index field 'buy' (a nil value)
Stack Traceback
===============
(1) Lua local 'handler' at file 'main.lua:612'
	Local variables:
	 msg = string: "[SMODS keyboard_dorkdad \"keyboard_dorkdad.lua\"]:214: attempt to index field 'buy' (a nil value)"
	 (*temporary) = Lua function '?' (defined at line 31 of chunk [SMODS _ "src/logging.lua"])
	 (*temporary) = string: "Oops! The game crashed\
"
(2) LÖVE metamethod at file 'boot.lua:352'
	Local variables:
	 errhand = Lua function '?' (defined at line 598 of chunk main.lua)
	 handler = Lua function '?' (defined at line 598 of chunk main.lua)
(3) Lua upvalue 'Original_Controller_key_press_update' at file 'keyboard_dorkdad.lua:214' (from mod with id keyboard_dorkdad)
	Local variables:
	 self = table: 0x243d8508  {held_button_times:table: 0x243d8dd8, focus_cursor_stack_level:1, snap_cursor_to:table: 0x244079b0 (more...)}
	 key = string: "space"
	 dt = number: 0.0166622
	 shop_areas = table: 0x26e17468  {1:shop_jokers, 2:shop_booster, 3:shop_vouchers}
	 play_areas = table: 0x25578e30  {1:hand}
	 booster_areas = table: 0x26e174b8  {1:pack_cards, 2:hand}
	 idle_areas = table: 0x26101a10  {1:jokers, 2:consumeables}
	 shop_visible = boolean: true
	 booster_visible = boolean: false
	 play_visible = boolean: false
	 idle_visible = boolean: true
	 all_areas = table: 0x26101aa8  {1:shop_jokers, 2:shop_booster, 3:shop_vouchers, 4:pack_cards, 5:hand, 6:jokers (more...)}
	 area_shortcuts = table: 0x26101b18  {jokers:table: 0x26101d58, pack_cards:table: 0x26101cb0, consumeables:table: 0x26101d90 (more...)}
	 cycle_keybind = string: "`"
	 area = table: 0x263a4950  {click_offset:table: 0x263a4c48, static_rotation:false, shuffle_amt:0, parent:table: 0x254c71b8 (more...)}
	 area_name = string: "shop_booster"
	 next_area = table: 0x263a3798  {click_offset:table: 0x263a3ae0, static_rotation:false, shuffle_amt:0, parent:table: 0x254c69b8 (more...)}
	 highlighted = table: 0x24296110  {click_offset:table: 0x23ecc6a0, highlighted:true, children:table: 0x2551c908 (more...)}
	 shop_highlighted = boolean: true
	 booster_highlighted = boolean: false
	 play_highlighted = boolean: false
	 idle_highlighted = boolean: false
	 keyed_index = nil
	 get_next_area = Lua function '?' (defined at line 120 of chunk [SMODS keyboard_dorkdad "keyboard_dorkdad.lua"])
	 check_can_buy = table: 0x261021d0  {config:table: 0x26102230}
	 check_can_reroll = table: 0x26102290  {config:table: 0x261022f0}
	 (*temporary) = nil
	 (*temporary) = nil
	 (*temporary) = table: 0x26102230  {ref_table:table: 0x24296110, button:use_card, colour:table: 0x23e69040 (more...)}
	 (*temporary) = string: "use_card"
	 (*temporary) = number: 0
	 (*temporary) = number: 5
	 (*temporary) = number: 2.65501e-135
	 (*temporary) = string: "attempt to index field 'buy' (a nil value)"
(4) Lua method 'key_press_update' at file 'PreorderCards.lua:141' (from mod with id preorder_cards)
	Local variables:
	 self = table: 0x243d8508  {held_button_times:table: 0x243d8dd8, focus_cursor_stack_level:1, snap_cursor_to:table: 0x244079b0 (more...)}
	 key = string: "space"
	 dt = number: 0.0166622
(5) Lua method 'update' at file 'engine/controller.lua:263'
	Local variables:
	 self = table: 0x243d8508  {held_button_times:table: 0x243d8dd8, focus_cursor_stack_level:1, snap_cursor_to:table: 0x244079b0 (more...)}
	 dt = number: 0.0166622
	 (for generator) = C function: next
	 (for state) = table: 0x243d8b30  {space:true}
	 (for control) = number: nan
	 k = string: "space"
	 v = boolean: true
(6) Lua upvalue 'gameUpdateRef' at file 'game.lua:2681'
	Local variables:
	 self = table: 0x23e63a90  {F_GUIDE:false, F_CRASH_REPORTS:false, F_QUIT_BUTTON:true, HUD_tags:table: 0x258ebd48 (more...)}
	 dt = number: 0.0166622
(7) Lua upvalue 'old_update' at Steamodded file 'src/ui.lua:84' 
	Local variables:
	 self = table: 0x23e63a90  {F_GUIDE:false, F_CRASH_REPORTS:false, F_QUIT_BUTTON:true, HUD_tags:table: 0x258ebd48 (more...)}
	 dt = number: 0.0166622
(8) Lua method 'update' at file 'Aura.lua:203' (from mod with id Aura)
	Local variables:
	 self = table: 0x23e63a90  {F_GUIDE:false, F_CRASH_REPORTS:false, F_QUIT_BUTTON:true, HUD_tags:table: 0x258ebd48 (more...)}
	 dt = number: 0.0166622
(9) Lua field 'update' at file 'main.lua:992'
	Local variables:
	 dt = number: 0.0166622
(10) Lua function '?' at file 'main.lua:931' (best guess)
(11) global C function 'xpcall'
(12) LÖVE function at file 'boot.lua:377' (best guess)
	Local variables:
	 func = Lua function '?' (defined at line 902 of chunk main.lua)
	 inerror = boolean: true
	 deferErrhand = Lua function '(LÖVE Function)' (defined at line 348 of chunk [love "boot.lua"])
	 earlyinit = Lua function '(LÖVE Function)' (defined at line 355 of chunk [love "boot.lua"])

INFO - [G] line not found
INFO - [G] file not found: main.lua: No such file or directory
INFO - [G] file not found: main.lua: No such file or directory
INFO - [G] 2025-03-19 04:41:20 :: INFO  :: StackTrace :: Additional Context:
Balatro Version: 1.0.1o-FULL
Modded Version: 1.0.0~ALPHA-1409a-STEAMODDED
LÖVE Version: 11.5.0
Lovely Version: 0.7.1
Platform: Windows
Steamodded Mods:
    1: Zero Bullitro by BitBites [ID: 0Bullitro, Version: 1.0, Uses Lovely]
    2: Preorder Cards by asd123cqp [ID: preorder_cards]
    3: Keyboard Shortcuts DorkDad by DorkDad141 [ID: keyboard_dorkdad]
    4: Aura by MathIsFun_, ChromaPIE, Bard, Grassy311, RattlingSnow353, Solace, RadicaAprils, chloe_cromslor [ID: Aura, Version: 0.023, Uses Lovely]
    5: Hentai Cards by Makubex77, Pheubel (Code) [ID: HentaiCards, Version: 1.1]
    6: Vintage Pinup Cards by NoScope1080 [ID: VintagePinupCards]
    7: Stickface Deck by Stickface [ID: StickfaceNSFWDeck, Version: 1.0.0]
    8: Balustro by someone23832 [ID: Balustro, Priority: -20, Version: 0.12, Uses Lovely]
Lovely Mods:
