INFO - [♥] Lovely 0.7.1
INFO - [♥] Game directory is at "C:\\Program Files (x86)\\Steam\\steamapps\\common\\Balatro"
INFO - [♥] Writing logs to "C:\\Users\\Administrator\\AppData\\Roaming\\Balatro\\Mods\\lovely\\log"
INFO - [♥] Using mod directory at "C:\\Users\\Administrator\\AppData\\Roaming\\Balatro\\Mods"
INFO - [♥] Cleaning up dumps directory at "C:\\Users\\Administrator\\AppData\\Roaming\\Balatro\\Mods\\lovely\\dump"
INFO - [♥] Initialization complete in 25ms
INFO - [♥] Applied 12 patches to 'main.lua'
INFO - [♥] Applied 5 patches to 'engine/controller.lua'
INFO - [♥] Applied 13 patches to 'back.lua'
INFO - [♥] Applied 6 patches to 'tag.lua'
INFO - [♥] Applied 1 patch to 'engine/moveable.lua'
INFO - [♥] Applied 2 patches to 'engine/sprite.lua'
INFO - [♥] Applied 2 patches to 'engine/animatedsprite.lua'
INFO - [♥] Applied 41 patches to 'functions/misc_functions.lua'
INFO - [♥] Applied 24 patches to 'game.lua'
INFO - [♥] Applied 1 patch to 'globals.lua'
INFO - [♥] Applied 3 patches to 'engine/ui.lua'
INFO - [♥] Applied 72 patches to 'functions/UI_definitions.lua'
INFO - [♥] Applied 39 patches to 'functions/state_events.lua'
INFO - [♥] Applied 86 patches to 'functions/common_events.lua'
INFO - [♥] Applied 38 patches to 'functions/button_callbacks.lua'
INFO - [♥] Applied 139 patches to 'card.lua'
INFO - [♥] Applied 6 patches to 'cardarea.lua'
INFO - [♥] Applied 30 patches to 'blind.lua'
INFO - [♥] Applied 2 patches to 'engine/text.lua'
INFO - [G] Failed to connect to the debug server
INFO - [G] 2025-02-26 23:38:07 :: DEBUG :: DebugConsole :: Steamodded Debug Socket started !
INFO - [♥] Applied 9 patches to 'engine/sound_manager.lua'
INFO - [♥] Applied 1 patch to 'engine/save_manager.lua'
INFO - [G] 2025-02-26 23:38:08 :: ERROR :: Loader :: Found invalid metadata JSON file at C:\Users\Administrator\AppData\Roaming\Balatro\Mods/.vscode/settings.json, ignoring: [SMODS _ "src/loader.lua"]:226: id
INFO - [G] 2025-02-26 23:38:08 :: TRACE :: Loader :: Processing Mod file (Legacy header): PreorderCards.lua
INFO - [G] 2025-02-26 23:38:08 :: TRACE :: Loader :: Saving Mod Info: preorder_cards
INFO - [G] 2025-02-26 23:38:09 :: TRACE :: Loader :: Processing Mod file (Legacy header): SakashimaJoker.lua
INFO - [G] 2025-02-26 23:38:09 :: TRACE :: Loader :: Saving Mod Info: SakashimaJoker
INFO - [G] 2025-02-26 23:38:09 :: WARN  :: Atlas :: Object saka_modicon has the same key as an existing object, not registering.
INFO - [G] 2025-02-26 23:38:09 :: WARN  :: Atlas :: If you want to modify an existing object, use take_ownership()
INFO - [G] 2025-02-26 23:38:09 :: WARN  :: Atlas :: Object saka_modicon has the same key as an existing object, not registering.
INFO - [G] 2025-02-26 23:38:09 :: WARN  :: Atlas :: If you want to modify an existing object, use take_ownership()
INFO - [G] 2025-02-26 23:38:09 :: WARN  :: Atlas :: Object saka_modicon has the same key as an existing object, not registering.
INFO - [G] 2025-02-26 23:38:09 :: WARN  :: Atlas :: If you want to modify an existing object, use take_ownership()
INFO - [G] 2025-02-26 23:38:09 :: INFO  :: TIMER :: [0000] Injected Language in 0.001 ms
INFO - [G] 2025-02-26 23:38:09 :: INFO  :: TIMER :: [0000] Injected [INTERNAL] in 35.406 ms
INFO - [G] 2025-02-26 23:38:10 :: INFO  :: TIMER :: [0007] Injected Atlas in 1117.509 ms
INFO - [G] 2025-02-26 23:38:10 :: INFO  :: TIMER :: [0001] Injected Sound in 46.715 ms
INFO - [G] 2025-02-26 23:38:10 :: INFO  :: TIMER :: [0008] Injected Stake in 0.233 ms
INFO - [G] 2025-02-26 23:38:10 :: INFO  :: TIMER :: [0004] Injected Rarity in 0.049 ms
INFO - [G] 2025-02-26 23:38:10 :: INFO  :: TIMER :: [0004] Injected ObjectType in 0.028 ms
INFO - [G] 2025-02-26 23:38:10 :: INFO  :: TIMER :: [0052] Injected Center in 0.378 ms
INFO - [G] 2025-02-26 23:38:10 :: INFO  :: TIMER :: [0007] Injected Undiscovered Sprite in 0.012 ms
INFO - [G] 2025-02-26 23:38:10 :: INFO  :: TIMER :: [0002] Injected Blind in 0.012 ms
INFO - [G] 2025-02-26 23:38:10 :: INFO  :: TIMER :: [0004] Injected Seal in 0.109 ms
INFO - [G] 2025-02-26 23:38:10 :: INFO  :: TIMER :: [0004] Injected Suit in 0.170 ms
INFO - [G] 2025-02-26 23:38:10 :: INFO  :: TIMER :: [0013] Injected Rank in 0.120 ms
INFO - [G] 2025-02-26 23:38:10 :: INFO  :: TIMER :: [0028] Injected DeckSkin in 0.212 ms
INFO - [G] 2025-02-26 23:38:10 :: INFO  :: TIMER :: [0012] Injected PokerHand in 0.089 ms
INFO - [G] 2025-02-26 23:38:10 :: INFO  :: TIMER :: [0020] Injected Challenge in 0.022 ms
INFO - [G] 2025-02-26 23:38:10 :: INFO  :: TIMER :: [0000] Injected Tag in 0.002 ms
INFO - [G] 2025-02-26 23:38:10 :: INFO  :: TIMER :: [0004] Injected Sticker in 0.267 ms
INFO - [G] 2025-02-26 23:38:10 :: INFO  :: TIMER :: [0000] Injected Shader in 0.001 ms
INFO - [G] 2025-02-26 23:38:10 :: INFO  :: TIMER :: [0001] Injected Keybind in 0.009 ms
INFO - [G] 2025-02-26 23:38:10 :: INFO  :: TIMER :: [0000] Injected Achievement in 0.038 ms
INFO - [G] 2025-02-26 23:38:10 :: INFO  :: TIMER :: [0000] Injected [INTERNAL] in 0.438 ms
INFO - [G] LONG DT @ 0: 0.1
INFO - [G] LONG DT @ 0: 0.08050588
INFO - [G] LONG DT @ 0: 0.067363664
INFO - [G] LONG DT @ 0: 0.0572235512
INFO - [G] LONG DT @ 2: 0.063513322795657
INFO - [G] LONG DT @ 2: 0.051340558236526
INFO - [G] LONG DT @ 50: 0.078362956046834
INFO - [G] LONG DT @ 50: 0.064734644837467
INFO - [G] LONG DT @ 50: 0.052389835869974
INFO - [G] LONG DT @ 60: 0.1
INFO - [G] LONG DT @ 60: 0.08085122
INFO - [G] LONG DT @ 60: 0.065101536
INFO - [G] LONG DT @ 60: 0.0527050288
