INFO - [♥] Lovely 0.7.1
INFO - [♥] Game directory is at "C:\\Program Files (x86)\\Steam\\steamapps\\common\\Balatro"
INFO - [♥] Writing logs to "C:\\Users\\Administrator\\AppData\\Roaming\\Balatro\\Mods\\lovely\\log"
INFO - [♥] Using mod directory at "C:\\Users\\Administrator\\AppData\\Roaming\\Balatro\\Mods"
INFO - [♥] Cleaning up dumps directory at "C:\\Users\\Administrator\\AppData\\Roaming\\Balatro\\Mods\\lovely\\dump"
INFO - [♥] Initialization complete in 25ms
INFO - [♥] Applied 12 patches to 'main.lua'
INFO - [♥] Applied 5 patches to 'engine/controller.lua'
INFO - [♥] Applied 13 patches to 'back.lua'
INFO - [♥] Applied 6 patches to 'tag.lua'
INFO - [♥] Applied 1 patch to 'engine/moveable.lua'
INFO - [♥] Applied 2 patches to 'engine/sprite.lua'
INFO - [♥] Applied 2 patches to 'engine/animatedsprite.lua'
INFO - [♥] Applied 41 patches to 'functions/misc_functions.lua'
INFO - [♥] Applied 24 patches to 'game.lua'
INFO - [♥] Applied 1 patch to 'globals.lua'
INFO - [♥] Applied 3 patches to 'engine/ui.lua'
INFO - [♥] Applied 72 patches to 'functions/UI_definitions.lua'
INFO - [♥] Applied 39 patches to 'functions/state_events.lua'
INFO - [♥] Applied 86 patches to 'functions/common_events.lua'
INFO - [♥] Applied 38 patches to 'functions/button_callbacks.lua'
INFO - [♥] Applied 139 patches to 'card.lua'
INFO - [♥] Applied 6 patches to 'cardarea.lua'
INFO - [♥] Applied 30 patches to 'blind.lua'
INFO - [♥] Applied 2 patches to 'engine/text.lua'
INFO - [G] Failed to connect to the debug server
INFO - [G] 2025-02-10 06:31:34 :: DEBUG :: DebugConsole :: Steamodded Debug Socket started !
INFO - [♥] Applied 9 patches to 'engine/sound_manager.lua'
INFO - [♥] Applied 1 patch to 'engine/save_manager.lua'
INFO - [G] 2025-02-10 06:31:37 :: ERROR :: Loader :: Found invalid metadata JSON file at C:\Users\Administrator\AppData\Roaming\Balatro\Mods/.vscode/settings.json, ignoring: [SMODS _ "src/loader.lua"]:226: id
INFO - [G] 2025-02-10 06:31:37 :: TRACE :: Loader :: Processing Mod file (Legacy header): PreorderCards.lua
INFO - [G] 2025-02-10 06:31:37 :: TRACE :: Loader :: Saving Mod Info: preorder_cards
INFO - [G] 2025-02-10 06:31:37 :: TRACE :: Loader :: Processing Mod file (Legacy header): SakashimaJoker.lua
INFO - [G] 2025-02-10 06:31:37 :: TRACE :: Loader :: Saving Mod Info: SakashimaJoker
INFO - [G] 2025-02-10 06:31:37 :: INFO  :: TIMER :: [0000] Injected Language in 0.001 ms
INFO - [G] 2025-02-10 06:31:37 :: INFO  :: TIMER :: [0000] Injected [INTERNAL] in 1.119 ms
INFO - [G] 2025-02-10 06:31:37 :: INFO  :: TIMER :: [0004] Injected Atlas in 593.179 ms
INFO - [G] 2025-02-10 06:31:37 :: INFO  :: TIMER :: [0001] Injected Sound in 0.180 ms
INFO - [G] 2025-02-10 06:31:37 :: INFO  :: TIMER :: [0008] Injected Stake in 0.194 ms
INFO - [G] 2025-02-10 06:31:37 :: INFO  :: TIMER :: [0004] Injected Rarity in 0.028 ms
INFO - [G] 2025-02-10 06:31:37 :: INFO  :: TIMER :: [0004] Injected ObjectType in 0.063 ms
INFO - [G] 2025-02-10 06:31:37 :: INFO  :: TIMER :: [0049] Injected Center in 0.400 ms
INFO - [G] 2025-02-10 06:31:37 :: INFO  :: TIMER :: [0007] Injected Undiscovered Sprite in 0.014 ms
INFO - [G] 2025-02-10 06:31:37 :: INFO  :: TIMER :: [0002] Injected Blind in 0.012 ms
INFO - [G] 2025-02-10 06:31:37 :: INFO  :: TIMER :: [0004] Injected Seal in 0.348 ms
INFO - [G] 2025-02-10 06:31:37 :: INFO  :: TIMER :: [0004] Injected Suit in 0.090 ms
INFO - [G] 2025-02-10 06:31:37 :: INFO  :: TIMER :: [0013] Injected Rank in 0.095 ms
INFO - [G] 2025-02-10 06:31:37 :: INFO  :: TIMER :: [0020] Injected DeckSkin in 0.169 ms
INFO - [G] 2025-02-10 06:31:37 :: INFO  :: TIMER :: [0012] Injected PokerHand in 0.093 ms
INFO - [G] 2025-02-10 06:31:37 :: INFO  :: TIMER :: [0020] Injected Challenge in 0.186 ms
INFO - [G] 2025-02-10 06:31:37 :: INFO  :: TIMER :: [0000] Injected Tag in 0.002 ms
INFO - [G] 2025-02-10 06:31:37 :: INFO  :: TIMER :: [0004] Injected Sticker in 0.092 ms
INFO - [G] 2025-02-10 06:31:37 :: INFO  :: TIMER :: [0000] Injected Shader in 0.002 ms
INFO - [G] 2025-02-10 06:31:37 :: INFO  :: TIMER :: [0001] Injected Keybind in 0.016 ms
INFO - [G] 2025-02-10 06:31:37 :: INFO  :: TIMER :: [0000] Injected Achievement in 0.051 ms
INFO - [G] 2025-02-10 06:31:37 :: INFO  :: TIMER :: [0000] Injected [INTERNAL] in 0.502 ms
INFO - [G] ERROR LOADING GAME: Card area 'shop_booster' not instantiated before load
INFO - [G] ERROR LOADING GAME: Card area 'shop_jokers' not instantiated before load
INFO - [G] ERROR LOADING GAME: Card area 'shop_vouchers' not instantiated before load
INFO - [G] line not found
INFO - [G] file not found: main.lua: No such file or directory
INFO - [G] file not found: main.lua: No such file or directory
INFO - [G] line not found
INFO - [G] line not found
INFO - [G] line not found
INFO - [G] line not found
INFO - [G] line not found
INFO - [G] line not found
INFO - [G] line not found
INFO - [G] line not found
INFO - [G] line not found
INFO - [G] line not found
INFO - [G] line not found
INFO - [G] line not found
INFO - [G] file not found: main.lua: No such file or directory
INFO - [G] file not found: main.lua: No such file or directory
INFO - [G] 2025-02-10 06:31:46 :: ERROR :: StackTrace :: Oops! The game crashed
[SMODS SakashimaJoker "SakashimaJoker.lua"]:1119: attempt to get length of field 'full_hand' (a nil value)
Stack Traceback
===============
(1) Lua local 'handler' at file 'main.lua:612'
	Local variables:
	 msg = string: "[SMODS SakashimaJoker \"SakashimaJoker.lua\"]:1119: attempt to get length of field 'full_hand' (a nil value)"
	 (*temporary) = Lua function '?' (defined at line 31 of chunk [SMODS _ "src/logging.lua"])
	 (*temporary) = string: "Oops! The game crashed\
"
(2) LÖVE metamethod at file 'boot.lua:352'
	Local variables:
	 errhand = Lua function '?' (defined at line 598 of chunk main.lua)
	 handler = Lua function '?' (defined at line 598 of chunk main.lua)
(3) Lua local 'value' at file 'SakashimaJoker.lua:1119' (from mod with id SakashimaJoker)
	Local variables:
	 card = table: 0x32dd7ee0  {click_offset:table: 0x32df8e18, children:table: 0x3319d400, ambient_tilt:0.2 (more...)}
	 context = table: 0x32dbcb50  {ending_shop:true, cardarea:table: 0x32abd9c8}
	 (*temporary) = nil
	 (*temporary) = string: "attempt to get length of field 'full_hand' (a nil value)"
(4) Lua function '?' at file 'SakashimaJoker.lua:349' (from mod with id SakashimaJoker) (best guess)
	Local variables:
	 value = Lua function '?' (defined at line 1119 of chunk [SMODS SakashimaJoker "SakashimaJoker.lua"])
	 (*temporary) = Lua function '?' (defined at line 347 of chunk [SMODS SakashimaJoker "SakashimaJoker.lua"])
(5) Lua local 'value' at file 'SakashimaJoker.lua:844' (from mod with id SakashimaJoker)
	Local variables:
	 card = table: 0x32dd7ee0  {click_offset:table: 0x32df8e18, children:table: 0x3319d400, ambient_tilt:0.2 (more...)}
	 context = table: 0x32dbcb50  {ending_shop:true, cardarea:table: 0x32abd9c8}
	 fm = nil
	 jokerGainMode = string: "gain"
	 upgradeGainMode = string: "upgrade"
	 condition = Lua function '?' (defined at line 363 of chunk [SMODS SakashimaJoker "SakashimaJoker.lua"])
	 (for generator) = C function: builtin#6
	 (for state) = table: 0x32e69e30  {1:gain +function*4 Chips, 2:function: 0x32acb0e0}
	 (for control) = number: 1
	 i = number: 1
	 modTxt = string: "+function*4 Chips"
	 gainMode = string: "joker"
	 loud = boolean: true
	 amount = string: "function*4"
	 mult = number: 4
	 plus = number: 0
	 gotFunction = Lua function '?' (defined at line 1119 of chunk [SMODS SakashimaJoker "SakashimaJoker.lua"])
	 extraIndex = number: 2
	 (*temporary) = Lua function '?' (defined at line 20 of chunk [SMODS SakashimaJoker "SakashimaJoker.lua"])
(6) Lua function '?' at file 'SakashimaJoker.lua:349' (from mod with id SakashimaJoker) (best guess)
	Local variables:
	 value = Lua function '?' (defined at line 799 of chunk [SMODS SakashimaJoker "SakashimaJoker.lua"])
	 (*temporary) = Lua function '?' (defined at line 347 of chunk [SMODS SakashimaJoker "SakashimaJoker.lua"])
(7) Lua local 'value' at file 'SakashimaJoker.lua:1193' (from mod with id SakashimaJoker)
	Local variables:
	 destroyed_joker = table: 0x33024d10  {getting_sliced:true, click_offset:table: 0x3344eb70, static_rotation:false (more...)}
(8) Lua function '?' at file 'SakashimaJoker.lua:349' (from mod with id SakashimaJoker) (best guess)
	Local variables:
	 value = Lua function '?' (defined at line 1190 of chunk [SMODS SakashimaJoker "SakashimaJoker.lua"])
	 (*temporary) = Lua function '?' (defined at line 347 of chunk [SMODS SakashimaJoker "SakashimaJoker.lua"])
(9) Lua field 'func' at file 'SakashimaJoker.lua:765' (from mod with id SakashimaJoker)
(10) Lua method 'handle' at file 'engine/event.lua:99'
	Local variables:
	 self = table: 0x32dbb110  {start_timer:true, timer:TOTAL, blockable:true, trigger:immediate, func:function: 0x32f69610 (more...)}
	 _results = table: 0x32d01bf0  {blocking:true, pause_skip:false, time_done:false, completed:false}
(11) Lua method 'update' at file 'engine/event.lua:182'
	Local variables:
	 self = table: 0x32fa0510  {queue_last_processed:8.6, queues:table: 0x32fa0538, queue_dt:0.016666666666667 (more...)}
	 dt = number: 0.0166415
	 forced = nil
	 (for generator) = C function: next
	 (for state) = table: 0x32fa0538  {unlock:table: 0x32fa0560, other:table: 0x32fa09d8, tutorial:table: 0x32fa05b0 (more...)}
	 (for control) = number: nan
	 k = string: "base"
	 v = table: 0x32fa0588  {1:table: 0x32ed72b8, 2:table: 0x32dbb110, 3:table: 0x330ea200, 4:table: 0x3316ab00 (more...)}
	 blocked = boolean: false
	 i = number: 2
	 results = table: 0x32d01bf0  {blocking:true, pause_skip:false, time_done:false, completed:false}
(12) Lua upvalue 'gameUpdateRef' at file 'game.lua:2524'
	Local variables:
	 self = table: 0x329605d0  {F_GUIDE:false, F_CRASH_REPORTS:false, F_QUIT_BUTTON:true, HUD_tags:table: 0x334421a0 (more...)}
	 dt = number: 0.0166415
	 http_resp = nil
(13) Lua method 'update' at Steamodded file 'src/ui.lua:84' 
	Local variables:
	 self = table: 0x329605d0  {F_GUIDE:false, F_CRASH_REPORTS:false, F_QUIT_BUTTON:true, HUD_tags:table: 0x334421a0 (more...)}
	 dt = number: 0.0166415
(14) Lua field 'update' at file 'main.lua:992'
	Local variables:
	 dt = number: 0.0166415
(15) Lua function '?' at file 'main.lua:931' (best guess)
(16) global C function 'xpcall'
(17) LÖVE function at file 'boot.lua:377' (best guess)
	Local variables:
	 func = Lua function '?' (defined at line 902 of chunk main.lua)
	 inerror = boolean: true
	 deferErrhand = Lua function '(LÖVE Function)' (defined at line 348 of chunk [love "boot.lua"])
	 earlyinit = Lua function '(LÖVE Function)' (defined at line 355 of chunk [love "boot.lua"])

INFO - [G] line not found
INFO - [G] line not found
INFO - [G] line not found
INFO - [G] line not found
INFO - [G] line not found
INFO - [G] line not found
INFO - [G] line not found
INFO - [G] line not found
INFO - [G] line not found
INFO - [G] line not found
INFO - [G] line not found
INFO - [G] line not found
INFO - [G] file not found: main.lua: No such file or directory
INFO - [G] file not found: main.lua: No such file or directory
INFO - [G] 2025-02-10 06:31:46 :: INFO  :: StackTrace :: Additional Context:
Balatro Version: 1.0.1n-FULL
Modded Version: 1.0.0~ALPHA-1409a-STEAMODDED
LÖVE Version: 11.5.0
Lovely Version: 0.7.1
Platform: Windows
Steamodded Mods:
    1: Sakashima Joker by BitBites [ID: SakashimaJoker]
    2: Preorder Cards by asd123cqp [ID: preorder_cards]
Lovely Mods:
