INFO - [♥] Lovely 0.7.1
INFO - [♥] Game directory is at "C:\\Program Files (x86)\\Steam\\steamapps\\common\\Balatro"
INFO - [♥] Writing logs to "C:\\Users\\Administrator\\AppData\\Roaming\\Balatro\\Mods\\lovely\\log"
INFO - [♥] Using mod directory at "C:\\Users\\Administrator\\AppData\\Roaming\\Balatro\\Mods"
INFO - [♥] Found .lovelyignore in 'Aura', skipping it.
INFO - [♥] Found .lovelyignore in 'Balustro', skipping it.
INFO - [♥] Found .lovelyignore in 'HentaiCards', skipping it.
INFO - [♥] Found .lovelyignore in 'SakashimaJoker', skipping it.
INFO - [♥] Cleaning up dumps directory at "C:\\Users\\Administrator\\AppData\\Roaming\\Balatro\\Mods\\lovely\\dump"
INFO - [♥] Initialization complete in 29ms
WARN - [♥] Pattern 'ϖ' on target 'conf.lua' for pattern patch from 0Bullitro\lovely\files.toml resulted in no matches
INFO - [♥] Applied 0 patches to 'conf.lua'
INFO - [♥] Applied 13 patches to 'main.lua'
WARN - [♥] Pattern 'ϖ' on target 'engine/object.lua' for pattern patch from 0Bullitro\lovely\files.toml resulted in no matches
INFO - [♥] Applied 10 patches to 'engine/object.lua'
WARN - [♥] Pattern 'ϖ' on target 'engine/string_packer.lua' for pattern patch from 0Bullitro\lovely\files.toml resulted in no matches
INFO - [♥] Applied 0 patches to 'engine/string_packer.lua'
INFO - [♥] Applied 7 patches to 'engine/controller.lua'
INFO - [♥] Applied 14 patches to 'back.lua'
INFO - [♥] Applied 7 patches to 'tag.lua'
WARN - [♥] Pattern '--Class' on target 'engine/event.lua' for pattern patch from 0Bullitro\lovely\event.toml resulted in 2 matches, wanted 1
WARN - [♥] Ignoring excess matches
WARN - [♥] Pattern '--Class Methods' on target 'engine/event.lua' for pattern patch from 0Bullitro\lovely\event.toml resulted in 2 matches, wanted 1
WARN - [♥] Ignoring excess matches
WARN - [♥] Pattern 'ϖ' on target 'engine/event.lua' for pattern patch from 0Bullitro\lovely\files.toml resulted in no matches
INFO - [♥] Applied 3 patches to 'engine/event.lua'
WARN - [♥] Pattern 'ϖ' on target 'engine/node.lua' for pattern patch from 0Bullitro\lovely\files.toml resulted in no matches
INFO - [♥] Applied 2 patches to 'engine/node.lua'
INFO - [♥] Applied 5 patches to 'engine/moveable.lua'
INFO - [♥] Applied 2 patches to 'engine/sprite.lua'
INFO - [♥] Applied 2 patches to 'engine/animatedsprite.lua'
INFO - [♥] Applied 42 patches to 'functions/misc_functions.lua'
INFO - [♥] Applied 28 patches to 'game.lua'
INFO - [♥] Applied 1 patch to 'globals.lua'
WARN - [♥] Pattern '--Class' on target 'engine/ui.lua' for pattern patch from 0Bullitro\lovely\ui.toml resulted in 2 matches, wanted 1
WARN - [♥] Ignoring excess matches
INFO - [♥] Applied 8 patches to 'engine/ui.lua'
INFO - [♥] Applied 73 patches to 'functions/UI_definitions.lua'
INFO - [♥] Applied 40 patches to 'functions/state_events.lua'
INFO - [♥] Applied 87 patches to 'functions/common_events.lua'
INFO - [♥] Applied 39 patches to 'functions/button_callbacks.lua'
WARN - [♥] Pattern 'ϖ' on target 'functions/test_functions.lua' for pattern patch from 0Bullitro\lovely\files.toml resulted in no matches
INFO - [♥] Applied 0 patches to 'functions/test_functions.lua'
INFO - [♥] Applied 147 patches to 'card.lua'
INFO - [♥] Applied 7 patches to 'cardarea.lua'
INFO - [♥] Applied 31 patches to 'blind.lua'
WARN - [♥] Pattern 'ϖ' on target 'card_character.lua' for pattern patch from 0Bullitro\lovely\files.toml resulted in no matches
INFO - [♥] Applied 0 patches to 'card_character.lua'
WARN - [♥] Pattern 'ϖ' on target 'engine/particles.lua' for pattern patch from 0Bullitro\lovely\files.toml resulted in no matches
INFO - [♥] Applied 0 patches to 'engine/particles.lua'
INFO - [♥] Applied 3 patches to 'engine/text.lua'
WARN - [♥] Pattern 'ϖ' on target 'challenges.lua' for pattern patch from 0Bullitro\lovely\files.toml resulted in no matches
WARN - [♥] Pattern 'ϖ' on target 'challenges.lua' for pattern patch from 0Bullitro\lovely\files.toml resulted in no matches
INFO - [♥] Applied 0 patches to 'challenges.lua'
INFO - [G] Failed to connect to the debug server
INFO - [G] 2025-03-22 22:39:03 :: DEBUG :: DebugConsole :: Steamodded Debug Socket started !
INFO - [♥] Applied 10 patches to 'engine/sound_manager.lua'
INFO - [♥] Applied 1 patch to 'engine/save_manager.lua'
WARN - [♥] Pattern 'ϖ' on target 'engine/object.lua' for pattern patch from 0Bullitro\lovely\files.toml resulted in no matches
INFO - [♥] Applied 10 patches to 'engine/object.lua'
WARN - [♥] Pattern 'ϖ' on target 'engine/string_packer.lua' for pattern patch from 0Bullitro\lovely\files.toml resulted in no matches
INFO - [♥] Applied 0 patches to 'engine/string_packer.lua'
INFO - [G] line not found
INFO - [G] file not found: main.lua: No such file or directory
INFO - [G] file not found: main.lua: No such file or directory
INFO - [G] file not found: main.lua: No such file or directory
INFO - [G] 2025-03-22 22:39:04 :: ERROR :: StackTrace :: Oops! The game crashed
game.lua:306: attempt to call global 'typeof_values' (a nil value)
Stack Traceback
===============
(1) Lua local 'handler' at file 'main.lua:612'
	Local variables:
	 msg = string: "game.lua:306: attempt to call global 'typeof_values' (a nil value)"
	 (*temporary) = Lua function '?' (defined at line 31 of chunk [SMODS _ "src/logging.lua"])
	 (*temporary) = string: "Oops! The game crashed\
"
(2) LÖVE global at file 'boot.lua:352'
	Local variables:
	 errhand = Lua function '?' (defined at line 598 of chunk main.lua)
	 handler = Lua function '?' (defined at line 598 of chunk main.lua)
(3) Lua upvalue 'init_item_prototypes_ref' at file 'game.lua:306'
	Local variables:
	 self = table: 0x3f2cf400  {F_GUIDE:false, F_CRASH_REPORTS:false, F_HIDE_BG:false, tag_undiscovered:table: 0x3f4686a0 (more...)}
	 (*temporary) = nil
	 (*temporary) = nil
	 (*temporary) = table: 0x3f91ec80  {y:30, x:0}
	 (*temporary) = string: "ac3232FF"
	 (*temporary) = number: 1
	 (*temporary) = number: 8
	 (*temporary) = string: "ac"
	 (*temporary) = string: "32"
	 (*temporary) = string: "32"
	 (*temporary) = string: "FF"
	 (*temporary) = table: 0x3f91eba0  {1:0.67450980392157, 2:0.19607843137255, 3:0.19607843137255, 4:1}
	 (*temporary) = number: 1
	 (*temporary) = string: "FF"
	 (*temporary) = number: 16
	 (*temporary) = number: 255
	 (*temporary) = string: "FF"
	 (*temporary) = string: "attempt to call global 'typeof_values' (a nil value)"
(4) Lua method 'init_item_prototypes' at Steamodded file 'src/loader.lua:665' 
	Local variables:
	 self = table: 0x3f2cf400  {F_GUIDE:false, F_CRASH_REPORTS:false, F_HIDE_BG:false, tag_undiscovered:table: 0x3f4686a0 (more...)}
(5) Lua method 'start_up' at file 'game.lua:169'
	Local variables:
	 self = table: 0x3f2cf400  {F_GUIDE:false, F_CRASH_REPORTS:false, F_HIDE_BG:false, tag_undiscovered:table: 0x3f4686a0 (more...)}
	 settings = string: "return {[\"version\"]=\"1.0.1o-FULL\",[\"reduced_motion\"]=false,[\"paused\"]=false,[\"QUEUED_CHANGE\"]={},[\"COMP\"]={[\"prev_name\"]=\"\",[\"name\"]=\"\",[\"score\"]=377475731196.42,},[\"colourblind_option\"]=false,[\"play_button_pos\"]=2,[\"CUSTOM_DECK\"]={[\"Collabs\"]={[\"Spades\"]=\"default_Spades\",[\"Hearts\"]=\"default_Hearts\",[\"Diamonds\"]=\"default_Diamonds\",[\"Clubs\"]=\"default_Clubs\",},},[\"colour_palettes\"]={[\"Spades\"]=\"lc\",[\"Hearts\"]=\"lc\",[\"Diamonds\"]=\"lc\",[\"Clubs\"]=\"lc\",},[\"crashreports\"]=false,[\"tutorial_progress\"]={[\"hold_parts\"]={},[\"section\"]=\"big_blind\",[\"completed_parts\"]={[\"first_hand_3\"]=true,[\"small_blind\"]=true,[\"big_blind\"]=true,[\"first_hand_4\"]=true,[\"shop_1\"]=true,[\"first_hand_section\"]=true,[\"first_hand_2\"]=true,[\"first_hand\"]=true,},},[\"language\"]=\"en-us\",[\"profile\"]=1,[\"WINDOW\"]={[\"vsync\"]=1,[\"display_names\"]={[1]=\"1\",},[\"screenmode\"]=\"Borderless\",[\"DISPLAYS\"]={[1]={[\"screen_resolutions\"]={[\"strings\"]={[1]=\"1920 X 1080\",},[\"values\"]={[1]={[\"w\"]=1920,[\"h\"]=1080,},},},[\"screen_res\"]={[\"w\"]=1920,[\"h\"]=1080,},[\"DPI_scale\"]=1,[\"MONITOR_DIMS\"]={[\"height\"]=1080,[\"width\"]=1920,},},},[\"selected_display\"]=1,},[\"run_stake_stickers\"]=false,[\"GAMESPEED\"]=4,[\"SOUND\"]={[\"volume\"]=100,[\"music_volume\"]=0,[\"game_sounds_volume\"]=100,},[\"music_control\"]={[\"current_track\"]=\"\",[\"desired_track\"]=\"\",[\"lerp\"]=1,},[\"ACHIEVEMENTS_EARNED\"]={[\"card_discarder\"]=true,[\"_10k\"]=true,[\"retrograde\"]=true,[\"roi\"]=true,[\"_100000k\"]=true,[\"cartomancy\"]=true,[\"mid_stakes\"]=true,[\"completionist\"]=true,[\"low_stakes\"]=true,[\"card_player\"]=true,[\"ante_upper\"]=true,[\"_1000k\"]=true,[\"royale\"]=true,[\"speedrunner\"]=true,[\"legendary\"]=true,[\"extreme_couponer\"]=true,[\"astronomy\"]=true,[\"heads_up\"]=true,[\"high_stakes\"]=true,[\"clairvoyance\"]=true,[\"ante_up\"]=true,[\"you_get_what_you_get\"]=true,},[\"screenshake\"]=50,[\"current_setup\"]=\"Continue\",[\"tutorial_complete\"]=true,[\"ambient_control\"]={[\"ambientFire1\"]={[\"per\"]=1.1,[\"vol\"]=0,},[\"ambientOrgan1\"]={[\"per\"]=0.7,[\"vol\"]=0,},[\"ambientFire2\"]={[\"per\"]=1.05,[\"vol\"]=0,},[\"ambientFire3\"]={[\"per\"]=1,[\"vol\"]=0,},},[\"DEMO\"]={[\"win_CTA_shown\"]=true,[\"quit_CTA_shown\"]=true,[\"timed_CTA_shown\"]=true,[\"total_uptime\"]=0.00894508,},[\"GRAPHICS\"]={[\"texture_scaling\"]=2,[\"crt\"]=0,[\"shadows\"]=\"On\",[\"bloom\"]=1,},}"
	 settings_ver = nil
	 new_colour_proto = table: 0x3f2daa20  {Spades:table: 0x3f2d82c0, Hearts:table: 0x3f2d7870, Diamonds:table: 0x3f2d8128 (more...)}
	 sound_files = table: 0x3f79e640  {1:ambientFire1.ogg, 2:ambientFire2.ogg, 3:ambientFire3.ogg, 4:ambientOrgan1.ogg (more...)}
	 shader_files = table: 0x3f7a2268  {1:CRT.fs, 2:background.fs, 3:booster.fs, 4:debuff.fs, 5:dissolve.fs, 6:flame.fs (more...)}
(6) Lua field 'load' at file 'main.lua:945'
(7) Lua function '?' at file 'main.lua:892' (best guess)
(8) global C function 'xpcall'
(9) LÖVE function at file 'boot.lua:368' (best guess)
	Local variables:
	 result = boolean: true
	 main = nil
(10) global C function 'xpcall'
(11) LÖVE function at file 'boot.lua:377' (best guess)
	Local variables:
	 func = Lua function '(LÖVE Function)' (defined at line 355 of chunk [love "boot.lua"])
	 inerror = boolean: true
	 deferErrhand = Lua function '(LÖVE Function)' (defined at line 348 of chunk [love "boot.lua"])
	 earlyinit = Lua function '(LÖVE Function)' (defined at line 355 of chunk [love "boot.lua"])

INFO - [G] file not found: main.lua: No such file or directory
INFO - [G] 2025-03-22 22:39:04 :: INFO  :: StackTrace :: Additional Context:
Balatro Version: 1.0.1o-FULL
Modded Version: 1.0.0~ALPHA-1409a-STEAMODDED
LÖVE Version: 11.5.0
Lovely Version: 0.7.1
Platform: Windows
