INFO - [♥] Lovely 0.7.1
INFO - [♥] Game directory is at "C:\\Program Files (x86)\\Steam\\steamapps\\common\\Balatro"
INFO - [♥] Writing logs to "C:\\Users\\Administrator\\AppData\\Roaming\\Balatro\\Mods\\lovely\\log"
INFO - [♥] Using mod directory at "C:\\Users\\Administrator\\AppData\\Roaming\\Balatro\\Mods"
INFO - [♥] Found .lovelyignore in 'HentaiCards', skipping it.
INFO - [♥] Found .lovelyignore in 'SakashimaJoker', skipping it.
INFO - [♥] Cleaning up dumps directory at "C:\\Users\\Administrator\\AppData\\Roaming\\Balatro\\Mods\\lovely\\dump"
INFO - [♥] Initialization complete in 25ms
INFO - [♥] Applied 12 patches to 'main.lua'
INFO - [♥] Applied 5 patches to 'engine/controller.lua'
INFO - [♥] Applied 13 patches to 'back.lua'
INFO - [♥] Applied 6 patches to 'tag.lua'
INFO - [♥] Applied 1 patch to 'engine/moveable.lua'
INFO - [♥] Applied 2 patches to 'engine/sprite.lua'
INFO - [♥] Applied 2 patches to 'engine/animatedsprite.lua'
INFO - [♥] Applied 44 patches to 'functions/misc_functions.lua'
INFO - [♥] Applied 29 patches to 'game.lua'
INFO - [♥] Applied 1 patch to 'globals.lua'
INFO - [♥] Applied 3 patches to 'engine/ui.lua'
INFO - [♥] Applied 72 patches to 'functions/UI_definitions.lua'
INFO - [♥] Applied 39 patches to 'functions/state_events.lua'
INFO - [♥] Applied 87 patches to 'functions/common_events.lua'
INFO - [♥] Applied 38 patches to 'functions/button_callbacks.lua'
INFO - [♥] Applied 143 patches to 'card.lua'
INFO - [♥] Applied 6 patches to 'cardarea.lua'
INFO - [♥] Applied 30 patches to 'blind.lua'
INFO - [♥] Applied 2 patches to 'engine/text.lua'
INFO - [G] Failed to connect to the debug server
INFO - [G] 2025-03-06 15:57:09 :: DEBUG :: DebugConsole :: Steamodded Debug Socket started !
INFO - [♥] Applied 9 patches to 'engine/sound_manager.lua'
INFO - [♥] Applied 1 patch to 'engine/save_manager.lua'
INFO - [G] 2025-03-06 15:57:10 :: ERROR :: Loader :: Found invalid metadata JSON file at C:\Users\Administrator\AppData\Roaming\Balatro\Mods/.vscode/settings.json, ignoring: [SMODS _ "src/loader.lua"]:226: id
INFO - [G] 2025-03-06 15:57:10 :: INFO  :: DefaultLogger :: Valid JSON file found
INFO - [G] 2025-03-06 15:57:10 :: ERROR :: Loader :: Found invalid metadata JSON file at C:\Users\Administrator\AppData\Roaming\Balatro\Mods/Aura/.vscode/settings.json, ignoring: [SMODS _ "src/loader.lua"]:226: id
INFO - [G] 2025-03-06 15:57:10 :: TRACE :: Loader :: Processing Mod file (Legacy header): Aura.lua
INFO - [G] 2025-03-06 15:57:10 :: TRACE :: Loader :: Saving Mod Info: Aura
INFO - [G] 2025-03-06 15:57:10 :: TRACE :: Loader :: Processing Mod file (Legacy header): PreorderCards.lua
INFO - [G] 2025-03-06 15:57:10 :: TRACE :: Loader :: Saving Mod Info: preorder_cards
INFO - [G] 2025-03-06 15:57:10 :: INFO  :: DefaultLogger :: Valid JSON file found
INFO - [G] 2025-03-06 15:57:10 :: TRACE :: Loader :: Processing Mod file (Legacy header): helltakerhentaicards.lua
INFO - [G] 2025-03-06 15:57:10 :: TRACE :: Loader :: Saving Mod Info: helltakerhentaicards
INFO - [G] 2025-03-06 15:57:10 :: INFO  :: DefaultLogger :: Valid JSON file found
INFO - [G] 2025-03-06 15:57:10 :: TRACE :: Loader :: Processing Mod file (Legacy header): HentaiCards.lua
INFO - [G] 2025-03-06 15:57:10 :: WARN  :: Loader :: Duplicate Mod ID: HentaiCards
INFO - [G] 2025-03-06 15:57:10 :: TRACE :: Loader :: Processing Mod file (Legacy header): SakashimaJoker.lua
INFO - [G] 2025-03-06 15:57:11 :: TRACE :: Loader :: Saving Mod Info: SakashimaJoker
INFO - [G] 2025-03-06 15:57:11 :: INFO  :: DefaultLogger :: Valid JSON file found
INFO - [G] 2025-03-06 15:57:11 :: TRACE :: Loader :: Processing Mod file (Legacy header): VintagePinupCards.lua
INFO - [G] 2025-03-06 15:57:11 :: TRACE :: Loader :: Saving Mod Info: VintagePinupCards
INFO - [G] 2025-03-06 15:57:11 :: WARN  :: DeckSkin :: Old DeckSkin formatting detected on DeckSkin lust_LuckHearts!
INFO - [G] 2025-03-06 15:57:11 :: WARN  :: DeckSkin :: Old DeckSkin formatting detected on DeckSkin lust_LuckClubs!
INFO - [G] 2025-03-06 15:57:11 :: WARN  :: DeckSkin :: Old DeckSkin formatting detected on DeckSkin lust_LuckDiamonds!
INFO - [G] 2025-03-06 15:57:11 :: WARN  :: DeckSkin :: Old DeckSkin formatting detected on DeckSkin lust_LuckSpades!
INFO - [G] Picture dimensions: 138 x 186
INFO - [G] Number of animation frames: 8
INFO - [G] Comment inside this GIF: Created with Paint.NET
INFO - [G] Picture dimensions: 138 x 186
INFO - [G] Number of animation frames: 1
INFO - [G] Comment inside this GIF: NO_COMMENT
INFO - [G] Picture dimensions: 138 x 186
INFO - [G] Number of animation frames: 9
INFO - [G] Comment inside this GIF: Created with Paint.NET
INFO - [G] 2025-03-06 15:57:11 :: TRACE :: Loader :: Mod HentaiCards was unable to load: 
INFO - [G] 2025-03-06 15:57:11 :: TRACE :: Loader :: Mod SakashimaJoker was unable to load: 
INFO - [G] 2025-03-06 15:57:11 :: INFO  :: TIMER :: [0000] Injected Language in 0.001 ms
INFO - [G] 2025-03-06 15:57:11 :: INFO  :: TIMER :: [0000] Injected [INTERNAL] in 0.876 ms
INFO - [G] mod_tags
INFO - [G] achievements
INFO - [G] lust_AltVersions
INFO - [G] Joker
INFO - [G] centers
INFO - [G] lust_editions
INFO - [G] lust_LustTarot
INFO - [G] Booster
INFO - [G] stickers
INFO - [G] shop_sign
INFO - [G] balatro
INFO - [G] lust_modicon
INFO - [G] BalustroIcons
INFO - [G] lust_BalustroPlayingCards
INFO - [G] lust_LuckPlayingCardsLC
INFO - [G] lust_LuckPlayingCardsHC
INFO - [G] aura_j_faceless
INFO - [G] aura_j_seance
INFO - [G] aura_j_juggler
INFO - [G] aura_c_hearts
INFO - [G] aura_c_diamonds
INFO - [G] aura_c_clubs
INFO - [G] aura_c_spades
INFO - [G] aura_goon_icon_heart
INFO - [G] aura_goon_icon_diamond
INFO - [G] aura_goon_icon_club
INFO - [G] aura_goon_icon_spade
INFO - [G] StickfaceNSFW_8BitDeck_opt2
INFO - [G] StickfaceNSFW_8BitDeck
INFO - [G] StickfaceNSFW_icon_lc
INFO - [G] StickfaceNSFW_icon_hc
INFO - [G] vintage_pinup_cards
INFO - [G] helltaker_hentai_deck
INFO - [G] 2025-03-06 15:57:12 :: INFO  :: TIMER :: [0033] Injected Atlas in 974.912 ms
INFO - [G] 2025-03-06 15:57:12 :: INFO  :: TIMER :: [0053] Injected Sound in 4.657 ms
INFO - [G] 2025-03-06 15:57:12 :: INFO  :: TIMER :: [0008] Injected Stake in 0.137 ms
INFO - [G] 2025-03-06 15:57:12 :: INFO  :: TIMER :: [0004] Injected Rarity in 0.014 ms
INFO - [G] 2025-03-06 15:57:12 :: INFO  :: TIMER :: [0004] Injected ObjectType in 0.031 ms
INFO - [G] 2025-03-06 15:57:12 :: INFO  :: TIMER :: [0211] Injected Center in 2.419 ms
INFO - [G] 2025-03-06 15:57:12 :: INFO  :: TIMER :: [0007] Injected Undiscovered Sprite in 0.013 ms
INFO - [G] 2025-03-06 15:57:12 :: INFO  :: TIMER :: [0002] Injected Blind in 0.016 ms
INFO - [G] 2025-03-06 15:57:12 :: INFO  :: TIMER :: [0004] Injected Seal in 0.398 ms
INFO - [G] 2025-03-06 15:57:12 :: INFO  :: TIMER :: [0004] Injected Suit in 0.070 ms
INFO - [G] 2025-03-06 15:57:12 :: INFO  :: TIMER :: [0013] Injected Rank in 0.082 ms
INFO - [G] 2025-03-06 15:57:12 :: INFO  :: TIMER :: [0052] Injected DeckSkin in 0.362 ms
INFO - [G] 2025-03-06 15:57:12 :: INFO  :: TIMER :: [0012] Injected PokerHand in 0.039 ms
INFO - [G] 2025-03-06 15:57:12 :: INFO  :: TIMER :: [0020] Injected Challenge in 0.024 ms
INFO - [G] 2025-03-06 15:57:12 :: INFO  :: TIMER :: [0000] Injected Tag in 0.001 ms
INFO - [G] 2025-03-06 15:57:12 :: INFO  :: TIMER :: [0004] Injected Sticker in 0.194 ms
INFO - [G] 2025-03-06 15:57:12 :: INFO  :: TIMER :: [0000] Injected Shader in 0.002 ms
INFO - [G] 2025-03-06 15:57:12 :: INFO  :: TIMER :: [0001] Injected Keybind in 0.011 ms
INFO - [G] 2025-03-06 15:57:12 :: INFO  :: TIMER :: [0000] Injected Achievement in 0.018 ms
INFO - [G] 2025-03-06 15:57:12 :: INFO  :: TIMER :: [0000] Injected [INTERNAL] in 1.854 ms
INFO - [G] line not found
INFO - [G] file not found: main.lua: No such file or directory
INFO - [G] file not found: main.lua: No such file or directory
INFO - [G] file not found: main.lua: No such file or directory
INFO - [G] file not found: main.lua: No such file or directory
INFO - [G] 2025-03-06 15:57:12 :: ERROR :: StackTrace :: Oops! The game crashed
[SMODS Aura "Aura.lua"]:711: attempt to index local 'obj_pos' (a nil value)
Stack Traceback
===============
(1) Lua local 'handler' at file 'main.lua:612'
	Local variables:
	 msg = string: "[SMODS Aura \"Aura.lua\"]:711: attempt to index local 'obj_pos' (a nil value)"
	 (*temporary) = Lua function '?' (defined at line 31 of chunk [SMODS _ "src/logging.lua"])
	 (*temporary) = string: "Oops! The game crashed\
"
(2) LÖVE metamethod at file 'boot.lua:352'
	Local variables:
	 errhand = Lua function '?' (defined at line 598 of chunk main.lua)
	 handler = Lua function '?' (defined at line 598 of chunk main.lua)
(3) Lua upvalue 'adv_anim_obj_pos' at file 'Aura.lua:711' (from mod with id Aura)
	Local variables:
	 anim = table: 0x11f40f48  {frames:20, t:0.0082934908275227, fps:10}
	 obj_pos = nil
	 target = nil
	 jkr = nil
	 (*temporary) = number: 0
	 (*temporary) = number: 0
	 (*temporary) = number: 0
	 (*temporary) = number: 0.664167
	 (*temporary) = number: 0.664181
	 (*temporary) = number: 1.45093e-05
	 (*temporary) = number: 33.5
	 (*temporary) = number: -2.57307e-05
	 (*temporary) = number: 1
	 (*temporary) = number: -0.563889
	 (*temporary) = number: 0.664167
	 (*temporary) = number: 0.664181
	 (*temporary) = number: 1.45093e-05
	 (*temporary) = string: "attempt to index local 'obj_pos' (a nil value)"
(4) Lua field 'update_frame' at file 'Aura.lua:775' (from mod with id Aura)
	Local variables:
	 dt = number: 0.0142331
	 k = string: "j_sixth_sense"
	 obj = table: 0x11d59180  {alerted:true, _saved_d_u:true, original_key:j_sixth_sense, unlocked:true (more...)}
	 jkr = nil
	 next_frames = number: 1
	 next_frames_extra = number: 1
	 anim = table: 0x11f40ee8  {frames:13, fps:10, t:0.0082934908275227, extra:table: 0x11f40f48}
	 (for index) = number: 1
	 (for limit) = number: 1
	 (for step) = number: 1
	 i = number: 1
(5) Lua method 'update' at file 'Aura.lua:204' (from mod with id Aura)
	Local variables:
	 self = table: 0x11c85100  {F_GUIDE:false, F_CRASH_REPORTS:false, F_QUIT_BUTTON:true, F_ENGLISH_ONLY:false (more...)}
	 dt = number: 0.0142331
	 (for generator) = C function: next
	 (for state) = table: 0x11decf58  {j_mime:table: 0x11dec860, j_sly:table: 0x11f456e8, j_ceremonial:table: 0x11dec8e8 (more...)}
	 (for control) = number: nan
	 k = string: "j_sixth_sense"
	 v = table: 0x11f40ee8  {frames:13, fps:10, t:0.0082934908275227, extra:table: 0x11f40f48}
(6) Lua field 'update' at file 'main.lua:992'
	Local variables:
	 dt = number: 0.0142331
(7) Lua function '?' at file 'main.lua:931' (best guess)
(8) global C function 'xpcall'
(9) LÖVE function at file 'boot.lua:377' (best guess)
	Local variables:
	 func = Lua function '?' (defined at line 902 of chunk main.lua)
	 inerror = boolean: true
	 deferErrhand = Lua function '(LÖVE Function)' (defined at line 348 of chunk [love "boot.lua"])
	 earlyinit = Lua function '(LÖVE Function)' (defined at line 355 of chunk [love "boot.lua"])

INFO - [G] file not found: main.lua: No such file or directory
INFO - [G] file not found: main.lua: No such file or directory
INFO - [G] 2025-03-06 15:57:13 :: INFO  :: StackTrace :: Additional Context:
Balatro Version: 1.0.1o-FULL
Modded Version: 1.0.0~ALPHA-1409a-STEAMODDED
LÖVE Version: 11.5.0
Lovely Version: 0.7.1
Platform: Windows
Steamodded Mods:
    1: Zero Bullitro by BitBites [ID: 0Bullitro, Version: 1.0]
    2: Preorder Cards by asd123cqp [ID: preorder_cards]
    3: Aura by MathIsFun_, ChromaPIE, Bard, Grassy311, RattlingSnow353, Solace, RadicaAprils, chloe_cromslor [ID: Aura, Version: 0.023, Uses Lovely]
    4: Vintage Pinup Cards by NoScope1080 [ID: VintagePinupCards]
    5: Stickface Deck by Stickface [ID: StickfaceNSFWDeck, Version: 1.0.0]
    6: Balustro by someone23832 [ID: Balustro, Priority: -20, Version: 0.12, Uses Lovely]
    7: Helltaker Hentai Cards by Young Soldier [ID: helltakerhentaicards]
Lovely Mods:
