INFO - [♥] Lovely 0.7.1
INFO - [♥] Game directory is at "C:\\Program Files (x86)\\Steam\\steamapps\\common\\Balatro"
INFO - [♥] Writing logs to "C:\\Users\\Administrator\\AppData\\Roaming\\Balatro\\Mods\\lovely\\log"
INFO - [♥] Using mod directory at "C:\\Users\\Administrator\\AppData\\Roaming\\Balatro\\Mods"
INFO - [♥] Found .lovelyignore in 'SakashimaJoker', skipping it.
INFO - [♥] Cleaning up dumps directory at "C:\\Users\\Administrator\\AppData\\Roaming\\Balatro\\Mods\\lovely\\dump"
INFO - [♥] Initialization complete in 21ms
INFO - [♥] Applied 12 patches to 'main.lua'
INFO - [♥] Applied 5 patches to 'engine/controller.lua'
INFO - [♥] Applied 13 patches to 'back.lua'
INFO - [♥] Applied 6 patches to 'tag.lua'
INFO - [♥] Applied 1 patch to 'engine/moveable.lua'
INFO - [♥] Applied 2 patches to 'engine/sprite.lua'
INFO - [♥] Applied 2 patches to 'engine/animatedsprite.lua'
INFO - [♥] Applied 44 patches to 'functions/misc_functions.lua'
INFO - [♥] Applied 29 patches to 'game.lua'
INFO - [♥] Applied 1 patch to 'globals.lua'
INFO - [♥] Applied 3 patches to 'engine/ui.lua'
INFO - [♥] Applied 72 patches to 'functions/UI_definitions.lua'
INFO - [♥] Applied 39 patches to 'functions/state_events.lua'
INFO - [♥] Applied 87 patches to 'functions/common_events.lua'
INFO - [♥] Applied 38 patches to 'functions/button_callbacks.lua'
INFO - [♥] Applied 143 patches to 'card.lua'
INFO - [♥] Applied 6 patches to 'cardarea.lua'
INFO - [♥] Applied 30 patches to 'blind.lua'
INFO - [♥] Applied 2 patches to 'engine/text.lua'
INFO - [G] Failed to connect to the debug server
INFO - [G] 2025-03-07 01:19:53 :: DEBUG :: DebugConsole :: Steamodded Debug Socket started !
INFO - [♥] Applied 9 patches to 'engine/sound_manager.lua'
INFO - [♥] Applied 1 patch to 'engine/save_manager.lua'
INFO - [G] 2025-03-07 01:19:55 :: ERROR :: Loader :: Found invalid metadata JSON file at C:\Users\Administrator\AppData\Roaming\Balatro\Mods/.vscode/settings.json, ignoring: [SMODS _ "src/loader.lua"]:226: id
INFO - [G] 2025-03-07 01:19:55 :: INFO  :: DefaultLogger :: Valid JSON file found
INFO - [G] 2025-03-07 01:19:55 :: ERROR :: Loader :: Found invalid metadata JSON file at C:\Users\Administrator\AppData\Roaming\Balatro\Mods/Aura/.vscode/settings.json, ignoring: [SMODS _ "src/loader.lua"]:226: id
INFO - [G] 2025-03-07 01:19:55 :: TRACE :: Loader :: Processing Mod file (Legacy header): Aura.lua
INFO - [G] 2025-03-07 01:19:55 :: TRACE :: Loader :: Saving Mod Info: Aura
INFO - [G] 2025-03-07 01:19:55 :: TRACE :: Loader :: Processing Mod file (Legacy header): PreorderCards.lua
INFO - [G] 2025-03-07 01:19:55 :: TRACE :: Loader :: Saving Mod Info: preorder_cards
INFO - [G] 2025-03-07 01:19:55 :: INFO  :: DefaultLogger :: Valid JSON file found
INFO - [G] 2025-03-07 01:19:55 :: INFO  :: DefaultLogger :: Valid JSON file found
INFO - [G] 2025-03-07 01:19:55 :: TRACE :: Loader :: Processing Mod file (Legacy header): HentaiCards.lua
INFO - [G] 2025-03-07 01:19:55 :: WARN  :: Loader :: Duplicate Mod ID: HentaiCards
INFO - [G] 2025-03-07 01:19:55 :: TRACE :: Loader :: Processing Mod file (Legacy header): SakashimaJoker.lua
INFO - [G] 2025-03-07 01:19:55 :: TRACE :: Loader :: Saving Mod Info: SakashimaJoker
INFO - [G] 2025-03-07 01:19:55 :: INFO  :: DefaultLogger :: Valid JSON file found
INFO - [G] 2025-03-07 01:19:55 :: TRACE :: Loader :: Processing Mod file (Legacy header): VintagePinupCards.lua
INFO - [G] 2025-03-07 01:19:55 :: TRACE :: Loader :: Saving Mod Info: VintagePinupCards
INFO - [G] 2025-03-07 01:19:55 :: WARN  :: DeckSkin :: Old DeckSkin formatting detected on DeckSkin lust_LuckHearts!
INFO - [G] 2025-03-07 01:19:55 :: WARN  :: DeckSkin :: Old DeckSkin formatting detected on DeckSkin lust_LuckClubs!
INFO - [G] 2025-03-07 01:19:55 :: WARN  :: DeckSkin :: Old DeckSkin formatting detected on DeckSkin lust_LuckDiamonds!
INFO - [G] 2025-03-07 01:19:55 :: WARN  :: DeckSkin :: Old DeckSkin formatting detected on DeckSkin lust_LuckSpades!
INFO - [G] true
INFO - [G] Picture dimensions: 138 x 186
INFO - [G] Number of animation frames: 8
INFO - [G] Comment inside this GIF: Created with Paint.NET
INFO - [G] Picture dimensions: 138 x 186
INFO - [G] Number of animation frames: 1
INFO - [G] Comment inside this GIF: NO_COMMENT
INFO - [G] Picture dimensions: 138 x 186
INFO - [G] Number of animation frames: 9
INFO - [G] Comment inside this GIF: Created with Paint.NET
INFO - [G] 2025-03-07 01:19:55 :: WARN  :: Atlas :: Object centers has the same key as an existing object, not registering.
INFO - [G] 2025-03-07 01:19:55 :: WARN  :: Atlas :: If you want to modify an existing object, use take_ownership()
INFO - [G] soul_atlas
INFO - [G] 2025-03-07 01:19:55 :: TRACE :: Loader :: Mod SakashimaJoker was unable to load: 
INFO - [G] 2025-03-07 01:19:55 :: INFO  :: TIMER :: [0000] Injected Language in 0.001 ms
INFO - [G] 2025-03-07 01:19:55 :: INFO  :: TIMER :: [0000] Injected [INTERNAL] in 1.131 ms
INFO - [G] mod_tags
INFO - [G] achievements
INFO - [G] lust_AltVersions
INFO - [G] Joker
INFO - [G] centers
INFO - [G] lust_editions
INFO - [G] lust_LustTarot
INFO - [G] Booster
INFO - [G] stickers
INFO - [G] shop_sign
INFO - [G] balatro
INFO - [G] lust_modicon
INFO - [G] BalustroIcons
INFO - [G] lust_BalustroPlayingCards
INFO - [G] lust_LuckPlayingCardsLC
INFO - [G] lust_LuckPlayingCardsHC
INFO - [G] bull_wide_card
INFO - [G] aura_j_faceless
INFO - [G] aura_j_seance
INFO - [G] aura_j_juggler
INFO - [G] aura_c_hearts
INFO - [G] aura_c_diamonds
INFO - [G] aura_c_clubs
INFO - [G] aura_c_spades
INFO - [G] aura_goon_icon_heart
INFO - [G] aura_goon_icon_diamond
INFO - [G] aura_goon_icon_club
INFO - [G] aura_goon_icon_spade
INFO - [G] FHC_hentai_cards_deck_lc
INFO - [G] FHC_hentai_cards_deck_hc
INFO - [G] Tarot
INFO - [G] Planet
INFO - [G] Spectral
INFO - [G] soul_atlas
INFO - [G] StickfaceNSFW_8BitDeck_opt2
INFO - [G] StickfaceNSFW_8BitDeck
INFO - [G] StickfaceNSFW_icon_lc
INFO - [G] StickfaceNSFW_icon_hc
INFO - [G] vintage_pinup_cards
INFO - [G] 2025-03-07 01:19:56 :: INFO  :: TIMER :: [0039] Injected Atlas in 1127.650 ms
INFO - [G] 2025-03-07 01:19:56 :: INFO  :: TIMER :: [0053] Injected Sound in 4.319 ms
INFO - [G] 2025-03-07 01:19:56 :: INFO  :: TIMER :: [0008] Injected Stake in 0.159 ms
INFO - [G] 2025-03-07 01:19:56 :: INFO  :: TIMER :: [0004] Injected Rarity in 0.017 ms
INFO - [G] 2025-03-07 01:19:56 :: INFO  :: TIMER :: [0004] Injected ObjectType in 0.037 ms
INFO - [G] 2025-03-07 01:19:56 :: INFO  :: TIMER :: [0212] Injected Center in 2.393 ms
INFO - [G] 2025-03-07 01:19:56 :: INFO  :: TIMER :: [0007] Injected Undiscovered Sprite in 0.015 ms
INFO - [G] 2025-03-07 01:19:56 :: INFO  :: TIMER :: [0002] Injected Blind in 0.025 ms
INFO - [G] 2025-03-07 01:19:56 :: INFO  :: TIMER :: [0004] Injected Seal in 0.577 ms
INFO - [G] 2025-03-07 01:19:56 :: INFO  :: TIMER :: [0004] Injected Suit in 0.079 ms
INFO - [G] 2025-03-07 01:19:56 :: INFO  :: TIMER :: [0013] Injected Rank in 0.091 ms
INFO - [G] 2025-03-07 01:19:56 :: INFO  :: TIMER :: [0052] Injected DeckSkin in 0.337 ms
INFO - [G] 2025-03-07 01:19:56 :: INFO  :: TIMER :: [0012] Injected PokerHand in 0.084 ms
INFO - [G] 2025-03-07 01:19:56 :: INFO  :: TIMER :: [0020] Injected Challenge in 0.026 ms
INFO - [G] 2025-03-07 01:19:56 :: INFO  :: TIMER :: [0000] Injected Tag in 0.002 ms
INFO - [G] 2025-03-07 01:19:56 :: INFO  :: TIMER :: [0004] Injected Sticker in 0.099 ms
INFO - [G] 2025-03-07 01:19:56 :: INFO  :: TIMER :: [0000] Injected Shader in 0.002 ms
INFO - [G] 2025-03-07 01:19:56 :: INFO  :: TIMER :: [0001] Injected Keybind in 0.018 ms
INFO - [G] 2025-03-07 01:19:56 :: INFO  :: TIMER :: [0000] Injected Achievement in 0.026 ms
INFO - [G] 2025-03-07 01:19:56 :: INFO  :: TIMER :: [0000] Injected [INTERNAL] in 1.915 ms
INFO - [G] line not found
INFO - [G] file not found: main.lua: No such file or directory
INFO - [G] file not found: main.lua: No such file or directory
INFO - [G] file not found: main.lua: No such file or directory
INFO - [G] file not found: main.lua: No such file or directory
INFO - [G] 2025-03-07 01:19:59 :: ERROR :: StackTrace :: Oops! The game crashed
functions/misc_functions.lua:890: bad argument #1 to 'translate' (number expected, got table)
Stack Traceback
===============
(1) Lua local 'handler' at file 'main.lua:612'
	Local variables:
	 msg = string: "functions/misc_functions.lua:890: bad argument #1 to 'translate' (number expected, got table)"
	 (*temporary) = Lua function '?' (defined at line 31 of chunk [SMODS _ "src/logging.lua"])
	 (*temporary) = string: "Oops! The game crashed\
"
(2) LÖVE function at file 'boot.lua:352' (best guess)
	Local variables:
	 errhand = Lua function '?' (defined at line 598 of chunk main.lua)
	 handler = Lua function '?' (defined at line 598 of chunk main.lua)
(3) field C function 'translate'
(4) Lua global 'prep_draw' at file 'functions/misc_functions.lua:890'
	Local variables:
	 moveable = table: 0x368ecda8  {velocity:table: 0x368fa770, click_offset:table: 0x368fa2f8, UIT:1, children:table: 0x368ecdd0 (more...)}
	 scale = number: 1
	 rotate = nil
	 offset = nil
(5) Lua method 'draw_self' at file 'engine/ui.lua:716'
	Local variables:
	 self = table: 0x368ecda8  {velocity:table: 0x368fa770, click_offset:table: 0x368fa2f8, UIT:1, children:table: 0x368ecdd0 (more...)}
	 button_active = boolean: true
	 parallax_dist = number: 1.5
	 button_being_pressed = boolean: false
(6) Lua method 'draw_children' at file 'engine/ui.lua:541'
	Local variables:
	 self = table: 0x368ecc08  {click_offset:table: 0x368fb768, children:table: 0x368ecc30, parent:table: 0x368ec1e8 (more...)}
	 layer = nil
	 (for generator) = C function: next
	 (for state) = table: 0x368ecc30  {1:table: 0x368ecda8}
	 (for control) = number: nan
	 k = number: 1
	 v = table: 0x368ecda8  {velocity:table: 0x368fa770, click_offset:table: 0x368fa2f8, UIT:1, children:table: 0x368ecdd0 (more...)}
(7) Lua method 'draw_children' at file 'engine/ui.lua:542'
	Local variables:
	 self = table: 0x368ec1e8  {velocity:table: 0x368fcba0, under_overlay:false, click_offset:table: 0x368fc728 (more...)}
	 layer = nil
	 (for generator) = C function: next
	 (for state) = table: 0x368ec210  {1:table: 0x368ec388, 2:table: 0x368ec708, 3:table: 0x368ecc08}
	 (for control) = number: nan
	 k = number: 3
	 v = table: 0x368ecc08  {click_offset:table: 0x368fb768, children:table: 0x368ecc30, parent:table: 0x368ec1e8 (more...)}
(8) Lua method 'draw_children' at file 'engine/ui.lua:542'
	Local variables:
	 self = table: 0x368ebcc8  {pixellated_rect:table: 0x36985f10, click_offset:table: 0x368fd6b8, children:table: 0x368ebcf0 (more...)}
	 layer = nil
	 (for generator) = C function: next
	 (for state) = table: 0x368ebcf0  {1:table: 0x368ebe68, 2:table: 0x368ec1e8}
	 (for control) = number: nan
	 k = number: 2
	 v = table: 0x368ec1e8  {velocity:table: 0x368fcba0, under_overlay:false, click_offset:table: 0x368fc728 (more...)}
(9) Lua method 'draw_children' at file 'engine/ui.lua:542'
	Local variables:
	 self = table: 0x368eb7a8  {velocity:table: 0x368feb88, click_offset:table: 0x368fe710, UIT:3, children:table: 0x368eb7d0 (more...)}
	 layer = nil
	 (for generator) = C function: next
	 (for state) = table: 0x368eb7d0  {1:table: 0x368eb948, 2:table: 0x368ebcc8}
	 (for control) = number: nan
	 k = number: 2
	 v = table: 0x368ebcc8  {pixellated_rect:table: 0x36985f10, click_offset:table: 0x368fd6b8, children:table: 0x368ebcf0 (more...)}
(10) Lua method 'draw_children' at file 'engine/ui.lua:542'
	Local variables:
	 self = table: 0x368eb288  {velocity:table: 0x368ffae0, under_overlay:false, click_offset:table: 0x368ff668 (more...)}
	 layer = nil
	 (for generator) = C function: next
	 (for state) = table: 0x368eb2b0  {1:table: 0x368eb428, 2:table: 0x368eb7a8}
	 (for control) = number: nan
	 k = number: 2
	 v = table: 0x368eb7a8  {velocity:table: 0x368feb88, click_offset:table: 0x368fe710, UIT:3, children:table: 0x368eb7d0 (more...)}
(11) Lua method 'draw' at file 'engine/ui.lua:296'
	Local variables:
	 self = table: 0x368ea0a0  {click_offset:table: 0x368ea438, static_rotation:false, parent:table: 0x363e3818 (more...)}
(12) Lua method 'draw_self' at file 'engine/ui.lua:796'
	Local variables:
	 self = table: 0x363e3818  {click_offset:table: 0x363e4328, children:table: 0x363e3840, parent:table: 0x363e3678 (more...)}
	 button_active = boolean: true
	 parallax_dist = number: 1.5
	 button_being_pressed = boolean: false
(13) Lua method 'draw_children' at file 'engine/ui.lua:541'
	Local variables:
	 self = table: 0x363e3678  {click_offset:table: 0x363e57d0, children:table: 0x363e36a0, parent:table: 0x363e34d8 (more...)}
	 layer = nil
	 (for generator) = C function: next
	 (for state) = table: 0x363e36a0  {1:table: 0x363e3818}
	 (for control) = number: nan
	 k = number: 1
	 v = table: 0x363e3818  {click_offset:table: 0x363e4328, children:table: 0x363e3840, parent:table: 0x363e3678 (more...)}
(14) Lua method 'draw_children' at file 'engine/ui.lua:542'
	Local variables:
	 self = table: 0x363e34d8  {click_offset:table: 0x363e6b30, children:table: 0x363e3500, parent:table: 0x363e1fe8 (more...)}
	 layer = nil
	 (for generator) = C function: next
	 (for state) = table: 0x363e3500  {1:table: 0x363e3678}
	 (for control) = number: nan
	 k = number: 1
	 v = table: 0x363e3678  {click_offset:table: 0x363e57d0, children:table: 0x363e36a0, parent:table: 0x363e34d8 (more...)}
(15) Lua method 'draw' at file 'engine/ui.lua:296'
	Local variables:
	 self = table: 0x363e1fe8  {click_offset:table: 0x363e2380, static_rotation:false, parent:table: 0x3615c398 (more...)}
(16) Lua method 'draw_self' at file 'engine/ui.lua:796'
	Local variables:
	 self = table: 0x3615c398  {click_offset:table: 0x363dfa30, children:table: 0x3615c3c0, parent:table: 0x3615c1f8 (more...)}
	 button_active = boolean: true
	 parallax_dist = number: 1.5
	 button_being_pressed = boolean: false
(17) Lua method 'draw_children' at file 'engine/ui.lua:541'
	Local variables:
	 self = table: 0x3615c1f8  {click_offset:table: 0x363e8f78, children:table: 0x3615c220, parent:table: 0x3615be98 (more...)}
	 layer = nil
	 (for generator) = C function: next
	 (for state) = table: 0x3615c220  {1:table: 0x3615c398}
	 (for control) = number: nan
	 k = number: 1
	 v = table: 0x3615c398  {click_offset:table: 0x363dfa30, children:table: 0x3615c3c0, parent:table: 0x3615c1f8 (more...)}
(18) Lua method 'draw_children' at file 'engine/ui.lua:542'
	Local variables:
	 self = table: 0x3615be98  {click_offset:table: 0x363ea170, children:table: 0x3615bec0, parent:table: 0x3615bcf8 (more...)}
	 layer = nil
	 (for generator) = C function: next
	 (for state) = table: 0x3615bec0  {1:table: 0x3615c038, 2:table: 0x3615c1f8}
	 (for control) = number: nan
	 k = number: 2
	 v = table: 0x3615c1f8  {click_offset:table: 0x363e8f78, children:table: 0x3615c220, parent:table: 0x3615be98 (more...)}
(19) Lua method 'draw_children' at file 'engine/ui.lua:542'
	Local variables:
	 self = table: 0x3615bcf8  {click_offset:table: 0x363eb658, children:table: 0x3615bd20, parent:table: 0x361576b8 (more...)}
	 layer = nil
	 (for generator) = C function: next
	 (for state) = table: 0x3615bd20  {1:table: 0x3615be98}
	 (for control) = number: nan
	 k = number: 1
	 v = table: 0x3615be98  {click_offset:table: 0x363ea170, children:table: 0x3615bec0, parent:table: 0x3615bcf8 (more...)}
(20) Lua method 'draw_children' at file 'engine/ui.lua:542'
	Local variables:
	 self = table: 0x361576b8  {click_offset:table: 0x363f6988, children:table: 0x361576e0, parent:table: 0x36156040 (more...)}
	 layer = nil
	 (for generator) = C function: next
	 (for state) = table: 0x361576e0  {1:table: 0x36157858, 2:table: 0x3615bcf8, 3:table: 0x3615c578, 4:table: 0x3615c908 (more...)}
	 (for control) = number: nan
	 k = number: 2
	 v = table: 0x3615bcf8  {click_offset:table: 0x363eb658, children:table: 0x3615bd20, parent:table: 0x361576b8 (more...)}
(21) Lua method 'draw' at file 'engine/ui.lua:296'
	Local variables:
	 self = table: 0x36156040  {click_offset:table: 0x361563d8, children:table: 0x361568b0, parent:table: 0x36271d38 (more...)}
(22) Lua method 'draw_self' at file 'engine/ui.lua:796'
	Local variables:
	 self = table: 0x36271d38  {click_offset:table: 0x36288480, children:table: 0x36271d60, parent:table: 0x36271b98 (more...)}
	 button_active = boolean: true
	 parallax_dist = number: 1.5
	 button_being_pressed = boolean: false
(23) Lua method 'draw_children' at file 'engine/ui.lua:541'
	Local variables:
	 self = table: 0x36271b98  {click_offset:table: 0x36289928, children:table: 0x36271bc0, parent:table: 0x3626fbe0 (more...)}
	 layer = nil
	 (for generator) = C function: next
	 (for state) = table: 0x36271bc0  {1:table: 0x36271d38}
	 (for control) = number: nan
	 k = number: 1
	 v = table: 0x36271d38  {click_offset:table: 0x36288480, children:table: 0x36271d60, parent:table: 0x36271b98 (more...)}
(24) Lua method 'draw_children' at file 'engine/ui.lua:542'
	Local variables:
	 self = table: 0x3626fbe0  {click_offset:table: 0x3628abc0, children:table: 0x3626fc08, parent:table: 0x3626fa40 (more...)}
	 layer = nil
	 (for generator) = C function: next
	 (for state) = table: 0x3626fc08  {1:table: 0x3626fd80, 2:table: 0x36271b98}
	 (for control) = number: nan
	 k = number: 2
	 v = table: 0x36271b98  {click_offset:table: 0x36289928, children:table: 0x36271bc0, parent:table: 0x3626fbe0 (more...)}
(25) Lua method 'draw_children' at file 'engine/ui.lua:542'
	Local variables:
	 self = table: 0x3626fa40  {click_offset:table: 0x3628be58, children:table: 0x3626fa68, parent:table: 0x3626f8a0 (more...)}
	 layer = nil
	 (for generator) = C function: next
	 (for state) = table: 0x3626fa68  {1:table: 0x3626fbe0}
	 (for control) = number: nan
	 k = number: 1
	 v = table: 0x3626fbe0  {click_offset:table: 0x3628abc0, children:table: 0x3626fc08, parent:table: 0x3626fa40 (more...)}
(26) Lua method 'draw' at file 'engine/ui.lua:299'
	Local variables:
	 self = table: 0x3626d820  {click_offset:table: 0x3626dbb8, children:table: 0x3626e090, CALCING:true (more...)}
	 (for generator) = C function: builtin#6
	 (for state) = table: 0x3626e958  {1:table: 0x3626fa40}
	 (for control) = number: 1
	 k = number: 1
	 v = table: 0x3626fa40  {click_offset:table: 0x3628be58, children:table: 0x3626fa68, parent:table: 0x3626f8a0 (more...)}
(27) Lua method 'draw' at file 'game.lua:2900'
	Local variables:
	 self = table: 0x35426388  {F_GUIDE:false, F_CRASH_REPORTS:false, F_QUIT_BUTTON:true, F_ENGLISH_ONLY:false (more...)}
(28) Lua field 'draw' at file 'main.lua:998'
(29) Lua function '?' at file 'main.lua:934' (best guess)
(30) global C function 'xpcall'
(31) LÖVE function at file 'boot.lua:377' (best guess)
	Local variables:
	 func = Lua function '?' (defined at line 902 of chunk main.lua)
	 inerror = boolean: true
	 deferErrhand = Lua function '(LÖVE Function)' (defined at line 348 of chunk [love "boot.lua"])
	 earlyinit = Lua function '(LÖVE Function)' (defined at line 355 of chunk [love "boot.lua"])

INFO - [G] file not found: main.lua: No such file or directory
INFO - [G] file not found: main.lua: No such file or directory
INFO - [G] 2025-03-07 01:19:59 :: INFO  :: StackTrace :: Additional Context:
Balatro Version: 1.0.1o-FULL
Modded Version: 1.0.0~ALPHA-1409a-STEAMODDED
LÖVE Version: 11.5.0
Lovely Version: 0.7.1
Platform: Windows
Steamodded Mods:
    1: Zero Bullitro by BitBites [ID: 0Bullitro, Version: 1.0]
    2: Preorder Cards by asd123cqp [ID: preorder_cards]
    3: Aura by MathIsFun_, ChromaPIE, Bard, Grassy311, RattlingSnow353, Solace, RadicaAprils, chloe_cromslor [ID: Aura, Version: 0.023, Uses Lovely]
    4: Hentai Cards by Makubex77, Pheubel (Code) [ID: HentaiCards, Version: 1.1]
    5: Vintage Pinup Cards by NoScope1080 [ID: VintagePinupCards]
    6: Stickface Deck by Stickface [ID: StickfaceNSFWDeck, Version: 1.0.0]
    7: Balustro by someone23832 [ID: Balustro, Priority: -20, Version: 0.12, Uses Lovely]
Lovely Mods:
