INFO - [♥] Lovely 0.7.1
INFO - [♥] Game directory is at "C:\\Program Files (x86)\\Steam\\steamapps\\common\\Balatro"
INFO - [♥] Writing logs to "C:\\Users\\Administrator\\AppData\\Roaming\\Balatro\\Mods\\lovely\\log"
INFO - [♥] Using mod directory at "C:\\Users\\Administrator\\AppData\\Roaming\\Balatro\\Mods"
INFO - [♥] Found .lovelyignore in 'SakashimaJoker', skipping it.
INFO - [♥] Cleaning up dumps directory at "C:\\Users\\Administrator\\AppData\\Roaming\\Balatro\\Mods\\lovely\\dump"
INFO - [♥] Initialization complete in 21ms
INFO - [♥] Applied 12 patches to 'main.lua'
INFO - [♥] Applied 5 patches to 'engine/controller.lua'
INFO - [♥] Applied 13 patches to 'back.lua'
INFO - [♥] Applied 6 patches to 'tag.lua'
INFO - [♥] Applied 1 patch to 'engine/moveable.lua'
INFO - [♥] Applied 2 patches to 'engine/sprite.lua'
INFO - [♥] Applied 2 patches to 'engine/animatedsprite.lua'
INFO - [♥] Applied 44 patches to 'functions/misc_functions.lua'
INFO - [♥] Applied 29 patches to 'game.lua'
INFO - [♥] Applied 1 patch to 'globals.lua'
INFO - [♥] Applied 3 patches to 'engine/ui.lua'
INFO - [♥] Applied 72 patches to 'functions/UI_definitions.lua'
INFO - [♥] Applied 39 patches to 'functions/state_events.lua'
INFO - [♥] Applied 87 patches to 'functions/common_events.lua'
INFO - [♥] Applied 38 patches to 'functions/button_callbacks.lua'
INFO - [♥] Applied 143 patches to 'card.lua'
INFO - [♥] Applied 6 patches to 'cardarea.lua'
INFO - [♥] Applied 30 patches to 'blind.lua'
INFO - [♥] Applied 2 patches to 'engine/text.lua'
INFO - [G] Failed to connect to the debug server
INFO - [G] 2025-03-07 01:04:47 :: DEBUG :: DebugConsole :: Steamodded Debug Socket started !
INFO - [♥] Applied 9 patches to 'engine/sound_manager.lua'
INFO - [♥] Applied 1 patch to 'engine/save_manager.lua'
INFO - [G] 2025-03-07 01:04:48 :: ERROR :: Loader :: Found invalid metadata JSON file at C:\Users\Administrator\AppData\Roaming\Balatro\Mods/.vscode/settings.json, ignoring: [SMODS _ "src/loader.lua"]:226: id
INFO - [G] 2025-03-07 01:04:48 :: INFO  :: DefaultLogger :: Valid JSON file found
INFO - [G] 2025-03-07 01:04:48 :: ERROR :: Loader :: Found invalid metadata JSON file at C:\Users\Administrator\AppData\Roaming\Balatro\Mods/Aura/.vscode/settings.json, ignoring: [SMODS _ "src/loader.lua"]:226: id
INFO - [G] 2025-03-07 01:04:48 :: TRACE :: Loader :: Processing Mod file (Legacy header): Aura.lua
INFO - [G] 2025-03-07 01:04:48 :: TRACE :: Loader :: Saving Mod Info: Aura
INFO - [G] 2025-03-07 01:04:48 :: TRACE :: Loader :: Processing Mod file (Legacy header): PreorderCards.lua
INFO - [G] 2025-03-07 01:04:48 :: TRACE :: Loader :: Saving Mod Info: preorder_cards
INFO - [G] 2025-03-07 01:04:48 :: INFO  :: DefaultLogger :: Valid JSON file found
INFO - [G] 2025-03-07 01:04:48 :: INFO  :: DefaultLogger :: Valid JSON file found
INFO - [G] 2025-03-07 01:04:48 :: TRACE :: Loader :: Processing Mod file (Legacy header): HentaiCards.lua
INFO - [G] 2025-03-07 01:04:48 :: WARN  :: Loader :: Duplicate Mod ID: HentaiCards
INFO - [G] 2025-03-07 01:04:48 :: TRACE :: Loader :: Processing Mod file (Legacy header): SakashimaJoker.lua
INFO - [G] 2025-03-07 01:04:48 :: TRACE :: Loader :: Saving Mod Info: SakashimaJoker
INFO - [G] 2025-03-07 01:04:48 :: INFO  :: DefaultLogger :: Valid JSON file found
INFO - [G] 2025-03-07 01:04:48 :: TRACE :: Loader :: Processing Mod file (Legacy header): VintagePinupCards.lua
INFO - [G] 2025-03-07 01:04:48 :: TRACE :: Loader :: Saving Mod Info: VintagePinupCards
INFO - [G] 2025-03-07 01:04:48 :: WARN  :: DeckSkin :: Old DeckSkin formatting detected on DeckSkin lust_LuckHearts!
INFO - [G] 2025-03-07 01:04:48 :: WARN  :: DeckSkin :: Old DeckSkin formatting detected on DeckSkin lust_LuckClubs!
INFO - [G] 2025-03-07 01:04:48 :: WARN  :: DeckSkin :: Old DeckSkin formatting detected on DeckSkin lust_LuckDiamonds!
INFO - [G] 2025-03-07 01:04:48 :: WARN  :: DeckSkin :: Old DeckSkin formatting detected on DeckSkin lust_LuckSpades!
INFO - [G] true
INFO - [G] Picture dimensions: 138 x 186
INFO - [G] Number of animation frames: 8
INFO - [G] Comment inside this GIF: Created with Paint.NET
INFO - [G] Picture dimensions: 138 x 186
INFO - [G] Number of animation frames: 1
INFO - [G] Comment inside this GIF: NO_COMMENT
INFO - [G] Picture dimensions: 138 x 186
INFO - [G] Number of animation frames: 9
INFO - [G] Comment inside this GIF: Created with Paint.NET
INFO - [G] 2025-03-07 01:04:48 :: WARN  :: Atlas :: Object centers has the same key as an existing object, not registering.
INFO - [G] 2025-03-07 01:04:48 :: WARN  :: Atlas :: If you want to modify an existing object, use take_ownership()
INFO - [G] soul_atlas
INFO - [G] 2025-03-07 01:04:48 :: TRACE :: Loader :: Mod SakashimaJoker was unable to load: 
INFO - [G] 2025-03-07 01:04:48 :: INFO  :: TIMER :: [0000] Injected Language in 0.001 ms
INFO - [G] 2025-03-07 01:04:48 :: INFO  :: TIMER :: [0000] Injected [INTERNAL] in 1.168 ms
INFO - [G] mod_tags
INFO - [G] achievements
INFO - [G] lust_AltVersions
INFO - [G] Joker
INFO - [G] centers
INFO - [G] lust_editions
INFO - [G] lust_LustTarot
INFO - [G] Booster
INFO - [G] stickers
INFO - [G] shop_sign
INFO - [G] balatro
INFO - [G] lust_modicon
INFO - [G] BalustroIcons
INFO - [G] lust_BalustroPlayingCards
INFO - [G] lust_LuckPlayingCardsLC
INFO - [G] lust_LuckPlayingCardsHC
INFO - [G] bull_wide_card
INFO - [G] aura_j_faceless
INFO - [G] aura_j_seance
INFO - [G] aura_j_juggler
INFO - [G] aura_c_hearts
INFO - [G] aura_c_diamonds
INFO - [G] aura_c_clubs
INFO - [G] aura_c_spades
INFO - [G] aura_goon_icon_heart
INFO - [G] aura_goon_icon_diamond
INFO - [G] aura_goon_icon_club
INFO - [G] aura_goon_icon_spade
INFO - [G] FHC_hentai_cards_deck_lc
INFO - [G] FHC_hentai_cards_deck_hc
INFO - [G] Tarot
INFO - [G] Planet
INFO - [G] Spectral
INFO - [G] soul_atlas
INFO - [G] StickfaceNSFW_8BitDeck_opt2
INFO - [G] StickfaceNSFW_8BitDeck
INFO - [G] StickfaceNSFW_icon_lc
INFO - [G] StickfaceNSFW_icon_hc
INFO - [G] vintage_pinup_cards
INFO - [G] 2025-03-07 01:04:50 :: INFO  :: TIMER :: [0039] Injected Atlas in 1130.419 ms
INFO - [G] 2025-03-07 01:04:50 :: INFO  :: TIMER :: [0053] Injected Sound in 4.214 ms
INFO - [G] 2025-03-07 01:04:50 :: INFO  :: TIMER :: [0008] Injected Stake in 0.117 ms
INFO - [G] 2025-03-07 01:04:50 :: INFO  :: TIMER :: [0004] Injected Rarity in 0.016 ms
INFO - [G] 2025-03-07 01:04:50 :: INFO  :: TIMER :: [0004] Injected ObjectType in 0.033 ms
INFO - [G] 2025-03-07 01:04:50 :: INFO  :: TIMER :: [0212] Injected Center in 2.443 ms
INFO - [G] 2025-03-07 01:04:50 :: INFO  :: TIMER :: [0007] Injected Undiscovered Sprite in 0.030 ms
INFO - [G] 2025-03-07 01:04:50 :: INFO  :: TIMER :: [0002] Injected Blind in 0.018 ms
INFO - [G] 2025-03-07 01:04:50 :: INFO  :: TIMER :: [0004] Injected Seal in 0.552 ms
INFO - [G] 2025-03-07 01:04:50 :: INFO  :: TIMER :: [0004] Injected Suit in 0.063 ms
INFO - [G] 2025-03-07 01:04:50 :: INFO  :: TIMER :: [0013] Injected Rank in 0.082 ms
INFO - [G] 2025-03-07 01:04:50 :: INFO  :: TIMER :: [0052] Injected DeckSkin in 0.292 ms
INFO - [G] 2025-03-07 01:04:50 :: INFO  :: TIMER :: [0012] Injected PokerHand in 0.113 ms
INFO - [G] 2025-03-07 01:04:50 :: INFO  :: TIMER :: [0020] Injected Challenge in 0.027 ms
INFO - [G] 2025-03-07 01:04:50 :: INFO  :: TIMER :: [0000] Injected Tag in 0.001 ms
INFO - [G] 2025-03-07 01:04:50 :: INFO  :: TIMER :: [0004] Injected Sticker in 0.093 ms
INFO - [G] 2025-03-07 01:04:50 :: INFO  :: TIMER :: [0000] Injected Shader in 0.002 ms
INFO - [G] 2025-03-07 01:04:50 :: INFO  :: TIMER :: [0001] Injected Keybind in 0.012 ms
INFO - [G] 2025-03-07 01:04:50 :: INFO  :: TIMER :: [0000] Injected Achievement in 0.021 ms
INFO - [G] 2025-03-07 01:04:50 :: INFO  :: TIMER :: [0000] Injected [INTERNAL] in 1.883 ms
INFO - [G] line not found
INFO - [G] file not found: main.lua: No such file or directory
INFO - [G] file not found: main.lua: No such file or directory
INFO - [G] file not found: main.lua: No such file or directory
INFO - [G] file not found: main.lua: No such file or directory
INFO - [G] 2025-03-07 01:05:01 :: ERROR :: StackTrace :: Oops! The game crashed
functions/misc_functions.lua:890: bad argument #1 to 'translate' (number expected, got table)
Stack Traceback
===============
(1) Lua local 'handler' at file 'main.lua:612'
	Local variables:
	 msg = string: "functions/misc_functions.lua:890: bad argument #1 to 'translate' (number expected, got table)"
	 (*temporary) = Lua function '?' (defined at line 31 of chunk [SMODS _ "src/logging.lua"])
	 (*temporary) = string: "Oops! The game crashed\
"
(2) LÖVE function at file 'boot.lua:352' (best guess)
	Local variables:
	 errhand = Lua function '?' (defined at line 598 of chunk main.lua)
	 handler = Lua function '?' (defined at line 598 of chunk main.lua)
(3) field C function 'translate'
(4) Lua global 'prep_draw' at file 'functions/misc_functions.lua:890'
	Local variables:
	 moveable = table: 0x1cd83ff0  {velocity:table: 0x1c8fbbb0, click_offset:table: 0x1c8fb430, UIT:1, children:table: 0x1cd84018 (more...)}
	 scale = number: 1
	 rotate = nil
	 offset = nil
(5) Lua method 'draw_self' at file 'engine/ui.lua:716'
	Local variables:
	 self = table: 0x1cd83ff0  {velocity:table: 0x1c8fbbb0, click_offset:table: 0x1c8fb430, UIT:1, children:table: 0x1cd84018 (more...)}
	 button_active = boolean: true
	 parallax_dist = number: 1.5
	 button_being_pressed = boolean: false
(6) Lua method 'draw_children' at file 'engine/ui.lua:541'
	Local variables:
	 self = table: 0x1cd83e50  {velocity:table: 0x1d13b450, under_overlay:false, click_offset:table: 0x1d13acd0 (more...)}
	 layer = nil
	 (for generator) = C function: next
	 (for state) = table: 0x1cd83e78  {1:table: 0x1cd83ff0}
	 (for control) = number: nan
	 k = number: 1
	 v = table: 0x1cd83ff0  {velocity:table: 0x1c8fbbb0, click_offset:table: 0x1c8fb430, UIT:1, children:table: 0x1cd84018 (more...)}
(7) Lua method 'draw_children' at file 'engine/ui.lua:542'
	Local variables:
	 self = table: 0x1cd83430  {velocity:table: 0x1d13c808, under_overlay:false, click_offset:table: 0x1d13c088 (more...)}
	 layer = nil
	 (for generator) = C function: next
	 (for state) = table: 0x1cd83458  {1:table: 0x1cd835d0, 2:table: 0x1cd83950, 3:table: 0x1cd83e50}
	 (for control) = number: nan
	 k = number: 3
	 v = table: 0x1cd83e50  {velocity:table: 0x1d13b450, under_overlay:false, click_offset:table: 0x1d13acd0 (more...)}
(8) Lua method 'draw_children' at file 'engine/ui.lua:542'
	Local variables:
	 self = table: 0x1cd82f10  {velocity:table: 0x1d13db90, under_overlay:false, click_offset:table: 0x1d13d410 (more...)}
	 layer = nil
	 (for generator) = C function: next
	 (for state) = table: 0x1cd82f38  {1:table: 0x1cd830b0, 2:table: 0x1cd83430}
	 (for control) = number: nan
	 k = number: 2
	 v = table: 0x1cd83430  {velocity:table: 0x1d13c808, under_overlay:false, click_offset:table: 0x1d13c088 (more...)}
(9) Lua method 'draw_children' at file 'engine/ui.lua:542'
	Local variables:
	 self = table: 0x1cd829f0  {velocity:table: 0x1cf16348, under_overlay:false, click_offset:table: 0x1cf15bc8 (more...)}
	 layer = nil
	 (for generator) = C function: next
	 (for state) = table: 0x1cd82a18  {1:table: 0x1cd82b90, 2:table: 0x1cd82f10}
	 (for control) = number: nan
	 k = number: 2
	 v = table: 0x1cd82f10  {velocity:table: 0x1d13db90, under_overlay:false, click_offset:table: 0x1d13d410 (more...)}
(10) Lua method 'draw_children' at file 'engine/ui.lua:542'
	Local variables:
	 self = table: 0x1c52af98  {velocity:table: 0x1cf17630, under_overlay:false, click_offset:table: 0x1cf16eb0 (more...)}
	 layer = nil
	 (for generator) = C function: next
	 (for state) = table: 0x1c52afc0  {1:table: 0x1c52b138, 2:table: 0x1cd829f0}
	 (for control) = number: nan
	 k = number: 2
	 v = table: 0x1cd829f0  {velocity:table: 0x1cf16348, under_overlay:false, click_offset:table: 0x1cf15bc8 (more...)}
(11) Lua method 'draw' at file 'engine/ui.lua:296'
	Local variables:
	 self = table: 0x1c529db0  {velocity:table: 0x1c52a5b0, temp_offs:table: 0x1cf19040, click_offset:table: 0x1c52a148 (more...)}
(12) Lua method 'draw_self' at file 'engine/ui.lua:796'
	Local variables:
	 self = table: 0x1c822070  {click_offset:table: 0x1c8229a0, children:table: 0x1c822098, parent:table: 0x1c821ed0 (more...)}
	 button_active = boolean: true
	 parallax_dist = number: 1.5
	 button_being_pressed = boolean: false
(13) Lua method 'draw_children' at file 'engine/ui.lua:541'
	Local variables:
	 self = table: 0x1c821ed0  {click_offset:table: 0x1c8d54c0, children:table: 0x1c821ef8, parent:table: 0x1c821d30 (more...)}
	 layer = nil
	 (for generator) = C function: next
	 (for state) = table: 0x1c821ef8  {1:table: 0x1c822070}
	 (for control) = number: nan
	 k = number: 1
	 v = table: 0x1c822070  {click_offset:table: 0x1c8229a0, children:table: 0x1c822098, parent:table: 0x1c821ed0 (more...)}
(14) Lua method 'draw_children' at file 'engine/ui.lua:542'
	Local variables:
	 self = table: 0x1c821d30  {click_offset:table: 0x1d15cd00, children:table: 0x1c821d58, parent:table: 0x1cb2a4e0 (more...)}
	 layer = nil
	 (for generator) = C function: next
	 (for state) = table: 0x1c821d58  {1:table: 0x1c821ed0}
	 (for control) = number: nan
	 k = number: 1
	 v = table: 0x1c821ed0  {click_offset:table: 0x1c8d54c0, children:table: 0x1c821ef8, parent:table: 0x1c821d30 (more...)}
(15) Lua method 'draw' at file 'engine/ui.lua:296'
	Local variables:
	 self = table: 0x1cb2a4e0  {click_offset:table: 0x1c7e4f40, static_rotation:false, parent:table: 0x1ca98560 (more...)}
(16) Lua method 'draw_self' at file 'engine/ui.lua:796'
	Local variables:
	 self = table: 0x1ca98560  {click_offset:table: 0x1cb265c8, children:table: 0x1ca98588, parent:table: 0x1c8c9918 (more...)}
	 button_active = boolean: true
	 parallax_dist = number: 1.5
	 button_being_pressed = boolean: false
(17) Lua method 'draw_children' at file 'engine/ui.lua:541'
	Local variables:
	 self = table: 0x1c8c9918  {click_offset:table: 0x1c547eb0, children:table: 0x1c622728, parent:table: 0x1c5fd8a0 (more...)}
	 layer = nil
	 (for generator) = C function: next
	 (for state) = table: 0x1c622728  {1:table: 0x1ca98560}
	 (for control) = number: nan
	 k = number: 1
	 v = table: 0x1ca98560  {click_offset:table: 0x1cb265c8, children:table: 0x1ca98588, parent:table: 0x1c8c9918 (more...)}
(18) Lua method 'draw_children' at file 'engine/ui.lua:542'
	Local variables:
	 self = table: 0x1c5fd8a0  {click_offset:table: 0x1d12a0e8, children:table: 0x1c629350, parent:table: 0x1ca95e50 (more...)}
	 layer = nil
	 (for generator) = C function: next
	 (for state) = table: 0x1c629350  {1:table: 0x1c8c97b0, 2:table: 0x1c8c9918}
	 (for control) = number: nan
	 k = number: 2
	 v = table: 0x1c8c9918  {click_offset:table: 0x1c547eb0, children:table: 0x1c622728, parent:table: 0x1c5fd8a0 (more...)}
(19) Lua method 'draw_children' at file 'engine/ui.lua:542'
	Local variables:
	 self = table: 0x1ca95e50  {click_offset:table: 0x1c83b068, children:table: 0x1ca95e78, parent:table: 0x1c5b2088 (more...)}
	 layer = nil
	 (for generator) = C function: next
	 (for state) = table: 0x1ca95e78  {1:table: 0x1c5fd8a0}
	 (for control) = number: nan
	 k = number: 1
	 v = table: 0x1c5fd8a0  {click_offset:table: 0x1d12a0e8, children:table: 0x1c629350, parent:table: 0x1ca95e50 (more...)}
(20) Lua method 'draw_children' at file 'engine/ui.lua:542'
	Local variables:
	 self = table: 0x1c5b2088  {click_offset:table: 0x1c34ac50, children:table: 0x1c5b20b0, parent:table: 0x1d19e190 (more...)}
	 layer = nil
	 (for generator) = C function: next
	 (for state) = table: 0x1c5b20b0  {1:table: 0x1c5b21f0, 2:table: 0x1ca95e50, 3:table: 0x1d76a0c8, 4:table: 0x1c336548 (more...)}
	 (for control) = number: nan
	 k = number: 2
	 v = table: 0x1ca95e50  {click_offset:table: 0x1c83b068, children:table: 0x1ca95e78, parent:table: 0x1c5b2088 (more...)}
(21) Lua method 'draw' at file 'engine/ui.lua:296'
	Local variables:
	 self = table: 0x1d19e190  {click_offset:table: 0x1c5e88c8, children:table: 0x1c5ea718, parent:table: 0x1cd81a40 (more...)}
(22) Lua method 'draw_self' at file 'engine/ui.lua:796'
	Local variables:
	 self = table: 0x1cd81a40  {click_offset:table: 0x1c93ab08, children:table: 0x1cd81a68, parent:table: 0x1cd818a0 (more...)}
	 button_active = boolean: true
	 parallax_dist = number: 1.5
	 button_being_pressed = boolean: false
(23) Lua method 'draw_children' at file 'engine/ui.lua:541'
	Local variables:
	 self = table: 0x1cd818a0  {click_offset:table: 0x1c93bfd0, children:table: 0x1cd818c8, parent:table: 0x1c9367a8 (more...)}
	 layer = nil
	 (for generator) = C function: next
	 (for state) = table: 0x1cd818c8  {1:table: 0x1cd81a40}
	 (for control) = number: nan
	 k = number: 1
	 v = table: 0x1cd81a40  {click_offset:table: 0x1c93ab08, children:table: 0x1cd81a68, parent:table: 0x1cd818a0 (more...)}
(24) Lua method 'draw_children' at file 'engine/ui.lua:542'
	Local variables:
	 self = table: 0x1c9367a8  {click_offset:table: 0x1c449db8, children:table: 0x1c936870, parent:table: 0x1c8fda30 (more...)}
	 layer = nil
	 (for generator) = C function: next
	 (for state) = table: 0x1c936870  {1:table: 0x1c9369e8, 2:table: 0x1cd818a0}
	 (for control) = number: nan
	 k = number: 2
	 v = table: 0x1cd818a0  {click_offset:table: 0x1c93bfd0, children:table: 0x1cd818c8, parent:table: 0x1c9367a8 (more...)}
(25) Lua method 'draw_children' at file 'engine/ui.lua:542'
	Local variables:
	 self = table: 0x1c8fda30  {click_offset:table: 0x1c7b05a8, children:table: 0x1c936630, parent:table: 0x1c8fd750 (more...)}
	 layer = nil
	 (for generator) = C function: next
	 (for state) = table: 0x1c936630  {1:table: 0x1c9367a8}
	 (for control) = number: nan
	 k = number: 1
	 v = table: 0x1c9367a8  {click_offset:table: 0x1c449db8, children:table: 0x1c936870, parent:table: 0x1c8fda30 (more...)}
(26) Lua method 'draw' at file 'engine/ui.lua:299'
	Local variables:
	 self = table: 0x1d195df8  {click_offset:table: 0x1c8fd970, children:table: 0x1c8fde48, CALCING:true (more...)}
	 (for generator) = C function: builtin#6
	 (for state) = table: 0x1c8fe710  {1:table: 0x1c8fda30}
	 (for control) = number: 1
	 k = number: 1
	 v = table: 0x1c8fda30  {click_offset:table: 0x1c7b05a8, children:table: 0x1c936630, parent:table: 0x1c8fd750 (more...)}
(27) Lua method 'draw' at file 'game.lua:2900'
	Local variables:
	 self = table: 0x1c0166b0  {F_GUIDE:false, F_CRASH_REPORTS:false, F_QUIT_BUTTON:true, F_ENGLISH_ONLY:false (more...)}
(28) Lua field 'draw' at file 'main.lua:998'
(29) Lua function '?' at file 'main.lua:934' (best guess)
(30) global C function 'xpcall'
(31) LÖVE function at file 'boot.lua:377' (best guess)
	Local variables:
	 func = Lua function '?' (defined at line 902 of chunk main.lua)
	 inerror = boolean: true
	 deferErrhand = Lua function '(LÖVE Function)' (defined at line 348 of chunk [love "boot.lua"])
	 earlyinit = Lua function '(LÖVE Function)' (defined at line 355 of chunk [love "boot.lua"])

INFO - [G] file not found: main.lua: No such file or directory
INFO - [G] file not found: main.lua: No such file or directory
INFO - [G] 2025-03-07 01:05:01 :: INFO  :: StackTrace :: Additional Context:
Balatro Version: 1.0.1o-FULL
Modded Version: 1.0.0~ALPHA-1409a-STEAMODDED
LÖVE Version: 11.5.0
Lovely Version: 0.7.1
Platform: Windows
Steamodded Mods:
    1: Zero Bullitro by BitBites [ID: 0Bullitro, Version: 1.0]
    2: Preorder Cards by asd123cqp [ID: preorder_cards]
    3: Aura by MathIsFun_, ChromaPIE, Bard, Grassy311, RattlingSnow353, Solace, RadicaAprils, chloe_cromslor [ID: Aura, Version: 0.023, Uses Lovely]
    4: Hentai Cards by Makubex77, Pheubel (Code) [ID: HentaiCards, Version: 1.1]
    5: Vintage Pinup Cards by NoScope1080 [ID: VintagePinupCards]
    6: Stickface Deck by Stickface [ID: StickfaceNSFWDeck, Version: 1.0.0]
    7: Balustro by someone23832 [ID: Balustro, Priority: -20, Version: 0.12, Uses Lovely]
Lovely Mods:
